Dataset loaded from S3 with s3fs and Pyfive: bnl/ch330a.pc19790301-def.nc (0.22,1.3)
{'load nc time': 1.704000473022461, 'args': ((0, 0, slice(0, 960, None), slice(None, None, None)),), 'dataset shape': (40, 11, 1921, 2560), 'dataset chunks': (7, 1, 385, 512), 'indexing time (s)': 7.257115364074707, 'chunk number': 1650, 'reduction time (s)': 1.0399348735809326, 'chunks processed': 15, 'storage read (B)': 29685482, 'selection 1 time (s)': 8.297322273254395}
{'args': ((1, 0, slice(0, 960, None), slice(None, None, None)),), 'dataset shape': (40, 11, 1921, 2560), 'dataset chunks': (7, 1, 385, 512), 'indexing time (s)': 1.430511474609375e-06, 'chunk number': 1650, 'reduction time (s)': 0.9331076145172119, 'chunks processed': 15, 'storage read (B)': 29685482, 'selection 1 time (s)': 0.9333419799804688}
{'args': ((2, 0, slice(0, 960, None), slice(None, None, None)),), 'dataset shape': (40, 11, 1921, 2560), 'dataset chunks': (7, 1, 385, 512), 'indexing time (s)': 1.6689300537109375e-06, 'chunk number': 1650, 'reduction time (s)': 0.9861435890197754, 'chunks processed': 15, 'storage read (B)': 29685482, 'selection 1 time (s)': 0.9864077568054199}
{'args': ((3, 0, slice(0, 960, None), slice(None, None, None)),), 'dataset shape': (40, 11, 1921, 2560), 'dataset chunks': (7, 1, 385, 512), 'indexing time (s)': 1.6689300537109375e-06, 'chunk number': 1650, 'reduction time (s)': 1.1248013973236084, 'chunks processed': 15, 'storage read (B)': 29685482, 'selection 1 time (s)': 1.1250731945037842}
{'args': ((4, 0, slice(0, 960, None), slice(None, None, None)),), 'dataset shape': (40, 11, 1921, 2560), 'dataset chunks': (7, 1, 385, 512), 'indexing time (s)': 1.430511474609375e-06, 'chunk number': 1650, 'reduction time (s)': 1.2587313652038574, 'chunks processed': 15, 'storage read (B)': 29685482, 'selection 1 time (s)': 1.258976697921753}
{'args': ((5, 0, slice(0, 960, None), slice(None, None, None)),), 'dataset shape': (40, 11, 1921, 2560), 'dataset chunks': (7, 1, 385, 512), 'indexing time (s)': 1.6689300537109375e-06, 'chunk number': 1650, 'reduction time (s)': 0.894618034362793, 'chunks processed': 15, 'storage read (B)': 29685482, 'selection 1 time (s)': 0.8948373794555664}
{'args': ((6, 0, slice(0, 960, None), slice(None, None, None)),), 'dataset shape': (40, 11, 1921, 2560), 'dataset chunks': (7, 1, 385, 512), 'indexing time (s)': 1.430511474609375e-06, 'chunk number': 1650, 'reduction time (s)': 0.9962997436523438, 'chunks processed': 15, 'storage read (B)': 29685482, 'selection 1 time (s)': 0.9965529441833496}
{'args': ((7, 0, slice(0, 960, None), slice(None, None, None)),), 'dataset shape': (40, 11, 1921, 2560), 'dataset chunks': (7, 1, 385, 512), 'indexing time (s)': 1.430511474609375e-06, 'chunk number': 1650, 'reduction time (s)': 1.7034108638763428, 'chunks processed': 15, 'storage read (B)': 29701892, 'selection 1 time (s)': 1.703636646270752}
{'args': ((8, 0, slice(0, 960, None), slice(None, None, None)),), 'dataset shape': (40, 11, 1921, 2560), 'dataset chunks': (7, 1, 385, 512), 'indexing time (s)': 1.9073486328125e-06, 'chunk number': 1650, 'reduction time (s)': 0.9740688800811768, 'chunks processed': 15, 'storage read (B)': 29701892, 'selection 1 time (s)': 0.9743144512176514}
{'args': ((9, 0, slice(0, 960, None), slice(None, None, None)),), 'dataset shape': (40, 11, 1921, 2560), 'dataset chunks': (7, 1, 385, 512), 'indexing time (s)': 1.6689300537109375e-06, 'chunk number': 1650, 'reduction time (s)': 0.8595972061157227, 'chunks processed': 15, 'storage read (B)': 29701892, 'selection 1 time (s)': 0.8598318099975586}
{'args': ((10, 0, slice(0, 960, None), slice(None, None, None)),), 'dataset shape': (40, 11, 1921, 2560), 'dataset chunks': (7, 1, 385, 512), 'indexing time (s)': 1.6689300537109375e-06, 'chunk number': 1650, 'reduction time (s)': 1.0041446685791016, 'chunks processed': 15, 'storage read (B)': 29701892, 'selection 1 time (s)': 1.004366397857666}
{'args': ((11, 0, slice(0, 960, None), slice(None, None, None)),), 'dataset shape': (40, 11, 1921, 2560), 'dataset chunks': (7, 1, 385, 512), 'indexing time (s)': 1.430511474609375e-06, 'chunk number': 1650, 'reduction time (s)': 1.2792329788208008, 'chunks processed': 15, 'storage read (B)': 29701892, 'selection 1 time (s)': 1.2794761657714844}
{'args': ((12, 0, slice(0, 960, None), slice(None, None, None)),), 'dataset shape': (40, 11, 1921, 2560), 'dataset chunks': (7, 1, 385, 512), 'indexing time (s)': 1.430511474609375e-06, 'chunk number': 1650, 'reduction time (s)': 1.0394628047943115, 'chunks processed': 15, 'storage read (B)': 29701892, 'selection 1 time (s)': 1.039689064025879}
{'args': ((13, 0, slice(0, 960, None), slice(None, None, None)),), 'dataset shape': (40, 11, 1921, 2560), 'dataset chunks': (7, 1, 385, 512), 'indexing time (s)': 1.430511474609375e-06, 'chunk number': 1650, 'reduction time (s)': 1.2697117328643799, 'chunks processed': 15, 'storage read (B)': 29701892, 'selection 1 time (s)': 1.2699432373046875}
{'args': ((14, 0, slice(0, 960, None), slice(None, None, None)),), 'dataset shape': (40, 11, 1921, 2560), 'dataset chunks': (7, 1, 385, 512), 'indexing time (s)': 1.6689300537109375e-06, 'chunk number': 1650, 'reduction time (s)': 1.2975177764892578, 'chunks processed': 15, 'storage read (B)': 29733505, 'selection 1 time (s)': 1.297762393951416}
{'args': ((15, 0, slice(0, 960, None), slice(None, None, None)),), 'dataset shape': (40, 11, 1921, 2560), 'dataset chunks': (7, 1, 385, 512), 'indexing time (s)': 1.6689300537109375e-06, 'chunk number': 1650, 'reduction time (s)': 1.2228798866271973, 'chunks processed': 15, 'storage read (B)': 29733505, 'selection 1 time (s)': 1.2231297492980957}
{'args': ((16, 0, slice(0, 960, None), slice(None, None, None)),), 'dataset shape': (40, 11, 1921, 2560), 'dataset chunks': (7, 1, 385, 512), 'indexing time (s)': 1.6689300537109375e-06, 'chunk number': 1650, 'reduction time (s)': 1.100590705871582, 'chunks processed': 15, 'storage read (B)': 29733505, 'selection 1 time (s)': 1.1008524894714355}
{'args': ((17, 0, slice(0, 960, None), slice(None, None, None)),), 'dataset shape': (40, 11, 1921, 2560), 'dataset chunks': (7, 1, 385, 512), 'indexing time (s)': 1.6689300537109375e-06, 'chunk number': 1650, 'reduction time (s)': 1.0177903175354004, 'chunks processed': 15, 'storage read (B)': 29733505, 'selection 1 time (s)': 1.0180487632751465}
{'args': ((18, 0, slice(0, 960, None), slice(None, None, None)),), 'dataset shape': (40, 11, 1921, 2560), 'dataset chunks': (7, 1, 385, 512), 'indexing time (s)': 1.6689300537109375e-06, 'chunk number': 1650, 'reduction time (s)': 1.0962152481079102, 'chunks processed': 15, 'storage read (B)': 29733505, 'selection 1 time (s)': 1.0964841842651367}
{'args': ((19, 0, slice(0, 960, None), slice(None, None, None)),), 'dataset shape': (40, 11, 1921, 2560), 'dataset chunks': (7, 1, 385, 512), 'indexing time (s)': 2.6226043701171875e-06, 'chunk number': 1650, 'reduction time (s)': 1.0547473430633545, 'chunks processed': 15, 'storage read (B)': 29733505, 'selection 1 time (s)': 1.055051326751709}
{'args': ((20, 0, slice(0, 960, None), slice(None, None, None)),), 'dataset shape': (40, 11, 1921, 2560), 'dataset chunks': (7, 1, 385, 512), 'indexing time (s)': 1.430511474609375e-06, 'chunk number': 1650, 'reduction time (s)': 0.9973528385162354, 'chunks processed': 15, 'storage read (B)': 29733505, 'selection 1 time (s)': 0.9976010322570801}
{'args': ((21, 0, slice(0, 960, None), slice(None, None, None)),), 'dataset shape': (40, 11, 1921, 2560), 'dataset chunks': (7, 1, 385, 512), 'indexing time (s)': 1.9073486328125e-06, 'chunk number': 1650, 'reduction time (s)': 1.2718050479888916, 'chunks processed': 15, 'storage read (B)': 29686785, 'selection 1 time (s)': 1.2720677852630615}
{'args': ((22, 0, slice(0, 960, None), slice(None, None, None)),), 'dataset shape': (40, 11, 1921, 2560), 'dataset chunks': (7, 1, 385, 512), 'indexing time (s)': 1.6689300537109375e-06, 'chunk number': 1650, 'reduction time (s)': 1.274226188659668, 'chunks processed': 15, 'storage read (B)': 29686785, 'selection 1 time (s)': 1.2745110988616943}
{'args': ((23, 0, slice(0, 960, None), slice(None, None, None)),), 'dataset shape': (40, 11, 1921, 2560), 'dataset chunks': (7, 1, 385, 512), 'indexing time (s)': 1.6689300537109375e-06, 'chunk number': 1650, 'reduction time (s)': 1.0644264221191406, 'chunks processed': 15, 'storage read (B)': 29686785, 'selection 1 time (s)': 1.0647249221801758}
{'args': ((24, 0, slice(0, 960, None), slice(None, None, None)),), 'dataset shape': (40, 11, 1921, 2560), 'dataset chunks': (7, 1, 385, 512), 'indexing time (s)': 1.9073486328125e-06, 'chunk number': 1650, 'reduction time (s)': 0.8940286636352539, 'chunks processed': 15, 'storage read (B)': 29686785, 'selection 1 time (s)': 0.8943405151367188}
{'args': ((25, 0, slice(0, 960, None), slice(None, None, None)),), 'dataset shape': (40, 11, 1921, 2560), 'dataset chunks': (7, 1, 385, 512), 'indexing time (s)': 2.384185791015625e-06, 'chunk number': 1650, 'reduction time (s)': 1.0368123054504395, 'chunks processed': 15, 'storage read (B)': 29686785, 'selection 1 time (s)': 1.0371708869934082}
{'args': ((26, 0, slice(0, 960, None), slice(None, None, None)),), 'dataset shape': (40, 11, 1921, 2560), 'dataset chunks': (7, 1, 385, 512), 'indexing time (s)': 2.1457672119140625e-06, 'chunk number': 1650, 'reduction time (s)': 0.7542085647583008, 'chunks processed': 15, 'storage read (B)': 29686785, 'selection 1 time (s)': 0.7545301914215088}
{'args': ((27, 0, slice(0, 960, None), slice(None, None, None)),), 'dataset shape': (40, 11, 1921, 2560), 'dataset chunks': (7, 1, 385, 512), 'indexing time (s)': 2.1457672119140625e-06, 'chunk number': 1650, 'reduction time (s)': 0.8110363483428955, 'chunks processed': 15, 'storage read (B)': 29686785, 'selection 1 time (s)': 0.8113663196563721}
{'args': ((28, 0, slice(0, 960, None), slice(None, None, None)),), 'dataset shape': (40, 11, 1921, 2560), 'dataset chunks': (7, 1, 385, 512), 'indexing time (s)': 2.6226043701171875e-06, 'chunk number': 1650, 'reduction time (s)': 0.78590989112854, 'chunks processed': 15, 'storage read (B)': 29670387, 'selection 1 time (s)': 0.7862963676452637}
{'args': ((29, 0, slice(0, 960, None), slice(None, None, None)),), 'dataset shape': (40, 11, 1921, 2560), 'dataset chunks': (7, 1, 385, 512), 'indexing time (s)': 2.1457672119140625e-06, 'chunk number': 1650, 'reduction time (s)': 0.8730678558349609, 'chunks processed': 15, 'storage read (B)': 29670387, 'selection 1 time (s)': 0.8733716011047363}
{'args': ((30, 0, slice(0, 960, None), slice(None, None, None)),), 'dataset shape': (40, 11, 1921, 2560), 'dataset chunks': (7, 1, 385, 512), 'indexing time (s)': 2.384185791015625e-06, 'chunk number': 1650, 'reduction time (s)': 0.8256266117095947, 'chunks processed': 15, 'storage read (B)': 29670387, 'selection 1 time (s)': 0.825939416885376}
{'args': ((31, 0, slice(0, 960, None), slice(None, None, None)),), 'dataset shape': (40, 11, 1921, 2560), 'dataset chunks': (7, 1, 385, 512), 'indexing time (s)': 2.384185791015625e-06, 'chunk number': 1650, 'reduction time (s)': 0.9448692798614502, 'chunks processed': 15, 'storage read (B)': 29670387, 'selection 1 time (s)': 0.9452159404754639}
{'args': ((32, 0, slice(0, 960, None), slice(None, None, None)),), 'dataset shape': (40, 11, 1921, 2560), 'dataset chunks': (7, 1, 385, 512), 'indexing time (s)': 2.384185791015625e-06, 'chunk number': 1650, 'reduction time (s)': 0.9001176357269287, 'chunks processed': 15, 'storage read (B)': 29670387, 'selection 1 time (s)': 0.9004621505737305}
{'args': ((33, 0, slice(0, 960, None), slice(None, None, None)),), 'dataset shape': (40, 11, 1921, 2560), 'dataset chunks': (7, 1, 385, 512), 'indexing time (s)': 1.9073486328125e-06, 'chunk number': 1650, 'reduction time (s)': 0.9649629592895508, 'chunks processed': 15, 'storage read (B)': 29670387, 'selection 1 time (s)': 0.9652535915374756}
{'args': ((34, 0, slice(0, 960, None), slice(None, None, None)),), 'dataset shape': (40, 11, 1921, 2560), 'dataset chunks': (7, 1, 385, 512), 'indexing time (s)': 1.6689300537109375e-06, 'chunk number': 1650, 'reduction time (s)': 0.8711354732513428, 'chunks processed': 15, 'storage read (B)': 29670387, 'selection 1 time (s)': 0.871368408203125}
{'args': ((35, 0, slice(0, 960, None), slice(None, None, None)),), 'dataset shape': (40, 11, 1921, 2560), 'dataset chunks': (7, 1, 385, 512), 'indexing time (s)': 2.1457672119140625e-06, 'chunk number': 1650, 'reduction time (s)': 0.9724183082580566, 'chunks processed': 15, 'storage read (B)': 21287473, 'selection 1 time (s)': 0.9726462364196777}
{'args': ((36, 0, slice(0, 960, None), slice(None, None, None)),), 'dataset shape': (40, 11, 1921, 2560), 'dataset chunks': (7, 1, 385, 512), 'indexing time (s)': 1.9073486328125e-06, 'chunk number': 1650, 'reduction time (s)': 0.9952042102813721, 'chunks processed': 15, 'storage read (B)': 21287473, 'selection 1 time (s)': 0.9954564571380615}
{'args': ((37, 0, slice(0, 960, None), slice(None, None, None)),), 'dataset shape': (40, 11, 1921, 2560), 'dataset chunks': (7, 1, 385, 512), 'indexing time (s)': 1.430511474609375e-06, 'chunk number': 1650, 'reduction time (s)': 0.8326239585876465, 'chunks processed': 15, 'storage read (B)': 21287473, 'selection 1 time (s)': 0.8328800201416016}
{'args': ((38, 0, slice(0, 960, None), slice(None, None, None)),), 'dataset shape': (40, 11, 1921, 2560), 'dataset chunks': (7, 1, 385, 512), 'indexing time (s)': 1.6689300537109375e-06, 'chunk number': 1650, 'reduction time (s)': 0.8990499973297119, 'chunks processed': 15, 'storage read (B)': 21287473, 'selection 1 time (s)': 0.8992946147918701}
{'args': ((39, 0, slice(0, 960, None), slice(None, None, None)),), 'dataset shape': (40, 11, 1921, 2560), 'dataset chunks': (7, 1, 385, 512), 'indexing time (s)': 1.6689300537109375e-06, 'chunk number': 1650, 'reduction time (s)': 0.9679498672485352, 'chunks processed': 15, 'storage read (B)': 21287473, 'selection 1 time (s)': 0.9682581424713135}
[[226.07815104]
 [226.06473958]
 [225.93765625]
 [225.90807292]
 [225.91739583]
 [225.88453125]
 [225.82075521]
 [225.85440104]
 [225.98325521]
 [226.03804687]
 [226.01315104]
 [226.02330729]
 [226.03768229]
 [226.00476563]
 [225.91763021]
 [225.94033854]
 [225.98723958]
 [225.9146875 ]
 [225.81244792]
 [225.81869792]
 [225.84526042]
 [225.78497396]
 [225.63648438]
 [225.55653646]
 [225.45736979]
 [225.32369792]
 [225.16325521]
 [225.07794271]
 [225.0784375 ]
 [225.10664063]
 [225.17606771]
 [225.36877604]
 [225.57908854]
 [225.69080729]
 [225.72231771]
 [225.82367188]
 [225.93658854]
 [225.96763021]
 [225.91864583]
 [225.92247396]]
Summary:  Sc4:Local (T100,BS1): 1.7s,41.09s,50.07s
