Dataset loaded from S3 with s3fs and Pyfive: bnl/ch330a.pc19790301-def.nc (1.4,1.5)
{'load nc time': 3.1825480461120605, 'args': ((0, 0, slice(0, 960, None), slice(None, None, None)),), 'dataset shape': (40, 11, 1921, 2560), 'dataset chunks': (7, 1, 385, 512), 'indexing time (s)': 7.272335052490234, 'chunk number': 1650, 'reduction time (s)': 3.9308788776397705, 'chunks processed': 15, 'storage read (B)': 29685482, 'selection 1 time (s)': 11.203504085540771}
{'args': ((1, 0, slice(0, 960, None), slice(None, None, None)),), 'dataset shape': (40, 11, 1921, 2560), 'dataset chunks': (7, 1, 385, 512), 'indexing time (s)': 2.1457672119140625e-06, 'chunk number': 1650, 'reduction time (s)': 3.962653160095215, 'chunks processed': 15, 'storage read (B)': 29685482, 'selection 1 time (s)': 3.962850570678711}
{'args': ((2, 0, slice(0, 960, None), slice(None, None, None)),), 'dataset shape': (40, 11, 1921, 2560), 'dataset chunks': (7, 1, 385, 512), 'indexing time (s)': 1.9073486328125e-06, 'chunk number': 1650, 'reduction time (s)': 4.09978461265564, 'chunks processed': 15, 'storage read (B)': 29685482, 'selection 1 time (s)': 4.09997296333313}
{'args': ((3, 0, slice(0, 960, None), slice(None, None, None)),), 'dataset shape': (40, 11, 1921, 2560), 'dataset chunks': (7, 1, 385, 512), 'indexing time (s)': 1.6689300537109375e-06, 'chunk number': 1650, 'reduction time (s)': 4.243052244186401, 'chunks processed': 15, 'storage read (B)': 29685482, 'selection 1 time (s)': 4.243257522583008}
{'args': ((4, 0, slice(0, 960, None), slice(None, None, None)),), 'dataset shape': (40, 11, 1921, 2560), 'dataset chunks': (7, 1, 385, 512), 'indexing time (s)': 2.1457672119140625e-06, 'chunk number': 1650, 'reduction time (s)': 3.93898344039917, 'chunks processed': 15, 'storage read (B)': 29685482, 'selection 1 time (s)': 3.93920636177063}
{'args': ((5, 0, slice(0, 960, None), slice(None, None, None)),), 'dataset shape': (40, 11, 1921, 2560), 'dataset chunks': (7, 1, 385, 512), 'indexing time (s)': 1.6689300537109375e-06, 'chunk number': 1650, 'reduction time (s)': 4.092207431793213, 'chunks processed': 15, 'storage read (B)': 29685482, 'selection 1 time (s)': 4.092396020889282}
{'args': ((6, 0, slice(0, 960, None), slice(None, None, None)),), 'dataset shape': (40, 11, 1921, 2560), 'dataset chunks': (7, 1, 385, 512), 'indexing time (s)': 1.6689300537109375e-06, 'chunk number': 1650, 'reduction time (s)': 4.105170965194702, 'chunks processed': 15, 'storage read (B)': 29685482, 'selection 1 time (s)': 4.105358123779297}
{'args': ((7, 0, slice(0, 960, None), slice(None, None, None)),), 'dataset shape': (40, 11, 1921, 2560), 'dataset chunks': (7, 1, 385, 512), 'indexing time (s)': 1.9073486328125e-06, 'chunk number': 1650, 'reduction time (s)': 4.019756078720093, 'chunks processed': 15, 'storage read (B)': 29701892, 'selection 1 time (s)': 4.0199761390686035}
{'args': ((8, 0, slice(0, 960, None), slice(None, None, None)),), 'dataset shape': (40, 11, 1921, 2560), 'dataset chunks': (7, 1, 385, 512), 'indexing time (s)': 1.6689300537109375e-06, 'chunk number': 1650, 'reduction time (s)': 4.103849172592163, 'chunks processed': 15, 'storage read (B)': 29701892, 'selection 1 time (s)': 4.1040380001068115}
{'args': ((9, 0, slice(0, 960, None), slice(None, None, None)),), 'dataset shape': (40, 11, 1921, 2560), 'dataset chunks': (7, 1, 385, 512), 'indexing time (s)': 1.430511474609375e-06, 'chunk number': 1650, 'reduction time (s)': 4.461772918701172, 'chunks processed': 15, 'storage read (B)': 29701892, 'selection 1 time (s)': 4.46200156211853}
{'args': ((10, 0, slice(0, 960, None), slice(None, None, None)),), 'dataset shape': (40, 11, 1921, 2560), 'dataset chunks': (7, 1, 385, 512), 'indexing time (s)': 2.384185791015625e-06, 'chunk number': 1650, 'reduction time (s)': 4.163242340087891, 'chunks processed': 15, 'storage read (B)': 29701892, 'selection 1 time (s)': 4.163502216339111}
{'args': ((11, 0, slice(0, 960, None), slice(None, None, None)),), 'dataset shape': (40, 11, 1921, 2560), 'dataset chunks': (7, 1, 385, 512), 'indexing time (s)': 2.1457672119140625e-06, 'chunk number': 1650, 'reduction time (s)': 3.7596819400787354, 'chunks processed': 15, 'storage read (B)': 29701892, 'selection 1 time (s)': 3.7598860263824463}
{'args': ((12, 0, slice(0, 960, None), slice(None, None, None)),), 'dataset shape': (40, 11, 1921, 2560), 'dataset chunks': (7, 1, 385, 512), 'indexing time (s)': 1.430511474609375e-06, 'chunk number': 1650, 'reduction time (s)': 4.067219495773315, 'chunks processed': 15, 'storage read (B)': 29701892, 'selection 1 time (s)': 4.067417621612549}
{'args': ((13, 0, slice(0, 960, None), slice(None, None, None)),), 'dataset shape': (40, 11, 1921, 2560), 'dataset chunks': (7, 1, 385, 512), 'indexing time (s)': 1.430511474609375e-06, 'chunk number': 1650, 'reduction time (s)': 3.898146152496338, 'chunks processed': 15, 'storage read (B)': 29701892, 'selection 1 time (s)': 3.8983469009399414}
{'args': ((14, 0, slice(0, 960, None), slice(None, None, None)),), 'dataset shape': (40, 11, 1921, 2560), 'dataset chunks': (7, 1, 385, 512), 'indexing time (s)': 1.6689300537109375e-06, 'chunk number': 1650, 'reduction time (s)': 3.789919853210449, 'chunks processed': 15, 'storage read (B)': 29733505, 'selection 1 time (s)': 3.7901158332824707}
{'args': ((15, 0, slice(0, 960, None), slice(None, None, None)),), 'dataset shape': (40, 11, 1921, 2560), 'dataset chunks': (7, 1, 385, 512), 'indexing time (s)': 1.430511474609375e-06, 'chunk number': 1650, 'reduction time (s)': 3.7639999389648438, 'chunks processed': 15, 'storage read (B)': 29733505, 'selection 1 time (s)': 3.7641961574554443}
{'args': ((16, 0, slice(0, 960, None), slice(None, None, None)),), 'dataset shape': (40, 11, 1921, 2560), 'dataset chunks': (7, 1, 385, 512), 'indexing time (s)': 1.430511474609375e-06, 'chunk number': 1650, 'reduction time (s)': 3.94953989982605, 'chunks processed': 15, 'storage read (B)': 29733505, 'selection 1 time (s)': 3.949730634689331}
{'args': ((17, 0, slice(0, 960, None), slice(None, None, None)),), 'dataset shape': (40, 11, 1921, 2560), 'dataset chunks': (7, 1, 385, 512), 'indexing time (s)': 1.430511474609375e-06, 'chunk number': 1650, 'reduction time (s)': 4.391551494598389, 'chunks processed': 15, 'storage read (B)': 29733505, 'selection 1 time (s)': 4.391737937927246}
{'args': ((18, 0, slice(0, 960, None), slice(None, None, None)),), 'dataset shape': (40, 11, 1921, 2560), 'dataset chunks': (7, 1, 385, 512), 'indexing time (s)': 1.6689300537109375e-06, 'chunk number': 1650, 'reduction time (s)': 4.140320777893066, 'chunks processed': 15, 'storage read (B)': 29733505, 'selection 1 time (s)': 4.140506029129028}
{'args': ((19, 0, slice(0, 960, None), slice(None, None, None)),), 'dataset shape': (40, 11, 1921, 2560), 'dataset chunks': (7, 1, 385, 512), 'indexing time (s)': 1.430511474609375e-06, 'chunk number': 1650, 'reduction time (s)': 4.085698127746582, 'chunks processed': 15, 'storage read (B)': 29733505, 'selection 1 time (s)': 4.085888624191284}
{'args': ((20, 0, slice(0, 960, None), slice(None, None, None)),), 'dataset shape': (40, 11, 1921, 2560), 'dataset chunks': (7, 1, 385, 512), 'indexing time (s)': 1.9073486328125e-06, 'chunk number': 1650, 'reduction time (s)': 4.150512933731079, 'chunks processed': 15, 'storage read (B)': 29733505, 'selection 1 time (s)': 4.150704622268677}
{'args': ((21, 0, slice(0, 960, None), slice(None, None, None)),), 'dataset shape': (40, 11, 1921, 2560), 'dataset chunks': (7, 1, 385, 512), 'indexing time (s)': 1.6689300537109375e-06, 'chunk number': 1650, 'reduction time (s)': 3.9402999877929688, 'chunks processed': 15, 'storage read (B)': 29686785, 'selection 1 time (s)': 3.940495014190674}
{'args': ((22, 0, slice(0, 960, None), slice(None, None, None)),), 'dataset shape': (40, 11, 1921, 2560), 'dataset chunks': (7, 1, 385, 512), 'indexing time (s)': 1.9073486328125e-06, 'chunk number': 1650, 'reduction time (s)': 3.9951484203338623, 'chunks processed': 15, 'storage read (B)': 29686785, 'selection 1 time (s)': 3.9953291416168213}
{'args': ((23, 0, slice(0, 960, None), slice(None, None, None)),), 'dataset shape': (40, 11, 1921, 2560), 'dataset chunks': (7, 1, 385, 512), 'indexing time (s)': 1.430511474609375e-06, 'chunk number': 1650, 'reduction time (s)': 3.9931747913360596, 'chunks processed': 15, 'storage read (B)': 29686785, 'selection 1 time (s)': 3.9933643341064453}
{'args': ((24, 0, slice(0, 960, None), slice(None, None, None)),), 'dataset shape': (40, 11, 1921, 2560), 'dataset chunks': (7, 1, 385, 512), 'indexing time (s)': 1.6689300537109375e-06, 'chunk number': 1650, 'reduction time (s)': 4.039156436920166, 'chunks processed': 15, 'storage read (B)': 29686785, 'selection 1 time (s)': 4.039378643035889}
{'args': ((25, 0, slice(0, 960, None), slice(None, None, None)),), 'dataset shape': (40, 11, 1921, 2560), 'dataset chunks': (7, 1, 385, 512), 'indexing time (s)': 1.9073486328125e-06, 'chunk number': 1650, 'reduction time (s)': 3.924351453781128, 'chunks processed': 15, 'storage read (B)': 29686785, 'selection 1 time (s)': 3.9245402812957764}
{'args': ((26, 0, slice(0, 960, None), slice(None, None, None)),), 'dataset shape': (40, 11, 1921, 2560), 'dataset chunks': (7, 1, 385, 512), 'indexing time (s)': 2.384185791015625e-06, 'chunk number': 1650, 'reduction time (s)': 4.036102533340454, 'chunks processed': 15, 'storage read (B)': 29686785, 'selection 1 time (s)': 4.036354064941406}
{'args': ((27, 0, slice(0, 960, None), slice(None, None, None)),), 'dataset shape': (40, 11, 1921, 2560), 'dataset chunks': (7, 1, 385, 512), 'indexing time (s)': 2.1457672119140625e-06, 'chunk number': 1650, 'reduction time (s)': 4.393187046051025, 'chunks processed': 15, 'storage read (B)': 29686785, 'selection 1 time (s)': 4.393381834030151}
{'args': ((28, 0, slice(0, 960, None), slice(None, None, None)),), 'dataset shape': (40, 11, 1921, 2560), 'dataset chunks': (7, 1, 385, 512), 'indexing time (s)': 1.6689300537109375e-06, 'chunk number': 1650, 'reduction time (s)': 4.204737424850464, 'chunks processed': 15, 'storage read (B)': 29670387, 'selection 1 time (s)': 4.204920291900635}
{'args': ((29, 0, slice(0, 960, None), slice(None, None, None)),), 'dataset shape': (40, 11, 1921, 2560), 'dataset chunks': (7, 1, 385, 512), 'indexing time (s)': 1.9073486328125e-06, 'chunk number': 1650, 'reduction time (s)': 4.063753604888916, 'chunks processed': 15, 'storage read (B)': 29670387, 'selection 1 time (s)': 4.063937664031982}
{'args': ((30, 0, slice(0, 960, None), slice(None, None, None)),), 'dataset shape': (40, 11, 1921, 2560), 'dataset chunks': (7, 1, 385, 512), 'indexing time (s)': 2.1457672119140625e-06, 'chunk number': 1650, 'reduction time (s)': 3.8974392414093018, 'chunks processed': 15, 'storage read (B)': 29670387, 'selection 1 time (s)': 3.8976335525512695}
{'args': ((31, 0, slice(0, 960, None), slice(None, None, None)),), 'dataset shape': (40, 11, 1921, 2560), 'dataset chunks': (7, 1, 385, 512), 'indexing time (s)': 2.1457672119140625e-06, 'chunk number': 1650, 'reduction time (s)': 4.138844728469849, 'chunks processed': 15, 'storage read (B)': 29670387, 'selection 1 time (s)': 4.139045715332031}
{'args': ((32, 0, slice(0, 960, None), slice(None, None, None)),), 'dataset shape': (40, 11, 1921, 2560), 'dataset chunks': (7, 1, 385, 512), 'indexing time (s)': 1.9073486328125e-06, 'chunk number': 1650, 'reduction time (s)': 3.814830780029297, 'chunks processed': 15, 'storage read (B)': 29670387, 'selection 1 time (s)': 3.8150649070739746}
{'args': ((33, 0, slice(0, 960, None), slice(None, None, None)),), 'dataset shape': (40, 11, 1921, 2560), 'dataset chunks': (7, 1, 385, 512), 'indexing time (s)': 1.6689300537109375e-06, 'chunk number': 1650, 'reduction time (s)': 4.0566112995147705, 'chunks processed': 15, 'storage read (B)': 29670387, 'selection 1 time (s)': 4.056805372238159}
{'args': ((34, 0, slice(0, 960, None), slice(None, None, None)),), 'dataset shape': (40, 11, 1921, 2560), 'dataset chunks': (7, 1, 385, 512), 'indexing time (s)': 1.430511474609375e-06, 'chunk number': 1650, 'reduction time (s)': 3.866076707839966, 'chunks processed': 15, 'storage read (B)': 29670387, 'selection 1 time (s)': 3.86629319190979}
{'args': ((35, 0, slice(0, 960, None), slice(None, None, None)),), 'dataset shape': (40, 11, 1921, 2560), 'dataset chunks': (7, 1, 385, 512), 'indexing time (s)': 2.1457672119140625e-06, 'chunk number': 1650, 'reduction time (s)': 4.448094606399536, 'chunks processed': 15, 'storage read (B)': 21287473, 'selection 1 time (s)': 4.448345899581909}
{'args': ((36, 0, slice(0, 960, None), slice(None, None, None)),), 'dataset shape': (40, 11, 1921, 2560), 'dataset chunks': (7, 1, 385, 512), 'indexing time (s)': 1.9073486328125e-06, 'chunk number': 1650, 'reduction time (s)': 3.974787950515747, 'chunks processed': 15, 'storage read (B)': 21287473, 'selection 1 time (s)': 3.974992275238037}
{'args': ((37, 0, slice(0, 960, None), slice(None, None, None)),), 'dataset shape': (40, 11, 1921, 2560), 'dataset chunks': (7, 1, 385, 512), 'indexing time (s)': 1.6689300537109375e-06, 'chunk number': 1650, 'reduction time (s)': 3.860145092010498, 'chunks processed': 15, 'storage read (B)': 21287473, 'selection 1 time (s)': 3.8603355884552}
{'args': ((38, 0, slice(0, 960, None), slice(None, None, None)),), 'dataset shape': (40, 11, 1921, 2560), 'dataset chunks': (7, 1, 385, 512), 'indexing time (s)': 1.430511474609375e-06, 'chunk number': 1650, 'reduction time (s)': 4.143592596054077, 'chunks processed': 15, 'storage read (B)': 21287473, 'selection 1 time (s)': 4.143781423568726}
{'args': ((39, 0, slice(0, 960, None), slice(None, None, None)),), 'dataset shape': (40, 11, 1921, 2560), 'dataset chunks': (7, 1, 385, 512), 'indexing time (s)': 1.1920928955078125e-06, 'chunk number': 1650, 'reduction time (s)': 4.192702531814575, 'chunks processed': 15, 'storage read (B)': 21287473, 'selection 1 time (s)': 4.192887306213379}
[[226.07817708]
 [226.06473958]
 [225.93765625]
 [225.90807292]
 [225.91734375]
 [225.88453125]
 [225.82075521]
 [225.85440104]
 [225.98328125]
 [226.03804687]
 [226.01315104]
 [226.02330729]
 [226.03770833]
 [226.00476563]
 [225.91765625]
 [225.94036458]
 [225.98721354]
 [225.9146875 ]
 [225.81242188]
 [225.81869792]
 [225.84526042]
 [225.78497396]
 [225.63651042]
 [225.55651042]
 [225.45734375]
 [225.32369792]
 [225.16325521]
 [225.07794271]
 [225.07846354]
 [225.10664063]
 [225.17609375]
 [225.36880208]
 [225.57911458]
 [225.69080729]
 [225.72229167]
 [225.82367188]
 [225.93658854]
 [225.96765625]
 [225.91861979]
 [225.9225    ]]
Summary:  Sc4:Local (T1,BS1): 3.18s,162.1s,172.6s
