Dataset loaded from S3 with s3fs and Pyfive: bnl/ch330a.pc19790301-def.nc (0.67,1.4)
{'load nc time': 2.27352237701416, 'args': ((0, 0, slice(0, 960, None), slice(None, None, None)),), 'dataset shape': (40, 11, 1921, 2560), 'dataset chunks': (7, 1, 385, 512), 'indexing time (s)': 18.166908740997314, 'chunk number': 1650, 'reduction time (s)': 15.70670771598816, 'chunks processed': 15, 'storage read (B)': 29685482, 'selection 1 time (s)': 33.87380337715149}
{'args': ((1, 0, slice(0, 960, None), slice(None, None, None)),), 'dataset shape': (40, 11, 1921, 2560), 'dataset chunks': (7, 1, 385, 512), 'indexing time (s)': 1.9073486328125e-06, 'chunk number': 1650, 'reduction time (s)': 7.372964859008789, 'chunks processed': 15, 'storage read (B)': 29685482, 'selection 1 time (s)': 7.373155355453491}
{'args': ((2, 0, slice(0, 960, None), slice(None, None, None)),), 'dataset shape': (40, 11, 1921, 2560), 'dataset chunks': (7, 1, 385, 512), 'indexing time (s)': 1.430511474609375e-06, 'chunk number': 1650, 'reduction time (s)': 4.076394557952881, 'chunks processed': 15, 'storage read (B)': 29685482, 'selection 1 time (s)': 4.076589584350586}
{'args': ((3, 0, slice(0, 960, None), slice(None, None, None)),), 'dataset shape': (40, 11, 1921, 2560), 'dataset chunks': (7, 1, 385, 512), 'indexing time (s)': 1.430511474609375e-06, 'chunk number': 1650, 'reduction time (s)': 4.434762239456177, 'chunks processed': 15, 'storage read (B)': 29685482, 'selection 1 time (s)': 4.434952020645142}
{'args': ((4, 0, slice(0, 960, None), slice(None, None, None)),), 'dataset shape': (40, 11, 1921, 2560), 'dataset chunks': (7, 1, 385, 512), 'indexing time (s)': 1.6689300537109375e-06, 'chunk number': 1650, 'reduction time (s)': 4.661627292633057, 'chunks processed': 15, 'storage read (B)': 29685482, 'selection 1 time (s)': 4.661846399307251}
{'args': ((5, 0, slice(0, 960, None), slice(None, None, None)),), 'dataset shape': (40, 11, 1921, 2560), 'dataset chunks': (7, 1, 385, 512), 'indexing time (s)': 1.9073486328125e-06, 'chunk number': 1650, 'reduction time (s)': 4.0395214557647705, 'chunks processed': 15, 'storage read (B)': 29685482, 'selection 1 time (s)': 4.039715766906738}
{'args': ((6, 0, slice(0, 960, None), slice(None, None, None)),), 'dataset shape': (40, 11, 1921, 2560), 'dataset chunks': (7, 1, 385, 512), 'indexing time (s)': 1.6689300537109375e-06, 'chunk number': 1650, 'reduction time (s)': 4.530208110809326, 'chunks processed': 15, 'storage read (B)': 29685482, 'selection 1 time (s)': 4.530426740646362}
{'args': ((7, 0, slice(0, 960, None), slice(None, None, None)),), 'dataset shape': (40, 11, 1921, 2560), 'dataset chunks': (7, 1, 385, 512), 'indexing time (s)': 1.6689300537109375e-06, 'chunk number': 1650, 'reduction time (s)': 14.525099515914917, 'chunks processed': 15, 'storage read (B)': 29701892, 'selection 1 time (s)': 14.525290966033936}
{'args': ((8, 0, slice(0, 960, None), slice(None, None, None)),), 'dataset shape': (40, 11, 1921, 2560), 'dataset chunks': (7, 1, 385, 512), 'indexing time (s)': 1.6689300537109375e-06, 'chunk number': 1650, 'reduction time (s)': 7.363340377807617, 'chunks processed': 15, 'storage read (B)': 29701892, 'selection 1 time (s)': 7.3635334968566895}
{'args': ((9, 0, slice(0, 960, None), slice(None, None, None)),), 'dataset shape': (40, 11, 1921, 2560), 'dataset chunks': (7, 1, 385, 512), 'indexing time (s)': 1.430511474609375e-06, 'chunk number': 1650, 'reduction time (s)': 3.772183656692505, 'chunks processed': 15, 'storage read (B)': 29701892, 'selection 1 time (s)': 3.77237606048584}
{'args': ((10, 0, slice(0, 960, None), slice(None, None, None)),), 'dataset shape': (40, 11, 1921, 2560), 'dataset chunks': (7, 1, 385, 512), 'indexing time (s)': 1.6689300537109375e-06, 'chunk number': 1650, 'reduction time (s)': 6.530043363571167, 'chunks processed': 15, 'storage read (B)': 29701892, 'selection 1 time (s)': 6.530255079269409}
{'args': ((11, 0, slice(0, 960, None), slice(None, None, None)),), 'dataset shape': (40, 11, 1921, 2560), 'dataset chunks': (7, 1, 385, 512), 'indexing time (s)': 1.430511474609375e-06, 'chunk number': 1650, 'reduction time (s)': 4.165372371673584, 'chunks processed': 15, 'storage read (B)': 29701892, 'selection 1 time (s)': 4.16556715965271}
{'args': ((12, 0, slice(0, 960, None), slice(None, None, None)),), 'dataset shape': (40, 11, 1921, 2560), 'dataset chunks': (7, 1, 385, 512), 'indexing time (s)': 1.6689300537109375e-06, 'chunk number': 1650, 'reduction time (s)': 3.9378387928009033, 'chunks processed': 15, 'storage read (B)': 29701892, 'selection 1 time (s)': 3.938028335571289}
{'args': ((13, 0, slice(0, 960, None), slice(None, None, None)),), 'dataset shape': (40, 11, 1921, 2560), 'dataset chunks': (7, 1, 385, 512), 'indexing time (s)': 1.1920928955078125e-06, 'chunk number': 1650, 'reduction time (s)': 3.8009707927703857, 'chunks processed': 15, 'storage read (B)': 29701892, 'selection 1 time (s)': 3.8011605739593506}
{'args': ((14, 0, slice(0, 960, None), slice(None, None, None)),), 'dataset shape': (40, 11, 1921, 2560), 'dataset chunks': (7, 1, 385, 512), 'indexing time (s)': 1.430511474609375e-06, 'chunk number': 1650, 'reduction time (s)': 7.763500928878784, 'chunks processed': 15, 'storage read (B)': 29733505, 'selection 1 time (s)': 7.763695001602173}
{'args': ((15, 0, slice(0, 960, None), slice(None, None, None)),), 'dataset shape': (40, 11, 1921, 2560), 'dataset chunks': (7, 1, 385, 512), 'indexing time (s)': 1.1920928955078125e-06, 'chunk number': 1650, 'reduction time (s)': 7.57008957862854, 'chunks processed': 15, 'storage read (B)': 29733505, 'selection 1 time (s)': 7.570303440093994}
{'args': ((16, 0, slice(0, 960, None), slice(None, None, None)),), 'dataset shape': (40, 11, 1921, 2560), 'dataset chunks': (7, 1, 385, 512), 'indexing time (s)': 1.6689300537109375e-06, 'chunk number': 1650, 'reduction time (s)': 5.232526540756226, 'chunks processed': 15, 'storage read (B)': 29733505, 'selection 1 time (s)': 5.232720375061035}
{'args': ((17, 0, slice(0, 960, None), slice(None, None, None)),), 'dataset shape': (40, 11, 1921, 2560), 'dataset chunks': (7, 1, 385, 512), 'indexing time (s)': 1.430511474609375e-06, 'chunk number': 1650, 'reduction time (s)': 4.194670915603638, 'chunks processed': 15, 'storage read (B)': 29733505, 'selection 1 time (s)': 4.194875955581665}
{'args': ((18, 0, slice(0, 960, None), slice(None, None, None)),), 'dataset shape': (40, 11, 1921, 2560), 'dataset chunks': (7, 1, 385, 512), 'indexing time (s)': 1.6689300537109375e-06, 'chunk number': 1650, 'reduction time (s)': 4.245285749435425, 'chunks processed': 15, 'storage read (B)': 29733505, 'selection 1 time (s)': 4.245473623275757}
{'args': ((19, 0, slice(0, 960, None), slice(None, None, None)),), 'dataset shape': (40, 11, 1921, 2560), 'dataset chunks': (7, 1, 385, 512), 'indexing time (s)': 1.430511474609375e-06, 'chunk number': 1650, 'reduction time (s)': 4.188204526901245, 'chunks processed': 15, 'storage read (B)': 29733505, 'selection 1 time (s)': 4.188396453857422}
{'args': ((20, 0, slice(0, 960, None), slice(None, None, None)),), 'dataset shape': (40, 11, 1921, 2560), 'dataset chunks': (7, 1, 385, 512), 'indexing time (s)': 1.6689300537109375e-06, 'chunk number': 1650, 'reduction time (s)': 4.120521783828735, 'chunks processed': 15, 'storage read (B)': 29733505, 'selection 1 time (s)': 4.1207146644592285}
{'args': ((21, 0, slice(0, 960, None), slice(None, None, None)),), 'dataset shape': (40, 11, 1921, 2560), 'dataset chunks': (7, 1, 385, 512), 'indexing time (s)': 1.6689300537109375e-06, 'chunk number': 1650, 'reduction time (s)': 3.7727367877960205, 'chunks processed': 15, 'storage read (B)': 29686785, 'selection 1 time (s)': 3.7729310989379883}
{'args': ((22, 0, slice(0, 960, None), slice(None, None, None)),), 'dataset shape': (40, 11, 1921, 2560), 'dataset chunks': (7, 1, 385, 512), 'indexing time (s)': 1.430511474609375e-06, 'chunk number': 1650, 'reduction time (s)': 3.909775733947754, 'chunks processed': 15, 'storage read (B)': 29686785, 'selection 1 time (s)': 3.9099903106689453}
{'args': ((23, 0, slice(0, 960, None), slice(None, None, None)),), 'dataset shape': (40, 11, 1921, 2560), 'dataset chunks': (7, 1, 385, 512), 'indexing time (s)': 1.9073486328125e-06, 'chunk number': 1650, 'reduction time (s)': 3.584601640701294, 'chunks processed': 15, 'storage read (B)': 29686785, 'selection 1 time (s)': 3.5847935676574707}
{'args': ((24, 0, slice(0, 960, None), slice(None, None, None)),), 'dataset shape': (40, 11, 1921, 2560), 'dataset chunks': (7, 1, 385, 512), 'indexing time (s)': 1.9073486328125e-06, 'chunk number': 1650, 'reduction time (s)': 3.6523282527923584, 'chunks processed': 15, 'storage read (B)': 29686785, 'selection 1 time (s)': 3.652536392211914}
{'args': ((25, 0, slice(0, 960, None), slice(None, None, None)),), 'dataset shape': (40, 11, 1921, 2560), 'dataset chunks': (7, 1, 385, 512), 'indexing time (s)': 1.9073486328125e-06, 'chunk number': 1650, 'reduction time (s)': 3.586331844329834, 'chunks processed': 15, 'storage read (B)': 29686785, 'selection 1 time (s)': 3.5865254402160645}
{'args': ((26, 0, slice(0, 960, None), slice(None, None, None)),), 'dataset shape': (40, 11, 1921, 2560), 'dataset chunks': (7, 1, 385, 512), 'indexing time (s)': 1.430511474609375e-06, 'chunk number': 1650, 'reduction time (s)': 3.6076836585998535, 'chunks processed': 15, 'storage read (B)': 29686785, 'selection 1 time (s)': 3.607877731323242}
{'args': ((27, 0, slice(0, 960, None), slice(None, None, None)),), 'dataset shape': (40, 11, 1921, 2560), 'dataset chunks': (7, 1, 385, 512), 'indexing time (s)': 1.430511474609375e-06, 'chunk number': 1650, 'reduction time (s)': 3.6565604209899902, 'chunks processed': 15, 'storage read (B)': 29686785, 'selection 1 time (s)': 3.6567509174346924}
{'args': ((28, 0, slice(0, 960, None), slice(None, None, None)),), 'dataset shape': (40, 11, 1921, 2560), 'dataset chunks': (7, 1, 385, 512), 'indexing time (s)': 1.6689300537109375e-06, 'chunk number': 1650, 'reduction time (s)': 4.108624219894409, 'chunks processed': 15, 'storage read (B)': 29670387, 'selection 1 time (s)': 4.108819007873535}
{'args': ((29, 0, slice(0, 960, None), slice(None, None, None)),), 'dataset shape': (40, 11, 1921, 2560), 'dataset chunks': (7, 1, 385, 512), 'indexing time (s)': 1.430511474609375e-06, 'chunk number': 1650, 'reduction time (s)': 3.895298719406128, 'chunks processed': 15, 'storage read (B)': 29670387, 'selection 1 time (s)': 3.8955018520355225}
{'args': ((30, 0, slice(0, 960, None), slice(None, None, None)),), 'dataset shape': (40, 11, 1921, 2560), 'dataset chunks': (7, 1, 385, 512), 'indexing time (s)': 1.6689300537109375e-06, 'chunk number': 1650, 'reduction time (s)': 3.6905927658081055, 'chunks processed': 15, 'storage read (B)': 29670387, 'selection 1 time (s)': 3.6907989978790283}
{'args': ((31, 0, slice(0, 960, None), slice(None, None, None)),), 'dataset shape': (40, 11, 1921, 2560), 'dataset chunks': (7, 1, 385, 512), 'indexing time (s)': 1.6689300537109375e-06, 'chunk number': 1650, 'reduction time (s)': 4.239319801330566, 'chunks processed': 15, 'storage read (B)': 29670387, 'selection 1 time (s)': 4.239574432373047}
{'args': ((32, 0, slice(0, 960, None), slice(None, None, None)),), 'dataset shape': (40, 11, 1921, 2560), 'dataset chunks': (7, 1, 385, 512), 'indexing time (s)': 1.6689300537109375e-06, 'chunk number': 1650, 'reduction time (s)': 3.7880640029907227, 'chunks processed': 15, 'storage read (B)': 29670387, 'selection 1 time (s)': 3.788362741470337}
{'args': ((33, 0, slice(0, 960, None), slice(None, None, None)),), 'dataset shape': (40, 11, 1921, 2560), 'dataset chunks': (7, 1, 385, 512), 'indexing time (s)': 2.1457672119140625e-06, 'chunk number': 1650, 'reduction time (s)': 4.134170055389404, 'chunks processed': 15, 'storage read (B)': 29670387, 'selection 1 time (s)': 4.134373188018799}
{'args': ((34, 0, slice(0, 960, None), slice(None, None, None)),), 'dataset shape': (40, 11, 1921, 2560), 'dataset chunks': (7, 1, 385, 512), 'indexing time (s)': 2.1457672119140625e-06, 'chunk number': 1650, 'reduction time (s)': 3.8709824085235596, 'chunks processed': 15, 'storage read (B)': 29670387, 'selection 1 time (s)': 3.8712193965911865}
{'args': ((35, 0, slice(0, 960, None), slice(None, None, None)),), 'dataset shape': (40, 11, 1921, 2560), 'dataset chunks': (7, 1, 385, 512), 'indexing time (s)': 1.9073486328125e-06, 'chunk number': 1650, 'reduction time (s)': 4.125486135482788, 'chunks processed': 15, 'storage read (B)': 21287473, 'selection 1 time (s)': 4.125680446624756}
{'args': ((36, 0, slice(0, 960, None), slice(None, None, None)),), 'dataset shape': (40, 11, 1921, 2560), 'dataset chunks': (7, 1, 385, 512), 'indexing time (s)': 1.6689300537109375e-06, 'chunk number': 1650, 'reduction time (s)': 4.061251878738403, 'chunks processed': 15, 'storage read (B)': 21287473, 'selection 1 time (s)': 4.061478137969971}
{'args': ((37, 0, slice(0, 960, None), slice(None, None, None)),), 'dataset shape': (40, 11, 1921, 2560), 'dataset chunks': (7, 1, 385, 512), 'indexing time (s)': 2.384185791015625e-06, 'chunk number': 1650, 'reduction time (s)': 4.115471124649048, 'chunks processed': 15, 'storage read (B)': 21287473, 'selection 1 time (s)': 4.115716218948364}
{'args': ((38, 0, slice(0, 960, None), slice(None, None, None)),), 'dataset shape': (40, 11, 1921, 2560), 'dataset chunks': (7, 1, 385, 512), 'indexing time (s)': 1.6689300537109375e-06, 'chunk number': 1650, 'reduction time (s)': 3.8630149364471436, 'chunks processed': 15, 'storage read (B)': 21287473, 'selection 1 time (s)': 3.863219976425171}
{'args': ((39, 0, slice(0, 960, None), slice(None, None, None)),), 'dataset shape': (40, 11, 1921, 2560), 'dataset chunks': (7, 1, 385, 512), 'indexing time (s)': 1.9073486328125e-06, 'chunk number': 1650, 'reduction time (s)': 3.853888750076294, 'chunks processed': 15, 'storage read (B)': 21287473, 'selection 1 time (s)': 3.854112148284912}
[[226.07817708]
 [226.06473958]
 [225.93765625]
 [225.90807292]
 [225.91734375]
 [225.88453125]
 [225.82075521]
 [225.85440104]
 [225.98328125]
 [226.03804687]
 [226.01315104]
 [226.02330729]
 [226.03770833]
 [226.00476563]
 [225.91765625]
 [225.94036458]
 [225.98721354]
 [225.9146875 ]
 [225.81242188]
 [225.81869792]
 [225.84526042]
 [225.78497396]
 [225.63651042]
 [225.55651042]
 [225.45734375]
 [225.32369792]
 [225.16325521]
 [225.07794271]
 [225.07846354]
 [225.10664063]
 [225.17609375]
 [225.36880208]
 [225.57911458]
 [225.69080729]
 [225.72229167]
 [225.82367188]
 [225.93658854]
 [225.96765625]
 [225.91861979]
 [225.9225    ]]
Summary:  Sc4:Local (T1,BS5): 2.27s,199.7s,220.2s
