Dataset loaded from S3 with s3fs and Pyfive: bnl/ch330a.pc19790301-def.nc (0.25,1.3)
{'load nc time': 1.796536922454834, 'args': ((0, 0, slice(0, 960, None), slice(None, None, None)),), 'dataset shape': (40, 11, 1921, 2560), 'dataset chunks': (7, 1, 385, 512), 'indexing time (s)': 7.1325249671936035, 'chunk number': 1650, 'reduction time (s)': 1.020824909210205, 'chunks processed': 15, 'storage read (B)': 29685482, 'selection 1 time (s)': 8.153578281402588}
{'args': ((1, 0, slice(0, 960, None), slice(None, None, None)),), 'dataset shape': (40, 11, 1921, 2560), 'dataset chunks': (7, 1, 385, 512), 'indexing time (s)': 1.430511474609375e-06, 'chunk number': 1650, 'reduction time (s)': 1.313185214996338, 'chunks processed': 15, 'storage read (B)': 29685482, 'selection 1 time (s)': 1.3134138584136963}
{'args': ((2, 0, slice(0, 960, None), slice(None, None, None)),), 'dataset shape': (40, 11, 1921, 2560), 'dataset chunks': (7, 1, 385, 512), 'indexing time (s)': 1.430511474609375e-06, 'chunk number': 1650, 'reduction time (s)': 1.1581482887268066, 'chunks processed': 15, 'storage read (B)': 29685482, 'selection 1 time (s)': 1.1583833694458008}
{'args': ((3, 0, slice(0, 960, None), slice(None, None, None)),), 'dataset shape': (40, 11, 1921, 2560), 'dataset chunks': (7, 1, 385, 512), 'indexing time (s)': 1.6689300537109375e-06, 'chunk number': 1650, 'reduction time (s)': 0.9627916812896729, 'chunks processed': 15, 'storage read (B)': 29685482, 'selection 1 time (s)': 0.9630191326141357}
{'args': ((4, 0, slice(0, 960, None), slice(None, None, None)),), 'dataset shape': (40, 11, 1921, 2560), 'dataset chunks': (7, 1, 385, 512), 'indexing time (s)': 1.9073486328125e-06, 'chunk number': 1650, 'reduction time (s)': 1.1426899433135986, 'chunks processed': 15, 'storage read (B)': 29685482, 'selection 1 time (s)': 1.1429216861724854}
{'args': ((5, 0, slice(0, 960, None), slice(None, None, None)),), 'dataset shape': (40, 11, 1921, 2560), 'dataset chunks': (7, 1, 385, 512), 'indexing time (s)': 1.9073486328125e-06, 'chunk number': 1650, 'reduction time (s)': 0.7116479873657227, 'chunks processed': 15, 'storage read (B)': 29685482, 'selection 1 time (s)': 0.7118771076202393}
{'args': ((6, 0, slice(0, 960, None), slice(None, None, None)),), 'dataset shape': (40, 11, 1921, 2560), 'dataset chunks': (7, 1, 385, 512), 'indexing time (s)': 2.1457672119140625e-06, 'chunk number': 1650, 'reduction time (s)': 0.9837448596954346, 'chunks processed': 15, 'storage read (B)': 29685482, 'selection 1 time (s)': 0.9839890003204346}
{'args': ((7, 0, slice(0, 960, None), slice(None, None, None)),), 'dataset shape': (40, 11, 1921, 2560), 'dataset chunks': (7, 1, 385, 512), 'indexing time (s)': 1.430511474609375e-06, 'chunk number': 1650, 'reduction time (s)': 0.8300988674163818, 'chunks processed': 15, 'storage read (B)': 29701892, 'selection 1 time (s)': 0.8303377628326416}
{'args': ((8, 0, slice(0, 960, None), slice(None, None, None)),), 'dataset shape': (40, 11, 1921, 2560), 'dataset chunks': (7, 1, 385, 512), 'indexing time (s)': 1.9073486328125e-06, 'chunk number': 1650, 'reduction time (s)': 1.2120959758758545, 'chunks processed': 15, 'storage read (B)': 29701892, 'selection 1 time (s)': 1.2123219966888428}
{'args': ((9, 0, slice(0, 960, None), slice(None, None, None)),), 'dataset shape': (40, 11, 1921, 2560), 'dataset chunks': (7, 1, 385, 512), 'indexing time (s)': 1.9073486328125e-06, 'chunk number': 1650, 'reduction time (s)': 1.2605602741241455, 'chunks processed': 15, 'storage read (B)': 29701892, 'selection 1 time (s)': 1.2608168125152588}
{'args': ((10, 0, slice(0, 960, None), slice(None, None, None)),), 'dataset shape': (40, 11, 1921, 2560), 'dataset chunks': (7, 1, 385, 512), 'indexing time (s)': 1.9073486328125e-06, 'chunk number': 1650, 'reduction time (s)': 1.0907440185546875, 'chunks processed': 15, 'storage read (B)': 29701892, 'selection 1 time (s)': 1.0910441875457764}
{'args': ((11, 0, slice(0, 960, None), slice(None, None, None)),), 'dataset shape': (40, 11, 1921, 2560), 'dataset chunks': (7, 1, 385, 512), 'indexing time (s)': 1.1920928955078125e-06, 'chunk number': 1650, 'reduction time (s)': 1.1989684104919434, 'chunks processed': 15, 'storage read (B)': 29701892, 'selection 1 time (s)': 1.1991982460021973}
{'args': ((12, 0, slice(0, 960, None), slice(None, None, None)),), 'dataset shape': (40, 11, 1921, 2560), 'dataset chunks': (7, 1, 385, 512), 'indexing time (s)': 1.6689300537109375e-06, 'chunk number': 1650, 'reduction time (s)': 1.183753490447998, 'chunks processed': 15, 'storage read (B)': 29701892, 'selection 1 time (s)': 1.1839802265167236}
{'args': ((13, 0, slice(0, 960, None), slice(None, None, None)),), 'dataset shape': (40, 11, 1921, 2560), 'dataset chunks': (7, 1, 385, 512), 'indexing time (s)': 1.6689300537109375e-06, 'chunk number': 1650, 'reduction time (s)': 0.8298783302307129, 'chunks processed': 15, 'storage read (B)': 29701892, 'selection 1 time (s)': 0.8301031589508057}
{'args': ((14, 0, slice(0, 960, None), slice(None, None, None)),), 'dataset shape': (40, 11, 1921, 2560), 'dataset chunks': (7, 1, 385, 512), 'indexing time (s)': 1.1920928955078125e-06, 'chunk number': 1650, 'reduction time (s)': 1.2021567821502686, 'chunks processed': 15, 'storage read (B)': 29733505, 'selection 1 time (s)': 1.2023813724517822}
{'args': ((15, 0, slice(0, 960, None), slice(None, None, None)),), 'dataset shape': (40, 11, 1921, 2560), 'dataset chunks': (7, 1, 385, 512), 'indexing time (s)': 1.9073486328125e-06, 'chunk number': 1650, 'reduction time (s)': 1.08669114112854, 'chunks processed': 15, 'storage read (B)': 29733505, 'selection 1 time (s)': 1.0869395732879639}
{'args': ((16, 0, slice(0, 960, None), slice(None, None, None)),), 'dataset shape': (40, 11, 1921, 2560), 'dataset chunks': (7, 1, 385, 512), 'indexing time (s)': 1.9073486328125e-06, 'chunk number': 1650, 'reduction time (s)': 0.9595053195953369, 'chunks processed': 15, 'storage read (B)': 29733505, 'selection 1 time (s)': 0.9597525596618652}
{'args': ((17, 0, slice(0, 960, None), slice(None, None, None)),), 'dataset shape': (40, 11, 1921, 2560), 'dataset chunks': (7, 1, 385, 512), 'indexing time (s)': 1.430511474609375e-06, 'chunk number': 1650, 'reduction time (s)': 1.1731667518615723, 'chunks processed': 15, 'storage read (B)': 29733505, 'selection 1 time (s)': 1.173393726348877}
{'args': ((18, 0, slice(0, 960, None), slice(None, None, None)),), 'dataset shape': (40, 11, 1921, 2560), 'dataset chunks': (7, 1, 385, 512), 'indexing time (s)': 1.1920928955078125e-06, 'chunk number': 1650, 'reduction time (s)': 1.0490996837615967, 'chunks processed': 15, 'storage read (B)': 29733505, 'selection 1 time (s)': 1.0493252277374268}
{'args': ((19, 0, slice(0, 960, None), slice(None, None, None)),), 'dataset shape': (40, 11, 1921, 2560), 'dataset chunks': (7, 1, 385, 512), 'indexing time (s)': 1.1920928955078125e-06, 'chunk number': 1650, 'reduction time (s)': 0.8088951110839844, 'chunks processed': 15, 'storage read (B)': 29733505, 'selection 1 time (s)': 0.8091235160827637}
{'args': ((20, 0, slice(0, 960, None), slice(None, None, None)),), 'dataset shape': (40, 11, 1921, 2560), 'dataset chunks': (7, 1, 385, 512), 'indexing time (s)': 1.430511474609375e-06, 'chunk number': 1650, 'reduction time (s)': 1.1732535362243652, 'chunks processed': 15, 'storage read (B)': 29733505, 'selection 1 time (s)': 1.1734797954559326}
{'args': ((21, 0, slice(0, 960, None), slice(None, None, None)),), 'dataset shape': (40, 11, 1921, 2560), 'dataset chunks': (7, 1, 385, 512), 'indexing time (s)': 1.6689300537109375e-06, 'chunk number': 1650, 'reduction time (s)': 0.8922164440155029, 'chunks processed': 15, 'storage read (B)': 29686785, 'selection 1 time (s)': 0.8924627304077148}
{'args': ((22, 0, slice(0, 960, None), slice(None, None, None)),), 'dataset shape': (40, 11, 1921, 2560), 'dataset chunks': (7, 1, 385, 512), 'indexing time (s)': 1.1920928955078125e-06, 'chunk number': 1650, 'reduction time (s)': 0.9102163314819336, 'chunks processed': 15, 'storage read (B)': 29686785, 'selection 1 time (s)': 0.9104807376861572}
{'args': ((23, 0, slice(0, 960, None), slice(None, None, None)),), 'dataset shape': (40, 11, 1921, 2560), 'dataset chunks': (7, 1, 385, 512), 'indexing time (s)': 1.6689300537109375e-06, 'chunk number': 1650, 'reduction time (s)': 1.0897259712219238, 'chunks processed': 15, 'storage read (B)': 29686785, 'selection 1 time (s)': 1.090019702911377}
{'args': ((24, 0, slice(0, 960, None), slice(None, None, None)),), 'dataset shape': (40, 11, 1921, 2560), 'dataset chunks': (7, 1, 385, 512), 'indexing time (s)': 1.9073486328125e-06, 'chunk number': 1650, 'reduction time (s)': 0.9835972785949707, 'chunks processed': 15, 'storage read (B)': 29686785, 'selection 1 time (s)': 0.9838931560516357}
{'args': ((25, 0, slice(0, 960, None), slice(None, None, None)),), 'dataset shape': (40, 11, 1921, 2560), 'dataset chunks': (7, 1, 385, 512), 'indexing time (s)': 1.9073486328125e-06, 'chunk number': 1650, 'reduction time (s)': 1.1495928764343262, 'chunks processed': 15, 'storage read (B)': 29686785, 'selection 1 time (s)': 1.1498916149139404}
{'args': ((26, 0, slice(0, 960, None), slice(None, None, None)),), 'dataset shape': (40, 11, 1921, 2560), 'dataset chunks': (7, 1, 385, 512), 'indexing time (s)': 2.1457672119140625e-06, 'chunk number': 1650, 'reduction time (s)': 0.9597513675689697, 'chunks processed': 15, 'storage read (B)': 29686785, 'selection 1 time (s)': 0.960045576095581}
{'args': ((27, 0, slice(0, 960, None), slice(None, None, None)),), 'dataset shape': (40, 11, 1921, 2560), 'dataset chunks': (7, 1, 385, 512), 'indexing time (s)': 1.9073486328125e-06, 'chunk number': 1650, 'reduction time (s)': 0.8671741485595703, 'chunks processed': 15, 'storage read (B)': 29686785, 'selection 1 time (s)': 0.8674721717834473}
{'args': ((28, 0, slice(0, 960, None), slice(None, None, None)),), 'dataset shape': (40, 11, 1921, 2560), 'dataset chunks': (7, 1, 385, 512), 'indexing time (s)': 2.1457672119140625e-06, 'chunk number': 1650, 'reduction time (s)': 0.8642163276672363, 'chunks processed': 15, 'storage read (B)': 29670387, 'selection 1 time (s)': 0.8645322322845459}
{'args': ((29, 0, slice(0, 960, None), slice(None, None, None)),), 'dataset shape': (40, 11, 1921, 2560), 'dataset chunks': (7, 1, 385, 512), 'indexing time (s)': 2.384185791015625e-06, 'chunk number': 1650, 'reduction time (s)': 0.9089069366455078, 'chunks processed': 15, 'storage read (B)': 29670387, 'selection 1 time (s)': 0.9092411994934082}
{'args': ((30, 0, slice(0, 960, None), slice(None, None, None)),), 'dataset shape': (40, 11, 1921, 2560), 'dataset chunks': (7, 1, 385, 512), 'indexing time (s)': 2.6226043701171875e-06, 'chunk number': 1650, 'reduction time (s)': 0.9717049598693848, 'chunks processed': 15, 'storage read (B)': 29670387, 'selection 1 time (s)': 0.9720163345336914}
{'args': ((31, 0, slice(0, 960, None), slice(None, None, None)),), 'dataset shape': (40, 11, 1921, 2560), 'dataset chunks': (7, 1, 385, 512), 'indexing time (s)': 1.9073486328125e-06, 'chunk number': 1650, 'reduction time (s)': 1.2832071781158447, 'chunks processed': 15, 'storage read (B)': 29670387, 'selection 1 time (s)': 1.283515214920044}
{'args': ((32, 0, slice(0, 960, None), slice(None, None, None)),), 'dataset shape': (40, 11, 1921, 2560), 'dataset chunks': (7, 1, 385, 512), 'indexing time (s)': 2.1457672119140625e-06, 'chunk number': 1650, 'reduction time (s)': 1.176154613494873, 'chunks processed': 15, 'storage read (B)': 29670387, 'selection 1 time (s)': 1.1764514446258545}
{'args': ((33, 0, slice(0, 960, None), slice(None, None, None)),), 'dataset shape': (40, 11, 1921, 2560), 'dataset chunks': (7, 1, 385, 512), 'indexing time (s)': 2.1457672119140625e-06, 'chunk number': 1650, 'reduction time (s)': 1.0224504470825195, 'chunks processed': 15, 'storage read (B)': 29670387, 'selection 1 time (s)': 1.0227580070495605}
{'args': ((34, 0, slice(0, 960, None), slice(None, None, None)),), 'dataset shape': (40, 11, 1921, 2560), 'dataset chunks': (7, 1, 385, 512), 'indexing time (s)': 1.9073486328125e-06, 'chunk number': 1650, 'reduction time (s)': 1.202918291091919, 'chunks processed': 15, 'storage read (B)': 29670387, 'selection 1 time (s)': 1.2032487392425537}
{'args': ((35, 0, slice(0, 960, None), slice(None, None, None)),), 'dataset shape': (40, 11, 1921, 2560), 'dataset chunks': (7, 1, 385, 512), 'indexing time (s)': 2.1457672119140625e-06, 'chunk number': 1650, 'reduction time (s)': 0.8005108833312988, 'chunks processed': 15, 'storage read (B)': 21287473, 'selection 1 time (s)': 0.8008933067321777}
{'args': ((36, 0, slice(0, 960, None), slice(None, None, None)),), 'dataset shape': (40, 11, 1921, 2560), 'dataset chunks': (7, 1, 385, 512), 'indexing time (s)': 2.384185791015625e-06, 'chunk number': 1650, 'reduction time (s)': 0.6084485054016113, 'chunks processed': 15, 'storage read (B)': 21287473, 'selection 1 time (s)': 0.6088011264801025}
{'args': ((37, 0, slice(0, 960, None), slice(None, None, None)),), 'dataset shape': (40, 11, 1921, 2560), 'dataset chunks': (7, 1, 385, 512), 'indexing time (s)': 1.9073486328125e-06, 'chunk number': 1650, 'reduction time (s)': 0.8509917259216309, 'chunks processed': 15, 'storage read (B)': 21287473, 'selection 1 time (s)': 0.8512899875640869}
{'args': ((38, 0, slice(0, 960, None), slice(None, None, None)),), 'dataset shape': (40, 11, 1921, 2560), 'dataset chunks': (7, 1, 385, 512), 'indexing time (s)': 2.1457672119140625e-06, 'chunk number': 1650, 'reduction time (s)': 0.8250129222869873, 'chunks processed': 15, 'storage read (B)': 21287473, 'selection 1 time (s)': 0.8253023624420166}
{'args': ((39, 0, slice(0, 960, None), slice(None, None, None)),), 'dataset shape': (40, 11, 1921, 2560), 'dataset chunks': (7, 1, 385, 512), 'indexing time (s)': 1.9073486328125e-06, 'chunk number': 1650, 'reduction time (s)': 1.0057344436645508, 'chunks processed': 15, 'storage read (B)': 21287473, 'selection 1 time (s)': 1.006061315536499}
[[226.07817708]
 [226.06473958]
 [225.93765625]
 [225.90807292]
 [225.91736979]
 [225.88455729]
 [225.82075521]
 [225.85440104]
 [225.98322917]
 [226.03807292]
 [226.013125  ]
 [226.02330729]
 [226.03770833]
 [226.00476563]
 [225.91768229]
 [225.94033854]
 [225.98721354]
 [225.91466146]
 [225.81244792]
 [225.81869792]
 [225.84526042]
 [225.78497396]
 [225.63648438]
 [225.55653646]
 [225.45736979]
 [225.32369792]
 [225.16328125]
 [225.07794271]
 [225.0784375 ]
 [225.10664063]
 [225.17609375]
 [225.36877604]
 [225.57911458]
 [225.69080729]
 [225.72231771]
 [225.82367188]
 [225.93658854]
 [225.96765625]
 [225.91861979]
 [225.9225    ]]
Summary:  Sc4:Local (T100,BS5): 1.8s,40.72s,49.67s
