Dataset loaded from S3 with s3fs and Pyfive: bnl/ch330a.pc19790301-def.nc (1.6,2.0)
{'load nc time': 3.905731201171875, 'args': ((0, 0, slice(0, 960, None), slice(None, None, None)),), 'dataset shape': (40, 11, 1921, 2560), 'dataset chunks': (7, 1, 385, 512), 'indexing time (s)': 8.06237268447876, 'chunk number': 1650, 'reduction time (s)': 4.602085113525391, 'chunks processed': 15, 'storage read (B)': 29685482, 'selection 1 time (s)': 12.664787530899048}
{'args': ((1, 0, slice(0, 960, None), slice(None, None, None)),), 'dataset shape': (40, 11, 1921, 2560), 'dataset chunks': (7, 1, 385, 512), 'indexing time (s)': 2.384185791015625e-06, 'chunk number': 1650, 'reduction time (s)': 4.026827335357666, 'chunks processed': 15, 'storage read (B)': 29685482, 'selection 1 time (s)': 4.027056694030762}
{'args': ((2, 0, slice(0, 960, None), slice(None, None, None)),), 'dataset shape': (40, 11, 1921, 2560), 'dataset chunks': (7, 1, 385, 512), 'indexing time (s)': 1.430511474609375e-06, 'chunk number': 1650, 'reduction time (s)': 3.8394646644592285, 'chunks processed': 15, 'storage read (B)': 29685482, 'selection 1 time (s)': 3.8396496772766113}
{'args': ((3, 0, slice(0, 960, None), slice(None, None, None)),), 'dataset shape': (40, 11, 1921, 2560), 'dataset chunks': (7, 1, 385, 512), 'indexing time (s)': 2.384185791015625e-06, 'chunk number': 1650, 'reduction time (s)': 3.9168949127197266, 'chunks processed': 15, 'storage read (B)': 29685482, 'selection 1 time (s)': 3.9170804023742676}
{'args': ((4, 0, slice(0, 960, None), slice(None, None, None)),), 'dataset shape': (40, 11, 1921, 2560), 'dataset chunks': (7, 1, 385, 512), 'indexing time (s)': 1.9073486328125e-06, 'chunk number': 1650, 'reduction time (s)': 4.146353244781494, 'chunks processed': 15, 'storage read (B)': 29685482, 'selection 1 time (s)': 4.1465559005737305}
{'args': ((5, 0, slice(0, 960, None), slice(None, None, None)),), 'dataset shape': (40, 11, 1921, 2560), 'dataset chunks': (7, 1, 385, 512), 'indexing time (s)': 1.1920928955078125e-06, 'chunk number': 1650, 'reduction time (s)': 3.9980874061584473, 'chunks processed': 15, 'storage read (B)': 29685482, 'selection 1 time (s)': 3.9982757568359375}
{'args': ((6, 0, slice(0, 960, None), slice(None, None, None)),), 'dataset shape': (40, 11, 1921, 2560), 'dataset chunks': (7, 1, 385, 512), 'indexing time (s)': 1.430511474609375e-06, 'chunk number': 1650, 'reduction time (s)': 3.875701665878296, 'chunks processed': 15, 'storage read (B)': 29685482, 'selection 1 time (s)': 3.875887870788574}
{'args': ((7, 0, slice(0, 960, None), slice(None, None, None)),), 'dataset shape': (40, 11, 1921, 2560), 'dataset chunks': (7, 1, 385, 512), 'indexing time (s)': 1.6689300537109375e-06, 'chunk number': 1650, 'reduction time (s)': 4.4686973094940186, 'chunks processed': 15, 'storage read (B)': 29701892, 'selection 1 time (s)': 4.468886852264404}
{'args': ((8, 0, slice(0, 960, None), slice(None, None, None)),), 'dataset shape': (40, 11, 1921, 2560), 'dataset chunks': (7, 1, 385, 512), 'indexing time (s)': 1.9073486328125e-06, 'chunk number': 1650, 'reduction time (s)': 4.235075235366821, 'chunks processed': 15, 'storage read (B)': 29701892, 'selection 1 time (s)': 4.2352635860443115}
{'args': ((9, 0, slice(0, 960, None), slice(None, None, None)),), 'dataset shape': (40, 11, 1921, 2560), 'dataset chunks': (7, 1, 385, 512), 'indexing time (s)': 1.1920928955078125e-06, 'chunk number': 1650, 'reduction time (s)': 3.8525474071502686, 'chunks processed': 15, 'storage read (B)': 29701892, 'selection 1 time (s)': 3.8527393341064453}
{'args': ((10, 0, slice(0, 960, None), slice(None, None, None)),), 'dataset shape': (40, 11, 1921, 2560), 'dataset chunks': (7, 1, 385, 512), 'indexing time (s)': 1.6689300537109375e-06, 'chunk number': 1650, 'reduction time (s)': 3.969738006591797, 'chunks processed': 15, 'storage read (B)': 29701892, 'selection 1 time (s)': 3.969926357269287}
{'args': ((11, 0, slice(0, 960, None), slice(None, None, None)),), 'dataset shape': (40, 11, 1921, 2560), 'dataset chunks': (7, 1, 385, 512), 'indexing time (s)': 1.9073486328125e-06, 'chunk number': 1650, 'reduction time (s)': 4.121196031570435, 'chunks processed': 15, 'storage read (B)': 29701892, 'selection 1 time (s)': 4.121382713317871}
{'args': ((12, 0, slice(0, 960, None), slice(None, None, None)),), 'dataset shape': (40, 11, 1921, 2560), 'dataset chunks': (7, 1, 385, 512), 'indexing time (s)': 1.9073486328125e-06, 'chunk number': 1650, 'reduction time (s)': 3.8795487880706787, 'chunks processed': 15, 'storage read (B)': 29701892, 'selection 1 time (s)': 3.8797519207000732}
{'args': ((13, 0, slice(0, 960, None), slice(None, None, None)),), 'dataset shape': (40, 11, 1921, 2560), 'dataset chunks': (7, 1, 385, 512), 'indexing time (s)': 1.6689300537109375e-06, 'chunk number': 1650, 'reduction time (s)': 4.201622724533081, 'chunks processed': 15, 'storage read (B)': 29701892, 'selection 1 time (s)': 4.201811075210571}
{'args': ((14, 0, slice(0, 960, None), slice(None, None, None)),), 'dataset shape': (40, 11, 1921, 2560), 'dataset chunks': (7, 1, 385, 512), 'indexing time (s)': 1.6689300537109375e-06, 'chunk number': 1650, 'reduction time (s)': 4.326159238815308, 'chunks processed': 15, 'storage read (B)': 29733505, 'selection 1 time (s)': 4.326379060745239}
{'args': ((15, 0, slice(0, 960, None), slice(None, None, None)),), 'dataset shape': (40, 11, 1921, 2560), 'dataset chunks': (7, 1, 385, 512), 'indexing time (s)': 1.6689300537109375e-06, 'chunk number': 1650, 'reduction time (s)': 4.575167894363403, 'chunks processed': 15, 'storage read (B)': 29733505, 'selection 1 time (s)': 4.5753583908081055}
{'args': ((16, 0, slice(0, 960, None), slice(None, None, None)),), 'dataset shape': (40, 11, 1921, 2560), 'dataset chunks': (7, 1, 385, 512), 'indexing time (s)': 1.1920928955078125e-06, 'chunk number': 1650, 'reduction time (s)': 4.0161824226379395, 'chunks processed': 15, 'storage read (B)': 29733505, 'selection 1 time (s)': 4.016374826431274}
{'args': ((17, 0, slice(0, 960, None), slice(None, None, None)),), 'dataset shape': (40, 11, 1921, 2560), 'dataset chunks': (7, 1, 385, 512), 'indexing time (s)': 1.6689300537109375e-06, 'chunk number': 1650, 'reduction time (s)': 4.064894199371338, 'chunks processed': 15, 'storage read (B)': 29733505, 'selection 1 time (s)': 4.065107583999634}
{'args': ((18, 0, slice(0, 960, None), slice(None, None, None)),), 'dataset shape': (40, 11, 1921, 2560), 'dataset chunks': (7, 1, 385, 512), 'indexing time (s)': 1.6689300537109375e-06, 'chunk number': 1650, 'reduction time (s)': 3.893298625946045, 'chunks processed': 15, 'storage read (B)': 29733505, 'selection 1 time (s)': 3.893484115600586}
{'args': ((19, 0, slice(0, 960, None), slice(None, None, None)),), 'dataset shape': (40, 11, 1921, 2560), 'dataset chunks': (7, 1, 385, 512), 'indexing time (s)': 1.9073486328125e-06, 'chunk number': 1650, 'reduction time (s)': 3.881608247756958, 'chunks processed': 15, 'storage read (B)': 29733505, 'selection 1 time (s)': 3.8818178176879883}
{'args': ((20, 0, slice(0, 960, None), slice(None, None, None)),), 'dataset shape': (40, 11, 1921, 2560), 'dataset chunks': (7, 1, 385, 512), 'indexing time (s)': 1.430511474609375e-06, 'chunk number': 1650, 'reduction time (s)': 4.014320611953735, 'chunks processed': 15, 'storage read (B)': 29733505, 'selection 1 time (s)': 4.014513731002808}
{'args': ((21, 0, slice(0, 960, None), slice(None, None, None)),), 'dataset shape': (40, 11, 1921, 2560), 'dataset chunks': (7, 1, 385, 512), 'indexing time (s)': 1.430511474609375e-06, 'chunk number': 1650, 'reduction time (s)': 4.001823902130127, 'chunks processed': 15, 'storage read (B)': 29686785, 'selection 1 time (s)': 4.0020129680633545}
{'args': ((22, 0, slice(0, 960, None), slice(None, None, None)),), 'dataset shape': (40, 11, 1921, 2560), 'dataset chunks': (7, 1, 385, 512), 'indexing time (s)': 1.1920928955078125e-06, 'chunk number': 1650, 'reduction time (s)': 3.8245396614074707, 'chunks processed': 15, 'storage read (B)': 29686785, 'selection 1 time (s)': 3.82475209236145}
{'args': ((23, 0, slice(0, 960, None), slice(None, None, None)),), 'dataset shape': (40, 11, 1921, 2560), 'dataset chunks': (7, 1, 385, 512), 'indexing time (s)': 1.9073486328125e-06, 'chunk number': 1650, 'reduction time (s)': 3.8227438926696777, 'chunks processed': 15, 'storage read (B)': 29686785, 'selection 1 time (s)': 3.8229331970214844}
{'args': ((24, 0, slice(0, 960, None), slice(None, None, None)),), 'dataset shape': (40, 11, 1921, 2560), 'dataset chunks': (7, 1, 385, 512), 'indexing time (s)': 1.9073486328125e-06, 'chunk number': 1650, 'reduction time (s)': 3.7201242446899414, 'chunks processed': 15, 'storage read (B)': 29686785, 'selection 1 time (s)': 3.7203330993652344}
{'args': ((25, 0, slice(0, 960, None), slice(None, None, None)),), 'dataset shape': (40, 11, 1921, 2560), 'dataset chunks': (7, 1, 385, 512), 'indexing time (s)': 1.430511474609375e-06, 'chunk number': 1650, 'reduction time (s)': 4.03916597366333, 'chunks processed': 15, 'storage read (B)': 29686785, 'selection 1 time (s)': 4.039373874664307}
{'args': ((26, 0, slice(0, 960, None), slice(None, None, None)),), 'dataset shape': (40, 11, 1921, 2560), 'dataset chunks': (7, 1, 385, 512), 'indexing time (s)': 1.6689300537109375e-06, 'chunk number': 1650, 'reduction time (s)': 3.965545415878296, 'chunks processed': 15, 'storage read (B)': 29686785, 'selection 1 time (s)': 3.9657328128814697}
{'args': ((27, 0, slice(0, 960, None), slice(None, None, None)),), 'dataset shape': (40, 11, 1921, 2560), 'dataset chunks': (7, 1, 385, 512), 'indexing time (s)': 1.430511474609375e-06, 'chunk number': 1650, 'reduction time (s)': 3.9806816577911377, 'chunks processed': 15, 'storage read (B)': 29686785, 'selection 1 time (s)': 3.9808902740478516}
{'args': ((28, 0, slice(0, 960, None), slice(None, None, None)),), 'dataset shape': (40, 11, 1921, 2560), 'dataset chunks': (7, 1, 385, 512), 'indexing time (s)': 1.6689300537109375e-06, 'chunk number': 1650, 'reduction time (s)': 4.333009958267212, 'chunks processed': 15, 'storage read (B)': 29670387, 'selection 1 time (s)': 4.3332226276397705}
{'args': ((29, 0, slice(0, 960, None), slice(None, None, None)),), 'dataset shape': (40, 11, 1921, 2560), 'dataset chunks': (7, 1, 385, 512), 'indexing time (s)': 1.9073486328125e-06, 'chunk number': 1650, 'reduction time (s)': 3.7268269062042236, 'chunks processed': 15, 'storage read (B)': 29670387, 'selection 1 time (s)': 3.727048397064209}
{'args': ((30, 0, slice(0, 960, None), slice(None, None, None)),), 'dataset shape': (40, 11, 1921, 2560), 'dataset chunks': (7, 1, 385, 512), 'indexing time (s)': 2.1457672119140625e-06, 'chunk number': 1650, 'reduction time (s)': 3.7288472652435303, 'chunks processed': 15, 'storage read (B)': 29670387, 'selection 1 time (s)': 3.7290403842926025}
{'args': ((31, 0, slice(0, 960, None), slice(None, None, None)),), 'dataset shape': (40, 11, 1921, 2560), 'dataset chunks': (7, 1, 385, 512), 'indexing time (s)': 1.9073486328125e-06, 'chunk number': 1650, 'reduction time (s)': 3.923021078109741, 'chunks processed': 15, 'storage read (B)': 29670387, 'selection 1 time (s)': 3.923222064971924}
{'args': ((32, 0, slice(0, 960, None), slice(None, None, None)),), 'dataset shape': (40, 11, 1921, 2560), 'dataset chunks': (7, 1, 385, 512), 'indexing time (s)': 1.6689300537109375e-06, 'chunk number': 1650, 'reduction time (s)': 3.7977988719940186, 'chunks processed': 15, 'storage read (B)': 29670387, 'selection 1 time (s)': 3.7979862689971924}
{'args': ((33, 0, slice(0, 960, None), slice(None, None, None)),), 'dataset shape': (40, 11, 1921, 2560), 'dataset chunks': (7, 1, 385, 512), 'indexing time (s)': 1.430511474609375e-06, 'chunk number': 1650, 'reduction time (s)': 3.9621872901916504, 'chunks processed': 15, 'storage read (B)': 29670387, 'selection 1 time (s)': 3.962376356124878}
{'args': ((34, 0, slice(0, 960, None), slice(None, None, None)),), 'dataset shape': (40, 11, 1921, 2560), 'dataset chunks': (7, 1, 385, 512), 'indexing time (s)': 1.6689300537109375e-06, 'chunk number': 1650, 'reduction time (s)': 4.0358335971832275, 'chunks processed': 15, 'storage read (B)': 29670387, 'selection 1 time (s)': 4.036024570465088}
{'args': ((35, 0, slice(0, 960, None), slice(None, None, None)),), 'dataset shape': (40, 11, 1921, 2560), 'dataset chunks': (7, 1, 385, 512), 'indexing time (s)': 1.9073486328125e-06, 'chunk number': 1650, 'reduction time (s)': 4.238123178482056, 'chunks processed': 15, 'storage read (B)': 21287473, 'selection 1 time (s)': 4.238348722457886}
{'args': ((36, 0, slice(0, 960, None), slice(None, None, None)),), 'dataset shape': (40, 11, 1921, 2560), 'dataset chunks': (7, 1, 385, 512), 'indexing time (s)': 1.9073486328125e-06, 'chunk number': 1650, 'reduction time (s)': 3.815539836883545, 'chunks processed': 15, 'storage read (B)': 21287473, 'selection 1 time (s)': 3.815735340118408}
{'args': ((37, 0, slice(0, 960, None), slice(None, None, None)),), 'dataset shape': (40, 11, 1921, 2560), 'dataset chunks': (7, 1, 385, 512), 'indexing time (s)': 1.6689300537109375e-06, 'chunk number': 1650, 'reduction time (s)': 3.407386302947998, 'chunks processed': 15, 'storage read (B)': 21287473, 'selection 1 time (s)': 3.4076039791107178}
{'args': ((38, 0, slice(0, 960, None), slice(None, None, None)),), 'dataset shape': (40, 11, 1921, 2560), 'dataset chunks': (7, 1, 385, 512), 'indexing time (s)': 1.6689300537109375e-06, 'chunk number': 1650, 'reduction time (s)': 3.7410061359405518, 'chunks processed': 15, 'storage read (B)': 21287473, 'selection 1 time (s)': 3.7412006855010986}
{'args': ((39, 0, slice(0, 960, None), slice(None, None, None)),), 'dataset shape': (40, 11, 1921, 2560), 'dataset chunks': (7, 1, 385, 512), 'indexing time (s)': 1.6689300537109375e-06, 'chunk number': 1650, 'reduction time (s)': 3.808906316757202, 'chunks processed': 15, 'storage read (B)': 21287473, 'selection 1 time (s)': 3.809128999710083}
[[226.07817708]
 [226.06473958]
 [225.93765625]
 [225.90807292]
 [225.91734375]
 [225.88453125]
 [225.82075521]
 [225.85440104]
 [225.98328125]
 [226.03804687]
 [226.01315104]
 [226.02330729]
 [226.03770833]
 [226.00476563]
 [225.91765625]
 [225.94036458]
 [225.98721354]
 [225.9146875 ]
 [225.81242188]
 [225.81869792]
 [225.84526042]
 [225.78497396]
 [225.63651042]
 [225.55651042]
 [225.45734375]
 [225.32369792]
 [225.16325521]
 [225.07794271]
 [225.07846354]
 [225.10664063]
 [225.17609375]
 [225.36880208]
 [225.57911458]
 [225.69080729]
 [225.72229167]
 [225.82367188]
 [225.93658854]
 [225.96765625]
 [225.91861979]
 [225.9225    ]]
Summary:  Sc4:Local (T1,BS1): 3.91s,159.8s,171.8s
