Dataset loaded from S3 with s3fs and Pyfive: bnl/ch330a.pc19790301-def.nc (4.0,5.1)
Thread times [0.18376612663269043, 0.15137529373168945, 0.19692683219909668, 0.17955493927001953, 0.145751953125, 0.09885001182556152, 0.2408769130706787, 0.15655875205993652, 1.1832969188690186, 0.42883920669555664, 0.13747882843017578, 0.26022815704345703, 0.14864015579223633, 0.3064613342285156, 0.09430289268493652]
{'load nc time': 9.29900336265564, 'args': ((0, 0, slice(0, 960, None), slice(None, None, None)),), 'dataset shape': (40, 11, 1921, 2560), 'dataset chunks': (7, 1, 385, 512), 'indexing time (s)': 12.713350772857666, 'chunk number': 1650, 'reduction time (s)': 3.914792776107788, 'chunks processed': 15, 'storage read (B)': 29685482, 'selection 2 time (s)': 16.63117003440857}
Thread times [0.2426156997680664, 0.18383216857910156, 0.07422113418579102, 0.07840991020202637, 0.10526180267333984, 0.09473109245300293, 0.17041707038879395, 0.09897017478942871, 0.45647692680358887, 0.10100507736206055, 0.0973200798034668, 0.34354090690612793, 0.08823895454406738, 0.0894012451171875, 0.09796881675720215]
{'args': ((1, 0, slice(0, 960, None), slice(None, None, None)),), 'dataset shape': (40, 11, 1921, 2560), 'dataset chunks': (7, 1, 385, 512), 'indexing time (s)': 2.1457672119140625e-06, 'chunk number': 1650, 'reduction time (s)': 2.3237359523773193, 'chunks processed': 15, 'storage read (B)': 29685482, 'selection 2 time (s)': 2.3261470794677734}
Thread times [0.08666801452636719, 0.11057901382446289, 0.07091593742370605, 0.06180095672607422, 0.5964710712432861, 0.09510111808776855, 0.10743021965026855, 0.11644101142883301, 0.2628440856933594, 0.10023093223571777, 0.16080188751220703, 0.24617600440979004, 0.09483695030212402, 0.09383201599121094, 0.17919588088989258]
{'args': ((2, 0, slice(0, 960, None), slice(None, None, None)),), 'dataset shape': (40, 11, 1921, 2560), 'dataset chunks': (7, 1, 385, 512), 'indexing time (s)': 2.1457672119140625e-06, 'chunk number': 1650, 'reduction time (s)': 2.3850960731506348, 'chunks processed': 15, 'storage read (B)': 29685482, 'selection 2 time (s)': 2.388467311859131}
Thread times [0.1441640853881836, 0.28511595726013184, 0.07268977165222168, 0.06936073303222656, 0.08039188385009766, 0.30145931243896484, 0.09602713584899902, 0.29259395599365234, 0.28152990341186523, 0.0876779556274414, 0.0922079086303711, 0.2436509132385254, 0.0867929458618164, 0.1047811508178711, 0.10713315010070801]
{'args': ((3, 0, slice(0, 960, None), slice(None, None, None)),), 'dataset shape': (40, 11, 1921, 2560), 'dataset chunks': (7, 1, 385, 512), 'indexing time (s)': 2.1457672119140625e-06, 'chunk number': 1650, 'reduction time (s)': 2.347174882888794, 'chunks processed': 15, 'storage read (B)': 29685482, 'selection 2 time (s)': 2.350334882736206}
Thread times [0.1755199432373047, 0.06650018692016602, 0.07758283615112305, 0.07325911521911621, 0.08471488952636719, 0.09296989440917969, 0.12909793853759766, 0.09505581855773926, 0.25279998779296875, 0.08173990249633789, 0.10891604423522949, 0.24402403831481934, 0.09441828727722168, 0.17145180702209473, 0.09613180160522461]
{'args': ((4, 0, slice(0, 960, None), slice(None, None, None)),), 'dataset shape': (40, 11, 1921, 2560), 'dataset chunks': (7, 1, 385, 512), 'indexing time (s)': 2.6226043701171875e-06, 'chunk number': 1650, 'reduction time (s)': 1.8459630012512207, 'chunks processed': 15, 'storage read (B)': 29685482, 'selection 2 time (s)': 1.849181890487671}
Thread times [0.2396681308746338, 0.06300806999206543, 0.1207590103149414, 0.06782197952270508, 0.08355093002319336, 0.08908224105834961, 0.11461901664733887, 0.08123207092285156, 0.3353722095489502, 0.09793686866760254, 0.08785891532897949, 0.2503058910369873, 0.0847470760345459, 0.09889674186706543, 0.18114995956420898]
{'args': ((5, 0, slice(0, 960, None), slice(None, None, None)),), 'dataset shape': (40, 11, 1921, 2560), 'dataset chunks': (7, 1, 385, 512), 'indexing time (s)': 1.9073486328125e-06, 'chunk number': 1650, 'reduction time (s)': 1.9973559379577637, 'chunks processed': 15, 'storage read (B)': 29685482, 'selection 2 time (s)': 2.0000600814819336}
Thread times [0.09943985939025879, 0.0615239143371582, 0.0711202621459961, 0.0674278736114502, 0.08087706565856934, 0.14060282707214355, 1.2149338722229004, 0.35687994956970215, 0.2382981777191162, 0.10146212577819824, 0.08537411689758301, 0.2399911880493164, 0.09736990928649902, 0.1595001220703125, 0.12767291069030762]
{'args': ((6, 0, slice(0, 960, None), slice(None, None, None)),), 'dataset shape': (40, 11, 1921, 2560), 'dataset chunks': (7, 1, 385, 512), 'indexing time (s)': 1.9073486328125e-06, 'chunk number': 1650, 'reduction time (s)': 3.143897771835327, 'chunks processed': 15, 'storage read (B)': 29685482, 'selection 2 time (s)': 3.145606279373169}
Thread times [0.10561823844909668, 0.07242012023925781, 0.10329699516296387, 0.11243915557861328, 0.1269991397857666, 0.10546708106994629, 0.12006616592407227, 0.10360598564147949, 0.40019893646240234, 0.1118462085723877, 0.2075667381286621, 0.11762595176696777, 0.13511300086975098, 0.27078700065612793, 0.13222694396972656]
{'args': ((7, 0, slice(0, 960, None), slice(None, None, None)),), 'dataset shape': (40, 11, 1921, 2560), 'dataset chunks': (7, 1, 385, 512), 'indexing time (s)': 1.1920928955078125e-06, 'chunk number': 1650, 'reduction time (s)': 2.226701021194458, 'chunks processed': 15, 'storage read (B)': 29701892, 'selection 2 time (s)': 2.229260206222534}
Thread times [0.09956502914428711, 0.10414385795593262, 0.08287787437438965, 0.10213708877563477, 0.08828020095825195, 0.08813905715942383, 0.09564590454101562, 0.0948343276977539, 0.2719728946685791, 0.09354805946350098, 0.1269359588623047, 0.09538817405700684, 0.17451786994934082, 0.09963369369506836, 0.09874415397644043]
{'args': ((8, 0, slice(0, 960, None), slice(None, None, None)),), 'dataset shape': (40, 11, 1921, 2560), 'dataset chunks': (7, 1, 385, 512), 'indexing time (s)': 1.9073486328125e-06, 'chunk number': 1650, 'reduction time (s)': 1.7194056510925293, 'chunks processed': 15, 'storage read (B)': 29701892, 'selection 2 time (s)': 1.7205228805541992}
Thread times [0.0978538990020752, 0.14296507835388184, 0.07579493522644043, 0.07838892936706543, 0.08348226547241211, 0.08985114097595215, 0.08735084533691406, 0.10888195037841797, 0.23584604263305664, 0.14872980117797852, 0.14111685752868652, 0.10129690170288086, 0.10532212257385254, 0.09266495704650879, 0.09668874740600586]
{'args': ((9, 0, slice(0, 960, None), slice(None, None, None)),), 'dataset shape': (40, 11, 1921, 2560), 'dataset chunks': (7, 1, 385, 512), 'indexing time (s)': 9.5367431640625e-07, 'chunk number': 1650, 'reduction time (s)': 1.6877539157867432, 'chunks processed': 15, 'storage read (B)': 29701892, 'selection 2 time (s)': 1.690242052078247}
Thread times [0.1260221004486084, 0.10008096694946289, 0.08581829071044922, 0.3393290042877197, 0.1103360652923584, 0.10352396965026855, 0.09855389595031738, 0.09139418601989746, 0.23750901222229004, 0.09014725685119629, 0.09299588203430176, 0.0887448787689209, 0.13568997383117676, 0.17101216316223145, 0.1481940746307373]
{'args': ((10, 0, slice(0, 960, None), slice(None, None, None)),), 'dataset shape': (40, 11, 1921, 2560), 'dataset chunks': (7, 1, 385, 512), 'indexing time (s)': 1.9073486328125e-06, 'chunk number': 1650, 'reduction time (s)': 2.0210020542144775, 'chunks processed': 15, 'storage read (B)': 29701892, 'selection 2 time (s)': 2.023817300796509}
Thread times [0.09113907814025879, 0.10493278503417969, 0.08986687660217285, 0.09156107902526855, 0.10176301002502441, 0.09262681007385254, 0.14841604232788086, 0.0973517894744873, 0.42908787727355957, 0.15235209465026855, 0.0943911075592041, 0.12223291397094727, 0.15337610244750977, 0.1154179573059082, 0.11141085624694824]
{'args': ((11, 0, slice(0, 960, None), slice(None, None, None)),), 'dataset shape': (40, 11, 1921, 2560), 'dataset chunks': (7, 1, 385, 512), 'indexing time (s)': 2.1457672119140625e-06, 'chunk number': 1650, 'reduction time (s)': 1.9972999095916748, 'chunks processed': 15, 'storage read (B)': 29701892, 'selection 2 time (s)': 1.999535083770752}
Thread times [0.09338974952697754, 0.19986605644226074, 0.09324479103088379, 0.09739184379577637, 0.09430718421936035, 0.10147285461425781, 0.13863587379455566, 0.09225010871887207, 0.2637019157409668, 0.16828513145446777, 0.08788609504699707, 0.09346199035644531, 0.08946609497070312, 0.08718180656433105, 0.16568207740783691]
{'args': ((12, 0, slice(0, 960, None), slice(None, None, None)),), 'dataset shape': (40, 11, 1921, 2560), 'dataset chunks': (7, 1, 385, 512), 'indexing time (s)': 2.1457672119140625e-06, 'chunk number': 1650, 'reduction time (s)': 1.8696379661560059, 'chunks processed': 15, 'storage read (B)': 29701892, 'selection 2 time (s)': 1.8725478649139404}
Thread times [0.1164999008178711, 0.05976390838623047, 0.09805893898010254, 0.08161091804504395, 0.16287612915039062, 0.1365818977355957, 0.19606399536132812, 0.09790277481079102, 0.227308988571167, 0.1499321460723877, 0.23974180221557617, 0.09478092193603516, 0.08531713485717773, 0.10120701789855957, 0.24465274810791016]
{'args': ((13, 0, slice(0, 960, None), slice(None, None, None)),), 'dataset shape': (40, 11, 1921, 2560), 'dataset chunks': (7, 1, 385, 512), 'indexing time (s)': 2.1457672119140625e-06, 'chunk number': 1650, 'reduction time (s)': 2.094146728515625, 'chunks processed': 15, 'storage read (B)': 29701892, 'selection 2 time (s)': 2.098079204559326}
Thread times [0.14968490600585938, 0.1319878101348877, 0.12011122703552246, 0.1167759895324707, 0.09362196922302246, 0.13032102584838867, 0.11676812171936035, 0.1822528839111328, 0.2950749397277832, 0.2287430763244629, 0.0866091251373291, 0.11171293258666992, 0.10476994514465332, 0.22100210189819336, 0.09313511848449707]
{'args': ((14, 0, slice(0, 960, None), slice(None, None, None)),), 'dataset shape': (40, 11, 1921, 2560), 'dataset chunks': (7, 1, 385, 512), 'indexing time (s)': 5.9604644775390625e-06, 'chunk number': 1650, 'reduction time (s)': 2.1844232082366943, 'chunks processed': 15, 'storage read (B)': 29733505, 'selection 2 time (s)': 2.1875319480895996}
Thread times [0.10551118850708008, 0.07188606262207031, 0.07428359985351562, 0.1751079559326172, 0.09195899963378906, 0.08352184295654297, 0.09124302864074707, 0.08357024192810059, 0.23309087753295898, 0.12542414665222168, 0.0775609016418457, 0.08846902847290039, 0.173353910446167, 0.10462117195129395, 0.1354360580444336]
{'args': ((15, 0, slice(0, 960, None), slice(None, None, None)),), 'dataset shape': (40, 11, 1921, 2560), 'dataset chunks': (7, 1, 385, 512), 'indexing time (s)': 2.1457672119140625e-06, 'chunk number': 1650, 'reduction time (s)': 1.7165791988372803, 'chunks processed': 15, 'storage read (B)': 29733505, 'selection 2 time (s)': 1.7199289798736572}
Thread times [0.1071619987487793, 0.07895493507385254, 0.09540581703186035, 0.08629798889160156, 0.07873797416687012, 0.1022641658782959, 0.08610820770263672, 0.17189693450927734, 0.3087611198425293, 0.11629486083984375, 0.1285078525543213, 0.14383983612060547, 0.10845804214477539, 0.24108004570007324, 0.10078597068786621]
{'args': ((16, 0, slice(0, 960, None), slice(None, None, None)),), 'dataset shape': (40, 11, 1921, 2560), 'dataset chunks': (7, 1, 385, 512), 'indexing time (s)': 2.86102294921875e-06, 'chunk number': 1650, 'reduction time (s)': 1.9559953212738037, 'chunks processed': 15, 'storage read (B)': 29733505, 'selection 2 time (s)': 1.9582488536834717}
Thread times [0.10098099708557129, 0.08027100563049316, 0.2396390438079834, 0.0971689224243164, 0.12111902236938477, 0.12174105644226074, 0.1845688819885254, 0.11131906509399414, 0.4558699131011963, 0.09932589530944824, 0.08852410316467285, 0.08797478675842285, 0.09125494956970215, 1.1621413230895996, 0.11166596412658691]
{'args': ((17, 0, slice(0, 960, None), slice(None, None, None)),), 'dataset shape': (40, 11, 1921, 2560), 'dataset chunks': (7, 1, 385, 512), 'indexing time (s)': 1.9073486328125e-06, 'chunk number': 1650, 'reduction time (s)': 3.1549129486083984, 'chunks processed': 15, 'storage read (B)': 29733505, 'selection 2 time (s)': 3.1559159755706787}
Thread times [0.08510708808898926, 0.09258389472961426, 0.23356389999389648, 0.13231778144836426, 0.11847710609436035, 0.08793973922729492, 0.18660378456115723, 0.09762883186340332, 0.23084497451782227, 0.08859491348266602, 0.10690999031066895, 0.08962368965148926, 0.15787601470947266, 0.09595966339111328, 0.09022784233093262]
{'args': ((18, 0, slice(0, 960, None), slice(None, None, None)),), 'dataset shape': (40, 11, 1921, 2560), 'dataset chunks': (7, 1, 385, 512), 'indexing time (s)': 0.0, 'chunk number': 1650, 'reduction time (s)': 1.8962891101837158, 'chunks processed': 15, 'storage read (B)': 29733505, 'selection 2 time (s)': 1.8987090587615967}
Thread times [0.16698813438415527, 0.0837411880493164, 0.07302594184875488, 0.09726119041442871, 0.07966113090515137, 0.10759496688842773, 0.1097559928894043, 0.10612082481384277, 0.3105151653289795, 0.10589885711669922, 0.08611297607421875, 0.09089303016662598, 0.08829593658447266, 0.1578681468963623, 0.09351706504821777]
{'args': ((19, 0, slice(0, 960, None), slice(None, None, None)),), 'dataset shape': (40, 11, 1921, 2560), 'dataset chunks': (7, 1, 385, 512), 'indexing time (s)': 3.0994415283203125e-06, 'chunk number': 1650, 'reduction time (s)': 1.759253978729248, 'chunks processed': 15, 'storage read (B)': 29733505, 'selection 2 time (s)': 1.7622509002685547}
Thread times [0.10213804244995117, 0.07565426826477051, 0.07694816589355469, 0.1718740463256836, 0.09937810897827148, 0.1179800033569336, 0.0950932502746582, 0.20426011085510254, 0.26358509063720703, 0.11887407302856445, 0.14121389389038086, 0.09967470169067383, 0.10273909568786621, 0.09661293029785156, 0.0887448787689209]
{'args': ((20, 0, slice(0, 960, None), slice(None, None, None)),), 'dataset shape': (40, 11, 1921, 2560), 'dataset chunks': (7, 1, 385, 512), 'indexing time (s)': 1.6689300537109375e-06, 'chunk number': 1650, 'reduction time (s)': 1.8560490608215332, 'chunks processed': 15, 'storage read (B)': 29733505, 'selection 2 time (s)': 1.857158899307251}
Thread times [0.14273285865783691, 0.0760490894317627, 0.12875008583068848, 0.11010313034057617, 0.20143628120422363, 0.10561418533325195, 0.11356306076049805, 0.10421299934387207, 0.11160707473754883, 0.18993115425109863, 0.2022390365600586, 0.12537884712219238, 0.2554359436035156, 0.24543070793151855, 0.11907672882080078]
{'args': ((21, 0, slice(0, 960, None), slice(None, None, None)),), 'dataset shape': (40, 11, 1921, 2560), 'dataset chunks': (7, 1, 385, 512), 'indexing time (s)': 9.5367431640625e-07, 'chunk number': 1650, 'reduction time (s)': 2.23282790184021, 'chunks processed': 15, 'storage read (B)': 29686785, 'selection 2 time (s)': 2.234935998916626}
Thread times [0.09230804443359375, 0.05954885482788086, 0.08598494529724121, 0.08515310287475586, 0.07975506782531738, 0.11779284477233887, 0.08903074264526367, 0.09506702423095703, 0.10264706611633301, 0.10209369659423828, 0.13602995872497559, 0.1207571029663086, 0.2817561626434326, 0.2218019962310791, 0.07872486114501953]
{'args': ((22, 0, slice(0, 960, None), slice(None, None, None)),), 'dataset shape': (40, 11, 1921, 2560), 'dataset chunks': (7, 1, 385, 512), 'indexing time (s)': 1.6689300537109375e-06, 'chunk number': 1650, 'reduction time (s)': 1.7499899864196777, 'chunks processed': 15, 'storage read (B)': 29686785, 'selection 2 time (s)': 1.7520639896392822}
Thread times [0.16972684860229492, 0.06201529502868652, 0.11098694801330566, 0.07521390914916992, 0.0652761459350586, 0.07991194725036621, 0.12856197357177734, 0.1758720874786377, 0.15121889114379883, 0.08444499969482422, 0.08996009826660156, 0.08609390258789062, 0.34854912757873535, 0.18741893768310547, 0.09930419921875]
{'args': ((23, 0, slice(0, 960, None), slice(None, None, None)),), 'dataset shape': (40, 11, 1921, 2560), 'dataset chunks': (7, 1, 385, 512), 'indexing time (s)': 1.9073486328125e-06, 'chunk number': 1650, 'reduction time (s)': 1.9160339832305908, 'chunks processed': 15, 'storage read (B)': 29686785, 'selection 2 time (s)': 1.9186930656433105}
Thread times [0.09977507591247559, 0.059970855712890625, 0.09120893478393555, 0.08645486831665039, 0.070404052734375, 0.11286091804504395, 0.10360288619995117, 0.09804201126098633, 0.1162722110748291, 0.09881186485290527, 0.10636019706726074, 0.09414172172546387, 0.2368638515472412, 0.2585420608520508, 0.08713388442993164]
{'args': ((24, 0, slice(0, 960, None), slice(None, None, None)),), 'dataset shape': (40, 11, 1921, 2560), 'dataset chunks': (7, 1, 385, 512), 'indexing time (s)': 2.1457672119140625e-06, 'chunk number': 1650, 'reduction time (s)': 1.722402811050415, 'chunks processed': 15, 'storage read (B)': 29686785, 'selection 2 time (s)': 1.7247819900512695}
Thread times [0.09793806076049805, 0.06001091003417969, 0.09337425231933594, 0.11695718765258789, 0.0671072006225586, 0.08581995964050293, 0.08990812301635742, 0.14001989364624023, 0.1421048641204834, 0.08922314643859863, 0.09912800788879395, 0.10733914375305176, 0.26981496810913086, 0.24213290214538574, 0.08929610252380371]
{'args': ((25, 0, slice(0, 960, None), slice(None, None, None)),), 'dataset shape': (40, 11, 1921, 2560), 'dataset chunks': (7, 1, 385, 512), 'indexing time (s)': 1.9073486328125e-06, 'chunk number': 1650, 'reduction time (s)': 1.7918047904968262, 'chunks processed': 15, 'storage read (B)': 29686785, 'selection 2 time (s)': 1.7943658828735352}
Thread times [0.14781808853149414, 0.06337404251098633, 0.1277167797088623, 0.08440899848937988, 0.07387113571166992, 0.17383503913879395, 0.09958600997924805, 0.1175689697265625, 0.09801316261291504, 0.2086801528930664, 0.08771920204162598, 0.13040494918823242, 0.30808496475219727, 0.22357583045959473, 0.08619499206542969]
{'args': ((26, 0, slice(0, 960, None), slice(None, None, None)),), 'dataset shape': (40, 11, 1921, 2560), 'dataset chunks': (7, 1, 385, 512), 'indexing time (s)': 2.1457672119140625e-06, 'chunk number': 1650, 'reduction time (s)': 2.032392978668213, 'chunks processed': 15, 'storage read (B)': 29686785, 'selection 2 time (s)': 2.0349390506744385}
Thread times [0.09196209907531738, 0.11687707901000977, 0.12253689765930176, 0.09103202819824219, 0.08309006690979004, 0.08764386177062988, 0.13956975936889648, 0.09656810760498047, 0.09689188003540039, 0.09672403335571289, 0.09471416473388672, 0.13930702209472656, 0.2181696891784668, 0.19091200828552246, 0.11497092247009277]
{'args': ((27, 0, slice(0, 960, None), slice(None, None, None)),), 'dataset shape': (40, 11, 1921, 2560), 'dataset chunks': (7, 1, 385, 512), 'indexing time (s)': 2.1457672119140625e-06, 'chunk number': 1650, 'reduction time (s)': 1.782444953918457, 'chunks processed': 15, 'storage read (B)': 29686785, 'selection 2 time (s)': 1.7847280502319336}
Thread times [0.1429731845855713, 0.07378506660461426, 0.10012316703796387, 0.09264206886291504, 0.11198997497558594, 0.16670489311218262, 0.11568570137023926, 0.38419508934020996, 0.12338399887084961, 0.09485507011413574, 0.11164307594299316, 0.24450302124023438, 0.09919118881225586, 0.12208890914916992, 0.09691214561462402]
{'args': ((28, 0, slice(0, 960, None), slice(None, None, None)),), 'dataset shape': (40, 11, 1921, 2560), 'dataset chunks': (7, 1, 385, 512), 'indexing time (s)': 1.1920928955078125e-06, 'chunk number': 1650, 'reduction time (s)': 2.0825021266937256, 'chunks processed': 15, 'storage read (B)': 29670387, 'selection 2 time (s)': 2.0853700637817383}
Thread times [0.10324978828430176, 0.07342219352722168, 0.10535097122192383, 0.07781481742858887, 0.13195109367370605, 0.12561988830566406, 0.11484909057617188, 0.09679388999938965, 0.09461092948913574, 0.09092593193054199, 0.08970499038696289, 0.2588059902191162, 0.13138103485107422, 0.10958099365234375, 0.08679914474487305]
{'args': ((29, 0, slice(0, 960, None), slice(None, None, None)),), 'dataset shape': (40, 11, 1921, 2560), 'dataset chunks': (7, 1, 385, 512), 'indexing time (s)': 2.1457672119140625e-06, 'chunk number': 1650, 'reduction time (s)': 1.6926720142364502, 'chunks processed': 15, 'storage read (B)': 29670387, 'selection 2 time (s)': 1.6946930885314941}
Thread times [0.09713101387023926, 0.05768609046936035, 0.0739891529083252, 0.07768702507019043, 0.11744475364685059, 0.1207427978515625, 0.09405183792114258, 0.09228706359863281, 0.09512495994567871, 0.08611488342285156, 0.253032922744751, 0.290020227432251, 0.07709288597106934, 0.12439990043640137, 0.09441590309143066]
{'args': ((30, 0, slice(0, 960, None), slice(None, None, None)),), 'dataset shape': (40, 11, 1921, 2560), 'dataset chunks': (7, 1, 385, 512), 'indexing time (s)': 1.1920928955078125e-06, 'chunk number': 1650, 'reduction time (s)': 1.7531781196594238, 'chunks processed': 15, 'storage read (B)': 29670387, 'selection 2 time (s)': 1.7564411163330078}
Thread times [0.09652304649353027, 0.06627082824707031, 0.1951298713684082, 0.16739106178283691, 0.08860397338867188, 0.10892605781555176, 0.13898491859436035, 0.08819103240966797, 0.0927119255065918, 0.08881115913391113, 0.08856391906738281, 0.18747496604919434, 0.07828307151794434, 0.1437370777130127, 0.08063912391662598]
{'args': ((31, 0, slice(0, 960, None), slice(None, None, None)),), 'dataset shape': (40, 11, 1921, 2560), 'dataset chunks': (7, 1, 385, 512), 'indexing time (s)': 4.0531158447265625e-06, 'chunk number': 1650, 'reduction time (s)': 1.711939811706543, 'chunks processed': 15, 'storage read (B)': 29670387, 'selection 2 time (s)': 1.7143900394439697}
Thread times [0.10840702056884766, 0.06704306602478027, 0.0912778377532959, 0.08263611793518066, 0.08389711380004883, 0.1100759506225586, 0.1349029541015625, 0.08144116401672363, 0.09014701843261719, 0.08411312103271484, 0.1052548885345459, 0.24458885192871094, 0.0914769172668457, 0.13072490692138672, 0.11321401596069336]
{'args': ((32, 0, slice(0, 960, None), slice(None, None, None)),), 'dataset shape': (40, 11, 1921, 2560), 'dataset chunks': (7, 1, 385, 512), 'indexing time (s)': 9.5367431640625e-07, 'chunk number': 1650, 'reduction time (s)': 1.6207480430603027, 'chunks processed': 15, 'storage read (B)': 29670387, 'selection 2 time (s)': 1.6233551502227783}
Thread times [0.09475111961364746, 0.0591890811920166, 0.0880439281463623, 0.09247207641601562, 0.0894467830657959, 0.13074398040771484, 0.08785891532897949, 0.07592296600341797, 0.11450791358947754, 0.09335088729858398, 0.20472002029418945, 0.27793002128601074, 0.07893681526184082, 0.1107492446899414, 0.0893251895904541]
{'args': ((33, 0, slice(0, 960, None), slice(None, None, None)),), 'dataset shape': (40, 11, 1921, 2560), 'dataset chunks': (7, 1, 385, 512), 'indexing time (s)': 1.9073486328125e-06, 'chunk number': 1650, 'reduction time (s)': 1.6894891262054443, 'chunks processed': 15, 'storage read (B)': 29670387, 'selection 2 time (s)': 1.6918718814849854}
Thread times [0.09006786346435547, 0.06774663925170898, 0.08011078834533691, 0.09595823287963867, 0.09695100784301758, 0.09835505485534668, 0.09124112129211426, 0.1030120849609375, 0.09429717063903809, 0.09795594215393066, 0.08522200584411621, 0.2817881107330322, 0.08746123313903809, 0.08762121200561523, 0.09106802940368652]
{'args': ((34, 0, slice(0, 960, None), slice(None, None, None)),), 'dataset shape': (40, 11, 1921, 2560), 'dataset chunks': (7, 1, 385, 512), 'indexing time (s)': 1.9073486328125e-06, 'chunk number': 1650, 'reduction time (s)': 1.5501458644866943, 'chunks processed': 15, 'storage read (B)': 29670387, 'selection 2 time (s)': 1.5513360500335693}
Thread times [0.16283702850341797, 0.10209107398986816, 0.08496713638305664, 0.10774612426757812, 0.11139488220214844, 0.10494494438171387, 0.10764002799987793, 0.07458901405334473, 0.10073494911193848, 0.09693622589111328, 0.10164904594421387, 0.08704614639282227, 0.09433388710021973, 0.08745217323303223, 0.14660406112670898]
{'args': ((35, 0, slice(0, 960, None), slice(None, None, None)),), 'dataset shape': (40, 11, 1921, 2560), 'dataset chunks': (7, 1, 385, 512), 'indexing time (s)': 7.152557373046875e-07, 'chunk number': 1650, 'reduction time (s)': 1.5723183155059814, 'chunks processed': 15, 'storage read (B)': 21287473, 'selection 2 time (s)': 1.5742499828338623}
Thread times [0.16264891624450684, 0.062280893325805664, 0.05535292625427246, 0.11697793006896973, 0.06490302085876465, 0.07903575897216797, 0.08130121231079102, 0.07669186592102051, 0.11303281784057617, 0.10129189491271973, 0.08973431587219238, 0.1415109634399414, 0.08571696281433105, 0.08478474617004395, 0.08350801467895508]
{'args': ((36, 0, slice(0, 960, None), slice(None, None, None)),), 'dataset shape': (40, 11, 1921, 2560), 'dataset chunks': (7, 1, 385, 512), 'indexing time (s)': 2.1457672119140625e-06, 'chunk number': 1650, 'reduction time (s)': 1.4006462097167969, 'chunks processed': 15, 'storage read (B)': 21287473, 'selection 2 time (s)': 1.4033010005950928}
Thread times [0.1059269905090332, 0.0670781135559082, 0.07545185089111328, 0.09304070472717285, 0.06397390365600586, 0.0816352367401123, 0.09206819534301758, 0.0792093276977539, 0.08896732330322266, 0.09660005569458008, 0.1380469799041748, 0.12838506698608398, 0.09882211685180664, 0.09630584716796875, 0.10298013687133789]
{'args': ((37, 0, slice(0, 960, None), slice(None, None, None)),), 'dataset shape': (40, 11, 1921, 2560), 'dataset chunks': (7, 1, 385, 512), 'indexing time (s)': 1.9073486328125e-06, 'chunk number': 1650, 'reduction time (s)': 1.4102888107299805, 'chunks processed': 15, 'storage read (B)': 21287473, 'selection 2 time (s)': 1.4127769470214844}
Thread times [0.10881805419921875, 0.061989784240722656, 0.09788918495178223, 0.11013126373291016, 0.0744009017944336, 0.11068320274353027, 0.11154508590698242, 0.07451820373535156, 0.08989787101745605, 0.10740780830383301, 0.08110904693603516, 0.09192490577697754, 0.08400487899780273, 0.08427119255065918, 0.09945082664489746]
{'args': ((38, 0, slice(0, 960, None), slice(None, None, None)),), 'dataset shape': (40, 11, 1921, 2560), 'dataset chunks': (7, 1, 385, 512), 'indexing time (s)': 1.6689300537109375e-06, 'chunk number': 1650, 'reduction time (s)': 1.3897969722747803, 'chunks processed': 15, 'storage read (B)': 21287473, 'selection 2 time (s)': 1.392869234085083}
Thread times [0.19756388664245605, 0.05928182601928711, 0.07109308242797852, 0.07242298126220703, 0.11382699012756348, 0.08667325973510742, 0.08081722259521484, 0.06931281089782715, 0.08333897590637207, 0.12304997444152832, 0.0772709846496582, 0.1393871307373047, 0.11381411552429199, 0.08466935157775879, 0.07843399047851562]
{'args': ((39, 0, slice(0, 960, None), slice(None, None, None)),), 'dataset shape': (40, 11, 1921, 2560), 'dataset chunks': (7, 1, 385, 512), 'indexing time (s)': 2.1457672119140625e-06, 'chunk number': 1650, 'reduction time (s)': 1.4525048732757568, 'chunks processed': 15, 'storage read (B)': 21287473, 'selection 2 time (s)': 1.455070972442627}
[[226.07820312]
 [226.0646875 ]
 [225.93776042]
 [225.90820312]
 [225.91739583]
 [225.88460937]
 [225.82080729]
 [225.85434896]
 [225.9834375 ]
 [226.03822917]
 [226.01317708]
 [226.02333333]
 [226.03765625]
 [226.00486979]
 [225.91778646]
 [225.9403125 ]
 [225.98729167]
 [225.91450521]
 [225.81239583]
 [225.81890625]
 [225.8453125 ]
 [225.785     ]
 [225.63648438]
 [225.5565625 ]
 [225.45744792]
 [225.32382813]
 [225.16335937]
 [225.07786458]
 [225.07846354]
 [225.10669271]
 [225.17606771]
 [225.36867187]
 [225.57927083]
 [225.69083333]
 [225.7221875 ]
 [225.82367188]
 [225.93640625]
 [225.96760417]
 [225.91875   ]
 [225.92236979]]
Summary:  Uni24whidch :Active (T1,BS1): 9.3s,78.65s,100.8s
