Dataset loaded from S3 with s3fs and Pyfive: bnl/ch330a.pc19790301-def.nc (0.029,0.99)
Thread times [0.27522706985473633, 0.35333991050720215, 0.3737471103668213, 0.3278388977050781, 0.32347607612609863, 0.44205713272094727, 0.3245370388031006, 0.39394283294677734, 0.45254969596862793, 0.38843202590942383, 0.31572890281677246, 0.5146918296813965, 0.40105700492858887, 0.3276240825653076, 0.42382383346557617]
{'load nc time': 1.1771137714385986, 'args': ((0, 0, slice(0, 960, None), slice(None, None, None)),), 'dataset shape': (40, 11, 1921, 2560), 'dataset chunks': (7, 1, 385, 512), 'indexing time (s)': 5.320305347442627, 'chunk number': 1650, 'reduction time (s)': 5.638900995254517, 'chunks processed': 15, 'storage read (B)': 29685482, 'selection 1 time (s)': 10.959526777267456}
Thread times [0.22731399536132812, 0.20669889450073242, 0.26047706604003906, 0.25777411460876465, 0.29593706130981445, 0.4366118907928467, 0.320828914642334, 0.35286593437194824, 0.46727776527404785, 0.3377988338470459, 0.3091390132904053, 0.590033769607544, 0.468703031539917, 0.3643348217010498, 0.37505197525024414]
{'args': ((1, 0, slice(0, 960, None), slice(None, None, None)),), 'dataset shape': (40, 11, 1921, 2560), 'dataset chunks': (7, 1, 385, 512), 'indexing time (s)': 9.5367431640625e-07, 'chunk number': 1650, 'reduction time (s)': 5.271586179733276, 'chunks processed': 15, 'storage read (B)': 29685482, 'selection 1 time (s)': 5.271688938140869}
Thread times [0.2699401378631592, 0.3148679733276367, 0.31441211700439453, 0.31186485290527344, 0.28187990188598633, 1.031142234802246, 0.3939328193664551, 0.38326406478881836, 0.7213540077209473, 0.3376188278198242, 0.3892049789428711, 0.4732699394226074, 0.6220722198486328, 0.3392777442932129, 0.32238173484802246]
{'args': ((2, 0, slice(0, 960, None), slice(None, None, None)),), 'dataset shape': (40, 11, 1921, 2560), 'dataset chunks': (7, 1, 385, 512), 'indexing time (s)': 9.5367431640625e-07, 'chunk number': 1650, 'reduction time (s)': 6.507246017456055, 'chunks processed': 15, 'storage read (B)': 29685482, 'selection 1 time (s)': 6.5073442459106445}
Thread times [0.2645387649536133, 0.6652798652648926, 0.2930896282196045, 0.37366223335266113, 0.426455020904541, 0.46001672744750977, 0.4238879680633545, 0.42455577850341797, 0.8891699314117432, 0.40361595153808594, 0.3617081642150879, 0.5122010707855225, 0.3910830020904541, 0.38055920600891113, 0.35889387130737305]
{'args': ((3, 0, slice(0, 960, None), slice(None, None, None)),), 'dataset shape': (40, 11, 1921, 2560), 'dataset chunks': (7, 1, 385, 512), 'indexing time (s)': 1.1920928955078125e-06, 'chunk number': 1650, 'reduction time (s)': 6.629447937011719, 'chunks processed': 15, 'storage read (B)': 29685482, 'selection 1 time (s)': 6.629543781280518}
Thread times [0.2087719440460205, 0.22339415550231934, 0.386887788772583, 0.3322770595550537, 0.4496467113494873, 0.4826936721801758, 0.5347723960876465, 0.4045839309692383, 0.5326621532440186, 0.41251087188720703, 0.43059206008911133, 0.648522138595581, 0.4625988006591797, 0.4058821201324463, 0.40094709396362305]
{'args': ((4, 0, slice(0, 960, None), slice(None, None, None)),), 'dataset shape': (40, 11, 1921, 2560), 'dataset chunks': (7, 1, 385, 512), 'indexing time (s)': 9.5367431640625e-07, 'chunk number': 1650, 'reduction time (s)': 6.317465782165527, 'chunks processed': 15, 'storage read (B)': 29685482, 'selection 1 time (s)': 6.317560911178589}
Thread times [0.5259130001068115, 0.2545199394226074, 0.3282349109649658, 0.33087897300720215, 0.3485720157623291, 0.5305337905883789, 0.4572768211364746, 0.4259490966796875, 0.46662306785583496, 0.43774890899658203, 0.4449889659881592, 0.6086306571960449, 0.489778995513916, 0.3911120891571045, 0.4103670120239258]
{'args': ((5, 0, slice(0, 960, None), slice(None, None, None)),), 'dataset shape': (40, 11, 1921, 2560), 'dataset chunks': (7, 1, 385, 512), 'indexing time (s)': 9.5367431640625e-07, 'chunk number': 1650, 'reduction time (s)': 6.451932191848755, 'chunks processed': 15, 'storage read (B)': 29685482, 'selection 1 time (s)': 6.45202374458313}
Thread times [0.3447859287261963, 0.2606160640716553, 0.35805678367614746, 0.29973602294921875, 0.31120991706848145, 0.5063831806182861, 0.3713960647583008, 0.46199703216552734, 0.494312047958374, 0.4127540588378906, 0.4051690101623535, 0.5209531784057617, 0.36041712760925293, 0.31391167640686035, 0.3359839916229248]
{'args': ((6, 0, slice(0, 960, None), slice(None, None, None)),), 'dataset shape': (40, 11, 1921, 2560), 'dataset chunks': (7, 1, 385, 512), 'indexing time (s)': 1.9073486328125e-06, 'chunk number': 1650, 'reduction time (s)': 5.7584593296051025, 'chunks processed': 15, 'storage read (B)': 29685482, 'selection 1 time (s)': 5.75855827331543}
Thread times [0.2480001449584961, 0.2226560115814209, 0.2903468608856201, 0.32105588912963867, 0.2901790142059326, 0.42559194564819336, 0.4433300495147705, 0.5746009349822998, 0.30832695960998535, 0.5589840412139893, 0.5123641490936279, 0.3606541156768799, 0.4524219036102295, 0.43693995475769043, 0.4490537643432617]
{'args': ((7, 0, slice(0, 960, None), slice(None, None, None)),), 'dataset shape': (40, 11, 1921, 2560), 'dataset chunks': (7, 1, 385, 512), 'indexing time (s)': 9.5367431640625e-07, 'chunk number': 1650, 'reduction time (s)': 5.895227909088135, 'chunks processed': 15, 'storage read (B)': 29701892, 'selection 1 time (s)': 5.895317077636719}
Thread times [0.30934906005859375, 0.27680110931396484, 0.33789801597595215, 0.363781213760376, 0.4250068664550781, 0.414320707321167, 0.42557311058044434, 0.7130880355834961, 0.5287771224975586, 0.5105009078979492, 0.40210604667663574, 0.4541161060333252, 0.5253398418426514, 0.5035490989685059, 0.3997931480407715]
{'args': ((8, 0, slice(0, 960, None), slice(None, None, None)),), 'dataset shape': (40, 11, 1921, 2560), 'dataset chunks': (7, 1, 385, 512), 'indexing time (s)': 1.1920928955078125e-06, 'chunk number': 1650, 'reduction time (s)': 6.590872764587402, 'chunks processed': 15, 'storage read (B)': 29701892, 'selection 1 time (s)': 6.590975999832153}
Thread times [0.23542404174804688, 0.261307954788208, 0.3617269992828369, 0.3030970096588135, 0.2874760627746582, 0.4859127998352051, 0.419694185256958, 0.6856498718261719, 0.4024319648742676, 0.3533790111541748, 0.4328300952911377, 0.4433608055114746, 0.5023772716522217, 0.4036140441894531, 0.4231288433074951]
{'args': ((9, 0, slice(0, 960, None), slice(None, None, None)),), 'dataset shape': (40, 11, 1921, 2560), 'dataset chunks': (7, 1, 385, 512), 'indexing time (s)': 1.1920928955078125e-06, 'chunk number': 1650, 'reduction time (s)': 6.002226829528809, 'chunks processed': 15, 'storage read (B)': 29701892, 'selection 1 time (s)': 6.002373218536377}
Thread times [0.29100704193115234, 0.23650383949279785, 0.317533016204834, 0.6335680484771729, 0.3512299060821533, 0.31420111656188965, 0.38024377822875977, 0.46211910247802734, 0.31270503997802734, 0.2647368907928467, 0.31630802154541016, 0.5899460315704346, 0.5184190273284912, 0.45685410499572754, 0.4117600917816162]
{'args': ((10, 0, slice(0, 960, None), slice(None, None, None)),), 'dataset shape': (40, 11, 1921, 2560), 'dataset chunks': (7, 1, 385, 512), 'indexing time (s)': 9.5367431640625e-07, 'chunk number': 1650, 'reduction time (s)': 5.857836008071899, 'chunks processed': 15, 'storage read (B)': 29701892, 'selection 1 time (s)': 5.857925176620483}
Thread times [0.2699568271636963, 0.3087430000305176, 0.3495512008666992, 0.3512260913848877, 0.3760490417480469, 0.3742799758911133, 0.44168806076049805, 0.5413229465484619, 0.3050508499145508, 0.30786681175231934, 0.5322299003601074, 0.7323148250579834, 0.5677368640899658, 0.4319319725036621, 0.42263126373291016]
{'args': ((11, 0, slice(0, 960, None), slice(None, None, None)),), 'dataset shape': (40, 11, 1921, 2560), 'dataset chunks': (7, 1, 385, 512), 'indexing time (s)': 9.5367431640625e-07, 'chunk number': 1650, 'reduction time (s)': 6.313295125961304, 'chunks processed': 15, 'storage read (B)': 29701892, 'selection 1 time (s)': 6.313387155532837}
Thread times [0.2732203006744385, 0.27001094818115234, 0.3524751663208008, 0.3194711208343506, 0.4281280040740967, 0.41254711151123047, 0.46787595748901367, 0.5010292530059814, 0.4005701541900635, 0.304002046585083, 0.44018101692199707, 0.48758816719055176, 0.5660121440887451, 0.45142698287963867, 0.3831777572631836]
{'args': ((12, 0, slice(0, 960, None), slice(None, None, None)),), 'dataset shape': (40, 11, 1921, 2560), 'dataset chunks': (7, 1, 385, 512), 'indexing time (s)': 0.0, 'chunk number': 1650, 'reduction time (s)': 6.058547019958496, 'chunks processed': 15, 'storage read (B)': 29701892, 'selection 1 time (s)': 6.0586371421813965}
Thread times [0.30670785903930664, 0.254910945892334, 0.3432197570800781, 0.33246493339538574, 0.453031063079834, 0.47457003593444824, 0.48995089530944824, 0.5538220405578613, 0.33730483055114746, 0.36876893043518066, 0.3880579471588135, 0.5181267261505127, 0.5573210716247559, 0.4491310119628906, 0.45110487937927246]
{'args': ((13, 0, slice(0, 960, None), slice(None, None, None)),), 'dataset shape': (40, 11, 1921, 2560), 'dataset chunks': (7, 1, 385, 512), 'indexing time (s)': 9.5367431640625e-07, 'chunk number': 1650, 'reduction time (s)': 6.279248952865601, 'chunks processed': 15, 'storage read (B)': 29701892, 'selection 1 time (s)': 6.279335021972656}
Thread times [0.29165005683898926, 0.37712788581848145, 0.4388999938964844, 0.42403078079223633, 0.37207508087158203, 0.8421907424926758, 0.4770481586456299, 0.4932990074157715, 0.44187164306640625, 0.48069000244140625, 0.4798119068145752, 0.47910308837890625, 0.5118968486785889, 0.4514799118041992, 0.41176915168762207]
{'args': ((14, 0, slice(0, 960, None), slice(None, None, None)),), 'dataset shape': (40, 11, 1921, 2560), 'dataset chunks': (7, 1, 385, 512), 'indexing time (s)': 9.5367431640625e-07, 'chunk number': 1650, 'reduction time (s)': 6.973678112030029, 'chunks processed': 15, 'storage read (B)': 29733505, 'selection 1 time (s)': 6.9737770557403564}
Thread times [0.31513524055480957, 0.2852189540863037, 0.35895776748657227, 0.45081615447998047, 0.3976280689239502, 0.542855978012085, 0.4661870002746582, 0.4517807960510254, 0.41352176666259766, 0.43358707427978516, 0.3858978748321533, 0.40139007568359375, 0.3911418914794922, 0.3963592052459717, 0.44500017166137695]
{'args': ((15, 0, slice(0, 960, None), slice(None, None, None)),), 'dataset shape': (40, 11, 1921, 2560), 'dataset chunks': (7, 1, 385, 512), 'indexing time (s)': 7.152557373046875e-07, 'chunk number': 1650, 'reduction time (s)': 6.1362669467926025, 'chunks processed': 15, 'storage read (B)': 29733505, 'selection 1 time (s)': 6.136378049850464}
Thread times [0.30214810371398926, 0.2698178291320801, 0.3406338691711426, 0.36566925048828125, 0.32526588439941406, 0.3766801357269287, 0.42229485511779785, 0.38994288444519043, 0.40241003036499023, 0.33710789680480957, 0.4112570285797119, 0.39467287063598633, 0.36695408821105957, 0.34496307373046875, 0.40897107124328613]
{'args': ((16, 0, slice(0, 960, None), slice(None, None, None)),), 'dataset shape': (40, 11, 1921, 2560), 'dataset chunks': (7, 1, 385, 512), 'indexing time (s)': 1.1920928955078125e-06, 'chunk number': 1650, 'reduction time (s)': 5.459518909454346, 'chunks processed': 15, 'storage read (B)': 29733505, 'selection 1 time (s)': 5.4596076011657715}
Thread times [0.3106400966644287, 0.25858378410339355, 0.3511643409729004, 0.3428511619567871, 0.34661102294921875, 0.37850284576416016, 0.3877599239349365, 0.42963385581970215, 0.45366811752319336, 0.3927438259124756, 0.3250110149383545, 0.46419310569763184, 0.6107900142669678, 0.5486910343170166, 0.3806338310241699]
{'args': ((17, 0, slice(0, 960, None), slice(None, None, None)),), 'dataset shape': (40, 11, 1921, 2560), 'dataset chunks': (7, 1, 385, 512), 'indexing time (s)': 9.5367431640625e-07, 'chunk number': 1650, 'reduction time (s)': 5.982226133346558, 'chunks processed': 15, 'storage read (B)': 29733505, 'selection 1 time (s)': 5.982326984405518}
Thread times [0.22936511039733887, 0.2811126708984375, 0.33191514015197754, 0.31006789207458496, 0.31555604934692383, 0.41526007652282715, 0.3903079032897949, 0.3642570972442627, 0.37964534759521484, 0.42110586166381836, 0.405306339263916, 0.40621399879455566, 0.3830831050872803, 0.3704841136932373, 0.336169958114624]
{'args': ((18, 0, slice(0, 960, None), slice(None, None, None)),), 'dataset shape': (40, 11, 1921, 2560), 'dataset chunks': (7, 1, 385, 512), 'indexing time (s)': 9.5367431640625e-07, 'chunk number': 1650, 'reduction time (s)': 5.340624094009399, 'chunks processed': 15, 'storage read (B)': 29733505, 'selection 1 time (s)': 5.340734958648682}
Thread times [0.24459195137023926, 0.25780725479125977, 0.31025099754333496, 0.37679481506347656, 0.3265070915222168, 0.3799440860748291, 0.4098811149597168, 0.35980796813964844, 0.5905098915100098, 0.387052059173584, 0.32028913497924805, 0.4040038585662842, 0.3301260471343994, 0.3106560707092285, 0.30562710762023926]
{'args': ((19, 0, slice(0, 960, None), slice(None, None, None)),), 'dataset shape': (40, 11, 1921, 2560), 'dataset chunks': (7, 1, 385, 512), 'indexing time (s)': 9.5367431640625e-07, 'chunk number': 1650, 'reduction time (s)': 5.314604997634888, 'chunks processed': 15, 'storage read (B)': 29733505, 'selection 1 time (s)': 5.314708948135376}
Thread times [0.25484418869018555, 0.20524382591247559, 0.273284912109375, 0.41344690322875977, 0.32776975631713867, 0.3371100425720215, 0.36782193183898926, 0.36506104469299316, 0.3953871726989746, 0.39119529724121094, 0.4609189033508301, 0.40909409523010254, 0.411592960357666, 0.33957695960998535, 0.4035837650299072]
{'args': ((20, 0, slice(0, 960, None), slice(None, None, None)),), 'dataset shape': (40, 11, 1921, 2560), 'dataset chunks': (7, 1, 385, 512), 'indexing time (s)': 1.1920928955078125e-06, 'chunk number': 1650, 'reduction time (s)': 5.356723785400391, 'chunks processed': 15, 'storage read (B)': 29733505, 'selection 1 time (s)': 5.356817245483398}
Thread times [0.30977320671081543, 0.2879502773284912, 0.3639719486236572, 0.2522928714752197, 0.269334077835083, 0.5255627632141113, 0.3867180347442627, 0.42893409729003906, 0.4073169231414795, 0.401608943939209, 0.3927779197692871, 0.41665101051330566, 0.5635521411895752, 0.6495301723480225, 0.3188142776489258]
{'args': ((21, 0, slice(0, 960, None), slice(None, None, None)),), 'dataset shape': (40, 11, 1921, 2560), 'dataset chunks': (7, 1, 385, 512), 'indexing time (s)': 7.152557373046875e-07, 'chunk number': 1650, 'reduction time (s)': 5.975500106811523, 'chunks processed': 15, 'storage read (B)': 29686785, 'selection 1 time (s)': 5.975597143173218}
Thread times [0.2742600440979004, 0.24673104286193848, 0.40297770500183105, 0.222642183303833, 0.22829604148864746, 0.46102023124694824, 0.3701350688934326, 0.40311384201049805, 0.5121710300445557, 0.4281010627746582, 0.4138491153717041, 0.4103128910064697, 0.5288829803466797, 0.5073449611663818, 0.33702993392944336]
{'args': ((22, 0, slice(0, 960, None), slice(None, None, None)),), 'dataset shape': (40, 11, 1921, 2560), 'dataset chunks': (7, 1, 385, 512), 'indexing time (s)': 9.5367431640625e-07, 'chunk number': 1650, 'reduction time (s)': 5.747570991516113, 'chunks processed': 15, 'storage read (B)': 29686785, 'selection 1 time (s)': 5.747671127319336}
Thread times [0.3897058963775635, 0.2568979263305664, 0.37405896186828613, 0.2528986930847168, 0.2649519443511963, 0.48577308654785156, 0.43907904624938965, 0.4566383361816406, 0.42797207832336426, 0.3986368179321289, 0.38862013816833496, 0.42702507972717285, 0.5740029811859131, 0.5003619194030762, 0.3028547763824463]
{'args': ((23, 0, slice(0, 960, None), slice(None, None, None)),), 'dataset shape': (40, 11, 1921, 2560), 'dataset chunks': (7, 1, 385, 512), 'indexing time (s)': 1.1920928955078125e-06, 'chunk number': 1650, 'reduction time (s)': 5.94023585319519, 'chunks processed': 15, 'storage read (B)': 29686785, 'selection 1 time (s)': 5.940337896347046}
Thread times [0.25417304039001465, 0.23522520065307617, 0.3500351905822754, 0.24538707733154297, 0.26086902618408203, 0.516995906829834, 0.4294700622558594, 0.44277119636535645, 0.40984296798706055, 0.37365198135375977, 0.3824758529663086, 0.3757150173187256, 0.7121109962463379, 0.44495606422424316, 0.27721190452575684]
{'args': ((24, 0, slice(0, 960, None), slice(None, None, None)),), 'dataset shape': (40, 11, 1921, 2560), 'dataset chunks': (7, 1, 385, 512), 'indexing time (s)': 9.5367431640625e-07, 'chunk number': 1650, 'reduction time (s)': 5.711862087249756, 'chunks processed': 15, 'storage read (B)': 29686785, 'selection 1 time (s)': 5.711989164352417}
Thread times [0.22203397750854492, 0.23967313766479492, 0.36541271209716797, 0.1915569305419922, 0.21802115440368652, 0.46522092819213867, 0.4030280113220215, 0.3980579376220703, 0.373201847076416, 0.40054988861083984, 0.377032995223999, 0.37122297286987305, 0.504418134689331, 0.48277783393859863, 0.27419304847717285]
{'args': ((25, 0, slice(0, 960, None), slice(None, None, None)),), 'dataset shape': (40, 11, 1921, 2560), 'dataset chunks': (7, 1, 385, 512), 'indexing time (s)': 9.5367431640625e-07, 'chunk number': 1650, 'reduction time (s)': 5.287125825881958, 'chunks processed': 15, 'storage read (B)': 29686785, 'selection 1 time (s)': 5.287214994430542}
Thread times [0.245405912399292, 0.23119115829467773, 0.5124998092651367, 0.18388915061950684, 0.28208184242248535, 0.3886091709136963, 0.36708903312683105, 0.3813812732696533, 0.43251895904541016, 0.36638498306274414, 0.3944101333618164, 0.4061720371246338, 0.6208698749542236, 0.5867879390716553, 0.26282501220703125]
{'args': ((26, 0, slice(0, 960, None), slice(None, None, None)),), 'dataset shape': (40, 11, 1921, 2560), 'dataset chunks': (7, 1, 385, 512), 'indexing time (s)': 9.5367431640625e-07, 'chunk number': 1650, 'reduction time (s)': 5.662847995758057, 'chunks processed': 15, 'storage read (B)': 29686785, 'selection 1 time (s)': 5.662937164306641}
Thread times [0.2668430805206299, 0.23846793174743652, 0.28246569633483887, 0.20438385009765625, 0.20308279991149902, 0.8320019245147705, 0.40037083625793457, 0.32538771629333496, 0.3050260543823242, 0.3922760486602783, 0.3683300018310547, 0.36508607864379883, 0.5497207641601562, 0.45140600204467773, 0.2838730812072754]
{'args': ((27, 0, slice(0, 960, None), slice(None, None, None)),), 'dataset shape': (40, 11, 1921, 2560), 'dataset chunks': (7, 1, 385, 512), 'indexing time (s)': 9.5367431640625e-07, 'chunk number': 1650, 'reduction time (s)': 5.469420909881592, 'chunks processed': 15, 'storage read (B)': 29686785, 'selection 1 time (s)': 5.46950888633728}
Thread times [0.3016080856323242, 0.3147881031036377, 0.4232640266418457, 0.3401172161102295, 0.32671093940734863, 0.38538217544555664, 0.29181694984436035, 0.39394092559814453, 0.2759537696838379, 0.38837409019470215, 0.37137365341186523, 0.5717589855194092, 0.4267268180847168, 0.40686798095703125, 0.39933109283447266]
{'args': ((28, 0, slice(0, 960, None), slice(None, None, None)),), 'dataset shape': (40, 11, 1921, 2560), 'dataset chunks': (7, 1, 385, 512), 'indexing time (s)': 1.1920928955078125e-06, 'chunk number': 1650, 'reduction time (s)': 5.618728160858154, 'chunks processed': 15, 'storage read (B)': 29670387, 'selection 1 time (s)': 5.618819236755371}
Thread times [0.22840189933776855, 0.2467348575592041, 0.4157538414001465, 0.3160569667816162, 0.3237137794494629, 0.42412400245666504, 0.29385805130004883, 0.3490936756134033, 0.2640829086303711, 0.37003588676452637, 0.3476569652557373, 0.45915699005126953, 0.341594934463501, 0.37196779251098633, 0.42493391036987305]
{'args': ((29, 0, slice(0, 960, None), slice(None, None, None)),), 'dataset shape': (40, 11, 1921, 2560), 'dataset chunks': (7, 1, 385, 512), 'indexing time (s)': 7.152557373046875e-07, 'chunk number': 1650, 'reduction time (s)': 5.178122282028198, 'chunks processed': 15, 'storage read (B)': 29670387, 'selection 1 time (s)': 5.1782190799713135}
Thread times [0.24733209609985352, 0.2577662467956543, 0.3230011463165283, 1.2724230289459229, 0.32712292671203613, 0.4177262783050537, 0.3455688953399658, 0.46126413345336914, 0.28709912300109863, 0.40712690353393555, 0.3936948776245117, 0.5275528430938721, 0.3983302116394043, 0.43990111351013184, 0.5932130813598633]
{'args': ((30, 0, slice(0, 960, None), slice(None, None, None)),), 'dataset shape': (40, 11, 1921, 2560), 'dataset chunks': (7, 1, 385, 512), 'indexing time (s)': 9.5367431640625e-07, 'chunk number': 1650, 'reduction time (s)': 6.6998960971832275, 'chunks processed': 15, 'storage read (B)': 29670387, 'selection 1 time (s)': 6.700002908706665}
Thread times [0.21990680694580078, 0.21446013450622559, 0.27231502532958984, 0.2469959259033203, 0.29465699195861816, 0.37424707412719727, 0.31930088996887207, 0.3650500774383545, 0.2787292003631592, 0.4123880863189697, 0.3445470333099365, 0.5447907447814941, 0.4965839385986328, 0.42902421951293945, 0.3836050033569336]
{'args': ((31, 0, slice(0, 960, None), slice(None, None, None)),), 'dataset shape': (40, 11, 1921, 2560), 'dataset chunks': (7, 1, 385, 512), 'indexing time (s)': 9.5367431640625e-07, 'chunk number': 1650, 'reduction time (s)': 5.197335958480835, 'chunks processed': 15, 'storage read (B)': 29670387, 'selection 1 time (s)': 5.1974358558654785}
Thread times [0.25159192085266113, 0.24897408485412598, 0.3166680335998535, 0.344775915145874, 0.3064131736755371, 0.40636324882507324, 0.2703371047973633, 0.3519711494445801, 0.2891662120819092, 0.3802812099456787, 0.3887479305267334, 0.8105411529541016, 0.3739199638366699, 0.3320131301879883, 0.35930800437927246]
{'args': ((32, 0, slice(0, 960, None), slice(None, None, None)),), 'dataset shape': (40, 11, 1921, 2560), 'dataset chunks': (7, 1, 385, 512), 'indexing time (s)': 0.0, 'chunk number': 1650, 'reduction time (s)': 5.43176794052124, 'chunks processed': 15, 'storage read (B)': 29670387, 'selection 1 time (s)': 5.43186092376709}
Thread times [0.2570018768310547, 0.22061681747436523, 0.31523609161376953, 0.2966599464416504, 0.28077006340026855, 0.41533994674682617, 0.31198906898498535, 0.3774120807647705, 0.2694072723388672, 0.3957860469818115, 0.35242390632629395, 0.4902489185333252, 0.3630809783935547, 0.3667910099029541, 0.3162212371826172]
{'args': ((33, 0, slice(0, 960, None), slice(None, None, None)),), 'dataset shape': (40, 11, 1921, 2560), 'dataset chunks': (7, 1, 385, 512), 'indexing time (s)': 9.5367431640625e-07, 'chunk number': 1650, 'reduction time (s)': 5.029747009277344, 'chunks processed': 15, 'storage read (B)': 29670387, 'selection 1 time (s)': 5.029849052429199}
Thread times [0.24670004844665527, 0.20748209953308105, 0.31177711486816406, 0.25908994674682617, 0.27935099601745605, 0.31685400009155273, 0.26914119720458984, 0.3612642288208008, 0.2634868621826172, 0.4711630344390869, 0.3461272716522217, 0.4846527576446533, 0.40116095542907715, 0.4164297580718994, 0.3853428363800049]
{'args': ((34, 0, slice(0, 960, None), slice(None, None, None)),), 'dataset shape': (40, 11, 1921, 2560), 'dataset chunks': (7, 1, 385, 512), 'indexing time (s)': 9.5367431640625e-07, 'chunk number': 1650, 'reduction time (s)': 5.020763158798218, 'chunks processed': 15, 'storage read (B)': 29670387, 'selection 1 time (s)': 5.020849943161011}
Thread times [0.2135639190673828, 0.20375609397888184, 0.24491286277770996, 0.2606239318847656, 0.30485010147094727, 0.3147127628326416, 0.2887239456176758, 0.27895092964172363, 0.27656102180480957, 0.3673238754272461, 0.3242630958557129, 0.3179929256439209, 0.4908020496368408, 0.30098795890808105, 0.29526782035827637]
{'args': ((35, 0, slice(0, 960, None), slice(None, None, None)),), 'dataset shape': (40, 11, 1921, 2560), 'dataset chunks': (7, 1, 385, 512), 'indexing time (s)': 9.5367431640625e-07, 'chunk number': 1650, 'reduction time (s)': 4.483987092971802, 'chunks processed': 15, 'storage read (B)': 21287473, 'selection 1 time (s)': 4.484081745147705}
Thread times [0.21242594718933105, 0.19437789916992188, 0.2760179042816162, 0.27860403060913086, 0.2561051845550537, 0.3100299835205078, 0.27233099937438965, 0.2708468437194824, 0.3804149627685547, 0.32953405380249023, 0.35807013511657715, 0.3022749423980713, 0.2819857597351074, 0.32544589042663574, 0.29009509086608887]
{'args': ((36, 0, slice(0, 960, None), slice(None, None, None)),), 'dataset shape': (40, 11, 1921, 2560), 'dataset chunks': (7, 1, 385, 512), 'indexing time (s)': 2.1457672119140625e-06, 'chunk number': 1650, 'reduction time (s)': 4.339453935623169, 'chunks processed': 15, 'storage read (B)': 21287473, 'selection 1 time (s)': 4.339547157287598}
Thread times [0.21262598037719727, 0.21278786659240723, 0.3581421375274658, 0.2391188144683838, 0.27736616134643555, 0.2716081142425537, 0.3071587085723877, 0.3578171730041504, 0.28425025939941406, 0.2689170837402344, 0.28982114791870117, 0.3085823059082031, 0.3293421268463135, 0.3358578681945801, 0.4246060848236084]
{'args': ((37, 0, slice(0, 960, None), slice(None, None, None)),), 'dataset shape': (40, 11, 1921, 2560), 'dataset chunks': (7, 1, 385, 512), 'indexing time (s)': 1.1920928955078125e-06, 'chunk number': 1650, 'reduction time (s)': 4.478709936141968, 'chunks processed': 15, 'storage read (B)': 21287473, 'selection 1 time (s)': 4.478796005249023}
Thread times [0.22211885452270508, 0.19463396072387695, 0.2598881721496582, 0.298414945602417, 0.2628028392791748, 0.3274729251861572, 0.3349912166595459, 0.3167297840118408, 0.3368339538574219, 0.30888867378234863, 0.29191112518310547, 0.349135160446167, 0.2944941520690918, 0.30367517471313477, 0.2791430950164795]
{'args': ((38, 0, slice(0, 960, None), slice(None, None, None)),), 'dataset shape': (40, 11, 1921, 2560), 'dataset chunks': (7, 1, 385, 512), 'indexing time (s)': 0.0, 'chunk number': 1650, 'reduction time (s)': 4.381839752197266, 'chunks processed': 15, 'storage read (B)': 21287473, 'selection 1 time (s)': 4.381932020187378}
Thread times [0.28116822242736816, 0.4133477210998535, 0.2743370532989502, 0.23217201232910156, 0.23739409446716309, 0.29982781410217285, 0.294647216796875, 0.31154298782348633, 0.33446407318115234, 0.3046607971191406, 0.33087897300720215, 0.3076651096343994, 0.29536890983581543, 0.3283729553222656, 0.28095316886901855]
{'args': ((39, 0, slice(0, 960, None), slice(None, None, None)),), 'dataset shape': (40, 11, 1921, 2560), 'dataset chunks': (7, 1, 385, 512), 'indexing time (s)': 1.1920928955078125e-06, 'chunk number': 1650, 'reduction time (s)': 4.527530908584595, 'chunks processed': 15, 'storage read (B)': 21287473, 'selection 1 time (s)': 4.5276219844818115}
[[226.07817708]
 [226.06473958]
 [225.93765625]
 [225.90807292]
 [225.91734375]
 [225.88453125]
 [225.82075521]
 [225.85440104]
 [225.98328125]
 [226.03804687]
 [226.01315104]
 [226.02330729]
 [226.03770833]
 [226.00476563]
 [225.91765625]
 [225.94036458]
 [225.98721354]
 [225.9146875 ]
 [225.81242188]
 [225.81869792]
 [225.84526042]
 [225.78497396]
 [225.63651042]
 [225.55651042]
 [225.45734375]
 [225.32369792]
 [225.16325521]
 [225.07794271]
 [225.07846354]
 [225.10664063]
 [225.17609375]
 [225.36880208]
 [225.57911458]
 [225.69080729]
 [225.72229167]
 [225.82367188]
 [225.93658854]
 [225.96765625]
 [225.91861979]
 [225.9225    ]]
Summary:  Uni24whidch :Local (T1,BS1): 1.18s,226.3s,232.8s
