Dataset loaded from S3 with s3fs and Pyfive: bnl/ch330a.pc19790301-def.nc (0.053,1.2)
Thread times [0.1422102451324463, 0.06469297409057617, 0.07918977737426758, 0.08961725234985352, 0.09590983390808105, 0.09294295310974121, 0.09071993827819824, 0.09826207160949707, 0.2645559310913086, 0.0776219367980957, 0.09456896781921387, 0.23456120491027832, 0.13458037376403809, 0.08896207809448242, 0.0866239070892334]
{'load nc time': 1.358534812927246, 'args': ((0, 0, slice(0, 960, None), slice(None, None, None)),), 'dataset shape': (40, 11, 1921, 2560), 'dataset chunks': (7, 1, 385, 512), 'indexing time (s)': 5.730684041976929, 'chunk number': 1650, 'reduction time (s)': 1.7362003326416016, 'chunks processed': 15, 'storage read (B)': 29685482, 'selection 2 time (s)': 7.470088958740234}
Thread times [0.13204407691955566, 0.07452607154846191, 0.07691502571105957, 0.07081913948059082, 0.08495402336120605, 0.0928657054901123, 0.09292006492614746, 0.1316678524017334, 0.26186585426330566, 0.08610415458679199, 0.09527802467346191, 0.2322072982788086, 0.08023691177368164, 0.14772605895996094, 0.09375476837158203]
{'args': ((1, 0, slice(0, 960, None), slice(None, None, None)),), 'dataset shape': (40, 11, 1921, 2560), 'dataset chunks': (7, 1, 385, 512), 'indexing time (s)': 1.9073486328125e-06, 'chunk number': 1650, 'reduction time (s)': 1.755208969116211, 'chunks processed': 15, 'storage read (B)': 29685482, 'selection 2 time (s)': 1.7566320896148682}
Thread times [0.09920811653137207, 0.05780315399169922, 0.06660580635070801, 0.09148693084716797, 0.07906818389892578, 0.09738397598266602, 0.09456276893615723, 0.08732223510742188, 0.314971923828125, 0.0851290225982666, 0.08412694931030273, 0.3441197872161865, 0.12574291229248047, 0.08738493919372559, 0.0853121280670166]
{'args': ((2, 0, slice(0, 960, None), slice(None, None, None)),), 'dataset shape': (40, 11, 1921, 2560), 'dataset chunks': (7, 1, 385, 512), 'indexing time (s)': 2.1457672119140625e-06, 'chunk number': 1650, 'reduction time (s)': 1.8015239238739014, 'chunks processed': 15, 'storage read (B)': 29685482, 'selection 2 time (s)': 1.8041841983795166}
Thread times [0.1174929141998291, 0.056467294692993164, 0.07638692855834961, 0.12244987487792969, 0.09264588356018066, 0.08293414115905762, 0.10215902328491211, 0.08992671966552734, 0.251147985458374, 0.09660816192626953, 0.09439992904663086, 0.2385270595550537, 0.07265686988830566, 0.06584715843200684, 0.10591316223144531]
{'args': ((3, 0, slice(0, 960, None), slice(None, None, None)),), 'dataset shape': (40, 11, 1921, 2560), 'dataset chunks': (7, 1, 385, 512), 'indexing time (s)': 3.0994415283203125e-06, 'chunk number': 1650, 'reduction time (s)': 1.6676721572875977, 'chunks processed': 15, 'storage read (B)': 29685482, 'selection 2 time (s)': 1.6711571216583252}
Thread times [0.0942840576171875, 0.06612014770507812, 0.06796407699584961, 0.06566405296325684, 0.0853431224822998, 0.09206604957580566, 0.08265542984008789, 0.08849501609802246, 0.23374104499816895, 0.09568405151367188, 0.0871429443359375, 0.25344419479370117, 0.09529805183410645, 0.08945703506469727, 0.11633610725402832]
{'args': ((4, 0, slice(0, 960, None), slice(None, None, None)),), 'dataset shape': (40, 11, 1921, 2560), 'dataset chunks': (7, 1, 385, 512), 'indexing time (s)': 7.152557373046875e-06, 'chunk number': 1650, 'reduction time (s)': 1.6147642135620117, 'chunks processed': 15, 'storage read (B)': 29685482, 'selection 2 time (s)': 1.6161386966705322}
Thread times [0.0853579044342041, 0.0584719181060791, 0.06546306610107422, 0.08597874641418457, 0.16249966621398926, 0.08831095695495605, 0.09424591064453125, 0.09297776222229004, 0.2837669849395752, 0.3071417808532715, 0.08279705047607422, 0.2227640151977539, 0.08399319648742676, 0.08796072006225586, 0.09429001808166504]
{'args': ((5, 0, slice(0, 960, None), slice(None, None, None)),), 'dataset shape': (40, 11, 1921, 2560), 'dataset chunks': (7, 1, 385, 512), 'indexing time (s)': 9.5367431640625e-07, 'chunk number': 1650, 'reduction time (s)': 1.89686918258667, 'chunks processed': 15, 'storage read (B)': 29685482, 'selection 2 time (s)': 1.8983891010284424}
Thread times [0.1394209861755371, 0.07254695892333984, 0.09941315650939941, 0.15267515182495117, 0.14165496826171875, 0.0867319107055664, 0.09575510025024414, 0.09300923347473145, 0.27586984634399414, 0.08324503898620605, 0.09581184387207031, 0.24959707260131836, 0.09867501258850098, 0.09683418273925781, 0.1110992431640625]
{'args': ((6, 0, slice(0, 960, None), slice(None, None, None)),), 'dataset shape': (40, 11, 1921, 2560), 'dataset chunks': (7, 1, 385, 512), 'indexing time (s)': 0.0, 'chunk number': 1650, 'reduction time (s)': 1.8935387134552002, 'chunks processed': 15, 'storage read (B)': 29685482, 'selection 2 time (s)': 1.8969740867614746}
Thread times [0.09822893142700195, 0.0698690414428711, 0.1267988681793213, 0.08595991134643555, 0.09080123901367188, 0.09573197364807129, 0.10328006744384766, 0.14632797241210938, 0.26256489753723145, 0.08999300003051758, 0.08267903327941895, 0.0852820873260498, 0.08643889427185059, 0.15433907508850098, 0.09931015968322754]
{'args': ((7, 0, slice(0, 960, None), slice(None, None, None)),), 'dataset shape': (40, 11, 1921, 2560), 'dataset chunks': (7, 1, 385, 512), 'indexing time (s)': 1.9073486328125e-06, 'chunk number': 1650, 'reduction time (s)': 1.6790058612823486, 'chunks processed': 15, 'storage read (B)': 29701892, 'selection 2 time (s)': 1.6800620555877686}
Thread times [0.07959794998168945, 0.09821319580078125, 0.13481688499450684, 0.08488106727600098, 0.0882728099822998, 0.13138318061828613, 0.09068083763122559, 0.08838033676147461, 0.2563211917877197, 0.14307188987731934, 0.0885310173034668, 0.0872349739074707, 0.09920287132263184, 0.1118619441986084, 0.13345623016357422]
{'args': ((8, 0, slice(0, 960, None), slice(None, None, None)),), 'dataset shape': (40, 11, 1921, 2560), 'dataset chunks': (7, 1, 385, 512), 'indexing time (s)': 9.5367431640625e-07, 'chunk number': 1650, 'reduction time (s)': 1.7171781063079834, 'chunks processed': 15, 'storage read (B)': 29701892, 'selection 2 time (s)': 1.7192950248718262}
Thread times [0.09886789321899414, 0.06630086898803711, 0.08707785606384277, 0.1198892593383789, 0.11055111885070801, 0.09278011322021484, 0.08906698226928711, 0.145949125289917, 0.2938082218170166, 0.08045101165771484, 0.08853292465209961, 0.1005408763885498, 0.09408402442932129, 0.07120490074157715, 0.08507704734802246]
{'args': ((9, 0, slice(0, 960, None), slice(None, None, None)),), 'dataset shape': (40, 11, 1921, 2560), 'dataset chunks': (7, 1, 385, 512), 'indexing time (s)': 2.1457672119140625e-06, 'chunk number': 1650, 'reduction time (s)': 1.6255061626434326, 'chunks processed': 15, 'storage read (B)': 29701892, 'selection 2 time (s)': 1.628169059753418}
Thread times [0.0935659408569336, 0.06459403038024902, 0.08557987213134766, 0.08360981941223145, 0.0833902359008789, 0.09233903884887695, 0.08572101593017578, 0.09638333320617676, 0.3156259059906006, 0.1021578311920166, 0.11092495918273926, 0.08765196800231934, 0.08974504470825195, 0.09161019325256348, 0.20986485481262207]
{'args': ((10, 0, slice(0, 960, None), slice(None, None, None)),), 'dataset shape': (40, 11, 1921, 2560), 'dataset chunks': (7, 1, 385, 512), 'indexing time (s)': 2.1457672119140625e-06, 'chunk number': 1650, 'reduction time (s)': 1.6949741840362549, 'chunks processed': 15, 'storage read (B)': 29701892, 'selection 2 time (s)': 1.6981120109558105}
Thread times [0.11934304237365723, 0.062474966049194336, 0.08406710624694824, 0.0995321273803711, 0.09696483612060547, 0.11089301109313965, 0.09866905212402344, 0.09266185760498047, 0.3801858425140381, 0.10284805297851562, 0.12857508659362793, 0.08683419227600098, 0.1053152084350586, 0.09173202514648438, 0.08708882331848145]
{'args': ((11, 0, slice(0, 960, None), slice(None, None, None)),), 'dataset shape': (40, 11, 1921, 2560), 'dataset chunks': (7, 1, 385, 512), 'indexing time (s)': 2.1457672119140625e-06, 'chunk number': 1650, 'reduction time (s)': 1.7488868236541748, 'chunks processed': 15, 'storage read (B)': 29701892, 'selection 2 time (s)': 1.752183198928833}
Thread times [0.09289288520812988, 0.06995701789855957, 0.08994007110595703, 0.125715970993042, 0.12212419509887695, 0.08568501472473145, 0.09258127212524414, 0.1065530776977539, 0.3509821891784668, 0.11043119430541992, 0.09456515312194824, 0.11855101585388184, 0.10433793067932129, 0.08916091918945312, 0.13368010520935059]
{'args': ((12, 0, slice(0, 960, None), slice(None, None, None)),), 'dataset shape': (40, 11, 1921, 2560), 'dataset chunks': (7, 1, 385, 512), 'indexing time (s)': 1.9073486328125e-06, 'chunk number': 1650, 'reduction time (s)': 1.7891998291015625, 'chunks processed': 15, 'storage read (B)': 29701892, 'selection 2 time (s)': 1.7917520999908447}
Thread times [0.10564112663269043, 0.059374094009399414, 0.08216214179992676, 0.07765507698059082, 0.09190583229064941, 0.12478494644165039, 0.08301901817321777, 0.09983682632446289, 0.22983574867248535, 0.13007712364196777, 0.08392810821533203, 0.09918594360351562, 0.08655595779418945, 0.0946800708770752, 0.1531660556793213]
{'args': ((13, 0, slice(0, 960, None), slice(None, None, None)),), 'dataset shape': (40, 11, 1921, 2560), 'dataset chunks': (7, 1, 385, 512), 'indexing time (s)': 3.0994415283203125e-06, 'chunk number': 1650, 'reduction time (s)': 1.6034862995147705, 'chunks processed': 15, 'storage read (B)': 29701892, 'selection 2 time (s)': 1.6068291664123535}
Thread times [0.09109091758728027, 0.07438421249389648, 0.07764005661010742, 0.1276378631591797, 0.08378028869628906, 0.1116490364074707, 0.09961175918579102, 0.09921002388000488, 0.22347283363342285, 0.0945429801940918, 0.10471796989440918, 0.11159920692443848, 0.08359789848327637, 0.14173221588134766, 0.13831710815429688]
{'args': ((14, 0, slice(0, 960, None), slice(None, None, None)),), 'dataset shape': (40, 11, 1921, 2560), 'dataset chunks': (7, 1, 385, 512), 'indexing time (s)': 1.9073486328125e-06, 'chunk number': 1650, 'reduction time (s)': 1.6646859645843506, 'chunks processed': 15, 'storage read (B)': 29733505, 'selection 2 time (s)': 1.6670749187469482}
Thread times [0.10833096504211426, 0.07247376441955566, 0.07135415077209473, 0.10768580436706543, 0.07572698593139648, 0.08220291137695312, 0.10447907447814941, 0.09888005256652832, 0.2624802589416504, 0.09950900077819824, 0.08237290382385254, 0.10138702392578125, 0.0823519229888916, 0.08969998359680176, 0.09865713119506836]
{'args': ((15, 0, slice(0, 960, None), slice(None, None, None)),), 'dataset shape': (40, 11, 1921, 2560), 'dataset chunks': (7, 1, 385, 512), 'indexing time (s)': 1.9073486328125e-06, 'chunk number': 1650, 'reduction time (s)': 1.539294958114624, 'chunks processed': 15, 'storage read (B)': 29733505, 'selection 2 time (s)': 1.542130947113037}
Thread times [0.10324883460998535, 0.10427403450012207, 0.09167218208312988, 0.08000779151916504, 0.08785891532897949, 0.10545206069946289, 0.14427685737609863, 0.10557007789611816, 0.25695323944091797, 0.09306788444519043, 0.1082460880279541, 0.10283899307250977, 0.10210585594177246, 0.09430193901062012, 0.08824777603149414]
{'args': ((16, 0, slice(0, 960, None), slice(None, None, None)),), 'dataset shape': (40, 11, 1921, 2560), 'dataset chunks': (7, 1, 385, 512), 'indexing time (s)': 1.9073486328125e-06, 'chunk number': 1650, 'reduction time (s)': 1.669839859008789, 'chunks processed': 15, 'storage read (B)': 29733505, 'selection 2 time (s)': 1.6726078987121582}
Thread times [0.09617066383361816, 0.07633805274963379, 0.0779721736907959, 0.09055209159851074, 0.08159518241882324, 0.09418201446533203, 0.11921405792236328, 0.11368989944458008, 0.2981398105621338, 0.11361002922058105, 0.08768582344055176, 0.11850404739379883, 0.08856892585754395, 0.09334707260131836, 0.09117984771728516]
{'args': ((17, 0, slice(0, 960, None), slice(None, None, None)),), 'dataset shape': (40, 11, 1921, 2560), 'dataset chunks': (7, 1, 385, 512), 'indexing time (s)': 2.1457672119140625e-06, 'chunk number': 1650, 'reduction time (s)': 1.6425800323486328, 'chunks processed': 15, 'storage read (B)': 29733505, 'selection 2 time (s)': 1.645453929901123}
Thread times [0.10189390182495117, 0.08156108856201172, 0.07743310928344727, 0.09843802452087402, 0.08273887634277344, 0.09439396858215332, 0.10059523582458496, 0.09640026092529297, 0.3051290512084961, 0.1707141399383545, 0.11959218978881836, 0.09314990043640137, 0.09050273895263672, 0.1340179443359375, 0.16021394729614258]
{'args': ((18, 0, slice(0, 960, None), slice(None, None, None)),), 'dataset shape': (40, 11, 1921, 2560), 'dataset chunks': (7, 1, 385, 512), 'indexing time (s)': 1.9073486328125e-06, 'chunk number': 1650, 'reduction time (s)': 1.8081107139587402, 'chunks processed': 15, 'storage read (B)': 29733505, 'selection 2 time (s)': 1.8091700077056885}
Thread times [0.08652329444885254, 0.08043313026428223, 0.086669921875, 0.07980179786682129, 0.11275601387023926, 0.11444997787475586, 0.0951991081237793, 0.1493082046508789, 0.2678098678588867, 0.08590412139892578, 0.12175512313842773, 0.10033988952636719, 0.09519505500793457, 0.09806299209594727, 0.11433196067810059]
{'args': ((19, 0, slice(0, 960, None), slice(None, None, None)),), 'dataset shape': (40, 11, 1921, 2560), 'dataset chunks': (7, 1, 385, 512), 'indexing time (s)': 1.1920928955078125e-06, 'chunk number': 1650, 'reduction time (s)': 1.6898229122161865, 'chunks processed': 15, 'storage read (B)': 29733505, 'selection 2 time (s)': 1.6922430992126465}
Thread times [0.09395384788513184, 0.08917689323425293, 0.15509796142578125, 0.09898924827575684, 0.15244793891906738, 0.13930296897888184, 0.09791421890258789, 0.1239159107208252, 0.27310895919799805, 0.0908060073852539, 0.08648395538330078, 0.08907198905944824, 0.12626099586486816, 0.08774924278259277, 0.09978508949279785]
{'args': ((20, 0, slice(0, 960, None), slice(None, None, None)),), 'dataset shape': (40, 11, 1921, 2560), 'dataset chunks': (7, 1, 385, 512), 'indexing time (s)': 2.86102294921875e-06, 'chunk number': 1650, 'reduction time (s)': 1.8057682514190674, 'chunks processed': 15, 'storage read (B)': 29733505, 'selection 2 time (s)': 1.8086929321289062}
Thread times [0.10568499565124512, 0.09066605567932129, 0.0797429084777832, 0.09195280075073242, 0.07622981071472168, 0.0872960090637207, 0.1181952953338623, 0.10047197341918945, 0.12929201126098633, 0.08753204345703125, 0.12869787216186523, 0.0871279239654541, 0.22242212295532227, 0.26456308364868164, 0.0811159610748291]
{'args': ((21, 0, slice(0, 960, None), slice(None, None, None)),), 'dataset shape': (40, 11, 1921, 2560), 'dataset chunks': (7, 1, 385, 512), 'indexing time (s)': 1.3113021850585938e-05, 'chunk number': 1650, 'reduction time (s)': 1.7524237632751465, 'chunks processed': 15, 'storage read (B)': 29686785, 'selection 2 time (s)': 1.7551538944244385}
Thread times [0.09865593910217285, 0.05554699897766113, 0.08654117584228516, 0.09036087989807129, 0.10258221626281738, 0.1067359447479248, 0.09141802787780762, 0.09580683708190918, 0.10897707939147949, 0.09860682487487793, 0.08871030807495117, 0.09948897361755371, 0.2427659034729004, 0.2069692611694336, 0.08348608016967773]
{'args': ((22, 0, slice(0, 960, None), slice(None, None, None)),), 'dataset shape': (40, 11, 1921, 2560), 'dataset chunks': (7, 1, 385, 512), 'indexing time (s)': 1.9073486328125e-06, 'chunk number': 1650, 'reduction time (s)': 1.658094882965088, 'chunks processed': 15, 'storage read (B)': 29686785, 'selection 2 time (s)': 1.660423994064331}
Thread times [0.11063003540039062, 0.06293606758117676, 1.1506659984588623, 0.12646913528442383, 0.06711292266845703, 0.10135388374328613, 0.11538887023925781, 0.1107327938079834, 0.11066865921020508, 0.1001579761505127, 0.09822607040405273, 0.11729598045349121, 0.3323378562927246, 0.23995304107666016, 0.1424729824066162]
{'args': ((23, 0, slice(0, 960, None), slice(None, None, None)),), 'dataset shape': (40, 11, 1921, 2560), 'dataset chunks': (7, 1, 385, 512), 'indexing time (s)': 2.1457672119140625e-06, 'chunk number': 1650, 'reduction time (s)': 2.988070249557495, 'chunks processed': 15, 'storage read (B)': 29686785, 'selection 2 time (s)': 2.9912569522857666}
Thread times [0.11043405532836914, 0.06704187393188477, 0.09697103500366211, 0.08442115783691406, 0.12987494468688965, 0.08866262435913086, 0.08443284034729004, 0.08747410774230957, 0.09813594818115234, 0.10234403610229492, 0.08715200424194336, 0.12056899070739746, 0.24702715873718262, 0.1869509220123291, 0.11291694641113281]
{'args': ((24, 0, slice(0, 960, None), slice(None, None, None)),), 'dataset shape': (40, 11, 1921, 2560), 'dataset chunks': (7, 1, 385, 512), 'indexing time (s)': 2.86102294921875e-06, 'chunk number': 1650, 'reduction time (s)': 1.7063498497009277, 'chunks processed': 15, 'storage read (B)': 29686785, 'selection 2 time (s)': 1.7109029293060303}
Thread times [0.1077880859375, 0.0564420223236084, 0.08039307594299316, 0.0795278549194336, 0.06895828247070312, 0.09024262428283691, 0.09624767303466797, 0.11748409271240234, 0.09923195838928223, 0.1303110122680664, 0.11998510360717773, 0.08895683288574219, 0.2979269027709961, 0.21091008186340332, 0.08889293670654297]
{'args': ((25, 0, slice(0, 960, None), slice(None, None, None)),), 'dataset shape': (40, 11, 1921, 2560), 'dataset chunks': (7, 1, 385, 512), 'indexing time (s)': 3.0994415283203125e-06, 'chunk number': 1650, 'reduction time (s)': 1.7349228858947754, 'chunks processed': 15, 'storage read (B)': 29686785, 'selection 2 time (s)': 1.7375848293304443}
Thread times [0.12900209426879883, 0.09764504432678223, 0.13612723350524902, 0.08626317977905273, 0.07105112075805664, 0.09197688102722168, 0.08244132995605469, 0.1177208423614502, 0.10576105117797852, 0.09306001663208008, 0.08193826675415039, 0.0956430435180664, 0.2420189380645752, 0.21848773956298828, 0.07396912574768066]
{'args': ((26, 0, slice(0, 960, None), slice(None, None, None)),), 'dataset shape': (40, 11, 1921, 2560), 'dataset chunks': (7, 1, 385, 512), 'indexing time (s)': 1.9073486328125e-06, 'chunk number': 1650, 'reduction time (s)': 1.7245891094207764, 'chunks processed': 15, 'storage read (B)': 29686785, 'selection 2 time (s)': 1.7269136905670166}
Thread times [0.09424877166748047, 0.06223416328430176, 0.0912630558013916, 0.08075904846191406, 0.08313703536987305, 0.1535496711730957, 0.08950018882751465, 0.09287190437316895, 0.11715197563171387, 0.09326910972595215, 0.09287405014038086, 0.08987712860107422, 0.23441600799560547, 0.22152400016784668, 0.11562514305114746]
{'args': ((27, 0, slice(0, 960, None), slice(None, None, None)),), 'dataset shape': (40, 11, 1921, 2560), 'dataset chunks': (7, 1, 385, 512), 'indexing time (s)': 2.1457672119140625e-06, 'chunk number': 1650, 'reduction time (s)': 1.7139029502868652, 'chunks processed': 15, 'storage read (B)': 29686785, 'selection 2 time (s)': 1.7174789905548096}
Thread times [0.0925741195678711, 0.06318879127502441, 0.09106779098510742, 0.08064913749694824, 0.08344602584838867, 0.1156919002532959, 0.10066580772399902, 0.09599900245666504, 0.09272599220275879, 0.09815502166748047, 0.15171408653259277, 0.30547308921813965, 0.10205292701721191, 0.09698987007141113, 0.1075890064239502]
{'args': ((28, 0, slice(0, 960, None), slice(None, None, None)),), 'dataset shape': (40, 11, 1921, 2560), 'dataset chunks': (7, 1, 385, 512), 'indexing time (s)': 1.6689300537109375e-06, 'chunk number': 1650, 'reduction time (s)': 1.6793742179870605, 'chunks processed': 15, 'storage read (B)': 29670387, 'selection 2 time (s)': 1.6805031299591064}
Thread times [0.10717129707336426, 0.06307673454284668, 0.12313389778137207, 0.08960413932800293, 0.09333395957946777, 0.09375977516174316, 0.10293889045715332, 0.09714603424072266, 0.14154529571533203, 0.09619593620300293, 0.09227800369262695, 0.2517821788787842, 0.10017991065979004, 0.09196209907531738, 0.10858321189880371]
{'args': ((29, 0, slice(0, 960, None), slice(None, None, None)),), 'dataset shape': (40, 11, 1921, 2560), 'dataset chunks': (7, 1, 385, 512), 'indexing time (s)': 9.5367431640625e-07, 'chunk number': 1650, 'reduction time (s)': 1.6545977592468262, 'chunks processed': 15, 'storage read (B)': 29670387, 'selection 2 time (s)': 1.6569507122039795}
Thread times [0.11426687240600586, 0.07262015342712402, 0.08683204650878906, 0.292924165725708, 0.08833098411560059, 0.10244202613830566, 0.11055684089660645, 0.09431815147399902, 0.14469671249389648, 0.09199810028076172, 0.0910482406616211, 0.25400590896606445, 0.08939886093139648, 0.1540827751159668, 0.08937692642211914]
{'args': ((30, 0, slice(0, 960, None), slice(None, None, None)),), 'dataset shape': (40, 11, 1921, 2560), 'dataset chunks': (7, 1, 385, 512), 'indexing time (s)': 2.1457672119140625e-06, 'chunk number': 1650, 'reduction time (s)': 1.8792259693145752, 'chunks processed': 15, 'storage read (B)': 29670387, 'selection 2 time (s)': 1.881875991821289}
Thread times [0.10149812698364258, 0.07196283340454102, 0.0889432430267334, 0.08815169334411621, 0.17316007614135742, 0.0992441177368164, 0.09817028045654297, 0.0942068099975586, 0.0901181697845459, 0.10753512382507324, 0.1172647476196289, 0.24363493919372559, 0.09628987312316895, 0.08270907402038574, 0.10857701301574707]
{'args': ((31, 0, slice(0, 960, None), slice(None, None, None)),), 'dataset shape': (40, 11, 1921, 2560), 'dataset chunks': (7, 1, 385, 512), 'indexing time (s)': 2.1457672119140625e-06, 'chunk number': 1650, 'reduction time (s)': 1.6630017757415771, 'chunks processed': 15, 'storage read (B)': 29670387, 'selection 2 time (s)': 1.6652209758758545}
Thread times [0.10039377212524414, 0.07533693313598633, 0.08849215507507324, 0.08844804763793945, 0.09319019317626953, 0.09389281272888184, 0.09315991401672363, 0.11818695068359375, 0.11281085014343262, 0.1374669075012207, 0.08171296119689941, 0.2549707889556885, 0.08507394790649414, 0.09871721267700195, 0.0909888744354248]
{'args': ((32, 0, slice(0, 960, None), slice(None, None, None)),), 'dataset shape': (40, 11, 1921, 2560), 'dataset chunks': (7, 1, 385, 512), 'indexing time (s)': 1.9073486328125e-06, 'chunk number': 1650, 'reduction time (s)': 1.6144897937774658, 'chunks processed': 15, 'storage read (B)': 29670387, 'selection 2 time (s)': 1.6177983283996582}
Thread times [0.09827399253845215, 0.0649111270904541, 0.09370589256286621, 0.11566495895385742, 0.08646917343139648, 0.09426498413085938, 0.08181405067443848, 0.09410500526428223, 0.08518099784851074, 0.08876609802246094, 0.08413100242614746, 0.2795450687408447, 0.12617897987365723, 0.09506487846374512, 0.10239601135253906]
{'args': ((33, 0, slice(0, 960, None), slice(None, None, None)),), 'dataset shape': (40, 11, 1921, 2560), 'dataset chunks': (7, 1, 385, 512), 'indexing time (s)': 1.6689300537109375e-06, 'chunk number': 1650, 'reduction time (s)': 1.5920612812042236, 'chunks processed': 15, 'storage read (B)': 29670387, 'selection 2 time (s)': 1.5945031642913818}
Thread times [0.11601901054382324, 0.062064170837402344, 0.08742499351501465, 0.10682821273803711, 0.08787798881530762, 0.1325540542602539, 0.09092497825622559, 0.09043407440185547, 0.10296797752380371, 0.08998703956604004, 0.0724790096282959, 0.37455320358276367, 0.08534026145935059, 0.09411311149597168, 0.08828401565551758]
{'args': ((34, 0, slice(0, 960, None), slice(None, None, None)),), 'dataset shape': (40, 11, 1921, 2560), 'dataset chunks': (7, 1, 385, 512), 'indexing time (s)': 1.9073486328125e-06, 'chunk number': 1650, 'reduction time (s)': 1.6834869384765625, 'chunks processed': 15, 'storage read (B)': 29670387, 'selection 2 time (s)': 1.6873269081115723}
Thread times [0.11154007911682129, 0.06032419204711914, 0.060745954513549805, 0.08524274826049805, 0.07155919075012207, 0.09611916542053223, 0.07851386070251465, 0.09073305130004883, 0.07662296295166016, 0.07630419731140137, 0.1606903076171875, 0.13294625282287598, 0.08823013305664062, 0.12105798721313477, 0.19362282752990723]
{'args': ((35, 0, slice(0, 960, None), slice(None, None, None)),), 'dataset shape': (40, 11, 1921, 2560), 'dataset chunks': (7, 1, 385, 512), 'indexing time (s)': 1.9073486328125e-06, 'chunk number': 1650, 'reduction time (s)': 1.5058047771453857, 'chunks processed': 15, 'storage read (B)': 21287473, 'selection 2 time (s)': 1.5087320804595947}
Thread times [0.1380927562713623, 0.06328606605529785, 0.08005905151367188, 0.0746157169342041, 0.06823229789733887, 0.08222579956054688, 0.07918500900268555, 0.07220101356506348, 0.09364199638366699, 0.10494399070739746, 0.08809518814086914, 0.08412599563598633, 0.09381914138793945, 0.0715477466583252, 0.08370804786682129]
{'args': ((36, 0, slice(0, 960, None), slice(None, None, None)),), 'dataset shape': (40, 11, 1921, 2560), 'dataset chunks': (7, 1, 385, 512), 'indexing time (s)': 3.0994415283203125e-06, 'chunk number': 1650, 'reduction time (s)': 1.2797040939331055, 'chunks processed': 15, 'storage read (B)': 21287473, 'selection 2 time (s)': 1.2825927734375}
Thread times [0.23401117324829102, 0.08595490455627441, 0.06155514717102051, 0.09013485908508301, 0.07998895645141602, 0.2015361785888672, 0.12958526611328125, 0.10418105125427246, 0.1786642074584961, 0.12346911430358887, 0.1253960132598877, 0.08564996719360352, 0.09443902969360352, 0.11931681632995605, 0.08181309700012207]
{'args': ((37, 0, slice(0, 960, None), slice(None, None, None)),), 'dataset shape': (40, 11, 1921, 2560), 'dataset chunks': (7, 1, 385, 512), 'indexing time (s)': 2.1457672119140625e-06, 'chunk number': 1650, 'reduction time (s)': 1.7972290515899658, 'chunks processed': 15, 'storage read (B)': 21287473, 'selection 2 time (s)': 1.800978183746338}
Thread times [0.11700797080993652, 0.10636186599731445, 0.06431794166564941, 0.10002613067626953, 0.08173394203186035, 0.11337995529174805, 0.08434009552001953, 0.06761980056762695, 0.0828857421875, 0.13094806671142578, 0.08550214767456055, 0.0789031982421875, 0.0832371711730957, 0.08407306671142578, 0.10021185874938965]
{'args': ((38, 0, slice(0, 960, None), slice(None, None, None)),), 'dataset shape': (40, 11, 1921, 2560), 'dataset chunks': (7, 1, 385, 512), 'indexing time (s)': 1.9073486328125e-06, 'chunk number': 1650, 'reduction time (s)': 1.3821501731872559, 'chunks processed': 15, 'storage read (B)': 21287473, 'selection 2 time (s)': 1.384714126586914}
Thread times [0.10102987289428711, 0.061762094497680664, 0.07016801834106445, 0.07943224906921387, 0.06870198249816895, 0.09030890464782715, 0.08537912368774414, 0.07265996932983398, 0.104461669921875, 0.08869504928588867, 0.09789514541625977, 0.08830499649047852, 0.14643597602844238, 0.10420608520507812, 0.08356118202209473]
{'args': ((39, 0, slice(0, 960, None), slice(None, None, None)),), 'dataset shape': (40, 11, 1921, 2560), 'dataset chunks': (7, 1, 385, 512), 'indexing time (s)': 1.9073486328125e-06, 'chunk number': 1650, 'reduction time (s)': 1.344526767730713, 'chunks processed': 15, 'storage read (B)': 21287473, 'selection 2 time (s)': 1.3473680019378662}
[[226.07820312]
 [226.0646875 ]
 [225.93776042]
 [225.90820312]
 [225.91739583]
 [225.88460937]
 [225.82080729]
 [225.85434896]
 [225.9834375 ]
 [226.03822917]
 [226.01317708]
 [226.02333333]
 [226.03765625]
 [226.00486979]
 [225.91778646]
 [225.9403125 ]
 [225.98729167]
 [225.91450521]
 [225.81239583]
 [225.81890625]
 [225.8453125 ]
 [225.785     ]
 [225.63648438]
 [225.5565625 ]
 [225.45744792]
 [225.32382813]
 [225.16335937]
 [225.07786458]
 [225.07846354]
 [225.10669271]
 [225.17606771]
 [225.36867187]
 [225.57927083]
 [225.69083333]
 [225.7221875 ]
 [225.82367188]
 [225.93640625]
 [225.96760417]
 [225.91875   ]
 [225.92236979]]
Summary:  Uni24whidch :Active (T1,BS1): 1.36s,68.4s,75.6s
