Dataset loaded from S3 with s3fs and Pyfive: bnl/ch330a.pc19790301-def.nc (0.048,1.3)
Thread times [1.00740385055542, 1.281728982925415, 1.3162312507629395, 1.837552785873413, 2.0078330039978027, 2.4720520973205566, 2.5896260738372803, 2.601719856262207, 2.856213092803955, 2.91090989112854, 3.1156551837921143, 3.192711114883423, 3.2544991970062256, 3.414085865020752, 3.4198830127716064]
{'load nc time': 1.482600212097168, 'args': ((0, 0, slice(0, 960, None), slice(None, None, None)),), 'dataset shape': (40, 11, 1921, 2560), 'dataset chunks': (7, 1, 385, 512), 'indexing time (s)': 6.416395902633667, 'chunk number': 1650, 'reduction time (s)': 3.4240591526031494, 'chunks processed': 15, 'storage read (B)': 29685482, 'selection 1 time (s)': 9.84077787399292}
Thread times [0.018973112106323242, 0.8698561191558838, 1.303802251815796, 1.3829379081726074, 2.1888928413391113, 2.2598888874053955, 2.328805923461914, 2.4531090259552, 2.7688138484954834, 2.8122076988220215, 2.8782029151916504, 2.8966500759124756, 2.9262259006500244, 3.354548931121826, 3.3918750286102295]
{'args': ((1, 0, slice(0, 960, None), slice(None, None, None)),), 'dataset shape': (40, 11, 1921, 2560), 'dataset chunks': (7, 1, 385, 512), 'indexing time (s)': 9.5367431640625e-07, 'chunk number': 1650, 'reduction time (s)': 3.397585868835449, 'chunks processed': 15, 'storage read (B)': 29685482, 'selection 1 time (s)': 3.3976938724517822}
Thread times [0.020600080490112305, 1.68707275390625, 1.7893588542938232, 2.4482240676879883, 2.7095251083374023, 2.871450901031494, 2.9839251041412354, 3.0344910621643066, 3.1488137245178223, 3.196485996246338, 3.4226510524749756, 3.632183074951172, 3.6584439277648926, 3.726078987121582, 4.0656068325042725]
{'args': ((2, 0, slice(0, 960, None), slice(None, None, None)),), 'dataset shape': (40, 11, 1921, 2560), 'dataset chunks': (7, 1, 385, 512), 'indexing time (s)': 9.5367431640625e-07, 'chunk number': 1650, 'reduction time (s)': 4.072964191436768, 'chunks processed': 15, 'storage read (B)': 29685482, 'selection 1 time (s)': 4.073071241378784}
Thread times [0.018241167068481445, 1.43281888961792, 1.4486327171325684, 1.5539908409118652, 1.60093092918396, 2.0704262256622314, 2.282053232192993, 2.467722177505493, 2.5123701095581055, 2.668649911880493, 2.7198028564453125, 2.8010497093200684, 3.0029261112213135, 3.060176134109497, 3.1144397258758545]
{'args': ((3, 0, slice(0, 960, None), slice(None, None, None)),), 'dataset shape': (40, 11, 1921, 2560), 'dataset chunks': (7, 1, 385, 512), 'indexing time (s)': 9.5367431640625e-07, 'chunk number': 1650, 'reduction time (s)': 3.121638298034668, 'chunks processed': 15, 'storage read (B)': 29685482, 'selection 1 time (s)': 3.1217429637908936}
Thread times [0.019839048385620117, 1.4990310668945312, 2.1018450260162354, 2.170710802078247, 2.2847187519073486, 2.6500720977783203, 2.714841842651367, 2.7639927864074707, 3.2775769233703613, 3.328784227371216, 3.33011794090271, 3.5335090160369873, 3.8466382026672363, 3.9263739585876465, 4.102977752685547]
{'args': ((4, 0, slice(0, 960, None), slice(None, None, None)),), 'dataset shape': (40, 11, 1921, 2560), 'dataset chunks': (7, 1, 385, 512), 'indexing time (s)': 9.5367431640625e-07, 'chunk number': 1650, 'reduction time (s)': 4.108709812164307, 'chunks processed': 15, 'storage read (B)': 29685482, 'selection 1 time (s)': 4.10882306098938}
Thread times [0.02069091796875, 0.9915766716003418, 1.3107261657714844, 1.5456459522247314, 2.276059865951538, 2.933612108230591, 3.2154550552368164, 3.3097708225250244, 3.653756856918335, 3.8074772357940674, 3.9420950412750244, 4.007733106613159, 4.229521751403809, 4.274605989456177, 4.438228130340576]
{'args': ((5, 0, slice(0, 960, None), slice(None, None, None)),), 'dataset shape': (40, 11, 1921, 2560), 'dataset chunks': (7, 1, 385, 512), 'indexing time (s)': 9.5367431640625e-07, 'chunk number': 1650, 'reduction time (s)': 4.444710969924927, 'chunks processed': 15, 'storage read (B)': 29685482, 'selection 1 time (s)': 4.444828987121582}
Thread times [0.01937103271484375, 1.0275182723999023, 1.3229758739471436, 1.3675920963287354, 1.7967519760131836, 1.8594419956207275, 2.870879888534546, 2.8826539516448975, 3.083096981048584, 3.0913989543914795, 3.142285108566284, 3.3297781944274902, 3.3385088443756104, 3.395711898803711, 3.4506449699401855]
{'args': ((6, 0, slice(0, 960, None), slice(None, None, None)),), 'dataset shape': (40, 11, 1921, 2560), 'dataset chunks': (7, 1, 385, 512), 'indexing time (s)': 7.152557373046875e-07, 'chunk number': 1650, 'reduction time (s)': 3.4542293548583984, 'chunks processed': 15, 'storage read (B)': 29685482, 'selection 1 time (s)': 3.454380989074707}
Thread times [1.308845043182373, 1.4554951190948486, 1.5650429725646973, 2.1497862339019775, 2.755293130874634, 3.067189931869507, 3.3066303730010986, 3.3695528507232666, 3.5704569816589355, 3.8520638942718506, 4.118543863296509, 4.165915250778198, 4.199077844619751, 4.306351900100708, 4.346282958984375]
{'args': ((7, 0, slice(0, 960, None), slice(None, None, None)),), 'dataset shape': (40, 11, 1921, 2560), 'dataset chunks': (7, 1, 385, 512), 'indexing time (s)': 0.0, 'chunk number': 1650, 'reduction time (s)': 4.350550174713135, 'chunks processed': 15, 'storage read (B)': 29701892, 'selection 1 time (s)': 4.350656032562256}
Thread times [0.01984691619873047, 1.4817748069763184, 1.4999878406524658, 1.595484733581543, 2.1342837810516357, 2.5837271213531494, 2.7065589427948, 3.2683520317077637, 3.4027481079101562, 3.5317420959472656, 3.555037021636963, 3.680410861968994, 3.9135730266571045, 4.028555154800415, 4.126327991485596]
{'args': ((8, 0, slice(0, 960, None), slice(None, None, None)),), 'dataset shape': (40, 11, 1921, 2560), 'dataset chunks': (7, 1, 385, 512), 'indexing time (s)': 9.5367431640625e-07, 'chunk number': 1650, 'reduction time (s)': 4.132443189620972, 'chunks processed': 15, 'storage read (B)': 29701892, 'selection 1 time (s)': 4.132551908493042}
Thread times [0.01872420310974121, 2.0244789123535156, 2.300506114959717, 2.3041810989379883, 2.4080042839050293, 2.4701788425445557, 2.5206007957458496, 2.8349781036376953, 3.0820820331573486, 3.356806755065918, 3.7958920001983643, 4.222010135650635, 4.516869068145752, 4.62854790687561, 4.738248825073242]
{'args': ((9, 0, slice(0, 960, None), slice(None, None, None)),), 'dataset shape': (40, 11, 1921, 2560), 'dataset chunks': (7, 1, 385, 512), 'indexing time (s)': 1.1920928955078125e-06, 'chunk number': 1650, 'reduction time (s)': 4.743809938430786, 'chunks processed': 15, 'storage read (B)': 29701892, 'selection 1 time (s)': 4.743923187255859}
Thread times [0.021867990493774414, 1.8880600929260254, 1.983949899673462, 1.9933369159698486, 2.001621961593628, 2.195064067840576, 2.5881590843200684, 3.1606600284576416, 3.242967128753662, 3.6562469005584717, 3.674555778503418, 3.8037030696868896, 3.98044490814209, 4.325136184692383, 4.837106943130493]
{'args': ((10, 0, slice(0, 960, None), slice(None, None, None)),), 'dataset shape': (40, 11, 1921, 2560), 'dataset chunks': (7, 1, 385, 512), 'indexing time (s)': 1.1920928955078125e-06, 'chunk number': 1650, 'reduction time (s)': 4.843045711517334, 'chunks processed': 15, 'storage read (B)': 29701892, 'selection 1 time (s)': 4.843158006668091}
Thread times [0.018728017807006836, 1.7890818119049072, 2.2667040824890137, 2.274991273880005, 2.368479013442993, 2.4871580600738525, 2.5420470237731934, 2.8253366947174072, 3.04079008102417, 3.0948939323425293, 3.4074931144714355, 3.583681106567383, 3.7075421810150146, 3.870804786682129, 4.057881832122803]
{'args': ((11, 0, slice(0, 960, None), slice(None, None, None)),), 'dataset shape': (40, 11, 1921, 2560), 'dataset chunks': (7, 1, 385, 512), 'indexing time (s)': 9.5367431640625e-07, 'chunk number': 1650, 'reduction time (s)': 4.064342021942139, 'chunks processed': 15, 'storage read (B)': 29701892, 'selection 1 time (s)': 4.064453840255737}
Thread times [0.01866888999938965, 1.3351221084594727, 1.9117980003356934, 2.2628509998321533, 3.4320452213287354, 3.43291974067688, 3.4524097442626953, 3.465778112411499, 3.691581964492798, 4.120161056518555, 4.125234842300415, 4.188478946685791, 4.259105205535889, 4.323596954345703, 4.625885963439941]
{'args': ((12, 0, slice(0, 960, None), slice(None, None, None)),), 'dataset shape': (40, 11, 1921, 2560), 'dataset chunks': (7, 1, 385, 512), 'indexing time (s)': 9.5367431640625e-07, 'chunk number': 1650, 'reduction time (s)': 4.632474899291992, 'chunks processed': 15, 'storage read (B)': 29701892, 'selection 1 time (s)': 4.632585048675537}
Thread times [0.021090030670166016, 0.9941220283508301, 1.7769711017608643, 1.818213939666748, 2.118039131164551, 2.8076586723327637, 2.81317400932312, 2.872772216796875, 2.8907582759857178, 2.9868481159210205, 3.1107137203216553, 3.1609020233154297, 3.602849006652832, 3.7301852703094482, 3.7408010959625244]
{'args': ((13, 0, slice(0, 960, None), slice(None, None, None)),), 'dataset shape': (40, 11, 1921, 2560), 'dataset chunks': (7, 1, 385, 512), 'indexing time (s)': 1.1920928955078125e-06, 'chunk number': 1650, 'reduction time (s)': 3.745530843734741, 'chunks processed': 15, 'storage read (B)': 29701892, 'selection 1 time (s)': 3.745648145675659}
Thread times [1.354053258895874, 1.5678329467773438, 1.6072893142700195, 2.0279669761657715, 2.621588945388794, 2.8206520080566406, 3.092442035675049, 3.105252981185913, 3.1288869380950928, 3.327731132507324, 3.441843032836914, 3.4588489532470703, 3.711513042449951, 3.838869094848633, 4.079129219055176]
{'args': ((14, 0, slice(0, 960, None), slice(None, None, None)),), 'dataset shape': (40, 11, 1921, 2560), 'dataset chunks': (7, 1, 385, 512), 'indexing time (s)': 1.1920928955078125e-06, 'chunk number': 1650, 'reduction time (s)': 4.0865318775177, 'chunks processed': 15, 'storage read (B)': 29733505, 'selection 1 time (s)': 4.086648225784302}
Thread times [0.019794225692749023, 1.1908888816833496, 2.009288787841797, 2.183995008468628, 2.280564069747925, 2.384000062942505, 2.540863037109375, 2.5432050228118896, 2.7904512882232666, 3.3527488708496094, 3.4026880264282227, 3.6191861629486084, 3.6349570751190186, 3.896984100341797, 3.9013259410858154]
{'args': ((15, 0, slice(0, 960, None), slice(None, None, None)),), 'dataset shape': (40, 11, 1921, 2560), 'dataset chunks': (7, 1, 385, 512), 'indexing time (s)': 9.5367431640625e-07, 'chunk number': 1650, 'reduction time (s)': 3.906193733215332, 'chunks processed': 15, 'storage read (B)': 29733505, 'selection 1 time (s)': 3.9063098430633545}
Thread times [0.02356576919555664, 1.3715848922729492, 1.3738491535186768, 1.5686678886413574, 2.608070135116577, 2.888641834259033, 2.947840929031372, 2.9758050441741943, 3.0021209716796875, 3.166264057159424, 3.3099381923675537, 3.402255058288574, 3.4784047603607178, 3.6460158824920654, 3.9658448696136475]
{'args': ((16, 0, slice(0, 960, None), slice(None, None, None)),), 'dataset shape': (40, 11, 1921, 2560), 'dataset chunks': (7, 1, 385, 512), 'indexing time (s)': 9.5367431640625e-07, 'chunk number': 1650, 'reduction time (s)': 3.970842123031616, 'chunks processed': 15, 'storage read (B)': 29733505, 'selection 1 time (s)': 3.9709651470184326}
Thread times [0.020930051803588867, 1.2248778343200684, 1.2303407192230225, 2.338013172149658, 2.3702330589294434, 2.912872791290283, 3.0530638694763184, 3.2368509769439697, 3.248185157775879, 3.300853967666626, 3.3343911170959473, 3.6357030868530273, 3.708051919937134, 3.8654420375823975, 3.91520094871521]
{'args': ((17, 0, slice(0, 960, None), slice(None, None, None)),), 'dataset shape': (40, 11, 1921, 2560), 'dataset chunks': (7, 1, 385, 512), 'indexing time (s)': 7.152557373046875e-07, 'chunk number': 1650, 'reduction time (s)': 3.9207022190093994, 'chunks processed': 15, 'storage read (B)': 29733505, 'selection 1 time (s)': 3.9208059310913086}
Thread times [0.019299745559692383, 0.9863259792327881, 1.182478904724121, 1.2572121620178223, 2.342808246612549, 2.440645933151245, 2.5181171894073486, 2.924689292907715, 3.153615713119507, 3.259014844894409, 3.2960152626037598, 3.378887891769409, 3.5337400436401367, 3.542552947998047, 3.8261587619781494]
{'args': ((18, 0, slice(0, 960, None), slice(None, None, None)),), 'dataset shape': (40, 11, 1921, 2560), 'dataset chunks': (7, 1, 385, 512), 'indexing time (s)': 7.152557373046875e-07, 'chunk number': 1650, 'reduction time (s)': 3.847379207611084, 'chunks processed': 15, 'storage read (B)': 29733505, 'selection 1 time (s)': 3.847482681274414}
Thread times [0.019408226013183594, 1.5556249618530273, 1.7222862243652344, 1.744372844696045, 2.1864922046661377, 2.1943647861480713, 2.371048927307129, 2.676827907562256, 2.8609139919281006, 2.9288041591644287, 3.20135498046875, 3.221414089202881, 3.300273895263672, 3.649204969406128, 3.717226982116699]
{'args': ((19, 0, slice(0, 960, None), slice(None, None, None)),), 'dataset shape': (40, 11, 1921, 2560), 'dataset chunks': (7, 1, 385, 512), 'indexing time (s)': 9.5367431640625e-07, 'chunk number': 1650, 'reduction time (s)': 3.722470998764038, 'chunks processed': 15, 'storage read (B)': 29733505, 'selection 1 time (s)': 3.7225852012634277}
Thread times [0.019479036331176758, 1.5100350379943848, 1.8315081596374512, 2.295522928237915, 2.6790828704833984, 2.8874077796936035, 3.61306095123291, 3.764962673187256, 3.956613302230835, 4.0998008251190186, 4.2236549854278564, 4.302306890487671, 4.522315979003906, 4.661801099777222, 4.66989278793335]
{'args': ((20, 0, slice(0, 960, None), slice(None, None, None)),), 'dataset shape': (40, 11, 1921, 2560), 'dataset chunks': (7, 1, 385, 512), 'indexing time (s)': 1.1920928955078125e-06, 'chunk number': 1650, 'reduction time (s)': 4.674504041671753, 'chunks processed': 15, 'storage read (B)': 29733505, 'selection 1 time (s)': 4.67460823059082}
Thread times [1.262220859527588, 1.7632060050964355, 2.1270971298217773, 2.2009429931640625, 2.853943109512329, 3.1843011379241943, 3.2058048248291016, 3.4765591621398926, 3.477572202682495, 3.510406732559204, 3.717039108276367, 4.2259681224823, 4.275202751159668, 4.276303052902222, 4.319920778274536]
{'args': ((21, 0, slice(0, 960, None), slice(None, None, None)),), 'dataset shape': (40, 11, 1921, 2560), 'dataset chunks': (7, 1, 385, 512), 'indexing time (s)': 1.1920928955078125e-06, 'chunk number': 1650, 'reduction time (s)': 4.326236009597778, 'chunks processed': 15, 'storage read (B)': 29686785, 'selection 1 time (s)': 4.32633900642395}
Thread times [0.018903017044067383, 1.037302017211914, 1.7422902584075928, 2.036726951599121, 2.1649727821350098, 2.4998018741607666, 2.7816710472106934, 2.985182762145996, 3.0631167888641357, 3.100961923599243, 3.3660647869110107, 3.3678791522979736, 3.587372064590454, 3.814009666442871, 3.8631598949432373]
{'args': ((22, 0, slice(0, 960, None), slice(None, None, None)),), 'dataset shape': (40, 11, 1921, 2560), 'dataset chunks': (7, 1, 385, 512), 'indexing time (s)': 9.5367431640625e-07, 'chunk number': 1650, 'reduction time (s)': 3.867833137512207, 'chunks processed': 15, 'storage read (B)': 29686785, 'selection 1 time (s)': 3.8679468631744385}
Thread times [0.02143692970275879, 1.4366958141326904, 1.5931451320648193, 1.9884209632873535, 2.5811872482299805, 2.9858498573303223, 3.3371291160583496, 3.6651289463043213, 3.908646821975708, 4.017066955566406, 4.0210161209106445, 4.0738372802734375, 4.097238063812256, 4.167820692062378, 4.363173961639404]
{'args': ((23, 0, slice(0, 960, None), slice(None, None, None)),), 'dataset shape': (40, 11, 1921, 2560), 'dataset chunks': (7, 1, 385, 512), 'indexing time (s)': 1.1920928955078125e-06, 'chunk number': 1650, 'reduction time (s)': 4.368906021118164, 'chunks processed': 15, 'storage read (B)': 29686785, 'selection 1 time (s)': 4.369026184082031}
Thread times [0.02111196517944336, 1.2469298839569092, 1.8656620979309082, 1.890923023223877, 2.230905055999756, 2.3196260929107666, 2.856910228729248, 3.1606099605560303, 3.248809814453125, 3.3183062076568604, 3.3498172760009766, 3.5375449657440186, 3.875915050506592, 3.8803820610046387, 4.173002004623413]
{'args': ((24, 0, slice(0, 960, None), slice(None, None, None)),), 'dataset shape': (40, 11, 1921, 2560), 'dataset chunks': (7, 1, 385, 512), 'indexing time (s)': 9.5367431640625e-07, 'chunk number': 1650, 'reduction time (s)': 4.176813840866089, 'chunks processed': 15, 'storage read (B)': 29686785, 'selection 1 time (s)': 4.176928997039795}
Thread times [0.019173145294189453, 1.1928541660308838, 1.1995208263397217, 2.414499044418335, 2.7983999252319336, 2.806727170944214, 2.9054737091064453, 3.164335012435913, 3.3034679889678955, 3.347007989883423, 3.389960289001465, 3.482728958129883, 3.822847843170166, 3.849152088165283, 3.982809066772461]
{'args': ((25, 0, slice(0, 960, None), slice(None, None, None)),), 'dataset shape': (40, 11, 1921, 2560), 'dataset chunks': (7, 1, 385, 512), 'indexing time (s)': 7.152557373046875e-07, 'chunk number': 1650, 'reduction time (s)': 3.9876022338867188, 'chunks processed': 15, 'storage read (B)': 29686785, 'selection 1 time (s)': 3.987715005874634}
Thread times [0.02232193946838379, 1.5462801456451416, 2.029891014099121, 2.0585241317749023, 2.934528112411499, 2.9689559936523438, 3.4064981937408447, 3.7023940086364746, 4.085088014602661, 4.114375114440918, 4.420651197433472, 4.5849950313568115, 4.5908098220825195, 4.587396144866943, 4.710699081420898]
{'args': ((26, 0, slice(0, 960, None), slice(None, None, None)),), 'dataset shape': (40, 11, 1921, 2560), 'dataset chunks': (7, 1, 385, 512), 'indexing time (s)': 9.5367431640625e-07, 'chunk number': 1650, 'reduction time (s)': 4.716544151306152, 'chunks processed': 15, 'storage read (B)': 29686785, 'selection 1 time (s)': 4.716660022735596}
Thread times [0.01986098289489746, 1.2783558368682861, 1.7731547355651855, 1.8284990787506104, 2.3090980052948, 2.520371913909912, 2.619706153869629, 2.8832311630249023, 2.9295690059661865, 3.156960964202881, 3.2412972450256348, 3.366455078125, 3.390749931335449, 3.716007947921753, 3.759202241897583]
{'args': ((27, 0, slice(0, 960, None), slice(None, None, None)),), 'dataset shape': (40, 11, 1921, 2560), 'dataset chunks': (7, 1, 385, 512), 'indexing time (s)': 0.0, 'chunk number': 1650, 'reduction time (s)': 3.7652080059051514, 'chunks processed': 15, 'storage read (B)': 29686785, 'selection 1 time (s)': 3.7653229236602783}
Thread times [1.4074609279632568, 1.830683946609497, 2.026400089263916, 2.41613507270813, 2.420454978942871, 2.599165916442871, 2.745589017868042, 2.971057176589966, 3.3074748516082764, 3.4506051540374756, 3.494574785232544, 3.6605398654937744, 3.665661096572876, 3.9506490230560303, 4.014030933380127]
{'args': ((28, 0, slice(0, 960, None), slice(None, None, None)),), 'dataset shape': (40, 11, 1921, 2560), 'dataset chunks': (7, 1, 385, 512), 'indexing time (s)': 1.1920928955078125e-06, 'chunk number': 1650, 'reduction time (s)': 4.019394874572754, 'chunks processed': 15, 'storage read (B)': 29670387, 'selection 1 time (s)': 4.019506931304932}
Thread times [0.019355058670043945, 1.0945746898651123, 1.564488172531128, 2.0441861152648926, 2.1989917755126953, 2.535216808319092, 2.5708067417144775, 2.94543719291687, 2.96484112739563, 3.0698719024658203, 3.1080198287963867, 3.1811702251434326, 3.30839204788208, 3.5340240001678467, 3.654599905014038]
{'args': ((29, 0, slice(0, 960, None), slice(None, None, None)),), 'dataset shape': (40, 11, 1921, 2560), 'dataset chunks': (7, 1, 385, 512), 'indexing time (s)': 9.5367431640625e-07, 'chunk number': 1650, 'reduction time (s)': 3.660243034362793, 'chunks processed': 15, 'storage read (B)': 29670387, 'selection 1 time (s)': 3.660356044769287}
Thread times [0.01995706558227539, 1.5140528678894043, 1.6025972366333008, 1.6758661270141602, 2.00369930267334, 2.4634389877319336, 2.4681930541992188, 2.621572732925415, 2.8177993297576904, 3.1024091243743896, 3.2958109378814697, 3.451059103012085, 3.4918971061706543, 3.677424907684326, 3.7037010192871094]
{'args': ((30, 0, slice(0, 960, None), slice(None, None, None)),), 'dataset shape': (40, 11, 1921, 2560), 'dataset chunks': (7, 1, 385, 512), 'indexing time (s)': 7.152557373046875e-07, 'chunk number': 1650, 'reduction time (s)': 3.7105190753936768, 'chunks processed': 15, 'storage read (B)': 29670387, 'selection 1 time (s)': 3.7106330394744873}
Thread times [0.01924300193786621, 1.9497170448303223, 2.509565830230713, 2.570215940475464, 2.862257957458496, 3.1566431522369385, 3.2800259590148926, 3.415910005569458, 3.4924840927124023, 3.628950595855713, 3.658694267272949, 3.9883172512054443, 4.16727089881897, 4.245187997817993, 4.2793049812316895]
{'args': ((31, 0, slice(0, 960, None), slice(None, None, None)),), 'dataset shape': (40, 11, 1921, 2560), 'dataset chunks': (7, 1, 385, 512), 'indexing time (s)': 0.0, 'chunk number': 1650, 'reduction time (s)': 4.284501075744629, 'chunks processed': 15, 'storage read (B)': 29670387, 'selection 1 time (s)': 4.28460693359375}
Thread times [0.019432783126831055, 1.4213318824768066, 1.5731348991394043, 1.9240140914916992, 1.9346282482147217, 2.2892239093780518, 2.37685489654541, 2.5530989170074463, 2.5595808029174805, 3.0368900299072266, 3.106145143508911, 3.193557024002075, 3.484492063522339, 3.5587880611419678, 3.6573407649993896]
{'args': ((32, 0, slice(0, 960, None), slice(None, None, None)),), 'dataset shape': (40, 11, 1921, 2560), 'dataset chunks': (7, 1, 385, 512), 'indexing time (s)': 1.1920928955078125e-06, 'chunk number': 1650, 'reduction time (s)': 3.6630969047546387, 'chunks processed': 15, 'storage read (B)': 29670387, 'selection 1 time (s)': 3.6632089614868164}
Thread times [0.020888090133666992, 1.474708080291748, 1.5607268810272217, 1.5921311378479004, 2.076464891433716, 2.4019970893859863, 2.4873969554901123, 2.5395073890686035, 2.8101837635040283, 2.895653009414673, 2.906593084335327, 3.3202898502349854, 3.4181571006774902, 3.423830032348633, 3.534468173980713]
{'args': ((33, 0, slice(0, 960, None), slice(None, None, None)),), 'dataset shape': (40, 11, 1921, 2560), 'dataset chunks': (7, 1, 385, 512), 'indexing time (s)': 0.0, 'chunk number': 1650, 'reduction time (s)': 3.5399248600006104, 'chunks processed': 15, 'storage read (B)': 29670387, 'selection 1 time (s)': 3.540044069290161}
Thread times [0.022403240203857422, 1.465998888015747, 1.6966001987457275, 1.9386909008026123, 2.140643835067749, 2.183323860168457, 2.439558267593384, 2.4775397777557373, 2.6524181365966797, 2.6702158451080322, 2.703141212463379, 3.2483789920806885, 3.4320030212402344, 3.519958972930908, 3.596127986907959]
{'args': ((34, 0, slice(0, 960, None), slice(None, None, None)),), 'dataset shape': (40, 11, 1921, 2560), 'dataset chunks': (7, 1, 385, 512), 'indexing time (s)': 1.1920928955078125e-06, 'chunk number': 1650, 'reduction time (s)': 3.6026432514190674, 'chunks processed': 15, 'storage read (B)': 29670387, 'selection 1 time (s)': 3.6027541160583496}
Thread times [1.2462849617004395, 1.4010951519012451, 1.4316880702972412, 1.8086621761322021, 1.8310091495513916, 2.2746541500091553, 2.452777862548828, 2.480998992919922, 2.5535738468170166, 2.5583159923553467, 2.610725164413452, 3.031789779663086, 3.035372018814087, 3.1174709796905518, 3.1565778255462646]
{'args': ((35, 0, slice(0, 960, None), slice(None, None, None)),), 'dataset shape': (40, 11, 1921, 2560), 'dataset chunks': (7, 1, 385, 512), 'indexing time (s)': 9.5367431640625e-07, 'chunk number': 1650, 'reduction time (s)': 3.163450002670288, 'chunks processed': 15, 'storage read (B)': 21287473, 'selection 1 time (s)': 3.163565158843994}
Thread times [0.016806840896606445, 1.3879618644714355, 1.7150840759277344, 1.7793941497802734, 1.9248697757720947, 1.982008934020996, 2.104613780975342, 2.163966178894043, 2.2347590923309326, 2.2640671730041504, 2.5045130252838135, 2.728041172027588, 2.747157096862793, 2.9948389530181885, 3.002600908279419]
{'args': ((36, 0, slice(0, 960, None), slice(None, None, None)),), 'dataset shape': (40, 11, 1921, 2560), 'dataset chunks': (7, 1, 385, 512), 'indexing time (s)': 0.0, 'chunk number': 1650, 'reduction time (s)': 3.008039951324463, 'chunks processed': 15, 'storage read (B)': 21287473, 'selection 1 time (s)': 3.0081470012664795}
Thread times [0.01845407485961914, 0.628087043762207, 1.726120948791504, 1.9281189441680908, 1.939828872680664, 2.36841082572937, 2.431577682495117, 2.592474937438965, 2.7653040885925293, 2.767665147781372, 2.9447720050811768, 3.136564016342163, 3.1542673110961914, 3.1578567028045654, 3.250636100769043]
{'args': ((37, 0, slice(0, 960, None), slice(None, None, None)),), 'dataset shape': (40, 11, 1921, 2560), 'dataset chunks': (7, 1, 385, 512), 'indexing time (s)': 9.5367431640625e-07, 'chunk number': 1650, 'reduction time (s)': 3.2552666664123535, 'chunks processed': 15, 'storage read (B)': 21287473, 'selection 1 time (s)': 3.2553720474243164}
Thread times [0.018069982528686523, 1.0295870304107666, 1.4656450748443604, 1.485443115234375, 1.6843698024749756, 1.7577579021453857, 2.061859130859375, 2.0878982543945312, 2.1850218772888184, 2.2429802417755127, 2.2816059589385986, 2.530999183654785, 2.6487700939178467, 2.6662111282348633, 2.6697139739990234]
{'args': ((38, 0, slice(0, 960, None), slice(None, None, None)),), 'dataset shape': (40, 11, 1921, 2560), 'dataset chunks': (7, 1, 385, 512), 'indexing time (s)': 1.1920928955078125e-06, 'chunk number': 1650, 'reduction time (s)': 2.673247814178467, 'chunks processed': 15, 'storage read (B)': 21287473, 'selection 1 time (s)': 2.673352003097534}
Thread times [0.019203901290893555, 0.6183559894561768, 1.137458086013794, 1.3907411098480225, 1.434798002243042, 1.452991008758545, 1.7802340984344482, 1.8830480575561523, 1.9172840118408203, 1.9232771396636963, 2.13295578956604, 2.1817679405212402, 2.2015979290008545, 2.4457650184631348, 2.483020067214966]
{'args': ((39, 0, slice(0, 960, None), slice(None, None, None)),), 'dataset shape': (40, 11, 1921, 2560), 'dataset chunks': (7, 1, 385, 512), 'indexing time (s)': 9.5367431640625e-07, 'chunk number': 1650, 'reduction time (s)': 2.4892048835754395, 'chunks processed': 15, 'storage read (B)': 21287473, 'selection 1 time (s)': 2.489306688308716}
[[226.07815104]
 [226.06473958]
 [225.93763021]
 [225.90807292]
 [225.91736979]
 [225.88455729]
 [225.82075521]
 [225.85440104]
 [225.98328125]
 [226.03804687]
 [226.01315104]
 [226.02330729]
 [226.03770833]
 [226.00479167]
 [225.91765625]
 [225.94033854]
 [225.98721354]
 [225.91466146]
 [225.81242188]
 [225.81872396]
 [225.84526042]
 [225.78497396]
 [225.63648438]
 [225.55653646]
 [225.45736979]
 [225.32369792]
 [225.16325521]
 [225.07796875]
 [225.0784375 ]
 [225.10664063]
 [225.17606771]
 [225.36877604]
 [225.57911458]
 [225.69080729]
 [225.72231771]
 [225.82367188]
 [225.9365625 ]
 [225.96765625]
 [225.91864583]
 [225.92247396]]
Summary:  Uni24whidch :Local (T100,BS1): 1.48s,154.9s,162.8s
