Dataset loaded from S3 with s3fs and Pyfive: bnl/ch330a.pc19790301-def.nc (0.19,3.5)
Thread times [0.13494181632995605, 0.0653529167175293, 0.07405900955200195, 0.15358209609985352, 0.09578204154968262, 0.09490776062011719, 0.10592103004455566, 0.12038898468017578, 0.3304100036621094, 0.14412784576416016, 0.11362099647521973, 0.3576629161834717, 0.08551597595214844, 0.14967608451843262, 0.12046074867248535]
{'load nc time': 4.415156126022339, 'args': ((0, 0, slice(0, 960, None), slice(None, None, None)),), 'dataset shape': (40, 11, 1921, 2560), 'dataset chunks': (7, 1, 385, 512), 'indexing time (s)': 19.490355968475342, 'chunk number': 1650, 'reduction time (s)': 2.14814829826355, 'chunks processed': 15, 'storage read (B)': 29685482, 'selection 2 time (s)': 21.64131784439087}
Thread times [0.09215688705444336, 0.06135702133178711, 0.142409086227417, 0.06892275810241699, 0.10553288459777832, 0.12429523468017578, 0.15877699851989746, 0.09613800048828125, 0.32595205307006836, 0.09817886352539062, 0.09253692626953125, 0.3208169937133789, 0.09691810607910156, 0.08972001075744629, 0.09274411201477051]
{'args': ((1, 0, slice(0, 960, None), slice(None, None, None)),), 'dataset shape': (40, 11, 1921, 2560), 'dataset chunks': (7, 1, 385, 512), 'indexing time (s)': 9.5367431640625e-07, 'chunk number': 1650, 'reduction time (s)': 1.9680278301239014, 'chunks processed': 15, 'storage read (B)': 29685482, 'selection 2 time (s)': 1.9706101417541504}
Thread times [0.10624098777770996, 0.0639200210571289, 0.06842589378356934, 0.07803201675415039, 0.08000016212463379, 0.08663415908813477, 0.08618307113647461, 0.08683586120605469, 0.2425529956817627, 0.13360595703125, 0.0942988395690918, 0.4330132007598877, 0.08977890014648438, 0.08468794822692871, 0.10974907875061035]
{'args': ((2, 0, slice(0, 960, None), slice(None, None, None)),), 'dataset shape': (40, 11, 1921, 2560), 'dataset chunks': (7, 1, 385, 512), 'indexing time (s)': 1.6689300537109375e-06, 'chunk number': 1650, 'reduction time (s)': 1.8453190326690674, 'chunks processed': 15, 'storage read (B)': 29685482, 'selection 2 time (s)': 1.8476285934448242}
Thread times [0.09948492050170898, 0.0707390308380127, 0.0668330192565918, 0.06492185592651367, 0.08310508728027344, 0.10000801086425781, 0.12831497192382812, 0.09612298011779785, 0.336043119430542, 0.10442399978637695, 0.11238217353820801, 0.2942211627960205, 0.08844900131225586, 0.09219884872436523, 0.09459114074707031]
{'args': ((3, 0, slice(0, 960, None), slice(None, None, None)),), 'dataset shape': (40, 11, 1921, 2560), 'dataset chunks': (7, 1, 385, 512), 'indexing time (s)': 2.1457672119140625e-06, 'chunk number': 1650, 'reduction time (s)': 1.8330280780792236, 'chunks processed': 15, 'storage read (B)': 29685482, 'selection 2 time (s)': 1.835193157196045}
Thread times [0.08977103233337402, 0.06302905082702637, 0.07535314559936523, 0.12380385398864746, 0.09202098846435547, 0.08717608451843262, 0.1009378433227539, 0.20592594146728516, 0.315784215927124, 0.10643720626831055, 0.0930178165435791, 0.3129770755767822, 0.09396600723266602, 0.11891794204711914, 0.10932207107543945]
{'args': ((4, 0, slice(0, 960, None), slice(None, None, None)),), 'dataset shape': (40, 11, 1921, 2560), 'dataset chunks': (7, 1, 385, 512), 'indexing time (s)': 1.9073486328125e-06, 'chunk number': 1650, 'reduction time (s)': 1.9903779029846191, 'chunks processed': 15, 'storage read (B)': 29685482, 'selection 2 time (s)': 1.9933252334594727}
Thread times [0.10018587112426758, 0.16093206405639648, 0.10269808769226074, 0.07771682739257812, 0.08578300476074219, 0.09019708633422852, 0.10092592239379883, 0.08373713493347168, 0.3054208755493164, 0.15265417098999023, 0.08594417572021484, 0.37396669387817383, 0.0925588607788086, 0.1390080451965332, 0.08739924430847168]
{'args': ((5, 0, slice(0, 960, None), slice(None, None, None)),), 'dataset shape': (40, 11, 1921, 2560), 'dataset chunks': (7, 1, 385, 512), 'indexing time (s)': 1.9073486328125e-06, 'chunk number': 1650, 'reduction time (s)': 2.040553092956543, 'chunks processed': 15, 'storage read (B)': 29685482, 'selection 2 time (s)': 2.0426011085510254}
Thread times [0.0957481861114502, 0.05498695373535156, 0.0717000961303711, 0.07113981246948242, 0.08501029014587402, 0.12179112434387207, 0.10184597969055176, 0.09921884536743164, 0.2541618347167969, 0.09824085235595703, 0.09459972381591797, 0.2653238773345947, 0.0791311264038086, 0.0852198600769043, 0.07724905014038086]
{'args': ((6, 0, slice(0, 960, None), slice(None, None, None)),), 'dataset shape': (40, 11, 1921, 2560), 'dataset chunks': (7, 1, 385, 512), 'indexing time (s)': 9.5367431640625e-07, 'chunk number': 1650, 'reduction time (s)': 1.6566400527954102, 'chunks processed': 15, 'storage read (B)': 29685482, 'selection 2 time (s)': 1.6592998504638672}
Thread times [0.10307598114013672, 0.0580601692199707, 0.08245110511779785, 0.07998800277709961, 0.08629798889160156, 0.11766505241394043, 0.09256815910339355, 0.0929710865020752, 0.24216794967651367, 0.0697319507598877, 0.18955183029174805, 0.09073591232299805, 0.09890198707580566, 0.09049701690673828, 0.09283089637756348]
{'args': ((7, 0, slice(0, 960, None), slice(None, None, None)),), 'dataset shape': (40, 11, 1921, 2560), 'dataset chunks': (7, 1, 385, 512), 'indexing time (s)': 2.1457672119140625e-06, 'chunk number': 1650, 'reduction time (s)': 1.5886108875274658, 'chunks processed': 15, 'storage read (B)': 29701892, 'selection 2 time (s)': 1.5907528400421143}
Thread times [0.10199713706970215, 0.06891226768493652, 0.08716392517089844, 0.0941011905670166, 0.12219691276550293, 0.19850826263427734, 0.08615398406982422, 0.10775494575500488, 0.2726128101348877, 0.08945107460021973, 0.1004190444946289, 0.08884716033935547, 0.08943414688110352, 0.08947563171386719, 0.09812307357788086]
{'args': ((8, 0, slice(0, 960, None), slice(None, None, None)),), 'dataset shape': (40, 11, 1921, 2560), 'dataset chunks': (7, 1, 385, 512), 'indexing time (s)': 1.6689300537109375e-06, 'chunk number': 1650, 'reduction time (s)': 1.6966102123260498, 'chunks processed': 15, 'storage read (B)': 29701892, 'selection 2 time (s)': 1.6993281841278076}
Thread times [0.09239792823791504, 0.06269192695617676, 0.09068799018859863, 0.0772559642791748, 0.08699703216552734, 0.0937490463256836, 0.08791613578796387, 0.09177517890930176, 0.39618468284606934, 0.12583613395690918, 0.08344793319702148, 0.09316110610961914, 0.08928799629211426, 0.09530901908874512, 0.08845782279968262]
{'args': ((9, 0, slice(0, 960, None), slice(None, None, None)),), 'dataset shape': (40, 11, 1921, 2560), 'dataset chunks': (7, 1, 385, 512), 'indexing time (s)': 2.1457672119140625e-06, 'chunk number': 1650, 'reduction time (s)': 1.6564970016479492, 'chunks processed': 15, 'storage read (B)': 29701892, 'selection 2 time (s)': 1.6599900722503662}
Thread times [0.10666704177856445, 0.06037497520446777, 0.11437010765075684, 0.13847589492797852, 0.08239102363586426, 0.09720301628112793, 0.09968090057373047, 0.09654712677001953, 0.2580113410949707, 0.07950019836425781, 0.08916807174682617, 0.10247302055358887, 0.11972308158874512, 0.1183938980102539, 0.09653973579406738]
{'args': ((10, 0, slice(0, 960, None), slice(None, None, None)),), 'dataset shape': (40, 11, 1921, 2560), 'dataset chunks': (7, 1, 385, 512), 'indexing time (s)': 2.1457672119140625e-06, 'chunk number': 1650, 'reduction time (s)': 1.6610491275787354, 'chunks processed': 15, 'storage read (B)': 29701892, 'selection 2 time (s)': 1.6635427474975586}
Thread times [0.129547119140625, 0.06599187850952148, 0.10079383850097656, 0.0861520767211914, 0.34120798110961914, 0.30620312690734863, 0.19699478149414062, 0.11507010459899902, 0.3038010597229004, 0.10400819778442383, 0.09502291679382324, 0.09151792526245117, 0.1072380542755127, 1.1396260261535645, 0.12670683860778809]
{'args': ((11, 0, slice(0, 960, None), slice(None, None, None)),), 'dataset shape': (40, 11, 1921, 2560), 'dataset chunks': (7, 1, 385, 512), 'indexing time (s)': 2.1457672119140625e-06, 'chunk number': 1650, 'reduction time (s)': 3.3115358352661133, 'chunks processed': 15, 'storage read (B)': 29701892, 'selection 2 time (s)': 3.3140881061553955}
Thread times [0.09892797470092773, 0.0567629337310791, 0.09754705429077148, 0.09305310249328613, 0.16335415840148926, 0.09059977531433105, 0.09800171852111816, 0.09295392036437988, 0.28037405014038086, 0.09965395927429199, 0.08095812797546387, 0.08709883689880371, 0.0969400405883789, 0.08588266372680664, 0.08630609512329102]
{'args': ((12, 0, slice(0, 960, None), slice(None, None, None)),), 'dataset shape': (40, 11, 1921, 2560), 'dataset chunks': (7, 1, 385, 512), 'indexing time (s)': 1.9073486328125e-06, 'chunk number': 1650, 'reduction time (s)': 1.6099956035614014, 'chunks processed': 15, 'storage read (B)': 29701892, 'selection 2 time (s)': 1.6111159324645996}
Thread times [0.09293007850646973, 0.05869483947753906, 0.07891464233398438, 0.0993490219116211, 0.07951903343200684, 0.08556914329528809, 0.17824602127075195, 0.09506893157958984, 0.3543050289154053, 0.13226914405822754, 0.11434793472290039, 0.09654688835144043, 0.0852968692779541, 0.09933114051818848, 0.10498404502868652]
{'args': ((13, 0, slice(0, 960, None), slice(None, None, None)),), 'dataset shape': (40, 11, 1921, 2560), 'dataset chunks': (7, 1, 385, 512), 'indexing time (s)': 9.5367431640625e-07, 'chunk number': 1650, 'reduction time (s)': 1.7565810680389404, 'chunks processed': 15, 'storage read (B)': 29701892, 'selection 2 time (s)': 1.7591018676757812}
Thread times [0.0994868278503418, 0.07143497467041016, 0.1901099681854248, 0.22388100624084473, 0.08795309066772461, 0.08299493789672852, 0.1034700870513916, 0.1324150562286377, 0.31983304023742676, 0.10216188430786133, 0.1027371883392334, 0.11560225486755371, 0.11577391624450684, 0.09631228446960449, 0.07710099220275879]
{'args': ((14, 0, slice(0, 960, None), slice(None, None, None)),), 'dataset shape': (40, 11, 1921, 2560), 'dataset chunks': (7, 1, 385, 512), 'indexing time (s)': 1.1920928955078125e-06, 'chunk number': 1650, 'reduction time (s)': 1.9231150150299072, 'chunks processed': 15, 'storage read (B)': 29733505, 'selection 2 time (s)': 1.9263999462127686}
Thread times [0.132584810256958, 0.13412189483642578, 0.08021116256713867, 0.08125901222229004, 0.08959412574768066, 0.08542490005493164, 0.09945487976074219, 0.09563612937927246, 0.325289249420166, 0.0932459831237793, 0.08921194076538086, 0.09961485862731934, 0.09038209915161133, 0.08968997001647949, 0.10292506217956543]
{'args': ((15, 0, slice(0, 960, None), slice(None, None, None)),), 'dataset shape': (40, 11, 1921, 2560), 'dataset chunks': (7, 1, 385, 512), 'indexing time (s)': 3.0994415283203125e-06, 'chunk number': 1650, 'reduction time (s)': 1.6902680397033691, 'chunks processed': 15, 'storage read (B)': 29733505, 'selection 2 time (s)': 1.6928589344024658}
Thread times [0.09891986846923828, 0.07863998413085938, 0.0665438175201416, 0.08813095092773438, 0.12777972221374512, 0.09687089920043945, 0.3068530559539795, 0.10242486000061035, 0.2589740753173828, 0.10595107078552246, 0.07422375679016113, 0.10409975051879883, 0.08779096603393555, 0.08965897560119629, 0.09386014938354492]
{'args': ((16, 0, slice(0, 960, None), slice(None, None, None)),), 'dataset shape': (40, 11, 1921, 2560), 'dataset chunks': (7, 1, 385, 512), 'indexing time (s)': 1.9073486328125e-06, 'chunk number': 1650, 'reduction time (s)': 1.7822391986846924, 'chunks processed': 15, 'storage read (B)': 29733505, 'selection 2 time (s)': 1.7848129272460938}
Thread times [0.10957908630371094, 0.1032259464263916, 0.0727849006652832, 0.09592223167419434, 0.08990192413330078, 0.10423398017883301, 0.10010385513305664, 0.08860516548156738, 0.23826313018798828, 0.09051394462585449, 0.08057212829589844, 0.09197020530700684, 0.12507390975952148, 0.09174609184265137, 0.09379196166992188]
{'args': ((17, 0, slice(0, 960, None), slice(None, None, None)),), 'dataset shape': (40, 11, 1921, 2560), 'dataset chunks': (7, 1, 385, 512), 'indexing time (s)': 1.6689300537109375e-06, 'chunk number': 1650, 'reduction time (s)': 1.5778470039367676, 'chunks processed': 15, 'storage read (B)': 29733505, 'selection 2 time (s)': 1.5801029205322266}
Thread times [0.09851884841918945, 0.15751004219055176, 0.07379817962646484, 0.06491804122924805, 0.11308789253234863, 0.16695213317871094, 0.14964032173156738, 0.0944068431854248, 0.2674076557159424, 0.09610390663146973, 0.08960199356079102, 0.1039738655090332, 0.19196295738220215, 0.1376328468322754, 0.11465597152709961]
{'args': ((18, 0, slice(0, 960, None), slice(None, None, None)),), 'dataset shape': (40, 11, 1921, 2560), 'dataset chunks': (7, 1, 385, 512), 'indexing time (s)': 1.9073486328125e-06, 'chunk number': 1650, 'reduction time (s)': 1.9215223789215088, 'chunks processed': 15, 'storage read (B)': 29733505, 'selection 2 time (s)': 1.923957109451294}
Thread times [0.11858606338500977, 0.103363037109375, 0.07200217247009277, 0.08986401557922363, 0.10983800888061523, 0.10280704498291016, 0.09851598739624023, 0.10956287384033203, 0.3005352020263672, 0.1367049217224121, 0.09795188903808594, 0.08871078491210938, 0.303433895111084, 0.0886538028717041, 1.1273980140686035]
{'args': ((19, 0, slice(0, 960, None), slice(None, None, None)),), 'dataset shape': (40, 11, 1921, 2560), 'dataset chunks': (7, 1, 385, 512), 'indexing time (s)': 2.1457672119140625e-06, 'chunk number': 1650, 'reduction time (s)': 2.949414014816284, 'chunks processed': 15, 'storage read (B)': 29733505, 'selection 2 time (s)': 2.9530160427093506}
Thread times [0.10579776763916016, 0.11649107933044434, 0.07358598709106445, 0.09171581268310547, 0.10570979118347168, 0.10692501068115234, 0.12400484085083008, 0.12043976783752441, 0.3787698745727539, 0.10049200057983398, 0.139862060546875, 0.1030418872833252, 0.10665225982666016, 0.08955597877502441, 0.09461188316345215]
{'args': ((20, 0, slice(0, 960, None), slice(None, None, None)),), 'dataset shape': (40, 11, 1921, 2560), 'dataset chunks': (7, 1, 385, 512), 'indexing time (s)': 2.1457672119140625e-06, 'chunk number': 1650, 'reduction time (s)': 1.8593111038208008, 'chunks processed': 15, 'storage read (B)': 29733505, 'selection 2 time (s)': 1.8621420860290527}
Thread times [0.11819887161254883, 0.0726170539855957, 0.08105301856994629, 0.08691000938415527, 0.10484886169433594, 0.08705377578735352, 0.17106008529663086, 0.09093976020812988, 0.11133599281311035, 0.09589600563049316, 0.17177605628967285, 0.15256690979003906, 0.2717418670654297, 0.30765318870544434, 0.0968179702758789]
{'args': ((21, 0, slice(0, 960, None), slice(None, None, None)),), 'dataset shape': (40, 11, 1921, 2560), 'dataset chunks': (7, 1, 385, 512), 'indexing time (s)': 2.1457672119140625e-06, 'chunk number': 1650, 'reduction time (s)': 2.021998167037964, 'chunks processed': 15, 'storage read (B)': 29686785, 'selection 2 time (s)': 2.0246400833129883}
Thread times [0.09501194953918457, 0.09648489952087402, 0.13449406623840332, 0.0801248550415039, 0.08128619194030762, 0.08571195602416992, 0.08725142478942871, 0.09233498573303223, 0.09863829612731934, 0.08473396301269531, 0.0867002010345459, 0.10151481628417969, 0.30208730697631836, 0.31314682960510254, 0.08579087257385254]
{'args': ((22, 0, slice(0, 960, None), slice(None, None, None)),), 'dataset shape': (40, 11, 1921, 2560), 'dataset chunks': (7, 1, 385, 512), 'indexing time (s)': 2.1457672119140625e-06, 'chunk number': 1650, 'reduction time (s)': 1.8269309997558594, 'chunks processed': 15, 'storage read (B)': 29686785, 'selection 2 time (s)': 1.829301118850708}
Thread times [0.09328079223632812, 0.07291603088378906, 0.08141732215881348, 0.08173227310180664, 0.08304524421691895, 0.092987060546875, 0.09098601341247559, 0.09985494613647461, 0.10626792907714844, 0.10433197021484375, 0.09819316864013672, 0.09343123435974121, 0.25511789321899414, 0.19677209854125977, 0.12145686149597168]
{'args': ((23, 0, slice(0, 960, None), slice(None, None, None)),), 'dataset shape': (40, 11, 1921, 2560), 'dataset chunks': (7, 1, 385, 512), 'indexing time (s)': 2.1457672119140625e-06, 'chunk number': 1650, 'reduction time (s)': 1.6733999252319336, 'chunks processed': 15, 'storage read (B)': 29686785, 'selection 2 time (s)': 1.6761350631713867}
Thread times [0.12258410453796387, 0.054036855697631836, 0.10695910453796387, 0.08826208114624023, 0.07076287269592285, 0.1053781509399414, 0.18862295150756836, 0.10562920570373535, 0.09431123733520508, 0.0993499755859375, 0.08643317222595215, 0.0941019058227539, 0.296978235244751, 0.2299351692199707, 0.10395503044128418]
{'args': ((24, 0, slice(0, 960, None), slice(None, None, None)),), 'dataset shape': (40, 11, 1921, 2560), 'dataset chunks': (7, 1, 385, 512), 'indexing time (s)': 1.9073486328125e-06, 'chunk number': 1650, 'reduction time (s)': 1.849290132522583, 'chunks processed': 15, 'storage read (B)': 29686785, 'selection 2 time (s)': 1.8520801067352295}
Thread times [0.09854578971862793, 0.05929112434387207, 0.08897209167480469, 0.08761787414550781, 0.07763814926147461, 0.08819389343261719, 0.09172773361206055, 0.09352898597717285, 0.10061311721801758, 0.09427714347839355, 0.08858990669250488, 0.08161687850952148, 0.24665498733520508, 0.3081631660461426, 0.135145902633667]
{'args': ((25, 0, slice(0, 960, None), slice(None, None, None)),), 'dataset shape': (40, 11, 1921, 2560), 'dataset chunks': (7, 1, 385, 512), 'indexing time (s)': 2.1457672119140625e-06, 'chunk number': 1650, 'reduction time (s)': 1.7423129081726074, 'chunks processed': 15, 'storage read (B)': 29686785, 'selection 2 time (s)': 1.7447569370269775}
Thread times [0.08951807022094727, 0.05945181846618652, 0.13770127296447754, 0.07583212852478027, 0.06293392181396484, 0.0787200927734375, 0.08455801010131836, 0.09105992317199707, 0.09419894218444824, 0.1356358528137207, 0.08176374435424805, 0.09918475151062012, 0.3049757480621338, 0.4100968837738037, 0.09035086631774902]
{'args': ((26, 0, slice(0, 960, None), slice(None, None, None)),), 'dataset shape': (40, 11, 1921, 2560), 'dataset chunks': (7, 1, 385, 512), 'indexing time (s)': 2.1457672119140625e-06, 'chunk number': 1650, 'reduction time (s)': 1.8975749015808105, 'chunks processed': 15, 'storage read (B)': 29686785, 'selection 2 time (s)': 1.9003040790557861}
Thread times [0.09930801391601562, 0.09476923942565918, 0.08943009376525879, 0.14525413513183594, 0.06911206245422363, 0.080352783203125, 1.1708571910858154, 0.09334802627563477, 0.10582089424133301, 0.10098505020141602, 0.10446500778198242, 0.09133505821228027, 0.3239617347717285, 0.24382519721984863, 0.10226893424987793]
{'args': ((27, 0, slice(0, 960, None), slice(None, None, None)),), 'dataset shape': (40, 11, 1921, 2560), 'dataset chunks': (7, 1, 385, 512), 'indexing time (s)': 1.9073486328125e-06, 'chunk number': 1650, 'reduction time (s)': 2.916703939437866, 'chunks processed': 15, 'storage read (B)': 29686785, 'selection 2 time (s)': 2.9192190170288086}
Thread times [0.09550619125366211, 0.06814789772033691, 0.0909571647644043, 0.08050298690795898, 0.08035111427307129, 0.13972711563110352, 0.10573196411132812, 0.0923011302947998, 0.08299636840820312, 0.09472918510437012, 0.09448099136352539, 0.2413191795349121, 0.19136309623718262, 0.10955214500427246, 0.09887194633483887]
{'args': ((28, 0, slice(0, 960, None), slice(None, None, None)),), 'dataset shape': (40, 11, 1921, 2560), 'dataset chunks': (7, 1, 385, 512), 'indexing time (s)': 2.1457672119140625e-06, 'chunk number': 1650, 'reduction time (s)': 1.6677730083465576, 'chunks processed': 15, 'storage read (B)': 29670387, 'selection 2 time (s)': 1.6687939167022705}
Thread times [0.1270153522491455, 0.06645917892456055, 0.10308027267456055, 0.0859682559967041, 0.0916590690612793, 0.09790420532226562, 0.11273503303527832, 0.11832022666931152, 0.09441328048706055, 0.09213399887084961, 0.08957791328430176, 0.38248562812805176, 0.08195090293884277, 0.0957949161529541, 0.09314107894897461]
{'args': ((29, 0, slice(0, 960, None), slice(None, None, None)),), 'dataset shape': (40, 11, 1921, 2560), 'dataset chunks': (7, 1, 385, 512), 'indexing time (s)': 1.1920928955078125e-06, 'chunk number': 1650, 'reduction time (s)': 1.7339088916778564, 'chunks processed': 15, 'storage read (B)': 29670387, 'selection 2 time (s)': 1.736335039138794}
Thread times [0.11265397071838379, 0.06193804740905762, 0.08009195327758789, 0.07925724983215332, 0.08135199546813965, 0.09728002548217773, 0.09525895118713379, 0.09214615821838379, 0.09788680076599121, 0.08134889602661133, 0.10644793510437012, 0.2754337787628174, 0.09662103652954102, 0.09817290306091309, 0.11316919326782227]
{'args': ((30, 0, slice(0, 960, None), slice(None, None, None)),), 'dataset shape': (40, 11, 1921, 2560), 'dataset chunks': (7, 1, 385, 512), 'indexing time (s)': 2.1457672119140625e-06, 'chunk number': 1650, 'reduction time (s)': 1.5705502033233643, 'chunks processed': 15, 'storage read (B)': 29670387, 'selection 2 time (s)': 1.5731592178344727}
Thread times [0.12684392929077148, 0.059661149978637695, 0.0808870792388916, 0.10145783424377441, 0.34253597259521484, 0.1041719913482666, 0.09340786933898926, 0.18375706672668457, 0.07809305191040039, 0.07935786247253418, 0.08424496650695801, 0.2342662811279297, 0.09902477264404297, 0.08594799041748047, 0.09530115127563477]
{'args': ((31, 0, slice(0, 960, None), slice(None, None, None)),), 'dataset shape': (40, 11, 1921, 2560), 'dataset chunks': (7, 1, 385, 512), 'indexing time (s)': 2.1457672119140625e-06, 'chunk number': 1650, 'reduction time (s)': 1.8504140377044678, 'chunks processed': 15, 'storage read (B)': 29670387, 'selection 2 time (s)': 1.8530652523040771}
Thread times [0.1076350212097168, 0.06743192672729492, 0.09085893630981445, 0.07964491844177246, 0.0781548023223877, 0.10550308227539062, 0.1326298713684082, 0.1254730224609375, 0.1443169116973877, 0.09008097648620605, 0.0994412899017334, 0.25225400924682617, 0.17525386810302734, 0.09694123268127441, 0.0919959545135498]
{'args': ((32, 0, slice(0, 960, None), slice(None, None, None)),), 'dataset shape': (40, 11, 1921, 2560), 'dataset chunks': (7, 1, 385, 512), 'indexing time (s)': 2.1457672119140625e-06, 'chunk number': 1650, 'reduction time (s)': 1.7393701076507568, 'chunks processed': 15, 'storage read (B)': 29670387, 'selection 2 time (s)': 1.7423279285430908}
Thread times [0.10123205184936523, 0.05938601493835449, 0.1053152084350586, 0.19329285621643066, 0.09036397933959961, 0.09927082061767578, 0.09186005592346191, 0.11088299751281738, 0.10290789604187012, 0.09281015396118164, 0.10700011253356934, 0.27198004722595215, 0.08207273483276367, 0.08411216735839844, 0.09151005744934082]
{'args': ((33, 0, slice(0, 960, None), slice(None, None, None)),), 'dataset shape': (40, 11, 1921, 2560), 'dataset chunks': (7, 1, 385, 512), 'indexing time (s)': 2.1457672119140625e-06, 'chunk number': 1650, 'reduction time (s)': 1.6857008934020996, 'chunks processed': 15, 'storage read (B)': 29670387, 'selection 2 time (s)': 1.68845796585083}
Thread times [0.10990285873413086, 0.06608295440673828, 0.08721685409545898, 0.07940387725830078, 0.09579324722290039, 0.10341095924377441, 0.09650015830993652, 0.0995478630065918, 0.09439587593078613, 0.08868908882141113, 0.10118722915649414, 0.34392404556274414, 0.10876107215881348, 0.09191679954528809, 0.0876319408416748]
{'args': ((34, 0, slice(0, 960, None), slice(None, None, None)),), 'dataset shape': (40, 11, 1921, 2560), 'dataset chunks': (7, 1, 385, 512), 'indexing time (s)': 2.1457672119140625e-06, 'chunk number': 1650, 'reduction time (s)': 1.6554760932922363, 'chunks processed': 15, 'storage read (B)': 29670387, 'selection 2 time (s)': 1.6565887928009033}
Thread times [0.08899617195129395, 0.05814695358276367, 0.05186200141906738, 0.0762491226196289, 0.06474685668945312, 0.08197617530822754, 0.08758282661437988, 0.11030721664428711, 0.10468268394470215, 0.11493992805480957, 0.14162087440490723, 0.0962381362915039, 0.0919041633605957, 0.11407709121704102, 0.08508491516113281]
{'args': ((35, 0, slice(0, 960, None), slice(None, None, None)),), 'dataset shape': (40, 11, 1921, 2560), 'dataset chunks': (7, 1, 385, 512), 'indexing time (s)': 9.5367431640625e-07, 'chunk number': 1650, 'reduction time (s)': 1.3696227073669434, 'chunks processed': 15, 'storage read (B)': 21287473, 'selection 2 time (s)': 1.371382236480713}
Thread times [0.0999307632446289, 0.056643009185791016, 0.06636309623718262, 0.08601498603820801, 0.06837773323059082, 0.08535599708557129, 0.08676886558532715, 0.07247328758239746, 0.08443903923034668, 0.08581995964050293, 0.09364581108093262, 0.09053683280944824, 0.09534382820129395, 0.09375596046447754, 0.08742690086364746]
{'args': ((36, 0, slice(0, 960, None), slice(None, None, None)),), 'dataset shape': (40, 11, 1921, 2560), 'dataset chunks': (7, 1, 385, 512), 'indexing time (s)': 1.6689300537109375e-06, 'chunk number': 1650, 'reduction time (s)': 1.2542309761047363, 'chunks processed': 15, 'storage read (B)': 21287473, 'selection 2 time (s)': 1.2565639019012451}
Thread times [0.10993504524230957, 0.06460094451904297, 0.06307506561279297, 0.11281108856201172, 0.10420584678649902, 0.10882210731506348, 0.1361680030822754, 0.07683920860290527, 0.08556699752807617, 0.11864304542541504, 0.09679102897644043, 0.09182381629943848, 0.0923149585723877, 0.10124611854553223, 0.12805914878845215]
{'args': ((37, 0, slice(0, 960, None), slice(None, None, None)),), 'dataset shape': (40, 11, 1921, 2560), 'dataset chunks': (7, 1, 385, 512), 'indexing time (s)': 1.6689300537109375e-06, 'chunk number': 1650, 'reduction time (s)': 1.492285966873169, 'chunks processed': 15, 'storage read (B)': 21287473, 'selection 2 time (s)': 1.4933512210845947}
Thread times [0.11948800086975098, 0.06357240676879883, 0.0785369873046875, 0.09861111640930176, 0.10373806953430176, 0.10556197166442871, 0.0795750617980957, 0.07740902900695801, 0.08001589775085449, 0.08185219764709473, 0.1250448226928711, 0.0844717025756836, 0.10112214088439941, 0.10347223281860352, 0.09948492050170898]
{'args': ((38, 0, slice(0, 960, None), slice(None, None, None)),), 'dataset shape': (40, 11, 1921, 2560), 'dataset chunks': (7, 1, 385, 512), 'indexing time (s)': 9.5367431640625e-07, 'chunk number': 1650, 'reduction time (s)': 1.4033138751983643, 'chunks processed': 15, 'storage read (B)': 21287473, 'selection 2 time (s)': 1.405709981918335}
Thread times [0.14627695083618164, 0.054673194885253906, 0.06818389892578125, 0.09193801879882812, 0.0793759822845459, 0.0832986831665039, 0.08979511260986328, 0.07201480865478516, 0.11166000366210938, 0.14728283882141113, 0.08927369117736816, 0.10080099105834961, 0.13474822044372559, 0.09008502960205078, 0.08678317070007324]
{'args': ((39, 0, slice(0, 960, None), slice(None, None, None)),), 'dataset shape': (40, 11, 1921, 2560), 'dataset chunks': (7, 1, 385, 512), 'indexing time (s)': 1.9073486328125e-06, 'chunk number': 1650, 'reduction time (s)': 1.4478278160095215, 'chunks processed': 15, 'storage read (B)': 21287473, 'selection 2 time (s)': 1.450868844985962}
[[226.07820312]
 [226.0646875 ]
 [225.93776042]
 [225.90820312]
 [225.91739583]
 [225.88460937]
 [225.82080729]
 [225.85434896]
 [225.9834375 ]
 [226.03822917]
 [226.01317708]
 [226.02333333]
 [226.03765625]
 [226.00486979]
 [225.91778646]
 [225.9403125 ]
 [225.98729167]
 [225.91450521]
 [225.81239583]
 [225.81890625]
 [225.8453125 ]
 [225.785     ]
 [225.63648438]
 [225.5565625 ]
 [225.45744792]
 [225.32382813]
 [225.16335937]
 [225.07786458]
 [225.07846354]
 [225.10669271]
 [225.17606771]
 [225.36867187]
 [225.57927083]
 [225.69083333]
 [225.7221875 ]
 [225.82367188]
 [225.93640625]
 [225.96760417]
 [225.91875   ]
 [225.92236979]]
Summary:  Uni24whidch :Active (T1,BS5): 4.42s,73.27s,97.27s
