Dataset loaded from S3 with s3fs and Pyfive: bnl/ch330a.pc19790301-def.nc (0.028,6.5)
Thread times [3.2785258293151855, 3.9107048511505127, 4.114092826843262, 5.119465112686157, 5.396975994110107, 5.5338850021362305, 6.082355976104736, 6.300840854644775, 6.619378089904785, 6.684084415435791, 7.59555196762085, 7.818645000457764, 7.951584100723267, 8.261931896209717, 8.32457184791565]
{'load nc time': 7.403638124465942, 'args': ((0, 0, slice(0, 960, None), slice(None, None, None)),), 'dataset shape': (40, 11, 1921, 2560), 'dataset chunks': (7, 1, 385, 512), 'indexing time (s)': 22.533900022506714, 'chunk number': 1650, 'reduction time (s)': 8.328135013580322, 'chunks processed': 15, 'storage read (B)': 29685482, 'selection 1 time (s)': 30.862380027770996}
Thread times [0.023602962493896484, 3.915350914001465, 4.402979135513306, 4.482530832290649, 4.7303760051727295, 4.798782825469971, 5.448426008224487, 5.525591135025024, 5.685847759246826, 5.762671232223511, 5.944453001022339, 6.932001113891602, 7.548196077346802, 7.587862968444824, 7.705761671066284]
{'args': ((1, 0, slice(0, 960, None), slice(None, None, None)),), 'dataset shape': (40, 11, 1921, 2560), 'dataset chunks': (7, 1, 385, 512), 'indexing time (s)': 1.1920928955078125e-06, 'chunk number': 1650, 'reduction time (s)': 7.71280312538147, 'chunks processed': 15, 'storage read (B)': 29685482, 'selection 1 time (s)': 7.712922096252441}
Thread times [0.022742033004760742, 3.602774143218994, 3.9919931888580322, 4.677365064620972, 5.214232921600342, 5.329941987991333, 5.7481138706207275, 5.86125111579895, 5.89748215675354, 6.186673879623413, 7.26805305480957, 7.3449342250823975, 7.383726119995117, 7.845445871353149, 7.927159070968628]
{'args': ((2, 0, slice(0, 960, None), slice(None, None, None)),), 'dataset shape': (40, 11, 1921, 2560), 'dataset chunks': (7, 1, 385, 512), 'indexing time (s)': 7.152557373046875e-07, 'chunk number': 1650, 'reduction time (s)': 7.933669328689575, 'chunks processed': 15, 'storage read (B)': 29685482, 'selection 1 time (s)': 7.93379020690918}
Thread times [0.02289104461669922, 3.743680000305176, 4.248774766921997, 4.595594167709351, 5.1036882400512695, 5.136837959289551, 5.188226222991943, 5.883776903152466, 6.182340860366821, 6.230197906494141, 6.396863222122192, 6.541033983230591, 7.101902008056641, 7.390856981277466, 7.578597784042358]
{'args': ((3, 0, slice(0, 960, None), slice(None, None, None)),), 'dataset shape': (40, 11, 1921, 2560), 'dataset chunks': (7, 1, 385, 512), 'indexing time (s)': 1.6689300537109375e-06, 'chunk number': 1650, 'reduction time (s)': 7.585389137268066, 'chunks processed': 15, 'storage read (B)': 29685482, 'selection 1 time (s)': 7.5855162143707275}
Thread times [0.02432107925415039, 2.0516810417175293, 3.143904209136963, 3.267516851425171, 4.392707109451294, 4.501462936401367, 5.211389064788818, 5.235240936279297, 5.280927896499634, 5.333991765975952, 5.796162843704224, 5.932296991348267, 6.112750053405762, 6.507155895233154, 6.562638998031616]
{'args': ((4, 0, slice(0, 960, None), slice(None, None, None)),), 'dataset shape': (40, 11, 1921, 2560), 'dataset chunks': (7, 1, 385, 512), 'indexing time (s)': 7.152557373046875e-07, 'chunk number': 1650, 'reduction time (s)': 6.565971374511719, 'chunks processed': 15, 'storage read (B)': 29685482, 'selection 1 time (s)': 6.566094875335693}
Thread times [0.02231597900390625, 3.4735589027404785, 3.5001044273376465, 3.585860252380371, 4.199722051620483, 4.9202189445495605, 5.220713138580322, 5.265340089797974, 5.6226701736450195, 5.642194032669067, 6.009673833847046, 6.023312091827393, 6.8769049644470215, 6.898317098617554, 7.107154846191406]
{'args': ((5, 0, slice(0, 960, None), slice(None, None, None)),), 'dataset shape': (40, 11, 1921, 2560), 'dataset chunks': (7, 1, 385, 512), 'indexing time (s)': 9.5367431640625e-07, 'chunk number': 1650, 'reduction time (s)': 7.113548040390015, 'chunks processed': 15, 'storage read (B)': 29685482, 'selection 1 time (s)': 7.1136791706085205}
Thread times [0.024242877960205078, 3.1791679859161377, 3.3844940662384033, 3.4763917922973633, 4.141283273696899, 4.322360992431641, 4.535463094711304, 4.90769100189209, 5.067429065704346, 5.107208013534546, 5.440428018569946, 6.123154878616333, 6.122847318649292, 6.590503931045532, 6.770788908004761]
{'args': ((6, 0, slice(0, 960, None), slice(None, None, None)),), 'dataset shape': (40, 11, 1921, 2560), 'dataset chunks': (7, 1, 385, 512), 'indexing time (s)': 9.5367431640625e-07, 'chunk number': 1650, 'reduction time (s)': 6.778056859970093, 'chunks processed': 15, 'storage read (B)': 29685482, 'selection 1 time (s)': 6.778188943862915}
Thread times [3.5515618324279785, 3.769967794418335, 4.024277925491333, 4.2911059856414795, 4.393815755844116, 4.56699275970459, 4.663112163543701, 5.202108144760132, 5.3382039070129395, 5.744024038314819, 6.210647821426392, 6.762321949005127, 6.962524890899658, 7.021118879318237, 7.244168043136597]
{'args': ((7, 0, slice(0, 960, None), slice(None, None, None)),), 'dataset shape': (40, 11, 1921, 2560), 'dataset chunks': (7, 1, 385, 512), 'indexing time (s)': 9.5367431640625e-07, 'chunk number': 1650, 'reduction time (s)': 7.249318838119507, 'chunks processed': 15, 'storage read (B)': 29701892, 'selection 1 time (s)': 7.249442100524902}
Thread times [0.02273106575012207, 3.5206730365753174, 3.780435800552368, 3.8992278575897217, 4.414622068405151, 4.419734716415405, 4.61063814163208, 4.787667274475098, 4.812657117843628, 5.270835876464844, 5.749361753463745, 6.7154340744018555, 6.716225862503052, 6.773205995559692, 6.970231056213379]
{'args': ((8, 0, slice(0, 960, None), slice(None, None, None)),), 'dataset shape': (40, 11, 1921, 2560), 'dataset chunks': (7, 1, 385, 512), 'indexing time (s)': 7.152557373046875e-07, 'chunk number': 1650, 'reduction time (s)': 6.978178977966309, 'chunks processed': 15, 'storage read (B)': 29701892, 'selection 1 time (s)': 6.978305816650391}
Thread times [0.030267000198364258, 4.007962226867676, 4.143150091171265, 4.255166053771973, 4.363599061965942, 4.6418609619140625, 4.698139905929565, 4.701704025268555, 4.9496729373931885, 5.030886173248291, 5.061928033828735, 6.271639108657837, 6.5432047843933105, 6.547881841659546, 6.810389995574951]
{'args': ((9, 0, slice(0, 960, None), slice(None, None, None)),), 'dataset shape': (40, 11, 1921, 2560), 'dataset chunks': (7, 1, 385, 512), 'indexing time (s)': 9.5367431640625e-07, 'chunk number': 1650, 'reduction time (s)': 6.822412967681885, 'chunks processed': 15, 'storage read (B)': 29701892, 'selection 1 time (s)': 6.822543144226074}
Thread times [0.023777008056640625, 3.069586992263794, 3.6086690425872803, 3.885917901992798, 4.042189836502075, 4.04619026184082, 4.8428428173065186, 4.9580159187316895, 5.0011420249938965, 5.4117090702056885, 5.726441144943237, 5.863375902175903, 6.396398067474365, 6.45691704750061, 6.537448167800903]
{'args': ((10, 0, slice(0, 960, None), slice(None, None, None)),), 'dataset shape': (40, 11, 1921, 2560), 'dataset chunks': (7, 1, 385, 512), 'indexing time (s)': 9.5367431640625e-07, 'chunk number': 1650, 'reduction time (s)': 6.545658826828003, 'chunks processed': 15, 'storage read (B)': 29701892, 'selection 1 time (s)': 6.545783996582031}
Thread times [0.022111892700195312, 2.4377710819244385, 2.801928997039795, 3.2420010566711426, 4.616643190383911, 4.91343879699707, 5.314123868942261, 5.412980794906616, 5.4161200523376465, 5.521275043487549, 5.623394966125488, 5.722911834716797, 5.968944787979126, 6.480146884918213, 6.628342151641846]
{'args': ((11, 0, slice(0, 960, None), slice(None, None, None)),), 'dataset shape': (40, 11, 1921, 2560), 'dataset chunks': (7, 1, 385, 512), 'indexing time (s)': 9.5367431640625e-07, 'chunk number': 1650, 'reduction time (s)': 6.636541128158569, 'chunks processed': 15, 'storage read (B)': 29701892, 'selection 1 time (s)': 6.636666774749756}
Thread times [0.022771835327148438, 2.92556095123291, 3.183243751525879, 3.818265914916992, 4.507632732391357, 4.817115068435669, 4.839231014251709, 4.863083124160767, 5.088356018066406, 5.678410053253174, 5.68424916267395, 6.182334899902344, 6.54558801651001, 6.709200143814087, 6.858919858932495]
{'args': ((12, 0, slice(0, 960, None), slice(None, None, None)),), 'dataset shape': (40, 11, 1921, 2560), 'dataset chunks': (7, 1, 385, 512), 'indexing time (s)': 7.152557373046875e-07, 'chunk number': 1650, 'reduction time (s)': 6.865288972854614, 'chunks processed': 15, 'storage read (B)': 29701892, 'selection 1 time (s)': 6.865429162979126}
Thread times [0.02061176300048828, 2.1930339336395264, 3.055382013320923, 3.954138994216919, 4.21111798286438, 4.254431962966919, 5.1460280418396, 5.532635927200317, 5.564568996429443, 5.730399131774902, 5.815666913986206, 6.21786904335022, 6.550818920135498, 6.593615770339966, 6.636012077331543]
{'args': ((13, 0, slice(0, 960, None), slice(None, None, None)),), 'dataset shape': (40, 11, 1921, 2560), 'dataset chunks': (7, 1, 385, 512), 'indexing time (s)': 9.5367431640625e-07, 'chunk number': 1650, 'reduction time (s)': 6.640423774719238, 'chunks processed': 15, 'storage read (B)': 29701892, 'selection 1 time (s)': 6.640583038330078}
Thread times [3.2643330097198486, 3.3978898525238037, 3.5510008335113525, 3.7793338298797607, 5.0239341259002686, 5.052791118621826, 5.148126125335693, 5.243387937545776, 5.3073410987854, 5.775892019271851, 6.383484840393066, 6.565255165100098, 6.882444620132446, 7.025579929351807, 7.309891939163208]
{'args': ((14, 0, slice(0, 960, None), slice(None, None, None)),), 'dataset shape': (40, 11, 1921, 2560), 'dataset chunks': (7, 1, 385, 512), 'indexing time (s)': 9.5367431640625e-07, 'chunk number': 1650, 'reduction time (s)': 7.315639019012451, 'chunks processed': 15, 'storage read (B)': 29733505, 'selection 1 time (s)': 7.315760850906372}
Thread times [0.01986408233642578, 3.177593231201172, 3.7753219604492188, 4.188391208648682, 4.232853889465332, 4.287467956542969, 4.607115030288696, 5.034329891204834, 5.067521095275879, 5.492692232131958, 6.020477294921875, 6.0365660190582275, 6.748276948928833, 6.75702691078186, 6.922173023223877]
{'args': ((15, 0, slice(0, 960, None), slice(None, None, None)),), 'dataset shape': (40, 11, 1921, 2560), 'dataset chunks': (7, 1, 385, 512), 'indexing time (s)': 9.5367431640625e-07, 'chunk number': 1650, 'reduction time (s)': 6.927048206329346, 'chunks processed': 15, 'storage read (B)': 29733505, 'selection 1 time (s)': 6.92716908454895}
Thread times [0.022214889526367188, 2.4679601192474365, 3.018779993057251, 3.463395833969116, 3.8374850749969482, 4.491788864135742, 4.530103921890259, 4.703710079193115, 5.052196025848389, 5.109189033508301, 5.856245040893555, 6.064432859420776, 6.34847617149353, 6.485354900360107, 6.617082834243774]
{'args': ((16, 0, slice(0, 960, None), slice(None, None, None)),), 'dataset shape': (40, 11, 1921, 2560), 'dataset chunks': (7, 1, 385, 512), 'indexing time (s)': 9.5367431640625e-07, 'chunk number': 1650, 'reduction time (s)': 6.622732162475586, 'chunks processed': 15, 'storage read (B)': 29733505, 'selection 1 time (s)': 6.6228649616241455}
Thread times [0.025458097457885742, 2.0541281700134277, 2.9745471477508545, 4.45041298866272, 4.536954879760742, 4.539804220199585, 4.650975942611694, 5.4240498542785645, 5.5868988037109375, 5.717419862747192, 5.744786024093628, 5.797885894775391, 6.307068824768066, 6.623929738998413, 6.771288156509399]
{'args': ((17, 0, slice(0, 960, None), slice(None, None, None)),), 'dataset shape': (40, 11, 1921, 2560), 'dataset chunks': (7, 1, 385, 512), 'indexing time (s)': 2.1457672119140625e-06, 'chunk number': 1650, 'reduction time (s)': 6.779357194900513, 'chunks processed': 15, 'storage read (B)': 29733505, 'selection 1 time (s)': 6.779492139816284}
Thread times [0.02459406852722168, 1.9077990055084229, 3.7826969623565674, 3.884999990463257, 3.999889850616455, 4.490727186203003, 4.840814113616943, 4.838871955871582, 5.068710088729858, 5.110444068908691, 5.495429754257202, 5.614883184432983, 6.173091650009155, 6.451849937438965, 6.549253225326538]
{'args': ((18, 0, slice(0, 960, None), slice(None, None, None)),), 'dataset shape': (40, 11, 1921, 2560), 'dataset chunks': (7, 1, 385, 512), 'indexing time (s)': 9.5367431640625e-07, 'chunk number': 1650, 'reduction time (s)': 6.555915117263794, 'chunks processed': 15, 'storage read (B)': 29733505, 'selection 1 time (s)': 6.556056976318359}
Thread times [0.0241701602935791, 2.5747880935668945, 3.4171319007873535, 3.5584888458251953, 4.694206953048706, 4.883085012435913, 4.937358140945435, 5.290280818939209, 5.439742803573608, 5.459226846694946, 5.700716972351074, 5.860536098480225, 5.883076906204224, 6.152765989303589, 6.6262500286102295]
{'args': ((19, 0, slice(0, 960, None), slice(None, None, None)),), 'dataset shape': (40, 11, 1921, 2560), 'dataset chunks': (7, 1, 385, 512), 'indexing time (s)': 9.5367431640625e-07, 'chunk number': 1650, 'reduction time (s)': 6.6345930099487305, 'chunks processed': 15, 'storage read (B)': 29733505, 'selection 1 time (s)': 6.634718179702759}
Thread times [0.02067089080810547, 2.508485794067383, 3.041278123855591, 3.2325377464294434, 3.6905248165130615, 4.190231800079346, 5.4181740283966064, 5.419035911560059, 5.501598834991455, 5.801483869552612, 5.949167013168335, 6.0374531745910645, 6.07649827003479, 6.391027927398682, 6.473573923110962]
{'args': ((20, 0, slice(0, 960, None), slice(None, None, None)),), 'dataset shape': (40, 11, 1921, 2560), 'dataset chunks': (7, 1, 385, 512), 'indexing time (s)': 9.5367431640625e-07, 'chunk number': 1650, 'reduction time (s)': 6.477365732192993, 'chunks processed': 15, 'storage read (B)': 29733505, 'selection 1 time (s)': 6.477494955062866}
Thread times [2.7149171829223633, 3.1278960704803467, 4.094588279724121, 4.484157085418701, 4.569792032241821, 4.733839750289917, 5.080806732177734, 5.929970979690552, 5.9545488357543945, 6.175911903381348, 6.305279970169067, 6.8628089427948, 7.087462902069092, 7.137623071670532, 7.142179012298584]
{'args': ((21, 0, slice(0, 960, None), slice(None, None, None)),), 'dataset shape': (40, 11, 1921, 2560), 'dataset chunks': (7, 1, 385, 512), 'indexing time (s)': 1.1920928955078125e-06, 'chunk number': 1650, 'reduction time (s)': 7.150930166244507, 'chunks processed': 15, 'storage read (B)': 29686785, 'selection 1 time (s)': 7.151072025299072}
Thread times [0.02241992950439453, 3.2112791538238525, 3.473170042037964, 4.052908897399902, 4.145502090454102, 4.347615957260132, 4.4591710567474365, 5.046737909317017, 5.072514057159424, 5.253980875015259, 5.616044998168945, 6.571346998214722, 6.578351974487305, 6.7257866859436035, 6.841794013977051]
{'args': ((22, 0, slice(0, 960, None), slice(None, None, None)),), 'dataset shape': (40, 11, 1921, 2560), 'dataset chunks': (7, 1, 385, 512), 'indexing time (s)': 1.1920928955078125e-06, 'chunk number': 1650, 'reduction time (s)': 6.847195863723755, 'chunks processed': 15, 'storage read (B)': 29686785, 'selection 1 time (s)': 6.847438812255859}
Thread times [0.025265932083129883, 3.0766351222991943, 3.2036707401275635, 3.783620834350586, 4.3902342319488525, 4.646327972412109, 4.787074089050293, 5.0029518604278564, 5.25712513923645, 5.288830995559692, 5.322534799575806, 6.3297319412231445, 6.502060890197754, 6.537542819976807, 6.640040159225464]
{'args': ((23, 0, slice(0, 960, None), slice(None, None, None)),), 'dataset shape': (40, 11, 1921, 2560), 'dataset chunks': (7, 1, 385, 512), 'indexing time (s)': 2.1457672119140625e-06, 'chunk number': 1650, 'reduction time (s)': 6.6490318775177, 'chunks processed': 15, 'storage read (B)': 29686785, 'selection 1 time (s)': 6.649176120758057}
Thread times [0.024546146392822266, 0.02340412139892578, 3.0745620727539062, 3.9198529720306396, 4.039121866226196, 4.300535202026367, 4.808896064758301, 5.061816930770874, 5.073257923126221, 5.329582929611206, 5.415884971618652, 5.9106550216674805, 5.963184118270874, 6.528059005737305, 6.662477016448975]
{'args': ((24, 0, slice(0, 960, None), slice(None, None, None)),), 'dataset shape': (40, 11, 1921, 2560), 'dataset chunks': (7, 1, 385, 512), 'indexing time (s)': 1.1920928955078125e-06, 'chunk number': 1650, 'reduction time (s)': 6.668246030807495, 'chunks processed': 15, 'storage read (B)': 29686785, 'selection 1 time (s)': 6.6683831214904785}
Thread times [0.024718046188354492, 2.592154026031494, 3.3413259983062744, 4.003219842910767, 4.573206186294556, 4.5766637325286865, 4.601146936416626, 4.706488847732544, 4.780580043792725, 5.447031259536743, 5.582603931427002, 5.86588978767395, 6.017774820327759, 6.553586959838867, 6.7902281284332275]
{'args': ((25, 0, slice(0, 960, None), slice(None, None, None)),), 'dataset shape': (40, 11, 1921, 2560), 'dataset chunks': (7, 1, 385, 512), 'indexing time (s)': 9.5367431640625e-07, 'chunk number': 1650, 'reduction time (s)': 6.799138784408569, 'chunks processed': 15, 'storage read (B)': 29686785, 'selection 1 time (s)': 6.799286842346191}
Thread times [0.025418996810913086, 0.02488231658935547, 2.7604339122772217, 2.9081661701202393, 3.8866970539093018, 4.0361549854278564, 4.728744029998779, 4.794757843017578, 4.809475898742676, 4.82779598236084, 4.878149747848511, 5.180260181427002, 5.8915839195251465, 5.905266046524048, 6.26354193687439]
{'args': ((26, 0, slice(0, 960, None), slice(None, None, None)),), 'dataset shape': (40, 11, 1921, 2560), 'dataset chunks': (7, 1, 385, 512), 'indexing time (s)': 1.1920928955078125e-06, 'chunk number': 1650, 'reduction time (s)': 6.269706964492798, 'chunks processed': 15, 'storage read (B)': 29686785, 'selection 1 time (s)': 6.2698400020599365}
Thread times [0.02585434913635254, 3.084808826446533, 3.565919876098633, 4.512448072433472, 4.638093709945679, 4.9726340770721436, 5.116186857223511, 5.143612861633301, 5.163276195526123, 5.331115007400513, 5.336165189743042, 6.359867811203003, 6.649272203445435, 6.819922924041748, 7.019121170043945]
{'args': ((27, 0, slice(0, 960, None), slice(None, None, None)),), 'dataset shape': (40, 11, 1921, 2560), 'dataset chunks': (7, 1, 385, 512), 'indexing time (s)': 1.6689300537109375e-06, 'chunk number': 1650, 'reduction time (s)': 7.029158115386963, 'chunks processed': 15, 'storage read (B)': 29686785, 'selection 1 time (s)': 7.029300212860107}
Thread times [3.0453860759735107, 3.5126969814300537, 3.7202088832855225, 3.924574136734009, 4.051903009414673, 4.375548839569092, 4.908035039901733, 5.300755977630615, 5.681550979614258, 6.251715898513794, 6.603832721710205, 6.749497890472412, 6.7534332275390625, 7.021390199661255, 7.102602005004883]
{'args': ((28, 0, slice(0, 960, None), slice(None, None, None)),), 'dataset shape': (40, 11, 1921, 2560), 'dataset chunks': (7, 1, 385, 512), 'indexing time (s)': 0.0, 'chunk number': 1650, 'reduction time (s)': 7.109328031539917, 'chunks processed': 15, 'storage read (B)': 29670387, 'selection 1 time (s)': 7.109472036361694}
Thread times [0.0224611759185791, 2.851465940475464, 3.029207944869995, 3.355931282043457, 3.8521690368652344, 4.533629894256592, 4.851508855819702, 4.870382070541382, 5.302596092224121, 5.357248067855835, 5.517445087432861, 5.587684154510498, 5.9974730014801025, 6.340741872787476, 6.5807108879089355]
{'args': ((29, 0, slice(0, 960, None), slice(None, None, None)),), 'dataset shape': (40, 11, 1921, 2560), 'dataset chunks': (7, 1, 385, 512), 'indexing time (s)': 2.1457672119140625e-06, 'chunk number': 1650, 'reduction time (s)': 6.589955806732178, 'chunks processed': 15, 'storage read (B)': 29670387, 'selection 1 time (s)': 6.590097188949585}
Thread times [0.0232698917388916, 3.2481682300567627, 3.3575689792633057, 3.5884358882904053, 3.756688117980957, 3.9967830181121826, 4.525043964385986, 4.800253868103027, 5.092724084854126, 5.130677938461304, 5.153600692749023, 6.02183198928833, 6.307161092758179, 6.451227188110352, 6.481184005737305]
{'args': ((30, 0, slice(0, 960, None), slice(None, None, None)),), 'dataset shape': (40, 11, 1921, 2560), 'dataset chunks': (7, 1, 385, 512), 'indexing time (s)': 1.1920928955078125e-06, 'chunk number': 1650, 'reduction time (s)': 6.48842191696167, 'chunks processed': 15, 'storage read (B)': 29670387, 'selection 1 time (s)': 6.4885478019714355}
Thread times [0.02068471908569336, 3.132817029953003, 4.106716156005859, 4.179029941558838, 4.344799995422363, 4.5033581256866455, 4.552520036697388, 4.617463111877441, 4.644153833389282, 4.695503234863281, 5.563196897506714, 6.2622270584106445, 6.631041049957275, 6.662374973297119, 6.727783918380737]
{'args': ((31, 0, slice(0, 960, None), slice(None, None, None)),), 'dataset shape': (40, 11, 1921, 2560), 'dataset chunks': (7, 1, 385, 512), 'indexing time (s)': 0.0, 'chunk number': 1650, 'reduction time (s)': 6.7348291873931885, 'chunks processed': 15, 'storage read (B)': 29670387, 'selection 1 time (s)': 6.734967947006226}
Thread times [0.02207207679748535, 2.6970722675323486, 3.3898561000823975, 4.078061103820801, 4.631085157394409, 4.754704236984253, 4.891304016113281, 4.9341349601745605, 5.036816120147705, 5.250555753707886, 5.517489910125732, 5.850260972976685, 6.326606035232544, 6.514791965484619, 6.697299003601074]
{'args': ((32, 0, slice(0, 960, None), slice(None, None, None)),), 'dataset shape': (40, 11, 1921, 2560), 'dataset chunks': (7, 1, 385, 512), 'indexing time (s)': 9.5367431640625e-07, 'chunk number': 1650, 'reduction time (s)': 6.703557968139648, 'chunks processed': 15, 'storage read (B)': 29670387, 'selection 1 time (s)': 6.703694105148315}
Thread times [0.024052858352661133, 2.3630521297454834, 2.677360773086548, 4.080400228500366, 4.437556982040405, 4.841073274612427, 4.869571924209595, 5.014837026596069, 5.074458122253418, 5.688262939453125, 5.693933010101318, 5.92047905921936, 6.305871248245239, 6.463239908218384, 6.765665054321289]
{'args': ((33, 0, slice(0, 960, None), slice(None, None, None)),), 'dataset shape': (40, 11, 1921, 2560), 'dataset chunks': (7, 1, 385, 512), 'indexing time (s)': 1.1920928955078125e-06, 'chunk number': 1650, 'reduction time (s)': 6.774167060852051, 'chunks processed': 15, 'storage read (B)': 29670387, 'selection 1 time (s)': 6.7742979526519775}
Thread times [0.022164106369018555, 3.5929131507873535, 4.0887720584869385, 4.168345928192139, 4.822269916534424, 4.956018924713135, 4.968288898468018, 4.99566125869751, 5.127476930618286, 5.689429998397827, 6.30629301071167, 6.430343866348267, 6.858262062072754, 7.164994716644287, 7.310180902481079]
{'args': ((34, 0, slice(0, 960, None), slice(None, None, None)),), 'dataset shape': (40, 11, 1921, 2560), 'dataset chunks': (7, 1, 385, 512), 'indexing time (s)': 1.1920928955078125e-06, 'chunk number': 1650, 'reduction time (s)': 7.3169660568237305, 'chunks processed': 15, 'storage read (B)': 29670387, 'selection 1 time (s)': 7.317096948623657}
Thread times [2.8590362071990967, 3.8453218936920166, 3.8842217922210693, 4.022235155105591, 4.438339948654175, 4.895826816558838, 4.963358163833618, 5.997435808181763, 6.272849082946777, 6.793675184249878, 6.852755308151245, 7.165225982666016, 7.245471000671387, 7.35227108001709, 7.581862926483154]
{'args': ((35, 0, slice(0, 960, None), slice(None, None, None)),), 'dataset shape': (40, 11, 1921, 2560), 'dataset chunks': (7, 1, 385, 512), 'indexing time (s)': 9.5367431640625e-07, 'chunk number': 1650, 'reduction time (s)': 7.59014105796814, 'chunks processed': 15, 'storage read (B)': 21287473, 'selection 1 time (s)': 7.590275049209595}
Thread times [0.019906997680664062, 2.561673879623413, 2.7520761489868164, 2.8337578773498535, 4.348642110824585, 5.223613739013672, 5.503968000411987, 5.948204040527344, 5.967926979064941, 5.988845109939575, 6.115216016769409, 6.258389949798584, 6.263304948806763, 6.352438926696777, 6.7714152336120605]
{'args': ((36, 0, slice(0, 960, None), slice(None, None, None)),), 'dataset shape': (40, 11, 1921, 2560), 'dataset chunks': (7, 1, 385, 512), 'indexing time (s)': 9.5367431640625e-07, 'chunk number': 1650, 'reduction time (s)': 6.778253793716431, 'chunks processed': 15, 'storage read (B)': 21287473, 'selection 1 time (s)': 6.77838397026062}
Thread times [0.022627830505371094, 2.2674200534820557, 3.544250726699829, 4.071359872817993, 4.0936291217803955, 5.022749185562134, 5.280003070831299, 5.522871017456055, 5.69171404838562, 5.8080360889434814, 5.825234889984131, 5.964292049407959, 6.515957832336426, 6.774727821350098, 6.802525043487549]
{'args': ((37, 0, slice(0, 960, None), slice(None, None, None)),), 'dataset shape': (40, 11, 1921, 2560), 'dataset chunks': (7, 1, 385, 512), 'indexing time (s)': 9.5367431640625e-07, 'chunk number': 1650, 'reduction time (s)': 6.809563159942627, 'chunks processed': 15, 'storage read (B)': 21287473, 'selection 1 time (s)': 6.809690952301025}
Thread times [0.02049398422241211, 3.7084736824035645, 4.525331258773804, 4.561935186386108, 4.593638181686401, 4.615657091140747, 4.748121738433838, 5.0490851402282715, 5.4050538539886475, 5.489743947982788, 5.844927072525024, 6.405908823013306, 6.6008501052856445, 6.930736064910889, 7.149944067001343]
{'args': ((38, 0, slice(0, 960, None), slice(None, None, None)),), 'dataset shape': (40, 11, 1921, 2560), 'dataset chunks': (7, 1, 385, 512), 'indexing time (s)': 9.5367431640625e-07, 'chunk number': 1650, 'reduction time (s)': 7.1563661098480225, 'chunks processed': 15, 'storage read (B)': 21287473, 'selection 1 time (s)': 7.156495094299316}
Thread times [0.018769025802612305, 2.4063234329223633, 3.4221267700195312, 3.7060086727142334, 4.023963928222656, 5.0766379833221436, 5.2385780811309814, 5.3914711475372314, 5.49999213218689, 5.813331127166748, 6.079561948776245, 6.535659074783325, 6.541038990020752, 6.585711240768433, 6.869479179382324]
{'args': ((39, 0, slice(0, 960, None), slice(None, None, None)),), 'dataset shape': (40, 11, 1921, 2560), 'dataset chunks': (7, 1, 385, 512), 'indexing time (s)': 9.5367431640625e-07, 'chunk number': 1650, 'reduction time (s)': 6.873821973800659, 'chunks processed': 15, 'storage read (B)': 21287473, 'selection 1 time (s)': 6.873946905136108}
[[226.07815104]
 [226.06476563]
 [225.93765625]
 [225.90807292]
 [225.91734375]
 [225.88455729]
 [225.82075521]
 [225.85440104]
 [225.98325521]
 [226.03807292]
 [226.013125  ]
 [226.02330729]
 [226.03768229]
 [226.00476563]
 [225.91765625]
 [225.94033854]
 [225.98721354]
 [225.91466146]
 [225.81244792]
 [225.81872396]
 [225.84526042]
 [225.785     ]
 [225.63651042]
 [225.55653646]
 [225.45734375]
 [225.32369792]
 [225.16325521]
 [225.07794271]
 [225.0784375 ]
 [225.10664063]
 [225.17609375]
 [225.36877604]
 [225.57911458]
 [225.69080729]
 [225.72231771]
 [225.82367188]
 [225.93658854]
 [225.96763021]
 [225.91861979]
 [225.9225    ]]
Summary:  Uni24whidch :Local (T100,BS5): 7.4s,277.4s,307.4s
