Dataset loaded from S3 with s3fs and Pyfive: bnl/ch330a.pc19790301-def.nc (0.031,3.8)
Thread times [1.370042085647583, 2.123332977294922, 2.885322093963623, 4.38012170791626, 4.834488153457642, 5.35388970375061, 5.987597942352295, 6.062928915023804, 6.133318901062012, 6.327476978302002, 6.513254165649414, 6.53993821144104, 6.808552980422974, 7.452560901641846, 7.552412986755371]
{'load nc time': 4.454210042953491, 'args': ((0, 0, slice(0, 960, None), slice(None, None, None)),), 'dataset shape': (40, 11, 1921, 2560), 'dataset chunks': (7, 1, 385, 512), 'indexing time (s)': 18.41773509979248, 'chunk number': 1650, 'reduction time (s)': 7.5610129833221436, 'chunks processed': 15, 'storage read (B)': 29685482, 'selection 1 time (s)': 25.978986978530884}
Thread times [0.021533966064453125, 2.890239953994751, 3.651726007461548, 4.812739849090576, 5.055609226226807, 5.3664710521698, 5.72245979309082, 5.771686792373657, 5.9679601192474365, 6.328443288803101, 7.212782144546509, 7.216183185577393, 7.49253511428833, 7.708906888961792, 7.7655699253082275]
{'args': ((1, 0, slice(0, 960, None), slice(None, None, None)),), 'dataset shape': (40, 11, 1921, 2560), 'dataset chunks': (7, 1, 385, 512), 'indexing time (s)': 1.1920928955078125e-06, 'chunk number': 1650, 'reduction time (s)': 7.773879051208496, 'chunks processed': 15, 'storage read (B)': 29685482, 'selection 1 time (s)': 7.774004936218262}
Thread times [0.024250268936157227, 3.9892187118530273, 4.135382175445557, 4.3749680519104, 4.503174304962158, 5.058021068572998, 5.3055739402771, 5.461181879043579, 5.553022861480713, 5.880014896392822, 5.909521818161011, 7.24192214012146, 7.2653069496154785, 7.2761149406433105, 7.603032112121582]
{'args': ((2, 0, slice(0, 960, None), slice(None, None, None)),), 'dataset shape': (40, 11, 1921, 2560), 'dataset chunks': (7, 1, 385, 512), 'indexing time (s)': 9.5367431640625e-07, 'chunk number': 1650, 'reduction time (s)': 7.608824968338013, 'chunks processed': 15, 'storage read (B)': 29685482, 'selection 1 time (s)': 7.608953952789307}
Thread times [0.023011207580566406, 3.353316068649292, 3.548348903656006, 3.657866954803467, 4.4322099685668945, 5.609130859375, 5.67894172668457, 5.872694730758667, 5.9028990268707275, 6.5699498653411865, 6.740441083908081, 7.302511930465698, 7.397394895553589, 7.447740077972412, 7.835911750793457]
{'args': ((3, 0, slice(0, 960, None), slice(None, None, None)),), 'dataset shape': (40, 11, 1921, 2560), 'dataset chunks': (7, 1, 385, 512), 'indexing time (s)': 1.1920928955078125e-06, 'chunk number': 1650, 'reduction time (s)': 7.842476844787598, 'chunks processed': 15, 'storage read (B)': 29685482, 'selection 1 time (s)': 7.842603921890259}
Thread times [0.023739099502563477, 2.984362840652466, 3.645232677459717, 4.996026039123535, 5.312849998474121, 5.502661228179932, 5.697371006011963, 5.783010959625244, 5.905329942703247, 6.32155704498291, 6.600603103637695, 7.1943888664245605, 7.225960969924927, 7.630229949951172, 7.6319921016693115]
{'args': ((4, 0, slice(0, 960, None), slice(None, None, None)),), 'dataset shape': (40, 11, 1921, 2560), 'dataset chunks': (7, 1, 385, 512), 'indexing time (s)': 1.1920928955078125e-06, 'chunk number': 1650, 'reduction time (s)': 7.640023946762085, 'chunks processed': 15, 'storage read (B)': 29685482, 'selection 1 time (s)': 7.640147924423218}
Thread times [0.023195981979370117, 2.704843044281006, 3.8520331382751465, 4.467227220535278, 4.78668737411499, 5.04807186126709, 5.270962953567505, 5.451225280761719, 5.591732978820801, 5.807721138000488, 6.160614967346191, 6.942458868026733, 6.990943908691406, 7.40734601020813, 7.480222225189209]
{'args': ((5, 0, slice(0, 960, None), slice(None, None, None)),), 'dataset shape': (40, 11, 1921, 2560), 'dataset chunks': (7, 1, 385, 512), 'indexing time (s)': 1.1920928955078125e-06, 'chunk number': 1650, 'reduction time (s)': 7.4869489669799805, 'chunks processed': 15, 'storage read (B)': 29685482, 'selection 1 time (s)': 7.487089157104492}
Thread times [0.022882699966430664, 4.470165014266968, 4.632429122924805, 4.921783208847046, 4.986129999160767, 5.0761919021606445, 5.415248870849609, 5.437382221221924, 5.570831298828125, 5.849498271942139, 6.403360843658447, 7.648720979690552, 7.663204908370972, 7.747804880142212, 7.862208127975464]
{'args': ((6, 0, slice(0, 960, None), slice(None, None, None)),), 'dataset shape': (40, 11, 1921, 2560), 'dataset chunks': (7, 1, 385, 512), 'indexing time (s)': 1.1920928955078125e-06, 'chunk number': 1650, 'reduction time (s)': 7.869356870651245, 'chunks processed': 15, 'storage read (B)': 29685482, 'selection 1 time (s)': 7.869493007659912}
Thread times [3.743997812271118, 4.718637943267822, 4.8582141399383545, 5.2423341274261475, 5.282262086868286, 5.733094930648804, 5.8387041091918945, 5.910948038101196, 6.242663860321045, 6.273640871047974, 7.349197864532471, 8.286181926727295, 8.316460132598877, 8.437372207641602, 8.536387920379639]
{'args': ((7, 0, slice(0, 960, None), slice(None, None, None)),), 'dataset shape': (40, 11, 1921, 2560), 'dataset chunks': (7, 1, 385, 512), 'indexing time (s)': 9.5367431640625e-07, 'chunk number': 1650, 'reduction time (s)': 8.544733762741089, 'chunks processed': 15, 'storage read (B)': 29701892, 'selection 1 time (s)': 8.544857740402222}
Thread times [0.022866010665893555, 3.79837703704834, 3.9700701236724854, 4.1640801429748535, 4.867900371551514, 4.92420506477356, 5.077081918716431, 5.626085042953491, 5.6719810962677, 5.773561000823975, 5.997437953948975, 7.040239095687866, 7.280405044555664, 7.290827989578247, 7.449559926986694]
{'args': ((8, 0, slice(0, 960, None), slice(None, None, None)),), 'dataset shape': (40, 11, 1921, 2560), 'dataset chunks': (7, 1, 385, 512), 'indexing time (s)': 1.1920928955078125e-06, 'chunk number': 1650, 'reduction time (s)': 7.456467866897583, 'chunks processed': 15, 'storage read (B)': 29701892, 'selection 1 time (s)': 7.4565980434417725}
Thread times [0.02482891082763672, 2.9198241233825684, 3.847058057785034, 4.676654815673828, 4.729269027709961, 4.862739324569702, 5.322510719299316, 5.626471757888794, 5.989628791809082, 6.324694871902466, 6.443549871444702, 7.0700109004974365, 7.164013147354126, 7.396695137023926, 7.691051006317139]
{'args': ((9, 0, slice(0, 960, None), slice(None, None, None)),), 'dataset shape': (40, 11, 1921, 2560), 'dataset chunks': (7, 1, 385, 512), 'indexing time (s)': 9.5367431640625e-07, 'chunk number': 1650, 'reduction time (s)': 7.698884963989258, 'chunks processed': 15, 'storage read (B)': 29701892, 'selection 1 time (s)': 7.699023246765137}
Thread times [0.022745132446289062, 3.9448602199554443, 4.459681987762451, 4.582271099090576, 4.698791265487671, 4.9515700340271, 5.28170108795166, 5.551347017288208, 5.787402868270874, 5.809387922286987, 6.0106048583984375, 7.720313787460327, 7.743838787078857, 7.755174160003662, 7.767418146133423]
{'args': ((10, 0, slice(0, 960, None), slice(None, None, None)),), 'dataset shape': (40, 11, 1921, 2560), 'dataset chunks': (7, 1, 385, 512), 'indexing time (s)': 9.5367431640625e-07, 'chunk number': 1650, 'reduction time (s)': 7.7760009765625, 'chunks processed': 15, 'storage read (B)': 29701892, 'selection 1 time (s)': 7.776116847991943}
Thread times [0.018364906311035156, 3.8981378078460693, 4.102772235870361, 4.299921035766602, 5.29748797416687, 5.630649089813232, 5.785912990570068, 5.9671549797058105, 6.085353851318359, 6.10063910484314, 6.214085102081299, 6.75751519203186, 7.426426887512207, 7.464795112609863, 7.815658807754517]
{'args': ((11, 0, slice(0, 960, None), slice(None, None, None)),), 'dataset shape': (40, 11, 1921, 2560), 'dataset chunks': (7, 1, 385, 512), 'indexing time (s)': 1.1920928955078125e-06, 'chunk number': 1650, 'reduction time (s)': 7.82123064994812, 'chunks processed': 15, 'storage read (B)': 29701892, 'selection 1 time (s)': 7.821346044540405}
Thread times [0.023452043533325195, 4.211374044418335, 4.419250965118408, 4.7164599895477295, 4.840626955032349, 4.9736199378967285, 5.439693927764893, 5.610440969467163, 5.761253833770752, 5.909070014953613, 6.200750112533569, 8.310539960861206, 8.777052164077759, 9.400404930114746, 9.823824167251587]
{'args': ((12, 0, slice(0, 960, None), slice(None, None, None)),), 'dataset shape': (40, 11, 1921, 2560), 'dataset chunks': (7, 1, 385, 512), 'indexing time (s)': 9.5367431640625e-07, 'chunk number': 1650, 'reduction time (s)': 9.830063819885254, 'chunks processed': 15, 'storage read (B)': 29701892, 'selection 1 time (s)': 9.830191135406494}
Thread times [0.025201797485351562, 5.8621439933776855, 6.811153888702393, 6.818649053573608, 8.727511882781982, 8.831608295440674, 8.958000898361206, 9.22790789604187, 9.396197080612183, 9.450238943099976, 9.531129121780396, 9.951066732406616, 10.779481172561646, 11.307229042053223, 11.472330093383789]
{'args': ((13, 0, slice(0, 960, None), slice(None, None, None)),), 'dataset shape': (40, 11, 1921, 2560), 'dataset chunks': (7, 1, 385, 512), 'indexing time (s)': 1.1920928955078125e-06, 'chunk number': 1650, 'reduction time (s)': 11.478566884994507, 'chunks processed': 15, 'storage read (B)': 29701892, 'selection 1 time (s)': 11.478718042373657}
Thread times [4.177208185195923, 4.704516887664795, 5.270473003387451, 5.88450288772583, 6.3658318519592285, 7.535068988800049, 7.98341703414917, 8.068445920944214, 8.104397058486938, 9.167659044265747, 9.187515020370483, 9.570671796798706, 9.634927988052368, 9.939726829528809, 10.25083589553833]
{'args': ((14, 0, slice(0, 960, None), slice(None, None, None)),), 'dataset shape': (40, 11, 1921, 2560), 'dataset chunks': (7, 1, 385, 512), 'indexing time (s)': 2.1457672119140625e-06, 'chunk number': 1650, 'reduction time (s)': 10.258642196655273, 'chunks processed': 15, 'storage read (B)': 29733505, 'selection 1 time (s)': 10.258774042129517}
Thread times [0.022694110870361328, 4.4260780811309814, 5.234817981719971, 5.871505975723267, 5.9719390869140625, 6.0014238357543945, 6.401139974594116, 6.832213878631592, 6.9021220207214355, 7.351506948471069, 7.457467079162598, 8.494302034378052, 8.851571083068848, 9.098758697509766, 9.28707480430603]
{'args': ((15, 0, slice(0, 960, None), slice(None, None, None)),), 'dataset shape': (40, 11, 1921, 2560), 'dataset chunks': (7, 1, 385, 512), 'indexing time (s)': 7.152557373046875e-07, 'chunk number': 1650, 'reduction time (s)': 9.29210615158081, 'chunks processed': 15, 'storage read (B)': 29733505, 'selection 1 time (s)': 9.292233943939209}
Thread times [0.02308511734008789, 3.7495601177215576, 4.96164083480835, 5.8500988483428955, 6.054699182510376, 6.057401657104492, 6.4210240840911865, 6.757998943328857, 6.848013162612915, 6.9334399700164795, 7.899026155471802, 8.248505115509033, 8.975026845932007, 9.22211503982544, 9.225244760513306]
{'args': ((16, 0, slice(0, 960, None), slice(None, None, None)),), 'dataset shape': (40, 11, 1921, 2560), 'dataset chunks': (7, 1, 385, 512), 'indexing time (s)': 7.152557373046875e-07, 'chunk number': 1650, 'reduction time (s)': 9.231834173202515, 'chunks processed': 15, 'storage read (B)': 29733505, 'selection 1 time (s)': 9.231958150863647}
Thread times [0.023499011993408203, 4.194005012512207, 4.542785882949829, 5.526026010513306, 5.541429758071899, 6.37676215171814, 6.688535928726196, 7.08374285697937, 7.378098011016846, 8.493422031402588, 8.5194091796875, 8.579225063323975, 9.026153802871704, 9.31260633468628, 9.3173189163208]
{'args': ((17, 0, slice(0, 960, None), slice(None, None, None)),), 'dataset shape': (40, 11, 1921, 2560), 'dataset chunks': (7, 1, 385, 512), 'indexing time (s)': 9.5367431640625e-07, 'chunk number': 1650, 'reduction time (s)': 9.32246708869934, 'chunks processed': 15, 'storage read (B)': 29733505, 'selection 1 time (s)': 9.32258677482605}
Thread times [0.022238969802856445, 4.025136232376099, 5.575255870819092, 5.7865660190582275, 6.171245813369751, 6.5332350730896, 6.537583827972412, 6.742965936660767, 6.91238808631897, 6.9950079917907715, 7.488012790679932, 8.824944734573364, 9.012263059616089, 9.145994901657104, 9.20835828781128]
{'args': ((18, 0, slice(0, 960, None), slice(None, None, None)),), 'dataset shape': (40, 11, 1921, 2560), 'dataset chunks': (7, 1, 385, 512), 'indexing time (s)': 0.0, 'chunk number': 1650, 'reduction time (s)': 9.21581506729126, 'chunks processed': 15, 'storage read (B)': 29733505, 'selection 1 time (s)': 9.215932846069336}
Thread times [0.023431062698364258, 3.1795361042022705, 3.19561505317688, 4.936094760894775, 5.036257028579712, 5.270488023757935, 5.69399881362915, 6.02362322807312, 6.1172051429748535, 6.140200138092041, 6.1667702198028564, 6.794317960739136, 7.206599712371826, 7.298050165176392, 7.4327943325042725]
{'args': ((19, 0, slice(0, 960, None), slice(None, None, None)),), 'dataset shape': (40, 11, 1921, 2560), 'dataset chunks': (7, 1, 385, 512), 'indexing time (s)': 9.5367431640625e-07, 'chunk number': 1650, 'reduction time (s)': 7.438868999481201, 'chunks processed': 15, 'storage read (B)': 29733505, 'selection 1 time (s)': 7.438988924026489}
Thread times [0.02386188507080078, 3.4374499320983887, 4.333590984344482, 4.591999053955078, 4.845664024353027, 5.206449747085571, 5.240008354187012, 6.161846876144409, 6.179426908493042, 6.584561824798584, 6.8550498485565186, 8.638299226760864, 8.72484302520752, 8.791836977005005, 9.30863618850708]
{'args': ((20, 0, slice(0, 960, None), slice(None, None, None)),), 'dataset shape': (40, 11, 1921, 2560), 'dataset chunks': (7, 1, 385, 512), 'indexing time (s)': 7.152557373046875e-07, 'chunk number': 1650, 'reduction time (s)': 9.316368341445923, 'chunks processed': 15, 'storage read (B)': 29733505, 'selection 1 time (s)': 9.316488265991211}
Thread times [6.723585844039917, 7.099743366241455, 8.694914102554321, 8.855404138565063, 8.885313987731934, 8.885435104370117, 8.928731203079224, 9.38687801361084, 9.825756072998047, 10.339149951934814, 11.982823133468628, 12.329197883605957, 12.359560012817383, 12.431407928466797, 12.926310777664185]
{'args': ((21, 0, slice(0, 960, None), slice(None, None, None)),), 'dataset shape': (40, 11, 1921, 2560), 'dataset chunks': (7, 1, 385, 512), 'indexing time (s)': 9.5367431640625e-07, 'chunk number': 1650, 'reduction time (s)': 12.934342861175537, 'chunks processed': 15, 'storage read (B)': 29686785, 'selection 1 time (s)': 12.934460878372192}
Thread times [0.024059772491455078, 0.02483391761779785, 4.116344213485718, 4.844911813735962, 4.844882011413574, 5.0641679763793945, 5.948296070098877, 5.983020782470703, 6.150806903839111, 6.348865032196045, 6.4414989948272705, 7.09365701675415, 7.10582971572876, 7.231028318405151, 7.751695871353149]
{'args': ((22, 0, slice(0, 960, None), slice(None, None, None)),), 'dataset shape': (40, 11, 1921, 2560), 'dataset chunks': (7, 1, 385, 512), 'indexing time (s)': 1.1920928955078125e-06, 'chunk number': 1650, 'reduction time (s)': 7.758594989776611, 'chunks processed': 15, 'storage read (B)': 29686785, 'selection 1 time (s)': 7.7587199211120605}
Thread times [0.023609161376953125, 1.6826872825622559, 4.3914830684661865, 4.5401222705841064, 4.667691946029663, 4.961436986923218, 5.139348030090332, 5.7263898849487305, 5.91693377494812, 6.052390813827515, 6.103785037994385, 6.12602686882019, 7.00077223777771, 7.094644069671631, 7.432172060012817]
{'args': ((23, 0, slice(0, 960, None), slice(None, None, None)),), 'dataset shape': (40, 11, 1921, 2560), 'dataset chunks': (7, 1, 385, 512), 'indexing time (s)': 9.5367431640625e-07, 'chunk number': 1650, 'reduction time (s)': 7.440771102905273, 'chunks processed': 15, 'storage read (B)': 29686785, 'selection 1 time (s)': 7.440892934799194}
Thread times [0.023761987686157227, 2.916490077972412, 3.6674277782440186, 3.769619941711426, 3.8155720233917236, 4.896504163742065, 5.714904069900513, 6.094491958618164, 6.210122108459473, 6.722632169723511, 6.73753809928894, 6.804141998291016, 6.973277807235718, 7.05081582069397, 7.314881086349487]
{'args': ((24, 0, slice(0, 960, None), slice(None, None, None)),), 'dataset shape': (40, 11, 1921, 2560), 'dataset chunks': (7, 1, 385, 512), 'indexing time (s)': 1.1920928955078125e-06, 'chunk number': 1650, 'reduction time (s)': 7.319640874862671, 'chunks processed': 15, 'storage read (B)': 29686785, 'selection 1 time (s)': 7.319762945175171}
Thread times [0.022834062576293945, 3.0377681255340576, 3.6247408390045166, 4.746467113494873, 5.312916040420532, 5.319536209106445, 5.356328248977661, 5.488477945327759, 5.547933101654053, 5.558803081512451, 5.783198356628418, 6.03964900970459, 6.750653982162476, 7.257664918899536, 7.454587936401367]
{'args': ((25, 0, slice(0, 960, None), slice(None, None, None)),), 'dataset shape': (40, 11, 1921, 2560), 'dataset chunks': (7, 1, 385, 512), 'indexing time (s)': 0.0, 'chunk number': 1650, 'reduction time (s)': 7.484503746032715, 'chunks processed': 15, 'storage read (B)': 29686785, 'selection 1 time (s)': 7.48462986946106}
Thread times [0.023948192596435547, 3.995858907699585, 4.167053699493408, 4.170429944992065, 4.366652250289917, 5.05063796043396, 5.1425440311431885, 5.153325080871582, 5.418421030044556, 5.564946889877319, 6.316725969314575, 6.417342901229858, 7.36210823059082, 7.372538089752197, 7.384837865829468]
{'args': ((26, 0, slice(0, 960, None), slice(None, None, None)),), 'dataset shape': (40, 11, 1921, 2560), 'dataset chunks': (7, 1, 385, 512), 'indexing time (s)': 9.5367431640625e-07, 'chunk number': 1650, 'reduction time (s)': 7.390707969665527, 'chunks processed': 15, 'storage read (B)': 29686785, 'selection 1 time (s)': 7.390830993652344}
Thread times [0.023030996322631836, 0.023469924926757812, 3.7345690727233887, 3.804419755935669, 4.173718690872192, 4.798696756362915, 4.990333080291748, 5.194703102111816, 5.6444830894470215, 5.667399168014526, 5.882633924484253, 6.337124824523926, 7.003019094467163, 7.108283758163452, 7.13221001625061]
{'args': ((27, 0, slice(0, 960, None), slice(None, None, None)),), 'dataset shape': (40, 11, 1921, 2560), 'dataset chunks': (7, 1, 385, 512), 'indexing time (s)': 9.5367431640625e-07, 'chunk number': 1650, 'reduction time (s)': 7.139576196670532, 'chunks processed': 15, 'storage read (B)': 29686785, 'selection 1 time (s)': 7.13971209526062}
Thread times [3.9421868324279785, 4.0321831703186035, 4.382773160934448, 4.440709114074707, 4.660010576248169, 4.775775671005249, 5.547942876815796, 5.552865028381348, 5.859662055969238, 5.968280792236328, 6.579977989196777, 7.50465202331543, 7.508445978164673, 7.778231859207153, 7.782128095626831]
{'args': ((28, 0, slice(0, 960, None), slice(None, None, None)),), 'dataset shape': (40, 11, 1921, 2560), 'dataset chunks': (7, 1, 385, 512), 'indexing time (s)': 9.5367431640625e-07, 'chunk number': 1650, 'reduction time (s)': 7.793694019317627, 'chunks processed': 15, 'storage read (B)': 29670387, 'selection 1 time (s)': 7.793841361999512}
Thread times [0.02359318733215332, 3.324697971343994, 3.497892141342163, 4.427155256271362, 4.847065210342407, 5.114954948425293, 5.3685219287872314, 5.451401948928833, 5.504873037338257, 5.904530048370361, 6.465124130249023, 6.6774232387542725, 7.030517101287842, 7.147655248641968, 7.235478162765503]
{'args': ((29, 0, slice(0, 960, None), slice(None, None, None)),), 'dataset shape': (40, 11, 1921, 2560), 'dataset chunks': (7, 1, 385, 512), 'indexing time (s)': 9.5367431640625e-07, 'chunk number': 1650, 'reduction time (s)': 7.2419421672821045, 'chunks processed': 15, 'storage read (B)': 29670387, 'selection 1 time (s)': 7.242093086242676}
Thread times [0.023593902587890625, 3.277608871459961, 3.407320261001587, 4.435051918029785, 4.433888912200928, 5.197842836380005, 5.563597202301025, 5.564183950424194, 5.761902809143066, 5.9085211753845215, 6.4132208824157715, 6.512993097305298, 7.164117097854614, 7.2791829109191895, 7.381984233856201]
{'args': ((30, 0, slice(0, 960, None), slice(None, None, None)),), 'dataset shape': (40, 11, 1921, 2560), 'dataset chunks': (7, 1, 385, 512), 'indexing time (s)': 1.1920928955078125e-06, 'chunk number': 1650, 'reduction time (s)': 7.3909008502960205, 'chunks processed': 15, 'storage read (B)': 29670387, 'selection 1 time (s)': 7.391032934188843}
Thread times [0.02438187599182129, 4.377922058105469, 4.4288458824157715, 4.837802171707153, 4.868937969207764, 4.9280078411102295, 5.005281209945679, 5.150399923324585, 5.361474990844727, 5.415630102157593, 5.424264907836914, 6.845026016235352, 7.4453651905059814, 7.584553956985474, 7.704076051712036]
{'args': ((31, 0, slice(0, 960, None), slice(None, None, None)),), 'dataset shape': (40, 11, 1921, 2560), 'dataset chunks': (7, 1, 385, 512), 'indexing time (s)': 9.5367431640625e-07, 'chunk number': 1650, 'reduction time (s)': 7.7108659744262695, 'chunks processed': 15, 'storage read (B)': 29670387, 'selection 1 time (s)': 7.711009740829468}
Thread times [0.023339033126831055, 3.458003044128418, 3.776892900466919, 3.88100004196167, 4.43147087097168, 4.5234410762786865, 4.915148973464966, 5.602077960968018, 5.802882671356201, 5.871522903442383, 6.017106056213379, 6.255359888076782, 6.7476561069488525, 7.007989883422852, 7.232778072357178]
{'args': ((32, 0, slice(0, 960, None), slice(None, None, None)),), 'dataset shape': (40, 11, 1921, 2560), 'dataset chunks': (7, 1, 385, 512), 'indexing time (s)': 1.1920928955078125e-06, 'chunk number': 1650, 'reduction time (s)': 7.239348888397217, 'chunks processed': 15, 'storage read (B)': 29670387, 'selection 1 time (s)': 7.239473104476929}
Thread times [0.022541046142578125, 3.5349960327148438, 3.5401318073272705, 4.11266016960144, 4.4044029712677, 5.183509111404419, 5.2241270542144775, 5.278102159500122, 5.6590588092803955, 5.866619110107422, 6.079164743423462, 6.673442125320435, 7.17625093460083, 7.3842010498046875, 7.4583070278167725]
{'args': ((33, 0, slice(0, 960, None), slice(None, None, None)),), 'dataset shape': (40, 11, 1921, 2560), 'dataset chunks': (7, 1, 385, 512), 'indexing time (s)': 1.1920928955078125e-06, 'chunk number': 1650, 'reduction time (s)': 7.465312719345093, 'chunks processed': 15, 'storage read (B)': 29670387, 'selection 1 time (s)': 7.465439081192017}
Thread times [0.023211956024169922, 3.3350908756256104, 3.55887508392334, 4.183395862579346, 4.8683860301971436, 5.3838419914245605, 5.504070043563843, 5.511448860168457, 5.537540674209595, 5.895946025848389, 6.231895923614502, 7.245060920715332, 7.326217889785767, 7.347451210021973, 7.420232057571411]
{'args': ((34, 0, slice(0, 960, None), slice(None, None, None)),), 'dataset shape': (40, 11, 1921, 2560), 'dataset chunks': (7, 1, 385, 512), 'indexing time (s)': 1.1920928955078125e-06, 'chunk number': 1650, 'reduction time (s)': 7.424931049346924, 'chunks processed': 15, 'storage read (B)': 29670387, 'selection 1 time (s)': 7.425060272216797}
Thread times [3.0495598316192627, 3.1576521396636963, 3.3757121562957764, 4.134487867355347, 4.504688262939453, 5.867902040481567, 5.952162027359009, 6.053957939147949, 6.1169610023498535, 6.537129878997803, 6.54394006729126, 6.552268981933594, 6.590008974075317, 7.038097143173218, 7.125458240509033]
{'args': ((35, 0, slice(0, 960, None), slice(None, None, None)),), 'dataset shape': (40, 11, 1921, 2560), 'dataset chunks': (7, 1, 385, 512), 'indexing time (s)': 1.1920928955078125e-06, 'chunk number': 1650, 'reduction time (s)': 7.133579969406128, 'chunks processed': 15, 'storage read (B)': 21287473, 'selection 1 time (s)': 7.133710861206055}
Thread times [0.019735097885131836, 2.8923819065093994, 4.396047115325928, 4.590847969055176, 4.711349010467529, 4.799078941345215, 4.855575084686279, 5.251212120056152, 5.3144917488098145, 5.56902813911438, 6.000610828399658, 6.059722900390625, 6.988569974899292, 7.139964818954468, 7.284603834152222]
{'args': ((36, 0, slice(0, 960, None), slice(None, None, None)),), 'dataset shape': (40, 11, 1921, 2560), 'dataset chunks': (7, 1, 385, 512), 'indexing time (s)': 7.152557373046875e-07, 'chunk number': 1650, 'reduction time (s)': 7.292917966842651, 'chunks processed': 15, 'storage read (B)': 21287473, 'selection 1 time (s)': 7.29304313659668}
Thread times [0.02033209800720215, 2.37101411819458, 3.694770097732544, 3.9561800956726074, 4.842796087265015, 5.194159030914307, 5.215564727783203, 5.707673072814941, 5.707422971725464, 5.7491209506988525, 5.829549074172974, 5.861771821975708, 6.058165073394775, 6.756779193878174, 6.887585878372192]
{'args': ((37, 0, slice(0, 960, None), slice(None, None, None)),), 'dataset shape': (40, 11, 1921, 2560), 'dataset chunks': (7, 1, 385, 512), 'indexing time (s)': 1.1920928955078125e-06, 'chunk number': 1650, 'reduction time (s)': 6.900557041168213, 'chunks processed': 15, 'storage read (B)': 21287473, 'selection 1 time (s)': 6.900683879852295}
Thread times [0.021709918975830078, 3.160861015319824, 4.019157886505127, 4.661216974258423, 4.80853009223938, 4.842518091201782, 4.892609119415283, 4.970168113708496, 4.993189096450806, 5.155735015869141, 5.834402084350586, 6.226149082183838, 6.267536878585815, 6.9227070808410645, 7.090298175811768]
{'args': ((38, 0, slice(0, 960, None), slice(None, None, None)),), 'dataset shape': (40, 11, 1921, 2560), 'dataset chunks': (7, 1, 385, 512), 'indexing time (s)': 2.1457672119140625e-06, 'chunk number': 1650, 'reduction time (s)': 7.096635818481445, 'chunks processed': 15, 'storage read (B)': 21287473, 'selection 1 time (s)': 7.096803903579712}
Thread times [0.02127528190612793, 2.5379700660705566, 3.5745859146118164, 3.6080567836761475, 3.802522897720337, 4.9788103103637695, 5.013890981674194, 5.0622782707214355, 5.355591058731079, 5.535563707351685, 5.702371835708618, 6.398310899734497, 6.430495023727417, 6.6745100021362305, 6.708839178085327]
{'args': ((39, 0, slice(0, 960, None), slice(None, None, None)),), 'dataset shape': (40, 11, 1921, 2560), 'dataset chunks': (7, 1, 385, 512), 'indexing time (s)': 1.6689300537109375e-06, 'chunk number': 1650, 'reduction time (s)': 6.716154098510742, 'chunks processed': 15, 'storage read (B)': 21287473, 'selection 1 time (s)': 6.716308355331421}
[[226.07817708]
 [226.06473958]
 [225.93765625]
 [225.90807292]
 [225.91736979]
 [225.88453125]
 [225.82075521]
 [225.85440104]
 [225.98328125]
 [226.03804687]
 [226.013125  ]
 [226.02330729]
 [226.03770833]
 [226.00476563]
 [225.91765625]
 [225.94033854]
 [225.98721354]
 [225.91466146]
 [225.81242188]
 [225.81872396]
 [225.84526042]
 [225.78497396]
 [225.63648438]
 [225.55651042]
 [225.45736979]
 [225.32372396]
 [225.16328125]
 [225.07794271]
 [225.0784375 ]
 [225.10664063]
 [225.17609375]
 [225.36877604]
 [225.57911458]
 [225.69080729]
 [225.72231771]
 [225.82369792]
 [225.93658854]
 [225.96763021]
 [225.91864583]
 [225.9225    ]]
Summary:  Uni24whidch :Local (T100,BS5): 4.45s,323.3s,346.2s
