Dataset loaded from S3 with s3fs and Pyfive: bnl/ch330a.pc19790301-def.nc (0.051,0.98)
Thread times [0.08855485916137695, 0.05872082710266113, 0.06996679306030273, 0.07067203521728516, 0.0807039737701416, 0.09187006950378418, 0.1509099006652832, 0.08429622650146484, 0.3055441379547119, 0.07607793807983398, 0.09903192520141602, 0.2534646987915039, 0.09154009819030762, 0.08563780784606934, 0.0977778434753418]
{'load nc time': 1.1868741512298584, 'args': ((0, 0, slice(0, 960, None), slice(None, None, None)),), 'dataset shape': (40, 11, 1921, 2560), 'dataset chunks': (7, 1, 385, 512), 'indexing time (s)': 5.819904088973999, 'chunk number': 1650, 'reduction time (s)': 1.7060978412628174, 'chunks processed': 15, 'storage read (B)': 29685482, 'selection 2 time (s)': 7.528632164001465}
Thread times [0.11358904838562012, 0.07525300979614258, 0.0775289535522461, 0.06641674041748047, 0.08072805404663086, 0.08681702613830566, 0.19989371299743652, 0.08782577514648438, 0.23746109008789062, 0.11360788345336914, 0.123992919921875, 0.282916784286499, 0.10468888282775879, 0.11931800842285156, 0.0950779914855957]
{'args': ((1, 0, slice(0, 960, None), slice(None, None, None)),), 'dataset shape': (40, 11, 1921, 2560), 'dataset chunks': (7, 1, 385, 512), 'indexing time (s)': 1.9073486328125e-06, 'chunk number': 1650, 'reduction time (s)': 1.8665857315063477, 'chunks processed': 15, 'storage read (B)': 29685482, 'selection 2 time (s)': 1.8686957359313965}
Thread times [0.09294605255126953, 0.10302090644836426, 0.07592296600341797, 0.09467530250549316, 0.09843897819519043, 0.08858823776245117, 0.09528493881225586, 0.12184023857116699, 0.2868039608001709, 0.0908510684967041, 0.12504196166992188, 0.29079508781433105, 0.09144902229309082, 0.08696222305297852, 0.33834123611450195]
{'args': ((2, 0, slice(0, 960, None), slice(None, None, None)),), 'dataset shape': (40, 11, 1921, 2560), 'dataset chunks': (7, 1, 385, 512), 'indexing time (s)': 2.1457672119140625e-06, 'chunk number': 1650, 'reduction time (s)': 2.08274507522583, 'chunks processed': 15, 'storage read (B)': 29685482, 'selection 2 time (s)': 2.08510684967041}
Thread times [0.10127711296081543, 0.13637304306030273, 0.0784299373626709, 0.06559205055236816, 0.0996699333190918, 0.08564186096191406, 0.09065699577331543, 0.09014582633972168, 0.2722601890563965, 0.07847404479980469, 0.09776687622070312, 0.33374595642089844, 0.08777904510498047, 0.08987069129943848, 0.08612489700317383]
{'args': ((3, 0, slice(0, 960, None), slice(None, None, None)),), 'dataset shape': (40, 11, 1921, 2560), 'dataset chunks': (7, 1, 385, 512), 'indexing time (s)': 1.6689300537109375e-06, 'chunk number': 1650, 'reduction time (s)': 1.7953991889953613, 'chunks processed': 15, 'storage read (B)': 29685482, 'selection 2 time (s)': 1.798523187637329}
Thread times [0.10447263717651367, 0.05741691589355469, 0.11516904830932617, 0.08041191101074219, 0.07865285873413086, 0.1328718662261963, 0.08296704292297363, 0.08805394172668457, 0.3227579593658447, 0.08325409889221191, 0.08454418182373047, 0.27933597564697266, 0.11647224426269531, 0.0920562744140625, 0.09380197525024414]
{'args': ((4, 0, slice(0, 960, None), slice(None, None, None)),), 'dataset shape': (40, 11, 1921, 2560), 'dataset chunks': (7, 1, 385, 512), 'indexing time (s)': 2.1457672119140625e-06, 'chunk number': 1650, 'reduction time (s)': 1.8137249946594238, 'chunks processed': 15, 'storage read (B)': 29685482, 'selection 2 time (s)': 1.816230058670044}
Thread times [0.10308480262756348, 0.05517268180847168, 0.07997918128967285, 0.06411194801330566, 0.08421182632446289, 0.1040182113647461, 0.10350298881530762, 0.11669468879699707, 0.3779749870300293, 0.11155581474304199, 0.14464092254638672, 0.25637316703796387, 0.11208391189575195, 0.12000012397766113, 0.1476881504058838]
{'args': ((5, 0, slice(0, 960, None), slice(None, None, None)),), 'dataset shape': (40, 11, 1921, 2560), 'dataset chunks': (7, 1, 385, 512), 'indexing time (s)': 2.1457672119140625e-06, 'chunk number': 1650, 'reduction time (s)': 1.9827549457550049, 'chunks processed': 15, 'storage read (B)': 29685482, 'selection 2 time (s)': 1.9851713180541992}
Thread times [0.13036394119262695, 0.05941128730773926, 0.08021211624145508, 0.07065200805664062, 0.16151714324951172, 0.09626507759094238, 0.09567093849182129, 0.29149889945983887, 0.2209458351135254, 0.11229920387268066, 0.10551190376281738, 0.2405838966369629, 0.11127495765686035, 0.1048130989074707, 0.09617304801940918]
{'args': ((6, 0, slice(0, 960, None), slice(None, None, None)),), 'dataset shape': (40, 11, 1921, 2560), 'dataset chunks': (7, 1, 385, 512), 'indexing time (s)': 2.1457672119140625e-06, 'chunk number': 1650, 'reduction time (s)': 1.9788291454315186, 'chunks processed': 15, 'storage read (B)': 29685482, 'selection 2 time (s)': 1.9813408851623535}
Thread times [0.10051417350769043, 0.06456685066223145, 0.11746382713317871, 1.0964539051055908, 0.07928586006164551, 0.11247491836547852, 0.22605490684509277, 0.10520815849304199, 0.2441401481628418, 0.12011528015136719, 0.09897398948669434, 0.18678808212280273, 0.08680105209350586, 0.18337392807006836, 0.09529304504394531]
{'args': ((7, 0, slice(0, 960, None), slice(None, None, None)),), 'dataset shape': (40, 11, 1921, 2560), 'dataset chunks': (7, 1, 385, 512), 'indexing time (s)': 1.9073486328125e-06, 'chunk number': 1650, 'reduction time (s)': 2.9185731410980225, 'chunks processed': 15, 'storage read (B)': 29701892, 'selection 2 time (s)': 2.9196081161499023}
Thread times [0.08244705200195312, 0.06701207160949707, 0.0803377628326416, 0.09361720085144043, 0.07983827590942383, 0.19873595237731934, 0.08964776992797852, 0.09840202331542969, 0.22003579139709473, 0.1381819248199463, 0.10726499557495117, 0.22591400146484375, 0.0913553237915039, 0.09153628349304199, 0.11236405372619629]
{'args': ((8, 0, slice(0, 960, None), slice(None, None, None)),), 'dataset shape': (40, 11, 1921, 2560), 'dataset chunks': (7, 1, 385, 512), 'indexing time (s)': 9.5367431640625e-07, 'chunk number': 1650, 'reduction time (s)': 1.777953863143921, 'chunks processed': 15, 'storage read (B)': 29701892, 'selection 2 time (s)': 1.7789690494537354}
Thread times [0.12784600257873535, 0.05876302719116211, 0.0799570083618164, 0.09075188636779785, 0.08187603950500488, 0.08641934394836426, 0.0859980583190918, 0.0990760326385498, 0.2299950122833252, 0.10429191589355469, 0.10227513313293457, 0.07585811614990234, 0.10253214836120605, 0.08838582038879395, 0.09473800659179688]
{'args': ((9, 0, slice(0, 960, None), slice(None, None, None)),), 'dataset shape': (40, 11, 1921, 2560), 'dataset chunks': (7, 1, 385, 512), 'indexing time (s)': 0.0, 'chunk number': 1650, 'reduction time (s)': 1.5097358226776123, 'chunks processed': 15, 'storage read (B)': 29701892, 'selection 2 time (s)': 1.5107200145721436}
Thread times [0.09030413627624512, 0.33911681175231934, 0.10540890693664551, 0.09931802749633789, 0.09896278381347656, 0.09232425689697266, 0.11355209350585938, 0.09519290924072266, 0.3244190216064453, 0.09790301322937012, 0.148237943649292, 0.13418292999267578, 0.14198708534240723, 0.09793710708618164, 0.09139609336853027]
{'args': ((10, 0, slice(0, 960, None), slice(None, None, None)),), 'dataset shape': (40, 11, 1921, 2560), 'dataset chunks': (7, 1, 385, 512), 'indexing time (s)': 9.5367431640625e-07, 'chunk number': 1650, 'reduction time (s)': 2.0713958740234375, 'chunks processed': 15, 'storage read (B)': 29701892, 'selection 2 time (s)': 2.073664903640747}
Thread times [0.09320878982543945, 0.08225607872009277, 0.10884594917297363, 0.08260607719421387, 0.08779287338256836, 0.1054990291595459, 0.09194421768188477, 0.0952761173248291, 0.24280810356140137, 0.10522222518920898, 0.10811901092529297, 0.08193397521972656, 0.09518003463745117, 0.2249610424041748, 0.09479308128356934]
{'args': ((11, 0, slice(0, 960, None), slice(None, None, None)),), 'dataset shape': (40, 11, 1921, 2560), 'dataset chunks': (7, 1, 385, 512), 'indexing time (s)': 1.9073486328125e-06, 'chunk number': 1650, 'reduction time (s)': 1.7021160125732422, 'chunks processed': 15, 'storage read (B)': 29701892, 'selection 2 time (s)': 1.705444097518921}
Thread times [0.10481524467468262, 0.06374597549438477, 0.10274481773376465, 0.10351800918579102, 0.08339309692382812, 0.09369707107543945, 0.10059905052185059, 0.09190511703491211, 0.2366480827331543, 0.12746787071228027, 0.0897679328918457, 0.09206581115722656, 0.11574697494506836, 0.10249614715576172, 0.08643913269042969]
{'args': ((12, 0, slice(0, 960, None), slice(None, None, None)),), 'dataset shape': (40, 11, 1921, 2560), 'dataset chunks': (7, 1, 385, 512), 'indexing time (s)': 1.9073486328125e-06, 'chunk number': 1650, 'reduction time (s)': 1.5965359210968018, 'chunks processed': 15, 'storage read (B)': 29701892, 'selection 2 time (s)': 1.5975289344787598}
Thread times [0.07647705078125, 0.14501619338989258, 0.12029385566711426, 0.08960604667663574, 0.08257198333740234, 0.09935212135314941, 0.14036083221435547, 0.1814279556274414, 0.20077991485595703, 0.07779288291931152, 0.06922721862792969, 0.08138179779052734, 0.08840680122375488, 0.09976482391357422, 0.09368491172790527]
{'args': ((13, 0, slice(0, 960, None), slice(None, None, None)),), 'dataset shape': (40, 11, 1921, 2560), 'dataset chunks': (7, 1, 385, 512), 'indexing time (s)': 9.5367431640625e-07, 'chunk number': 1650, 'reduction time (s)': 1.6476569175720215, 'chunks processed': 15, 'storage read (B)': 29701892, 'selection 2 time (s)': 1.6500110626220703}
Thread times [0.1090402603149414, 0.0810692310333252, 0.10283923149108887, 0.07967281341552734, 0.09086918830871582, 0.12638592720031738, 0.08078479766845703, 0.10882282257080078, 0.3110170364379883, 0.09819698333740234, 0.09408283233642578, 0.12377309799194336, 0.10676288604736328, 0.1008920669555664, 0.09151601791381836]
{'args': ((14, 0, slice(0, 960, None), slice(None, None, None)),), 'dataset shape': (40, 11, 1921, 2560), 'dataset chunks': (7, 1, 385, 512), 'indexing time (s)': 9.5367431640625e-07, 'chunk number': 1650, 'reduction time (s)': 1.7074599266052246, 'chunks processed': 15, 'storage read (B)': 29733505, 'selection 2 time (s)': 1.710130214691162}
Thread times [0.09192490577697754, 0.09278106689453125, 0.08157801628112793, 0.08839082717895508, 0.07223176956176758, 0.0888819694519043, 0.10361099243164062, 0.11700296401977539, 0.2840559482574463, 0.10003995895385742, 0.08449602127075195, 0.09087800979614258, 0.0821220874786377, 0.10501694679260254, 0.14918112754821777]
{'args': ((15, 0, slice(0, 960, None), slice(None, None, None)),), 'dataset shape': (40, 11, 1921, 2560), 'dataset chunks': (7, 1, 385, 512), 'indexing time (s)': 2.1457672119140625e-06, 'chunk number': 1650, 'reduction time (s)': 1.6338272094726562, 'chunks processed': 15, 'storage read (B)': 29733505, 'selection 2 time (s)': 1.636038064956665}
Thread times [0.10298895835876465, 0.09122705459594727, 0.08023285865783691, 0.08933305740356445, 0.09055590629577637, 0.09081435203552246, 0.12137699127197266, 0.10146403312683105, 0.26106691360473633, 0.11092400550842285, 0.09197998046875, 0.0926969051361084, 0.14859890937805176, 0.09703707695007324, 0.09183812141418457]
{'args': ((16, 0, slice(0, 960, None), slice(None, None, None)),), 'dataset shape': (40, 11, 1921, 2560), 'dataset chunks': (7, 1, 385, 512), 'indexing time (s)': 1.9073486328125e-06, 'chunk number': 1650, 'reduction time (s)': 1.6636722087860107, 'chunks processed': 15, 'storage read (B)': 29733505, 'selection 2 time (s)': 1.6663570404052734}
Thread times [0.09227299690246582, 0.12355709075927734, 0.07325482368469238, 0.09131002426147461, 0.08722996711730957, 0.09912872314453125, 0.09228897094726562, 0.10449695587158203, 0.33126115798950195, 0.11480188369750977, 0.08280706405639648, 0.16264867782592773, 0.09714984893798828, 0.11327791213989258, 0.09587287902832031]
{'args': ((17, 0, slice(0, 960, None), slice(None, None, None)),), 'dataset shape': (40, 11, 1921, 2560), 'dataset chunks': (7, 1, 385, 512), 'indexing time (s)': 2.1457672119140625e-06, 'chunk number': 1650, 'reduction time (s)': 1.7628130912780762, 'chunks processed': 15, 'storage read (B)': 29733505, 'selection 2 time (s)': 1.7651469707489014}
Thread times [0.09005403518676758, 0.07197213172912598, 0.08276820182800293, 0.08841204643249512, 0.09196710586547852, 0.08924412727355957, 0.09804487228393555, 0.09999990463256836, 0.25461387634277344, 0.09206128120422363, 0.08578109741210938, 0.09362006187438965, 0.08534693717956543, 0.07959699630737305, 1.2028107643127441]
{'args': ((18, 0, slice(0, 960, None), slice(None, None, None)),), 'dataset shape': (40, 11, 1921, 2560), 'dataset chunks': (7, 1, 385, 512), 'indexing time (s)': 2.1457672119140625e-06, 'chunk number': 1650, 'reduction time (s)': 2.607456922531128, 'chunks processed': 15, 'storage read (B)': 29733505, 'selection 2 time (s)': 2.609731912612915}
Thread times [0.09492897987365723, 0.08145427703857422, 0.09549212455749512, 0.08426308631896973, 0.08674311637878418, 0.10634303092956543, 0.0970151424407959, 0.10081696510314941, 0.2502729892730713, 0.08408308029174805, 0.16232800483703613, 0.09112119674682617, 0.14448189735412598, 0.1178748607635498, 0.13047504425048828]
{'args': ((19, 0, slice(0, 960, None), slice(None, None, None)),), 'dataset shape': (40, 11, 1921, 2560), 'dataset chunks': (7, 1, 385, 512), 'indexing time (s)': 9.5367431640625e-07, 'chunk number': 1650, 'reduction time (s)': 1.7292659282684326, 'chunks processed': 15, 'storage read (B)': 29733505, 'selection 2 time (s)': 1.7316858768463135}
Thread times [0.10851693153381348, 0.12115716934204102, 0.0718839168548584, 0.09259629249572754, 0.08222174644470215, 0.0867159366607666, 0.11182785034179688, 0.10022878646850586, 0.254824161529541, 0.11131119728088379, 0.12025117874145508, 0.09405112266540527, 0.09580636024475098, 0.11017894744873047, 0.08868408203125]
{'args': ((20, 0, slice(0, 960, None), slice(None, None, None)),), 'dataset shape': (40, 11, 1921, 2560), 'dataset chunks': (7, 1, 385, 512), 'indexing time (s)': 1.9073486328125e-06, 'chunk number': 1650, 'reduction time (s)': 1.6517789363861084, 'chunks processed': 15, 'storage read (B)': 29733505, 'selection 2 time (s)': 1.6539902687072754}
Thread times [0.09030604362487793, 0.06583905220031738, 0.11473727226257324, 0.08212566375732422, 0.10067987442016602, 0.0955038070678711, 0.0966799259185791, 0.15623688697814941, 0.12835407257080078, 0.09018802642822266, 0.09172892570495605, 0.0941319465637207, 0.28464198112487793, 0.19078612327575684, 0.06815481185913086]
{'args': ((21, 0, slice(0, 960, None), slice(None, None, None)),), 'dataset shape': (40, 11, 1921, 2560), 'dataset chunks': (7, 1, 385, 512), 'indexing time (s)': 7.152557373046875e-07, 'chunk number': 1650, 'reduction time (s)': 1.7517142295837402, 'chunks processed': 15, 'storage read (B)': 29686785, 'selection 2 time (s)': 1.7549312114715576}
Thread times [0.09756803512573242, 0.058782339096069336, 0.11012578010559082, 0.07832622528076172, 0.07571697235107422, 0.09867620468139648, 0.08823013305664062, 0.09230494499206543, 0.09621906280517578, 0.08527207374572754, 0.09910297393798828, 0.08645892143249512, 0.256274938583374, 0.29110193252563477, 0.1078488826751709]
{'args': ((22, 0, slice(0, 960, None), slice(None, None, None)),), 'dataset shape': (40, 11, 1921, 2560), 'dataset chunks': (7, 1, 385, 512), 'indexing time (s)': 1.9073486328125e-06, 'chunk number': 1650, 'reduction time (s)': 1.7236411571502686, 'chunks processed': 15, 'storage read (B)': 29686785, 'selection 2 time (s)': 1.726308822631836}
Thread times [0.10216116905212402, 0.09865093231201172, 0.0953218936920166, 0.08294105529785156, 0.0619196891784668, 0.11398983001708984, 0.09547114372253418, 0.07796597480773926, 0.09361815452575684, 1.1150732040405273, 0.09498429298400879, 0.09008407592773438, 0.311506986618042, 0.24373793601989746, 0.12540578842163086]
{'args': ((23, 0, slice(0, 960, None), slice(None, None, None)),), 'dataset shape': (40, 11, 1921, 2560), 'dataset chunks': (7, 1, 385, 512), 'indexing time (s)': 9.5367431640625e-07, 'chunk number': 1650, 'reduction time (s)': 2.8042149543762207, 'chunks processed': 15, 'storage read (B)': 29686785, 'selection 2 time (s)': 2.805172920227051}
Thread times [0.1087031364440918, 0.059732913970947266, 0.09047293663024902, 0.19215798377990723, 0.08502912521362305, 0.07936692237854004, 0.10634803771972656, 0.10311293601989746, 0.11428308486938477, 0.09012413024902344, 0.10225296020507812, 0.07930588722229004, 0.2673161029815674, 0.20541715621948242, 0.09965205192565918]
{'args': ((24, 0, slice(0, 960, None), slice(None, None, None)),), 'dataset shape': (40, 11, 1921, 2560), 'dataset chunks': (7, 1, 385, 512), 'indexing time (s)': 9.5367431640625e-07, 'chunk number': 1650, 'reduction time (s)': 1.784869909286499, 'chunks processed': 15, 'storage read (B)': 29686785, 'selection 2 time (s)': 1.7857770919799805}
Thread times [0.10506439208984375, 0.05940699577331543, 0.08128190040588379, 0.076416015625, 0.07191872596740723, 0.10107898712158203, 0.10736799240112305, 0.18395209312438965, 0.09121084213256836, 0.10886883735656738, 0.09065890312194824, 0.0888361930847168, 0.2666020393371582, 0.2279977798461914, 0.08681702613830566]
{'args': ((25, 0, slice(0, 960, None), slice(None, None, None)),), 'dataset shape': (40, 11, 1921, 2560), 'dataset chunks': (7, 1, 385, 512), 'indexing time (s)': 1.1920928955078125e-06, 'chunk number': 1650, 'reduction time (s)': 1.7489159107208252, 'chunks processed': 15, 'storage read (B)': 29686785, 'selection 2 time (s)': 1.7536041736602783}
Thread times [0.09948301315307617, 0.08948493003845215, 0.09102511405944824, 0.12402510643005371, 0.07443690299987793, 0.09677910804748535, 0.1262979507446289, 0.130202054977417, 0.10433101654052734, 0.1016387939453125, 0.08707904815673828, 0.09513497352600098, 0.3103938102722168, 0.2951231002807617, 0.09529304504394531]
{'args': ((26, 0, slice(0, 960, None), slice(None, None, None)),), 'dataset shape': (40, 11, 1921, 2560), 'dataset chunks': (7, 1, 385, 512), 'indexing time (s)': 1.9073486328125e-06, 'chunk number': 1650, 'reduction time (s)': 1.922367811203003, 'chunks processed': 15, 'storage read (B)': 29686785, 'selection 2 time (s)': 1.9252500534057617}
Thread times [0.09684491157531738, 0.09639310836791992, 0.08326220512390137, 0.16748309135437012, 0.06875395774841309, 0.08023619651794434, 0.10193514823913574, 0.1156458854675293, 0.09444928169250488, 0.0900270938873291, 0.09839200973510742, 0.15925121307373047, 0.21355223655700684, 0.19919395446777344, 0.07221817970275879]
{'args': ((27, 0, slice(0, 960, None), slice(None, None, None)),), 'dataset shape': (40, 11, 1921, 2560), 'dataset chunks': (7, 1, 385, 512), 'indexing time (s)': 1.6689300537109375e-06, 'chunk number': 1650, 'reduction time (s)': 1.7391600608825684, 'chunks processed': 15, 'storage read (B)': 29686785, 'selection 2 time (s)': 1.7421369552612305}
Thread times [0.11294889450073242, 0.06928491592407227, 0.0814058780670166, 0.0874171257019043, 0.09026408195495605, 0.09595584869384766, 0.09731101989746094, 0.09940910339355469, 0.08956718444824219, 0.08251690864562988, 0.0813899040222168, 0.2736361026763916, 0.09123015403747559, 0.11641597747802734, 0.12751293182373047]
{'args': ((28, 0, slice(0, 960, None), slice(None, None, None)),), 'dataset shape': (40, 11, 1921, 2560), 'dataset chunks': (7, 1, 385, 512), 'indexing time (s)': 1.1920928955078125e-06, 'chunk number': 1650, 'reduction time (s)': 1.597886085510254, 'chunks processed': 15, 'storage read (B)': 29670387, 'selection 2 time (s)': 1.6006581783294678}
Thread times [0.1056668758392334, 0.06614279747009277, 0.13856911659240723, 0.15487217903137207, 0.08263134956359863, 0.15356111526489258, 0.11771702766418457, 0.08789992332458496, 0.14603281021118164, 0.09606790542602539, 0.09828996658325195, 0.33969593048095703, 0.08761429786682129, 0.10250592231750488, 0.11000704765319824]
{'args': ((29, 0, slice(0, 960, None), slice(None, None, None)),), 'dataset shape': (40, 11, 1921, 2560), 'dataset chunks': (7, 1, 385, 512), 'indexing time (s)': 2.1457672119140625e-06, 'chunk number': 1650, 'reduction time (s)': 1.8888740539550781, 'chunks processed': 15, 'storage read (B)': 29670387, 'selection 2 time (s)': 1.891495943069458}
Thread times [0.09473609924316406, 0.07383298873901367, 0.08971071243286133, 0.09035301208496094, 0.09667730331420898, 0.09661316871643066, 0.08827590942382812, 0.09166097640991211, 0.1294710636138916, 0.0937950611114502, 0.09841060638427734, 0.26707887649536133, 0.08671379089355469, 0.07894015312194824, 0.11772584915161133]
{'args': ((30, 0, slice(0, 960, None), slice(None, None, None)),), 'dataset shape': (40, 11, 1921, 2560), 'dataset chunks': (7, 1, 385, 512), 'indexing time (s)': 2.1457672119140625e-06, 'chunk number': 1650, 'reduction time (s)': 1.595107078552246, 'chunks processed': 15, 'storage read (B)': 29670387, 'selection 2 time (s)': 1.596186876296997}
Thread times [0.09319710731506348, 0.06034994125366211, 0.07950472831726074, 0.08967828750610352, 0.08401107788085938, 0.1046750545501709, 0.09221792221069336, 0.14347624778747559, 0.11753392219543457, 0.10312294960021973, 0.09054207801818848, 0.32010626792907715, 0.08815598487854004, 0.08592581748962402, 0.08697295188903809]
{'args': ((31, 0, slice(0, 960, None), slice(None, None, None)),), 'dataset shape': (40, 11, 1921, 2560), 'dataset chunks': (7, 1, 385, 512), 'indexing time (s)': 2.1457672119140625e-06, 'chunk number': 1650, 'reduction time (s)': 1.6411528587341309, 'chunks processed': 15, 'storage read (B)': 29670387, 'selection 2 time (s)': 1.6447150707244873}
Thread times [0.10337185859680176, 0.06534004211425781, 0.14436793327331543, 0.1062312126159668, 0.09316587448120117, 0.09451174736022949, 0.11714911460876465, 0.09219503402709961, 0.08478522300720215, 0.08147406578063965, 0.08378005027770996, 0.23496198654174805, 0.07806611061096191, 0.11246895790100098, 0.09088611602783203]
{'args': ((32, 0, slice(0, 960, None), slice(None, None, None)),), 'dataset shape': (40, 11, 1921, 2560), 'dataset chunks': (7, 1, 385, 512), 'indexing time (s)': 5.245208740234375e-06, 'chunk number': 1650, 'reduction time (s)': 1.5843138694763184, 'chunks processed': 15, 'storage read (B)': 29670387, 'selection 2 time (s)': 1.586852788925171}
Thread times [0.08964681625366211, 0.05924487113952637, 0.11995100975036621, 0.1567821502685547, 0.09781384468078613, 0.13103532791137695, 0.08262991905212402, 0.13272714614868164, 0.09727597236633301, 0.11773800849914551, 0.09014081954956055, 0.34827399253845215, 0.08343887329101562, 0.12329316139221191, 0.12289905548095703]
{'args': ((33, 0, slice(0, 960, None), slice(None, None, None)),), 'dataset shape': (40, 11, 1921, 2560), 'dataset chunks': (7, 1, 385, 512), 'indexing time (s)': 9.5367431640625e-07, 'chunk number': 1650, 'reduction time (s)': 1.8537490367889404, 'chunks processed': 15, 'storage read (B)': 29670387, 'selection 2 time (s)': 1.854788064956665}
Thread times [0.08428120613098145, 0.06799888610839844, 0.08017897605895996, 0.14237499237060547, 0.08585000038146973, 0.10253095626831055, 0.08661985397338867, 0.10153603553771973, 0.1643381118774414, 0.15741896629333496, 0.08388829231262207, 0.35605597496032715, 0.08697891235351562, 0.32193517684936523, 0.11431717872619629]
{'args': ((34, 0, slice(0, 960, None), slice(None, None, None)),), 'dataset shape': (40, 11, 1921, 2560), 'dataset chunks': (7, 1, 385, 512), 'indexing time (s)': 9.5367431640625e-07, 'chunk number': 1650, 'reduction time (s)': 2.037522792816162, 'chunks processed': 15, 'storage read (B)': 29670387, 'selection 2 time (s)': 2.0399420261383057}
Thread times [0.10367202758789062, 0.05086684226989746, 0.06806516647338867, 0.07857012748718262, 0.06396698951721191, 0.11664319038391113, 0.07705402374267578, 0.07121109962463379, 0.11305904388427734, 0.08291769027709961, 0.07961606979370117, 0.12179708480834961, 0.08421111106872559, 0.10289311408996582, 0.09448385238647461]
{'args': ((35, 0, slice(0, 960, None), slice(None, None, None)),), 'dataset shape': (40, 11, 1921, 2560), 'dataset chunks': (7, 1, 385, 512), 'indexing time (s)': 1.9073486328125e-06, 'chunk number': 1650, 'reduction time (s)': 1.3106119632720947, 'chunks processed': 15, 'storage read (B)': 21287473, 'selection 2 time (s)': 1.3116121292114258}
Thread times [0.15387201309204102, 0.059422969818115234, 0.15538620948791504, 0.07594418525695801, 0.1072838306427002, 0.08431315422058105, 0.0847921371459961, 0.0759279727935791, 0.0852208137512207, 0.08411288261413574, 0.0784912109375, 0.08335685729980469, 0.08495688438415527, 0.07038593292236328, 0.08135700225830078]
{'args': ((36, 0, slice(0, 960, None), slice(None, None, None)),), 'dataset shape': (40, 11, 1921, 2560), 'dataset chunks': (7, 1, 385, 512), 'indexing time (s)': 9.5367431640625e-07, 'chunk number': 1650, 'reduction time (s)': 1.3669092655181885, 'chunks processed': 15, 'storage read (B)': 21287473, 'selection 2 time (s)': 1.3702418804168701}
Thread times [0.1326289176940918, 0.06920385360717773, 0.06637120246887207, 0.07768797874450684, 0.06386089324951172, 0.08142900466918945, 0.09212803840637207, 0.06764698028564453, 0.13307499885559082, 0.1703629493713379, 0.0722970962524414, 0.07629895210266113, 0.09291219711303711, 0.11239886283874512, 0.08511900901794434]
{'args': ((37, 0, slice(0, 960, None), slice(None, None, None)),), 'dataset shape': (40, 11, 1921, 2560), 'dataset chunks': (7, 1, 385, 512), 'indexing time (s)': 2.1457672119140625e-06, 'chunk number': 1650, 'reduction time (s)': 1.3951280117034912, 'chunks processed': 15, 'storage read (B)': 21287473, 'selection 2 time (s)': 1.3977539539337158}
Thread times [0.10594677925109863, 0.06628608703613281, 0.06167721748352051, 0.07880401611328125, 0.07187199592590332, 0.11612796783447266, 0.10413193702697754, 0.08811593055725098, 0.10491275787353516, 0.09076786041259766, 0.08661484718322754, 0.07962226867675781, 0.09021711349487305, 0.11796402931213379, 0.09245014190673828]
{'args': ((38, 0, slice(0, 960, None), slice(None, None, None)),), 'dataset shape': (40, 11, 1921, 2560), 'dataset chunks': (7, 1, 385, 512), 'indexing time (s)': 9.5367431640625e-07, 'chunk number': 1650, 'reduction time (s)': 1.357252836227417, 'chunks processed': 15, 'storage read (B)': 21287473, 'selection 2 time (s)': 1.360172986984253}
Thread times [0.10990691184997559, 0.07577204704284668, 0.0731649398803711, 0.07648897171020508, 0.09156990051269531, 0.0926971435546875, 0.09452605247497559, 0.0868070125579834, 0.12399816513061523, 0.09191489219665527, 0.10661721229553223, 0.08651494979858398, 0.09290480613708496, 0.08194422721862793, 0.11116218566894531]
{'args': ((39, 0, slice(0, 960, None), slice(None, None, None)),), 'dataset shape': (40, 11, 1921, 2560), 'dataset chunks': (7, 1, 385, 512), 'indexing time (s)': 1.9073486328125e-06, 'chunk number': 1650, 'reduction time (s)': 1.397536039352417, 'chunks processed': 15, 'storage read (B)': 21287473, 'selection 2 time (s)': 1.4000837802886963}
[[226.07820312]
 [226.0646875 ]
 [225.93776042]
 [225.90820312]
 [225.91739583]
 [225.88460937]
 [225.82080729]
 [225.85434896]
 [225.9834375 ]
 [226.03822917]
 [226.01317708]
 [226.02333333]
 [226.03765625]
 [226.00486979]
 [225.91778646]
 [225.9403125 ]
 [225.98729167]
 [225.91450521]
 [225.81239583]
 [225.81890625]
 [225.8453125 ]
 [225.785     ]
 [225.63648438]
 [225.5565625 ]
 [225.45744792]
 [225.32382813]
 [225.16335937]
 [225.07786458]
 [225.07846354]
 [225.10669271]
 [225.17606771]
 [225.36867187]
 [225.57927083]
 [225.69083333]
 [225.7221875 ]
 [225.82367188]
 [225.93640625]
 [225.96760417]
 [225.91875   ]
 [225.92236979]]
Summary:  Uni24whidch :Active (T1,BS1): 1.19s,71.71s,78.81s
