Dataset loaded from S3 with s3fs and Pyfive: bnl/ch330a.pc19790301-def.nc (0.076,1.2)
Thread times [0.22350311279296875, 0.22507500648498535, 0.27903103828430176, 0.28130412101745605, 0.28926801681518555, 0.2915220260620117, 0.290311336517334, 0.3035600185394287, 0.30846691131591797, 0.3066279888153076, 0.3691260814666748, 0.39727282524108887, 0.43520307540893555, 0.4944179058074951, 0.5162110328674316]
{'load nc time': 1.405311107635498, 'args': ((0, 0, slice(0, 960, None), slice(None, None, None)),), 'dataset shape': (40, 11, 1921, 2560), 'dataset chunks': (7, 1, 385, 512), 'indexing time (s)': 5.7248547077178955, 'chunk number': 1650, 'reduction time (s)': 0.5265679359436035, 'chunks processed': 15, 'storage read (B)': 29685482, 'selection 2 time (s)': 6.2671990394592285}
Thread times [0.13735389709472656, 0.14928197860717773, 0.15657711029052734, 0.208251953125, 0.27355027198791504, 0.4660968780517578, 0.49866604804992676, 0.5110459327697754, 0.5175108909606934, 0.5389559268951416, 0.544440746307373, 0.5414876937866211, 0.5711839199066162, 0.573981761932373, 0.577239990234375]
{'args': ((1, 0, slice(0, 960, None), slice(None, None, None)),), 'dataset shape': (40, 11, 1921, 2560), 'dataset chunks': (7, 1, 385, 512), 'indexing time (s)': 9.5367431640625e-07, 'chunk number': 1650, 'reduction time (s)': 0.5824098587036133, 'chunks processed': 15, 'storage read (B)': 29685482, 'selection 2 time (s)': 0.5927391052246094}
Thread times [0.1075739860534668, 0.141463041305542, 0.3087351322174072, 0.3181419372558594, 0.42652201652526855, 0.4279789924621582, 0.5684158802032471, 0.5884878635406494, 0.5879812240600586, 0.589130163192749, 0.6084518432617188, 0.6096858978271484, 0.6130449771881104, 0.6287698745727539, 0.6483631134033203]
{'args': ((2, 0, slice(0, 960, None), slice(None, None, None)),), 'dataset shape': (40, 11, 1921, 2560), 'dataset chunks': (7, 1, 385, 512), 'indexing time (s)': 0.0, 'chunk number': 1650, 'reduction time (s)': 0.6530313491821289, 'chunks processed': 15, 'storage read (B)': 29685482, 'selection 2 time (s)': 0.6668939590454102}
Thread times [0.10287117958068848, 0.1175999641418457, 0.3231809139251709, 0.3451578617095947, 0.4364511966705322, 0.56044602394104, 0.57942795753479, 0.5836789608001709, 0.6440410614013672, 0.6493728160858154, 0.6507821083068848, 0.6588070392608643, 0.6691679954528809, 0.6779079437255859, 0.7030608654022217]
{'args': ((3, 0, slice(0, 960, None), slice(None, None, None)),), 'dataset shape': (40, 11, 1921, 2560), 'dataset chunks': (7, 1, 385, 512), 'indexing time (s)': 9.5367431640625e-07, 'chunk number': 1650, 'reduction time (s)': 0.7073819637298584, 'chunks processed': 15, 'storage read (B)': 29685482, 'selection 2 time (s)': 0.7140960693359375}
Thread times [0.3641171455383301, 0.37635111808776855, 0.534020185470581, 0.5854060649871826, 0.652813196182251, 0.6673181056976318, 0.6666550636291504, 0.6687371730804443, 0.6818680763244629, 0.6839389801025391, 0.6866910457611084, 0.705578088760376, 0.7080347537994385, 0.7091331481933594, 0.7314620018005371]
{'args': ((4, 0, slice(0, 960, None), slice(None, None, None)),), 'dataset shape': (40, 11, 1921, 2560), 'dataset chunks': (7, 1, 385, 512), 'indexing time (s)': 0.0, 'chunk number': 1650, 'reduction time (s)': 0.7362680435180664, 'chunks processed': 15, 'storage read (B)': 29685482, 'selection 2 time (s)': 0.749995231628418}
Thread times [0.14811325073242188, 0.22878122329711914, 0.2539792060852051, 0.29949069023132324, 0.3043038845062256, 0.3250908851623535, 0.328380823135376, 0.3312690258026123, 0.33964014053344727, 0.3438849449157715, 0.3536520004272461, 0.35949110984802246, 0.36417102813720703, 0.36809587478637695, 0.3810420036315918]
{'args': ((5, 0, slice(0, 960, None), slice(None, None, None)),), 'dataset shape': (40, 11, 1921, 2560), 'dataset chunks': (7, 1, 385, 512), 'indexing time (s)': 0.0, 'chunk number': 1650, 'reduction time (s)': 0.38610386848449707, 'chunks processed': 15, 'storage read (B)': 29685482, 'selection 2 time (s)': 0.39930105209350586}
Thread times [0.13137483596801758, 0.14569664001464844, 0.15167784690856934, 0.1663820743560791, 0.16883373260498047, 0.37742018699645996, 0.4204590320587158, 0.44787120819091797, 0.4719841480255127, 0.4895589351654053, 0.4980311393737793, 0.5028290748596191, 0.5082333087921143, 0.5391490459442139, 0.5755598545074463]
{'args': ((6, 0, slice(0, 960, None), slice(None, None, None)),), 'dataset shape': (40, 11, 1921, 2560), 'dataset chunks': (7, 1, 385, 512), 'indexing time (s)': 9.5367431640625e-07, 'chunk number': 1650, 'reduction time (s)': 0.5804369449615479, 'chunks processed': 15, 'storage read (B)': 29685482, 'selection 2 time (s)': 0.594592809677124}
Thread times [0.3231391906738281, 0.35228896141052246, 0.4870450496673584, 0.49358272552490234, 0.4948129653930664, 0.5185043811798096, 0.5174636840820312, 0.5220918655395508, 0.5320749282836914, 0.5327341556549072, 0.5398359298706055, 0.5522322654724121, 0.5511472225189209, 0.5560939311981201, 0.5756433010101318]
{'args': ((7, 0, slice(0, 960, None), slice(None, None, None)),), 'dataset shape': (40, 11, 1921, 2560), 'dataset chunks': (7, 1, 385, 512), 'indexing time (s)': 9.5367431640625e-07, 'chunk number': 1650, 'reduction time (s)': 0.5791220664978027, 'chunks processed': 15, 'storage read (B)': 29701892, 'selection 2 time (s)': 0.586439847946167}
Thread times [0.1358022689819336, 0.43993687629699707, 0.4841878414154053, 0.5166590213775635, 0.5315761566162109, 0.5382378101348877, 0.5597047805786133, 0.5605897903442383, 0.560877799987793, 0.5783019065856934, 0.5788459777832031, 0.5805420875549316, 0.5976057052612305, 0.6015799045562744, 0.6034941673278809]
{'args': ((8, 0, slice(0, 960, None), slice(None, None, None)),), 'dataset shape': (40, 11, 1921, 2560), 'dataset chunks': (7, 1, 385, 512), 'indexing time (s)': 0.0, 'chunk number': 1650, 'reduction time (s)': 0.607032060623169, 'chunks processed': 15, 'storage read (B)': 29701892, 'selection 2 time (s)': 0.6164369583129883}
Thread times [0.1728839874267578, 0.17702698707580566, 0.21741104125976562, 0.21962618827819824, 0.21804308891296387, 0.2311232089996338, 0.23207926750183105, 0.23531508445739746, 0.34433794021606445, 0.3512990474700928, 0.3913741111755371, 0.3806161880493164, 0.4084019660949707, 0.42423510551452637, 0.45066022872924805]
{'args': ((9, 0, slice(0, 960, None), slice(None, None, None)),), 'dataset shape': (40, 11, 1921, 2560), 'dataset chunks': (7, 1, 385, 512), 'indexing time (s)': 0.0, 'chunk number': 1650, 'reduction time (s)': 0.4544029235839844, 'chunks processed': 15, 'storage read (B)': 29701892, 'selection 2 time (s)': 0.4681839942932129}
Thread times [0.170562744140625, 0.17659401893615723, 0.1972818374633789, 0.21481966972351074, 0.3606128692626953, 0.3624439239501953, 0.37004613876342773, 0.3746621608734131, 0.37670087814331055, 0.38469886779785156, 0.391956090927124, 0.40045690536499023, 0.4037189483642578, 0.4120759963989258, 0.4257380962371826]
{'args': ((10, 0, slice(0, 960, None), slice(None, None, None)),), 'dataset shape': (40, 11, 1921, 2560), 'dataset chunks': (7, 1, 385, 512), 'indexing time (s)': 1.1920928955078125e-06, 'chunk number': 1650, 'reduction time (s)': 0.4295179843902588, 'chunks processed': 15, 'storage read (B)': 29701892, 'selection 2 time (s)': 0.4431931972503662}
Thread times [0.2904829978942871, 0.41701817512512207, 0.500723123550415, 0.5110080242156982, 0.5138859748840332, 0.5223128795623779, 0.527083158493042, 0.5295999050140381, 0.5389671325683594, 0.5411558151245117, 0.5461649894714355, 0.5606012344360352, 0.5614850521087646, 0.5653858184814453, 0.5790231227874756]
{'args': ((11, 0, slice(0, 960, None), slice(None, None, None)),), 'dataset shape': (40, 11, 1921, 2560), 'dataset chunks': (7, 1, 385, 512), 'indexing time (s)': 9.5367431640625e-07, 'chunk number': 1650, 'reduction time (s)': 0.5828101634979248, 'chunks processed': 15, 'storage read (B)': 29701892, 'selection 2 time (s)': 0.59098219871521}
Thread times [0.1634197235107422, 0.2332911491394043, 0.3111722469329834, 0.43636298179626465, 0.4399569034576416, 0.46142005920410156, 0.469649076461792, 0.47589874267578125, 0.4748048782348633, 0.4905080795288086, 0.4931211471557617, 0.49685072898864746, 0.5074710845947266, 0.5102620124816895, 0.5124001502990723]
{'args': ((12, 0, slice(0, 960, None), slice(None, None, None)),), 'dataset shape': (40, 11, 1921, 2560), 'dataset chunks': (7, 1, 385, 512), 'indexing time (s)': 9.5367431640625e-07, 'chunk number': 1650, 'reduction time (s)': 0.5156631469726562, 'chunks processed': 15, 'storage read (B)': 29701892, 'selection 2 time (s)': 0.5226149559020996}
Thread times [0.15370607376098633, 0.22801804542541504, 0.25315308570861816, 0.2545590400695801, 0.2570202350616455, 0.26772499084472656, 0.2675340175628662, 0.3565371036529541, 0.3542177677154541, 0.3686981201171875, 0.37327098846435547, 0.37770700454711914, 0.3883938789367676, 0.3906538486480713, 0.39542293548583984]
{'args': ((13, 0, slice(0, 960, None), slice(None, None, None)),), 'dataset shape': (40, 11, 1921, 2560), 'dataset chunks': (7, 1, 385, 512), 'indexing time (s)': 9.5367431640625e-07, 'chunk number': 1650, 'reduction time (s)': 0.3990662097930908, 'chunks processed': 15, 'storage read (B)': 29701892, 'selection 2 time (s)': 0.4093019962310791}
Thread times [0.15877604484558105, 0.4899139404296875, 0.5067708492279053, 0.5465028285980225, 0.5498321056365967, 0.5683250427246094, 0.5778927803039551, 0.5774028301239014, 0.5826148986816406, 0.5946149826049805, 0.5968799591064453, 0.6020689010620117, 0.613267183303833, 0.6157150268554688, 0.6192841529846191]
{'args': ((14, 0, slice(0, 960, None), slice(None, None, None)),), 'dataset shape': (40, 11, 1921, 2560), 'dataset chunks': (7, 1, 385, 512), 'indexing time (s)': 9.5367431640625e-07, 'chunk number': 1650, 'reduction time (s)': 0.6229660511016846, 'chunks processed': 15, 'storage read (B)': 29733505, 'selection 2 time (s)': 0.6344828605651855}
Thread times [0.29737305641174316, 0.3041360378265381, 0.33831191062927246, 0.3633909225463867, 0.36344194412231445, 0.38100600242614746, 0.3813669681549072, 0.3818838596343994, 0.3941459655761719, 0.39586305618286133, 0.3983640670776367, 0.416064977645874, 0.4172029495239258, 0.41766977310180664, 0.43407702445983887]
{'args': ((15, 0, slice(0, 960, None), slice(None, None, None)),), 'dataset shape': (40, 11, 1921, 2560), 'dataset chunks': (7, 1, 385, 512), 'indexing time (s)': 9.5367431640625e-07, 'chunk number': 1650, 'reduction time (s)': 0.43831396102905273, 'chunks processed': 15, 'storage read (B)': 29733505, 'selection 2 time (s)': 0.44544315338134766}
Thread times [0.1400759220123291, 0.18734407424926758, 0.30605125427246094, 0.31626200675964355, 0.3443779945373535, 0.3457310199737549, 0.3480870723724365, 0.35755109786987305, 0.3598001003265381, 0.3641211986541748, 0.37616991996765137, 0.38184595108032227, 0.38531017303466797, 0.3957791328430176, 0.40015196800231934]
{'args': ((16, 0, slice(0, 960, None), slice(None, None, None)),), 'dataset shape': (40, 11, 1921, 2560), 'dataset chunks': (7, 1, 385, 512), 'indexing time (s)': 1.1920928955078125e-06, 'chunk number': 1650, 'reduction time (s)': 0.4041750431060791, 'chunks processed': 15, 'storage read (B)': 29733505, 'selection 2 time (s)': 0.41498303413391113}
Thread times [0.1290450096130371, 0.15744304656982422, 0.33788394927978516, 0.4387948513031006, 0.44574785232543945, 0.45023393630981445, 0.4571249485015869, 0.4925229549407959, 0.4937710762023926, 0.4956381320953369, 0.5075850486755371, 0.5108280181884766, 0.512113094329834, 0.5225048065185547, 0.6435840129852295]
{'args': ((17, 0, slice(0, 960, None), slice(None, None, None)),), 'dataset shape': (40, 11, 1921, 2560), 'dataset chunks': (7, 1, 385, 512), 'indexing time (s)': 9.5367431640625e-07, 'chunk number': 1650, 'reduction time (s)': 0.6487271785736084, 'chunks processed': 15, 'storage read (B)': 29733505, 'selection 2 time (s)': 0.6637699604034424}
Thread times [0.15813899040222168, 0.20168495178222656, 0.2205982208251953, 0.3017449378967285, 0.39614009857177734, 0.3999769687652588, 0.40422606468200684, 0.4088582992553711, 0.4164760112762451, 0.4241468906402588, 0.4392671585083008, 0.4392361640930176, 0.441180944442749, 0.4566512107849121, 0.46209096908569336]
{'args': ((18, 0, slice(0, 960, None), slice(None, None, None)),), 'dataset shape': (40, 11, 1921, 2560), 'dataset chunks': (7, 1, 385, 512), 'indexing time (s)': 1.1920928955078125e-06, 'chunk number': 1650, 'reduction time (s)': 0.4665977954864502, 'chunks processed': 15, 'storage read (B)': 29733505, 'selection 2 time (s)': 0.47832489013671875}
Thread times [0.4119999408721924, 0.5496828556060791, 0.5758919715881348, 0.6036539077758789, 0.6038939952850342, 0.6028449535369873, 0.619877815246582, 0.619391918182373, 0.6183350086212158, 0.6346349716186523, 0.6388778686523438, 0.6391401290893555, 0.6533958911895752, 0.6539831161499023, 0.658776044845581]
{'args': ((19, 0, slice(0, 960, None), slice(None, None, None)),), 'dataset shape': (40, 11, 1921, 2560), 'dataset chunks': (7, 1, 385, 512), 'indexing time (s)': 9.5367431640625e-07, 'chunk number': 1650, 'reduction time (s)': 0.6623060703277588, 'chunks processed': 15, 'storage read (B)': 29733505, 'selection 2 time (s)': 0.6736288070678711}
Thread times [0.1142573356628418, 0.1407320499420166, 0.14551711082458496, 0.14612102508544922, 0.4558558464050293, 0.45488715171813965, 0.4569888114929199, 0.4538838863372803, 0.4585139751434326, 0.4654841423034668, 0.46823596954345703, 0.4798929691314697, 0.48514509201049805, 0.4854111671447754, 0.4967670440673828]
{'args': ((20, 0, slice(0, 960, None), slice(None, None, None)),), 'dataset shape': (40, 11, 1921, 2560), 'dataset chunks': (7, 1, 385, 512), 'indexing time (s)': 9.5367431640625e-07, 'chunk number': 1650, 'reduction time (s)': 0.5003561973571777, 'chunks processed': 15, 'storage read (B)': 29733505, 'selection 2 time (s)': 0.5143718719482422}
Thread times [0.4522731304168701, 0.4715712070465088, 0.5739603042602539, 0.6150040626525879, 0.6219420433044434, 0.6297271251678467, 0.6340329647064209, 0.638768196105957, 0.6439752578735352, 0.651939868927002, 0.6589257717132568, 0.6643798351287842, 0.6746039390563965, 0.677757978439331, 0.6907820701599121]
{'args': ((21, 0, slice(0, 960, None), slice(None, None, None)),), 'dataset shape': (40, 11, 1921, 2560), 'dataset chunks': (7, 1, 385, 512), 'indexing time (s)': 9.5367431640625e-07, 'chunk number': 1650, 'reduction time (s)': 0.6959927082061768, 'chunks processed': 15, 'storage read (B)': 29686785, 'selection 2 time (s)': 0.710723876953125}
Thread times [0.13602495193481445, 0.19370293617248535, 0.3115050792694092, 0.3702571392059326, 0.41089296340942383, 0.4931201934814453, 0.4939141273498535, 0.510718822479248, 0.5208399295806885, 0.5266058444976807, 0.5518262386322021, 0.5518848896026611, 0.5526320934295654, 0.5940370559692383, 0.6128301620483398]
{'args': ((22, 0, slice(0, 960, None), slice(None, None, None)),), 'dataset shape': (40, 11, 1921, 2560), 'dataset chunks': (7, 1, 385, 512), 'indexing time (s)': 9.5367431640625e-07, 'chunk number': 1650, 'reduction time (s)': 0.6178219318389893, 'chunks processed': 15, 'storage read (B)': 29686785, 'selection 2 time (s)': 0.6254692077636719}
Thread times [0.44825100898742676, 0.449434757232666, 0.5564873218536377, 0.5590479373931885, 0.5671291351318359, 0.6019730567932129, 0.606719970703125, 0.6142089366912842, 0.6168279647827148, 0.6271669864654541, 0.6338880062103271, 0.63730788230896, 0.644489049911499, 0.6516032218933105, 0.6520471572875977]
{'args': ((23, 0, slice(0, 960, None), slice(None, None, None)),), 'dataset shape': (40, 11, 1921, 2560), 'dataset chunks': (7, 1, 385, 512), 'indexing time (s)': 9.5367431640625e-07, 'chunk number': 1650, 'reduction time (s)': 0.6569828987121582, 'chunks processed': 15, 'storage read (B)': 29686785, 'selection 2 time (s)': 0.6689820289611816}
Thread times [0.3268458843231201, 0.35230588912963867, 0.355863094329834, 0.3537628650665283, 0.37795305252075195, 0.383206844329834, 0.46878600120544434, 0.4844992160797119, 0.490048885345459, 0.489351749420166, 0.5063140392303467, 0.5124187469482422, 0.513308048248291, 0.5262830257415771, 0.5382299423217773]
{'args': ((24, 0, slice(0, 960, None), slice(None, None, None)),), 'dataset shape': (40, 11, 1921, 2560), 'dataset chunks': (7, 1, 385, 512), 'indexing time (s)': 9.5367431640625e-07, 'chunk number': 1650, 'reduction time (s)': 0.5435891151428223, 'chunks processed': 15, 'storage read (B)': 29686785, 'selection 2 time (s)': 0.5582573413848877}
Thread times [0.3475639820098877, 0.35202789306640625, 0.5010790824890137, 0.5232431888580322, 0.5425829887390137, 0.548043966293335, 0.5846560001373291, 0.5944790840148926, 0.5935590267181396, 0.6027512550354004, 0.6160659790039062, 0.6153759956359863, 0.617499828338623, 0.6321690082550049, 0.6375088691711426]
{'args': ((25, 0, slice(0, 960, None), slice(None, None, None)),), 'dataset shape': (40, 11, 1921, 2560), 'dataset chunks': (7, 1, 385, 512), 'indexing time (s)': 1.1920928955078125e-06, 'chunk number': 1650, 'reduction time (s)': 0.6465997695922852, 'chunks processed': 15, 'storage read (B)': 29686785, 'selection 2 time (s)': 0.6608798503875732}
Thread times [0.1305699348449707, 0.15722084045410156, 0.16126298904418945, 0.29975390434265137, 0.3480079174041748, 0.44545888900756836, 0.4647948741912842, 0.49906015396118164, 0.5137059688568115, 0.531649112701416, 0.5445418357849121, 0.5467290878295898, 0.5508952140808105, 0.5822153091430664, 0.589597225189209]
{'args': ((26, 0, slice(0, 960, None), slice(None, None, None)),), 'dataset shape': (40, 11, 1921, 2560), 'dataset chunks': (7, 1, 385, 512), 'indexing time (s)': 1.1920928955078125e-06, 'chunk number': 1650, 'reduction time (s)': 0.5946729183197021, 'chunks processed': 15, 'storage read (B)': 29686785, 'selection 2 time (s)': 0.6081829071044922}
Thread times [0.11429595947265625, 0.16398906707763672, 0.17061686515808105, 0.17167067527770996, 0.1756138801574707, 0.18642401695251465, 0.6144239902496338, 0.6141190528869629, 0.6152169704437256, 0.6151771545410156, 0.6175761222839355, 0.6199867725372314, 0.6240990161895752, 0.6248569488525391, 0.6263971328735352]
{'args': ((27, 0, slice(0, 960, None), slice(None, None, None)),), 'dataset shape': (40, 11, 1921, 2560), 'dataset chunks': (7, 1, 385, 512), 'indexing time (s)': 9.5367431640625e-07, 'chunk number': 1650, 'reduction time (s)': 0.6310939788818359, 'chunks processed': 15, 'storage read (B)': 29686785, 'selection 2 time (s)': 0.6384599208831787}
Thread times [0.1831371784210205, 0.1855459213256836, 0.30246925354003906, 0.3664588928222656, 0.52945876121521, 0.5358030796051025, 0.5432839393615723, 0.5616970062255859, 0.5691537857055664, 0.5712330341339111, 0.581895112991333, 0.5897097587585449, 0.5942819118499756, 0.5973503589630127, 0.604820966720581]
{'args': ((28, 0, slice(0, 960, None), slice(None, None, None)),), 'dataset shape': (40, 11, 1921, 2560), 'dataset chunks': (7, 1, 385, 512), 'indexing time (s)': 1.1920928955078125e-06, 'chunk number': 1650, 'reduction time (s)': 0.6100311279296875, 'chunks processed': 15, 'storage read (B)': 29670387, 'selection 2 time (s)': 0.6231579780578613}
Thread times [0.214813232421875, 0.2130739688873291, 0.48883914947509766, 0.5188589096069336, 0.5806849002838135, 0.6050770282745361, 0.6037559509277344, 0.6063542366027832, 0.6215250492095947, 0.6223280429840088, 0.624748706817627, 0.6400482654571533, 0.6388459205627441, 0.6423571109771729, 0.6535470485687256]
{'args': ((29, 0, slice(0, 960, None), slice(None, None, None)),), 'dataset shape': (40, 11, 1921, 2560), 'dataset chunks': (7, 1, 385, 512), 'indexing time (s)': 9.5367431640625e-07, 'chunk number': 1650, 'reduction time (s)': 0.6582779884338379, 'chunks processed': 15, 'storage read (B)': 29670387, 'selection 2 time (s)': 0.6653549671173096}
Thread times [0.15523195266723633, 0.21533703804016113, 0.21967267990112305, 0.2442309856414795, 0.24436187744140625, 0.24817204475402832, 0.2732727527618408, 0.28010010719299316, 0.3006160259246826, 0.32545995712280273, 0.337554931640625, 0.3385460376739502, 0.3430657386779785, 0.352571964263916, 0.3539750576019287]
{'args': ((30, 0, slice(0, 960, None), slice(None, None, None)),), 'dataset shape': (40, 11, 1921, 2560), 'dataset chunks': (7, 1, 385, 512), 'indexing time (s)': 1.1920928955078125e-06, 'chunk number': 1650, 'reduction time (s)': 0.3596820831298828, 'chunks processed': 15, 'storage read (B)': 29670387, 'selection 2 time (s)': 0.3715531826019287}
Thread times [0.22170615196228027, 0.2745978832244873, 0.28066372871398926, 0.2844271659851074, 0.3134169578552246, 0.3233511447906494, 0.323209285736084, 0.33120298385620117, 0.33878087997436523, 0.3366720676422119, 0.34688401222229004, 0.3571512699127197, 0.3609459400177002, 0.3633909225463867, 0.373964786529541]
{'args': ((31, 0, slice(0, 960, None), slice(None, None, None)),), 'dataset shape': (40, 11, 1921, 2560), 'dataset chunks': (7, 1, 385, 512), 'indexing time (s)': 9.5367431640625e-07, 'chunk number': 1650, 'reduction time (s)': 0.377547025680542, 'chunks processed': 15, 'storage read (B)': 29670387, 'selection 2 time (s)': 0.39305806159973145}
Thread times [0.17412900924682617, 0.18331384658813477, 0.1864032745361328, 0.1940629482269287, 0.48844218254089355, 0.5140502452850342, 0.5380282402038574, 0.5391178131103516, 0.5385477542877197, 0.5576291084289551, 0.5583491325378418, 0.563234806060791, 0.5749597549438477, 0.5794999599456787, 0.5805721282958984]
{'args': ((32, 0, slice(0, 960, None), slice(None, None, None)),), 'dataset shape': (40, 11, 1921, 2560), 'dataset chunks': (7, 1, 385, 512), 'indexing time (s)': 1.1920928955078125e-06, 'chunk number': 1650, 'reduction time (s)': 0.5869519710540771, 'chunks processed': 15, 'storage read (B)': 29670387, 'selection 2 time (s)': 0.6020989418029785}
Thread times [0.37734293937683105, 0.4729959964752197, 0.4973270893096924, 0.508267879486084, 0.5063621997833252, 0.5176458358764648, 0.5270040035247803, 0.5286448001861572, 0.5332539081573486, 0.5431852340698242, 0.543043851852417, 0.5472521781921387, 0.5607848167419434, 0.5629482269287109, 0.5671501159667969]
{'args': ((33, 0, slice(0, 960, None), slice(None, None, None)),), 'dataset shape': (40, 11, 1921, 2560), 'dataset chunks': (7, 1, 385, 512), 'indexing time (s)': 9.5367431640625e-07, 'chunk number': 1650, 'reduction time (s)': 0.5730042457580566, 'chunks processed': 15, 'storage read (B)': 29670387, 'selection 2 time (s)': 0.5814321041107178}
Thread times [0.1617448329925537, 0.19356989860534668, 0.24840879440307617, 0.28881192207336426, 0.44236087799072266, 0.4584071636199951, 0.4578530788421631, 0.4996051788330078, 0.4981403350830078, 0.506450891494751, 0.5205178260803223, 0.5236532688140869, 0.524580717086792, 0.5350568294525146, 0.5363361835479736]
{'args': ((34, 0, slice(0, 960, None), slice(None, None, None)),), 'dataset shape': (40, 11, 1921, 2560), 'dataset chunks': (7, 1, 385, 512), 'indexing time (s)': 9.5367431640625e-07, 'chunk number': 1650, 'reduction time (s)': 0.5414791107177734, 'chunks processed': 15, 'storage read (B)': 29670387, 'selection 2 time (s)': 0.5511429309844971}
Thread times [0.1634960174560547, 0.16369390487670898, 0.17546701431274414, 0.2758147716522217, 0.29148411750793457, 0.29334402084350586, 0.2974979877471924, 0.30390501022338867, 0.30405187606811523, 0.3100550174713135, 0.31882405281066895, 0.3223581314086914, 0.32426881790161133, 0.3308589458465576, 0.33219027519226074]
{'args': ((35, 0, slice(0, 960, None), slice(None, None, None)),), 'dataset shape': (40, 11, 1921, 2560), 'dataset chunks': (7, 1, 385, 512), 'indexing time (s)': 1.1920928955078125e-06, 'chunk number': 1650, 'reduction time (s)': 0.33787012100219727, 'chunks processed': 15, 'storage read (B)': 21287473, 'selection 2 time (s)': 0.3457059860229492}
Thread times [0.10491394996643066, 0.14616823196411133, 0.15780997276306152, 0.28818297386169434, 0.30544114112854004, 0.31563425064086914, 0.32254981994628906, 0.3200850486755371, 0.33335328102111816, 0.33316612243652344, 0.3482339382171631, 0.3534708023071289, 0.3545231819152832, 0.36112475395202637, 0.36358118057250977]
{'args': ((36, 0, slice(0, 960, None), slice(None, None, None)),), 'dataset shape': (40, 11, 1921, 2560), 'dataset chunks': (7, 1, 385, 512), 'indexing time (s)': 9.5367431640625e-07, 'chunk number': 1650, 'reduction time (s)': 0.3706648349761963, 'chunks processed': 15, 'storage read (B)': 21287473, 'selection 2 time (s)': 0.379213809967041}
Thread times [0.09810876846313477, 0.11986112594604492, 0.18532419204711914, 0.20127105712890625, 0.289003849029541, 0.29195475578308105, 0.3038012981414795, 0.30096888542175293, 0.30470871925354004, 0.31592702865600586, 0.3147430419921875, 0.3201100826263428, 0.3290700912475586, 0.33289527893066406, 0.33527612686157227]
{'args': ((37, 0, slice(0, 960, None), slice(None, None, None)),), 'dataset shape': (40, 11, 1921, 2560), 'dataset chunks': (7, 1, 385, 512), 'indexing time (s)': 9.5367431640625e-07, 'chunk number': 1650, 'reduction time (s)': 0.34221577644348145, 'chunks processed': 15, 'storage read (B)': 21287473, 'selection 2 time (s)': 0.3539009094238281}
Thread times [0.13257908821105957, 0.14374089241027832, 0.16060590744018555, 0.25023698806762695, 0.2861518859863281, 0.3047449588775635, 0.30475807189941406, 0.3049607276916504, 0.3145561218261719, 0.3153247833251953, 0.32117199897766113, 0.3431689739227295, 0.34619688987731934, 0.3517758846282959, 0.3531949520111084]
{'args': ((38, 0, slice(0, 960, None), slice(None, None, None)),), 'dataset shape': (40, 11, 1921, 2560), 'dataset chunks': (7, 1, 385, 512), 'indexing time (s)': 9.5367431640625e-07, 'chunk number': 1650, 'reduction time (s)': 0.3582022190093994, 'chunks processed': 15, 'storage read (B)': 21287473, 'selection 2 time (s)': 0.3745150566101074}
Thread times [0.09409093856811523, 0.0922079086303711, 0.17017889022827148, 0.17281818389892578, 0.17335987091064453, 0.1793527603149414, 0.24719595909118652, 0.25034332275390625, 0.32180190086364746, 0.3302428722381592, 0.33195996284484863, 0.3384890556335449, 0.33925294876098633, 0.34270215034484863, 0.3517730236053467]
{'args': ((39, 0, slice(0, 960, None), slice(None, None, None)),), 'dataset shape': (40, 11, 1921, 2560), 'dataset chunks': (7, 1, 385, 512), 'indexing time (s)': 1.1920928955078125e-06, 'chunk number': 1650, 'reduction time (s)': 0.35779881477355957, 'chunks processed': 15, 'storage read (B)': 21287473, 'selection 2 time (s)': 0.37015724182128906}
[[226.07820312]
 [226.0646875 ]
 [225.93776042]
 [225.90822917]
 [225.91739583]
 [225.88460937]
 [225.82083333]
 [225.854375  ]
 [225.98346354]
 [226.03822917]
 [226.01317708]
 [226.02333333]
 [226.03765625]
 [226.00486979]
 [225.91776042]
 [225.94033854]
 [225.98729167]
 [225.91453125]
 [225.81239583]
 [225.81888021]
 [225.8453125 ]
 [225.78502604]
 [225.63645833]
 [225.5565625 ]
 [225.45744792]
 [225.32382813]
 [225.16335937]
 [225.07789063]
 [225.07846354]
 [225.10666667]
 [225.17609375]
 [225.36867187]
 [225.57927083]
 [225.69088542]
 [225.7221875 ]
 [225.82369792]
 [225.93640625]
 [225.96760417]
 [225.91872396]
 [225.92236979]]
Summary:  Uni24whidch :Active (T100,BS1): 1.41s,21.34s,28.94s
