Dataset loaded from S3 with s3fs and Pyfive: bnl/ch330a.pc19790301-def.nc (0.053,1.3)
Thread times [1.0206899642944336, 1.40152907371521, 1.4767520427703857, 1.7512731552124023, 2.0074102878570557, 2.022036075592041, 2.1468257904052734, 2.3644659519195557, 2.4579498767852783, 2.6429831981658936, 2.85044002532959, 2.9387571811676025, 2.943626880645752, 2.957664966583252, 3.20419979095459]
{'load nc time': 1.4559237957000732, 'args': ((0, 0, slice(0, 960, None), slice(None, None, None)),), 'dataset shape': (40, 11, 1921, 2560), 'dataset chunks': (7, 1, 385, 512), 'indexing time (s)': 5.488945960998535, 'chunk number': 1650, 'reduction time (s)': 3.2097301483154297, 'chunks processed': 15, 'storage read (B)': 29685482, 'selection 1 time (s)': 8.699018001556396}
Thread times [0.019437074661254883, 0.9340667724609375, 1.3885798454284668, 1.499330997467041, 1.9419851303100586, 2.2626121044158936, 2.4307291507720947, 2.5329458713531494, 2.5522899627685547, 2.552952766418457, 2.5758237838745117, 2.677000045776367, 2.7008578777313232, 2.9777040481567383, 3.0553300380706787]
{'args': ((1, 0, slice(0, 960, None), slice(None, None, None)),), 'dataset shape': (40, 11, 1921, 2560), 'dataset chunks': (7, 1, 385, 512), 'indexing time (s)': 9.5367431640625e-07, 'chunk number': 1650, 'reduction time (s)': 3.0604422092437744, 'chunks processed': 15, 'storage read (B)': 29685482, 'selection 1 time (s)': 3.0605530738830566}
Thread times [0.018558979034423828, 1.0971388816833496, 1.1721088886260986, 1.2441208362579346, 1.459949254989624, 1.8849480152130127, 2.0858070850372314, 2.17117977142334, 2.207350015640259, 2.2386629581451416, 2.5237278938293457, 2.669433832168579, 2.6733360290527344, 2.799330711364746, 2.904147148132324]
{'args': ((2, 0, slice(0, 960, None), slice(None, None, None)),), 'dataset shape': (40, 11, 1921, 2560), 'dataset chunks': (7, 1, 385, 512), 'indexing time (s)': 1.1920928955078125e-06, 'chunk number': 1650, 'reduction time (s)': 2.9113879203796387, 'chunks processed': 15, 'storage read (B)': 29685482, 'selection 1 time (s)': 2.9115171432495117}
Thread times [0.0187990665435791, 1.2509808540344238, 1.383676290512085, 1.5688199996948242, 1.666126012802124, 1.759199857711792, 1.890989065170288, 2.3544199466705322, 2.5618770122528076, 2.5628652572631836, 2.6262030601501465, 2.7638893127441406, 3.0745041370391846, 3.0799291133880615, 3.143282890319824]
{'args': ((3, 0, slice(0, 960, None), slice(None, None, None)),), 'dataset shape': (40, 11, 1921, 2560), 'dataset chunks': (7, 1, 385, 512), 'indexing time (s)': 1.9073486328125e-06, 'chunk number': 1650, 'reduction time (s)': 3.1472179889678955, 'chunks processed': 15, 'storage read (B)': 29685482, 'selection 1 time (s)': 3.147374153137207}
Thread times [0.020106792449951172, 1.1081862449645996, 1.5410361289978027, 1.540998935699463, 1.610813856124878, 1.6276609897613525, 1.9325928688049316, 2.232895851135254, 2.4182121753692627, 2.5157010555267334, 2.865351915359497, 2.8767330646514893, 2.8739631175994873, 2.950223922729492, 3.037770986557007]
{'args': ((4, 0, slice(0, 960, None), slice(None, None, None)),), 'dataset shape': (40, 11, 1921, 2560), 'dataset chunks': (7, 1, 385, 512), 'indexing time (s)': 0.0, 'chunk number': 1650, 'reduction time (s)': 3.043544054031372, 'chunks processed': 15, 'storage read (B)': 29685482, 'selection 1 time (s)': 3.043658971786499}
Thread times [0.019025802612304688, 1.1795110702514648, 1.5611960887908936, 1.5628581047058105, 1.6642711162567139, 1.7440707683563232, 1.803999900817871, 2.342833995819092, 2.4278440475463867, 2.7938690185546875, 2.8558332920074463, 2.869361162185669, 3.004314661026001, 3.060048818588257, 3.144300937652588]
{'args': ((5, 0, slice(0, 960, None), slice(None, None, None)),), 'dataset shape': (40, 11, 1921, 2560), 'dataset chunks': (7, 1, 385, 512), 'indexing time (s)': 9.5367431640625e-07, 'chunk number': 1650, 'reduction time (s)': 3.148822784423828, 'chunks processed': 15, 'storage read (B)': 29685482, 'selection 1 time (s)': 3.148930788040161}
Thread times [0.019545793533325195, 1.135641098022461, 1.297720193862915, 1.6315531730651855, 1.8240950107574463, 2.0285091400146484, 2.2122371196746826, 2.546988010406494, 2.596191644668579, 2.601107358932495, 2.7502970695495605, 2.7981200218200684, 2.860987901687622, 2.9401872158050537, 3.1338038444519043]
{'args': ((6, 0, slice(0, 960, None), slice(None, None, None)),), 'dataset shape': (40, 11, 1921, 2560), 'dataset chunks': (7, 1, 385, 512), 'indexing time (s)': 9.5367431640625e-07, 'chunk number': 1650, 'reduction time (s)': 3.138633966445923, 'chunks processed': 15, 'storage read (B)': 29685482, 'selection 1 time (s)': 3.1387438774108887}
Thread times [0.8159880638122559, 1.1663451194763184, 1.7828149795532227, 1.8890900611877441, 1.8923509120941162, 2.107783079147339, 2.256063938140869, 2.5525600910186768, 2.654953956604004, 2.695202112197876, 2.9605629444122314, 3.0927138328552246, 3.225557804107666, 3.2528979778289795, 3.387410879135132]
{'args': ((7, 0, slice(0, 960, None), slice(None, None, None)),), 'dataset shape': (40, 11, 1921, 2560), 'dataset chunks': (7, 1, 385, 512), 'indexing time (s)': 0.0, 'chunk number': 1650, 'reduction time (s)': 3.3930470943450928, 'chunks processed': 15, 'storage read (B)': 29701892, 'selection 1 time (s)': 3.393164873123169}
Thread times [0.01988506317138672, 0.4920370578765869, 0.610893726348877, 1.9844920635223389, 2.0058038234710693, 2.180907964706421, 2.5070149898529053, 2.550826072692871, 2.5902249813079834, 2.7636568546295166, 2.864495038986206, 2.8786959648132324, 2.9335412979125977, 3.0016000270843506, 3.1695449352264404]
{'args': ((8, 0, slice(0, 960, None), slice(None, None, None)),), 'dataset shape': (40, 11, 1921, 2560), 'dataset chunks': (7, 1, 385, 512), 'indexing time (s)': 9.5367431640625e-07, 'chunk number': 1650, 'reduction time (s)': 3.1773040294647217, 'chunks processed': 15, 'storage read (B)': 29701892, 'selection 1 time (s)': 3.177410840988159}
Thread times [0.01980900764465332, 1.2402491569519043, 1.7723970413208008, 1.7726471424102783, 2.2248871326446533, 2.2690160274505615, 2.3650898933410645, 2.4552760124206543, 2.5614027976989746, 2.5893819332122803, 2.608229160308838, 2.871835231781006, 3.119466781616211, 3.2087366580963135, 3.4033632278442383]
{'args': ((9, 0, slice(0, 960, None), slice(None, None, None)),), 'dataset shape': (40, 11, 1921, 2560), 'dataset chunks': (7, 1, 385, 512), 'indexing time (s)': 9.5367431640625e-07, 'chunk number': 1650, 'reduction time (s)': 3.408853054046631, 'chunks processed': 15, 'storage read (B)': 29701892, 'selection 1 time (s)': 3.4089601039886475}
Thread times [0.019392013549804688, 1.4834630489349365, 1.4992408752441406, 1.7139911651611328, 2.4560320377349854, 2.660505771636963, 2.777449131011963, 2.9793508052825928, 3.1617190837860107, 3.3381690979003906, 3.4144461154937744, 3.5958993434906006, 3.612734079360962, 3.679896116256714, 3.752730131149292]
{'args': ((10, 0, slice(0, 960, None), slice(None, None, None)),), 'dataset shape': (40, 11, 1921, 2560), 'dataset chunks': (7, 1, 385, 512), 'indexing time (s)': 2.1457672119140625e-06, 'chunk number': 1650, 'reduction time (s)': 3.7589499950408936, 'chunks processed': 15, 'storage read (B)': 29701892, 'selection 1 time (s)': 3.7590529918670654}
Thread times [0.01897597312927246, 1.3680140972137451, 1.3891446590423584, 1.5345468521118164, 1.6514198780059814, 1.8394970893859863, 2.00770902633667, 2.086411952972412, 2.331400156021118, 2.5892276763916016, 2.721583127975464, 2.766839027404785, 2.8560259342193604, 2.898026943206787, 2.952888011932373]
{'args': ((11, 0, slice(0, 960, None), slice(None, None, None)),), 'dataset shape': (40, 11, 1921, 2560), 'dataset chunks': (7, 1, 385, 512), 'indexing time (s)': 9.5367431640625e-07, 'chunk number': 1650, 'reduction time (s)': 2.958237886428833, 'chunks processed': 15, 'storage read (B)': 29701892, 'selection 1 time (s)': 2.958343982696533}
Thread times [0.019364118576049805, 0.5778758525848389, 1.3969080448150635, 1.4439239501953125, 1.566066026687622, 2.245176076889038, 2.3734230995178223, 2.5920960903167725, 3.0186891555786133, 3.030986785888672, 3.108790874481201, 3.148832082748413, 3.209024667739868, 3.2833311557769775, 3.3045778274536133]
{'args': ((12, 0, slice(0, 960, None), slice(None, None, None)),), 'dataset shape': (40, 11, 1921, 2560), 'dataset chunks': (7, 1, 385, 512), 'indexing time (s)': 9.5367431640625e-07, 'chunk number': 1650, 'reduction time (s)': 3.3106250762939453, 'chunks processed': 15, 'storage read (B)': 29701892, 'selection 1 time (s)': 3.3107290267944336}
Thread times [0.019945144653320312, 1.5762577056884766, 1.7565670013427734, 1.7960319519042969, 2.0497097969055176, 2.0559191703796387, 2.2246110439300537, 2.3457770347595215, 2.511307954788208, 2.5337798595428467, 2.535153865814209, 2.8089489936828613, 2.8171660900115967, 3.15960693359375, 3.2622900009155273]
{'args': ((13, 0, slice(0, 960, None), slice(None, None, None)),), 'dataset shape': (40, 11, 1921, 2560), 'dataset chunks': (7, 1, 385, 512), 'indexing time (s)': 9.5367431640625e-07, 'chunk number': 1650, 'reduction time (s)': 3.267545223236084, 'chunks processed': 15, 'storage read (B)': 29701892, 'selection 1 time (s)': 3.2676520347595215}
Thread times [1.2687551975250244, 1.2752618789672852, 1.3076918125152588, 1.4063029289245605, 1.9977390766143799, 2.4735960960388184, 2.651514768600464, 2.6788318157196045, 2.682943105697632, 2.7132761478424072, 3.0378670692443848, 3.193866014480591, 3.3168911933898926, 3.318763017654419, 3.348883867263794]
{'args': ((14, 0, slice(0, 960, None), slice(None, None, None)),), 'dataset shape': (40, 11, 1921, 2560), 'dataset chunks': (7, 1, 385, 512), 'indexing time (s)': 9.5367431640625e-07, 'chunk number': 1650, 'reduction time (s)': 3.3542420864105225, 'chunks processed': 15, 'storage read (B)': 29733505, 'selection 1 time (s)': 3.354353189468384}
Thread times [0.019594907760620117, 1.434819221496582, 1.8592960834503174, 1.8643779754638672, 1.8774898052215576, 2.0202579498291016, 2.351702928543091, 2.575269937515259, 2.7558460235595703, 2.871701955795288, 2.8758599758148193, 3.098510980606079, 3.4529290199279785, 3.647280216217041, 3.692131757736206]
{'args': ((15, 0, slice(0, 960, None), slice(None, None, None)),), 'dataset shape': (40, 11, 1921, 2560), 'dataset chunks': (7, 1, 385, 512), 'indexing time (s)': 1.1920928955078125e-06, 'chunk number': 1650, 'reduction time (s)': 3.6971309185028076, 'chunks processed': 15, 'storage read (B)': 29733505, 'selection 1 time (s)': 3.697237968444824}
Thread times [0.01915287971496582, 0.7835280895233154, 0.9098548889160156, 1.6407830715179443, 1.9258630275726318, 2.4797580242156982, 2.5854709148406982, 2.586258888244629, 2.679605007171631, 2.697312831878662, 2.7132129669189453, 2.819854974746704, 2.936779022216797, 3.1227259635925293, 3.1691291332244873]
{'args': ((16, 0, slice(0, 960, None), slice(None, None, None)),), 'dataset shape': (40, 11, 1921, 2560), 'dataset chunks': (7, 1, 385, 512), 'indexing time (s)': 9.5367431640625e-07, 'chunk number': 1650, 'reduction time (s)': 3.174849033355713, 'chunks processed': 15, 'storage read (B)': 29733505, 'selection 1 time (s)': 3.1749579906463623}
Thread times [0.018156051635742188, 0.9277529716491699, 1.4273958206176758, 1.764955759048462, 1.7906699180603027, 2.2045838832855225, 2.225870132446289, 2.2912070751190186, 2.3549880981445312, 2.4664318561553955, 2.5765340328216553, 2.698746681213379, 2.80892014503479, 2.969857931137085, 3.1141960620880127]
{'args': ((17, 0, slice(0, 960, None), slice(None, None, None)),), 'dataset shape': (40, 11, 1921, 2560), 'dataset chunks': (7, 1, 385, 512), 'indexing time (s)': 9.5367431640625e-07, 'chunk number': 1650, 'reduction time (s)': 3.1209030151367188, 'chunks processed': 15, 'storage read (B)': 29733505, 'selection 1 time (s)': 3.121011972427368}
Thread times [0.02015209197998047, 1.3373188972473145, 1.3393490314483643, 1.747920036315918, 1.952246904373169, 2.3904001712799072, 2.530550956726074, 2.604724884033203, 2.7282590866088867, 2.808635950088501, 3.043484926223755, 3.0554311275482178, 3.246107339859009, 3.286111354827881, 3.3544976711273193]
{'args': ((18, 0, slice(0, 960, None), slice(None, None, None)),), 'dataset shape': (40, 11, 1921, 2560), 'dataset chunks': (7, 1, 385, 512), 'indexing time (s)': 9.5367431640625e-07, 'chunk number': 1650, 'reduction time (s)': 3.3583340644836426, 'chunks processed': 15, 'storage read (B)': 29733505, 'selection 1 time (s)': 3.3584489822387695}
Thread times [0.01939988136291504, 1.385741949081421, 1.6476659774780273, 1.7002339363098145, 1.904353141784668, 1.9899330139160156, 2.2214901447296143, 2.2704381942749023, 2.7420530319213867, 3.028080701828003, 3.0495548248291016, 3.2008509635925293, 3.251289129257202, 3.251373052597046, 3.2869551181793213]
{'args': ((19, 0, slice(0, 960, None), slice(None, None, None)),), 'dataset shape': (40, 11, 1921, 2560), 'dataset chunks': (7, 1, 385, 512), 'indexing time (s)': 7.152557373046875e-07, 'chunk number': 1650, 'reduction time (s)': 3.291949987411499, 'chunks processed': 15, 'storage read (B)': 29733505, 'selection 1 time (s)': 3.2920620441436768}
Thread times [0.019066810607910156, 0.9492683410644531, 1.4091298580169678, 1.4862756729125977, 1.576897144317627, 1.6040210723876953, 1.7261459827423096, 1.8946890830993652, 2.1460490226745605, 2.149225950241089, 2.221000909805298, 2.341047763824463, 2.4511220455169678, 2.5638980865478516, 2.94844388961792]
{'args': ((20, 0, slice(0, 960, None), slice(None, None, None)),), 'dataset shape': (40, 11, 1921, 2560), 'dataset chunks': (7, 1, 385, 512), 'indexing time (s)': 9.5367431640625e-07, 'chunk number': 1650, 'reduction time (s)': 2.953176259994507, 'chunks processed': 15, 'storage read (B)': 29733505, 'selection 1 time (s)': 2.9532878398895264}
Thread times [0.6463291645050049, 1.2486600875854492, 1.5970122814178467, 1.697432041168213, 1.7328870296478271, 1.864185094833374, 1.9474129676818848, 1.9812440872192383, 2.097608804702759, 2.2803969383239746, 2.842820882797241, 2.8484652042388916, 2.8617401123046875, 3.013026714324951, 3.043030023574829]
{'args': ((21, 0, slice(0, 960, None), slice(None, None, None)),), 'dataset shape': (40, 11, 1921, 2560), 'dataset chunks': (7, 1, 385, 512), 'indexing time (s)': 9.5367431640625e-07, 'chunk number': 1650, 'reduction time (s)': 3.046365737915039, 'chunks processed': 15, 'storage read (B)': 29686785, 'selection 1 time (s)': 3.0464813709259033}
Thread times [0.020151853561401367, 1.233016014099121, 1.2496240139007568, 1.4543280601501465, 1.5944130420684814, 1.896367073059082, 2.2657830715179443, 2.429466962814331, 2.4345648288726807, 2.551762104034424, 2.842231035232544, 2.880671262741089, 2.9179840087890625, 3.248041868209839, 3.2506649494171143]
{'args': ((22, 0, slice(0, 960, None), slice(None, None, None)),), 'dataset shape': (40, 11, 1921, 2560), 'dataset chunks': (7, 1, 385, 512), 'indexing time (s)': 9.5367431640625e-07, 'chunk number': 1650, 'reduction time (s)': 3.255551815032959, 'chunks processed': 15, 'storage read (B)': 29686785, 'selection 1 time (s)': 3.255664110183716}
Thread times [0.019524097442626953, 1.223766803741455, 1.4126620292663574, 2.1197640895843506, 2.1553547382354736, 2.2852261066436768, 2.562053918838501, 3.09158992767334, 3.358553886413574, 3.36712384223938, 3.452471971511841, 3.4768271446228027, 3.601512908935547, 3.802915096282959, 3.837773084640503]
{'args': ((23, 0, slice(0, 960, None), slice(None, None, None)),), 'dataset shape': (40, 11, 1921, 2560), 'dataset chunks': (7, 1, 385, 512), 'indexing time (s)': 0.0, 'chunk number': 1650, 'reduction time (s)': 3.843579053878784, 'chunks processed': 15, 'storage read (B)': 29686785, 'selection 1 time (s)': 3.843693971633911}
Thread times [0.019213199615478516, 1.0513336658477783, 1.54156494140625, 1.7134380340576172, 1.923363208770752, 2.4175679683685303, 2.474484920501709, 2.5265491008758545, 2.5991432666778564, 2.6859638690948486, 2.8097660541534424, 2.838073253631592, 3.1573078632354736, 3.253704786300659, 3.3873000144958496]
{'args': ((24, 0, slice(0, 960, None), slice(None, None, None)),), 'dataset shape': (40, 11, 1921, 2560), 'dataset chunks': (7, 1, 385, 512), 'indexing time (s)': 9.5367431640625e-07, 'chunk number': 1650, 'reduction time (s)': 3.392551898956299, 'chunks processed': 15, 'storage read (B)': 29686785, 'selection 1 time (s)': 3.3926711082458496}
Thread times [0.020240068435668945, 1.0620710849761963, 1.2507281303405762, 1.2922348976135254, 2.0950050354003906, 2.214481830596924, 2.327623128890991, 2.4512367248535156, 2.507658004760742, 2.650209903717041, 3.034008026123047, 3.148961067199707, 3.158050060272217, 3.200963020324707, 3.274156093597412]
{'args': ((25, 0, slice(0, 960, None), slice(None, None, None)),), 'dataset shape': (40, 11, 1921, 2560), 'dataset chunks': (7, 1, 385, 512), 'indexing time (s)': 2.1457672119140625e-06, 'chunk number': 1650, 'reduction time (s)': 3.2792866230010986, 'chunks processed': 15, 'storage read (B)': 29686785, 'selection 1 time (s)': 3.279413938522339}
Thread times [1.3513281345367432, 1.417396068572998, 1.8941271305084229, 2.0517501831054688, 2.215527057647705, 2.4366891384124756, 2.570201873779297, 2.8111789226531982, 2.8330161571502686, 2.8708667755126953, 2.8760361671447754, 3.014163017272949, 3.384204864501953, 3.425158739089966, 3.493936061859131]
{'args': ((26, 0, slice(0, 960, None), slice(None, None, None)),), 'dataset shape': (40, 11, 1921, 2560), 'dataset chunks': (7, 1, 385, 512), 'indexing time (s)': 9.5367431640625e-07, 'chunk number': 1650, 'reduction time (s)': 3.4992730617523193, 'chunks processed': 15, 'storage read (B)': 29686785, 'selection 1 time (s)': 3.4993858337402344}
Thread times [0.01999211311340332, 0.6327910423278809, 1.160449743270874, 1.1902110576629639, 1.6078860759735107, 1.9381718635559082, 1.9258921146392822, 2.17297101020813, 2.2403981685638428, 2.323927164077759, 2.4119410514831543, 2.4496641159057617, 2.475259780883789, 2.553976058959961, 2.769447088241577]
{'args': ((27, 0, slice(0, 960, None), slice(None, None, None)),), 'dataset shape': (40, 11, 1921, 2560), 'dataset chunks': (7, 1, 385, 512), 'indexing time (s)': 0.0, 'chunk number': 1650, 'reduction time (s)': 2.786583185195923, 'chunks processed': 15, 'storage read (B)': 29686785, 'selection 1 time (s)': 2.7866978645324707}
Thread times [1.4927587509155273, 1.5032298564910889, 1.5995500087738037, 1.6493148803710938, 2.042288303375244, 2.229278087615967, 2.317309856414795, 2.371962070465088, 2.631373882293701, 3.113407850265503, 3.2503340244293213, 3.2498433589935303, 3.30639910697937, 3.3470380306243896, 3.5178239345550537]
{'args': ((28, 0, slice(0, 960, None), slice(None, None, None)),), 'dataset shape': (40, 11, 1921, 2560), 'dataset chunks': (7, 1, 385, 512), 'indexing time (s)': 7.152557373046875e-07, 'chunk number': 1650, 'reduction time (s)': 3.523548126220703, 'chunks processed': 15, 'storage read (B)': 29670387, 'selection 1 time (s)': 3.5236659049987793}
Thread times [0.019518136978149414, 0.810981035232544, 1.3644070625305176, 1.56160306930542, 2.2329328060150146, 2.2963500022888184, 2.3834948539733887, 2.6034581661224365, 2.674229145050049, 2.836862087249756, 2.9038710594177246, 2.9115560054779053, 2.992600917816162, 3.151276111602783, 3.3141770362854004]
{'args': ((29, 0, slice(0, 960, None), slice(None, None, None)),), 'dataset shape': (40, 11, 1921, 2560), 'dataset chunks': (7, 1, 385, 512), 'indexing time (s)': 9.5367431640625e-07, 'chunk number': 1650, 'reduction time (s)': 3.3196349143981934, 'chunks processed': 15, 'storage read (B)': 29670387, 'selection 1 time (s)': 3.319765090942383}
Thread times [0.019314289093017578, 1.0756487846374512, 1.433053970336914, 1.5728909969329834, 1.9317429065704346, 1.9954020977020264, 2.0247621536254883, 2.1786630153656006, 2.542863130569458, 2.5975329875946045, 2.8374857902526855, 2.953571081161499, 3.009485960006714, 3.106638193130493, 3.119318962097168]
{'args': ((30, 0, slice(0, 960, None), slice(None, None, None)),), 'dataset shape': (40, 11, 1921, 2560), 'dataset chunks': (7, 1, 385, 512), 'indexing time (s)': 9.5367431640625e-07, 'chunk number': 1650, 'reduction time (s)': 3.124058961868286, 'chunks processed': 15, 'storage read (B)': 29670387, 'selection 1 time (s)': 3.1241769790649414}
Thread times [0.019526004791259766, 1.0761730670928955, 1.7241642475128174, 1.8773112297058105, 2.0655479431152344, 2.3545169830322266, 2.355595111846924, 2.45949125289917, 2.7048611640930176, 2.742286205291748, 2.8000199794769287, 2.890819787979126, 3.188159942626953, 3.265915870666504, 3.40120005607605]
{'args': ((31, 0, slice(0, 960, None), slice(None, None, None)),), 'dataset shape': (40, 11, 1921, 2560), 'dataset chunks': (7, 1, 385, 512), 'indexing time (s)': 9.5367431640625e-07, 'chunk number': 1650, 'reduction time (s)': 3.404905080795288, 'chunks processed': 15, 'storage read (B)': 29670387, 'selection 1 time (s)': 3.4050140380859375}
Thread times [0.018870830535888672, 0.9133362770080566, 1.3972270488739014, 1.8531639575958252, 1.898108959197998, 2.2842330932617188, 2.435885190963745, 2.567168951034546, 2.7154488563537598, 2.8394577503204346, 2.876408100128174, 2.878046989440918, 3.07397198677063, 3.2144949436187744, 3.2789063453674316]
{'args': ((32, 0, slice(0, 960, None), slice(None, None, None)),), 'dataset shape': (40, 11, 1921, 2560), 'dataset chunks': (7, 1, 385, 512), 'indexing time (s)': 0.0, 'chunk number': 1650, 'reduction time (s)': 3.2855801582336426, 'chunks processed': 15, 'storage read (B)': 29670387, 'selection 1 time (s)': 3.285696029663086}
Thread times [0.020748138427734375, 1.0638861656188965, 1.0874238014221191, 1.6168100833892822, 1.8815131187438965, 2.347007989883423, 2.4553489685058594, 2.5954060554504395, 2.6716389656066895, 2.689852237701416, 2.8192739486694336, 2.84778094291687, 2.9343819618225098, 3.0080909729003906, 3.261535882949829]
{'args': ((33, 0, slice(0, 960, None), slice(None, None, None)),), 'dataset shape': (40, 11, 1921, 2560), 'dataset chunks': (7, 1, 385, 512), 'indexing time (s)': 1.1920928955078125e-06, 'chunk number': 1650, 'reduction time (s)': 3.266298770904541, 'chunks processed': 15, 'storage read (B)': 29670387, 'selection 1 time (s)': 3.2665228843688965}
Thread times [0.023374080657958984, 0.7257049083709717, 1.2646210193634033, 1.4652957916259766, 1.955155849456787, 2.2250173091888428, 2.331341028213501, 2.354743003845215, 2.726548194885254, 2.8325397968292236, 2.8649990558624268, 2.8960511684417725, 2.9182050228118896, 3.0647449493408203, 3.183279037475586]
{'args': ((34, 0, slice(0, 960, None), slice(None, None, None)),), 'dataset shape': (40, 11, 1921, 2560), 'dataset chunks': (7, 1, 385, 512), 'indexing time (s)': 7.152557373046875e-07, 'chunk number': 1650, 'reduction time (s)': 3.193596124649048, 'chunks processed': 15, 'storage read (B)': 29670387, 'selection 1 time (s)': 3.1937291622161865}
Thread times [0.8862347602844238, 0.9325180053710938, 1.2609331607818604, 1.4852306842803955, 1.660175085067749, 1.9414300918579102, 2.3774781227111816, 2.3986709117889404, 2.4237968921661377, 2.5505778789520264, 2.553149938583374, 2.616787910461426, 2.6997768878936768, 2.706934928894043, 2.778120279312134]
{'args': ((35, 0, slice(0, 960, None), slice(None, None, None)),), 'dataset shape': (40, 11, 1921, 2560), 'dataset chunks': (7, 1, 385, 512), 'indexing time (s)': 9.5367431640625e-07, 'chunk number': 1650, 'reduction time (s)': 2.781704902648926, 'chunks processed': 15, 'storage read (B)': 21287473, 'selection 1 time (s)': 2.7818069458007812}
Thread times [0.01785898208618164, 0.8172199726104736, 1.231147050857544, 1.5527958869934082, 1.6677439212799072, 1.8649353981018066, 1.8826780319213867, 1.973107099533081, 1.9920997619628906, 2.016191005706787, 2.259538173675537, 2.373084783554077, 2.4327168464660645, 2.445281982421875, 2.5627691745758057]
{'args': ((36, 0, slice(0, 960, None), slice(None, None, None)),), 'dataset shape': (40, 11, 1921, 2560), 'dataset chunks': (7, 1, 385, 512), 'indexing time (s)': 0.0, 'chunk number': 1650, 'reduction time (s)': 2.5685877799987793, 'chunks processed': 15, 'storage read (B)': 21287473, 'selection 1 time (s)': 2.568695068359375}
Thread times [0.01675701141357422, 0.875762939453125, 1.0129952430725098, 1.502173900604248, 1.5441100597381592, 1.5591177940368652, 1.6914160251617432, 1.836653232574463, 2.0213658809661865, 2.097238063812256, 2.1005730628967285, 2.2112419605255127, 2.395296812057495, 2.570016860961914, 2.5722460746765137]
{'args': ((37, 0, slice(0, 960, None), slice(None, None, None)),), 'dataset shape': (40, 11, 1921, 2560), 'dataset chunks': (7, 1, 385, 512), 'indexing time (s)': 1.1920928955078125e-06, 'chunk number': 1650, 'reduction time (s)': 2.5792148113250732, 'chunks processed': 15, 'storage read (B)': 21287473, 'selection 1 time (s)': 2.579324960708618}
Thread times [0.0195620059967041, 0.7833588123321533, 0.8565769195556641, 1.521117925643921, 1.5428807735443115, 1.638479232788086, 2.037501811981201, 2.1221089363098145, 2.2439377307891846, 2.3015189170837402, 2.386523723602295, 2.4049720764160156, 2.5411460399627686, 2.5493741035461426, 2.707348108291626]
{'args': ((38, 0, slice(0, 960, None), slice(None, None, None)),), 'dataset shape': (40, 11, 1921, 2560), 'dataset chunks': (7, 1, 385, 512), 'indexing time (s)': 7.152557373046875e-07, 'chunk number': 1650, 'reduction time (s)': 2.712719202041626, 'chunks processed': 15, 'storage read (B)': 21287473, 'selection 1 time (s)': 2.7128357887268066}
Thread times [0.022874116897583008, 0.9399740695953369, 1.4018466472625732, 1.4808430671691895, 1.5309350490570068, 1.6347558498382568, 1.6835901737213135, 2.0026121139526367, 2.0132479667663574, 2.266932964324951, 2.343388319015503, 2.391116142272949, 2.4603800773620605, 2.6269938945770264, 2.673370838165283]
{'args': ((39, 0, slice(0, 960, None), slice(None, None, None)),), 'dataset shape': (40, 11, 1921, 2560), 'dataset chunks': (7, 1, 385, 512), 'indexing time (s)': 9.5367431640625e-07, 'chunk number': 1650, 'reduction time (s)': 2.6813340187072754, 'chunks processed': 15, 'storage read (B)': 21287473, 'selection 1 time (s)': 2.681457996368408}
[[226.07817708]
 [226.06473958]
 [225.93765625]
 [225.90807292]
 [225.91736979]
 [225.88453125]
 [225.82075521]
 [225.85440104]
 [225.98325521]
 [226.03804687]
 [226.013125  ]
 [226.02330729]
 [226.03768229]
 [226.00476563]
 [225.91765625]
 [225.94033854]
 [225.9871875 ]
 [225.91466146]
 [225.81244792]
 [225.81872396]
 [225.84526042]
 [225.78497396]
 [225.63648438]
 [225.55651042]
 [225.45736979]
 [225.32369792]
 [225.16325521]
 [225.07794271]
 [225.0784375 ]
 [225.10661458]
 [225.17609375]
 [225.36877604]
 [225.57911458]
 [225.69080729]
 [225.72231771]
 [225.82369792]
 [225.93658854]
 [225.96763021]
 [225.91861979]
 [225.9225    ]]
Summary:  Uni24whidch :Local (T100,BS1): 1.46s,127.4s,134.4s
