Dataset loaded from S3 with s3fs and Pyfive: bnl/ch330a.pc19790301-def.nc (0.056,3.7)
Thread times [0.13894391059875488, 0.1869199275970459, 0.1939690113067627, 0.19997096061706543, 0.22115802764892578, 0.28654003143310547, 0.3206913471221924, 0.3598010540008545, 0.37766599655151367, 0.382997989654541, 0.3893430233001709, 0.3953359127044678, 0.4042317867279053, 0.4024629592895508, 0.41145896911621094]
{'load nc time': 4.3538548946380615, 'args': ((0, 0, slice(0, 960, None), slice(None, None, None)),), 'dataset shape': (40, 11, 1921, 2560), 'dataset chunks': (7, 1, 385, 512), 'indexing time (s)': 19.64186406135559, 'chunk number': 1650, 'reduction time (s)': 0.4202761650085449, 'chunks processed': 15, 'storage read (B)': 29685482, 'selection 2 time (s)': 20.076331615447998}
Thread times [0.18228578567504883, 0.29993391036987305, 0.3061339855194092, 0.31038999557495117, 0.3711249828338623, 0.3837859630584717, 0.4643261432647705, 0.4655578136444092, 0.477708101272583, 0.4829730987548828, 0.48909711837768555, 0.4947478771209717, 0.5001249313354492, 0.5029311180114746, 0.5276961326599121]
{'args': ((1, 0, slice(0, 960, None), slice(None, None, None)),), 'dataset shape': (40, 11, 1921, 2560), 'dataset chunks': (7, 1, 385, 512), 'indexing time (s)': 9.5367431640625e-07, 'chunk number': 1650, 'reduction time (s)': 0.5314979553222656, 'chunks processed': 15, 'storage read (B)': 29685482, 'selection 2 time (s)': 0.5399510860443115}
Thread times [0.447145938873291, 0.44783592224121094, 0.5185110569000244, 0.528954029083252, 0.5653188228607178, 0.5656979084014893, 0.5799012184143066, 0.5888068675994873, 0.5943799018859863, 0.5956249237060547, 0.6079602241516113, 0.6130530834197998, 0.6157569885253906, 0.6451027393341064, 0.6597747802734375]
{'args': ((2, 0, slice(0, 960, None), slice(None, None, None)),), 'dataset shape': (40, 11, 1921, 2560), 'dataset chunks': (7, 1, 385, 512), 'indexing time (s)': 9.5367431640625e-07, 'chunk number': 1650, 'reduction time (s)': 0.6643772125244141, 'chunks processed': 15, 'storage read (B)': 29685482, 'selection 2 time (s)': 0.6784911155700684}
Thread times [0.2417008876800537, 0.24430370330810547, 0.24483394622802734, 0.25859999656677246, 0.26311302185058594, 0.2611713409423828, 0.27468013763427734, 0.2745380401611328, 0.2804548740386963, 0.3762362003326416, 0.41379690170288086, 0.42150211334228516, 0.42847490310668945, 0.46196508407592773, 0.4947810173034668]
{'args': ((3, 0, slice(0, 960, None), slice(None, None, None)),), 'dataset shape': (40, 11, 1921, 2560), 'dataset chunks': (7, 1, 385, 512), 'indexing time (s)': 0.0, 'chunk number': 1650, 'reduction time (s)': 0.4994020462036133, 'chunks processed': 15, 'storage read (B)': 29685482, 'selection 2 time (s)': 0.5137941837310791}
Thread times [0.1869041919708252, 0.18729209899902344, 0.1945052146911621, 0.199721097946167, 0.2071239948272705, 0.2035839557647705, 0.2184889316558838, 0.2661550045013428, 0.4266927242279053, 0.442410945892334, 0.44468092918395996, 0.4494171142578125, 0.4818580150604248, 0.5347168445587158, 0.542961835861206]
{'args': ((4, 0, slice(0, 960, None), slice(None, None, None)),), 'dataset shape': (40, 11, 1921, 2560), 'dataset chunks': (7, 1, 385, 512), 'indexing time (s)': 1.1920928955078125e-06, 'chunk number': 1650, 'reduction time (s)': 0.5482261180877686, 'chunks processed': 15, 'storage read (B)': 29685482, 'selection 2 time (s)': 0.5627360343933105}
Thread times [0.33712100982666016, 0.36652302742004395, 0.444364070892334, 0.5354888439178467, 0.5870749950408936, 0.5892369747161865, 0.5889689922332764, 0.6056849956512451, 0.6066019535064697, 0.6046948432922363, 0.6219508647918701, 0.6249291896820068, 0.629619836807251, 0.637833833694458, 0.6409831047058105]
{'args': ((5, 0, slice(0, 960, None), slice(None, None, None)),), 'dataset shape': (40, 11, 1921, 2560), 'dataset chunks': (7, 1, 385, 512), 'indexing time (s)': 9.5367431640625e-07, 'chunk number': 1650, 'reduction time (s)': 0.6457610130310059, 'chunks processed': 15, 'storage read (B)': 29685482, 'selection 2 time (s)': 0.6593968868255615}
Thread times [0.15209007263183594, 0.1617751121520996, 0.19837713241577148, 0.1983642578125, 0.20935916900634766, 0.21770620346069336, 0.4891979694366455, 0.4863440990447998, 0.5082848072052002, 0.5075500011444092, 0.5094149112701416, 0.5232288837432861, 0.5281388759613037, 0.5480237007141113, 0.5605061054229736]
{'args': ((6, 0, slice(0, 960, None), slice(None, None, None)),), 'dataset shape': (40, 11, 1921, 2560), 'dataset chunks': (7, 1, 385, 512), 'indexing time (s)': 1.1920928955078125e-06, 'chunk number': 1650, 'reduction time (s)': 0.5652868747711182, 'chunks processed': 15, 'storage read (B)': 29685482, 'selection 2 time (s)': 0.5790901184082031}
Thread times [0.28311705589294434, 0.43088269233703613, 0.5019121170043945, 0.5314598083496094, 0.5380759239196777, 0.5395839214324951, 0.544713020324707, 0.5528452396392822, 0.5573220252990723, 0.5667107105255127, 0.5698738098144531, 0.5769970417022705, 0.584367036819458, 0.5852861404418945, 0.5932328701019287]
{'args': ((7, 0, slice(0, 960, None), slice(None, None, None)),), 'dataset shape': (40, 11, 1921, 2560), 'dataset chunks': (7, 1, 385, 512), 'indexing time (s)': 7.152557373046875e-07, 'chunk number': 1650, 'reduction time (s)': 0.5968639850616455, 'chunks processed': 15, 'storage read (B)': 29701892, 'selection 2 time (s)': 0.6087050437927246}
Thread times [0.13959288597106934, 0.23159193992614746, 0.2705709934234619, 0.2757399082183838, 0.2773001194000244, 0.28540611267089844, 0.2915918827056885, 0.2911391258239746, 0.3027050495147705, 0.3402707576751709, 0.36132383346557617, 0.36605000495910645, 0.3688230514526367, 0.37650513648986816, 0.3914182186126709]
{'args': ((8, 0, slice(0, 960, None), slice(None, None, None)),), 'dataset shape': (40, 11, 1921, 2560), 'dataset chunks': (7, 1, 385, 512), 'indexing time (s)': 9.5367431640625e-07, 'chunk number': 1650, 'reduction time (s)': 0.3964121341705322, 'chunks processed': 15, 'storage read (B)': 29701892, 'selection 2 time (s)': 0.4061417579650879}
Thread times [0.2706170082092285, 0.3873889446258545, 0.5063071250915527, 0.5306768417358398, 0.5251049995422363, 0.5378999710083008, 0.5530118942260742, 0.5601921081542969, 0.5649199485778809, 0.5645458698272705, 0.582435131072998, 0.5871560573577881, 0.5879631042480469, 0.5995850563049316, 0.6006169319152832]
{'args': ((9, 0, slice(0, 960, None), slice(None, None, None)),), 'dataset shape': (40, 11, 1921, 2560), 'dataset chunks': (7, 1, 385, 512), 'indexing time (s)': 1.1920928955078125e-06, 'chunk number': 1650, 'reduction time (s)': 0.6072819232940674, 'chunks processed': 15, 'storage read (B)': 29701892, 'selection 2 time (s)': 0.6172311305999756}
Thread times [0.35578012466430664, 0.3898899555206299, 0.48079991340637207, 0.4793531894683838, 0.48701000213623047, 0.49366307258605957, 0.4966919422149658, 0.5057170391082764, 0.50748610496521, 0.5118720531463623, 0.518510103225708, 0.5277340412139893, 0.530585765838623, 0.5351123809814453, 0.5454730987548828]
{'args': ((10, 0, slice(0, 960, None), slice(None, None, None)),), 'dataset shape': (40, 11, 1921, 2560), 'dataset chunks': (7, 1, 385, 512), 'indexing time (s)': 0.0, 'chunk number': 1650, 'reduction time (s)': 0.5487880706787109, 'chunks processed': 15, 'storage read (B)': 29701892, 'selection 2 time (s)': 0.5557160377502441}
Thread times [0.4916362762451172, 0.5138487815856934, 0.5266480445861816, 0.5361559391021729, 0.550710916519165, 0.558103084564209, 0.559779167175293, 0.5645639896392822, 0.5744099617004395, 0.5773611068725586, 0.5824460983276367, 0.596829891204834, 0.597545862197876, 0.5990030765533447, 0.6592922210693359]
{'args': ((11, 0, slice(0, 960, None), slice(None, None, None)),), 'dataset shape': (40, 11, 1921, 2560), 'dataset chunks': (7, 1, 385, 512), 'indexing time (s)': 9.5367431640625e-07, 'chunk number': 1650, 'reduction time (s)': 0.6619908809661865, 'chunks processed': 15, 'storage read (B)': 29701892, 'selection 2 time (s)': 0.6743021011352539}
Thread times [0.3460381031036377, 0.39214491844177246, 0.5208547115325928, 0.5267400741577148, 0.5277748107910156, 0.5349819660186768, 0.5491011142730713, 0.5441279411315918, 0.5483989715576172, 0.5708341598510742, 0.5821037292480469, 0.5825309753417969, 0.5923969745635986, 0.5959241390228271, 0.598203182220459]
{'args': ((12, 0, slice(0, 960, None), slice(None, None, None)),), 'dataset shape': (40, 11, 1921, 2560), 'dataset chunks': (7, 1, 385, 512), 'indexing time (s)': 1.1920928955078125e-06, 'chunk number': 1650, 'reduction time (s)': 0.6037759780883789, 'chunks processed': 15, 'storage read (B)': 29701892, 'selection 2 time (s)': 0.6139647960662842}
Thread times [0.4284391403198242, 0.4852619171142578, 0.4897909164428711, 0.5201468467712402, 0.5433011054992676, 0.5460991859436035, 0.5447890758514404, 0.5615749359130859, 0.5633039474487305, 0.5614562034606934, 0.5797772407531738, 0.5800769329071045, 0.5826630592346191, 0.5948553085327148, 0.5962071418762207]
{'args': ((13, 0, slice(0, 960, None), slice(None, None, None)),), 'dataset shape': (40, 11, 1921, 2560), 'dataset chunks': (7, 1, 385, 512), 'indexing time (s)': 1.1920928955078125e-06, 'chunk number': 1650, 'reduction time (s)': 0.6001980304718018, 'chunks processed': 15, 'storage read (B)': 29701892, 'selection 2 time (s)': 0.610076904296875}
Thread times [0.3304288387298584, 0.4083731174468994, 0.4727637767791748, 0.4965341091156006, 0.4939689636230469, 0.5001997947692871, 0.5095176696777344, 0.5138318538665771, 0.5145068168640137, 0.52970290184021, 0.5321221351623535, 0.5347588062286377, 0.5496737957000732, 0.551088809967041, 0.552253007888794]
{'args': ((14, 0, slice(0, 960, None), slice(None, None, None)),), 'dataset shape': (40, 11, 1921, 2560), 'dataset chunks': (7, 1, 385, 512), 'indexing time (s)': 9.5367431640625e-07, 'chunk number': 1650, 'reduction time (s)': 0.557049036026001, 'chunks processed': 15, 'storage read (B)': 29733505, 'selection 2 time (s)': 0.5667071342468262}
Thread times [0.154541015625, 0.18215036392211914, 0.21406912803649902, 0.22906804084777832, 0.3788118362426758, 0.3989579677581787, 0.41155314445495605, 0.43176889419555664, 0.44504308700561523, 0.4460790157318115, 0.4650728702545166, 0.4672582149505615, 0.4679679870605469, 0.48071908950805664, 0.4824998378753662]
{'args': ((15, 0, slice(0, 960, None), slice(None, None, None)),), 'dataset shape': (40, 11, 1921, 2560), 'dataset chunks': (7, 1, 385, 512), 'indexing time (s)': 9.5367431640625e-07, 'chunk number': 1650, 'reduction time (s)': 0.48589420318603516, 'chunks processed': 15, 'storage read (B)': 29733505, 'selection 2 time (s)': 0.49359917640686035}
Thread times [0.41426801681518555, 0.49006104469299316, 0.5329380035400391, 0.5342891216278076, 0.5370039939880371, 0.5483279228210449, 0.5487899780273438, 0.5507938861846924, 0.5645568370819092, 0.5676641464233398, 0.5682990550994873, 0.582827091217041, 0.5865809917449951, 0.5901088714599609, 0.6021378040313721]
{'args': ((16, 0, slice(0, 960, None), slice(None, None, None)),), 'dataset shape': (40, 11, 1921, 2560), 'dataset chunks': (7, 1, 385, 512), 'indexing time (s)': 9.5367431640625e-07, 'chunk number': 1650, 'reduction time (s)': 0.6051120758056641, 'chunks processed': 15, 'storage read (B)': 29733505, 'selection 2 time (s)': 0.6168980598449707}
Thread times [0.3971829414367676, 0.5208361148834229, 0.5218310356140137, 0.5277259349822998, 0.5448508262634277, 0.5466060638427734, 0.547997236251831, 0.5595841407775879, 0.5641820430755615, 0.5672130584716797, 0.5859189033508301, 0.5890750885009766, 0.5908091068267822, 0.5972170829772949, 0.6013922691345215]
{'args': ((17, 0, slice(0, 960, None), slice(None, None, None)),), 'dataset shape': (40, 11, 1921, 2560), 'dataset chunks': (7, 1, 385, 512), 'indexing time (s)': 9.5367431640625e-07, 'chunk number': 1650, 'reduction time (s)': 0.6050930023193359, 'chunks processed': 15, 'storage read (B)': 29733505, 'selection 2 time (s)': 0.6162092685699463}
Thread times [0.39463186264038086, 0.4721498489379883, 0.5017220973968506, 0.5020930767059326, 0.5072698593139648, 0.5163538455963135, 0.5181839466094971, 0.5240249633789062, 0.5335149765014648, 0.5344629287719727, 0.5406649112701416, 0.5548937320709229, 0.5573887825012207, 0.559222936630249, 0.568784236907959]
{'args': ((18, 0, slice(0, 960, None), slice(None, None, None)),), 'dataset shape': (40, 11, 1921, 2560), 'dataset chunks': (7, 1, 385, 512), 'indexing time (s)': 0.0, 'chunk number': 1650, 'reduction time (s)': 0.5725367069244385, 'chunks processed': 15, 'storage read (B)': 29733505, 'selection 2 time (s)': 0.5829968452453613}
Thread times [0.14557981491088867, 0.19622087478637695, 0.2331089973449707, 0.23859310150146484, 0.236098051071167, 0.2469620704650879, 0.25495386123657227, 0.25236010551452637, 0.2870180606842041, 0.33414769172668457, 0.34472107887268066, 0.3487110137939453, 0.35051608085632324, 0.3596761226654053, 0.38082194328308105]
{'args': ((19, 0, slice(0, 960, None), slice(None, None, None)),), 'dataset shape': (40, 11, 1921, 2560), 'dataset chunks': (7, 1, 385, 512), 'indexing time (s)': 9.5367431640625e-07, 'chunk number': 1650, 'reduction time (s)': 0.38461804389953613, 'chunks processed': 15, 'storage read (B)': 29733505, 'selection 2 time (s)': 0.39361572265625}
Thread times [0.441939115524292, 0.4650759696960449, 0.47398924827575684, 0.47388792037963867, 0.48659586906433105, 0.49266505241394043, 0.4995269775390625, 0.5031189918518066, 0.5079689025878906, 0.5143980979919434, 0.524320125579834, 0.5271391868591309, 0.5325419902801514, 0.5387856960296631, 0.5456569194793701]
{'args': ((20, 0, slice(0, 960, None), slice(None, None, None)),), 'dataset shape': (40, 11, 1921, 2560), 'dataset chunks': (7, 1, 385, 512), 'indexing time (s)': 9.5367431640625e-07, 'chunk number': 1650, 'reduction time (s)': 0.549278974533081, 'chunks processed': 15, 'storage read (B)': 29733505, 'selection 2 time (s)': 0.5615067481994629}
Thread times [0.49323225021362305, 0.493725061416626, 0.49268198013305664, 0.49353694915771484, 0.5665369033813477, 0.5788559913635254, 0.5827398300170898, 0.5906038284301758, 0.5967299938201904, 0.5998561382293701, 0.6109309196472168, 0.6264810562133789, 0.6284439563751221, 0.6357779502868652, 0.6477270126342773]
{'args': ((21, 0, slice(0, 960, None), slice(None, None, None)),), 'dataset shape': (40, 11, 1921, 2560), 'dataset chunks': (7, 1, 385, 512), 'indexing time (s)': 9.5367431640625e-07, 'chunk number': 1650, 'reduction time (s)': 0.6529626846313477, 'chunks processed': 15, 'storage read (B)': 29686785, 'selection 2 time (s)': 0.6670389175415039}
Thread times [0.1489698886871338, 0.16379094123840332, 0.18031096458435059, 0.1815330982208252, 0.24006009101867676, 0.24437808990478516, 0.24664783477783203, 0.25330162048339844, 0.2610647678375244, 0.4365267753601074, 0.44587206840515137, 0.44517993927001953, 0.4640922546386719, 0.5005748271942139, 1.1220448017120361]
{'args': ((22, 0, slice(0, 960, None), slice(None, None, None)),), 'dataset shape': (40, 11, 1921, 2560), 'dataset chunks': (7, 1, 385, 512), 'indexing time (s)': 9.5367431640625e-07, 'chunk number': 1650, 'reduction time (s)': 1.1231343746185303, 'chunks processed': 15, 'storage read (B)': 29686785, 'selection 2 time (s)': 1.1376619338989258}
Thread times [0.21765708923339844, 0.23511195182800293, 0.25488877296447754, 0.2724878787994385, 0.28020501136779785, 0.28026294708251953, 0.29099202156066895, 0.2967550754547119, 0.41744065284729004, 0.44320178031921387, 0.45249271392822266, 0.49787020683288574, 0.5074002742767334, 0.5081520080566406, 0.5266997814178467]
{'args': ((23, 0, slice(0, 960, None), slice(None, None, None)),), 'dataset shape': (40, 11, 1921, 2560), 'dataset chunks': (7, 1, 385, 512), 'indexing time (s)': 0.0, 'chunk number': 1650, 'reduction time (s)': 0.5541989803314209, 'chunks processed': 15, 'storage read (B)': 29686785, 'selection 2 time (s)': 0.567115068435669}
Thread times [0.36182618141174316, 0.43515491485595703, 0.49996376037597656, 0.5357298851013184, 0.5469748973846436, 0.5791919231414795, 0.5783429145812988, 0.5810990333557129, 0.5932562351226807, 0.5964281558990479, 0.5994088649749756, 0.610842227935791, 0.6169836521148682, 0.6165587902069092, 0.626471757888794]
{'args': ((24, 0, slice(0, 960, None), slice(None, None, None)),), 'dataset shape': (40, 11, 1921, 2560), 'dataset chunks': (7, 1, 385, 512), 'indexing time (s)': 9.5367431640625e-07, 'chunk number': 1650, 'reduction time (s)': 0.6316688060760498, 'chunks processed': 15, 'storage read (B)': 29686785, 'selection 2 time (s)': 0.643989086151123}
Thread times [0.44567203521728516, 0.44609689712524414, 0.5855979919433594, 0.588648796081543, 0.6037487983703613, 0.6198530197143555, 0.6197450160980225, 0.6394932270050049, 0.6439089775085449, 0.6451098918914795, 0.6567058563232422, 0.6595442295074463, 0.6670069694519043, 0.6795079708099365, 0.6873273849487305]
{'args': ((25, 0, slice(0, 960, None), slice(None, None, None)),), 'dataset shape': (40, 11, 1921, 2560), 'dataset chunks': (7, 1, 385, 512), 'indexing time (s)': 9.5367431640625e-07, 'chunk number': 1650, 'reduction time (s)': 0.6922159194946289, 'chunks processed': 15, 'storage read (B)': 29686785, 'selection 2 time (s)': 0.7052128314971924}
Thread times [0.08948707580566406, 0.45231008529663086, 0.4655640125274658, 0.5072290897369385, 0.6335489749908447, 0.653411865234375, 0.6662120819091797, 0.6741030216217041, 0.6744341850280762, 0.6857810020446777, 0.6916022300720215, 0.6910622119903564, 0.7052497863769531, 0.7279777526855469, 0.7356650829315186]
{'args': ((26, 0, slice(0, 960, None), slice(None, None, None)),), 'dataset shape': (40, 11, 1921, 2560), 'dataset chunks': (7, 1, 385, 512), 'indexing time (s)': 7.152557373046875e-07, 'chunk number': 1650, 'reduction time (s)': 0.7410778999328613, 'chunks processed': 15, 'storage read (B)': 29686785, 'selection 2 time (s)': 0.7534630298614502}
Thread times [0.2691621780395508, 0.27977824211120605, 0.5140321254730225, 0.5236721038818359, 0.5235741138458252, 0.5303618907928467, 0.5384500026702881, 0.5375640392303467, 0.5523631572723389, 0.5671200752258301, 0.6011559963226318, 0.6059267520904541, 0.6082041263580322, 0.6175739765167236, 0.6204957962036133]
{'args': ((27, 0, slice(0, 960, None), slice(None, None, None)),), 'dataset shape': (40, 11, 1921, 2560), 'dataset chunks': (7, 1, 385, 512), 'indexing time (s)': 9.5367431640625e-07, 'chunk number': 1650, 'reduction time (s)': 0.6257247924804688, 'chunks processed': 15, 'storage read (B)': 29686785, 'selection 2 time (s)': 0.6373298168182373}
Thread times [0.09764289855957031, 0.39763402938842773, 0.4985792636871338, 0.517808198928833, 0.5189099311828613, 0.5230779647827148, 0.5319368839263916, 0.5372309684753418, 0.5408408641815186, 0.5472149848937988, 0.5523102283477783, 0.5600638389587402, 0.5716938972473145, 0.573218822479248, 0.5770411491394043]
{'args': ((28, 0, slice(0, 960, None), slice(None, None, None)),), 'dataset shape': (40, 11, 1921, 2560), 'dataset chunks': (7, 1, 385, 512), 'indexing time (s)': 9.5367431640625e-07, 'chunk number': 1650, 'reduction time (s)': 0.581456184387207, 'chunks processed': 15, 'storage read (B)': 29670387, 'selection 2 time (s)': 0.5888149738311768}
Thread times [0.3500947952270508, 0.36385607719421387, 0.4499220848083496, 0.466278076171875, 0.4821600914001465, 0.4836761951446533, 0.4916708469390869, 0.49457621574401855, 0.49730515480041504, 0.5093419551849365, 0.5159690380096436, 0.5146939754486084, 0.5268840789794922, 0.5300559997558594, 0.5338101387023926]
{'args': ((29, 0, slice(0, 960, None), slice(None, None, None)),), 'dataset shape': (40, 11, 1921, 2560), 'dataset chunks': (7, 1, 385, 512), 'indexing time (s)': 9.5367431640625e-07, 'chunk number': 1650, 'reduction time (s)': 0.5389859676361084, 'chunks processed': 15, 'storage read (B)': 29670387, 'selection 2 time (s)': 0.5491938591003418}
Thread times [0.26030611991882324, 0.25843095779418945, 0.26581907272338867, 0.27330684661865234, 0.273190975189209, 0.2788681983947754, 0.28749895095825195, 0.3087148666381836, 0.3892078399658203, 0.3924989700317383, 0.3928031921386719, 0.40759873390197754, 0.41018009185791016, 0.41028571128845215, 0.42510104179382324]
{'args': ((30, 0, slice(0, 960, None), slice(None, None, None)),), 'dataset shape': (40, 11, 1921, 2560), 'dataset chunks': (7, 1, 385, 512), 'indexing time (s)': 9.5367431640625e-07, 'chunk number': 1650, 'reduction time (s)': 0.4302022457122803, 'chunks processed': 15, 'storage read (B)': 29670387, 'selection 2 time (s)': 0.44547200202941895}
Thread times [0.12609004974365234, 0.137037992477417, 0.4171791076660156, 0.5313000679016113, 0.5357658863067627, 0.5503437519073486, 0.5547740459442139, 0.5587570667266846, 0.5625479221343994, 0.5687727928161621, 0.5775701999664307, 0.5825278759002686, 0.5870561599731445, 0.5950262546539307, 0.5982861518859863]
{'args': ((31, 0, slice(0, 960, None), slice(None, None, None)),), 'dataset shape': (40, 11, 1921, 2560), 'dataset chunks': (7, 1, 385, 512), 'indexing time (s)': 1.1920928955078125e-06, 'chunk number': 1650, 'reduction time (s)': 0.6040220260620117, 'chunks processed': 15, 'storage read (B)': 29670387, 'selection 2 time (s)': 0.6169209480285645}
Thread times [0.18062877655029297, 0.20476484298706055, 0.2213590145111084, 0.2556290626525879, 0.25343823432922363, 0.25613999366760254, 0.27011680603027344, 0.26889991760253906, 0.37723803520202637, 0.37849903106689453, 0.3854339122772217, 0.39146995544433594, 0.4363229274749756, 0.44812798500061035, 0.4786949157714844]
{'args': ((32, 0, slice(0, 960, None), slice(None, None, None)),), 'dataset shape': (40, 11, 1921, 2560), 'dataset chunks': (7, 1, 385, 512), 'indexing time (s)': 9.5367431640625e-07, 'chunk number': 1650, 'reduction time (s)': 0.483417272567749, 'chunks processed': 15, 'storage read (B)': 29670387, 'selection 2 time (s)': 0.49802303314208984}
Thread times [0.29514503479003906, 0.32656216621398926, 0.34799695014953613, 0.38564491271972656, 0.3861420154571533, 0.388775110244751, 0.40029311180114746, 0.3975999355316162, 0.4025309085845947, 0.4164700508117676, 0.41739606857299805, 0.4193422794342041, 0.4331352710723877, 0.4387791156768799, 0.4404628276824951]
{'args': ((33, 0, slice(0, 960, None), slice(None, None, None)),), 'dataset shape': (40, 11, 1921, 2560), 'dataset chunks': (7, 1, 385, 512), 'indexing time (s)': 9.5367431640625e-07, 'chunk number': 1650, 'reduction time (s)': 0.4444451332092285, 'chunks processed': 15, 'storage read (B)': 29670387, 'selection 2 time (s)': 0.45355701446533203}
Thread times [0.18076610565185547, 0.19130802154541016, 0.2230820655822754, 0.2297210693359375, 0.23786067962646484, 0.24033212661743164, 0.2563769817352295, 0.25734806060791016, 0.2594780921936035, 0.267413854598999, 0.2777061462402344, 0.28247594833374023, 0.31717491149902344, 0.33771300315856934, 0.3458728790283203]
{'args': ((34, 0, slice(0, 960, None), slice(None, None, None)),), 'dataset shape': (40, 11, 1921, 2560), 'dataset chunks': (7, 1, 385, 512), 'indexing time (s)': 9.5367431640625e-07, 'chunk number': 1650, 'reduction time (s)': 0.35060787200927734, 'chunks processed': 15, 'storage read (B)': 29670387, 'selection 2 time (s)': 0.36536192893981934}
Thread times [0.22101783752441406, 0.23039817810058594, 0.2559232711791992, 0.26576995849609375, 0.2690718173980713, 0.2742772102355957, 0.30156803131103516, 0.3009648323059082, 0.3090360164642334, 0.31220507621765137, 0.3154470920562744, 0.3210771083831787, 0.32599592208862305, 0.3299367427825928, 0.3370997905731201]
{'args': ((35, 0, slice(0, 960, None), slice(None, None, None)),), 'dataset shape': (40, 11, 1921, 2560), 'dataset chunks': (7, 1, 385, 512), 'indexing time (s)': 1.1920928955078125e-06, 'chunk number': 1650, 'reduction time (s)': 0.34090590476989746, 'chunks processed': 15, 'storage read (B)': 21287473, 'selection 2 time (s)': 0.3527529239654541}
Thread times [0.1098928451538086, 0.1837010383605957, 0.25993895530700684, 0.28330326080322266, 0.2911410331726074, 0.3223719596862793, 0.3222341537475586, 0.3285691738128662, 0.33822107315063477, 0.34323692321777344, 0.34561586380004883, 0.35301709175109863, 0.3570671081542969, 0.3593602180480957, 0.36611413955688477]
{'args': ((36, 0, slice(0, 960, None), slice(None, None, None)),), 'dataset shape': (40, 11, 1921, 2560), 'dataset chunks': (7, 1, 385, 512), 'indexing time (s)': 9.5367431640625e-07, 'chunk number': 1650, 'reduction time (s)': 0.3709988594055176, 'chunks processed': 15, 'storage read (B)': 21287473, 'selection 2 time (s)': 0.38307785987854004}
Thread times [0.44450998306274414, 0.4470529556274414, 0.4486820697784424, 0.44476890563964844, 0.44913816452026367, 0.45619988441467285, 0.45940184593200684, 0.46491003036499023, 0.46990180015563965, 0.47289204597473145, 0.5810291767120361, 0.6241617202758789, 0.6816470623016357, 0.6840121746063232, 0.6874740123748779]
{'args': ((37, 0, slice(0, 960, None), slice(None, None, None)),), 'dataset shape': (40, 11, 1921, 2560), 'dataset chunks': (7, 1, 385, 512), 'indexing time (s)': 9.5367431640625e-07, 'chunk number': 1650, 'reduction time (s)': 0.6910829544067383, 'chunks processed': 15, 'storage read (B)': 21287473, 'selection 2 time (s)': 0.7015211582183838}
Thread times [0.25472497940063477, 0.3243250846862793, 0.33386707305908203, 0.38487887382507324, 0.38797903060913086, 0.38874292373657227, 0.396165132522583, 0.4012260437011719, 0.4002218246459961, 0.4064061641693115, 0.41458988189697266, 0.41820287704467773, 0.4246559143066406, 0.42755913734436035, 0.4278120994567871]
{'args': ((38, 0, slice(0, 960, None), slice(None, None, None)),), 'dataset shape': (40, 11, 1921, 2560), 'dataset chunks': (7, 1, 385, 512), 'indexing time (s)': 0.0, 'chunk number': 1650, 'reduction time (s)': 0.43358898162841797, 'chunks processed': 15, 'storage read (B)': 21287473, 'selection 2 time (s)': 0.44576311111450195}
Thread times [0.2699437141418457, 0.2967381477355957, 0.35999321937561035, 0.37286806106567383, 0.373549222946167, 0.3709371089935303, 0.38234901428222656, 0.38268589973449707, 0.390239953994751, 0.39654970169067383, 0.39925503730773926, 0.4036850929260254, 0.4121577739715576, 0.41243505477905273, 0.4175140857696533]
{'args': ((39, 0, slice(0, 960, None), slice(None, None, None)),), 'dataset shape': (40, 11, 1921, 2560), 'dataset chunks': (7, 1, 385, 512), 'indexing time (s)': 1.1920928955078125e-06, 'chunk number': 1650, 'reduction time (s)': 0.42137789726257324, 'chunks processed': 15, 'storage read (B)': 21287473, 'selection 2 time (s)': 0.4319138526916504}
[[226.07820312]
 [226.0646875 ]
 [225.93776042]
 [225.90822917]
 [225.91739583]
 [225.88460937]
 [225.82080729]
 [225.85434896]
 [225.98346354]
 [226.03822917]
 [226.01317708]
 [226.02333333]
 [226.03768229]
 [226.00486979]
 [225.91776042]
 [225.94033854]
 [225.98726562]
 [225.91450521]
 [225.81239583]
 [225.81890625]
 [225.8453125 ]
 [225.785     ]
 [225.63645833]
 [225.5565625 ]
 [225.45747396]
 [225.32382813]
 [225.16335937]
 [225.07786458]
 [225.07846354]
 [225.10666667]
 [225.17609375]
 [225.36869792]
 [225.57924479]
 [225.69083333]
 [225.72221354]
 [225.82369792]
 [225.93640625]
 [225.96763021]
 [225.91872396]
 [225.92236979]]
Summary:  Uni24whidch :Active (T100,BS5): 4.35s,22.36s,46.83s
