Dataset loaded from S3 with s3fs and Pyfive: bnl/ch330a.pc19790301-def.nc (0.038,3.6)
Thread times [3.5800161361694336, 4.053293943405151, 4.7305872440338135, 4.750175952911377, 5.314464092254639, 5.638540983200073, 5.693844318389893, 5.738508224487305, 5.827997922897339, 6.305670976638794, 7.316918611526489, 7.352010011672974, 7.962702989578247, 8.097090005874634, 8.168614149093628]
{'load nc time': 4.456215143203735, 'args': ((0, 0, slice(0, 960, None), slice(None, None, None)),), 'dataset shape': (40, 11, 1921, 2560), 'dataset chunks': (7, 1, 385, 512), 'indexing time (s)': 18.91599702835083, 'chunk number': 1650, 'reduction time (s)': 8.177083969116211, 'chunks processed': 15, 'storage read (B)': 29685482, 'selection 1 time (s)': 27.09329319000244}
Thread times [0.023859024047851562, 3.2672340869903564, 5.162370920181274, 5.187542915344238, 5.218467950820923, 5.4124040603637695, 5.619254112243652, 5.665290832519531, 6.0398290157318115, 6.076198101043701, 6.368046283721924, 6.515931129455566, 7.724291086196899, 7.8472771644592285, 7.891618013381958]
{'args': ((1, 0, slice(0, 960, None), slice(None, None, None)),), 'dataset shape': (40, 11, 1921, 2560), 'dataset chunks': (7, 1, 385, 512), 'indexing time (s)': 1.1920928955078125e-06, 'chunk number': 1650, 'reduction time (s)': 7.897357940673828, 'chunks processed': 15, 'storage read (B)': 29685482, 'selection 1 time (s)': 7.8974809646606445}
Thread times [0.02207493782043457, 3.968766927719116, 3.989708185195923, 4.609734773635864, 4.808486223220825, 4.833542108535767, 5.171631813049316, 5.193987846374512, 5.661531925201416, 5.9779651165008545, 6.156664133071899, 7.43488883972168, 7.600703001022339, 7.647550821304321, 7.710377931594849]
{'args': ((2, 0, slice(0, 960, None), slice(None, None, None)),), 'dataset shape': (40, 11, 1921, 2560), 'dataset chunks': (7, 1, 385, 512), 'indexing time (s)': 1.1920928955078125e-06, 'chunk number': 1650, 'reduction time (s)': 7.718383073806763, 'chunks processed': 15, 'storage read (B)': 29685482, 'selection 1 time (s)': 7.718503952026367}
Thread times [0.022481918334960938, 3.7624149322509766, 4.097717046737671, 4.501394033432007, 4.90053915977478, 5.008563041687012, 5.348474740982056, 5.386408805847168, 5.523226261138916, 5.81138014793396, 6.268190860748291, 7.133385896682739, 7.249934911727905, 7.333600997924805, 7.395870923995972]
{'args': ((3, 0, slice(0, 960, None), slice(None, None, None)),), 'dataset shape': (40, 11, 1921, 2560), 'dataset chunks': (7, 1, 385, 512), 'indexing time (s)': 9.5367431640625e-07, 'chunk number': 1650, 'reduction time (s)': 7.401957750320435, 'chunks processed': 15, 'storage read (B)': 29685482, 'selection 1 time (s)': 7.402084112167358}
Thread times [0.023128032684326172, 3.106199026107788, 4.304566860198975, 4.454425096511841, 5.1764960289001465, 5.2876081466674805, 5.402733087539673, 5.545528888702393, 5.816074848175049, 6.0684263706207275, 6.594796895980835, 6.695657968521118, 6.888513088226318, 7.277794122695923, 7.431807279586792]
{'args': ((4, 0, slice(0, 960, None), slice(None, None, None)),), 'dataset shape': (40, 11, 1921, 2560), 'dataset chunks': (7, 1, 385, 512), 'indexing time (s)': 9.5367431640625e-07, 'chunk number': 1650, 'reduction time (s)': 7.4387969970703125, 'chunks processed': 15, 'storage read (B)': 29685482, 'selection 1 time (s)': 7.438917875289917}
Thread times [0.023808002471923828, 1.4206328392028809, 4.488558053970337, 4.948188066482544, 5.039551019668579, 5.527015924453735, 5.552292108535767, 5.787503242492676, 5.846569061279297, 5.9633190631866455, 6.082056999206543, 6.574249029159546, 6.7794671058654785, 7.421021938323975, 7.643717050552368]
{'args': ((5, 0, slice(0, 960, None), slice(None, None, None)),), 'dataset shape': (40, 11, 1921, 2560), 'dataset chunks': (7, 1, 385, 512), 'indexing time (s)': 1.1920928955078125e-06, 'chunk number': 1650, 'reduction time (s)': 7.6506898403167725, 'chunks processed': 15, 'storage read (B)': 29685482, 'selection 1 time (s)': 7.650820255279541}
Thread times [0.022276878356933594, 3.3542778491973877, 3.5475399494171143, 4.060326099395752, 4.559416055679321, 5.40931510925293, 5.913843870162964, 6.027431964874268, 6.29557466506958, 6.408704996109009, 7.0143842697143555, 7.0499513149261475, 7.0733277797698975, 7.307239294052124, 7.5886242389678955]
{'args': ((6, 0, slice(0, 960, None), slice(None, None, None)),), 'dataset shape': (40, 11, 1921, 2560), 'dataset chunks': (7, 1, 385, 512), 'indexing time (s)': 9.5367431640625e-07, 'chunk number': 1650, 'reduction time (s)': 7.596283197402954, 'chunks processed': 15, 'storage read (B)': 29685482, 'selection 1 time (s)': 7.596401929855347}
Thread times [3.7075140476226807, 3.854408025741577, 4.437782049179077, 4.683233976364136, 5.3041582107543945, 5.555602073669434, 5.70958399772644, 5.849612712860107, 5.863786935806274, 5.972003936767578, 6.935672283172607, 7.088515758514404, 7.57405686378479, 7.869696855545044, 8.11834716796875]
{'args': ((7, 0, slice(0, 960, None), slice(None, None, None)),), 'dataset shape': (40, 11, 1921, 2560), 'dataset chunks': (7, 1, 385, 512), 'indexing time (s)': 9.5367431640625e-07, 'chunk number': 1650, 'reduction time (s)': 8.124841928482056, 'chunks processed': 15, 'storage read (B)': 29701892, 'selection 1 time (s)': 8.124961853027344}
Thread times [0.02394390106201172, 2.8073537349700928, 3.733797788619995, 3.8765289783477783, 4.187078952789307, 4.902155160903931, 5.789231777191162, 6.127387762069702, 6.134491920471191, 6.198085069656372, 6.461179971694946, 7.020859003067017, 7.0992701053619385, 7.404358863830566, 7.425539255142212]
{'args': ((8, 0, slice(0, 960, None), slice(None, None, None)),), 'dataset shape': (40, 11, 1921, 2560), 'dataset chunks': (7, 1, 385, 512), 'indexing time (s)': 9.5367431640625e-07, 'chunk number': 1650, 'reduction time (s)': 7.432190179824829, 'chunks processed': 15, 'storage read (B)': 29701892, 'selection 1 time (s)': 7.432311058044434}
Thread times [0.02225780487060547, 2.7119288444519043, 3.6265740394592285, 4.391292095184326, 4.513185024261475, 4.5158891677856445, 4.582253932952881, 5.6594860553741455, 5.932364225387573, 6.135459899902344, 6.570235013961792, 6.572909116744995, 6.792509317398071, 7.198119878768921, 7.417572975158691]
{'args': ((9, 0, slice(0, 960, None), slice(None, None, None)),), 'dataset shape': (40, 11, 1921, 2560), 'dataset chunks': (7, 1, 385, 512), 'indexing time (s)': 9.5367431640625e-07, 'chunk number': 1650, 'reduction time (s)': 7.4235687255859375, 'chunks processed': 15, 'storage read (B)': 29701892, 'selection 1 time (s)': 7.423695087432861}
Thread times [0.025841951370239258, 4.097675085067749, 4.1003758907318115, 4.572450160980225, 4.886590003967285, 5.342539072036743, 5.53403115272522, 5.584056615829468, 5.5987560749053955, 5.743818044662476, 5.864579677581787, 6.437575101852417, 7.28579306602478, 7.418773174285889, 7.424400091171265]
{'args': ((10, 0, slice(0, 960, None), slice(None, None, None)),), 'dataset shape': (40, 11, 1921, 2560), 'dataset chunks': (7, 1, 385, 512), 'indexing time (s)': 9.5367431640625e-07, 'chunk number': 1650, 'reduction time (s)': 7.430636167526245, 'chunks processed': 15, 'storage read (B)': 29701892, 'selection 1 time (s)': 7.430755853652954}
Thread times [0.02343010902404785, 2.6198019981384277, 4.136592149734497, 4.27829384803772, 4.403566122055054, 5.108594179153442, 5.132827043533325, 5.497039079666138, 5.8510401248931885, 6.49922776222229, 6.637857913970947, 6.6513800621032715, 7.294337034225464, 7.384045124053955, 7.444148063659668]
{'args': ((11, 0, slice(0, 960, None), slice(None, None, None)),), 'dataset shape': (40, 11, 1921, 2560), 'dataset chunks': (7, 1, 385, 512), 'indexing time (s)': 1.1920928955078125e-06, 'chunk number': 1650, 'reduction time (s)': 7.452061176300049, 'chunks processed': 15, 'storage read (B)': 29701892, 'selection 1 time (s)': 7.452182054519653}
Thread times [0.02092885971069336, 3.8240439891815186, 4.186791181564331, 4.2144200801849365, 4.371937990188599, 4.458948135375977, 5.610371112823486, 5.6415979862213135, 5.6672210693359375, 5.846858024597168, 5.905570030212402, 6.97836709022522, 7.051892042160034, 7.405052900314331, 7.5189008712768555]
{'args': ((12, 0, slice(0, 960, None), slice(None, None, None)),), 'dataset shape': (40, 11, 1921, 2560), 'dataset chunks': (7, 1, 385, 512), 'indexing time (s)': 9.5367431640625e-07, 'chunk number': 1650, 'reduction time (s)': 7.5270609855651855, 'chunks processed': 15, 'storage read (B)': 29701892, 'selection 1 time (s)': 7.527184247970581}
Thread times [0.019079208374023438, 4.502138137817383, 4.567516803741455, 4.702121019363403, 4.923840045928955, 5.198911905288696, 5.220986843109131, 5.301770925521851, 5.393102169036865, 5.633419990539551, 5.708306789398193, 6.313299894332886, 7.132253885269165, 7.288544178009033, 7.62136697769165]
{'args': ((13, 0, slice(0, 960, None), slice(None, None, None)),), 'dataset shape': (40, 11, 1921, 2560), 'dataset chunks': (7, 1, 385, 512), 'indexing time (s)': 0.0, 'chunk number': 1650, 'reduction time (s)': 7.6250810623168945, 'chunks processed': 15, 'storage read (B)': 29701892, 'selection 1 time (s)': 7.625201940536499}
Thread times [2.4797780513763428, 3.5720808506011963, 4.272270917892456, 4.7349982261657715, 4.9761669635772705, 5.1643431186676025, 5.361731052398682, 5.9117491245269775, 6.317123174667358, 6.793803930282593, 7.379615068435669, 7.432752847671509, 7.5183539390563965, 7.593638181686401, 7.877658843994141]
{'args': ((14, 0, slice(0, 960, None), slice(None, None, None)),), 'dataset shape': (40, 11, 1921, 2560), 'dataset chunks': (7, 1, 385, 512), 'indexing time (s)': 9.5367431640625e-07, 'chunk number': 1650, 'reduction time (s)': 7.888097047805786, 'chunks processed': 15, 'storage read (B)': 29733505, 'selection 1 time (s)': 7.888224124908447}
Thread times [0.023298025131225586, 3.7283549308776855, 3.856804847717285, 4.8992600440979, 5.093637943267822, 5.506704092025757, 5.510087013244629, 5.606786012649536, 5.947427272796631, 6.2881760597229, 6.780473947525024, 6.851064205169678, 7.439069032669067, 7.65207314491272, 7.722187757492065]
{'args': ((15, 0, slice(0, 960, None), slice(None, None, None)),), 'dataset shape': (40, 11, 1921, 2560), 'dataset chunks': (7, 1, 385, 512), 'indexing time (s)': 9.5367431640625e-07, 'chunk number': 1650, 'reduction time (s)': 7.72917103767395, 'chunks processed': 15, 'storage read (B)': 29733505, 'selection 1 time (s)': 7.729310989379883}
Thread times [0.023676156997680664, 3.208012819290161, 3.918365955352783, 4.177099227905273, 4.4473841190338135, 5.250633955001831, 5.745483160018921, 5.8526999950408936, 5.940804958343506, 6.22545599937439, 6.239664316177368, 6.648910045623779, 7.280156135559082, 7.404317855834961, 7.450554132461548]
{'args': ((16, 0, slice(0, 960, None), slice(None, None, None)),), 'dataset shape': (40, 11, 1921, 2560), 'dataset chunks': (7, 1, 385, 512), 'indexing time (s)': 9.5367431640625e-07, 'chunk number': 1650, 'reduction time (s)': 7.459334135055542, 'chunks processed': 15, 'storage read (B)': 29733505, 'selection 1 time (s)': 7.459457159042358}
Thread times [0.022160053253173828, 2.9632818698883057, 3.417752742767334, 4.169965028762817, 5.341156721115112, 5.348739147186279, 5.846000909805298, 5.993576288223267, 6.371447801589966, 6.434295177459717, 6.6593852043151855, 6.830654859542847, 6.852100133895874, 7.433282136917114, 7.71956205368042]
{'args': ((17, 0, slice(0, 960, None), slice(None, None, None)),), 'dataset shape': (40, 11, 1921, 2560), 'dataset chunks': (7, 1, 385, 512), 'indexing time (s)': 7.152557373046875e-07, 'chunk number': 1650, 'reduction time (s)': 7.726542234420776, 'chunks processed': 15, 'storage read (B)': 29733505, 'selection 1 time (s)': 7.726664066314697}
Thread times [0.023199081420898438, 3.2385919094085693, 3.274174928665161, 3.5976438522338867, 3.73061203956604, 4.535216331481934, 4.699480772018433, 4.762045383453369, 4.967725038528442, 5.119204998016357, 5.300676107406616, 5.891750812530518, 6.3679680824279785, 6.427757978439331, 6.657670259475708]
{'args': ((18, 0, slice(0, 960, None), slice(None, None, None)),), 'dataset shape': (40, 11, 1921, 2560), 'dataset chunks': (7, 1, 385, 512), 'indexing time (s)': 9.5367431640625e-07, 'chunk number': 1650, 'reduction time (s)': 6.66326117515564, 'chunks processed': 15, 'storage read (B)': 29733505, 'selection 1 time (s)': 6.663382053375244}
Thread times [0.025599002838134766, 3.381734848022461, 4.197041988372803, 4.474716901779175, 4.719911813735962, 4.7615790367126465, 4.804906845092773, 4.88867974281311, 5.6170549392700195, 5.67997407913208, 5.783313035964966, 5.850820064544678, 6.637607097625732, 6.923872709274292, 7.075938940048218]
{'args': ((19, 0, slice(0, 960, None), slice(None, None, None)),), 'dataset shape': (40, 11, 1921, 2560), 'dataset chunks': (7, 1, 385, 512), 'indexing time (s)': 1.1920928955078125e-06, 'chunk number': 1650, 'reduction time (s)': 7.083568811416626, 'chunks processed': 15, 'storage read (B)': 29733505, 'selection 1 time (s)': 7.083693981170654}
Thread times [0.023640155792236328, 1.7472851276397705, 2.6721031665802, 3.08101487159729, 4.690401077270508, 4.963417053222656, 5.286470890045166, 5.308540105819702, 5.3354949951171875, 5.56311297416687, 5.633471965789795, 5.838058948516846, 6.135513067245483, 6.6516218185424805, 6.766402006149292]
{'args': ((20, 0, slice(0, 960, None), slice(None, None, None)),), 'dataset shape': (40, 11, 1921, 2560), 'dataset chunks': (7, 1, 385, 512), 'indexing time (s)': 9.5367431640625e-07, 'chunk number': 1650, 'reduction time (s)': 6.772067070007324, 'chunks processed': 15, 'storage read (B)': 29733505, 'selection 1 time (s)': 6.772189140319824}
Thread times [2.8736720085144043, 4.086122989654541, 4.08686089515686, 4.342843055725098, 4.516582727432251, 4.583247900009155, 4.7373809814453125, 4.746454954147339, 5.1900622844696045, 5.620922088623047, 6.160452127456665, 6.894662857055664, 7.235677003860474, 7.2407920360565186, 7.2492499351501465]
{'args': ((21, 0, slice(0, 960, None), slice(None, None, None)),), 'dataset shape': (40, 11, 1921, 2560), 'dataset chunks': (7, 1, 385, 512), 'indexing time (s)': 9.5367431640625e-07, 'chunk number': 1650, 'reduction time (s)': 7.256269216537476, 'chunks processed': 15, 'storage read (B)': 29686785, 'selection 1 time (s)': 7.256388902664185}
Thread times [0.021945714950561523, 2.692877769470215, 3.0278849601745605, 4.2222089767456055, 4.35485315322876, 5.140570878982544, 5.284083127975464, 5.286923170089722, 5.370131969451904, 5.410063743591309, 5.597661972045898, 5.705362796783447, 6.715011119842529, 6.735757112503052, 6.9347240924835205]
{'args': ((22, 0, slice(0, 960, None), slice(None, None, None)),), 'dataset shape': (40, 11, 1921, 2560), 'dataset chunks': (7, 1, 385, 512), 'indexing time (s)': 9.5367431640625e-07, 'chunk number': 1650, 'reduction time (s)': 6.940345048904419, 'chunks processed': 15, 'storage read (B)': 29686785, 'selection 1 time (s)': 6.940468788146973}
Thread times [0.02307915687561035, 2.1018497943878174, 3.1669118404388428, 5.0538170337677, 5.5334858894348145, 5.908458948135376, 6.123154878616333, 6.147504091262817, 6.207780838012695, 6.658854961395264, 6.914252758026123, 6.921378135681152, 7.697463035583496, 7.717850923538208, 7.820558786392212]
{'args': ((23, 0, slice(0, 960, None), slice(None, None, None)),), 'dataset shape': (40, 11, 1921, 2560), 'dataset chunks': (7, 1, 385, 512), 'indexing time (s)': 1.1920928955078125e-06, 'chunk number': 1650, 'reduction time (s)': 7.825991868972778, 'chunks processed': 15, 'storage read (B)': 29686785, 'selection 1 time (s)': 7.826117038726807}
Thread times [0.02053523063659668, 2.9594647884368896, 4.0152599811553955, 4.9514241218566895, 5.014209985733032, 5.542788028717041, 5.612847089767456, 5.638289928436279, 5.68861198425293, 6.395029067993164, 6.605873107910156, 6.738965034484863, 6.91022801399231, 7.549098014831543, 7.7049829959869385]
{'args': ((24, 0, slice(0, 960, None), slice(None, None, None)),), 'dataset shape': (40, 11, 1921, 2560), 'dataset chunks': (7, 1, 385, 512), 'indexing time (s)': 1.1920928955078125e-06, 'chunk number': 1650, 'reduction time (s)': 7.712102890014648, 'chunks processed': 15, 'storage read (B)': 29686785, 'selection 1 time (s)': 7.712235689163208}
Thread times [0.022719144821166992, 1.1949238777160645, 3.8268511295318604, 3.9528379440307617, 5.371240854263306, 5.447026968002319, 5.8526787757873535, 6.040683031082153, 6.090329170227051, 6.490256071090698, 6.709728956222534, 6.714990854263306, 7.206804990768433, 7.354500770568848, 7.578285217285156]
{'args': ((25, 0, slice(0, 960, None), slice(None, None, None)),), 'dataset shape': (40, 11, 1921, 2560), 'dataset chunks': (7, 1, 385, 512), 'indexing time (s)': 1.9073486328125e-06, 'chunk number': 1650, 'reduction time (s)': 7.584046840667725, 'chunks processed': 15, 'storage read (B)': 29686785, 'selection 1 time (s)': 7.584190130233765}
Thread times [0.025608301162719727, 0.026295900344848633, 2.5852956771850586, 4.122416734695435, 4.416508913040161, 4.708616018295288, 5.174895286560059, 5.582914113998413, 5.886455059051514, 5.892660140991211, 6.311889886856079, 6.950776815414429, 7.133548021316528, 7.2604820728302, 7.418954133987427]
{'args': ((26, 0, slice(0, 960, None), slice(None, None, None)),), 'dataset shape': (40, 11, 1921, 2560), 'dataset chunks': (7, 1, 385, 512), 'indexing time (s)': 9.5367431640625e-07, 'chunk number': 1650, 'reduction time (s)': 7.424620151519775, 'chunks processed': 15, 'storage read (B)': 29686785, 'selection 1 time (s)': 7.424761772155762}
Thread times [0.02547001838684082, 3.1250760555267334, 4.255683183670044, 4.337800025939941, 4.494088888168335, 5.3492209911346436, 5.587430000305176, 5.718430995941162, 5.888122081756592, 5.894035816192627, 6.598503112792969, 7.178452014923096, 7.232182741165161, 7.339930057525635, 7.510027885437012]
{'args': ((27, 0, slice(0, 960, None), slice(None, None, None)),), 'dataset shape': (40, 11, 1921, 2560), 'dataset chunks': (7, 1, 385, 512), 'indexing time (s)': 9.5367431640625e-07, 'chunk number': 1650, 'reduction time (s)': 7.516103029251099, 'chunks processed': 15, 'storage read (B)': 29686785, 'selection 1 time (s)': 7.516233921051025}
Thread times [2.747743844985962, 4.2582268714904785, 4.404750823974609, 4.715000867843628, 5.071362018585205, 5.537116050720215, 5.93451714515686, 6.17795991897583, 6.360619068145752, 6.567461967468262, 6.677045106887817, 7.272477865219116, 7.468404054641724, 7.907643795013428, 8.146488189697266]
{'args': ((28, 0, slice(0, 960, None), slice(None, None, None)),), 'dataset shape': (40, 11, 1921, 2560), 'dataset chunks': (7, 1, 385, 512), 'indexing time (s)': 9.5367431640625e-07, 'chunk number': 1650, 'reduction time (s)': 8.150369882583618, 'chunks processed': 15, 'storage read (B)': 29670387, 'selection 1 time (s)': 8.150506973266602}
Thread times [0.02502298355102539, 3.028721332550049, 3.5429298877716064, 4.210998773574829, 5.1598711013793945, 5.21661901473999, 5.389545202255249, 5.620647192001343, 5.6317057609558105, 5.766810894012451, 5.802606105804443, 6.907685041427612, 7.24223780632019, 7.276895999908447, 7.494988203048706]
{'args': ((29, 0, slice(0, 960, None), slice(None, None, None)),), 'dataset shape': (40, 11, 1921, 2560), 'dataset chunks': (7, 1, 385, 512), 'indexing time (s)': 0.0, 'chunk number': 1650, 'reduction time (s)': 7.499379873275757, 'chunks processed': 15, 'storage read (B)': 29670387, 'selection 1 time (s)': 7.4995129108428955}
Thread times [0.022830963134765625, 3.533848762512207, 4.205914735794067, 4.315881013870239, 4.3230040073394775, 4.348514795303345, 4.921530246734619, 5.431936979293823, 5.4385011196136475, 5.647906064987183, 6.239195823669434, 6.745908975601196, 6.785604953765869, 7.248406171798706, 7.249098777770996]
{'args': ((30, 0, slice(0, 960, None), slice(None, None, None)),), 'dataset shape': (40, 11, 1921, 2560), 'dataset chunks': (7, 1, 385, 512), 'indexing time (s)': 7.152557373046875e-07, 'chunk number': 1650, 'reduction time (s)': 7.254806995391846, 'chunks processed': 15, 'storage read (B)': 29670387, 'selection 1 time (s)': 7.2549450397491455}
Thread times [0.02382826805114746, 4.0896100997924805, 4.235663652420044, 4.603953123092651, 4.608350992202759, 4.69597601890564, 4.862380743026733, 5.028630018234253, 5.254401206970215, 5.541445970535278, 5.545395135879517, 6.657821893692017, 7.010549068450928, 7.176516056060791, 7.25258207321167]
{'args': ((31, 0, slice(0, 960, None), slice(None, None, None)),), 'dataset shape': (40, 11, 1921, 2560), 'dataset chunks': (7, 1, 385, 512), 'indexing time (s)': 9.5367431640625e-07, 'chunk number': 1650, 'reduction time (s)': 7.2586989402771, 'chunks processed': 15, 'storage read (B)': 29670387, 'selection 1 time (s)': 7.258828163146973}
Thread times [0.021731853485107422, 4.1407952308654785, 4.384009838104248, 4.523795127868652, 4.547606945037842, 4.568331003189087, 4.68389892578125, 4.9399497509002686, 5.0067689418792725, 5.469820976257324, 5.663484811782837, 7.071292161941528, 7.275516033172607, 7.279855966567993, 7.495292901992798]
{'args': ((32, 0, slice(0, 960, None), slice(None, None, None)),), 'dataset shape': (40, 11, 1921, 2560), 'dataset chunks': (7, 1, 385, 512), 'indexing time (s)': 9.5367431640625e-07, 'chunk number': 1650, 'reduction time (s)': 7.502886772155762, 'chunks processed': 15, 'storage read (B)': 29670387, 'selection 1 time (s)': 7.503010034561157}
Thread times [0.024205923080444336, 3.6892752647399902, 4.133657932281494, 4.326437950134277, 4.559303045272827, 4.8660728931427, 5.046883821487427, 5.079910039901733, 5.170782089233398, 5.4897589683532715, 5.664850950241089, 6.805811166763306, 6.961582899093628, 7.190084934234619, 7.284305095672607]
{'args': ((33, 0, slice(0, 960, None), slice(None, None, None)),), 'dataset shape': (40, 11, 1921, 2560), 'dataset chunks': (7, 1, 385, 512), 'indexing time (s)': 9.5367431640625e-07, 'chunk number': 1650, 'reduction time (s)': 7.290248870849609, 'chunks processed': 15, 'storage read (B)': 29670387, 'selection 1 time (s)': 7.290369033813477}
Thread times [0.02415919303894043, 3.512486219406128, 3.886949062347412, 4.566352844238281, 4.574333190917969, 4.586457252502441, 4.998718023300171, 5.570231914520264, 5.714734077453613, 5.7726428508758545, 5.96949315071106, 6.468794107437134, 7.078442096710205, 7.271164894104004, 7.41686487197876]
{'args': ((34, 0, slice(0, 960, None), slice(None, None, None)),), 'dataset shape': (40, 11, 1921, 2560), 'dataset chunks': (7, 1, 385, 512), 'indexing time (s)': 9.5367431640625e-07, 'chunk number': 1650, 'reduction time (s)': 7.424870252609253, 'chunks processed': 15, 'storage read (B)': 29670387, 'selection 1 time (s)': 7.424994707107544}
Thread times [2.5894079208374023, 2.988755941390991, 3.5799012184143066, 4.211751937866211, 4.360948085784912, 5.057912111282349, 5.245593309402466, 5.8201539516448975, 5.871480941772461, 5.930321931838989, 5.95898699760437, 6.463147163391113, 6.943470239639282, 6.95594596862793, 6.997002601623535]
{'args': ((35, 0, slice(0, 960, None), slice(None, None, None)),), 'dataset shape': (40, 11, 1921, 2560), 'dataset chunks': (7, 1, 385, 512), 'indexing time (s)': 9.5367431640625e-07, 'chunk number': 1650, 'reduction time (s)': 7.006508827209473, 'chunks processed': 15, 'storage read (B)': 21287473, 'selection 1 time (s)': 7.006641149520874}
Thread times [0.018846988677978516, 3.6222331523895264, 3.8859519958496094, 4.230385065078735, 4.429569959640503, 4.5589518547058105, 4.642735004425049, 4.765618801116943, 4.929218053817749, 5.0209338665008545, 5.188772916793823, 6.341233015060425, 6.495363712310791, 6.655472993850708, 6.754804849624634]
{'args': ((36, 0, slice(0, 960, None), slice(None, None, None)),), 'dataset shape': (40, 11, 1921, 2560), 'dataset chunks': (7, 1, 385, 512), 'indexing time (s)': 1.1920928955078125e-06, 'chunk number': 1650, 'reduction time (s)': 6.762333869934082, 'chunks processed': 15, 'storage read (B)': 21287473, 'selection 1 time (s)': 6.7624592781066895}
Thread times [0.02206897735595703, 4.216146230697632, 4.218538045883179, 4.377601861953735, 4.428540945053101, 4.732308864593506, 5.120329856872559, 5.320915937423706, 5.327843904495239, 5.6398608684539795, 5.64330792427063, 6.884139060974121, 7.036108016967773, 7.164268970489502, 7.18977689743042]
{'args': ((37, 0, slice(0, 960, None), slice(None, None, None)),), 'dataset shape': (40, 11, 1921, 2560), 'dataset chunks': (7, 1, 385, 512), 'indexing time (s)': 9.5367431640625e-07, 'chunk number': 1650, 'reduction time (s)': 7.195843935012817, 'chunks processed': 15, 'storage read (B)': 21287473, 'selection 1 time (s)': 7.195970058441162}
Thread times [0.019565105438232422, 3.6796560287475586, 3.8305318355560303, 4.041411876678467, 4.235631942749023, 4.445671081542969, 4.901463031768799, 4.943557977676392, 5.020262002944946, 5.179862022399902, 5.4113922119140625, 6.433934211730957, 6.4489569664001465, 6.62742805480957, 6.7666099071502686]
{'args': ((38, 0, slice(0, 960, None), slice(None, None, None)),), 'dataset shape': (40, 11, 1921, 2560), 'dataset chunks': (7, 1, 385, 512), 'indexing time (s)': 9.5367431640625e-07, 'chunk number': 1650, 'reduction time (s)': 6.7726891040802, 'chunks processed': 15, 'storage read (B)': 21287473, 'selection 1 time (s)': 6.772813081741333}
Thread times [0.02264881134033203, 2.3880858421325684, 3.9829952716827393, 4.065459966659546, 4.200187683105469, 4.629034996032715, 4.871485948562622, 5.026998043060303, 5.049309015274048, 5.249474048614502, 5.484040975570679, 5.7308008670806885, 6.3498828411102295, 6.496020078659058, 6.597887992858887]
{'args': ((39, 0, slice(0, 960, None), slice(None, None, None)),), 'dataset shape': (40, 11, 1921, 2560), 'dataset chunks': (7, 1, 385, 512), 'indexing time (s)': 1.1920928955078125e-06, 'chunk number': 1650, 'reduction time (s)': 6.60358190536499, 'chunks processed': 15, 'storage read (B)': 21287473, 'selection 1 time (s)': 6.603709936141968}
[[226.07817708]
 [226.06476563]
 [225.93765625]
 [225.90807292]
 [225.91736979]
 [225.88455729]
 [225.82075521]
 [225.85442708]
 [225.98328125]
 [226.03804687]
 [226.013125  ]
 [226.02330729]
 [226.03770833]
 [226.00476563]
 [225.91765625]
 [225.94033854]
 [225.9871875 ]
 [225.91466146]
 [225.81244792]
 [225.81869792]
 [225.84526042]
 [225.785     ]
 [225.63648438]
 [225.55651042]
 [225.45734375]
 [225.32369792]
 [225.16325521]
 [225.07794271]
 [225.0784375 ]
 [225.10664063]
 [225.17609375]
 [225.36875   ]
 [225.57911458]
 [225.69080729]
 [225.72231771]
 [225.82367188]
 [225.93658854]
 [225.96765625]
 [225.91864583]
 [225.9225    ]]
Summary:  Uni24whidch :Local (T100,BS5): 4.46s,297.2s,320.6s
