Dataset loaded from S3 with s3fs and Pyfive: bnl/ch330a.pc19790301-def.nc (0.028,4.3)
Thread times [0.7386770248413086, 0.6476120948791504, 0.9607439041137695, 0.8418519496917725, 0.7541511058807373, 1.0356049537658691, 0.6553089618682861, 0.8925161361694336, 0.9922258853912354, 0.9509589672088623, 0.8920249938964844, 1.0238349437713623, 0.8493490219116211, 0.9116170406341553, 0.757838249206543]
{'load nc time': 4.971771001815796, 'args': ((0, 0, slice(0, 960, None), slice(None, None, None)),), 'dataset shape': (40, 11, 1921, 2560), 'dataset chunks': (7, 1, 385, 512), 'indexing time (s)': 20.341946840286255, 'chunk number': 1650, 'reduction time (s)': 12.90533995628357, 'chunks processed': 15, 'storage read (B)': 29685482, 'selection 1 time (s)': 33.247395038604736}
Thread times [0.6868250370025635, 0.6140849590301514, 0.8082797527313232, 0.7120840549468994, 0.7848799228668213, 0.8398289680480957, 0.7562649250030518, 0.9050600528717041, 0.8023090362548828, 0.8261172771453857, 0.6672272682189941, 0.8756928443908691, 0.7053911685943604, 0.6775639057159424, 0.875535249710083]
{'args': ((1, 0, slice(0, 960, None), slice(None, None, None)),), 'dataset shape': (40, 11, 1921, 2560), 'dataset chunks': (7, 1, 385, 512), 'indexing time (s)': 9.5367431640625e-07, 'chunk number': 1650, 'reduction time (s)': 11.537911176681519, 'chunks processed': 15, 'storage read (B)': 29685482, 'selection 1 time (s)': 11.53801703453064}
Thread times [0.9110658168792725, 0.700659990310669, 0.9184482097625732, 0.7649679183959961, 0.6520559787750244, 0.7541561126708984, 0.6710011959075928, 0.8920321464538574, 1.0898380279541016, 0.8127100467681885, 0.8146770000457764, 0.9513351917266846, 0.8822059631347656, 0.8486769199371338, 0.840925931930542]
{'args': ((2, 0, slice(0, 960, None), slice(None, None, None)),), 'dataset shape': (40, 11, 1921, 2560), 'dataset chunks': (7, 1, 385, 512), 'indexing time (s)': 9.5367431640625e-07, 'chunk number': 1650, 'reduction time (s)': 12.505563259124756, 'chunks processed': 15, 'storage read (B)': 29685482, 'selection 1 time (s)': 12.50566816329956}
Thread times [0.7409069538116455, 0.63018798828125, 0.7820389270782471, 0.6300621032714844, 0.7379109859466553, 0.7581818103790283, 0.7914528846740723, 0.9109137058258057, 0.8906638622283936, 0.8422050476074219, 0.9062850475311279, 0.8643100261688232, 0.9165439605712891, 0.6692728996276855, 0.9550540447235107]
{'args': ((3, 0, slice(0, 960, None), slice(None, None, None)),), 'dataset shape': (40, 11, 1921, 2560), 'dataset chunks': (7, 1, 385, 512), 'indexing time (s)': 9.5367431640625e-07, 'chunk number': 1650, 'reduction time (s)': 12.027211904525757, 'chunks processed': 15, 'storage read (B)': 29685482, 'selection 1 time (s)': 12.027322769165039}
Thread times [0.733900785446167, 0.7532382011413574, 1.2345860004425049, 1.3804678916931152, 1.3952767848968506, 1.4161701202392578, 1.587822675704956, 1.384493112564087, 1.6963331699371338, 1.371394157409668, 1.3911280632019043, 1.2462027072906494, 0.8851337432861328, 1.204578161239624, 0.8556859493255615]
{'args': ((4, 0, slice(0, 960, None), slice(None, None, None)),), 'dataset shape': (40, 11, 1921, 2560), 'dataset chunks': (7, 1, 385, 512), 'indexing time (s)': 1.1920928955078125e-06, 'chunk number': 1650, 'reduction time (s)': 18.537198066711426, 'chunks processed': 15, 'storage read (B)': 29685482, 'selection 1 time (s)': 18.53731679916382}
Thread times [0.7559652328491211, 0.712803840637207, 1.5907692909240723, 1.0514800548553467, 0.7880687713623047, 0.9397189617156982, 0.9192147254943848, 1.5007350444793701, 1.5562019348144531, 1.104382038116455, 0.9989581108093262, 1.1041319370269775, 1.074004888534546, 1.0219018459320068, 1.2494888305664062]
{'args': ((5, 0, slice(0, 960, None), slice(None, None, None)),), 'dataset shape': (40, 11, 1921, 2560), 'dataset chunks': (7, 1, 385, 512), 'indexing time (s)': 0.0, 'chunk number': 1650, 'reduction time (s)': 16.368602991104126, 'chunks processed': 15, 'storage read (B)': 29685482, 'selection 1 time (s)': 16.36871099472046}
Thread times [0.9494671821594238, 0.8981640338897705, 1.0876100063323975, 0.8616311550140381, 0.8515799045562744, 0.8941340446472168, 1.272245168685913, 1.5631988048553467, 1.160451889038086, 0.9522068500518799, 0.9966368675231934, 1.5350451469421387, 1.199070930480957, 1.1189398765563965, 0.8966288566589355]
{'args': ((6, 0, slice(0, 960, None), slice(None, None, None)),), 'dataset shape': (40, 11, 1921, 2560), 'dataset chunks': (7, 1, 385, 512), 'indexing time (s)': 9.5367431640625e-07, 'chunk number': 1650, 'reduction time (s)': 16.237792015075684, 'chunks processed': 15, 'storage read (B)': 29685482, 'selection 1 time (s)': 16.23789882659912}
Thread times [0.8638551235198975, 1.0060451030731201, 1.2650609016418457, 1.213674783706665, 1.0149779319763184, 1.2098329067230225, 1.147217035293579, 1.6226222515106201, 0.025873184204101562, 0.02069711685180664, 1.0924217700958252, 0.9795060157775879, 1.094379186630249, 1.081117868423462, 1.0146028995513916]
{'args': ((7, 0, slice(0, 960, None), slice(None, None, None)),), 'dataset shape': (40, 11, 1921, 2560), 'dataset chunks': (7, 1, 385, 512), 'indexing time (s)': 9.5367431640625e-07, 'chunk number': 1650, 'reduction time (s)': 14.652760982513428, 'chunks processed': 15, 'storage read (B)': 29701892, 'selection 1 time (s)': 14.652870178222656}
Thread times [0.8353080749511719, 0.7389430999755859, 0.9592020511627197, 1.0216639041900635, 1.097731113433838, 1.2142982482910156, 1.3518218994140625, 1.3189609050750732, 0.023987293243408203, 0.019710063934326172, 1.0663433074951172, 1.1479549407958984, 0.9227068424224854, 0.9275801181793213, 0.9943139553070068]
{'args': ((8, 0, slice(0, 960, None), slice(None, None, None)),), 'dataset shape': (40, 11, 1921, 2560), 'dataset chunks': (7, 1, 385, 512), 'indexing time (s)': 7.152557373046875e-07, 'chunk number': 1650, 'reduction time (s)': 13.641420125961304, 'chunks processed': 15, 'storage read (B)': 29701892, 'selection 1 time (s)': 13.641540288925171}
Thread times [0.9082679748535156, 0.8116171360015869, 0.898364782333374, 1.1655831336975098, 1.099844217300415, 1.001189947128296, 1.0552089214324951, 0.8896198272705078, 0.025736331939697266, 0.021012067794799805, 0.976269006729126, 0.9979109764099121, 1.0442430973052979, 2.3772950172424316, 1.2525570392608643]
{'args': ((9, 0, slice(0, 960, None), slice(None, None, None)),), 'dataset shape': (40, 11, 1921, 2560), 'dataset chunks': (7, 1, 385, 512), 'indexing time (s)': 9.5367431640625e-07, 'chunk number': 1650, 'reduction time (s)': 14.525600910186768, 'chunks processed': 15, 'storage read (B)': 29701892, 'selection 1 time (s)': 14.525722026824951}
Thread times [0.976248025894165, 0.8801877498626709, 1.0859081745147705, 1.1174120903015137, 1.1246418952941895, 1.2040188312530518, 1.163573980331421, 1.2449800968170166, 0.02462315559387207, 0.019643068313598633, 1.0412452220916748, 0.9990911483764648, 0.9522018432617188, 0.891895055770874, 1.0044078826904297]
{'args': ((10, 0, slice(0, 960, None), slice(None, None, None)),), 'dataset shape': (40, 11, 1921, 2560), 'dataset chunks': (7, 1, 385, 512), 'indexing time (s)': 1.9073486328125e-06, 'chunk number': 1650, 'reduction time (s)': 13.730916023254395, 'chunks processed': 15, 'storage read (B)': 29701892, 'selection 1 time (s)': 13.731026887893677}
Thread times [0.7308998107910156, 0.7144639492034912, 0.8396849632263184, 0.9143989086151123, 2.081145763397217, 0.965811014175415, 0.8800230026245117, 1.0771629810333252, 0.024378061294555664, 0.019530296325683594, 0.8812716007232666, 0.9845681190490723, 1.0545868873596191, 1.0376110076904297, 0.967930793762207]
{'args': ((11, 0, slice(0, 960, None), slice(None, None, None)),), 'dataset shape': (40, 11, 1921, 2560), 'dataset chunks': (7, 1, 385, 512), 'indexing time (s)': 1.6689300537109375e-06, 'chunk number': 1650, 'reduction time (s)': 13.174335956573486, 'chunks processed': 15, 'storage read (B)': 29701892, 'selection 1 time (s)': 13.174454927444458}
Thread times [0.8386940956115723, 0.7365200519561768, 0.8668889999389648, 0.9163899421691895, 0.9010050296783447, 0.9329290390014648, 0.9373421669006348, 0.9947230815887451, 0.026836156845092773, 0.02110004425048828, 0.8870038986206055, 0.9940507411956787, 1.0197439193725586, 1.118833303451538, 0.9449107646942139]
{'args': ((12, 0, slice(0, 960, None), slice(None, None, None)),), 'dataset shape': (40, 11, 1921, 2560), 'dataset chunks': (7, 1, 385, 512), 'indexing time (s)': 1.1920928955078125e-06, 'chunk number': 1650, 'reduction time (s)': 12.138175010681152, 'chunks processed': 15, 'storage read (B)': 29701892, 'selection 1 time (s)': 12.138305902481079}
Thread times [0.8046791553497314, 0.7519171237945557, 0.9467551708221436, 0.9944601058959961, 0.8739051818847656, 1.0126910209655762, 1.0372588634490967, 0.9932479858398438, 0.026372909545898438, 0.020132780075073242, 0.984745979309082, 1.0527877807617188, 0.9925830364227295, 0.9496231079101562, 0.8997678756713867]
{'args': ((13, 0, slice(0, 960, None), slice(None, None, None)),), 'dataset shape': (40, 11, 1921, 2560), 'dataset chunks': (7, 1, 385, 512), 'indexing time (s)': 2.1457672119140625e-06, 'chunk number': 1650, 'reduction time (s)': 12.341939926147461, 'chunks processed': 15, 'storage read (B)': 29701892, 'selection 1 time (s)': 12.342089891433716}
Thread times [0.7376580238342285, 0.8181357383728027, 0.8286099433898926, 0.8450949192047119, 0.9234390258789062, 1.0248949527740479, 1.078423023223877, 1.0609829425811768, 0.01900959014892578, 0.9162089824676514, 0.8680338859558105, 1.0618932247161865, 0.9722402095794678, 1.0301899909973145, 1.2384710311889648]
{'args': ((14, 0, slice(0, 960, None), slice(None, None, None)),), 'dataset shape': (40, 11, 1921, 2560), 'dataset chunks': (7, 1, 385, 512), 'indexing time (s)': 1.9073486328125e-06, 'chunk number': 1650, 'reduction time (s)': 13.424466133117676, 'chunks processed': 15, 'storage read (B)': 29733505, 'selection 1 time (s)': 13.424638986587524}
Thread times [1.1496751308441162, 1.013857126235962, 0.9163460731506348, 0.9509918689727783, 0.8766369819641113, 1.0515990257263184, 0.9792430400848389, 1.1739449501037598, 0.020832061767578125, 0.9535999298095703, 0.8318040370941162, 0.9775831699371338, 0.9314048290252686, 0.8813221454620361, 0.9326739311218262]
{'args': ((15, 0, slice(0, 960, None), slice(None, None, None)),), 'dataset shape': (40, 11, 1921, 2560), 'dataset chunks': (7, 1, 385, 512), 'indexing time (s)': 7.152557373046875e-07, 'chunk number': 1650, 'reduction time (s)': 13.64240312576294, 'chunks processed': 15, 'storage read (B)': 29733505, 'selection 1 time (s)': 13.642528057098389}
Thread times [0.7424910068511963, 0.8248162269592285, 0.8494479656219482, 0.8420259952545166, 0.8016149997711182, 0.9447789192199707, 1.0399699211120605, 1.0737810134887695, 0.026113033294677734, 1.0163440704345703, 1.021277904510498, 1.087548017501831, 1.0887749195098877, 1.048326015472412, 1.250870704650879]
{'args': ((16, 0, slice(0, 960, None), slice(None, None, None)),), 'dataset shape': (40, 11, 1921, 2560), 'dataset chunks': (7, 1, 385, 512), 'indexing time (s)': 9.5367431640625e-07, 'chunk number': 1650, 'reduction time (s)': 13.659111022949219, 'chunks processed': 15, 'storage read (B)': 29733505, 'selection 1 time (s)': 13.659234046936035}
Thread times [1.2167370319366455, 1.1363739967346191, 1.3908579349517822, 1.017906904220581, 1.1079587936401367, 1.1143548488616943, 1.1807961463928223, 1.2027549743652344, 0.025665998458862305, 1.1906909942626953, 1.0408720970153809, 1.083193063735962, 1.1715950965881348, 1.0831668376922607, 2.2504940032958984]
{'args': ((17, 0, slice(0, 960, None), slice(None, None, None)),), 'dataset shape': (40, 11, 1921, 2560), 'dataset chunks': (7, 1, 385, 512), 'indexing time (s)': 9.5367431640625e-07, 'chunk number': 1650, 'reduction time (s)': 17.214382886886597, 'chunks processed': 15, 'storage read (B)': 29733505, 'selection 1 time (s)': 17.21451210975647}
Thread times [0.9194638729095459, 1.0649847984313965, 1.0208299160003662, 0.9052400588989258, 0.9678421020507812, 1.196728229522705, 1.1187689304351807, 1.497136116027832, 0.025275230407714844, 1.0389180183410645, 0.9832890033721924, 0.9746901988983154, 0.9183402061462402, 0.9088447093963623, 1.0697171688079834]
{'args': ((18, 0, slice(0, 960, None), slice(None, None, None)),), 'dataset shape': (40, 11, 1921, 2560), 'dataset chunks': (7, 1, 385, 512), 'indexing time (s)': 9.5367431640625e-07, 'chunk number': 1650, 'reduction time (s)': 14.610979080200195, 'chunks processed': 15, 'storage read (B)': 29733505, 'selection 1 time (s)': 14.611100912094116}
Thread times [0.735774040222168, 0.7749619483947754, 0.8643858432769775, 0.8665950298309326, 0.8549399375915527, 0.8922350406646729, 0.9653558731079102, 0.9267568588256836, 0.025909900665283203, 1.1493823528289795, 0.9453449249267578, 1.018779993057251, 0.9916219711303711, 0.9399349689483643, 1.0862338542938232]
{'args': ((19, 0, slice(0, 960, None), slice(None, None, None)),), 'dataset shape': (40, 11, 1921, 2560), 'dataset chunks': (7, 1, 385, 512), 'indexing time (s)': 9.5367431640625e-07, 'chunk number': 1650, 'reduction time (s)': 13.039063930511475, 'chunks processed': 15, 'storage read (B)': 29733505, 'selection 1 time (s)': 13.039186954498291}
Thread times [1.7584359645843506, 0.8954238891601562, 0.8932249546051025, 0.8697750568389893, 0.9567739963531494, 1.1162080764770508, 1.0723090171813965, 0.9681339263916016, 0.022793054580688477, 0.9024462699890137, 0.902508020401001, 0.9178040027618408, 0.8465437889099121, 0.8974957466125488, 0.897658109664917]
{'args': ((20, 0, slice(0, 960, None), slice(None, None, None)),), 'dataset shape': (40, 11, 1921, 2560), 'dataset chunks': (7, 1, 385, 512), 'indexing time (s)': 1.1920928955078125e-06, 'chunk number': 1650, 'reduction time (s)': 13.918269872665405, 'chunks processed': 15, 'storage read (B)': 29733505, 'selection 1 time (s)': 13.918373823165894}
Thread times [0.7991690635681152, 0.7266428470611572, 0.9556660652160645, 0.018643856048583984, 0.018809795379638672, 0.9581780433654785, 0.9385290145874023, 0.9979898929595947, 0.9761233329772949, 1.0381040573120117, 1.046212911605835, 0.9898192882537842, 1.0900468826293945, 0.9565930366516113, 0.02112102508544922]
{'args': ((21, 0, slice(0, 960, None), slice(None, None, None)),), 'dataset shape': (40, 11, 1921, 2560), 'dataset chunks': (7, 1, 385, 512), 'indexing time (s)': 9.5367431640625e-07, 'chunk number': 1650, 'reduction time (s)': 11.532352924346924, 'chunks processed': 15, 'storage read (B)': 29686785, 'selection 1 time (s)': 11.532449007034302}
Thread times [0.7417762279510498, 0.7486801147460938, 0.7890980243682861, 0.021406173706054688, 0.017841100692749023, 0.8975198268890381, 0.8939559459686279, 0.9556150436401367, 0.9071109294891357, 0.90159010887146, 0.8797509670257568, 0.9966599941253662, 1.2044398784637451, 1.0925078392028809, 0.025445222854614258]
{'args': ((22, 0, slice(0, 960, None), slice(None, None, None)),), 'dataset shape': (40, 11, 1921, 2560), 'dataset chunks': (7, 1, 385, 512), 'indexing time (s)': 9.5367431640625e-07, 'chunk number': 1650, 'reduction time (s)': 11.074172019958496, 'chunks processed': 15, 'storage read (B)': 29686785, 'selection 1 time (s)': 11.074265956878662}
Thread times [0.7618999481201172, 0.8579850196838379, 1.0514769554138184, 0.01810288429260254, 0.017898082733154297, 0.9604060649871826, 0.9181220531463623, 1.0113182067871094, 0.9104108810424805, 0.9326961040496826, 0.8577108383178711, 0.9377498626708984, 0.9838330745697021, 0.8943829536437988, 0.021575927734375]
{'args': ((23, 0, slice(0, 960, None), slice(None, None, None)),), 'dataset shape': (40, 11, 1921, 2560), 'dataset chunks': (7, 1, 385, 512), 'indexing time (s)': 9.5367431640625e-07, 'chunk number': 1650, 'reduction time (s)': 11.13630199432373, 'chunks processed': 15, 'storage read (B)': 29686785, 'selection 1 time (s)': 11.136399984359741}
Thread times [0.7469110488891602, 0.706840991973877, 0.8228700160980225, 0.021168947219848633, 0.020162105560302734, 0.9720048904418945, 0.9398660659790039, 1.129150390625, 0.9578938484191895, 1.0605592727661133, 0.9049789905548096, 0.8440508842468262, 0.9679470062255859, 0.9767580032348633, 0.019770145416259766]
{'args': ((24, 0, slice(0, 960, None), slice(None, None, None)),), 'dataset shape': (40, 11, 1921, 2560), 'dataset chunks': (7, 1, 385, 512), 'indexing time (s)': 1.1920928955078125e-06, 'chunk number': 1650, 'reduction time (s)': 11.091897964477539, 'chunks processed': 15, 'storage read (B)': 29686785, 'selection 1 time (s)': 11.091996192932129}
Thread times [0.7530128955841064, 0.7907447814941406, 0.8471560478210449, 0.017756938934326172, 0.018179893493652344, 0.9128768444061279, 0.9110159873962402, 1.0238170623779297, 0.9040219783782959, 0.9805641174316406, 0.8465111255645752, 0.9665381908416748, 1.1358709335327148, 1.0698201656341553, 0.020604848861694336]
{'args': ((25, 0, slice(0, 960, None), slice(None, None, None)),), 'dataset shape': (40, 11, 1921, 2560), 'dataset chunks': (7, 1, 385, 512), 'indexing time (s)': 1.1920928955078125e-06, 'chunk number': 1650, 'reduction time (s)': 11.199275016784668, 'chunks processed': 15, 'storage read (B)': 29686785, 'selection 1 time (s)': 11.19936466217041}
Thread times [0.7635283470153809, 0.7066776752471924, 0.8030259609222412, 0.018638134002685547, 0.019063949584960938, 0.944155216217041, 1.034128189086914, 1.0746800899505615, 1.0939559936523438, 1.0093989372253418, 0.903203010559082, 0.8965201377868652, 1.049698829650879, 1.1180598735809326, 0.02004098892211914]
{'args': ((26, 0, slice(0, 960, None), slice(None, None, None)),), 'dataset shape': (40, 11, 1921, 2560), 'dataset chunks': (7, 1, 385, 512), 'indexing time (s)': 9.5367431640625e-07, 'chunk number': 1650, 'reduction time (s)': 11.455562114715576, 'chunks processed': 15, 'storage read (B)': 29686785, 'selection 1 time (s)': 11.455655813217163}
Thread times [0.828559160232544, 0.7868092060089111, 1.2656800746917725, 0.03434896469116211, 0.016168832778930664, 0.9717772006988525, 0.8273608684539795, 1.0326337814331055, 0.9211010932922363, 1.054015874862671, 1.1698732376098633, 0.8862199783325195, 1.1780791282653809, 0.9155571460723877, 0.02188706398010254]
{'args': ((27, 0, slice(0, 960, None), slice(None, None, None)),), 'dataset shape': (40, 11, 1921, 2560), 'dataset chunks': (7, 1, 385, 512), 'indexing time (s)': 9.5367431640625e-07, 'chunk number': 1650, 'reduction time (s)': 11.910774946212769, 'chunks processed': 15, 'storage read (B)': 29686785, 'selection 1 time (s)': 11.910867929458618}
Thread times [0.7707071304321289, 1.0665991306304932, 0.9104008674621582, 0.9045798778533936, 0.8500630855560303, 0.9237031936645508, 0.02149677276611328, 0.8591341972351074, 0.021635055541992188, 1.0054309368133545, 0.9874939918518066, 0.9965331554412842, 0.9097440242767334, 1.0136311054229736, 1.0226130485534668]
{'args': ((28, 0, slice(0, 960, None), slice(None, None, None)),), 'dataset shape': (40, 11, 1921, 2560), 'dataset chunks': (7, 1, 385, 512), 'indexing time (s)': 7.152557373046875e-07, 'chunk number': 1650, 'reduction time (s)': 12.264494180679321, 'chunks processed': 15, 'storage read (B)': 29670387, 'selection 1 time (s)': 12.264594316482544}
Thread times [0.7561800479888916, 0.7813796997070312, 0.9368178844451904, 0.8890500068664551, 0.9089610576629639, 1.049497127532959, 0.020093202590942383, 0.972161054611206, 0.02059316635131836, 1.0715126991271973, 0.9620816707611084, 0.9662520885467529, 0.8728518486022949, 0.9403948783874512, 0.902606725692749]
{'args': ((29, 0, slice(0, 960, None), slice(None, None, None)),), 'dataset shape': (40, 11, 1921, 2560), 'dataset chunks': (7, 1, 385, 512), 'indexing time (s)': 9.5367431640625e-07, 'chunk number': 1650, 'reduction time (s)': 12.051151752471924, 'chunks processed': 15, 'storage read (B)': 29670387, 'selection 1 time (s)': 12.051253080368042}
Thread times [0.76361083984375, 0.8101980686187744, 0.9376869201660156, 0.9563760757446289, 0.8904659748077393, 0.9582791328430176, 0.021826982498168945, 0.8863961696624756, 0.02279186248779297, 0.9367811679840088, 0.8492879867553711, 0.9851672649383545, 0.9575810432434082, 0.9195661544799805, 1.1562190055847168]
{'args': ((30, 0, slice(0, 960, None), slice(None, None, None)),), 'dataset shape': (40, 11, 1921, 2560), 'dataset chunks': (7, 1, 385, 512), 'indexing time (s)': 9.5367431640625e-07, 'chunk number': 1650, 'reduction time (s)': 12.053056001663208, 'chunks processed': 15, 'storage read (B)': 29670387, 'selection 1 time (s)': 12.05315613746643}
Thread times [0.8002059459686279, 0.8654248714447021, 0.9158990383148193, 0.7671959400177002, 0.8464820384979248, 0.9841969013214111, 0.026253938674926758, 1.5568110942840576, 0.02378225326538086, 1.0910251140594482, 1.0586769580841064, 1.0409178733825684, 0.9599490165710449, 0.9943017959594727, 1.1238679885864258]
{'args': ((31, 0, slice(0, 960, None), slice(None, None, None)),), 'dataset shape': (40, 11, 1921, 2560), 'dataset chunks': (7, 1, 385, 512), 'indexing time (s)': 9.5367431640625e-07, 'chunk number': 1650, 'reduction time (s)': 13.055860996246338, 'chunks processed': 15, 'storage read (B)': 29670387, 'selection 1 time (s)': 13.055966854095459}
Thread times [0.7955458164215088, 0.7963879108428955, 0.8622021675109863, 0.832366943359375, 0.8898742198944092, 1.0323519706726074, 0.019312143325805664, 1.1014788150787354, 0.025811195373535156, 0.9413619041442871, 0.9325809478759766, 1.1094458103179932, 1.009876012802124, 0.9634671211242676, 1.0386300086975098]
{'args': ((32, 0, slice(0, 960, None), slice(None, None, None)),), 'dataset shape': (40, 11, 1921, 2560), 'dataset chunks': (7, 1, 385, 512), 'indexing time (s)': 1.1920928955078125e-06, 'chunk number': 1650, 'reduction time (s)': 12.351550817489624, 'chunks processed': 15, 'storage read (B)': 29670387, 'selection 1 time (s)': 12.351671695709229}
Thread times [0.7323012351989746, 0.7902348041534424, 0.9331150054931641, 0.9091989994049072, 0.9039928913116455, 0.9935059547424316, 0.01968526840209961, 1.0188422203063965, 0.025283098220825195, 1.0026099681854248, 0.9249398708343506, 1.0129568576812744, 1.0646040439605713, 0.886772871017456, 0.988008975982666]
{'args': ((33, 0, slice(0, 960, None), slice(None, None, None)),), 'dataset shape': (40, 11, 1921, 2560), 'dataset chunks': (7, 1, 385, 512), 'indexing time (s)': 9.5367431640625e-07, 'chunk number': 1650, 'reduction time (s)': 12.206833124160767, 'chunks processed': 15, 'storage read (B)': 29670387, 'selection 1 time (s)': 12.206965923309326}
Thread times [0.713716983795166, 0.6900289058685303, 0.8261709213256836, 0.7246031761169434, 0.8145482540130615, 0.9940428733825684, 0.0205080509185791, 0.9767858982086182, 0.02142190933227539, 0.9947431087493896, 0.9577717781066895, 1.1257100105285645, 0.9908130168914795, 0.9010610580444336, 0.8682670593261719]
{'args': ((34, 0, slice(0, 960, None), slice(None, None, None)),), 'dataset shape': (40, 11, 1921, 2560), 'dataset chunks': (7, 1, 385, 512), 'indexing time (s)': 9.5367431640625e-07, 'chunk number': 1650, 'reduction time (s)': 11.620982885360718, 'chunks processed': 15, 'storage read (B)': 29670387, 'selection 1 time (s)': 11.621083974838257}
Thread times [0.867354154586792, 0.7511889934539795, 0.7663757801055908, 0.7293810844421387, 0.8509340286254883, 0.7901761531829834, 0.816152811050415, 0.9072160720825195, 0.9187016487121582, 0.9004170894622803, 0.7757480144500732, 0.7875669002532959, 0.9078211784362793, 0.8672728538513184, 1.0122909545898438]
{'args': ((35, 0, slice(0, 960, None), slice(None, None, None)),), 'dataset shape': (40, 11, 1921, 2560), 'dataset chunks': (7, 1, 385, 512), 'indexing time (s)': 7.152557373046875e-07, 'chunk number': 1650, 'reduction time (s)': 12.649392127990723, 'chunks processed': 15, 'storage read (B)': 21287473, 'selection 1 time (s)': 12.649495124816895}
Thread times [0.7527639865875244, 0.7622280120849609, 0.7748820781707764, 0.7667880058288574, 0.851696252822876, 0.8147108554840088, 0.8444099426269531, 0.9705309867858887, 1.0489680767059326, 0.9093489646911621, 0.8656229972839355, 1.1783640384674072, 1.0409777164459229, 0.8065400123596191, 0.8252239227294922]
{'args': ((36, 0, slice(0, 960, None), slice(None, None, None)),), 'dataset shape': (40, 11, 1921, 2560), 'dataset chunks': (7, 1, 385, 512), 'indexing time (s)': 9.5367431640625e-07, 'chunk number': 1650, 'reduction time (s)': 13.214816093444824, 'chunks processed': 15, 'storage read (B)': 21287473, 'selection 1 time (s)': 13.21492600440979}
Thread times [0.6856482028961182, 0.7279829978942871, 0.765355110168457, 0.7875978946685791, 0.8693740367889404, 0.918781042098999, 0.8467240333557129, 0.7715480327606201, 0.9237749576568604, 0.926048994064331, 0.931596040725708, 0.7708821296691895, 1.0124108791351318, 0.7979531288146973, 0.8065609931945801]
{'args': ((37, 0, slice(0, 960, None), slice(None, None, None)),), 'dataset shape': (40, 11, 1921, 2560), 'dataset chunks': (7, 1, 385, 512), 'indexing time (s)': 9.5367431640625e-07, 'chunk number': 1650, 'reduction time (s)': 12.542988061904907, 'chunks processed': 15, 'storage read (B)': 21287473, 'selection 1 time (s)': 12.543089866638184}
Thread times [0.7018940448760986, 0.7631769180297852, 0.8451042175292969, 0.8089730739593506, 1.0119569301605225, 0.8709092140197754, 0.8084371089935303, 0.7677438259124756, 0.8158440589904785, 0.8524031639099121, 0.797203779220581, 0.7864770889282227, 0.9570469856262207, 0.9296739101409912, 0.8358440399169922]
{'args': ((38, 0, slice(0, 960, None), slice(None, None, None)),), 'dataset shape': (40, 11, 1921, 2560), 'dataset chunks': (7, 1, 385, 512), 'indexing time (s)': 9.5367431640625e-07, 'chunk number': 1650, 'reduction time (s)': 12.553438901901245, 'chunks processed': 15, 'storage read (B)': 21287473, 'selection 1 time (s)': 12.55353593826294}
Thread times [0.6968669891357422, 0.8867509365081787, 0.6530399322509766, 0.7620468139648438, 0.8109118938446045, 0.7937541007995605, 0.7537667751312256, 0.8498389720916748, 0.89581298828125, 0.933250904083252, 0.9201939105987549, 0.9169588088989258, 1.404794692993164, 1.1125688552856445, 1.2425940036773682]
{'args': ((39, 0, slice(0, 960, None), slice(None, None, None)),), 'dataset shape': (40, 11, 1921, 2560), 'dataset chunks': (7, 1, 385, 512), 'indexing time (s)': 7.152557373046875e-07, 'chunk number': 1650, 'reduction time (s)': 13.634055137634277, 'chunks processed': 15, 'storage read (B)': 21287473, 'selection 1 time (s)': 13.63416314125061}
[[226.07817708]
 [226.06473958]
 [225.93765625]
 [225.90807292]
 [225.91734375]
 [225.88453125]
 [225.82075521]
 [225.85440104]
 [225.98328125]
 [226.03804687]
 [226.01315104]
 [226.02330729]
 [226.03770833]
 [226.00476563]
 [225.91765625]
 [225.94036458]
 [225.98721354]
 [225.9146875 ]
 [225.81242188]
 [225.81869792]
 [225.84526042]
 [225.78497396]
 [225.63651042]
 [225.55651042]
 [225.45734375]
 [225.32369792]
 [225.16325521]
 [225.07794271]
 [225.07846354]
 [225.10664063]
 [225.17609375]
 [225.36880208]
 [225.57911458]
 [225.69080729]
 [225.72229167]
 [225.82367188]
 [225.93658854]
 [225.96765625]
 [225.91861979]
 [225.9225    ]]
Summary:  Uni24whidch :Local (T1,BS5): 4.97s,523.4s,548.8s
