Dataset loaded from S3 with s3fs and Pyfive: bnl/ch330a.pc19790301-def.nc (0.053,1.2)
Thread times [0.1740121841430664, 0.17484474182128906, 0.23425507545471191, 0.24636483192443848, 0.23826003074645996, 0.2533838748931885, 0.260831356048584, 0.2787158489227295, 0.2798938751220703, 0.46764421463012695, 0.46265196800231934, 0.4741392135620117, 0.48029208183288574, 0.5464179515838623, 0.5836441516876221]
{'load nc time': 1.3845689296722412, 'args': ((0, 0, slice(0, 960, None), slice(None, None, None)),), 'dataset shape': (40, 11, 1921, 2560), 'dataset chunks': (7, 1, 385, 512), 'indexing time (s)': 5.466422080993652, 'chunk number': 1650, 'reduction time (s)': 0.5875091552734375, 'chunks processed': 15, 'storage read (B)': 29685482, 'selection 2 time (s)': 6.061452150344849}
Thread times [0.09763789176940918, 0.1140899658203125, 0.19774985313415527, 0.2817988395690918, 0.2819631099700928, 0.4533848762512207, 0.5117990970611572, 0.5257620811462402, 0.5326018333435059, 0.5528168678283691, 0.5627632141113281, 0.5656142234802246, 0.5737349987030029, 0.6039638519287109, 0.6111311912536621]
{'args': ((1, 0, slice(0, 960, None), slice(None, None, None)),), 'dataset shape': (40, 11, 1921, 2560), 'dataset chunks': (7, 1, 385, 512), 'indexing time (s)': 9.5367431640625e-07, 'chunk number': 1650, 'reduction time (s)': 0.615839958190918, 'chunks processed': 15, 'storage read (B)': 29685482, 'selection 2 time (s)': 0.629525899887085}
Thread times [0.11918497085571289, 0.17845821380615234, 0.5014519691467285, 0.5050637722015381, 0.5716230869293213, 0.6693811416625977, 0.6754739284515381, 0.7285459041595459, 0.7331387996673584, 0.7340950965881348, 0.7532460689544678, 0.755728006362915, 0.7552061080932617, 0.7800641059875488, 0.7915341854095459]
{'args': ((2, 0, slice(0, 960, None), slice(None, None, None)),), 'dataset shape': (40, 11, 1921, 2560), 'dataset chunks': (7, 1, 385, 512), 'indexing time (s)': 9.5367431640625e-07, 'chunk number': 1650, 'reduction time (s)': 0.7959721088409424, 'chunks processed': 15, 'storage read (B)': 29685482, 'selection 2 time (s)': 0.8047077655792236}
Thread times [0.13835787773132324, 0.15183329582214355, 0.2811911106109619, 0.30820584297180176, 0.3827550411224365, 0.45121002197265625, 0.492600679397583, 0.4965038299560547, 0.49568819999694824, 0.5079798698425293, 0.5442180633544922, 0.545335054397583, 0.5500690937042236, 0.5912661552429199, 0.6360588073730469]
{'args': ((3, 0, slice(0, 960, None), slice(None, None, None)),), 'dataset shape': (40, 11, 1921, 2560), 'dataset chunks': (7, 1, 385, 512), 'indexing time (s)': 9.5367431640625e-07, 'chunk number': 1650, 'reduction time (s)': 0.6413540840148926, 'chunks processed': 15, 'storage read (B)': 29685482, 'selection 2 time (s)': 0.6550707817077637}
Thread times [0.1450350284576416, 0.16058707237243652, 0.17641997337341309, 0.19076108932495117, 0.222059965133667, 0.3323688507080078, 0.34770894050598145, 0.33220911026000977, 0.40997910499572754, 0.398801326751709, 0.39888501167297363, 0.4079890251159668, 0.4136209487915039, 0.42752909660339355, 0.4523301124572754]
{'args': ((4, 0, slice(0, 960, None), slice(None, None, None)),), 'dataset shape': (40, 11, 1921, 2560), 'dataset chunks': (7, 1, 385, 512), 'indexing time (s)': 9.5367431640625e-07, 'chunk number': 1650, 'reduction time (s)': 0.4749171733856201, 'chunks processed': 15, 'storage read (B)': 29685482, 'selection 2 time (s)': 0.48948097229003906}
Thread times [0.24376392364501953, 0.2882730960845947, 0.4214940071105957, 0.44752001762390137, 0.4506092071533203, 0.47489190101623535, 0.48032188415527344, 0.4814028739929199, 0.4899320602416992, 0.5004892349243164, 0.5015509128570557, 0.507904052734375, 0.5193939208984375, 0.522022008895874, 0.5431818962097168]
{'args': ((5, 0, slice(0, 960, None), slice(None, None, None)),), 'dataset shape': (40, 11, 1921, 2560), 'dataset chunks': (7, 1, 385, 512), 'indexing time (s)': 9.5367431640625e-07, 'chunk number': 1650, 'reduction time (s)': 0.5483510494232178, 'chunks processed': 15, 'storage read (B)': 29685482, 'selection 2 time (s)': 0.5632572174072266}
Thread times [0.13652682304382324, 0.5488548278808594, 0.5497636795043945, 0.6029539108276367, 0.6413981914520264, 0.707097053527832, 0.7164700031280518, 0.7168519496917725, 0.728046178817749, 0.7318577766418457, 0.7341408729553223, 0.7501440048217773, 0.7572121620178223, 0.7608811855316162, 0.79815673828125]
{'args': ((6, 0, slice(0, 960, None), slice(None, None, None)),), 'dataset shape': (40, 11, 1921, 2560), 'dataset chunks': (7, 1, 385, 512), 'indexing time (s)': 9.5367431640625e-07, 'chunk number': 1650, 'reduction time (s)': 0.8026368618011475, 'chunks processed': 15, 'storage read (B)': 29685482, 'selection 2 time (s)': 0.811985969543457}
Thread times [0.08296608924865723, 0.16393327713012695, 0.17570281028747559, 0.20218110084533691, 0.20805811882019043, 0.24254274368286133, 0.31109189987182617, 0.3617730140686035, 0.36096692085266113, 0.3646519184112549, 0.38329505920410156, 0.39049625396728516, 0.3914761543273926, 0.39301300048828125, 0.441497802734375]
{'args': ((7, 0, slice(0, 960, None), slice(None, None, None)),), 'dataset shape': (40, 11, 1921, 2560), 'dataset chunks': (7, 1, 385, 512), 'indexing time (s)': 9.5367431640625e-07, 'chunk number': 1650, 'reduction time (s)': 0.4495840072631836, 'chunks processed': 15, 'storage read (B)': 29701892, 'selection 2 time (s)': 0.46361327171325684}
Thread times [0.13518905639648438, 0.13691306114196777, 0.1476290225982666, 0.15318989753723145, 0.19585013389587402, 0.19483399391174316, 0.20837187767028809, 0.3038370609283447, 0.3206939697265625, 0.40751004219055176, 0.45803308486938477, 0.4618072509765625, 0.4632298946380615, 0.4743921756744385, 0.5039210319519043]
{'args': ((8, 0, slice(0, 960, None), slice(None, None, None)),), 'dataset shape': (40, 11, 1921, 2560), 'dataset chunks': (7, 1, 385, 512), 'indexing time (s)': 1.1920928955078125e-06, 'chunk number': 1650, 'reduction time (s)': 0.5075569152832031, 'chunks processed': 15, 'storage read (B)': 29701892, 'selection 2 time (s)': 0.5219547748565674}
Thread times [0.1281261444091797, 0.1518418788909912, 0.259660005569458, 0.2800602912902832, 0.2849762439727783, 0.3155498504638672, 0.31403613090515137, 0.3234560489654541, 0.33004021644592285, 0.3331940174102783, 0.3426170349121094, 0.3470010757446289, 0.3554518222808838, 0.3602581024169922, 0.3778829574584961]
{'args': ((9, 0, slice(0, 960, None), slice(None, None, None)),), 'dataset shape': (40, 11, 1921, 2560), 'dataset chunks': (7, 1, 385, 512), 'indexing time (s)': 9.5367431640625e-07, 'chunk number': 1650, 'reduction time (s)': 0.38220810890197754, 'chunks processed': 15, 'storage read (B)': 29701892, 'selection 2 time (s)': 0.39695000648498535}
Thread times [0.18383002281188965, 0.32900404930114746, 0.36607885360717773, 0.5266790390014648, 0.5437839031219482, 0.546334981918335, 0.5518529415130615, 0.5590260028839111, 0.5597102642059326, 0.568824052810669, 0.5744798183441162, 0.5777909755706787, 0.5872440338134766, 0.5936131477355957, 0.5982048511505127]
{'args': ((10, 0, slice(0, 960, None), slice(None, None, None)),), 'dataset shape': (40, 11, 1921, 2560), 'dataset chunks': (7, 1, 385, 512), 'indexing time (s)': 1.1920928955078125e-06, 'chunk number': 1650, 'reduction time (s)': 0.6019110679626465, 'chunks processed': 15, 'storage read (B)': 29701892, 'selection 2 time (s)': 0.6154561042785645}
Thread times [0.40024805068969727, 0.40143704414367676, 0.4708108901977539, 0.47478795051574707, 0.49466490745544434, 0.50016188621521, 0.5162420272827148, 0.5200188159942627, 0.5183968544006348, 0.5326740741729736, 0.5384418964385986, 0.5388109683990479, 0.5555868148803711, 0.5540761947631836, 0.5574591159820557]
{'args': ((11, 0, slice(0, 960, None), slice(None, None, None)),), 'dataset shape': (40, 11, 1921, 2560), 'dataset chunks': (7, 1, 385, 512), 'indexing time (s)': 1.9073486328125e-06, 'chunk number': 1650, 'reduction time (s)': 0.5649762153625488, 'chunks processed': 15, 'storage read (B)': 29701892, 'selection 2 time (s)': 0.5750339031219482}
Thread times [0.11154985427856445, 0.16710495948791504, 0.1672368049621582, 0.2156963348388672, 0.2820467948913574, 0.433243989944458, 0.440540075302124, 0.44142699241638184, 0.44614601135253906, 0.45459485054016113, 0.46025609970092773, 0.46443605422973633, 0.4705212116241455, 0.4772181510925293, 0.48829102516174316]
{'args': ((12, 0, slice(0, 960, None), slice(None, None, None)),), 'dataset shape': (40, 11, 1921, 2560), 'dataset chunks': (7, 1, 385, 512), 'indexing time (s)': 9.5367431640625e-07, 'chunk number': 1650, 'reduction time (s)': 0.4926168918609619, 'chunks processed': 15, 'storage read (B)': 29701892, 'selection 2 time (s)': 0.5063388347625732}
Thread times [0.10064291954040527, 0.12197709083557129, 0.5191338062286377, 0.594139814376831, 0.5990161895751953, 0.6142549514770508, 0.6215941905975342, 0.6189560890197754, 0.6313059329986572, 0.6360208988189697, 0.6403048038482666, 0.646597146987915, 0.6531589031219482, 0.657325029373169, 0.6672592163085938]
{'args': ((13, 0, slice(0, 960, None), slice(None, None, None)),), 'dataset shape': (40, 11, 1921, 2560), 'dataset chunks': (7, 1, 385, 512), 'indexing time (s)': 1.1920928955078125e-06, 'chunk number': 1650, 'reduction time (s)': 0.6710999011993408, 'chunks processed': 15, 'storage read (B)': 29701892, 'selection 2 time (s)': 0.6793208122253418}
Thread times [0.17171096801757812, 0.36878108978271484, 0.4559030532836914, 0.46815991401672363, 0.4712672233581543, 0.4753262996673584, 0.48421287536621094, 0.48668694496154785, 0.4924280643463135, 0.4987456798553467, 0.5006380081176758, 0.5107378959655762, 0.5129961967468262, 0.516618013381958, 0.5265941619873047]
{'args': ((14, 0, slice(0, 960, None), slice(None, None, None)),), 'dataset shape': (40, 11, 1921, 2560), 'dataset chunks': (7, 1, 385, 512), 'indexing time (s)': 9.5367431640625e-07, 'chunk number': 1650, 'reduction time (s)': 0.5299179553985596, 'chunks processed': 15, 'storage read (B)': 29733505, 'selection 2 time (s)': 0.5370559692382812}
Thread times [0.1052999496459961, 0.11557912826538086, 0.3562350273132324, 0.4498577117919922, 0.48119282722473145, 0.6620111465454102, 0.6664741039276123, 0.6671488285064697, 0.6784920692443848, 0.6855900287628174, 0.6916358470916748, 1.0647501945495605, 1.070403814315796, 1.0906598567962646, 1.8864388465881348]
{'args': ((15, 0, slice(0, 960, None), slice(None, None, None)),), 'dataset shape': (40, 11, 1921, 2560), 'dataset chunks': (7, 1, 385, 512), 'indexing time (s)': 9.5367431640625e-07, 'chunk number': 1650, 'reduction time (s)': 1.8881521224975586, 'chunks processed': 15, 'storage read (B)': 29733505, 'selection 2 time (s)': 1.8966948986053467}
Thread times [0.12778902053833008, 0.15689516067504883, 0.17622113227844238, 0.18554210662841797, 0.19242596626281738, 0.19800019264221191, 0.20281124114990234, 0.37883996963500977, 0.38332104682922363, 0.3819148540496826, 0.3958158493041992, 0.4037790298461914, 0.41394615173339844, 0.41286182403564453, 0.42276978492736816]
{'args': ((16, 0, slice(0, 960, None), slice(None, None, None)),), 'dataset shape': (40, 11, 1921, 2560), 'dataset chunks': (7, 1, 385, 512), 'indexing time (s)': 9.5367431640625e-07, 'chunk number': 1650, 'reduction time (s)': 0.43074989318847656, 'chunks processed': 15, 'storage read (B)': 29733505, 'selection 2 time (s)': 0.4434990882873535}
Thread times [0.15447306632995605, 0.15219712257385254, 0.3983442783355713, 0.4877011775970459, 0.49620509147644043, 0.5531117916107178, 0.5534951686859131, 0.5878691673278809, 0.5914640426635742, 0.5916650295257568, 0.6031413078308105, 0.6102809906005859, 0.6117110252380371, 0.6179468631744385, 0.6248869895935059]
{'args': ((17, 0, slice(0, 960, None), slice(None, None, None)),), 'dataset shape': (40, 11, 1921, 2560), 'dataset chunks': (7, 1, 385, 512), 'indexing time (s)': 7.152557373046875e-07, 'chunk number': 1650, 'reduction time (s)': 0.6290149688720703, 'chunks processed': 15, 'storage read (B)': 29733505, 'selection 2 time (s)': 0.6421399116516113}
Thread times [0.12497186660766602, 0.38004517555236816, 0.425853967666626, 0.4604816436767578, 0.47580528259277344, 0.4809889793395996, 0.4818460941314697, 0.48988890647888184, 0.49329090118408203, 0.49938297271728516, 0.5102930068969727, 0.5108118057250977, 0.518035888671875, 0.5256268978118896, 0.527656078338623]
{'args': ((18, 0, slice(0, 960, None), slice(None, None, None)),), 'dataset shape': (40, 11, 1921, 2560), 'dataset chunks': (7, 1, 385, 512), 'indexing time (s)': 0.0, 'chunk number': 1650, 'reduction time (s)': 0.5314528942108154, 'chunks processed': 15, 'storage read (B)': 29733505, 'selection 2 time (s)': 0.5428149700164795}
Thread times [0.11774015426635742, 0.11512923240661621, 0.1261582374572754, 0.13326120376586914, 0.1347792148590088, 0.22813892364501953, 0.46221423149108887, 0.46560215950012207, 0.4660511016845703, 0.4887511730194092, 0.49265480041503906, 0.4931201934814453, 0.5051240921020508, 0.5083980560302734, 0.5083539485931396]
{'args': ((19, 0, slice(0, 960, None), slice(None, None, None)),), 'dataset shape': (40, 11, 1921, 2560), 'dataset chunks': (7, 1, 385, 512), 'indexing time (s)': 9.5367431640625e-07, 'chunk number': 1650, 'reduction time (s)': 0.512876033782959, 'chunks processed': 15, 'storage read (B)': 29733505, 'selection 2 time (s)': 0.5203289985656738}
Thread times [0.19609403610229492, 0.21092700958251953, 0.20899200439453125, 0.21517491340637207, 0.22666311264038086, 0.2250349521636963, 0.34845709800720215, 0.41098499298095703, 0.41124391555786133, 0.41758298873901367, 0.42546987533569336, 0.42943620681762695, 0.43602705001831055, 0.44247913360595703, 0.44483518600463867]
{'args': ((20, 0, slice(0, 960, None), slice(None, None, None)),), 'dataset shape': (40, 11, 1921, 2560), 'dataset chunks': (7, 1, 385, 512), 'indexing time (s)': 1.1920928955078125e-06, 'chunk number': 1650, 'reduction time (s)': 0.4500417709350586, 'chunks processed': 15, 'storage read (B)': 29733505, 'selection 2 time (s)': 0.46435976028442383}
Thread times [0.10610079765319824, 0.13675475120544434, 0.13812828063964844, 0.454038143157959, 0.453657865524292, 0.45688295364379883, 0.4612858295440674, 0.4686930179595947, 0.48398900032043457, 0.48585987091064453, 0.48897480964660645, 0.5055139064788818, 0.5043890476226807, 0.50689697265625, 0.5178020000457764]
{'args': ((21, 0, slice(0, 960, None), slice(None, None, None)),), 'dataset shape': (40, 11, 1921, 2560), 'dataset chunks': (7, 1, 385, 512), 'indexing time (s)': 0.0, 'chunk number': 1650, 'reduction time (s)': 0.5230720043182373, 'chunks processed': 15, 'storage read (B)': 29686785, 'selection 2 time (s)': 0.5360281467437744}
Thread times [0.13223600387573242, 0.5323939323425293, 0.5330531597137451, 0.6197910308837891, 0.6383910179138184, 0.671947717666626, 0.6900527477264404, 0.6964809894561768, 0.7129561901092529, 0.7138669490814209, 0.7159769535064697, 0.7331082820892334, 0.737313985824585, 0.7370152473449707, 0.7464210987091064]
{'args': ((22, 0, slice(0, 960, None), slice(None, None, None)),), 'dataset shape': (40, 11, 1921, 2560), 'dataset chunks': (7, 1, 385, 512), 'indexing time (s)': 9.5367431640625e-07, 'chunk number': 1650, 'reduction time (s)': 0.7516839504241943, 'chunks processed': 15, 'storage read (B)': 29686785, 'selection 2 time (s)': 0.7621970176696777}
Thread times [0.07929325103759766, 0.3095541000366211, 0.3709712028503418, 0.4280576705932617, 0.4290921688079834, 0.42919206619262695, 0.44330430030822754, 0.4459812641143799, 0.4443650245666504, 0.45893287658691406, 0.46724510192871094, 0.4701671600341797, 0.48289990425109863, 0.4843299388885498, 0.48726701736450195]
{'args': ((23, 0, slice(0, 960, None), slice(None, None, None)),), 'dataset shape': (40, 11, 1921, 2560), 'dataset chunks': (7, 1, 385, 512), 'indexing time (s)': 9.5367431640625e-07, 'chunk number': 1650, 'reduction time (s)': 0.4920933246612549, 'chunks processed': 15, 'storage read (B)': 29686785, 'selection 2 time (s)': 0.5032179355621338}
Thread times [0.17769408226013184, 0.34279823303222656, 0.3555159568786621, 0.4877798557281494, 0.49387288093566895, 0.5146231651306152, 0.5221090316772461, 0.5810601711273193, 0.5906870365142822, 0.5947830677032471, 0.5997228622436523, 0.6462690830230713, 0.6515028476715088, 0.6529381275177002, 0.6582598686218262]
{'args': ((24, 0, slice(0, 960, None), slice(None, None, None)),), 'dataset shape': (40, 11, 1921, 2560), 'dataset chunks': (7, 1, 385, 512), 'indexing time (s)': 9.5367431640625e-07, 'chunk number': 1650, 'reduction time (s)': 0.6633570194244385, 'chunks processed': 15, 'storage read (B)': 29686785, 'selection 2 time (s)': 0.6748661994934082}
Thread times [0.2214658260345459, 0.22157001495361328, 0.39049601554870605, 0.47870683670043945, 0.661064863204956, 0.6700518131256104, 0.6960930824279785, 0.697685956954956, 0.7049610614776611, 0.7123019695281982, 0.7174537181854248, 0.7265572547912598, 0.7385852336883545, 0.7410950660705566, 0.7442021369934082]
{'args': ((25, 0, slice(0, 960, None), slice(None, None, None)),), 'dataset shape': (40, 11, 1921, 2560), 'dataset chunks': (7, 1, 385, 512), 'indexing time (s)': 0.0, 'chunk number': 1650, 'reduction time (s)': 0.7495059967041016, 'chunks processed': 15, 'storage read (B)': 29686785, 'selection 2 time (s)': 0.7612998485565186}
Thread times [0.14304423332214355, 0.18416500091552734, 0.1888120174407959, 0.19387602806091309, 0.20044493675231934, 0.3149600028991699, 0.3351750373840332, 0.41530585289001465, 0.42633795738220215, 0.4439408779144287, 0.4538390636444092, 0.4553110599517822, 0.4595928192138672, 0.4653499126434326, 0.470015287399292]
{'args': ((26, 0, slice(0, 960, None), slice(None, None, None)),), 'dataset shape': (40, 11, 1921, 2560), 'dataset chunks': (7, 1, 385, 512), 'indexing time (s)': 1.1920928955078125e-06, 'chunk number': 1650, 'reduction time (s)': 0.4766261577606201, 'chunks processed': 15, 'storage read (B)': 29686785, 'selection 2 time (s)': 0.48528289794921875}
Thread times [0.11315798759460449, 0.16493678092956543, 0.20482110977172852, 0.22493290901184082, 0.31661391258239746, 0.3390183448791504, 0.37528395652770996, 0.37516307830810547, 0.38123273849487305, 0.38597798347473145, 0.39898681640625, 0.40311193466186523, 0.405947208404541, 0.41226792335510254, 0.4153740406036377]
{'args': ((27, 0, slice(0, 960, None), slice(None, None, None)),), 'dataset shape': (40, 11, 1921, 2560), 'dataset chunks': (7, 1, 385, 512), 'indexing time (s)': 1.1920928955078125e-06, 'chunk number': 1650, 'reduction time (s)': 0.4211747646331787, 'chunks processed': 15, 'storage read (B)': 29686785, 'selection 2 time (s)': 0.43366408348083496}
Thread times [0.12421178817749023, 0.13231921195983887, 0.13885903358459473, 0.27019500732421875, 0.32778334617614746, 0.3330881595611572, 0.3834869861602783, 0.3944058418273926, 0.3987398147583008, 0.4014573097229004, 0.413956880569458, 0.4148139953613281, 0.4190547466278076, 0.42632579803466797, 0.47125697135925293]
{'args': ((28, 0, slice(0, 960, None), slice(None, None, None)),), 'dataset shape': (40, 11, 1921, 2560), 'dataset chunks': (7, 1, 385, 512), 'indexing time (s)': 9.5367431640625e-07, 'chunk number': 1650, 'reduction time (s)': 0.47598910331726074, 'chunks processed': 15, 'storage read (B)': 29670387, 'selection 2 time (s)': 0.489879846572876}
Thread times [0.11656403541564941, 0.1491069793701172, 0.1632397174835205, 0.16468381881713867, 0.2052910327911377, 0.20763492584228516, 0.21253585815429688, 0.22355413436889648, 0.284121036529541, 0.3231971263885498, 0.3295919895172119, 0.3328368663787842, 0.34523510932922363, 0.3488271236419678, 0.4009828567504883]
{'args': ((29, 0, slice(0, 960, None), slice(None, None, None)),), 'dataset shape': (40, 11, 1921, 2560), 'dataset chunks': (7, 1, 385, 512), 'indexing time (s)': 1.1920928955078125e-06, 'chunk number': 1650, 'reduction time (s)': 0.40604186058044434, 'chunks processed': 15, 'storage read (B)': 29670387, 'selection 2 time (s)': 0.4197862148284912}
Thread times [0.08761215209960938, 0.11251688003540039, 0.2542440891265869, 0.4539618492126465, 0.45895910263061523, 0.4652059078216553, 0.47796201705932617, 0.48005032539367676, 0.4821817874908447, 0.49643588066101074, 0.4974539279937744, 0.5017483234405518, 0.5105030536651611, 0.5133731365203857, 0.5194330215454102]
{'args': ((30, 0, slice(0, 960, None), slice(None, None, None)),), 'dataset shape': (40, 11, 1921, 2560), 'dataset chunks': (7, 1, 385, 512), 'indexing time (s)': 9.5367431640625e-07, 'chunk number': 1650, 'reduction time (s)': 0.5246448516845703, 'chunks processed': 15, 'storage read (B)': 29670387, 'selection 2 time (s)': 0.5335900783538818}
Thread times [0.10381674766540527, 0.19408297538757324, 0.19271516799926758, 0.35625505447387695, 0.3575408458709717, 0.5300469398498535, 0.5464260578155518, 0.5704238414764404, 0.569655179977417, 0.5711579322814941, 0.5840582847595215, 0.5916728973388672, 0.5919709205627441, 0.6005959510803223, 0.614797830581665]
{'args': ((31, 0, slice(0, 960, None), slice(None, None, None)),), 'dataset shape': (40, 11, 1921, 2560), 'dataset chunks': (7, 1, 385, 512), 'indexing time (s)': 1.1920928955078125e-06, 'chunk number': 1650, 'reduction time (s)': 0.6258049011230469, 'chunks processed': 15, 'storage read (B)': 29670387, 'selection 2 time (s)': 0.6394727230072021}
Thread times [0.16886210441589355, 0.17605805397033691, 0.19835400581359863, 0.20001912117004395, 0.2087697982788086, 0.30954766273498535, 0.34691882133483887, 0.3703577518463135, 0.38118600845336914, 0.38367629051208496, 0.39423108100891113, 0.4095888137817383, 0.41112613677978516, 0.4143490791320801, 0.4482271671295166]
{'args': ((32, 0, slice(0, 960, None), slice(None, None, None)),), 'dataset shape': (40, 11, 1921, 2560), 'dataset chunks': (7, 1, 385, 512), 'indexing time (s)': 9.5367431640625e-07, 'chunk number': 1650, 'reduction time (s)': 0.4528799057006836, 'chunks processed': 15, 'storage read (B)': 29670387, 'selection 2 time (s)': 0.46882200241088867}
Thread times [0.40187597274780273, 0.4023563861846924, 0.5467729568481445, 0.569561243057251, 0.5717921257019043, 0.571631908416748, 0.5847640037536621, 0.5885312557220459, 0.5938129425048828, 0.6008117198944092, 0.6041407585144043, 0.6088681221008301, 0.6209971904754639, 0.6218581199645996, 0.6264431476593018]
{'args': ((33, 0, slice(0, 960, None), slice(None, None, None)),), 'dataset shape': (40, 11, 1921, 2560), 'dataset chunks': (7, 1, 385, 512), 'indexing time (s)': 1.1920928955078125e-06, 'chunk number': 1650, 'reduction time (s)': 0.6314077377319336, 'chunks processed': 15, 'storage read (B)': 29670387, 'selection 2 time (s)': 0.6433191299438477}
Thread times [0.10998702049255371, 0.12993288040161133, 0.15087175369262695, 0.18945002555847168, 0.45627689361572266, 0.45795321464538574, 0.4774298667907715, 0.4917149543762207, 0.49453186988830566, 0.4921290874481201, 0.5113158226013184, 0.512488842010498, 0.5170509815216064, 0.5278079509735107, 0.529088020324707]
{'args': ((34, 0, slice(0, 960, None), slice(None, None, None)),), 'dataset shape': (40, 11, 1921, 2560), 'dataset chunks': (7, 1, 385, 512), 'indexing time (s)': 1.1920928955078125e-06, 'chunk number': 1650, 'reduction time (s)': 0.5339159965515137, 'chunks processed': 15, 'storage read (B)': 29670387, 'selection 2 time (s)': 0.5451030731201172}
Thread times [0.1731572151184082, 0.17813706398010254, 0.3536081314086914, 0.3840210437774658, 0.40308308601379395, 0.40598201751708984, 0.4156148433685303, 0.4172029495239258, 0.41835880279541016, 0.4272470474243164, 0.43408799171447754, 0.4359149932861328, 0.4418661594390869, 0.44572877883911133, 0.44663190841674805]
{'args': ((35, 0, slice(0, 960, None), slice(None, None, None)),), 'dataset shape': (40, 11, 1921, 2560), 'dataset chunks': (7, 1, 385, 512), 'indexing time (s)': 1.1920928955078125e-06, 'chunk number': 1650, 'reduction time (s)': 0.4511089324951172, 'chunks processed': 15, 'storage read (B)': 21287473, 'selection 2 time (s)': 0.45977020263671875}
Thread times [0.1899411678314209, 0.1913771629333496, 0.19376897811889648, 0.25376319885253906, 0.2573740482330322, 0.26130199432373047, 0.28638482093811035, 0.28548407554626465, 0.30117321014404297, 0.2996401786804199, 0.3051879405975342, 0.31519055366516113, 0.31537699699401855, 0.3187582492828369, 0.32373785972595215]
{'args': ((36, 0, slice(0, 960, None), slice(None, None, None)),), 'dataset shape': (40, 11, 1921, 2560), 'dataset chunks': (7, 1, 385, 512), 'indexing time (s)': 1.1920928955078125e-06, 'chunk number': 1650, 'reduction time (s)': 0.32835888862609863, 'chunks processed': 15, 'storage read (B)': 21287473, 'selection 2 time (s)': 0.3359801769256592}
Thread times [0.17176008224487305, 0.2151939868927002, 0.27214717864990234, 0.31363511085510254, 0.34385204315185547, 0.35489416122436523, 0.3650639057159424, 0.3676166534423828, 0.36747312545776367, 0.3746819496154785, 0.382598876953125, 0.38654184341430664, 0.38913393020629883, 0.3960280418395996, 0.39574718475341797]
{'args': ((37, 0, slice(0, 960, None), slice(None, None, None)),), 'dataset shape': (40, 11, 1921, 2560), 'dataset chunks': (7, 1, 385, 512), 'indexing time (s)': 9.5367431640625e-07, 'chunk number': 1650, 'reduction time (s)': 0.4015469551086426, 'chunks processed': 15, 'storage read (B)': 21287473, 'selection 2 time (s)': 0.4125051498413086}
Thread times [0.26009178161621094, 0.31669092178344727, 0.3333699703216553, 0.3588368892669678, 0.36769676208496094, 0.36977219581604004, 0.373187780380249, 0.36873912811279297, 0.37184691429138184, 0.3812530040740967, 0.3864567279815674, 0.3896629810333252, 0.3988831043243408, 0.4043099880218506, 0.40510010719299316]
{'args': ((38, 0, slice(0, 960, None), slice(None, None, None)),), 'dataset shape': (40, 11, 1921, 2560), 'dataset chunks': (7, 1, 385, 512), 'indexing time (s)': 9.5367431640625e-07, 'chunk number': 1650, 'reduction time (s)': 0.40912580490112305, 'chunks processed': 15, 'storage read (B)': 21287473, 'selection 2 time (s)': 0.4183368682861328}
Thread times [0.23887181282043457, 0.3221452236175537, 0.3494758605957031, 0.35676074028015137, 0.35793590545654297, 0.3709230422973633, 0.3739500045776367, 0.3847072124481201, 0.3863201141357422, 0.38780689239501953, 0.3975207805633545, 0.4007110595703125, 0.4035348892211914, 0.4132850170135498, 0.4139108657836914]
{'args': ((39, 0, slice(0, 960, None), slice(None, None, None)),), 'dataset shape': (40, 11, 1921, 2560), 'dataset chunks': (7, 1, 385, 512), 'indexing time (s)': 9.5367431640625e-07, 'chunk number': 1650, 'reduction time (s)': 0.41879701614379883, 'chunks processed': 15, 'storage read (B)': 21287473, 'selection 2 time (s)': 0.42937326431274414}
[[226.07820312]
 [226.0646875 ]
 [225.93776042]
 [225.90822917]
 [225.91739583]
 [225.88460937]
 [225.82083333]
 [225.85434896]
 [225.98346354]
 [226.03822917]
 [226.01320312]
 [226.02333333]
 [226.03765625]
 [226.00486979]
 [225.91776042]
 [225.9403125 ]
 [225.98729167]
 [225.91450521]
 [225.81239583]
 [225.81890625]
 [225.8453125 ]
 [225.785     ]
 [225.63648438]
 [225.5565625 ]
 [225.45747396]
 [225.32382813]
 [225.16338542]
 [225.07786458]
 [225.07846354]
 [225.10666667]
 [225.17609375]
 [225.36867187]
 [225.57927083]
 [225.69085938]
 [225.72221354]
 [225.82369792]
 [225.93640625]
 [225.96760417]
 [225.91872396]
 [225.92236979]]
Summary:  Uni24whidch :Active (T100,BS1): 1.38s,22.85s,30.16s
