Dataset loaded from S3 with s3fs and Pyfive: bnl/ch330a.pc19790301-def.nc (0.049,1.0)
Thread times [0.2742331027984619, 0.25147390365600586, 0.3995232582092285, 0.3273930549621582, 0.3461740016937256, 0.5604500770568848, 0.3872201442718506, 0.46848201751708984, 0.5008609294891357, 0.421428918838501, 0.3921329975128174, 0.5695931911468506, 0.41741204261779785, 0.35410308837890625, 0.3602147102355957]
{'load nc time': 1.2477939128875732, 'args': ((0, 0, slice(0, 960, None), slice(None, None, None)),), 'dataset shape': (40, 11, 1921, 2560), 'dataset chunks': (7, 1, 385, 512), 'indexing time (s)': 5.8194122314453125, 'chunk number': 1650, 'reduction time (s)': 6.031566143035889, 'chunks processed': 15, 'storage read (B)': 29685482, 'selection 1 time (s)': 11.851280212402344}
Thread times [0.27518224716186523, 0.29869604110717773, 0.5079736709594727, 0.39456725120544434, 0.5138182640075684, 0.5679738521575928, 0.45773792266845703, 0.43148374557495117, 0.5170929431915283, 0.5712089538574219, 0.4517340660095215, 0.5171608924865723, 0.3710908889770508, 0.4224252700805664, 0.3208279609680176]
{'args': ((1, 0, slice(0, 960, None), slice(None, None, None)),), 'dataset shape': (40, 11, 1921, 2560), 'dataset chunks': (7, 1, 385, 512), 'indexing time (s)': 9.5367431640625e-07, 'chunk number': 1650, 'reduction time (s)': 6.619724988937378, 'chunks processed': 15, 'storage read (B)': 29685482, 'selection 1 time (s)': 6.619819164276123}
Thread times [0.27271604537963867, 0.2509729862213135, 0.3750030994415283, 0.39258813858032227, 0.38405418395996094, 0.48708415031433105, 0.4120490550994873, 0.4362061023712158, 0.48184919357299805, 0.36257100105285645, 0.442673921585083, 1.620703935623169, 0.4631659984588623, 0.417949914932251, 0.40677881240844727]
{'args': ((2, 0, slice(0, 960, None), slice(None, None, None)),), 'dataset shape': (40, 11, 1921, 2560), 'dataset chunks': (7, 1, 385, 512), 'indexing time (s)': 1.1920928955078125e-06, 'chunk number': 1650, 'reduction time (s)': 7.207178831100464, 'chunks processed': 15, 'storage read (B)': 29685482, 'selection 1 time (s)': 7.207280874252319}
Thread times [0.31189608573913574, 0.23712587356567383, 0.3188512325286865, 0.34821295738220215, 0.33418703079223633, 0.44727230072021484, 0.40966200828552246, 0.4583299160003662, 0.5283792018890381, 0.4377939701080322, 0.37938809394836426, 0.55934739112854, 0.4818239212036133, 0.39090800285339355, 0.38462114334106445]
{'args': ((3, 0, slice(0, 960, None), slice(None, None, None)),), 'dataset shape': (40, 11, 1921, 2560), 'dataset chunks': (7, 1, 385, 512), 'indexing time (s)': 9.5367431640625e-07, 'chunk number': 1650, 'reduction time (s)': 6.028525114059448, 'chunks processed': 15, 'storage read (B)': 29685482, 'selection 1 time (s)': 6.028615236282349}
Thread times [0.32999300956726074, 0.2696340084075928, 0.36118197441101074, 0.35787391662597656, 0.3590850830078125, 0.5226082801818848, 0.4005930423736572, 0.400637149810791, 0.5361771583557129, 0.4088759422302246, 0.37166690826416016, 0.6514029502868652, 0.4012160301208496, 0.45531797409057617, 0.3914461135864258]
{'args': ((4, 0, slice(0, 960, None), slice(None, None, None)),), 'dataset shape': (40, 11, 1921, 2560), 'dataset chunks': (7, 1, 385, 512), 'indexing time (s)': 9.5367431640625e-07, 'chunk number': 1650, 'reduction time (s)': 6.2184460163116455, 'chunks processed': 15, 'storage read (B)': 29685482, 'selection 1 time (s)': 6.218538045883179}
Thread times [0.25073885917663574, 0.24398589134216309, 0.320418119430542, 0.3565530776977539, 0.28128480911254883, 0.5064220428466797, 0.39166784286499023, 0.46933603286743164, 0.5138468742370605, 0.3959519863128662, 0.4080641269683838, 0.5734002590179443, 0.4144158363342285, 0.3663790225982666, 0.3439967632293701]
{'args': ((5, 0, slice(0, 960, None), slice(None, None, None)),), 'dataset shape': (40, 11, 1921, 2560), 'dataset chunks': (7, 1, 385, 512), 'indexing time (s)': 9.5367431640625e-07, 'chunk number': 1650, 'reduction time (s)': 5.837402105331421, 'chunks processed': 15, 'storage read (B)': 29685482, 'selection 1 time (s)': 5.837538003921509}
Thread times [0.2689998149871826, 0.2846407890319824, 0.3416869640350342, 0.29787206649780273, 0.29462313652038574, 0.4824402332305908, 0.3725719451904297, 0.36187195777893066, 0.4704709053039551, 0.3307170867919922, 0.358997106552124, 0.4754359722137451, 0.3405280113220215, 0.4134190082550049, 0.3460407257080078]
{'args': ((6, 0, slice(0, 960, None), slice(None, None, None)),), 'dataset shape': (40, 11, 1921, 2560), 'dataset chunks': (7, 1, 385, 512), 'indexing time (s)': 1.6689300537109375e-06, 'chunk number': 1650, 'reduction time (s)': 5.441143989562988, 'chunks processed': 15, 'storage read (B)': 29685482, 'selection 1 time (s)': 5.441332101821899}
Thread times [0.2730419635772705, 0.2529258728027344, 0.3139028549194336, 0.5408570766448975, 0.4312710762023926, 0.4117131233215332, 0.38606786727905273, 0.5303192138671875, 0.34717535972595215, 0.4362649917602539, 0.3365929126739502, 0.35893702507019043, 0.4768667221069336, 0.4106471538543701, 0.43735408782958984]
{'args': ((7, 0, slice(0, 960, None), slice(None, None, None)),), 'dataset shape': (40, 11, 1921, 2560), 'dataset chunks': (7, 1, 385, 512), 'indexing time (s)': 1.1920928955078125e-06, 'chunk number': 1650, 'reduction time (s)': 5.94468092918396, 'chunks processed': 15, 'storage read (B)': 29701892, 'selection 1 time (s)': 5.944777011871338}
Thread times [0.2336711883544922, 0.29293394088745117, 0.24584197998046875, 0.25751495361328125, 0.2509431838989258, 0.3022952079772949, 0.3811452388763428, 0.4724123477935791, 0.2886641025543213, 0.26629185676574707, 0.41672277450561523, 0.4169631004333496, 0.4595832824707031, 0.4831218719482422, 0.34351682662963867]
{'args': ((8, 0, slice(0, 960, None), slice(None, None, None)),), 'dataset shape': (40, 11, 1921, 2560), 'dataset chunks': (7, 1, 385, 512), 'indexing time (s)': 9.5367431640625e-07, 'chunk number': 1650, 'reduction time (s)': 5.112331867218018, 'chunks processed': 15, 'storage read (B)': 29701892, 'selection 1 time (s)': 5.112434148788452}
Thread times [0.24323391914367676, 0.2395310401916504, 0.42568302154541016, 0.305696964263916, 0.42398786544799805, 0.3303720951080322, 0.38553404808044434, 0.4843902587890625, 0.27288222312927246, 0.31348705291748047, 0.3393070697784424, 0.35158395767211914, 0.5125079154968262, 0.43732309341430664, 0.3682692050933838]
{'args': ((9, 0, slice(0, 960, None), slice(None, None, None)),), 'dataset shape': (40, 11, 1921, 2560), 'dataset chunks': (7, 1, 385, 512), 'indexing time (s)': 9.5367431640625e-07, 'chunk number': 1650, 'reduction time (s)': 5.434518098831177, 'chunks processed': 15, 'storage read (B)': 29701892, 'selection 1 time (s)': 5.434607744216919}
Thread times [0.24231910705566406, 0.23149394989013672, 0.290463924407959, 0.29679203033447266, 0.3045210838317871, 0.30023193359375, 0.3133199214935303, 0.39171504974365234, 0.253922700881958, 0.25702929496765137, 0.31641292572021484, 0.3676128387451172, 0.4575040340423584, 0.3448750972747803, 0.3294088840484619]
{'args': ((10, 0, slice(0, 960, None), slice(None, None, None)),), 'dataset shape': (40, 11, 1921, 2560), 'dataset chunks': (7, 1, 385, 512), 'indexing time (s)': 1.1920928955078125e-06, 'chunk number': 1650, 'reduction time (s)': 4.69831395149231, 'chunks processed': 15, 'storage read (B)': 29701892, 'selection 1 time (s)': 4.6984052658081055}
Thread times [0.22563385963439941, 0.24512815475463867, 0.289294958114624, 0.28517866134643555, 0.30197620391845703, 0.3861727714538574, 0.33402109146118164, 0.44426870346069336, 0.30826711654663086, 0.30856823921203613, 0.35935187339782715, 0.4678037166595459, 0.5597858428955078, 0.4408230781555176, 0.37465906143188477]
{'args': ((11, 0, slice(0, 960, None), slice(None, None, None)),), 'dataset shape': (40, 11, 1921, 2560), 'dataset chunks': (7, 1, 385, 512), 'indexing time (s)': 9.5367431640625e-07, 'chunk number': 1650, 'reduction time (s)': 5.331653118133545, 'chunks processed': 15, 'storage read (B)': 29701892, 'selection 1 time (s)': 5.331744909286499}
Thread times [0.2976338863372803, 0.3295300006866455, 0.3567039966583252, 0.31658482551574707, 0.31638503074645996, 0.36083292961120605, 0.4002649784088135, 0.504871129989624, 0.35793089866638184, 0.31804895401000977, 0.38695311546325684, 0.40041089057922363, 0.4959418773651123, 0.35906195640563965, 0.36977577209472656]
{'args': ((12, 0, slice(0, 960, None), slice(None, None, None)),), 'dataset shape': (40, 11, 1921, 2560), 'dataset chunks': (7, 1, 385, 512), 'indexing time (s)': 9.5367431640625e-07, 'chunk number': 1650, 'reduction time (s)': 5.571732044219971, 'chunks processed': 15, 'storage read (B)': 29701892, 'selection 1 time (s)': 5.571840047836304}
Thread times [0.30759596824645996, 0.306290864944458, 0.34723901748657227, 0.3161039352416992, 0.3469269275665283, 0.3604919910430908, 0.33868908882141113, 0.4416377544403076, 0.27902984619140625, 0.2797529697418213, 0.34316182136535645, 0.3896968364715576, 0.4989278316497803, 0.41579699516296387, 0.41441917419433594]
{'args': ((13, 0, slice(0, 960, None), slice(None, None, None)),), 'dataset shape': (40, 11, 1921, 2560), 'dataset chunks': (7, 1, 385, 512), 'indexing time (s)': 0.0, 'chunk number': 1650, 'reduction time (s)': 5.387181043624878, 'chunks processed': 15, 'storage read (B)': 29701892, 'selection 1 time (s)': 5.387300252914429}
Thread times [0.2903621196746826, 0.27204394340515137, 0.35349607467651367, 0.30197811126708984, 0.3606703281402588, 0.4215888977050781, 0.3712279796600342, 0.3709676265716553, 0.39466404914855957, 0.35767173767089844, 0.2743980884552002, 0.33832383155822754, 0.3539910316467285, 0.34514689445495605, 0.378065824508667]
{'args': ((14, 0, slice(0, 960, None), slice(None, None, None)),), 'dataset shape': (40, 11, 1921, 2560), 'dataset chunks': (7, 1, 385, 512), 'indexing time (s)': 9.5367431640625e-07, 'chunk number': 1650, 'reduction time (s)': 5.185583114624023, 'chunks processed': 15, 'storage read (B)': 29733505, 'selection 1 time (s)': 5.18572998046875}
Thread times [0.2517108917236328, 0.2641947269439697, 0.2883429527282715, 0.2890191078186035, 0.2659721374511719, 0.41960811614990234, 0.38302016258239746, 0.4780890941619873, 0.41524672508239746, 0.426516056060791, 0.4321589469909668, 0.47348904609680176, 0.40810585021972656, 0.6258389949798584, 0.6151890754699707]
{'args': ((15, 0, slice(0, 960, None), slice(None, None, None)),), 'dataset shape': (40, 11, 1921, 2560), 'dataset chunks': (7, 1, 385, 512), 'indexing time (s)': 9.5367431640625e-07, 'chunk number': 1650, 'reduction time (s)': 6.037248134613037, 'chunks processed': 15, 'storage read (B)': 29733505, 'selection 1 time (s)': 6.037348031997681}
Thread times [0.625277042388916, 0.46661901473999023, 0.6206841468811035, 0.5303289890289307, 0.5626082420349121, 0.5061130523681641, 0.6212599277496338, 0.6029911041259766, 0.5065760612487793, 0.5572059154510498, 0.49024105072021484, 0.538104772567749, 0.5196559429168701, 0.54522705078125, 0.49834632873535156]
{'args': ((16, 0, slice(0, 960, None), slice(None, None, None)),), 'dataset shape': (40, 11, 1921, 2560), 'dataset chunks': (7, 1, 385, 512), 'indexing time (s)': 1.1920928955078125e-06, 'chunk number': 1650, 'reduction time (s)': 8.191972017288208, 'chunks processed': 15, 'storage read (B)': 29733505, 'selection 1 time (s)': 8.192075729370117}
Thread times [0.4198570251464844, 0.325153112411499, 0.37744617462158203, 0.44275784492492676, 0.45468592643737793, 0.4553201198577881, 0.558197021484375, 0.5841789245605469, 0.5390620231628418, 0.6408188343048096, 0.5177607536315918, 0.3810310363769531, 0.36998510360717773, 0.3609180450439453, 0.3674647808074951]
{'args': ((17, 0, slice(0, 960, None), slice(None, None, None)),), 'dataset shape': (40, 11, 1921, 2560), 'dataset chunks': (7, 1, 385, 512), 'indexing time (s)': 9.5367431640625e-07, 'chunk number': 1650, 'reduction time (s)': 6.795371055603027, 'chunks processed': 15, 'storage read (B)': 29733505, 'selection 1 time (s)': 6.7954628467559814}
Thread times [0.3519902229309082, 0.2673642635345459, 0.34940195083618164, 0.37766599655151367, 0.2959938049316406, 0.40346193313598633, 0.38785600662231445, 0.39028096199035645, 0.602043867111206, 0.38069987297058105, 0.2991621494293213, 0.33991503715515137, 0.33881092071533203, 0.3225550651550293, 0.3399810791015625]
{'args': ((18, 0, slice(0, 960, None), slice(None, None, None)),), 'dataset shape': (40, 11, 1921, 2560), 'dataset chunks': (7, 1, 385, 512), 'indexing time (s)': 1.1920928955078125e-06, 'chunk number': 1650, 'reduction time (s)': 5.447911977767944, 'chunks processed': 15, 'storage read (B)': 29733505, 'selection 1 time (s)': 5.44800591468811}
Thread times [0.2634398937225342, 0.45083117485046387, 0.2913539409637451, 0.3789210319519043, 0.2689778804779053, 0.29276490211486816, 0.3778200149536133, 0.3544600009918213, 0.36099720001220703, 0.3077659606933594, 0.3886692523956299, 0.38054513931274414, 0.35082507133483887, 0.5785667896270752, 0.3128199577331543]
{'args': ((19, 0, slice(0, 960, None), slice(None, None, None)),), 'dataset shape': (40, 11, 1921, 2560), 'dataset chunks': (7, 1, 385, 512), 'indexing time (s)': 1.1920928955078125e-06, 'chunk number': 1650, 'reduction time (s)': 5.359662055969238, 'chunks processed': 15, 'storage read (B)': 29733505, 'selection 1 time (s)': 5.360130071640015}
Thread times [0.38001489639282227, 0.3848409652709961, 0.6608438491821289, 0.6569573879241943, 0.6999320983886719, 0.8852450847625732, 0.9576718807220459, 1.1532680988311768, 0.8926770687103271, 0.890981912612915, 1.1955540180206299, 0.9697260856628418, 0.552372932434082, 0.9556028842926025, 1.0135438442230225]
{'args': ((20, 0, slice(0, 960, None), slice(None, None, None)),), 'dataset shape': (40, 11, 1921, 2560), 'dataset chunks': (7, 1, 385, 512), 'indexing time (s)': 7.152557373046875e-07, 'chunk number': 1650, 'reduction time (s)': 12.250379085540771, 'chunks processed': 15, 'storage read (B)': 29733505, 'selection 1 time (s)': 12.250485897064209}
Thread times [0.6780328750610352, 0.40944886207580566, 0.3388080596923828, 0.19539785385131836, 0.23953628540039062, 0.48618507385253906, 0.3878211975097656, 0.4122798442840576, 0.4216320514678955, 0.3544931411743164, 0.38410377502441406, 0.3725271224975586, 0.5045480728149414, 0.5187978744506836, 0.2838468551635742]
{'args': ((21, 0, slice(0, 960, None), slice(None, None, None)),), 'dataset shape': (40, 11, 1921, 2560), 'dataset chunks': (7, 1, 385, 512), 'indexing time (s)': 9.5367431640625e-07, 'chunk number': 1650, 'reduction time (s)': 5.988186836242676, 'chunks processed': 15, 'storage read (B)': 29686785, 'selection 1 time (s)': 5.98828387260437}
Thread times [0.26785922050476074, 0.21052789688110352, 0.35668110847473145, 1.2076458930969238, 0.22220587730407715, 0.45653200149536133, 0.4171607494354248, 0.4404160976409912, 0.38372802734375, 0.4059009552001953, 0.3570377826690674, 0.43360400199890137, 0.5756790637969971, 0.4649369716644287, 0.2721140384674072]
{'args': ((22, 0, slice(0, 960, None), slice(None, None, None)),), 'dataset shape': (40, 11, 1921, 2560), 'dataset chunks': (7, 1, 385, 512), 'indexing time (s)': 9.5367431640625e-07, 'chunk number': 1650, 'reduction time (s)': 6.472944974899292, 'chunks processed': 15, 'storage read (B)': 29686785, 'selection 1 time (s)': 6.473093748092651}
Thread times [0.3025832176208496, 0.2446751594543457, 0.3633408546447754, 0.17426204681396484, 0.20110082626342773, 0.41351771354675293, 0.3298509120941162, 0.3528318405151367, 0.32940220832824707, 0.36327600479125977, 0.3705751895904541, 0.37527918815612793, 0.48513197898864746, 0.4069051742553711, 0.29195594787597656]
{'args': ((23, 0, slice(0, 960, None), slice(None, None, None)),), 'dataset shape': (40, 11, 1921, 2560), 'dataset chunks': (7, 1, 385, 512), 'indexing time (s)': 2.09808349609375e-05, 'chunk number': 1650, 'reduction time (s)': 5.005605220794678, 'chunks processed': 15, 'storage read (B)': 29686785, 'selection 1 time (s)': 5.005841016769409}
Thread times [0.23680782318115234, 0.23637795448303223, 0.29623985290527344, 0.1763896942138672, 0.24923968315124512, 0.4341850280761719, 0.47628331184387207, 0.4338240623474121, 0.45166516304016113, 0.45111703872680664, 0.4807779788970947, 0.45742201805114746, 0.5517220497131348, 0.5063660144805908, 0.3111441135406494]
{'args': ((24, 0, slice(0, 960, None), slice(None, None, None)),), 'dataset shape': (40, 11, 1921, 2560), 'dataset chunks': (7, 1, 385, 512), 'indexing time (s)': 9.5367431640625e-07, 'chunk number': 1650, 'reduction time (s)': 5.750525951385498, 'chunks processed': 15, 'storage read (B)': 29686785, 'selection 1 time (s)': 5.750622987747192}
Thread times [0.26291513442993164, 0.24735093116760254, 0.34046196937561035, 0.1901230812072754, 0.21599698066711426, 0.42504310607910156, 0.36771297454833984, 0.3404250144958496, 0.3293907642364502, 0.33222508430480957, 0.30393099784851074, 0.3861119747161865, 0.5280001163482666, 0.44545412063598633, 0.3198668956756592]
{'args': ((25, 0, slice(0, 960, None), slice(None, None, None)),), 'dataset shape': (40, 11, 1921, 2560), 'dataset chunks': (7, 1, 385, 512), 'indexing time (s)': 9.5367431640625e-07, 'chunk number': 1650, 'reduction time (s)': 5.035817861557007, 'chunks processed': 15, 'storage read (B)': 29686785, 'selection 1 time (s)': 5.035919904708862}
Thread times [0.29686713218688965, 0.23871183395385742, 0.30309605598449707, 0.21878290176391602, 0.20930910110473633, 0.47246479988098145, 0.3794078826904297, 0.34360313415527344, 0.5274701118469238, 0.40491318702697754, 0.3540637493133545, 0.36122798919677734, 0.49726390838623047, 0.4537498950958252, 0.25188302993774414]
{'args': ((26, 0, slice(0, 960, None), slice(None, None, None)),), 'dataset shape': (40, 11, 1921, 2560), 'dataset chunks': (7, 1, 385, 512), 'indexing time (s)': 9.5367431640625e-07, 'chunk number': 1650, 'reduction time (s)': 5.313558101654053, 'chunks processed': 15, 'storage read (B)': 29686785, 'selection 1 time (s)': 5.313653945922852}
Thread times [0.45582008361816406, 0.22586703300476074, 0.35776281356811523, 0.16519904136657715, 0.523662805557251, 0.35339808464050293, 0.2855257987976074, 0.33182835578918457, 0.30393290519714355, 0.4067821502685547, 0.3516998291015625, 0.30524492263793945, 0.4544081687927246, 0.44897031784057617, 0.23350906372070312]
{'args': ((27, 0, slice(0, 960, None), slice(None, None, None)),), 'dataset shape': (40, 11, 1921, 2560), 'dataset chunks': (7, 1, 385, 512), 'indexing time (s)': 1.1920928955078125e-06, 'chunk number': 1650, 'reduction time (s)': 5.204329013824463, 'chunks processed': 15, 'storage read (B)': 29686785, 'selection 1 time (s)': 5.2044219970703125}
Thread times [0.22618985176086426, 0.2494041919708252, 0.31040310859680176, 0.3065028190612793, 0.3130359649658203, 0.3749227523803711, 0.3400399684906006, 0.3866870403289795, 0.27016782760620117, 0.3700563907623291, 0.3820929527282715, 0.44904398918151855, 0.40175914764404297, 0.4505882263183594, 0.38197922706604004]
{'args': ((28, 0, slice(0, 960, None), slice(None, None, None)),), 'dataset shape': (40, 11, 1921, 2560), 'dataset chunks': (7, 1, 385, 512), 'indexing time (s)': 9.5367431640625e-07, 'chunk number': 1650, 'reduction time (s)': 5.213626146316528, 'chunks processed': 15, 'storage read (B)': 29670387, 'selection 1 time (s)': 5.2137131690979}
Thread times [0.23993301391601562, 0.23495817184448242, 0.3890390396118164, 0.2901639938354492, 0.3604741096496582, 0.4174642562866211, 1.3326101303100586, 0.41931962966918945, 0.3370041847229004, 0.41560983657836914, 0.3407270908355713, 0.4712209701538086, 0.3336920738220215, 0.35053586959838867, 0.36579418182373047]
{'args': ((29, 0, slice(0, 960, None), slice(None, None, None)),), 'dataset shape': (40, 11, 1921, 2560), 'dataset chunks': (7, 1, 385, 512), 'indexing time (s)': 0.0, 'chunk number': 1650, 'reduction time (s)': 6.299238920211792, 'chunks processed': 15, 'storage read (B)': 29670387, 'selection 1 time (s)': 6.299328088760376}
Thread times [0.24979305267333984, 0.23938703536987305, 0.32155275344848633, 0.301616907119751, 0.26737213134765625, 0.3956751823425293, 0.27011680603027344, 0.36632585525512695, 0.27506518363952637, 0.3955552577972412, 0.3608591556549072, 0.48772311210632324, 0.35202789306640625, 0.46569180488586426, 0.31548190116882324]
{'args': ((30, 0, slice(0, 960, None), slice(None, None, None)),), 'dataset shape': (40, 11, 1921, 2560), 'dataset chunks': (7, 1, 385, 512), 'indexing time (s)': 9.5367431640625e-07, 'chunk number': 1650, 'reduction time (s)': 5.064964056015015, 'chunks processed': 15, 'storage read (B)': 29670387, 'selection 1 time (s)': 5.065054893493652}
Thread times [0.20208001136779785, 0.2028951644897461, 0.3963048458099365, 0.31040287017822266, 0.32337403297424316, 0.41193580627441406, 0.3072640895843506, 0.3534669876098633, 0.2793619632720947, 0.4621148109436035, 0.35259389877319336, 0.520571231842041, 0.38048315048217773, 0.43094921112060547, 0.4551961421966553]
{'args': ((31, 0, slice(0, 960, None), slice(None, None, None)),), 'dataset shape': (40, 11, 1921, 2560), 'dataset chunks': (7, 1, 385, 512), 'indexing time (s)': 0.0, 'chunk number': 1650, 'reduction time (s)': 5.389693021774292, 'chunks processed': 15, 'storage read (B)': 29670387, 'selection 1 time (s)': 5.389783143997192}
Thread times [0.30645012855529785, 0.2986791133880615, 0.3300318717956543, 0.3331890106201172, 0.3674051761627197, 0.36890387535095215, 0.28101086616516113, 0.3938760757446289, 0.28772497177124023, 0.41602373123168945, 0.3499472141265869, 0.4733860492706299, 0.34366893768310547, 0.3525991439819336, 0.38198184967041016]
{'args': ((32, 0, slice(0, 960, None), slice(None, None, None)),), 'dataset shape': (40, 11, 1921, 2560), 'dataset chunks': (7, 1, 385, 512), 'indexing time (s)': 0.0, 'chunk number': 1650, 'reduction time (s)': 5.285609006881714, 'chunks processed': 15, 'storage read (B)': 29670387, 'selection 1 time (s)': 5.285702705383301}
Thread times [0.29607200622558594, 0.2588942050933838, 0.5404500961303711, 0.2955009937286377, 0.27928805351257324, 0.39368295669555664, 0.28677892684936523, 0.3579998016357422, 0.2933638095855713, 0.3759438991546631, 0.6835238933563232, 0.5497410297393799, 0.3075273036956787, 0.32524704933166504, 0.2951619625091553]
{'args': ((33, 0, slice(0, 960, None), slice(None, None, None)),), 'dataset shape': (40, 11, 1921, 2560), 'dataset chunks': (7, 1, 385, 512), 'indexing time (s)': 9.5367431640625e-07, 'chunk number': 1650, 'reduction time (s)': 5.539904832839966, 'chunks processed': 15, 'storage read (B)': 29670387, 'selection 1 time (s)': 5.5400071144104}
Thread times [0.23532438278198242, 0.2278599739074707, 0.3764181137084961, 0.33982324600219727, 0.3779311180114746, 0.40180301666259766, 0.3050720691680908, 0.3731260299682617, 0.3155550956726074, 0.4482302665710449, 0.3855631351470947, 0.6542019844055176, 0.37717413902282715, 0.28068113327026367, 0.29350805282592773]
{'args': ((34, 0, slice(0, 960, None), slice(None, None, None)),), 'dataset shape': (40, 11, 1921, 2560), 'dataset chunks': (7, 1, 385, 512), 'indexing time (s)': 9.5367431640625e-07, 'chunk number': 1650, 'reduction time (s)': 5.392989158630371, 'chunks processed': 15, 'storage read (B)': 29670387, 'selection 1 time (s)': 5.393090724945068}
Thread times [0.42841386795043945, 0.1895158290863037, 0.2780187129974365, 0.2760348320007324, 0.2902979850769043, 0.37164807319641113, 0.34673094749450684, 0.3635571002960205, 0.3896009922027588, 0.34807610511779785, 0.32516026496887207, 0.3393418788909912, 0.32482194900512695, 0.4236307144165039, 0.4853630065917969]
{'args': ((35, 0, slice(0, 960, None), slice(None, None, None)),), 'dataset shape': (40, 11, 1921, 2560), 'dataset chunks': (7, 1, 385, 512), 'indexing time (s)': 9.5367431640625e-07, 'chunk number': 1650, 'reduction time (s)': 5.180914878845215, 'chunks processed': 15, 'storage read (B)': 21287473, 'selection 1 time (s)': 5.18100905418396}
Thread times [0.3471701145172119, 0.23128819465637207, 0.28183770179748535, 0.2871732711791992, 0.2767751216888428, 0.3188941478729248, 0.3491659164428711, 0.305617094039917, 0.3337390422821045, 0.34388208389282227, 0.3648982048034668, 0.33708906173706055, 0.3283839225769043, 0.3534998893737793, 0.37555408477783203]
{'args': ((36, 0, slice(0, 960, None), slice(None, None, None)),), 'dataset shape': (40, 11, 1921, 2560), 'dataset chunks': (7, 1, 385, 512), 'indexing time (s)': 9.5367431640625e-07, 'chunk number': 1650, 'reduction time (s)': 4.836580038070679, 'chunks processed': 15, 'storage read (B)': 21287473, 'selection 1 time (s)': 4.836681842803955}
Thread times [0.27937889099121094, 0.21958303451538086, 0.3358180522918701, 0.2570469379425049, 0.300278902053833, 0.4944729804992676, 0.27179694175720215, 0.26372194290161133, 0.3832569122314453, 0.48093318939208984, 0.25057291984558105, 0.25132322311401367, 0.2665531635284424, 1.360389232635498, 0.5300521850585938]
{'args': ((37, 0, slice(0, 960, None), slice(None, None, None)),), 'dataset shape': (40, 11, 1921, 2560), 'dataset chunks': (7, 1, 385, 512), 'indexing time (s)': 9.5367431640625e-07, 'chunk number': 1650, 'reduction time (s)': 5.9458909034729, 'chunks processed': 15, 'storage read (B)': 21287473, 'selection 1 time (s)': 5.945978879928589}
Thread times [0.21726012229919434, 0.18374109268188477, 0.29494380950927734, 0.23470783233642578, 0.2613797187805176, 0.31480908393859863, 0.3500547409057617, 0.35141706466674805, 0.3471972942352295, 0.324066162109375, 0.29212307929992676, 0.30565905570983887, 0.29349303245544434, 0.3086061477661133, 0.3350222110748291]
{'args': ((38, 0, slice(0, 960, None), slice(None, None, None)),), 'dataset shape': (40, 11, 1921, 2560), 'dataset chunks': (7, 1, 385, 512), 'indexing time (s)': 9.5367431640625e-07, 'chunk number': 1650, 'reduction time (s)': 4.41530704498291, 'chunks processed': 15, 'storage read (B)': 21287473, 'selection 1 time (s)': 4.4153947830200195}
Thread times [0.2511117458343506, 0.23356413841247559, 0.26044487953186035, 0.2613410949707031, 0.2726759910583496, 0.27310824394226074, 0.27808308601379395, 0.3556499481201172, 0.2948341369628906, 0.286027193069458, 0.30478811264038086, 0.30741286277770996, 0.3332228660583496, 0.33615994453430176, 0.32445430755615234]
{'args': ((39, 0, slice(0, 960, None), slice(None, None, None)),), 'dataset shape': (40, 11, 1921, 2560), 'dataset chunks': (7, 1, 385, 512), 'indexing time (s)': 1.1920928955078125e-06, 'chunk number': 1650, 'reduction time (s)': 4.373603105545044, 'chunks processed': 15, 'storage read (B)': 21287473, 'selection 1 time (s)': 4.373692989349365}
[[226.07817708]
 [226.06473958]
 [225.93765625]
 [225.90807292]
 [225.91734375]
 [225.88453125]
 [225.82075521]
 [225.85440104]
 [225.98328125]
 [226.03804687]
 [226.01315104]
 [226.02330729]
 [226.03770833]
 [226.00476563]
 [225.91765625]
 [225.94036458]
 [225.98721354]
 [225.9146875 ]
 [225.81242188]
 [225.81869792]
 [225.84526042]
 [225.78497396]
 [225.63651042]
 [225.55651042]
 [225.45734375]
 [225.32369792]
 [225.16325521]
 [225.07794271]
 [225.07846354]
 [225.10664063]
 [225.17609375]
 [225.36880208]
 [225.57911458]
 [225.69080729]
 [225.72229167]
 [225.82367188]
 [225.93658854]
 [225.96765625]
 [225.91861979]
 [225.9225    ]]
Summary:  Uni24whidch :Local (T1,BS1): 1.25s,231.8s,238.9s
