Dataset loaded from S3 with s3fs and Pyfive: bnl/ch330a.pc19790301-def.nc (0.028,0.97)
Thread times [0.25041985511779785, 0.23081088066101074, 0.28792285919189453, 0.25367283821105957, 0.273345947265625, 0.4255537986755371, 0.3957250118255615, 0.39461517333984375, 0.5087952613830566, 0.33963489532470703, 0.4285891056060791, 0.5388317108154297, 0.3823549747467041, 0.3377268314361572, 0.34217381477355957]
{'load nc time': 1.1193821430206299, 'args': ((0, 0, slice(0, 960, None), slice(None, None, None)),), 'dataset shape': (40, 11, 1921, 2560), 'dataset chunks': (7, 1, 385, 512), 'indexing time (s)': 5.340564250946045, 'chunk number': 1650, 'reduction time (s)': 5.39097785949707, 'chunks processed': 15, 'storage read (B)': 29685482, 'selection 1 time (s)': 10.731811046600342}
Thread times [0.21741795539855957, 0.20528197288513184, 0.27207493782043457, 0.2480318546295166, 0.26875901222229004, 0.4418628215789795, 0.30176687240600586, 0.3835878372192383, 0.4666008949279785, 0.34232568740844727, 0.32077598571777344, 0.5052039623260498, 0.354172945022583, 0.321713924407959, 0.39294981956481934]
{'args': ((1, 0, slice(0, 960, None), slice(None, None, None)),), 'dataset shape': (40, 11, 1921, 2560), 'dataset chunks': (7, 1, 385, 512), 'indexing time (s)': 9.5367431640625e-07, 'chunk number': 1650, 'reduction time (s)': 5.043344974517822, 'chunks processed': 15, 'storage read (B)': 29685482, 'selection 1 time (s)': 5.043452024459839}
Thread times [0.3081178665161133, 0.27947092056274414, 0.33934974670410156, 0.28397202491760254, 0.3063771724700928, 0.4261050224304199, 0.3396341800689697, 0.3560318946838379, 0.5980279445648193, 0.3349330425262451, 0.3179628849029541, 0.49757957458496094, 0.3384420871734619, 0.334291934967041, 0.3121011257171631]
{'args': ((2, 0, slice(0, 960, None), slice(None, None, None)),), 'dataset shape': (40, 11, 1921, 2560), 'dataset chunks': (7, 1, 385, 512), 'indexing time (s)': 9.5367431640625e-07, 'chunk number': 1650, 'reduction time (s)': 5.3730809688568115, 'chunks processed': 15, 'storage read (B)': 29685482, 'selection 1 time (s)': 5.373172044754028}
Thread times [0.25316619873046875, 0.20801186561584473, 0.28794407844543457, 0.24967288970947266, 0.3198521137237549, 0.4582650661468506, 0.3534579277038574, 0.36492276191711426, 0.5934219360351562, 0.38483595848083496, 0.4360501766204834, 0.582740068435669, 0.45861005783081055, 0.430419921875, 0.4324831962585449]
{'args': ((3, 0, slice(0, 960, None), slice(None, None, None)),), 'dataset shape': (40, 11, 1921, 2560), 'dataset chunks': (7, 1, 385, 512), 'indexing time (s)': 1.1920928955078125e-06, 'chunk number': 1650, 'reduction time (s)': 5.814580917358398, 'chunks processed': 15, 'storage read (B)': 29685482, 'selection 1 time (s)': 5.8146748542785645}
Thread times [0.2726268768310547, 0.24312996864318848, 0.31306982040405273, 0.30145812034606934, 0.2756040096282959, 0.3898749351501465, 0.31938672065734863, 0.4639768600463867, 0.5403048992156982, 0.3844318389892578, 0.3845710754394531, 0.5044660568237305, 0.35684871673583984, 0.36527514457702637, 0.40221381187438965]
{'args': ((4, 0, slice(0, 960, None), slice(None, None, None)),), 'dataset shape': (40, 11, 1921, 2560), 'dataset chunks': (7, 1, 385, 512), 'indexing time (s)': 9.5367431640625e-07, 'chunk number': 1650, 'reduction time (s)': 5.517967939376831, 'chunks processed': 15, 'storage read (B)': 29685482, 'selection 1 time (s)': 5.5180583000183105}
Thread times [0.25995802879333496, 0.21477293968200684, 0.2926630973815918, 0.2918579578399658, 0.34368181228637695, 0.4553239345550537, 0.4022669792175293, 0.3840482234954834, 0.43999505043029785, 0.4336509704589844, 0.3523681163787842, 0.5652151107788086, 0.3651750087738037, 0.3609790802001953, 0.3855321407318115]
{'args': ((5, 0, slice(0, 960, None), slice(None, None, None)),), 'dataset shape': (40, 11, 1921, 2560), 'dataset chunks': (7, 1, 385, 512), 'indexing time (s)': 1.1920928955078125e-06, 'chunk number': 1650, 'reduction time (s)': 5.5482330322265625, 'chunks processed': 15, 'storage read (B)': 29685482, 'selection 1 time (s)': 5.548323154449463}
Thread times [0.28045010566711426, 0.23866701126098633, 0.3053128719329834, 0.3270542621612549, 0.41553783416748047, 0.41315793991088867, 0.4399302005767822, 0.35076403617858887, 0.40464019775390625, 0.34352707862854004, 0.33067798614501953, 0.5502908229827881, 0.3173666000366211, 0.3176908493041992, 0.3401336669921875]
{'args': ((6, 0, slice(0, 960, None), slice(None, None, None)),), 'dataset shape': (40, 11, 1921, 2560), 'dataset chunks': (7, 1, 385, 512), 'indexing time (s)': 0.0, 'chunk number': 1650, 'reduction time (s)': 5.375946998596191, 'chunks processed': 15, 'storage read (B)': 29685482, 'selection 1 time (s)': 5.376040935516357}
Thread times [0.22741222381591797, 0.20963501930236816, 0.26153993606567383, 0.2574191093444824, 0.2832610607147217, 0.39348721504211426, 0.39199209213256836, 0.44989967346191406, 0.30542492866516113, 0.3662452697753906, 0.3835320472717285, 0.3573927879333496, 0.4554908275604248, 0.373431921005249, 0.3647878170013428]
{'args': ((7, 0, slice(0, 960, None), slice(None, None, None)),), 'dataset shape': (40, 11, 1921, 2560), 'dataset chunks': (7, 1, 385, 512), 'indexing time (s)': 1.1920928955078125e-06, 'chunk number': 1650, 'reduction time (s)': 5.0817530155181885, 'chunks processed': 15, 'storage read (B)': 29701892, 'selection 1 time (s)': 5.081858158111572}
Thread times [0.23760366439819336, 0.23547101020812988, 0.49790287017822266, 0.34247493743896484, 0.32162904739379883, 0.3539581298828125, 0.36954307556152344, 0.4779958724975586, 0.26606011390686035, 0.25930094718933105, 0.3651759624481201, 0.41390109062194824, 0.43113017082214355, 0.46809887886047363, 0.38845300674438477]
{'args': ((8, 0, slice(0, 960, None), slice(None, None, None)),), 'dataset shape': (40, 11, 1921, 2560), 'dataset chunks': (7, 1, 385, 512), 'indexing time (s)': 1.9073486328125e-06, 'chunk number': 1650, 'reduction time (s)': 5.429517030715942, 'chunks processed': 15, 'storage read (B)': 29701892, 'selection 1 time (s)': 5.429656982421875}
Thread times [0.32889890670776367, 0.23409390449523926, 0.32360315322875977, 0.3032848834991455, 0.3485229015350342, 0.36801695823669434, 0.36774587631225586, 0.4365088939666748, 0.2571399211883545, 0.23691201210021973, 0.2817189693450928, 0.46410322189331055, 0.4868590831756592, 0.35898590087890625, 0.3918919563293457]
{'args': ((9, 0, slice(0, 960, None), slice(None, None, None)),), 'dataset shape': (40, 11, 1921, 2560), 'dataset chunks': (7, 1, 385, 512), 'indexing time (s)': 9.5367431640625e-07, 'chunk number': 1650, 'reduction time (s)': 5.188997268676758, 'chunks processed': 15, 'storage read (B)': 29701892, 'selection 1 time (s)': 5.1890881061553955}
Thread times [0.27971982955932617, 0.2426459789276123, 0.30956292152404785, 0.3440709114074707, 0.3794898986816406, 0.3495190143585205, 0.4055449962615967, 0.4825892448425293, 0.34534502029418945, 0.33655810356140137, 0.4095780849456787, 0.4190330505371094, 0.4481527805328369, 0.4284400939941406, 0.4337801933288574]
{'args': ((10, 0, slice(0, 960, None), slice(None, None, None)),), 'dataset shape': (40, 11, 1921, 2560), 'dataset chunks': (7, 1, 385, 512), 'indexing time (s)': 1.1920928955078125e-06, 'chunk number': 1650, 'reduction time (s)': 5.614753007888794, 'chunks processed': 15, 'storage read (B)': 29701892, 'selection 1 time (s)': 5.6148459911346436}
Thread times [0.27324891090393066, 0.2848539352416992, 0.3556811809539795, 0.3167698383331299, 0.3280911445617676, 0.3464219570159912, 0.38350987434387207, 0.5156440734863281, 0.2936279773712158, 0.2612168788909912, 0.3695712089538574, 0.44034719467163086, 0.4761338233947754, 0.41982412338256836, 0.4368917942047119]
{'args': ((11, 0, slice(0, 960, None), slice(None, None, None)),), 'dataset shape': (40, 11, 1921, 2560), 'dataset chunks': (7, 1, 385, 512), 'indexing time (s)': 9.5367431640625e-07, 'chunk number': 1650, 'reduction time (s)': 5.502535820007324, 'chunks processed': 15, 'storage read (B)': 29701892, 'selection 1 time (s)': 5.502622842788696}
Thread times [0.34569311141967773, 0.22665882110595703, 0.3050360679626465, 0.30740880966186523, 0.32877326011657715, 0.35224413871765137, 0.38870906829833984, 0.49907803535461426, 0.3777649402618408, 0.273266077041626, 0.3267650604248047, 0.4119420051574707, 0.4260070323944092, 0.32880473136901855, 0.3546288013458252]
{'args': ((12, 0, slice(0, 960, None), slice(None, None, None)),), 'dataset shape': (40, 11, 1921, 2560), 'dataset chunks': (7, 1, 385, 512), 'indexing time (s)': 0.0, 'chunk number': 1650, 'reduction time (s)': 5.253625869750977, 'chunks processed': 15, 'storage read (B)': 29701892, 'selection 1 time (s)': 5.253715991973877}
Thread times [0.2217698097229004, 0.24128293991088867, 0.28644895553588867, 1.3271868228912354, 0.28082704544067383, 0.3409998416900635, 0.3135969638824463, 0.4002249240875244, 0.22831511497497559, 0.22922801971435547, 0.403303861618042, 0.4002039432525635, 0.42789316177368164, 0.35089802742004395, 0.36432576179504395]
{'args': ((13, 0, slice(0, 960, None), slice(None, None, None)),), 'dataset shape': (40, 11, 1921, 2560), 'dataset chunks': (7, 1, 385, 512), 'indexing time (s)': 9.5367431640625e-07, 'chunk number': 1650, 'reduction time (s)': 5.81723690032959, 'chunks processed': 15, 'storage read (B)': 29701892, 'selection 1 time (s)': 5.817338228225708}
Thread times [0.24590587615966797, 0.25745511054992676, 0.3054239749908447, 0.35158514976501465, 0.3344998359680176, 0.4468691349029541, 0.4289689064025879, 0.44202494621276855, 0.42673492431640625, 0.42044901847839355, 0.3968629837036133, 0.45737600326538086, 0.3910818099975586, 0.41773080825805664, 0.3851902484893799]
{'args': ((14, 0, slice(0, 960, None), slice(None, None, None)),), 'dataset shape': (40, 11, 1921, 2560), 'dataset chunks': (7, 1, 385, 512), 'indexing time (s)': 9.5367431640625e-07, 'chunk number': 1650, 'reduction time (s)': 5.70888090133667, 'chunks processed': 15, 'storage read (B)': 29733505, 'selection 1 time (s)': 5.708985090255737}
Thread times [0.2869141101837158, 0.41906094551086426, 0.3941769599914551, 0.3313882350921631, 0.33715081214904785, 0.4724400043487549, 0.4450349807739258, 0.4326789379119873, 0.7801389694213867, 0.43652820587158203, 0.804069995880127, 0.43372488021850586, 0.3921077251434326, 0.3692319393157959, 0.3921167850494385]
{'args': ((15, 0, slice(0, 960, None), slice(None, None, None)),), 'dataset shape': (40, 11, 1921, 2560), 'dataset chunks': (7, 1, 385, 512), 'indexing time (s)': 1.1920928955078125e-06, 'chunk number': 1650, 'reduction time (s)': 6.727513790130615, 'chunks processed': 15, 'storage read (B)': 29733505, 'selection 1 time (s)': 6.727603912353516}
Thread times [0.6482968330383301, 0.2445080280303955, 0.3615758419036865, 0.30545496940612793, 0.2886629104614258, 0.5035531520843506, 0.438230037689209, 0.39928221702575684, 0.39617300033569336, 0.4203200340270996, 0.3400609493255615, 0.37201404571533203, 0.39774012565612793, 0.41800498962402344, 0.41550683975219727]
{'args': ((16, 0, slice(0, 960, None), slice(None, None, None)),), 'dataset shape': (40, 11, 1921, 2560), 'dataset chunks': (7, 1, 385, 512), 'indexing time (s)': 0.0, 'chunk number': 1650, 'reduction time (s)': 5.950121879577637, 'chunks processed': 15, 'storage read (B)': 29733505, 'selection 1 time (s)': 5.950216054916382}
Thread times [0.2889440059661865, 0.2854609489440918, 0.3426988124847412, 0.2783071994781494, 0.28600621223449707, 0.3679649829864502, 0.4289071559906006, 0.40555906295776367, 0.34298276901245117, 0.3687012195587158, 0.38664913177490234, 0.36320018768310547, 0.33487987518310547, 0.33010196685791016, 0.32371997833251953]
{'args': ((17, 0, slice(0, 960, None), slice(None, None, None)),), 'dataset shape': (40, 11, 1921, 2560), 'dataset chunks': (7, 1, 385, 512), 'indexing time (s)': 9.5367431640625e-07, 'chunk number': 1650, 'reduction time (s)': 5.13486385345459, 'chunks processed': 15, 'storage read (B)': 29733505, 'selection 1 time (s)': 5.134974956512451}
Thread times [0.27260327339172363, 0.23804020881652832, 0.2870309352874756, 0.27851295471191406, 0.3183150291442871, 0.36447691917419434, 0.32488107681274414, 0.3549058437347412, 0.395780086517334, 0.37067270278930664, 0.34302401542663574, 0.3497781753540039, 0.3778259754180908, 0.4697890281677246, 0.3624083995819092]
{'args': ((18, 0, slice(0, 960, None), slice(None, None, None)),), 'dataset shape': (40, 11, 1921, 2560), 'dataset chunks': (7, 1, 385, 512), 'indexing time (s)': 9.5367431640625e-07, 'chunk number': 1650, 'reduction time (s)': 5.108749151229858, 'chunks processed': 15, 'storage read (B)': 29733505, 'selection 1 time (s)': 5.108843803405762}
Thread times [0.24868202209472656, 0.28682494163513184, 0.3217589855194092, 0.32527804374694824, 0.28015899658203125, 0.34790587425231934, 0.4228479862213135, 0.4080331325531006, 0.358309268951416, 0.4141111373901367, 0.3420541286468506, 0.3703761100769043, 0.34064197540283203, 0.32260894775390625, 0.35600900650024414]
{'args': ((19, 0, slice(0, 960, None), slice(None, None, None)),), 'dataset shape': (40, 11, 1921, 2560), 'dataset chunks': (7, 1, 385, 512), 'indexing time (s)': 0.0, 'chunk number': 1650, 'reduction time (s)': 5.14633584022522, 'chunks processed': 15, 'storage read (B)': 29733505, 'selection 1 time (s)': 5.146430015563965}
Thread times [0.5323240756988525, 0.24994468688964844, 0.34677600860595703, 0.34916019439697266, 0.3184850215911865, 0.38895297050476074, 0.41393113136291504, 0.3674612045288086, 0.46540164947509766, 0.33648204803466797, 0.3425760269165039, 0.3999969959259033, 0.37841010093688965, 0.35773491859436035, 0.3481099605560303]
{'args': ((20, 0, slice(0, 960, None), slice(None, None, None)),), 'dataset shape': (40, 11, 1921, 2560), 'dataset chunks': (7, 1, 385, 512), 'indexing time (s)': 0.0, 'chunk number': 1650, 'reduction time (s)': 5.596514940261841, 'chunks processed': 15, 'storage read (B)': 29733505, 'selection 1 time (s)': 5.596617937088013}
Thread times [0.22350215911865234, 0.2356410026550293, 0.4643838405609131, 0.1877288818359375, 0.20522308349609375, 0.42419886589050293, 0.3590071201324463, 0.346203088760376, 0.30017900466918945, 0.3664999008178711, 0.33554697036743164, 0.3639822006225586, 0.528965950012207, 0.4921441078186035, 0.4136922359466553]
{'args': ((21, 0, slice(0, 960, None), slice(None, None, None)),), 'dataset shape': (40, 11, 1921, 2560), 'dataset chunks': (7, 1, 385, 512), 'indexing time (s)': 7.152557373046875e-07, 'chunk number': 1650, 'reduction time (s)': 5.247649192810059, 'chunks processed': 15, 'storage read (B)': 29686785, 'selection 1 time (s)': 5.24775505065918}
Thread times [0.26298022270202637, 0.23492908477783203, 0.35195493698120117, 0.17467808723449707, 0.19897079467773438, 0.45075488090515137, 0.3626549243927002, 0.3626689910888672, 0.354097843170166, 0.37274813652038574, 0.37462401390075684, 0.37389373779296875, 0.5714349746704102, 0.4657869338989258, 0.3069801330566406]
{'args': ((22, 0, slice(0, 960, None), slice(None, None, None)),), 'dataset shape': (40, 11, 1921, 2560), 'dataset chunks': (7, 1, 385, 512), 'indexing time (s)': 1.1920928955078125e-06, 'chunk number': 1650, 'reduction time (s)': 5.2198498249053955, 'chunks processed': 15, 'storage read (B)': 29686785, 'selection 1 time (s)': 5.219938039779663}
Thread times [0.2746119499206543, 0.25130319595336914, 0.3563861846923828, 0.2066328525543213, 0.2173309326171875, 0.610569953918457, 0.4000399112701416, 0.39428091049194336, 0.41162919998168945, 0.41329503059387207, 0.31781983375549316, 0.32105088233947754, 0.45985889434814453, 0.4259939193725586, 1.3380658626556396]
{'args': ((23, 0, slice(0, 960, None), slice(None, None, None)),), 'dataset shape': (40, 11, 1921, 2560), 'dataset chunks': (7, 1, 385, 512), 'indexing time (s)': 7.152557373046875e-07, 'chunk number': 1650, 'reduction time (s)': 6.399837255477905, 'chunks processed': 15, 'storage read (B)': 29686785, 'selection 1 time (s)': 6.3999669551849365}
Thread times [0.2654702663421631, 0.2260150909423828, 0.3321208953857422, 0.19860005378723145, 0.2185828685760498, 0.39858198165893555, 0.6129150390625, 0.3685269355773926, 0.35090088844299316, 0.35161685943603516, 0.40028905868530273, 0.3684220314025879, 0.6192328929901123, 0.7939889430999756, 0.42815399169921875]
{'args': ((24, 0, slice(0, 960, None), slice(None, None, None)),), 'dataset shape': (40, 11, 1921, 2560), 'dataset chunks': (7, 1, 385, 512), 'indexing time (s)': 2.1457672119140625e-06, 'chunk number': 1650, 'reduction time (s)': 5.934481859207153, 'chunks processed': 15, 'storage read (B)': 29686785, 'selection 1 time (s)': 5.934679985046387}
Thread times [0.3442111015319824, 0.43984508514404297, 0.5504367351531982, 0.2886478900909424, 0.7245070934295654, 0.887300968170166, 0.5963308811187744, 0.6963081359863281, 0.7513279914855957, 0.5397720336914062, 0.5069739818572998, 0.5393562316894531, 0.6330361366271973, 0.6839690208435059, 0.46327710151672363]
{'args': ((25, 0, slice(0, 960, None), slice(None, None, None)),), 'dataset shape': (40, 11, 1921, 2560), 'dataset chunks': (7, 1, 385, 512), 'indexing time (s)': 1.1920928955078125e-06, 'chunk number': 1650, 'reduction time (s)': 8.646018981933594, 'chunks processed': 15, 'storage read (B)': 29686785, 'selection 1 time (s)': 8.646113872528076}
Thread times [0.2784099578857422, 0.33740806579589844, 0.3269939422607422, 0.31225085258483887, 0.3111090660095215, 0.6272950172424316, 0.5081777572631836, 0.48210787773132324, 0.5139329433441162, 0.49007296562194824, 0.3673059940338135, 0.4326000213623047, 0.5046405792236328, 0.512559175491333, 0.34656405448913574]
{'args': ((26, 0, slice(0, 960, None), slice(None, None, None)),), 'dataset shape': (40, 11, 1921, 2560), 'dataset chunks': (7, 1, 385, 512), 'indexing time (s)': 1.1920928955078125e-06, 'chunk number': 1650, 'reduction time (s)': 6.352153062820435, 'chunks processed': 15, 'storage read (B)': 29686785, 'selection 1 time (s)': 6.35224986076355}
Thread times [0.24869012832641602, 0.33280110359191895, 0.30904388427734375, 0.252795934677124, 0.22603797912597656, 0.46688389778137207, 0.5176970958709717, 0.5002830028533936, 0.5142040252685547, 0.456423282623291, 0.4482460021972656, 0.5098171234130859, 0.5838582515716553, 0.5199549198150635, 0.43267107009887695]
{'args': ((27, 0, slice(0, 960, None), slice(None, None, None)),), 'dataset shape': (40, 11, 1921, 2560), 'dataset chunks': (7, 1, 385, 512), 'indexing time (s)': 0.0, 'chunk number': 1650, 'reduction time (s)': 6.320137977600098, 'chunks processed': 15, 'storage read (B)': 29686785, 'selection 1 time (s)': 6.3202269077301025}
Thread times [0.2781529426574707, 0.30676794052124023, 0.4328892230987549, 0.26667022705078125, 0.35662007331848145, 0.4163990020751953, 0.25510668754577637, 0.4798581600189209, 0.34267711639404297, 0.44705700874328613, 0.408397912979126, 0.5477571487426758, 0.41300511360168457, 0.38977789878845215, 0.4294006824493408]
{'args': ((28, 0, slice(0, 960, None), slice(None, None, None)),), 'dataset shape': (40, 11, 1921, 2560), 'dataset chunks': (7, 1, 385, 512), 'indexing time (s)': 7.152557373046875e-07, 'chunk number': 1650, 'reduction time (s)': 5.771238327026367, 'chunks processed': 15, 'storage read (B)': 29670387, 'selection 1 time (s)': 5.771329879760742}
Thread times [0.33035802841186523, 0.23327088356018066, 0.37118983268737793, 0.4005100727081299, 0.3291902542114258, 0.4118199348449707, 0.39318323135375977, 0.4716658592224121, 0.28812694549560547, 0.5269451141357422, 0.4351339340209961, 0.546241044998169, 0.5184788703918457, 0.4889957904815674, 0.4461050033569336]
{'args': ((29, 0, slice(0, 960, None), slice(None, None, None)),), 'dataset shape': (40, 11, 1921, 2560), 'dataset chunks': (7, 1, 385, 512), 'indexing time (s)': 9.5367431640625e-07, 'chunk number': 1650, 'reduction time (s)': 6.191942930221558, 'chunks processed': 15, 'storage read (B)': 29670387, 'selection 1 time (s)': 6.192034006118774}
Thread times [0.34305477142333984, 0.3076498508453369, 0.4319009780883789, 0.3909738063812256, 0.45541882514953613, 0.48043131828308105, 0.3361070156097412, 0.743690013885498, 0.3551211357116699, 0.6591942310333252, 0.5006508827209473, 0.5571677684783936, 0.3458890914916992, 0.4106299877166748, 0.44023871421813965]
{'args': ((30, 0, slice(0, 960, None), slice(None, None, None)),), 'dataset shape': (40, 11, 1921, 2560), 'dataset chunks': (7, 1, 385, 512), 'indexing time (s)': 1.1920928955078125e-06, 'chunk number': 1650, 'reduction time (s)': 6.758920907974243, 'chunks processed': 15, 'storage read (B)': 29670387, 'selection 1 time (s)': 6.759014844894409}
Thread times [0.23144793510437012, 0.30976176261901855, 0.4305257797241211, 0.3150200843811035, 0.37767505645751953, 0.503899335861206, 0.38406825065612793, 0.4964878559112549, 0.27401280403137207, 0.41881823539733887, 0.40822815895080566, 0.5038120746612549, 0.308851957321167, 0.3844330310821533, 0.41608691215515137]
{'args': ((31, 0, slice(0, 960, None), slice(None, None, None)),), 'dataset shape': (40, 11, 1921, 2560), 'dataset chunks': (7, 1, 385, 512), 'indexing time (s)': 9.5367431640625e-07, 'chunk number': 1650, 'reduction time (s)': 5.763853073120117, 'chunks processed': 15, 'storage read (B)': 29670387, 'selection 1 time (s)': 5.763948202133179}
Thread times [0.3488500118255615, 0.3593740463256836, 0.3891472816467285, 0.36629605293273926, 0.3268749713897705, 0.4728579521179199, 0.3599090576171875, 0.4897289276123047, 0.27651500701904297, 0.7867598533630371, 0.4761343002319336, 0.5231380462646484, 0.4767420291900635, 0.47736287117004395, 0.3953897953033447]
{'args': ((32, 0, slice(0, 960, None), slice(None, None, None)),), 'dataset shape': (40, 11, 1921, 2560), 'dataset chunks': (7, 1, 385, 512), 'indexing time (s)': 9.5367431640625e-07, 'chunk number': 1650, 'reduction time (s)': 6.525857925415039, 'chunks processed': 15, 'storage read (B)': 29670387, 'selection 1 time (s)': 6.525963068008423}
Thread times [0.34444284439086914, 0.3520469665527344, 0.37987804412841797, 0.3769998550415039, 0.41806602478027344, 0.46696972846984863, 0.2759368419647217, 0.3854849338531494, 0.41673707962036133, 0.5471742153167725, 0.4882841110229492, 0.537851095199585, 0.431337833404541, 2.0305309295654297, 0.35918116569519043]
{'args': ((33, 0, slice(0, 960, None), slice(None, None, None)),), 'dataset shape': (40, 11, 1921, 2560), 'dataset chunks': (7, 1, 385, 512), 'indexing time (s)': 9.5367431640625e-07, 'chunk number': 1650, 'reduction time (s)': 7.811716079711914, 'chunks processed': 15, 'storage read (B)': 29670387, 'selection 1 time (s)': 7.8118531703948975}
Thread times [0.39914703369140625, 0.37144899368286133, 0.44167399406433105, 0.3006899356842041, 0.3886241912841797, 0.5692269802093506, 0.49624204635620117, 0.4866461753845215, 0.4013247489929199, 0.5395028591156006, 0.5168497562408447, 0.5753331184387207, 0.5188868045806885, 0.5616357326507568, 0.4571959972381592]
{'args': ((34, 0, slice(0, 960, None), slice(None, None, None)),), 'dataset shape': (40, 11, 1921, 2560), 'dataset chunks': (7, 1, 385, 512), 'indexing time (s)': 7.152557373046875e-07, 'chunk number': 1650, 'reduction time (s)': 7.025155067443848, 'chunks processed': 15, 'storage read (B)': 29670387, 'selection 1 time (s)': 7.025247812271118}
Thread times [0.23740410804748535, 0.31015920639038086, 0.35236382484436035, 0.348829984664917, 0.3865940570831299, 0.2849299907684326, 0.35225820541381836, 0.4622962474822998, 0.4340188503265381, 0.4802589416503906, 0.40763068199157715, 0.41867709159851074, 0.4406437873840332, 0.4818251132965088, 0.3975028991699219]
{'args': ((35, 0, slice(0, 960, None), slice(None, None, None)),), 'dataset shape': (40, 11, 1921, 2560), 'dataset chunks': (7, 1, 385, 512), 'indexing time (s)': 9.5367431640625e-07, 'chunk number': 1650, 'reduction time (s)': 5.796160936355591, 'chunks processed': 15, 'storage read (B)': 21287473, 'selection 1 time (s)': 5.796262264251709}
Thread times [0.22309017181396484, 0.38384175300598145, 0.42862796783447266, 0.30895090103149414, 0.35927605628967285, 0.4426901340484619, 0.40440821647644043, 0.34584569931030273, 0.3792099952697754, 0.36400508880615234, 0.2875547409057617, 0.3694648742675781, 0.35375380516052246, 0.34234189987182617, 0.39421796798706055]
{'args': ((36, 0, slice(0, 960, None), slice(None, None, None)),), 'dataset shape': (40, 11, 1921, 2560), 'dataset chunks': (7, 1, 385, 512), 'indexing time (s)': 9.5367431640625e-07, 'chunk number': 1650, 'reduction time (s)': 5.388359069824219, 'chunks processed': 15, 'storage read (B)': 21287473, 'selection 1 time (s)': 5.388468027114868}
Thread times [0.3102562427520752, 0.24190688133239746, 0.3720669746398926, 0.2506248950958252, 0.36185717582702637, 0.4093358516693115, 0.32071900367736816, 0.34696102142333984, 0.3836820125579834, 0.303692102432251, 0.3619070053100586, 0.3978869915008545, 0.27852416038513184, 1.4168026447296143, 0.3774600028991699]
{'args': ((37, 0, slice(0, 960, None), slice(None, None, None)),), 'dataset shape': (40, 11, 1921, 2560), 'dataset chunks': (7, 1, 385, 512), 'indexing time (s)': 9.5367431640625e-07, 'chunk number': 1650, 'reduction time (s)': 6.134676933288574, 'chunks processed': 15, 'storage read (B)': 21287473, 'selection 1 time (s)': 6.1348021030426025}
Thread times [0.2445850372314453, 0.3080940246582031, 0.2619340419769287, 0.3313789367675781, 0.2460191249847412, 0.3925631046295166, 0.3918590545654297, 0.3823370933532715, 0.3401460647583008, 0.3985159397125244, 0.5114328861236572, 0.45938992500305176, 0.3953721523284912, 0.274965763092041, 0.3982698917388916]
{'args': ((38, 0, slice(0, 960, None), slice(None, None, None)),), 'dataset shape': (40, 11, 1921, 2560), 'dataset chunks': (7, 1, 385, 512), 'indexing time (s)': 9.5367431640625e-07, 'chunk number': 1650, 'reduction time (s)': 5.337626934051514, 'chunks processed': 15, 'storage read (B)': 21287473, 'selection 1 time (s)': 5.337747097015381}
Thread times [0.40913820266723633, 0.2758340835571289, 0.41199207305908203, 0.36031317710876465, 0.2721219062805176, 0.4561898708343506, 0.4123811721801758, 0.4173612594604492, 0.30576372146606445, 0.36899304389953613, 0.3971579074859619, 0.30176401138305664, 0.44185590744018555, 0.5715742111206055, 0.47974514961242676]
{'args': ((39, 0, slice(0, 960, None), slice(None, None, None)),), 'dataset shape': (40, 11, 1921, 2560), 'dataset chunks': (7, 1, 385, 512), 'indexing time (s)': 9.5367431640625e-07, 'chunk number': 1650, 'reduction time (s)': 5.882944107055664, 'chunks processed': 15, 'storage read (B)': 21287473, 'selection 1 time (s)': 5.883042097091675}
[[226.07817708]
 [226.06473958]
 [225.93765625]
 [225.90807292]
 [225.91734375]
 [225.88453125]
 [225.82075521]
 [225.85440104]
 [225.98328125]
 [226.03804687]
 [226.01315104]
 [226.02330729]
 [226.03770833]
 [226.00476563]
 [225.91765625]
 [225.94036458]
 [225.98721354]
 [225.9146875 ]
 [225.81242188]
 [225.81869792]
 [225.84526042]
 [225.78497396]
 [225.63651042]
 [225.55651042]
 [225.45734375]
 [225.32369792]
 [225.16325521]
 [225.07794271]
 [225.07846354]
 [225.10664063]
 [225.17609375]
 [225.36880208]
 [225.57911458]
 [225.69080729]
 [225.72229167]
 [225.82367188]
 [225.93658854]
 [225.96765625]
 [225.91861979]
 [225.9225    ]]
Summary:  Uni24whidch :Local (T1,BS1): 1.12s,233.8s,240.3s
