Dataset loaded from S3 with s3fs and Pyfive: bnl/ch330a.pc19790301-def.nc (0.049,3.2)
Thread times [0.1234428882598877, 0.16203093528747559, 0.2515599727630615, 0.26599788665771484, 0.36388707160949707, 0.40143609046936035, 0.4174489974975586, 0.4362218379974365, 0.44118595123291016, 0.4423699378967285, 0.45322275161743164, 0.49900007247924805, 0.5007109642028809, 0.5131890773773193, 0.5630989074707031]
{'load nc time': 3.7719779014587402, 'args': ((0, 0, slice(0, 960, None), slice(None, None, None)),), 'dataset shape': (40, 11, 1921, 2560), 'dataset chunks': (7, 1, 385, 512), 'indexing time (s)': 18.981621026992798, 'chunk number': 1650, 'reduction time (s)': 0.5704009532928467, 'chunks processed': 15, 'storage read (B)': 29685482, 'selection 2 time (s)': 19.560461044311523}
Thread times [0.17583107948303223, 0.19954895973205566, 0.28464484214782715, 0.28948473930358887, 0.30655431747436523, 0.352398157119751, 0.372607946395874, 0.39235782623291016, 0.41849613189697266, 0.42319273948669434, 0.42698025703430176, 0.4348752498626709, 0.4434089660644531, 0.461745023727417, 0.4645540714263916]
{'args': ((1, 0, slice(0, 960, None), slice(None, None, None)),), 'dataset shape': (40, 11, 1921, 2560), 'dataset chunks': (7, 1, 385, 512), 'indexing time (s)': 1.1920928955078125e-06, 'chunk number': 1650, 'reduction time (s)': 0.4681429862976074, 'chunks processed': 15, 'storage read (B)': 29685482, 'selection 2 time (s)': 0.48087286949157715}
Thread times [0.3126051425933838, 0.3087501525878906, 0.37909770011901855, 0.38001298904418945, 0.39165210723876953, 0.46696996688842773, 0.5975322723388672, 0.6083409786224365, 0.6103391647338867, 0.6141588687896729, 0.6265490055084229, 0.6276018619537354, 0.6333370208740234, 0.6416060924530029, 0.6457538604736328]
{'args': ((2, 0, slice(0, 960, None), slice(None, None, None)),), 'dataset shape': (40, 11, 1921, 2560), 'dataset chunks': (7, 1, 385, 512), 'indexing time (s)': 9.5367431640625e-07, 'chunk number': 1650, 'reduction time (s)': 0.6488258838653564, 'chunks processed': 15, 'storage read (B)': 29685482, 'selection 2 time (s)': 0.6598410606384277}
Thread times [0.505181074142456, 0.5737500190734863, 0.6075789928436279, 0.6849160194396973, 0.7087287902832031, 0.7204627990722656, 0.7222118377685547, 0.7222418785095215, 0.7383270263671875, 0.7364728450775146, 0.7408962249755859, 0.7566828727722168, 0.7617318630218506, 0.7646238803863525, 0.7939541339874268]
{'args': ((3, 0, slice(0, 960, None), slice(None, None, None)),), 'dataset shape': (40, 11, 1921, 2560), 'dataset chunks': (7, 1, 385, 512), 'indexing time (s)': 0.0, 'chunk number': 1650, 'reduction time (s)': 0.7990808486938477, 'chunks processed': 15, 'storage read (B)': 29685482, 'selection 2 time (s)': 0.8136248588562012}
Thread times [0.15852880477905273, 0.2824702262878418, 0.34467411041259766, 0.3578319549560547, 0.3719370365142822, 0.3912341594696045, 0.3950021266937256, 0.3946049213409424, 0.40737223625183105, 0.40824198722839355, 0.4133148193359375, 0.4251232147216797, 0.4264829158782959, 0.43180108070373535, 0.44127583503723145]
{'args': ((4, 0, slice(0, 960, None), slice(None, None, None)),), 'dataset shape': (40, 11, 1921, 2560), 'dataset chunks': (7, 1, 385, 512), 'indexing time (s)': 9.5367431640625e-07, 'chunk number': 1650, 'reduction time (s)': 0.4450252056121826, 'chunks processed': 15, 'storage read (B)': 29685482, 'selection 2 time (s)': 0.4587218761444092}
Thread times [0.35753321647644043, 0.36965394020080566, 0.4254610538482666, 0.5116868019104004, 0.5224077701568604, 0.5472760200500488, 0.5737669467926025, 0.5754439830780029, 0.5787229537963867, 0.5888071060180664, 0.5931029319763184, 0.5987529754638672, 0.6066787242889404, 0.6112980842590332, 0.649791955947876]
{'args': ((5, 0, slice(0, 960, None), slice(None, None, None)),), 'dataset shape': (40, 11, 1921, 2560), 'dataset chunks': (7, 1, 385, 512), 'indexing time (s)': 1.1920928955078125e-06, 'chunk number': 1650, 'reduction time (s)': 0.6548418998718262, 'chunks processed': 15, 'storage read (B)': 29685482, 'selection 2 time (s)': 0.6685187816619873}
Thread times [0.196030855178833, 0.2031562328338623, 0.24273204803466797, 0.29490113258361816, 0.3108789920806885, 0.3152492046356201, 0.3482978343963623, 0.39416074752807617, 0.40460968017578125, 0.4104452133178711, 0.41388630867004395, 0.41805195808410645, 0.42561793327331543, 0.43186306953430176, 0.45507121086120605]
{'args': ((6, 0, slice(0, 960, None), slice(None, None, None)),), 'dataset shape': (40, 11, 1921, 2560), 'dataset chunks': (7, 1, 385, 512), 'indexing time (s)': 0.0, 'chunk number': 1650, 'reduction time (s)': 0.46039485931396484, 'chunks processed': 15, 'storage read (B)': 29685482, 'selection 2 time (s)': 0.47437214851379395}
Thread times [0.19219088554382324, 0.3420259952545166, 0.39598703384399414, 0.47627902030944824, 0.4814882278442383, 0.48144984245300293, 0.49240708351135254, 0.5024490356445312, 0.5055129528045654, 0.5124852657318115, 0.5201098918914795, 0.5261061191558838, 0.5313162803649902, 0.534642219543457, 0.5423638820648193]
{'args': ((7, 0, slice(0, 960, None), slice(None, None, None)),), 'dataset shape': (40, 11, 1921, 2560), 'dataset chunks': (7, 1, 385, 512), 'indexing time (s)': 9.5367431640625e-07, 'chunk number': 1650, 'reduction time (s)': 0.5458660125732422, 'chunks processed': 15, 'storage read (B)': 29701892, 'selection 2 time (s)': 0.5533969402313232}
Thread times [0.40395379066467285, 0.48797106742858887, 0.5692379474639893, 0.5824198722839355, 0.58843994140625, 0.5915238857269287, 0.5952212810516357, 0.6026549339294434, 0.6047348976135254, 0.6154367923736572, 0.6328761577606201, 0.6375091075897217, 0.6383709907531738, 0.6405389308929443, 0.6540260314941406]
{'args': ((8, 0, slice(0, 960, None), slice(None, None, None)),), 'dataset shape': (40, 11, 1921, 2560), 'dataset chunks': (7, 1, 385, 512), 'indexing time (s)': 1.1920928955078125e-06, 'chunk number': 1650, 'reduction time (s)': 0.6577489376068115, 'chunks processed': 15, 'storage read (B)': 29701892, 'selection 2 time (s)': 0.6717867851257324}
Thread times [0.2366347312927246, 0.6522860527038574, 0.6521816253662109, 0.718034029006958, 0.7396891117095947, 0.7401728630065918, 0.7413387298583984, 0.7555229663848877, 0.757835865020752, 0.760688066482544, 1.3646509647369385, 1.3663320541381836, 1.3668389320373535, 2.0898759365081787, 2.095270872116089]
{'args': ((9, 0, slice(0, 960, None), slice(None, None, None)),), 'dataset shape': (40, 11, 1921, 2560), 'dataset chunks': (7, 1, 385, 512), 'indexing time (s)': 0.0, 'chunk number': 1650, 'reduction time (s)': 2.1004879474639893, 'chunks processed': 15, 'storage read (B)': 29701892, 'selection 2 time (s)': 2.114266872406006}
Thread times [0.3590519428253174, 0.36666083335876465, 0.4177436828613281, 0.4176349639892578, 0.5467221736907959, 0.7302818298339844, 0.7290840148925781, 0.7286779880523682, 0.7299108505249023, 0.7325539588928223, 0.7325899600982666, 0.737001895904541, 0.7371528148651123, 0.73966383934021, 0.7426700592041016]
{'args': ((10, 0, slice(0, 960, None), slice(None, None, None)),), 'dataset shape': (40, 11, 1921, 2560), 'dataset chunks': (7, 1, 385, 512), 'indexing time (s)': 9.5367431640625e-07, 'chunk number': 1650, 'reduction time (s)': 0.7465639114379883, 'chunks processed': 15, 'storage read (B)': 29701892, 'selection 2 time (s)': 0.755504846572876}
Thread times [0.31707310676574707, 0.500669002532959, 0.6953048706054688, 0.6974601745605469, 0.6938300132751465, 0.6987659931182861, 0.6976208686828613, 0.6957242488861084, 0.6953668594360352, 0.6984031200408936, 0.7026209831237793, 0.7029731273651123, 0.7052352428436279, 0.7062270641326904, 0.708763837814331]
{'args': ((11, 0, slice(0, 960, None), slice(None, None, None)),), 'dataset shape': (40, 11, 1921, 2560), 'dataset chunks': (7, 1, 385, 512), 'indexing time (s)': 9.5367431640625e-07, 'chunk number': 1650, 'reduction time (s)': 0.712395191192627, 'chunks processed': 15, 'storage read (B)': 29701892, 'selection 2 time (s)': 0.7200808525085449}
Thread times [0.30074310302734375, 0.36734485626220703, 0.3915822505950928, 0.5427241325378418, 0.5779669284820557, 0.5999019145965576, 0.6077969074249268, 0.6235449314117432, 0.6219079494476318, 0.6250927448272705, 0.6424288749694824, 0.6458601951599121, 0.6475930213928223, 0.6571428775787354, 0.6789109706878662]
{'args': ((12, 0, slice(0, 960, None), slice(None, None, None)),), 'dataset shape': (40, 11, 1921, 2560), 'dataset chunks': (7, 1, 385, 512), 'indexing time (s)': 9.5367431640625e-07, 'chunk number': 1650, 'reduction time (s)': 0.6832301616668701, 'chunks processed': 15, 'storage read (B)': 29701892, 'selection 2 time (s)': 0.6974728107452393}
Thread times [0.32553863525390625, 0.40403079986572266, 0.49874305725097656, 0.5448722839355469, 0.5547652244567871, 0.658717155456543, 0.6584312915802002, 0.6564371585845947, 0.6579360961914062, 0.6578669548034668, 0.6644117832183838, 0.6638798713684082, 0.6677322387695312, 0.6667609214782715, 0.6701831817626953]
{'args': ((13, 0, slice(0, 960, None), slice(None, None, None)),), 'dataset shape': (40, 11, 1921, 2560), 'dataset chunks': (7, 1, 385, 512), 'indexing time (s)': 9.5367431640625e-07, 'chunk number': 1650, 'reduction time (s)': 0.6743192672729492, 'chunks processed': 15, 'storage read (B)': 29701892, 'selection 2 time (s)': 0.6828091144561768}
Thread times [0.2282240390777588, 0.4979128837585449, 0.6009249687194824, 0.6961250305175781, 0.6953022480010986, 0.6960880756378174, 0.6980218887329102, 0.69620680809021, 0.6994061470031738, 0.6959898471832275, 0.7009568214416504, 0.704423189163208, 0.7032880783081055, 0.7066681385040283, 0.7090060710906982]
{'args': ((14, 0, slice(0, 960, None), slice(None, None, None)),), 'dataset shape': (40, 11, 1921, 2560), 'dataset chunks': (7, 1, 385, 512), 'indexing time (s)': 7.152557373046875e-07, 'chunk number': 1650, 'reduction time (s)': 0.7130091190338135, 'chunks processed': 15, 'storage read (B)': 29733505, 'selection 2 time (s)': 0.7232708930969238}
Thread times [0.2942347526550293, 0.29705810546875, 0.33171916007995605, 0.49615478515625, 0.49727702140808105, 0.49688720703125, 0.4970669746398926, 0.495103120803833, 0.49761104583740234, 0.4980900287628174, 0.4988291263580322, 0.5028378963470459, 0.5059740543365479, 0.5078341960906982, 0.5618240833282471]
{'args': ((15, 0, slice(0, 960, None), slice(None, None, None)),), 'dataset shape': (40, 11, 1921, 2560), 'dataset chunks': (7, 1, 385, 512), 'indexing time (s)': 1.1920928955078125e-06, 'chunk number': 1650, 'reduction time (s)': 0.5660409927368164, 'chunks processed': 15, 'storage read (B)': 29733505, 'selection 2 time (s)': 0.5800600051879883}
Thread times [0.2458329200744629, 0.2441098690032959, 0.24543499946594238, 0.2415158748626709, 0.24383997917175293, 0.2775862216949463, 0.34694409370422363, 0.3493380546569824, 0.4390830993652344, 0.4383389949798584, 0.4417400360107422, 0.44337940216064453, 0.4473998546600342, 0.4469029903411865, 0.5518131256103516]
{'args': ((16, 0, slice(0, 960, None), slice(None, None, None)),), 'dataset shape': (40, 11, 1921, 2560), 'dataset chunks': (7, 1, 385, 512), 'indexing time (s)': 1.1920928955078125e-06, 'chunk number': 1650, 'reduction time (s)': 0.5570099353790283, 'chunks processed': 15, 'storage read (B)': 29733505, 'selection 2 time (s)': 0.5719311237335205}
Thread times [0.19757080078125, 0.195098876953125, 0.47432613372802734, 0.47496581077575684, 0.4779982566833496, 0.5052790641784668, 0.5082709789276123, 0.5121099948883057, 0.5223510265350342, 0.5210390090942383, 0.5331521034240723, 0.5373568534851074, 0.5422370433807373, 0.5483038425445557, 0.5540351867675781]
{'args': ((17, 0, slice(0, 960, None), slice(None, None, None)),), 'dataset shape': (40, 11, 1921, 2560), 'dataset chunks': (7, 1, 385, 512), 'indexing time (s)': 9.5367431640625e-07, 'chunk number': 1650, 'reduction time (s)': 0.5587189197540283, 'chunks processed': 15, 'storage read (B)': 29733505, 'selection 2 time (s)': 0.5726451873779297}
Thread times [0.17002177238464355, 0.1713261604309082, 0.20975732803344727, 0.34297800064086914, 0.3474843502044678, 0.40735721588134766, 0.4144151210784912, 0.428210973739624, 0.4366269111633301, 0.4410569667816162, 0.44601869583129883, 0.45082998275756836, 0.4573237895965576, 0.4613020420074463, 0.4735558032989502]
{'args': ((18, 0, slice(0, 960, None), slice(None, None, None)),), 'dataset shape': (40, 11, 1921, 2560), 'dataset chunks': (7, 1, 385, 512), 'indexing time (s)': 9.5367431640625e-07, 'chunk number': 1650, 'reduction time (s)': 0.47750115394592285, 'chunks processed': 15, 'storage read (B)': 29733505, 'selection 2 time (s)': 0.4926598072052002}
Thread times [0.17966794967651367, 0.17958402633666992, 0.18176698684692383, 0.19304800033569336, 0.20163202285766602, 0.28435420989990234, 0.39577388763427734, 0.40432000160217285, 0.4104299545288086, 0.41516804695129395, 0.42456817626953125, 0.43169689178466797, 0.4361569881439209, 0.4407050609588623, 0.4608299732208252]
{'args': ((19, 0, slice(0, 960, None), slice(None, None, None)),), 'dataset shape': (40, 11, 1921, 2560), 'dataset chunks': (7, 1, 385, 512), 'indexing time (s)': 7.152557373046875e-07, 'chunk number': 1650, 'reduction time (s)': 0.464677095413208, 'chunks processed': 15, 'storage read (B)': 29733505, 'selection 2 time (s)': 0.47885632514953613}
Thread times [0.23610305786132812, 0.3164398670196533, 0.3169560432434082, 0.32791996002197266, 0.41827988624572754, 0.4203629493713379, 0.4201951026916504, 0.4199051856994629, 0.422652006149292, 0.4226212501525879, 0.42585015296936035, 0.425631046295166, 0.42806482315063477, 0.43314313888549805, 0.433042049407959]
{'args': ((20, 0, slice(0, 960, None), slice(None, None, None)),), 'dataset shape': (40, 11, 1921, 2560), 'dataset chunks': (7, 1, 385, 512), 'indexing time (s)': 9.5367431640625e-07, 'chunk number': 1650, 'reduction time (s)': 0.436553955078125, 'chunks processed': 15, 'storage read (B)': 29733505, 'selection 2 time (s)': 0.4440340995788574}
Thread times [0.20386505126953125, 0.20546483993530273, 0.2106308937072754, 0.30182600021362305, 0.39001965522766113, 0.41248631477355957, 0.5007791519165039, 0.5425920486450195, 0.5424580574035645, 0.5892069339752197, 0.6041350364685059, 0.6122281551361084, 0.6141512393951416, 0.6516909599304199, 0.6576700210571289]
{'args': ((21, 0, slice(0, 960, None), slice(None, None, None)),), 'dataset shape': (40, 11, 1921, 2560), 'dataset chunks': (7, 1, 385, 512), 'indexing time (s)': 9.5367431640625e-07, 'chunk number': 1650, 'reduction time (s)': 0.6629071235656738, 'chunks processed': 15, 'storage read (B)': 29686785, 'selection 2 time (s)': 0.6773312091827393}
Thread times [0.5611979961395264, 0.6765542030334473, 0.688643217086792, 0.7045309543609619, 0.7413208484649658, 0.7426648139953613, 0.7401621341705322, 0.7503910064697266, 0.7510221004486084, 0.7561278343200684, 0.7712502479553223, 0.7717270851135254, 0.873276948928833, 0.8748211860656738, 0.8755099773406982]
{'args': ((22, 0, slice(0, 960, None), slice(None, None, None)),), 'dataset shape': (40, 11, 1921, 2560), 'dataset chunks': (7, 1, 385, 512), 'indexing time (s)': 1.1920928955078125e-06, 'chunk number': 1650, 'reduction time (s)': 0.8809158802032471, 'chunks processed': 15, 'storage read (B)': 29686785, 'selection 2 time (s)': 0.8915629386901855}
Thread times [0.31589722633361816, 0.40291690826416016, 0.5095288753509521, 0.5378937721252441, 0.5718088150024414, 0.5750541687011719, 0.5915889739990234, 0.610260009765625, 0.6117749214172363, 0.6320607662200928, 0.6438190937042236, 0.645395040512085, 0.6641867160797119, 0.6842010021209717, 0.6892910003662109]
{'args': ((23, 0, slice(0, 960, None), slice(None, None, None)),), 'dataset shape': (40, 11, 1921, 2560), 'dataset chunks': (7, 1, 385, 512), 'indexing time (s)': 1.1920928955078125e-06, 'chunk number': 1650, 'reduction time (s)': 0.6943459510803223, 'chunks processed': 15, 'storage read (B)': 29686785, 'selection 2 time (s)': 0.7086195945739746}
Thread times [0.3180229663848877, 0.41466498374938965, 0.49193596839904785, 0.5516159534454346, 0.648388147354126, 0.6495590209960938, 0.6706500053405762, 0.6771979331970215, 0.6882898807525635, 0.7088749408721924, 0.7157971858978271, 0.7174620628356934, 0.7263150215148926, 0.7388489246368408, 0.7461731433868408]
{'args': ((24, 0, slice(0, 960, None), slice(None, None, None)),), 'dataset shape': (40, 11, 1921, 2560), 'dataset chunks': (7, 1, 385, 512), 'indexing time (s)': 9.5367431640625e-07, 'chunk number': 1650, 'reduction time (s)': 0.7518658638000488, 'chunks processed': 15, 'storage read (B)': 29686785, 'selection 2 time (s)': 0.7659139633178711}
Thread times [0.40691709518432617, 0.5164258480072021, 0.5597512722015381, 0.5759210586547852, 0.5770418643951416, 0.5810980796813965, 0.613436222076416, 0.6127753257751465, 0.6278598308563232, 0.6300549507141113, 0.6375160217285156, 0.6455039978027344, 0.6480648517608643, 0.6539199352264404, 0.6700661182403564]
{'args': ((25, 0, slice(0, 960, None), slice(None, None, None)),), 'dataset shape': (40, 11, 1921, 2560), 'dataset chunks': (7, 1, 385, 512), 'indexing time (s)': 0.0, 'chunk number': 1650, 'reduction time (s)': 0.6752467155456543, 'chunks processed': 15, 'storage read (B)': 29686785, 'selection 2 time (s)': 0.6879491806030273}
Thread times [0.4459099769592285, 0.44833898544311523, 0.584197998046875, 0.6238358020782471, 0.6274800300598145, 0.6416020393371582, 0.7645130157470703, 0.7672290802001953, 0.764866828918457, 0.7670469284057617, 0.7702071666717529, 0.7732930183410645, 0.7755889892578125, 0.7754709720611572, 0.7773799896240234]
{'args': ((26, 0, slice(0, 960, None), slice(None, None, None)),), 'dataset shape': (40, 11, 1921, 2560), 'dataset chunks': (7, 1, 385, 512), 'indexing time (s)': 9.5367431640625e-07, 'chunk number': 1650, 'reduction time (s)': 0.7821357250213623, 'chunks processed': 15, 'storage read (B)': 29686785, 'selection 2 time (s)': 0.7895550727844238}
Thread times [0.1348729133605957, 0.16686677932739258, 0.17760419845581055, 0.502349853515625, 0.5034041404724121, 0.6187329292297363, 0.6681649684906006, 0.6896088123321533, 0.6942791938781738, 0.6936771869659424, 0.7068829536437988, 0.7248849868774414, 0.7298300266265869, 0.7298910617828369, 0.7401418685913086]
{'args': ((27, 0, slice(0, 960, None), slice(None, None, None)),), 'dataset shape': (40, 11, 1921, 2560), 'dataset chunks': (7, 1, 385, 512), 'indexing time (s)': 9.5367431640625e-07, 'chunk number': 1650, 'reduction time (s)': 0.7453172206878662, 'chunks processed': 15, 'storage read (B)': 29686785, 'selection 2 time (s)': 0.7569260597229004}
Thread times [0.17024803161621094, 0.1706249713897705, 0.1764061450958252, 0.2665529251098633, 0.2692859172821045, 0.2916839122772217, 0.4178030490875244, 0.4192049503326416, 0.42107582092285156, 0.43146705627441406, 0.4411349296569824, 0.4420640468597412, 0.4485330581665039, 0.4551551342010498, 0.45938992500305176]
{'args': ((28, 0, slice(0, 960, None), slice(None, None, None)),), 'dataset shape': (40, 11, 1921, 2560), 'dataset chunks': (7, 1, 385, 512), 'indexing time (s)': 9.5367431640625e-07, 'chunk number': 1650, 'reduction time (s)': 0.4642050266265869, 'chunks processed': 15, 'storage read (B)': 29670387, 'selection 2 time (s)': 0.4772610664367676}
Thread times [0.3365139961242676, 0.3899669647216797, 0.4882378578186035, 0.49916911125183105, 0.5055906772613525, 0.5112879276275635, 0.5146949291229248, 0.5216562747955322, 0.5295300483703613, 0.5321977138519287, 0.5427472591400146, 0.5474851131439209, 0.5517599582672119, 0.5528829097747803, 0.5630519390106201]
{'args': ((29, 0, slice(0, 960, None), slice(None, None, None)),), 'dataset shape': (40, 11, 1921, 2560), 'dataset chunks': (7, 1, 385, 512), 'indexing time (s)': 0.0, 'chunk number': 1650, 'reduction time (s)': 0.5680937767028809, 'chunks processed': 15, 'storage read (B)': 29670387, 'selection 2 time (s)': 0.5811197757720947}
Thread times [0.43319201469421387, 0.4338529109954834, 0.5897572040557861, 0.5929529666900635, 0.5979740619659424, 0.6118259429931641, 0.6137490272521973, 0.616041898727417, 0.6266670227050781, 0.6300919055938721, 0.6331629753112793, 0.6431832313537598, 0.6445157527923584, 0.6541049480438232, 0.6627378463745117]
{'args': ((30, 0, slice(0, 960, None), slice(None, None, None)),), 'dataset shape': (40, 11, 1921, 2560), 'dataset chunks': (7, 1, 385, 512), 'indexing time (s)': 9.5367431640625e-07, 'chunk number': 1650, 'reduction time (s)': 0.6675083637237549, 'chunks processed': 15, 'storage read (B)': 29670387, 'selection 2 time (s)': 0.6775758266448975}
Thread times [0.28072285652160645, 0.39504575729370117, 0.5110549926757812, 0.5122969150543213, 0.520421028137207, 0.5251021385192871, 0.5311000347137451, 0.6279029846191406, 0.6295700073242188, 0.6289770603179932, 0.631324291229248, 0.6319386959075928, 0.6370010375976562, 0.637894868850708, 0.6387040615081787]
{'args': ((31, 0, slice(0, 960, None), slice(None, None, None)),), 'dataset shape': (40, 11, 1921, 2560), 'dataset chunks': (7, 1, 385, 512), 'indexing time (s)': 0.0, 'chunk number': 1650, 'reduction time (s)': 0.6435620784759521, 'chunks processed': 15, 'storage read (B)': 29670387, 'selection 2 time (s)': 0.6518421173095703}
Thread times [0.16656875610351562, 0.2155139446258545, 0.21953511238098145, 0.23770689964294434, 0.23664379119873047, 0.3044121265411377, 0.2973182201385498, 0.3229560852050781, 0.3717000484466553, 0.36527419090270996, 0.37015295028686523, 0.3790271282196045, 0.3811368942260742, 0.3968820571899414, 0.4868350028991699]
{'args': ((32, 0, slice(0, 960, None), slice(None, None, None)),), 'dataset shape': (40, 11, 1921, 2560), 'dataset chunks': (7, 1, 385, 512), 'indexing time (s)': 9.5367431640625e-07, 'chunk number': 1650, 'reduction time (s)': 0.5083868503570557, 'chunks processed': 15, 'storage read (B)': 29670387, 'selection 2 time (s)': 0.5222320556640625}
Thread times [0.16857171058654785, 0.29760098457336426, 0.36986303329467773, 0.41457414627075195, 0.504788875579834, 0.5015101432800293, 0.503528356552124, 0.5055637359619141, 0.5068528652191162, 0.5037550926208496, 0.5112688541412354, 0.5126678943634033, 0.5123031139373779, 0.5147199630737305, 0.5162398815155029]
{'args': ((33, 0, slice(0, 960, None), slice(None, None, None)),), 'dataset shape': (40, 11, 1921, 2560), 'dataset chunks': (7, 1, 385, 512), 'indexing time (s)': 9.5367431640625e-07, 'chunk number': 1650, 'reduction time (s)': 0.5202608108520508, 'chunks processed': 15, 'storage read (B)': 29670387, 'selection 2 time (s)': 0.5279381275177002}
Thread times [0.19555306434631348, 0.28682708740234375, 0.5007390975952148, 0.5010020732879639, 0.5024199485778809, 0.4984300136566162, 0.49930906295776367, 0.5020971298217773, 0.5010490417480469, 0.5017306804656982, 0.5094027519226074, 0.5110831260681152, 0.515247106552124, 0.523928165435791, 0.5277831554412842]
{'args': ((34, 0, slice(0, 960, None), slice(None, None, None)),), 'dataset shape': (40, 11, 1921, 2560), 'dataset chunks': (7, 1, 385, 512), 'indexing time (s)': 0.0, 'chunk number': 1650, 'reduction time (s)': 0.5324950218200684, 'chunks processed': 15, 'storage read (B)': 29670387, 'selection 2 time (s)': 0.5452988147735596}
Thread times [0.29209399223327637, 0.34796595573425293, 0.3567478656768799, 0.35973501205444336, 0.3727407455444336, 0.37597012519836426, 0.37648892402648926, 0.3805379867553711, 0.3884458541870117, 0.4766719341278076, 0.4803328514099121, 0.4849662780761719, 0.48430395126342773, 0.48688721656799316, 0.4897730350494385]
{'args': ((35, 0, slice(0, 960, None), slice(None, None, None)),), 'dataset shape': (40, 11, 1921, 2560), 'dataset chunks': (7, 1, 385, 512), 'indexing time (s)': 9.5367431640625e-07, 'chunk number': 1650, 'reduction time (s)': 0.49387598037719727, 'chunks processed': 15, 'storage read (B)': 21287473, 'selection 2 time (s)': 0.5016911029815674}
Thread times [0.38414788246154785, 0.3930833339691162, 0.3999061584472656, 0.5017099380493164, 0.50018310546875, 0.5032467842102051, 0.506127119064331, 0.5049200057983398, 0.5036437511444092, 0.5061807632446289, 0.507051944732666, 0.5083580017089844, 0.5112919807434082, 0.5132977962493896, 0.5151829719543457]
{'args': ((36, 0, slice(0, 960, None), slice(None, None, None)),), 'dataset shape': (40, 11, 1921, 2560), 'dataset chunks': (7, 1, 385, 512), 'indexing time (s)': 1.1920928955078125e-06, 'chunk number': 1650, 'reduction time (s)': 0.5187480449676514, 'chunks processed': 15, 'storage read (B)': 21287473, 'selection 2 time (s)': 0.5263268947601318}
Thread times [0.15453290939331055, 0.15893030166625977, 0.1608719825744629, 0.1965038776397705, 0.22838783264160156, 0.27179980278015137, 0.3076019287109375, 0.3162040710449219, 0.3161609172821045, 0.32198095321655273, 0.33315610885620117, 0.33150315284729004, 0.3354620933532715, 0.343994140625, 0.34786200523376465]
{'args': ((37, 0, slice(0, 960, None), slice(None, None, None)),), 'dataset shape': (40, 11, 1921, 2560), 'dataset chunks': (7, 1, 385, 512), 'indexing time (s)': 9.5367431640625e-07, 'chunk number': 1650, 'reduction time (s)': 0.3513309955596924, 'chunks processed': 15, 'storage read (B)': 21287473, 'selection 2 time (s)': 0.3613419532775879}
Thread times [0.2608780860900879, 0.2672240734100342, 0.28959012031555176, 0.3172299861907959, 0.3545200824737549, 0.3565409183502197, 0.3632221221923828, 0.37348294258117676, 0.37555813789367676, 0.3829059600830078, 0.3868987560272217, 0.3954780101776123, 0.3960251808166504, 0.4100968837738037, 0.41051793098449707]
{'args': ((38, 0, slice(0, 960, None), slice(None, None, None)),), 'dataset shape': (40, 11, 1921, 2560), 'dataset chunks': (7, 1, 385, 512), 'indexing time (s)': 9.5367431640625e-07, 'chunk number': 1650, 'reduction time (s)': 0.4157071113586426, 'chunks processed': 15, 'storage read (B)': 21287473, 'selection 2 time (s)': 0.4247310161590576}
Thread times [0.11625123023986816, 0.23410582542419434, 0.23733210563659668, 0.2389051914215088, 0.2371528148651123, 0.2411489486694336, 0.2373340129852295, 0.24161791801452637, 0.23708796501159668, 0.2417149543762207, 0.24332904815673828, 0.24523282051086426, 0.25167202949523926, 0.25557899475097656, 0.28710389137268066]
{'args': ((39, 0, slice(0, 960, None), slice(None, None, None)),), 'dataset shape': (40, 11, 1921, 2560), 'dataset chunks': (7, 1, 385, 512), 'indexing time (s)': 1.1920928955078125e-06, 'chunk number': 1650, 'reduction time (s)': 0.2900850772857666, 'chunks processed': 15, 'storage read (B)': 21287473, 'selection 2 time (s)': 0.3035140037536621}
[[226.07820312]
 [226.0646875 ]
 [225.93776042]
 [225.90822917]
 [225.91739583]
 [225.88460937]
 [225.82080729]
 [225.85434896]
 [225.98346354]
 [226.03822917]
 [226.01317708]
 [226.02333333]
 [226.03765625]
 [226.00486979]
 [225.91776042]
 [225.94033854]
 [225.98729167]
 [225.91450521]
 [225.81239583]
 [225.81890625]
 [225.84528646]
 [225.785     ]
 [225.63648438]
 [225.5565625 ]
 [225.45744792]
 [225.32385417]
 [225.16338542]
 [225.07789063]
 [225.07846354]
 [225.10666667]
 [225.17609375]
 [225.36867187]
 [225.57927083]
 [225.69085938]
 [225.7221875 ]
 [225.82367188]
 [225.93640625]
 [225.96760417]
 [225.91872396]
 [225.92236979]]
Summary:  Uni24whidch :Active (T100,BS5): 3.77s,25.11s,48.33s
