Dataset loaded from S3 with s3fs and Pyfive: bnl/ch330a.pc19790301-def.nc (0.055,3.2)
Thread times [0.10870099067687988, 0.06533575057983398, 0.10148811340332031, 0.07130312919616699, 0.09774017333984375, 0.07847809791564941, 0.10613512992858887, 0.10343313217163086, 0.37888002395629883, 0.14249515533447266, 0.08344221115112305, 0.2880668640136719, 0.08330297470092773, 0.08359909057617188, 0.07440876960754395]
{'load nc time': 3.7275288105010986, 'args': ((0, 0, slice(0, 960, None), slice(None, None, None)),), 'dataset shape': (40, 11, 1921, 2560), 'dataset chunks': (7, 1, 385, 512), 'indexing time (s)': 21.293053150177002, 'chunk number': 1650, 'reduction time (s)': 1.8681461811065674, 'chunks processed': 15, 'storage read (B)': 29685482, 'selection 2 time (s)': 23.163928031921387}
Thread times [0.10253381729125977, 0.05690813064575195, 0.08231806755065918, 0.0742349624633789, 0.08874917030334473, 0.08464407920837402, 0.09494900703430176, 0.09084320068359375, 0.30708885192871094, 0.08330917358398438, 0.09134984016418457, 0.3374142646789551, 0.1075592041015625, 0.09656333923339844, 0.10614991188049316]
{'args': ((1, 0, slice(0, 960, None), slice(None, None, None)),), 'dataset shape': (40, 11, 1921, 2560), 'dataset chunks': (7, 1, 385, 512), 'indexing time (s)': 3.0994415283203125e-06, 'chunk number': 1650, 'reduction time (s)': 1.8059699535369873, 'chunks processed': 15, 'storage read (B)': 29685482, 'selection 2 time (s)': 1.8072292804718018}
Thread times [0.08533668518066406, 0.05602622032165527, 0.1136021614074707, 0.06604385375976562, 0.07817316055297852, 0.08150601387023926, 0.08803701400756836, 0.08733701705932617, 0.36551785469055176, 0.10492205619812012, 0.0989220142364502, 0.30491089820861816, 0.08864307403564453, 0.09202408790588379, 0.10261297225952148]
{'args': ((2, 0, slice(0, 960, None), slice(None, None, None)),), 'dataset shape': (40, 11, 1921, 2560), 'dataset chunks': (7, 1, 385, 512), 'indexing time (s)': 9.5367431640625e-07, 'chunk number': 1650, 'reduction time (s)': 1.8151922225952148, 'chunks processed': 15, 'storage read (B)': 29685482, 'selection 2 time (s)': 1.8176770210266113}
Thread times [0.09978294372558594, 0.06233501434326172, 0.06803488731384277, 0.06263017654418945, 0.0800018310546875, 0.09073591232299805, 0.10487508773803711, 0.1539149284362793, 0.27020859718322754, 0.09116911888122559, 0.09751081466674805, 0.25960302352905273, 0.07777094841003418, 0.14269590377807617, 0.0940699577331543]
{'args': ((3, 0, slice(0, 960, None), slice(None, None, None)),), 'dataset shape': (40, 11, 1921, 2560), 'dataset chunks': (7, 1, 385, 512), 'indexing time (s)': 1.6689300537109375e-06, 'chunk number': 1650, 'reduction time (s)': 1.75679612159729, 'chunks processed': 15, 'storage read (B)': 29685482, 'selection 2 time (s)': 1.759709358215332}
Thread times [0.09897184371948242, 0.05758380889892578, 0.07593703269958496, 0.08047103881835938, 0.08893275260925293, 0.09384393692016602, 0.08384513854980469, 0.08807897567749023, 0.23028039932250977, 0.14458680152893066, 0.09333205223083496, 0.2350170612335205, 0.07753491401672363, 0.09727597236633301, 0.12974882125854492]
{'args': ((4, 0, slice(0, 960, None), slice(None, None, None)),), 'dataset shape': (40, 11, 1921, 2560), 'dataset chunks': (7, 1, 385, 512), 'indexing time (s)': 2.1457672119140625e-06, 'chunk number': 1650, 'reduction time (s)': 1.6774489879608154, 'chunks processed': 15, 'storage read (B)': 29685482, 'selection 2 time (s)': 1.6800129413604736}
Thread times [0.11387920379638672, 0.056574106216430664, 0.15893101692199707, 0.07499217987060547, 0.15035605430603027, 0.08625221252441406, 0.0845937728881836, 0.08907008171081543, 0.2311689853668213, 0.08243107795715332, 0.1546311378479004, 0.3536219596862793, 0.08501315116882324, 0.08914995193481445, 0.08558511734008789]
{'args': ((5, 0, slice(0, 960, None), slice(None, None, None)),), 'dataset shape': (40, 11, 1921, 2560), 'dataset chunks': (7, 1, 385, 512), 'indexing time (s)': 1.9073486328125e-06, 'chunk number': 1650, 'reduction time (s)': 1.8978450298309326, 'chunks processed': 15, 'storage read (B)': 29685482, 'selection 2 time (s)': 1.9003350734710693}
Thread times [0.0959937572479248, 0.06011319160461426, 0.07002592086791992, 0.06949472427368164, 0.08217382431030273, 0.08615589141845703, 0.083953857421875, 0.08371424674987793, 0.29422712326049805, 0.3080461025238037, 0.08156394958496094, 0.23367619514465332, 0.07793402671813965, 0.08384895324707031, 0.09041976928710938]
{'args': ((6, 0, slice(0, 960, None), slice(None, None, None)),), 'dataset shape': (40, 11, 1921, 2560), 'dataset chunks': (7, 1, 385, 512), 'indexing time (s)': 2.1457672119140625e-06, 'chunk number': 1650, 'reduction time (s)': 1.802828073501587, 'chunks processed': 15, 'storage read (B)': 29685482, 'selection 2 time (s)': 1.8053181171417236}
Thread times [0.11729311943054199, 0.05699586868286133, 0.0803520679473877, 0.07822489738464355, 0.11673402786254883, 0.0937507152557373, 0.14554095268249512, 0.08933210372924805, 0.49468088150024414, 0.0892782211303711, 0.11507892608642578, 0.08832311630249023, 0.07932090759277344, 0.07808780670166016, 0.16594910621643066]
{'args': ((7, 0, slice(0, 960, None), slice(None, None, None)),), 'dataset shape': (40, 11, 1921, 2560), 'dataset chunks': (7, 1, 385, 512), 'indexing time (s)': 3.0994415283203125e-06, 'chunk number': 1650, 'reduction time (s)': 1.8903508186340332, 'chunks processed': 15, 'storage read (B)': 29701892, 'selection 2 time (s)': 1.893122673034668}
Thread times [0.0886530876159668, 0.06837201118469238, 0.13477087020874023, 0.07774114608764648, 0.08267998695373535, 0.10187482833862305, 0.09181499481201172, 0.09900593757629395, 0.2441558837890625, 0.07891297340393066, 0.07858514785766602, 0.08712100982666016, 0.08584403991699219, 0.09329724311828613, 0.08453798294067383]
{'args': ((8, 0, slice(0, 960, None), slice(None, None, None)),), 'dataset shape': (40, 11, 1921, 2560), 'dataset chunks': (7, 1, 385, 512), 'indexing time (s)': 2.1457672119140625e-06, 'chunk number': 1650, 'reduction time (s)': 1.4990692138671875, 'chunks processed': 15, 'storage read (B)': 29701892, 'selection 2 time (s)': 1.500175952911377}
Thread times [0.07557201385498047, 0.05506706237792969, 0.07743978500366211, 0.08297109603881836, 0.08618378639221191, 0.14336061477661133, 0.08668708801269531, 0.08933496475219727, 0.3557870388031006, 0.11319589614868164, 0.09423589706420898, 0.0893869400024414, 0.09747624397277832, 0.08382701873779297, 0.08218097686767578]
{'args': ((9, 0, slice(0, 960, None), slice(None, None, None)),), 'dataset shape': (40, 11, 1921, 2560), 'dataset chunks': (7, 1, 385, 512), 'indexing time (s)': 9.5367431640625e-07, 'chunk number': 1650, 'reduction time (s)': 1.6141760349273682, 'chunks processed': 15, 'storage read (B)': 29701892, 'selection 2 time (s)': 1.6171119213104248}
Thread times [0.10757613182067871, 0.057195186614990234, 0.08447480201721191, 0.08169293403625488, 0.10398697853088379, 0.08684802055358887, 0.10222220420837402, 0.07760477066040039, 0.2351062297821045, 0.08961606025695801, 0.08018279075622559, 0.13486695289611816, 0.09120798110961914, 0.08769607543945312, 0.08952975273132324]
{'args': ((10, 0, slice(0, 960, None), slice(None, None, None)),), 'dataset shape': (40, 11, 1921, 2560), 'dataset chunks': (7, 1, 385, 512), 'indexing time (s)': 2.1457672119140625e-06, 'chunk number': 1650, 'reduction time (s)': 1.5112929344177246, 'chunks processed': 15, 'storage read (B)': 29701892, 'selection 2 time (s)': 1.5142731666564941}
Thread times [0.1346292495727539, 0.05454397201538086, 0.0804741382598877, 0.07989621162414551, 0.07693600654602051, 0.10927319526672363, 0.08622479438781738, 0.08324408531188965, 0.23588895797729492, 0.09134602546691895, 0.1053462028503418, 0.07856106758117676, 0.08776187896728516, 0.11369800567626953, 0.09068012237548828]
{'args': ((11, 0, slice(0, 960, None), slice(None, None, None)),), 'dataset shape': (40, 11, 1921, 2560), 'dataset chunks': (7, 1, 385, 512), 'indexing time (s)': 1.6689300537109375e-06, 'chunk number': 1650, 'reduction time (s)': 1.5099730491638184, 'chunks processed': 15, 'storage read (B)': 29701892, 'selection 2 time (s)': 1.5130207538604736}
Thread times [0.09927892684936523, 0.05873918533325195, 0.08375191688537598, 0.08252692222595215, 0.0942387580871582, 0.11575889587402344, 0.13023805618286133, 0.08831095695495605, 0.21556711196899414, 0.0948190689086914, 0.08411788940429688, 0.10380005836486816, 0.0844728946685791, 0.08287525177001953, 0.11921501159667969]
{'args': ((12, 0, slice(0, 960, None), slice(None, None, None)),), 'dataset shape': (40, 11, 1921, 2560), 'dataset chunks': (7, 1, 385, 512), 'indexing time (s)': 3.0994415283203125e-06, 'chunk number': 1650, 'reduction time (s)': 1.5389790534973145, 'chunks processed': 15, 'storage read (B)': 29701892, 'selection 2 time (s)': 1.5400631427764893}
Thread times [0.09674596786499023, 0.04990100860595703, 0.07769107818603516, 0.08560013771057129, 0.07948708534240723, 0.08286190032958984, 0.12923312187194824, 0.09515810012817383, 0.28159093856811523, 0.17331194877624512, 0.11413908004760742, 0.08772873878479004, 0.12612414360046387, 0.08601021766662598, 0.13184905052185059]
{'args': ((13, 0, slice(0, 960, None), slice(None, None, None)),), 'dataset shape': (40, 11, 1921, 2560), 'dataset chunks': (7, 1, 385, 512), 'indexing time (s)': 9.5367431640625e-07, 'chunk number': 1650, 'reduction time (s)': 1.6989481449127197, 'chunks processed': 15, 'storage read (B)': 29701892, 'selection 2 time (s)': 1.7012579441070557}
Thread times [0.09323906898498535, 0.09652209281921387, 0.0727851390838623, 0.10158109664916992, 0.11858701705932617, 0.08941388130187988, 0.14221429824829102, 0.09480404853820801, 0.34391307830810547, 0.09602212905883789, 0.08847403526306152, 0.09053373336791992, 0.08448100090026855, 0.09712886810302734, 0.08831000328063965]
{'args': ((14, 0, slice(0, 960, None), slice(None, None, None)),), 'dataset shape': (40, 11, 1921, 2560), 'dataset chunks': (7, 1, 385, 512), 'indexing time (s)': 2.1457672119140625e-06, 'chunk number': 1650, 'reduction time (s)': 1.6995058059692383, 'chunks processed': 15, 'storage read (B)': 29733505, 'selection 2 time (s)': 1.7019100189208984}
Thread times [0.09109282493591309, 0.0769660472869873, 0.07083392143249512, 0.09259295463562012, 0.10846710205078125, 0.11096501350402832, 0.09521317481994629, 0.09607982635498047, 0.24528288841247559, 0.23264408111572266, 0.07493996620178223, 0.08597183227539062, 0.11749720573425293, 0.10367679595947266, 0.12161779403686523]
{'args': ((15, 0, slice(0, 960, None), slice(None, None, None)),), 'dataset shape': (40, 11, 1921, 2560), 'dataset chunks': (7, 1, 385, 512), 'indexing time (s)': 1.9073486328125e-06, 'chunk number': 1650, 'reduction time (s)': 1.7253270149230957, 'chunks processed': 15, 'storage read (B)': 29733505, 'selection 2 time (s)': 1.7279810905456543}
Thread times [0.18787908554077148, 0.08076000213623047, 0.06379103660583496, 0.08672690391540527, 0.1179051399230957, 0.09711599349975586, 0.11987781524658203, 0.09986114501953125, 0.3507568836212158, 0.10379695892333984, 0.09768319129943848, 0.10673213005065918, 0.09229087829589844, 0.09285092353820801, 0.13800597190856934]
{'args': ((16, 0, slice(0, 960, None), slice(None, None, None)),), 'dataset shape': (40, 11, 1921, 2560), 'dataset chunks': (7, 1, 385, 512), 'indexing time (s)': 2.1457672119140625e-06, 'chunk number': 1650, 'reduction time (s)': 1.837407112121582, 'chunks processed': 15, 'storage read (B)': 29733505, 'selection 2 time (s)': 1.8407258987426758}
Thread times [0.10296797752380371, 0.08334589004516602, 0.1737987995147705, 0.0941770076751709, 0.10310006141662598, 0.09400773048400879, 0.0983731746673584, 0.10336613655090332, 0.2658250331878662, 0.11361122131347656, 0.07553791999816895, 0.13967680931091309, 0.08918190002441406, 0.0827169418334961, 0.08240413665771484]
{'args': ((17, 0, slice(0, 960, None), slice(None, None, None)),), 'dataset shape': (40, 11, 1921, 2560), 'dataset chunks': (7, 1, 385, 512), 'indexing time (s)': 2.1457672119140625e-06, 'chunk number': 1650, 'reduction time (s)': 1.7034540176391602, 'chunks processed': 15, 'storage read (B)': 29733505, 'selection 2 time (s)': 1.7063210010528564}
Thread times [0.11529111862182617, 0.08304500579833984, 0.08350086212158203, 0.34589695930480957, 0.07699298858642578, 0.09114193916320801, 0.10233592987060547, 0.09484100341796875, 0.3513190746307373, 0.08796167373657227, 0.08719301223754883, 0.09436297416687012, 0.09805893898010254, 0.0830378532409668, 0.08714985847473145]
{'args': ((18, 0, slice(0, 960, None), slice(None, None, None)),), 'dataset shape': (40, 11, 1921, 2560), 'dataset chunks': (7, 1, 385, 512), 'indexing time (s)': 2.1457672119140625e-06, 'chunk number': 1650, 'reduction time (s)': 1.8837800025939941, 'chunks processed': 15, 'storage read (B)': 29733505, 'selection 2 time (s)': 1.8860981464385986}
Thread times [0.09448599815368652, 0.06821513175964355, 0.07306194305419922, 0.07733869552612305, 0.10952115058898926, 0.08629679679870605, 0.138991117477417, 0.0936288833618164, 0.2274010181427002, 0.0914769172668457, 0.09361815452575684, 0.11487007141113281, 0.13436293601989746, 0.13815617561340332, 0.0915682315826416]
{'args': ((19, 0, slice(0, 960, None), slice(None, None, None)),), 'dataset shape': (40, 11, 1921, 2560), 'dataset chunks': (7, 1, 385, 512), 'indexing time (s)': 1.9073486328125e-06, 'chunk number': 1650, 'reduction time (s)': 1.6345860958099365, 'chunks processed': 15, 'storage read (B)': 29733505, 'selection 2 time (s)': 1.6382789611816406}
Thread times [0.09050488471984863, 0.06791090965270996, 0.0671992301940918, 0.08338379859924316, 0.08993792533874512, 0.08751225471496582, 0.09245085716247559, 0.09949779510498047, 0.24546098709106445, 0.09840106964111328, 0.08303618431091309, 0.08331489562988281, 0.08372306823730469, 0.09514689445495605, 0.0789182186126709]
{'args': ((20, 0, slice(0, 960, None), slice(None, None, None)),), 'dataset shape': (40, 11, 1921, 2560), 'dataset chunks': (7, 1, 385, 512), 'indexing time (s)': 2.1457672119140625e-06, 'chunk number': 1650, 'reduction time (s)': 1.447847843170166, 'chunks processed': 15, 'storage read (B)': 29733505, 'selection 2 time (s)': 1.4515960216522217}
Thread times [0.09157299995422363, 0.05523395538330078, 0.11898398399353027, 0.11176800727844238, 0.15269827842712402, 0.09048795700073242, 0.09545016288757324, 0.09337615966796875, 0.12082695960998535, 0.09893488883972168, 0.08933591842651367, 0.09093213081359863, 0.27811312675476074, 0.307283878326416, 0.09178495407104492]
{'args': ((21, 0, slice(0, 960, None), slice(None, None, None)),), 'dataset shape': (40, 11, 1921, 2560), 'dataset chunks': (7, 1, 385, 512), 'indexing time (s)': 2.1457672119140625e-06, 'chunk number': 1650, 'reduction time (s)': 1.8882639408111572, 'chunks processed': 15, 'storage read (B)': 29686785, 'selection 2 time (s)': 1.890857219696045}
Thread times [0.18352389335632324, 0.060665130615234375, 0.1289060115814209, 0.07924723625183105, 0.07694196701049805, 0.09607481956481934, 0.09167098999023438, 0.08978796005249023, 0.12754583358764648, 0.17807602882385254, 0.0864717960357666, 0.10362410545349121, 0.24704575538635254, 0.2997610569000244, 0.11298894882202148]
{'args': ((22, 0, slice(0, 960, None), slice(None, None, None)),), 'dataset shape': (40, 11, 1921, 2560), 'dataset chunks': (7, 1, 385, 512), 'indexing time (s)': 1.9073486328125e-06, 'chunk number': 1650, 'reduction time (s)': 1.9639358520507812, 'chunks processed': 15, 'storage read (B)': 29686785, 'selection 2 time (s)': 1.96632981300354}
Thread times [0.12471604347229004, 0.06647992134094238, 0.08248305320739746, 0.11293506622314453, 0.07193303108215332, 0.12875914573669434, 0.09437894821166992, 0.07830190658569336, 0.10496997833251953, 0.0885782241821289, 0.10022997856140137, 0.08064508438110352, 0.2839808464050293, 0.23211002349853516, 0.0872950553894043]
{'args': ((23, 0, slice(0, 960, None), slice(None, None, None)),), 'dataset shape': (40, 11, 1921, 2560), 'dataset chunks': (7, 1, 385, 512), 'indexing time (s)': 2.1457672119140625e-06, 'chunk number': 1650, 'reduction time (s)': 1.7390830516815186, 'chunks processed': 15, 'storage read (B)': 29686785, 'selection 2 time (s)': 1.7421412467956543}
Thread times [0.09638690948486328, 0.06062722206115723, 0.08025074005126953, 0.111572265625, 1.0813391208648682, 0.1099860668182373, 0.12659001350402832, 0.17203807830810547, 0.1323528289794922, 0.09937381744384766, 0.11794614791870117, 0.1242530345916748, 0.3293750286102295, 0.3299403190612793, 0.15825414657592773]
{'args': ((24, 0, slice(0, 960, None), slice(None, None, None)),), 'dataset shape': (40, 11, 1921, 2560), 'dataset chunks': (7, 1, 385, 512), 'indexing time (s)': 9.5367431640625e-07, 'chunk number': 1650, 'reduction time (s)': 3.1316516399383545, 'chunks processed': 15, 'storage read (B)': 29686785, 'selection 2 time (s)': 3.1340348720550537}
Thread times [0.27236199378967285, 0.08862018585205078, 0.10107922554016113, 0.1354062557220459, 0.0930781364440918, 0.0955657958984375, 0.10429716110229492, 0.09893202781677246, 0.17107510566711426, 0.14545631408691406, 0.16286492347717285, 0.11731982231140137, 0.29053401947021484, 0.23732209205627441, 0.11507201194763184]
{'args': ((25, 0, slice(0, 960, None), slice(None, None, None)),), 'dataset shape': (40, 11, 1921, 2560), 'dataset chunks': (7, 1, 385, 512), 'indexing time (s)': 2.1457672119140625e-06, 'chunk number': 1650, 'reduction time (s)': 2.234604835510254, 'chunks processed': 15, 'storage read (B)': 29686785, 'selection 2 time (s)': 2.236527919769287}
Thread times [0.20860695838928223, 0.13110566139221191, 0.1455399990081787, 0.1887681484222412, 0.13797783851623535, 0.1743168830871582, 1.1945202350616455, 0.1310868263244629, 0.15500783920288086, 0.0883328914642334, 0.13045501708984375, 0.11378097534179688, 0.33821702003479004, 0.28285717964172363, 0.12178373336791992]
{'args': ((26, 0, slice(0, 960, None), slice(None, None, None)),), 'dataset shape': (40, 11, 1921, 2560), 'dataset chunks': (7, 1, 385, 512), 'indexing time (s)': 9.5367431640625e-07, 'chunk number': 1650, 'reduction time (s)': 3.543923854827881, 'chunks processed': 15, 'storage read (B)': 29686785, 'selection 2 time (s)': 3.546583890914917}
Thread times [0.1745152473449707, 0.10457110404968262, 0.13925409317016602, 0.13203215599060059, 0.07684922218322754, 0.12623000144958496, 0.13888812065124512, 0.13519597053527832, 0.1279890537261963, 0.10248303413391113, 0.1288907527923584, 0.14044713973999023, 0.23907113075256348, 0.26941704750061035, 0.11083292961120605]
{'args': ((27, 0, slice(0, 960, None), slice(None, None, None)),), 'dataset shape': (40, 11, 1921, 2560), 'dataset chunks': (7, 1, 385, 512), 'indexing time (s)': 1.6689300537109375e-06, 'chunk number': 1650, 'reduction time (s)': 2.148030996322632, 'chunks processed': 15, 'storage read (B)': 29686785, 'selection 2 time (s)': 2.1511332988739014}
Thread times [0.09587574005126953, 0.061322927474975586, 0.09045720100402832, 0.08011317253112793, 0.11625027656555176, 0.09620380401611328, 0.14768528938293457, 0.10254502296447754, 0.10484695434570312, 0.10183405876159668, 0.11205697059631348, 0.2922241687774658, 0.10122990608215332, 0.11512994766235352, 0.1181490421295166]
{'args': ((28, 0, slice(0, 960, None), slice(None, None, None)),), 'dataset shape': (40, 11, 1921, 2560), 'dataset chunks': (7, 1, 385, 512), 'indexing time (s)': 1.9073486328125e-06, 'chunk number': 1650, 'reduction time (s)': 1.7373969554901123, 'chunks processed': 15, 'storage read (B)': 29670387, 'selection 2 time (s)': 1.7398982048034668}
Thread times [0.19826889038085938, 0.10800886154174805, 0.08247804641723633, 0.07654309272766113, 0.08639407157897949, 0.17548108100891113, 0.0877370834350586, 0.09152793884277344, 0.15720486640930176, 0.08987593650817871, 0.08765125274658203, 0.2497110366821289, 0.09867119789123535, 0.08737897872924805, 0.09022712707519531]
{'args': ((29, 0, slice(0, 960, None), slice(None, None, None)),), 'dataset shape': (40, 11, 1921, 2560), 'dataset chunks': (7, 1, 385, 512), 'indexing time (s)': 2.1457672119140625e-06, 'chunk number': 1650, 'reduction time (s)': 1.7686891555786133, 'chunks processed': 15, 'storage read (B)': 29670387, 'selection 2 time (s)': 1.7717177867889404}
Thread times [0.09614801406860352, 0.07155799865722656, 0.1676959991455078, 0.08239102363586426, 0.10630297660827637, 0.12154293060302734, 0.10836625099182129, 0.1092379093170166, 0.10743498802185059, 0.0865790843963623, 0.1004638671875, 0.2437739372253418, 0.17427992820739746, 0.09006690979003906, 0.09692883491516113]
{'args': ((30, 0, slice(0, 960, None), slice(None, None, None)),), 'dataset shape': (40, 11, 1921, 2560), 'dataset chunks': (7, 1, 385, 512), 'indexing time (s)': 1.9073486328125e-06, 'chunk number': 1650, 'reduction time (s)': 1.764840841293335, 'chunks processed': 15, 'storage read (B)': 29670387, 'selection 2 time (s)': 1.767988920211792}
Thread times [0.09422016143798828, 0.06508207321166992, 0.08305692672729492, 0.08602690696716309, 0.0968470573425293, 0.11014819145202637, 0.08628582954406738, 0.08727025985717773, 0.08909106254577637, 0.09280204772949219, 0.08543705940246582, 0.2721848487854004, 0.07504582405090332, 0.19204998016357422, 0.11597681045532227]
{'args': ((31, 0, slice(0, 960, None), slice(None, None, None)),), 'dataset shape': (40, 11, 1921, 2560), 'dataset chunks': (7, 1, 385, 512), 'indexing time (s)': 2.1457672119140625e-06, 'chunk number': 1650, 'reduction time (s)': 1.6331570148468018, 'chunks processed': 15, 'storage read (B)': 29670387, 'selection 2 time (s)': 1.6342861652374268}
Thread times [0.10778594017028809, 0.05907177925109863, 0.09216785430908203, 0.07359910011291504, 0.09796571731567383, 0.08571600914001465, 0.08958125114440918, 0.1185450553894043, 0.1085970401763916, 0.11945700645446777, 0.09315204620361328, 0.3094639778137207, 0.08808088302612305, 0.09208202362060547, 0.13427090644836426]
{'args': ((32, 0, slice(0, 960, None), slice(None, None, None)),), 'dataset shape': (40, 11, 1921, 2560), 'dataset chunks': (7, 1, 385, 512), 'indexing time (s)': 1.1920928955078125e-06, 'chunk number': 1650, 'reduction time (s)': 1.670727014541626, 'chunks processed': 15, 'storage read (B)': 29670387, 'selection 2 time (s)': 1.671565055847168}
Thread times [0.08631491661071777, 0.0592958927154541, 0.09085702896118164, 0.0894629955291748, 0.10690522193908691, 0.09991908073425293, 0.08696603775024414, 0.10334610939025879, 0.1031789779663086, 0.1413559913635254, 0.12188100814819336, 0.2510976791381836, 0.07514691352844238, 0.08954024314880371, 0.0876321792602539]
{'args': ((33, 0, slice(0, 960, None), slice(None, None, None)),), 'dataset shape': (40, 11, 1921, 2560), 'dataset chunks': (7, 1, 385, 512), 'indexing time (s)': 9.5367431640625e-07, 'chunk number': 1650, 'reduction time (s)': 1.5941450595855713, 'chunks processed': 15, 'storage read (B)': 29670387, 'selection 2 time (s)': 1.5962481498718262}
Thread times [0.3427271842956543, 0.06713604927062988, 0.08798789978027344, 0.0907440185546875, 0.09103584289550781, 0.12022590637207031, 0.09042716026306152, 0.10206103324890137, 0.10615992546081543, 0.09478402137756348, 0.0900580883026123, 0.22246122360229492, 0.07971358299255371, 0.09026503562927246, 0.11069583892822266]
{'args': ((34, 0, slice(0, 960, None), slice(None, None, None)),), 'dataset shape': (40, 11, 1921, 2560), 'dataset chunks': (7, 1, 385, 512), 'indexing time (s)': 2.1457672119140625e-06, 'chunk number': 1650, 'reduction time (s)': 1.7879369258880615, 'chunks processed': 15, 'storage read (B)': 29670387, 'selection 2 time (s)': 1.788912296295166}
Thread times [0.11263704299926758, 0.05484199523925781, 0.0646369457244873, 0.07620501518249512, 0.07082796096801758, 0.08721280097961426, 0.08113408088684082, 0.07576513290405273, 0.0974419116973877, 0.07943606376647949, 0.10280299186706543, 0.08333706855773926, 0.0877218246459961, 0.08370423316955566, 0.07703900337219238]
{'args': ((35, 0, slice(0, 960, None), slice(None, None, None)),), 'dataset shape': (40, 11, 1921, 2560), 'dataset chunks': (7, 1, 385, 512), 'indexing time (s)': 1.1920928955078125e-06, 'chunk number': 1650, 'reduction time (s)': 1.2359619140625, 'chunks processed': 15, 'storage read (B)': 21287473, 'selection 2 time (s)': 1.2379992008209229}
Thread times [0.10933470726013184, 0.0624079704284668, 0.06591415405273438, 0.07607293128967285, 0.0727851390838623, 0.08279800415039062, 0.08613896369934082, 0.0804440975189209, 0.08743095397949219, 0.08213496208190918, 0.0788118839263916, 0.08203291893005371, 0.0839378833770752, 0.12107181549072266, 0.09287023544311523]
{'args': ((36, 0, slice(0, 960, None), slice(None, None, None)),), 'dataset shape': (40, 11, 1921, 2560), 'dataset chunks': (7, 1, 385, 512), 'indexing time (s)': 2.1457672119140625e-06, 'chunk number': 1650, 'reduction time (s)': 1.265894889831543, 'chunks processed': 15, 'storage read (B)': 21287473, 'selection 2 time (s)': 1.2682769298553467}
Thread times [0.12399911880493164, 0.06580519676208496, 0.05902695655822754, 0.07503581047058105, 0.06334805488586426, 0.08047366142272949, 0.08542299270629883, 0.08985185623168945, 0.10782623291015625, 0.08032512664794922, 0.07830691337585449, 0.08416986465454102, 0.08612179756164551, 0.14092493057250977, 0.10335898399353027]
{'args': ((37, 0, slice(0, 960, None), slice(None, None, None)),), 'dataset shape': (40, 11, 1921, 2560), 'dataset chunks': (7, 1, 385, 512), 'indexing time (s)': 2.1457672119140625e-06, 'chunk number': 1650, 'reduction time (s)': 1.3255479335784912, 'chunks processed': 15, 'storage read (B)': 21287473, 'selection 2 time (s)': 1.328059196472168}
Thread times [0.1006631851196289, 0.06985020637512207, 0.0629429817199707, 0.11481022834777832, 0.07640814781188965, 0.08939218521118164, 0.0872337818145752, 0.15808796882629395, 0.11198306083679199, 0.09466814994812012, 0.12472891807556152, 0.0790553092956543, 0.08303570747375488, 0.10451197624206543, 0.07874107360839844]
{'args': ((38, 0, slice(0, 960, None), slice(None, None, None)),), 'dataset shape': (40, 11, 1921, 2560), 'dataset chunks': (7, 1, 385, 512), 'indexing time (s)': 2.1457672119140625e-06, 'chunk number': 1650, 'reduction time (s)': 1.4376730918884277, 'chunks processed': 15, 'storage read (B)': 21287473, 'selection 2 time (s)': 1.4403140544891357}
Thread times [0.1380150318145752, 0.06181502342224121, 0.08177804946899414, 0.09414815902709961, 0.2533891201019287, 0.08953118324279785, 0.09532499313354492, 0.08961725234985352, 0.08826398849487305, 0.08461594581604004, 0.13112998008728027, 0.10229325294494629, 0.07369589805603027, 0.08536434173583984, 0.07351303100585938]
{'args': ((39, 0, slice(0, 960, None), slice(None, None, None)),), 'dataset shape': (40, 11, 1921, 2560), 'dataset chunks': (7, 1, 385, 512), 'indexing time (s)': 1.9073486328125e-06, 'chunk number': 1650, 'reduction time (s)': 1.5441410541534424, 'chunks processed': 15, 'storage read (B)': 21287473, 'selection 2 time (s)': 1.5467190742492676}
[[226.07820312]
 [226.0646875 ]
 [225.93776042]
 [225.90820312]
 [225.91739583]
 [225.88460937]
 [225.82080729]
 [225.85434896]
 [225.9834375 ]
 [226.03822917]
 [226.01317708]
 [226.02333333]
 [226.03765625]
 [226.00486979]
 [225.91778646]
 [225.9403125 ]
 [225.98729167]
 [225.91450521]
 [225.81239583]
 [225.81890625]
 [225.8453125 ]
 [225.785     ]
 [225.63648438]
 [225.5565625 ]
 [225.45744792]
 [225.32382813]
 [225.16335937]
 [225.07786458]
 [225.07846354]
 [225.10669271]
 [225.17606771]
 [225.36867187]
 [225.57927083]
 [225.69083333]
 [225.7221875 ]
 [225.82367188]
 [225.93640625]
 [225.96760417]
 [225.91875   ]
 [225.92236979]]
Summary:  Uni24whidch :Active (T1,BS5): 3.73s,71.23s,96.36s
