Dataset loaded from S3 with s3fs and Pyfive: bnl/ch330a.pc19790301-def.nc (0.035,1.2)
Thread times [0.8775920867919922, 0.8772077560424805, 1.6613779067993164, 1.787139892578125, 1.9284412860870361, 1.9694819450378418, 2.4062530994415283, 2.7229409217834473, 2.808844804763794, 2.9381580352783203, 2.9399619102478027, 3.129361867904663, 3.136902332305908, 3.3942999839782715, 3.4139211177825928]
{'load nc time': 1.4269623756408691, 'args': ((0, 0, slice(0, 960, None), slice(None, None, None)),), 'dataset shape': (40, 11, 1921, 2560), 'dataset chunks': (7, 1, 385, 512), 'indexing time (s)': 6.308048963546753, 'chunk number': 1650, 'reduction time (s)': 3.417459011077881, 'chunks processed': 15, 'storage read (B)': 29685482, 'selection 1 time (s)': 9.725836038589478}
Thread times [0.02226710319519043, 1.385758876800537, 1.4031240940093994, 1.4068810939788818, 1.454089879989624, 2.044701099395752, 2.155778169631958, 2.4128739833831787, 2.433547019958496, 2.692295789718628, 2.6905949115753174, 2.709540843963623, 3.1324362754821777, 3.1578547954559326, 3.2527198791503906]
{'args': ((1, 0, slice(0, 960, None), slice(None, None, None)),), 'dataset shape': (40, 11, 1921, 2560), 'dataset chunks': (7, 1, 385, 512), 'indexing time (s)': 0.0, 'chunk number': 1650, 'reduction time (s)': 3.257746934890747, 'chunks processed': 15, 'storage read (B)': 29685482, 'selection 1 time (s)': 3.2578623294830322}
Thread times [0.020040035247802734, 0.7993650436401367, 1.2973268032073975, 1.7490198612213135, 1.8048908710479736, 1.856245994567871, 2.3029112815856934, 2.3321919441223145, 2.426323890686035, 2.630625009536743, 2.6511590480804443, 2.921247959136963, 2.9348161220550537, 3.2928500175476074, 3.293506622314453]
{'args': ((2, 0, slice(0, 960, None), slice(None, None, None)),), 'dataset shape': (40, 11, 1921, 2560), 'dataset chunks': (7, 1, 385, 512), 'indexing time (s)': 9.5367431640625e-07, 'chunk number': 1650, 'reduction time (s)': 3.297947883605957, 'chunks processed': 15, 'storage read (B)': 29685482, 'selection 1 time (s)': 3.2980690002441406}
Thread times [0.01939702033996582, 1.4678027629852295, 1.5805339813232422, 1.680387258529663, 1.7421050071716309, 1.9482688903808594, 1.9723849296569824, 2.319031000137329, 2.3257699012756348, 2.386674165725708, 2.645199775695801, 2.891026258468628, 3.152817726135254, 3.178536891937256, 3.2451398372650146]
{'args': ((3, 0, slice(0, 960, None), slice(None, None, None)),), 'dataset shape': (40, 11, 1921, 2560), 'dataset chunks': (7, 1, 385, 512), 'indexing time (s)': 9.5367431640625e-07, 'chunk number': 1650, 'reduction time (s)': 3.2498278617858887, 'chunks processed': 15, 'storage read (B)': 29685482, 'selection 1 time (s)': 3.2499332427978516}
Thread times [0.01946282386779785, 1.4188892841339111, 1.4302427768707275, 2.0810110569000244, 2.1832780838012695, 2.2174489498138428, 2.2581570148468018, 2.315593957901001, 2.508589267730713, 2.538156032562256, 2.675187826156616, 2.9585938453674316, 3.2247650623321533, 3.2496328353881836, 3.3908169269561768]
{'args': ((4, 0, slice(0, 960, None), slice(None, None, None)),), 'dataset shape': (40, 11, 1921, 2560), 'dataset chunks': (7, 1, 385, 512), 'indexing time (s)': 1.1920928955078125e-06, 'chunk number': 1650, 'reduction time (s)': 3.398632764816284, 'chunks processed': 15, 'storage read (B)': 29685482, 'selection 1 time (s)': 3.398742914199829}
Thread times [0.02028489112854004, 0.6784017086029053, 1.3439338207244873, 1.6497950553894043, 1.667165994644165, 2.1484851837158203, 2.218147039413452, 2.3418021202087402, 2.4061172008514404, 2.4073450565338135, 2.7961552143096924, 2.9837710857391357, 2.997934103012085, 3.0383119583129883, 3.2291419506073]
{'args': ((5, 0, slice(0, 960, None), slice(None, None, None)),), 'dataset shape': (40, 11, 1921, 2560), 'dataset chunks': (7, 1, 385, 512), 'indexing time (s)': 7.152557373046875e-07, 'chunk number': 1650, 'reduction time (s)': 3.2347562313079834, 'chunks processed': 15, 'storage read (B)': 29685482, 'selection 1 time (s)': 3.2348601818084717}
Thread times [0.01999211311340332, 0.424907922744751, 1.6473770141601562, 1.7002041339874268, 1.8530948162078857, 2.669039726257324, 2.718285083770752, 2.729707956314087, 2.754521131515503, 2.7963809967041016, 2.8610098361968994, 2.8629770278930664, 2.865394115447998, 3.1718361377716064, 3.318749189376831]
{'args': ((6, 0, slice(0, 960, None), slice(None, None, None)),), 'dataset shape': (40, 11, 1921, 2560), 'dataset chunks': (7, 1, 385, 512), 'indexing time (s)': 9.5367431640625e-07, 'chunk number': 1650, 'reduction time (s)': 3.325674057006836, 'chunks processed': 15, 'storage read (B)': 29685482, 'selection 1 time (s)': 3.3258020877838135}
Thread times [0.793391227722168, 1.0894689559936523, 1.7660410404205322, 2.1296677589416504, 2.4070401191711426, 2.435818910598755, 2.4918131828308105, 2.720046043395996, 2.7541701793670654, 2.9638240337371826, 3.0746958255767822, 3.130603075027466, 3.3377318382263184, 3.428267002105713, 3.467298984527588]
{'args': ((7, 0, slice(0, 960, None), slice(None, None, None)),), 'dataset shape': (40, 11, 1921, 2560), 'dataset chunks': (7, 1, 385, 512), 'indexing time (s)': 2.1457672119140625e-06, 'chunk number': 1650, 'reduction time (s)': 3.4749748706817627, 'chunks processed': 15, 'storage read (B)': 29701892, 'selection 1 time (s)': 3.4751110076904297}
Thread times [0.01932811737060547, 1.4937610626220703, 1.5576379299163818, 2.0954949855804443, 2.207808017730713, 2.361142158508301, 2.6553280353546143, 2.8267157077789307, 3.033626079559326, 3.0789661407470703, 3.11201810836792, 3.2143349647521973, 3.3382279872894287, 3.4284000396728516, 3.6320688724517822]
{'args': ((8, 0, slice(0, 960, None), slice(None, None, None)),), 'dataset shape': (40, 11, 1921, 2560), 'dataset chunks': (7, 1, 385, 512), 'indexing time (s)': 9.5367431640625e-07, 'chunk number': 1650, 'reduction time (s)': 3.638552188873291, 'chunks processed': 15, 'storage read (B)': 29701892, 'selection 1 time (s)': 3.6386961936950684}
Thread times [0.018791913986206055, 1.1294889450073242, 2.0361199378967285, 2.097377061843872, 2.492295742034912, 2.8114259243011475, 3.3260200023651123, 3.4767119884490967, 3.737308979034424, 3.857527017593384, 4.258493900299072, 4.3040900230407715, 4.358566761016846, 4.464418888092041, 4.488234043121338]
{'args': ((9, 0, slice(0, 960, None), slice(None, None, None)),), 'dataset shape': (40, 11, 1921, 2560), 'dataset chunks': (7, 1, 385, 512), 'indexing time (s)': 0.0, 'chunk number': 1650, 'reduction time (s)': 4.492934226989746, 'chunks processed': 15, 'storage read (B)': 29701892, 'selection 1 time (s)': 4.4930408000946045}
Thread times [0.020226001739501953, 1.7205212116241455, 1.7328729629516602, 2.4922659397125244, 2.5342750549316406, 2.694931983947754, 2.7835779190063477, 3.022519111633301, 3.1481189727783203, 3.3642168045043945, 3.7596170902252197, 3.7859230041503906, 3.8186838626861572, 4.127889156341553, 4.141916275024414]
{'args': ((10, 0, slice(0, 960, None), slice(None, None, None)),), 'dataset shape': (40, 11, 1921, 2560), 'dataset chunks': (7, 1, 385, 512), 'indexing time (s)': 1.1920928955078125e-06, 'chunk number': 1650, 'reduction time (s)': 4.147629022598267, 'chunks processed': 15, 'storage read (B)': 29701892, 'selection 1 time (s)': 4.147737979888916}
Thread times [0.021081209182739258, 1.248438835144043, 1.28694486618042, 1.8586499691009521, 2.1433627605438232, 2.9333789348602295, 3.212178945541382, 3.217423677444458, 3.3426570892333984, 3.506387948989868, 3.5308637619018555, 3.614711046218872, 3.669736862182617, 3.7587730884552, 4.000389099121094]
{'args': ((11, 0, slice(0, 960, None), slice(None, None, None)),), 'dataset shape': (40, 11, 1921, 2560), 'dataset chunks': (7, 1, 385, 512), 'indexing time (s)': 9.5367431640625e-07, 'chunk number': 1650, 'reduction time (s)': 4.006971836090088, 'chunks processed': 15, 'storage read (B)': 29701892, 'selection 1 time (s)': 4.0070788860321045}
Thread times [0.019880056381225586, 1.299584150314331, 1.7965831756591797, 2.463667869567871, 2.5685558319091797, 2.6043851375579834, 2.9710330963134766, 3.1785449981689453, 3.2737767696380615, 3.2997570037841797, 3.3259499073028564, 3.443911075592041, 3.7579469680786133, 3.8935930728912354, 3.9720799922943115]
{'args': ((12, 0, slice(0, 960, None), slice(None, None, None)),), 'dataset shape': (40, 11, 1921, 2560), 'dataset chunks': (7, 1, 385, 512), 'indexing time (s)': 9.5367431640625e-07, 'chunk number': 1650, 'reduction time (s)': 3.9781112670898438, 'chunks processed': 15, 'storage read (B)': 29701892, 'selection 1 time (s)': 3.9782299995422363}
Thread times [0.019387006759643555, 1.5309760570526123, 2.001168966293335, 2.300403118133545, 2.56075382232666, 3.5630810260772705, 3.6669328212738037, 3.7571890354156494, 3.8329830169677734, 3.875173807144165, 4.019397735595703, 4.066224813461304, 4.10522985458374, 4.38464093208313, 4.652817249298096]
{'args': ((13, 0, slice(0, 960, None), slice(None, None, None)),), 'dataset shape': (40, 11, 1921, 2560), 'dataset chunks': (7, 1, 385, 512), 'indexing time (s)': 9.5367431640625e-07, 'chunk number': 1650, 'reduction time (s)': 4.659510850906372, 'chunks processed': 15, 'storage read (B)': 29701892, 'selection 1 time (s)': 4.6596198081970215}
Thread times [2.1447041034698486, 2.2978146076202393, 2.3870198726654053, 3.2497568130493164, 3.511986255645752, 3.5963401794433594, 3.728209972381592, 4.049785852432251, 4.104840040206909, 4.268912076950073, 4.513275146484375, 4.593631029129028, 4.666311025619507, 4.949960947036743, 5.022828817367554]
{'args': ((14, 0, slice(0, 960, None), slice(None, None, None)),), 'dataset shape': (40, 11, 1921, 2560), 'dataset chunks': (7, 1, 385, 512), 'indexing time (s)': 9.5367431640625e-07, 'chunk number': 1650, 'reduction time (s)': 5.028993844985962, 'chunks processed': 15, 'storage read (B)': 29733505, 'selection 1 time (s)': 5.029106140136719}
Thread times [0.019264936447143555, 1.5574171543121338, 2.0382442474365234, 2.061522960662842, 2.885779857635498, 2.9369571208953857, 3.202705144882202, 3.490550994873047, 3.5320231914520264, 3.5464189052581787, 3.7769830226898193, 4.088548898696899, 4.115238904953003, 4.123402118682861, 4.3128440380096436]
{'args': ((15, 0, slice(0, 960, None), slice(None, None, None)),), 'dataset shape': (40, 11, 1921, 2560), 'dataset chunks': (7, 1, 385, 512), 'indexing time (s)': 7.152557373046875e-07, 'chunk number': 1650, 'reduction time (s)': 4.318897247314453, 'chunks processed': 15, 'storage read (B)': 29733505, 'selection 1 time (s)': 4.319010019302368}
Thread times [0.019381999969482422, 1.008533000946045, 2.355901002883911, 2.518141031265259, 2.7350871562957764, 2.7956409454345703, 2.8232409954071045, 3.2270290851593018, 3.4281930923461914, 3.450266122817993, 3.511723041534424, 3.794510841369629, 4.141510009765625, 4.182156801223755, 4.202487945556641]
{'args': ((16, 0, slice(0, 960, None), slice(None, None, None)),), 'dataset shape': (40, 11, 1921, 2560), 'dataset chunks': (7, 1, 385, 512), 'indexing time (s)': 9.5367431640625e-07, 'chunk number': 1650, 'reduction time (s)': 4.207998991012573, 'chunks processed': 15, 'storage read (B)': 29733505, 'selection 1 time (s)': 4.208117961883545}
Thread times [0.01902008056640625, 0.7923181056976318, 1.7780861854553223, 2.3050878047943115, 2.5639119148254395, 3.1547601222991943, 3.219208240509033, 3.3224198818206787, 3.4612419605255127, 3.4932730197906494, 3.550619125366211, 3.608767032623291, 3.858603000640869, 3.9244511127471924, 3.999256134033203]
{'args': ((17, 0, slice(0, 960, None), slice(None, None, None)),), 'dataset shape': (40, 11, 1921, 2560), 'dataset chunks': (7, 1, 385, 512), 'indexing time (s)': 9.5367431640625e-07, 'chunk number': 1650, 'reduction time (s)': 4.004151105880737, 'chunks processed': 15, 'storage read (B)': 29733505, 'selection 1 time (s)': 4.004260063171387}
Thread times [0.02081012725830078, 1.457744836807251, 1.8075730800628662, 2.090087890625, 2.2285749912261963, 2.8365988731384277, 2.9962270259857178, 3.0644290447235107, 3.3436830043792725, 3.530410051345825, 3.543461799621582, 3.6660001277923584, 3.866360664367676, 3.898331880569458, 4.238680839538574]
{'args': ((18, 0, slice(0, 960, None), slice(None, None, None)),), 'dataset shape': (40, 11, 1921, 2560), 'dataset chunks': (7, 1, 385, 512), 'indexing time (s)': 1.1920928955078125e-06, 'chunk number': 1650, 'reduction time (s)': 4.245508670806885, 'chunks processed': 15, 'storage read (B)': 29733505, 'selection 1 time (s)': 4.245620965957642}
Thread times [0.019492149353027344, 1.1967790126800537, 2.3015658855438232, 2.451046943664551, 2.553011894226074, 2.785327911376953, 2.7968640327453613, 3.0807559490203857, 3.083684206008911, 3.134213924407959, 3.3009421825408936, 3.4549920558929443, 3.6907310485839844, 4.039894104003906, 4.0728600025177]
{'args': ((19, 0, slice(0, 960, None), slice(None, None, None)),), 'dataset shape': (40, 11, 1921, 2560), 'dataset chunks': (7, 1, 385, 512), 'indexing time (s)': 1.1920928955078125e-06, 'chunk number': 1650, 'reduction time (s)': 4.077901124954224, 'chunks processed': 15, 'storage read (B)': 29733505, 'selection 1 time (s)': 4.078013181686401}
Thread times [0.019160985946655273, 1.1847500801086426, 1.7052860260009766, 2.3280692100524902, 3.1715338230133057, 3.3667261600494385, 3.510148048400879, 3.709994077682495, 3.863744020462036, 3.9506988525390625, 4.128870010375977, 4.353074312210083, 4.356832027435303, 4.593740940093994, 4.643794059753418]
{'args': ((20, 0, slice(0, 960, None), slice(None, None, None)),), 'dataset shape': (40, 11, 1921, 2560), 'dataset chunks': (7, 1, 385, 512), 'indexing time (s)': 1.1920928955078125e-06, 'chunk number': 1650, 'reduction time (s)': 4.649847030639648, 'chunks processed': 15, 'storage read (B)': 29733505, 'selection 1 time (s)': 4.649955749511719}
Thread times [1.6213619709014893, 2.4093801975250244, 2.8351588249206543, 2.9597630500793457, 3.105910062789917, 3.105135917663574, 3.1599717140197754, 3.413606882095337, 3.4769058227539062, 3.6751461029052734, 3.6918301582336426, 4.27682089805603, 4.30644416809082, 4.416173934936523, 4.486166000366211]
{'args': ((21, 0, slice(0, 960, None), slice(None, None, None)),), 'dataset shape': (40, 11, 1921, 2560), 'dataset chunks': (7, 1, 385, 512), 'indexing time (s)': 9.5367431640625e-07, 'chunk number': 1650, 'reduction time (s)': 4.493080139160156, 'chunks processed': 15, 'storage read (B)': 29686785, 'selection 1 time (s)': 4.493182897567749}
Thread times [0.019232988357543945, 1.1945559978485107, 2.1557812690734863, 2.3140361309051514, 2.3315200805664062, 2.5412659645080566, 2.8716399669647217, 2.9628942012786865, 3.0405328273773193, 3.231937885284424, 3.4083571434020996, 3.5424160957336426, 3.6157357692718506, 3.8339431285858154, 3.902312994003296]
{'args': ((22, 0, slice(0, 960, None), slice(None, None, None)),), 'dataset shape': (40, 11, 1921, 2560), 'dataset chunks': (7, 1, 385, 512), 'indexing time (s)': 9.5367431640625e-07, 'chunk number': 1650, 'reduction time (s)': 3.9070122241973877, 'chunks processed': 15, 'storage read (B)': 29686785, 'selection 1 time (s)': 3.9071261882781982}
Thread times [0.01992487907409668, 1.7408299446105957, 1.8413548469543457, 2.17535400390625, 2.53957200050354, 2.6458208560943604, 2.7046289443969727, 2.913836717605591, 3.051194190979004, 3.2111411094665527, 3.495864152908325, 3.527790069580078, 3.9961280822753906, 4.02867579460144, 4.0432188510894775]
{'args': ((23, 0, slice(0, 960, None), slice(None, None, None)),), 'dataset shape': (40, 11, 1921, 2560), 'dataset chunks': (7, 1, 385, 512), 'indexing time (s)': 7.152557373046875e-07, 'chunk number': 1650, 'reduction time (s)': 4.048947095870972, 'chunks processed': 15, 'storage read (B)': 29686785, 'selection 1 time (s)': 4.049056053161621}
Thread times [0.02165699005126953, 0.7801690101623535, 1.674084186553955, 2.490128755569458, 2.629157066345215, 2.731987237930298, 3.0300660133361816, 3.14755916595459, 3.157926082611084, 3.1679770946502686, 3.335806131362915, 3.463178873062134, 3.6832828521728516, 4.031949043273926, 4.147194862365723]
{'args': ((24, 0, slice(0, 960, None), slice(None, None, None)),), 'dataset shape': (40, 11, 1921, 2560), 'dataset chunks': (7, 1, 385, 512), 'indexing time (s)': 9.5367431640625e-07, 'chunk number': 1650, 'reduction time (s)': 4.154007911682129, 'chunks processed': 15, 'storage read (B)': 29686785, 'selection 1 time (s)': 4.154137134552002}
Thread times [0.019804000854492188, 1.878190279006958, 2.0143227577209473, 2.0286457538604736, 2.1488771438598633, 2.5302059650421143, 2.9079360961914062, 2.9736361503601074, 3.4309380054473877, 3.5229129791259766, 3.5964152812957764, 3.5987119674682617, 3.7600257396698, 3.768012762069702, 4.024484157562256]
{'args': ((25, 0, slice(0, 960, None), slice(None, None, None)),), 'dataset shape': (40, 11, 1921, 2560), 'dataset chunks': (7, 1, 385, 512), 'indexing time (s)': 1.1920928955078125e-06, 'chunk number': 1650, 'reduction time (s)': 4.028326034545898, 'chunks processed': 15, 'storage read (B)': 29686785, 'selection 1 time (s)': 4.028449058532715}
Thread times [0.02451491355895996, 1.5578539371490479, 1.7687959671020508, 2.1230220794677734, 2.3263912200927734, 2.471186876296997, 2.5245110988616943, 2.599813222885132, 2.70190691947937, 2.7149159908294678, 3.094857931137085, 3.634920120239258, 3.718796968460083, 3.7693958282470703, 3.9902379512786865]
{'args': ((26, 0, slice(0, 960, None), slice(None, None, None)),), 'dataset shape': (40, 11, 1921, 2560), 'dataset chunks': (7, 1, 385, 512), 'indexing time (s)': 0.0, 'chunk number': 1650, 'reduction time (s)': 3.9964540004730225, 'chunks processed': 15, 'storage read (B)': 29686785, 'selection 1 time (s)': 3.996569871902466}
Thread times [0.020847082138061523, 2.0768628120422363, 2.151686191558838, 2.3837597370147705, 2.414667844772339, 2.6200430393218994, 2.6753358840942383, 2.993906259536743, 3.0557491779327393, 3.6528398990631104, 3.7135009765625, 3.8092968463897705, 3.87903094291687, 3.9847052097320557, 4.13870906829834]
{'args': ((27, 0, slice(0, 960, None), slice(None, None, None)),), 'dataset shape': (40, 11, 1921, 2560), 'dataset chunks': (7, 1, 385, 512), 'indexing time (s)': 9.5367431640625e-07, 'chunk number': 1650, 'reduction time (s)': 4.143517017364502, 'chunks processed': 15, 'storage read (B)': 29686785, 'selection 1 time (s)': 4.14362907409668}
Thread times [1.2197949886322021, 1.52144193649292, 1.692030906677246, 2.141130208969116, 2.466364860534668, 2.4659361839294434, 2.730224847793579, 2.839466094970703, 3.2614128589630127, 3.276984214782715, 3.390326976776123, 3.408228874206543, 3.5063400268554688, 3.7049803733825684, 3.722409963607788]
{'args': ((28, 0, slice(0, 960, None), slice(None, None, None)),), 'dataset shape': (40, 11, 1921, 2560), 'dataset chunks': (7, 1, 385, 512), 'indexing time (s)': 1.1920928955078125e-06, 'chunk number': 1650, 'reduction time (s)': 3.72763991355896, 'chunks processed': 15, 'storage read (B)': 29670387, 'selection 1 time (s)': 3.727752923965454}
Thread times [0.021042346954345703, 1.3450651168823242, 1.6966919898986816, 2.001634120941162, 2.033704996109009, 2.217827796936035, 2.3332648277282715, 2.4226417541503906, 2.9155378341674805, 2.9505701065063477, 2.9732680320739746, 3.05507493019104, 3.1388959884643555, 3.3430099487304688, 3.3966500759124756]
{'args': ((29, 0, slice(0, 960, None), slice(None, None, None)),), 'dataset shape': (40, 11, 1921, 2560), 'dataset chunks': (7, 1, 385, 512), 'indexing time (s)': 9.5367431640625e-07, 'chunk number': 1650, 'reduction time (s)': 3.4029581546783447, 'chunks processed': 15, 'storage read (B)': 29670387, 'selection 1 time (s)': 3.403071880340576}
Thread times [0.019269704818725586, 1.201967716217041, 1.872757911682129, 2.0944950580596924, 2.501934766769409, 2.6591877937316895, 2.7241029739379883, 2.80888295173645, 2.894023895263672, 3.145719051361084, 3.3364992141723633, 3.4155540466308594, 3.740949869155884, 3.8544251918792725, 3.966154098510742]
{'args': ((30, 0, slice(0, 960, None), slice(None, None, None)),), 'dataset shape': (40, 11, 1921, 2560), 'dataset chunks': (7, 1, 385, 512), 'indexing time (s)': 9.5367431640625e-07, 'chunk number': 1650, 'reduction time (s)': 3.970647096633911, 'chunks processed': 15, 'storage read (B)': 29670387, 'selection 1 time (s)': 3.9707510471343994}
Thread times [0.019613981246948242, 0.9008142948150635, 1.424691915512085, 1.7766358852386475, 2.3698601722717285, 2.5610978603363037, 3.048896074295044, 3.073777914047241, 3.2292110919952393, 3.2936739921569824, 3.48197603225708, 3.48583722114563, 3.5997629165649414, 3.614346742630005, 3.7331411838531494]
{'args': ((31, 0, slice(0, 960, None), slice(None, None, None)),), 'dataset shape': (40, 11, 1921, 2560), 'dataset chunks': (7, 1, 385, 512), 'indexing time (s)': 7.152557373046875e-07, 'chunk number': 1650, 'reduction time (s)': 3.739767074584961, 'chunks processed': 15, 'storage read (B)': 29670387, 'selection 1 time (s)': 3.7398841381073}
Thread times [0.020792007446289062, 1.6152610778808594, 1.7676212787628174, 1.9414730072021484, 2.0079140663146973, 2.277552843093872, 2.551934003829956, 2.7958052158355713, 3.1788699626922607, 3.3428359031677246, 3.381183385848999, 3.709928274154663, 3.832184076309204, 3.8591806888580322, 3.8685760498046875]
{'args': ((32, 0, slice(0, 960, None), slice(None, None, None)),), 'dataset shape': (40, 11, 1921, 2560), 'dataset chunks': (7, 1, 385, 512), 'indexing time (s)': 9.5367431640625e-07, 'chunk number': 1650, 'reduction time (s)': 3.875495195388794, 'chunks processed': 15, 'storage read (B)': 29670387, 'selection 1 time (s)': 3.875615119934082}
Thread times [0.01971602439880371, 1.5619828701019287, 1.7669250965118408, 2.2590298652648926, 2.466618776321411, 2.6645150184631348, 2.9757890701293945, 3.3030967712402344, 3.418415069580078, 3.9280571937561035, 3.9634058475494385, 3.9664340019226074, 4.2133870124816895, 4.299854040145874, 4.434649229049683]
{'args': ((33, 0, slice(0, 960, None), slice(None, None, None)),), 'dataset shape': (40, 11, 1921, 2560), 'dataset chunks': (7, 1, 385, 512), 'indexing time (s)': 9.5367431640625e-07, 'chunk number': 1650, 'reduction time (s)': 4.441537141799927, 'chunks processed': 15, 'storage read (B)': 29670387, 'selection 1 time (s)': 4.441722869873047}
Thread times [0.022680044174194336, 1.7633378505706787, 1.7746880054473877, 2.5494232177734375, 2.7769079208374023, 2.962437868118286, 3.06245493888855, 3.2963709831237793, 3.3598461151123047, 3.6804332733154297, 3.7461130619049072, 4.061309337615967, 4.094483137130737, 4.222809076309204, 4.286010026931763]
{'args': ((34, 0, slice(0, 960, None), slice(None, None, None)),), 'dataset shape': (40, 11, 1921, 2560), 'dataset chunks': (7, 1, 385, 512), 'indexing time (s)': 2.86102294921875e-06, 'chunk number': 1650, 'reduction time (s)': 4.294022798538208, 'chunks processed': 15, 'storage read (B)': 29670387, 'selection 1 time (s)': 4.294311761856079}
Thread times [1.1341559886932373, 1.2831041812896729, 1.3042891025543213, 1.9878959655761719, 2.0914361476898193, 2.43699312210083, 2.894199848175049, 3.0969560146331787, 3.2080729007720947, 3.2461769580841064, 3.293555974960327, 3.309852123260498, 3.5398781299591064, 3.5961508750915527, 3.657289981842041]
{'args': ((35, 0, slice(0, 960, None), slice(None, None, None)),), 'dataset shape': (40, 11, 1921, 2560), 'dataset chunks': (7, 1, 385, 512), 'indexing time (s)': 0.0, 'chunk number': 1650, 'reduction time (s)': 3.6645150184631348, 'chunks processed': 15, 'storage read (B)': 21287473, 'selection 1 time (s)': 3.6646273136138916}
Thread times [0.017334938049316406, 1.5730299949645996, 1.6370489597320557, 2.109099864959717, 2.2376210689544678, 2.397890090942383, 2.46803617477417, 2.48769211769104, 2.6424641609191895, 2.863150119781494, 3.157188892364502, 3.1946489810943604, 3.352864980697632, 3.435136079788208, 3.4587152004241943]
{'args': ((36, 0, slice(0, 960, None), slice(None, None, None)),), 'dataset shape': (40, 11, 1921, 2560), 'dataset chunks': (7, 1, 385, 512), 'indexing time (s)': 1.1920928955078125e-06, 'chunk number': 1650, 'reduction time (s)': 3.4661097526550293, 'chunks processed': 15, 'storage read (B)': 21287473, 'selection 1 time (s)': 3.466214895248413}
Thread times [0.018290996551513672, 1.3165440559387207, 1.4278619289398193, 1.5558569431304932, 2.26338791847229, 2.5767788887023926, 2.784731864929199, 2.8544762134552, 3.0913827419281006, 3.0981011390686035, 3.1181187629699707, 3.1232759952545166, 3.175232172012329, 3.260176181793213, 3.456343173980713]
{'args': ((37, 0, slice(0, 960, None), slice(None, None, None)),), 'dataset shape': (40, 11, 1921, 2560), 'dataset chunks': (7, 1, 385, 512), 'indexing time (s)': 1.1920928955078125e-06, 'chunk number': 1650, 'reduction time (s)': 3.46423077583313, 'chunks processed': 15, 'storage read (B)': 21287473, 'selection 1 time (s)': 3.4643399715423584}
Thread times [0.01848912239074707, 0.6145269870758057, 1.4768283367156982, 1.5171949863433838, 1.689291000366211, 1.8900079727172852, 2.20032000541687, 2.5155739784240723, 2.7453970909118652, 2.890650749206543, 2.8984038829803467, 2.970754861831665, 3.0203020572662354, 3.073746919631958, 3.159540891647339]
{'args': ((38, 0, slice(0, 960, None), slice(None, None, None)),), 'dataset shape': (40, 11, 1921, 2560), 'dataset chunks': (7, 1, 385, 512), 'indexing time (s)': 9.5367431640625e-07, 'chunk number': 1650, 'reduction time (s)': 3.1642367839813232, 'chunks processed': 15, 'storage read (B)': 21287473, 'selection 1 time (s)': 3.1643471717834473}
Thread times [0.019435882568359375, 1.2543349266052246, 1.4043300151824951, 1.6226789951324463, 1.7951128482818604, 1.8004422187805176, 1.8834269046783447, 1.9032869338989258, 2.2932989597320557, 2.3377389907836914, 2.5973567962646484, 2.6155688762664795, 2.6387381553649902, 2.7048399448394775, 2.8594717979431152]
{'args': ((39, 0, slice(0, 960, None), slice(None, None, None)),), 'dataset shape': (40, 11, 1921, 2560), 'dataset chunks': (7, 1, 385, 512), 'indexing time (s)': 9.5367431640625e-07, 'chunk number': 1650, 'reduction time (s)': 2.864316940307617, 'chunks processed': 15, 'storage read (B)': 21287473, 'selection 1 time (s)': 2.8644299507141113}
[[226.07817708]
 [226.06476563]
 [225.93765625]
 [225.90804687]
 [225.91736979]
 [225.88455729]
 [225.82075521]
 [225.85440104]
 [225.98328125]
 [226.03804687]
 [226.013125  ]
 [226.02330729]
 [226.03770833]
 [226.00476563]
 [225.91765625]
 [225.94033854]
 [225.98721354]
 [225.91466146]
 [225.81242188]
 [225.81872396]
 [225.84526042]
 [225.78497396]
 [225.63648438]
 [225.55651042]
 [225.45736979]
 [225.32369792]
 [225.16328125]
 [225.07796875]
 [225.0784375 ]
 [225.10664063]
 [225.17609375]
 [225.36880208]
 [225.57911458]
 [225.69080729]
 [225.72231771]
 [225.82367188]
 [225.93658854]
 [225.96765625]
 [225.91864583]
 [225.92247396]]
Summary:  Uni24whidch :Local (T100,BS1): 1.43s,155.0s,162.7s
