Dataset loaded from S3 with s3fs and Pyfive: bnl/ch330a.pc19790301-def.nc (0.052,5.7)
Thread times [0.22254014015197754, 0.32755088806152344, 0.38059282302856445, 0.40921974182128906, 0.4118521213531494, 0.41516590118408203, 0.4504098892211914, 0.4806809425354004, 0.5442571640014648, 0.5578267574310303, 0.5651240348815918, 0.5689582824707031, 0.5751287937164307, 0.5848147869110107, 0.6074919700622559]
{'load nc time': 6.506375074386597, 'args': ((0, 0, slice(0, 960, None), slice(None, None, None)),), 'dataset shape': (40, 11, 1921, 2560), 'dataset chunks': (7, 1, 385, 512), 'indexing time (s)': 26.235456943511963, 'chunk number': 1650, 'reduction time (s)': 0.6130542755126953, 'chunks processed': 15, 'storage read (B)': 29685482, 'selection 2 time (s)': 26.86398983001709}
Thread times [0.3991820812225342, 0.5056679248809814, 0.506821870803833, 0.5305788516998291, 0.6356868743896484, 0.6409087181091309, 0.6380941867828369, 0.6368248462677002, 0.640362024307251, 0.640326976776123, 0.6442451477050781, 0.6441788673400879, 0.6456708908081055, 0.6507880687713623, 0.6512711048126221]
{'args': ((1, 0, slice(0, 960, None), slice(None, None, None)),), 'dataset shape': (40, 11, 1921, 2560), 'dataset chunks': (7, 1, 385, 512), 'indexing time (s)': 9.5367431640625e-07, 'chunk number': 1650, 'reduction time (s)': 0.655468225479126, 'chunks processed': 15, 'storage read (B)': 29685482, 'selection 2 time (s)': 0.6636958122253418}
Thread times [0.3226442337036133, 0.5017812252044678, 0.5307950973510742, 0.5393781661987305, 0.5408587455749512, 0.592461109161377, 0.601294994354248, 0.6142141819000244, 0.6158151626586914, 0.6157689094543457, 0.6309959888458252, 0.6351768970489502, 0.6343920230865479, 0.6492407321929932, 0.6510331630706787]
{'args': ((2, 0, slice(0, 960, None), slice(None, None, None)),), 'dataset shape': (40, 11, 1921, 2560), 'dataset chunks': (7, 1, 385, 512), 'indexing time (s)': 1.1920928955078125e-06, 'chunk number': 1650, 'reduction time (s)': 0.6559178829193115, 'chunks processed': 15, 'storage read (B)': 29685482, 'selection 2 time (s)': 0.6635890007019043}
Thread times [0.3852579593658447, 0.4874136447906494, 0.5899918079376221, 0.6001629829406738, 0.6179888248443604, 0.639157772064209, 0.6477749347686768, 0.6475470066070557, 0.6577560901641846, 0.6737947463989258, 0.678879976272583, 0.682744026184082, 0.6977872848510742, 0.7003750801086426, 0.717156171798706]
{'args': ((3, 0, slice(0, 960, None), slice(None, None, None)),), 'dataset shape': (40, 11, 1921, 2560), 'dataset chunks': (7, 1, 385, 512), 'indexing time (s)': 9.5367431640625e-07, 'chunk number': 1650, 'reduction time (s)': 0.7222051620483398, 'chunks processed': 15, 'storage read (B)': 29685482, 'selection 2 time (s)': 0.7354869842529297}
Thread times [0.15457677841186523, 0.24571895599365234, 0.27362895011901855, 0.4619419574737549, 0.5203158855438232, 0.5618300437927246, 0.5800042152404785, 0.6711916923522949, 0.669755220413208, 0.6705729961395264, 0.6749131679534912, 0.6803081035614014, 0.6820290088653564, 0.6822342872619629, 0.6852161884307861]
{'args': ((4, 0, slice(0, 960, None), slice(None, None, None)),), 'dataset shape': (40, 11, 1921, 2560), 'dataset chunks': (7, 1, 385, 512), 'indexing time (s)': 9.5367431640625e-07, 'chunk number': 1650, 'reduction time (s)': 0.689849853515625, 'chunks processed': 15, 'storage read (B)': 29685482, 'selection 2 time (s)': 0.6977090835571289}
Thread times [0.14058208465576172, 0.33272671699523926, 0.3774850368499756, 0.5009691715240479, 0.5164768695831299, 0.5371339321136475, 0.5463378429412842, 0.5500128269195557, 0.5716779232025146, 0.5753781795501709, 0.581981897354126, 0.5865700244903564, 0.5935900211334229, 0.5967452526092529, 0.6050541400909424]
{'args': ((5, 0, slice(0, 960, None), slice(None, None, None)),), 'dataset shape': (40, 11, 1921, 2560), 'dataset chunks': (7, 1, 385, 512), 'indexing time (s)': 0.0, 'chunk number': 1650, 'reduction time (s)': 0.6097781658172607, 'chunks processed': 15, 'storage read (B)': 29685482, 'selection 2 time (s)': 0.6177971363067627}
Thread times [0.1335453987121582, 0.16913199424743652, 0.18157196044921875, 0.2504119873046875, 0.4070889949798584, 0.40767502784729004, 0.470714807510376, 0.5341911315917969, 0.5411970615386963, 0.5521583557128906, 0.592055082321167, 0.6096570491790771, 0.6148679256439209, 0.61647629737854, 0.6252291202545166]
{'args': ((6, 0, slice(0, 960, None), slice(None, None, None)),), 'dataset shape': (40, 11, 1921, 2560), 'dataset chunks': (7, 1, 385, 512), 'indexing time (s)': 1.1920928955078125e-06, 'chunk number': 1650, 'reduction time (s)': 0.6299920082092285, 'chunks processed': 15, 'storage read (B)': 29685482, 'selection 2 time (s)': 0.6430559158325195}
Thread times [0.16743898391723633, 0.2989671230316162, 0.3117668628692627, 0.33417606353759766, 0.42616820335388184, 0.42989420890808105, 0.4293639659881592, 0.4441068172454834, 0.44652318954467773, 0.44409990310668945, 0.46503210067749023, 0.4641261100769043, 0.46933507919311523, 0.4792618751525879, 0.48164892196655273]
{'args': ((7, 0, slice(0, 960, None), slice(None, None, None)),), 'dataset shape': (40, 11, 1921, 2560), 'dataset chunks': (7, 1, 385, 512), 'indexing time (s)': 9.5367431640625e-07, 'chunk number': 1650, 'reduction time (s)': 0.4860389232635498, 'chunks processed': 15, 'storage read (B)': 29701892, 'selection 2 time (s)': 0.4965376853942871}
Thread times [0.12643718719482422, 0.37074780464172363, 0.40155696868896484, 0.5717298984527588, 0.5984833240509033, 0.6098430156707764, 0.6109988689422607, 0.6148169040679932, 0.6258449554443359, 0.6256136894226074, 0.6327192783355713, 0.6429979801177979, 0.6517300605773926, 0.6529450416564941, 0.6623332500457764]
{'args': ((8, 0, slice(0, 960, None), slice(None, None, None)),), 'dataset shape': (40, 11, 1921, 2560), 'dataset chunks': (7, 1, 385, 512), 'indexing time (s)': 9.5367431640625e-07, 'chunk number': 1650, 'reduction time (s)': 0.6688542366027832, 'chunks processed': 15, 'storage read (B)': 29701892, 'selection 2 time (s)': 0.682136058807373}
Thread times [0.158905029296875, 0.19689607620239258, 0.21724700927734375, 0.2176990509033203, 0.4204277992248535, 0.43734288215637207, 0.4386579990386963, 0.4489727020263672, 0.45093607902526855, 0.4548220634460449, 0.4727942943572998, 0.4698350429534912, 0.47477197647094727, 0.4869818687438965, 0.48821306228637695]
{'args': ((9, 0, slice(0, 960, None), slice(None, None, None)),), 'dataset shape': (40, 11, 1921, 2560), 'dataset chunks': (7, 1, 385, 512), 'indexing time (s)': 9.5367431640625e-07, 'chunk number': 1650, 'reduction time (s)': 0.4926950931549072, 'chunks processed': 15, 'storage read (B)': 29701892, 'selection 2 time (s)': 0.5047438144683838}
Thread times [0.3242039680480957, 0.3949718475341797, 0.4788072109222412, 0.492293119430542, 0.49927520751953125, 0.5131580829620361, 0.5130717754364014, 0.5158309936523438, 0.5294179916381836, 0.529473066329956, 0.5371429920196533, 0.5489511489868164, 0.5511279106140137, 0.555556058883667, 0.5648458003997803]
{'args': ((10, 0, slice(0, 960, None), slice(None, None, None)),), 'dataset shape': (40, 11, 1921, 2560), 'dataset chunks': (7, 1, 385, 512), 'indexing time (s)': 7.152557373046875e-07, 'chunk number': 1650, 'reduction time (s)': 0.568864107131958, 'chunks processed': 15, 'storage read (B)': 29701892, 'selection 2 time (s)': 0.5819027423858643}
Thread times [0.22502708435058594, 0.48082494735717773, 0.48186206817626953, 0.54673171043396, 0.6411299705505371, 0.6439118385314941, 0.6460769176483154, 0.645064115524292, 0.643312931060791, 0.6425380706787109, 0.6483457088470459, 0.6489808559417725, 0.650054931640625, 0.654583215713501, 0.6554648876190186]
{'args': ((11, 0, slice(0, 960, None), slice(None, None, None)),), 'dataset shape': (40, 11, 1921, 2560), 'dataset chunks': (7, 1, 385, 512), 'indexing time (s)': 2.1457672119140625e-06, 'chunk number': 1650, 'reduction time (s)': 0.6595587730407715, 'chunks processed': 15, 'storage read (B)': 29701892, 'selection 2 time (s)': 0.6678290367126465}
Thread times [0.14824342727661133, 0.1931929588317871, 0.22760581970214844, 0.255964994430542, 0.28578615188598633, 0.2873198986053467, 0.28991103172302246, 0.2980160713195801, 0.3041818141937256, 0.305908203125, 0.31948184967041016, 0.32125425338745117, 0.33376407623291016, 1.207550048828125, 1.2090036869049072]
{'args': ((12, 0, slice(0, 960, None), slice(None, None, None)),), 'dataset shape': (40, 11, 1921, 2560), 'dataset chunks': (7, 1, 385, 512), 'indexing time (s)': 0.0, 'chunk number': 1650, 'reduction time (s)': 1.2140541076660156, 'chunks processed': 15, 'storage read (B)': 29701892, 'selection 2 time (s)': 1.2266039848327637}
Thread times [0.32293105125427246, 0.32320380210876465, 0.32083582878112793, 0.34293293952941895, 0.3475990295410156, 0.34650206565856934, 0.35941100120544434, 0.35981178283691406, 0.36549878120422363, 0.3745541572570801, 0.38239407539367676, 0.38060879707336426, 0.3947107791900635, 0.39791417121887207, 0.39873576164245605]
{'args': ((13, 0, slice(0, 960, None), slice(None, None, None)),), 'dataset shape': (40, 11, 1921, 2560), 'dataset chunks': (7, 1, 385, 512), 'indexing time (s)': 0.0, 'chunk number': 1650, 'reduction time (s)': 0.40294408798217773, 'chunks processed': 15, 'storage read (B)': 29701892, 'selection 2 time (s)': 0.41414809226989746}
Thread times [0.5262830257415771, 0.5264999866485596, 0.5271661281585693, 0.5264270305633545, 0.5263557434082031, 0.5259649753570557, 0.5249700546264648, 0.5257720947265625, 0.5249550342559814, 0.528454065322876, 0.5303881168365479, 0.5308651924133301, 0.5358521938323975, 0.5359160900115967, 0.5408179759979248]
{'args': ((14, 0, slice(0, 960, None), slice(None, None, None)),), 'dataset shape': (40, 11, 1921, 2560), 'dataset chunks': (7, 1, 385, 512), 'indexing time (s)': 0.0, 'chunk number': 1650, 'reduction time (s)': 0.5443229675292969, 'chunks processed': 15, 'storage read (B)': 29733505, 'selection 2 time (s)': 0.5520389080047607}
Thread times [0.297774076461792, 0.2977159023284912, 0.31435704231262207, 0.4011189937591553, 0.4005718231201172, 0.4019598960876465, 0.40643787384033203, 0.4822568893432617, 0.4987368583679199, 0.5136880874633789, 0.5222127437591553, 0.5249710083007812, 0.5405471324920654, 0.5435001850128174, 0.545569896697998]
{'args': ((15, 0, slice(0, 960, None), slice(None, None, None)),), 'dataset shape': (40, 11, 1921, 2560), 'dataset chunks': (7, 1, 385, 512), 'indexing time (s)': 9.5367431640625e-07, 'chunk number': 1650, 'reduction time (s)': 0.5496828556060791, 'chunks processed': 15, 'storage read (B)': 29733505, 'selection 2 time (s)': 0.5614688396453857}
Thread times [0.27076292037963867, 0.5387411117553711, 0.5918757915496826, 0.5972082614898682, 0.5988359451293945, 0.6104631423950195, 0.6142592430114746, 0.6178820133209229, 0.6250729560852051, 0.6313059329986572, 0.636314868927002, 0.6411631107330322, 0.6463921070098877, 0.6516060829162598, 0.6568708419799805]
{'args': ((16, 0, slice(0, 960, None), slice(None, None, None)),), 'dataset shape': (40, 11, 1921, 2560), 'dataset chunks': (7, 1, 385, 512), 'indexing time (s)': 9.5367431640625e-07, 'chunk number': 1650, 'reduction time (s)': 0.661297082901001, 'chunks processed': 15, 'storage read (B)': 29733505, 'selection 2 time (s)': 0.672537088394165}
Thread times [0.21891498565673828, 0.2554302215576172, 0.27797794342041016, 0.3121039867401123, 0.3216369152069092, 0.3594841957092285, 0.39020204544067383, 0.40778112411499023, 0.4108259677886963, 0.42798304557800293, 0.45231175422668457, 0.4541301727294922, 0.4642651081085205, 0.4732859134674072, 0.48471808433532715]
{'args': ((17, 0, slice(0, 960, None), slice(None, None, None)),), 'dataset shape': (40, 11, 1921, 2560), 'dataset chunks': (7, 1, 385, 512), 'indexing time (s)': 9.5367431640625e-07, 'chunk number': 1650, 'reduction time (s)': 0.4886467456817627, 'chunks processed': 15, 'storage read (B)': 29733505, 'selection 2 time (s)': 0.502985954284668}
Thread times [0.09322786331176758, 0.13292503356933594, 0.23709607124328613, 0.398007869720459, 0.4208869934082031, 0.4297919273376465, 0.44530725479125977, 0.45486998558044434, 0.4557778835296631, 0.46344423294067383, 0.4730348587036133, 0.47492313385009766, 0.48000001907348633, 0.49034595489501953, 0.4916858673095703]
{'args': ((18, 0, slice(0, 960, None), slice(None, None, None)),), 'dataset shape': (40, 11, 1921, 2560), 'dataset chunks': (7, 1, 385, 512), 'indexing time (s)': 0.0, 'chunk number': 1650, 'reduction time (s)': 0.49575090408325195, 'chunks processed': 15, 'storage read (B)': 29733505, 'selection 2 time (s)': 0.507889986038208}
Thread times [0.25595712661743164, 0.25564122200012207, 0.2542080879211426, 0.257343053817749, 0.25808095932006836, 0.25350022315979004, 0.2581179141998291, 0.2568187713623047, 0.27277112007141113, 0.2806673049926758, 0.29033994674682617, 0.2921881675720215, 0.2998342514038086, 0.33522510528564453, 0.34493207931518555]
{'args': ((19, 0, slice(0, 960, None), slice(None, None, None)),), 'dataset shape': (40, 11, 1921, 2560), 'dataset chunks': (7, 1, 385, 512), 'indexing time (s)': 9.5367431640625e-07, 'chunk number': 1650, 'reduction time (s)': 0.3489720821380615, 'chunks processed': 15, 'storage read (B)': 29733505, 'selection 2 time (s)': 0.36338138580322266}
Thread times [0.244035005569458, 0.280681848526001, 0.28180718421936035, 0.29340505599975586, 0.29688239097595215, 0.41594815254211426, 0.41956281661987305, 0.4185471534729004, 0.4204442501068115, 0.41826510429382324, 0.4203050136566162, 0.424576997756958, 0.4258120059967041, 0.4290142059326172, 0.5152449607849121]
{'args': ((20, 0, slice(0, 960, None), slice(None, None, None)),), 'dataset shape': (40, 11, 1921, 2560), 'dataset chunks': (7, 1, 385, 512), 'indexing time (s)': 1.1920928955078125e-06, 'chunk number': 1650, 'reduction time (s)': 0.5195388793945312, 'chunks processed': 15, 'storage read (B)': 29733505, 'selection 2 time (s)': 0.5332820415496826}
Thread times [0.1542341709136963, 0.19246220588684082, 0.19508981704711914, 0.26603102684020996, 0.40993785858154297, 0.5084500312805176, 0.5180089473724365, 0.559302806854248, 0.5844197273254395, 0.5953798294067383, 0.6170880794525146, 0.618786096572876, 0.6200859546661377, 0.631389856338501, 0.6414332389831543]
{'args': ((21, 0, slice(0, 960, None), slice(None, None, None)),), 'dataset shape': (40, 11, 1921, 2560), 'dataset chunks': (7, 1, 385, 512), 'indexing time (s)': 1.1920928955078125e-06, 'chunk number': 1650, 'reduction time (s)': 0.6469399929046631, 'chunks processed': 15, 'storage read (B)': 29686785, 'selection 2 time (s)': 0.6611239910125732}
Thread times [0.27283406257629395, 0.2684359550476074, 0.27106475830078125, 0.27265501022338867, 0.27637195587158203, 0.3330700397491455, 0.3430807590484619, 0.5639851093292236, 0.5778391361236572, 0.5851528644561768, 0.5893850326538086, 0.6011831760406494, 0.6036999225616455, 0.6347200870513916, 0.654026985168457]
{'args': ((22, 0, slice(0, 960, None), slice(None, None, None)),), 'dataset shape': (40, 11, 1921, 2560), 'dataset chunks': (7, 1, 385, 512), 'indexing time (s)': 9.5367431640625e-07, 'chunk number': 1650, 'reduction time (s)': 0.6613922119140625, 'chunks processed': 15, 'storage read (B)': 29686785, 'selection 2 time (s)': 0.6694798469543457}
Thread times [0.3505101203918457, 0.35167884826660156, 0.4137389659881592, 0.43824100494384766, 0.47762203216552734, 0.5046310424804688, 0.5040900707244873, 0.5181400775909424, 0.5273442268371582, 0.5303189754486084, 0.5345401763916016, 0.5477559566497803, 0.5490579605102539, 0.5529038906097412, 0.6497700214385986]
{'args': ((23, 0, slice(0, 960, None), slice(None, None, None)),), 'dataset shape': (40, 11, 1921, 2560), 'dataset chunks': (7, 1, 385, 512), 'indexing time (s)': 9.5367431640625e-07, 'chunk number': 1650, 'reduction time (s)': 0.6555740833282471, 'chunks processed': 15, 'storage read (B)': 29686785, 'selection 2 time (s)': 0.669518232345581}
Thread times [0.16856884956359863, 0.18866896629333496, 0.5670740604400635, 0.5693240165710449, 0.6142377853393555, 0.636120080947876, 0.6813511848449707, 0.6804838180541992, 0.6836919784545898, 0.695012092590332, 0.6989998817443848, 0.705254316329956, 0.710064172744751, 0.7127354145050049, 0.7188217639923096]
{'args': ((24, 0, slice(0, 960, None), slice(None, None, None)),), 'dataset shape': (40, 11, 1921, 2560), 'dataset chunks': (7, 1, 385, 512), 'indexing time (s)': 9.5367431640625e-07, 'chunk number': 1650, 'reduction time (s)': 0.7251379489898682, 'chunks processed': 15, 'storage read (B)': 29686785, 'selection 2 time (s)': 0.7375829219818115}
Thread times [0.30463695526123047, 0.32132983207702637, 0.362152099609375, 0.4741649627685547, 0.5128538608551025, 0.5137391090393066, 0.5637321472167969, 0.5635950565338135, 0.5663628578186035, 0.5763189792633057, 0.581812858581543, 0.5813350677490234, 0.5976550579071045, 0.5981490612030029, 0.5988669395446777]
{'args': ((25, 0, slice(0, 960, None), slice(None, None, None)),), 'dataset shape': (40, 11, 1921, 2560), 'dataset chunks': (7, 1, 385, 512), 'indexing time (s)': 1.1920928955078125e-06, 'chunk number': 1650, 'reduction time (s)': 0.6043667793273926, 'chunks processed': 15, 'storage read (B)': 29686785, 'selection 2 time (s)': 0.6126306056976318}
Thread times [0.2512831687927246, 0.30305004119873047, 0.3101968765258789, 0.3124258518218994, 0.33086585998535156, 0.33580994606018066, 0.33876919746398926, 0.3465898036956787, 0.353931188583374, 0.3563990592956543, 0.36478471755981445, 0.3688058853149414, 0.38776707649230957, 0.3914918899536133, 0.3943760395050049]
{'args': ((26, 0, slice(0, 960, None), slice(None, None, None)),), 'dataset shape': (40, 11, 1921, 2560), 'dataset chunks': (7, 1, 385, 512), 'indexing time (s)': 9.5367431640625e-07, 'chunk number': 1650, 'reduction time (s)': 0.4001779556274414, 'chunks processed': 15, 'storage read (B)': 29686785, 'selection 2 time (s)': 0.4124000072479248}
Thread times [0.19621992111206055, 0.20601391792297363, 0.21480703353881836, 0.4042019844055176, 0.4769928455352783, 0.4839589595794678, 0.4888129234313965, 0.4976201057434082, 0.5257041454315186, 0.5427899360656738, 0.5575659275054932, 0.5605959892272949, 0.564586877822876, 0.5754172801971436, 0.6030006408691406]
{'args': ((27, 0, slice(0, 960, None), slice(None, None, None)),), 'dataset shape': (40, 11, 1921, 2560), 'dataset chunks': (7, 1, 385, 512), 'indexing time (s)': 2.1457672119140625e-06, 'chunk number': 1650, 'reduction time (s)': 0.6084730625152588, 'chunks processed': 15, 'storage read (B)': 29686785, 'selection 2 time (s)': 0.6221790313720703}
Thread times [0.21814298629760742, 0.24048876762390137, 0.25098085403442383, 0.26464200019836426, 0.29920411109924316, 0.32535505294799805, 0.3296241760253906, 0.33728790283203125, 0.3400309085845947, 0.3433201313018799, 0.3601999282836914, 0.36263585090637207, 0.3656151294708252, 0.3726918697357178, 0.3758258819580078]
{'args': ((28, 0, slice(0, 960, None), slice(None, None, None)),), 'dataset shape': (40, 11, 1921, 2560), 'dataset chunks': (7, 1, 385, 512), 'indexing time (s)': 7.152557373046875e-07, 'chunk number': 1650, 'reduction time (s)': 0.3797640800476074, 'chunks processed': 15, 'storage read (B)': 29670387, 'selection 2 time (s)': 0.3926889896392822}
Thread times [0.21053218841552734, 0.3499777317047119, 0.350161075592041, 0.48203611373901367, 0.5117189884185791, 0.5289361476898193, 0.5546081066131592, 0.5697460174560547, 0.5756559371948242, 0.5772519111633301, 0.5842950344085693, 0.5941586494445801, 0.5973131656646729, 0.5992271900177002, 0.6106898784637451]
{'args': ((29, 0, slice(0, 960, None), slice(None, None, None)),), 'dataset shape': (40, 11, 1921, 2560), 'dataset chunks': (7, 1, 385, 512), 'indexing time (s)': 9.5367431640625e-07, 'chunk number': 1650, 'reduction time (s)': 0.6163897514343262, 'chunks processed': 15, 'storage read (B)': 29670387, 'selection 2 time (s)': 0.6249129772186279}
Thread times [0.2744910717010498, 0.28852415084838867, 0.581456184387207, 0.5926151275634766, 0.5991010665893555, 0.6036376953125, 0.6054480075836182, 0.6105148792266846, 0.6202869415283203, 0.6244559288024902, 0.6338019371032715, 0.6426498889923096, 0.6447501182556152, 0.6513950824737549, 0.6563620567321777]
{'args': ((30, 0, slice(0, 960, None), slice(None, None, None)),), 'dataset shape': (40, 11, 1921, 2560), 'dataset chunks': (7, 1, 385, 512), 'indexing time (s)': 9.5367431640625e-07, 'chunk number': 1650, 'reduction time (s)': 0.6618077754974365, 'chunks processed': 15, 'storage read (B)': 29670387, 'selection 2 time (s)': 0.6748270988464355}
Thread times [0.22404098510742188, 0.24949216842651367, 0.2662210464477539, 0.2765941619873047, 0.2807638645172119, 0.2847280502319336, 0.2953219413757324, 0.29121899604797363, 0.3000028133392334, 0.3098721504211426, 0.3104438781738281, 0.37195801734924316, 0.39524292945861816, 0.39922094345092773, 0.4348607063293457]
{'args': ((31, 0, slice(0, 960, None), slice(None, None, None)),), 'dataset shape': (40, 11, 1921, 2560), 'dataset chunks': (7, 1, 385, 512), 'indexing time (s)': 9.5367431640625e-07, 'chunk number': 1650, 'reduction time (s)': 0.43985915184020996, 'chunks processed': 15, 'storage read (B)': 29670387, 'selection 2 time (s)': 0.4542527198791504}
Thread times [0.296036958694458, 0.3059568405151367, 0.4111361503601074, 0.43328189849853516, 0.4579646587371826, 0.45591187477111816, 0.4604158401489258, 0.4769289493560791, 0.47866296768188477, 0.4817390441894531, 0.49820375442504883, 0.4994492530822754, 0.5012121200561523, 0.5141808986663818, 0.5155751705169678]
{'args': ((32, 0, slice(0, 960, None), slice(None, None, None)),), 'dataset shape': (40, 11, 1921, 2560), 'dataset chunks': (7, 1, 385, 512), 'indexing time (s)': 9.5367431640625e-07, 'chunk number': 1650, 'reduction time (s)': 0.5206437110900879, 'chunks processed': 15, 'storage read (B)': 29670387, 'selection 2 time (s)': 0.532660961151123}
Thread times [0.24582409858703613, 0.2673001289367676, 0.4364793300628662, 0.44904303550720215, 0.4533050060272217, 0.4763481616973877, 0.4755740165710449, 0.4790351390838623, 0.49108290672302246, 0.49086999893188477, 0.49620819091796875, 0.5095899105072021, 0.5143070220947266, 0.5169589519500732, 0.5256140232086182]
{'args': ((33, 0, slice(0, 960, None), slice(None, None, None)),), 'dataset shape': (40, 11, 1921, 2560), 'dataset chunks': (7, 1, 385, 512), 'indexing time (s)': 1.1920928955078125e-06, 'chunk number': 1650, 'reduction time (s)': 0.5305018424987793, 'chunks processed': 15, 'storage read (B)': 29670387, 'selection 2 time (s)': 0.5409398078918457}
Thread times [0.3432168960571289, 0.371596097946167, 0.46044087409973145, 0.468533992767334, 0.47069406509399414, 0.47768592834472656, 0.48450493812561035, 0.48653411865234375, 0.49895596504211426, 0.4957869052886963, 0.5051479339599609, 0.5163431167602539, 0.5163218975067139, 0.5224800109863281, 0.5296318531036377]
{'args': ((34, 0, slice(0, 960, None), slice(None, None, None)),), 'dataset shape': (40, 11, 1921, 2560), 'dataset chunks': (7, 1, 385, 512), 'indexing time (s)': 1.1920928955078125e-06, 'chunk number': 1650, 'reduction time (s)': 0.5366771221160889, 'chunks processed': 15, 'storage read (B)': 29670387, 'selection 2 time (s)': 0.5444512367248535}
Thread times [0.13821816444396973, 0.1947782039642334, 0.19650912284851074, 0.20867204666137695, 0.21592283248901367, 0.2333378791809082, 0.24330902099609375, 0.26672887802124023, 0.2795860767364502, 0.2830369472503662, 0.3007059097290039, 0.3042488098144531, 0.305880069732666, 0.31359100341796875, 0.3146491050720215]
{'args': ((35, 0, slice(0, 960, None), slice(None, None, None)),), 'dataset shape': (40, 11, 1921, 2560), 'dataset chunks': (7, 1, 385, 512), 'indexing time (s)': 0.0, 'chunk number': 1650, 'reduction time (s)': 0.320559024810791, 'chunks processed': 15, 'storage read (B)': 21287473, 'selection 2 time (s)': 0.3296329975128174}
Thread times [0.17627716064453125, 0.18394708633422852, 0.22316384315490723, 0.3169388771057129, 0.319019079208374, 0.31617188453674316, 0.31819796562194824, 0.31668877601623535, 0.3209390640258789, 0.31829285621643066, 0.3233790397644043, 0.32424402236938477, 0.3251190185546875, 0.3291001319885254, 0.3277168273925781]
{'args': ((36, 0, slice(0, 960, None), slice(None, None, None)),), 'dataset shape': (40, 11, 1921, 2560), 'dataset chunks': (7, 1, 385, 512), 'indexing time (s)': 9.5367431640625e-07, 'chunk number': 1650, 'reduction time (s)': 0.33324122428894043, 'chunks processed': 15, 'storage read (B)': 21287473, 'selection 2 time (s)': 0.34158992767333984}
Thread times [0.2864360809326172, 0.31821513175964355, 0.32310914993286133, 0.39192700386047363, 0.40052008628845215, 0.40688586235046387, 0.4958500862121582, 0.4989922046661377, 0.49654293060302734, 0.4981088638305664, 0.5055859088897705, 0.5084679126739502, 0.5077779293060303, 0.5108327865600586, 0.5115818977355957]
{'args': ((37, 0, slice(0, 960, None), slice(None, None, None)),), 'dataset shape': (40, 11, 1921, 2560), 'dataset chunks': (7, 1, 385, 512), 'indexing time (s)': 9.5367431640625e-07, 'chunk number': 1650, 'reduction time (s)': 0.5152740478515625, 'chunks processed': 15, 'storage read (B)': 21287473, 'selection 2 time (s)': 0.5268831253051758}
Thread times [0.22200322151184082, 0.23315978050231934, 0.24439311027526855, 0.2473738193511963, 0.252197265625, 0.250551700592041, 0.26149892807006836, 0.2657811641693115, 0.26666998863220215, 0.27971720695495605, 0.27704286575317383, 0.2824552059173584, 0.2911040782928467, 0.29329919815063477, 0.29245591163635254]
{'args': ((38, 0, slice(0, 960, None), slice(None, None, None)),), 'dataset shape': (40, 11, 1921, 2560), 'dataset chunks': (7, 1, 385, 512), 'indexing time (s)': 2.1457672119140625e-06, 'chunk number': 1650, 'reduction time (s)': 0.29863977432250977, 'chunks processed': 15, 'storage read (B)': 21287473, 'selection 2 time (s)': 0.3059220314025879}
Thread times [0.19490981101989746, 0.19051313400268555, 0.19557809829711914, 0.19349884986877441, 0.20215296745300293, 0.2074439525604248, 0.21106910705566406, 0.21648716926574707, 0.22658205032348633, 0.22618508338928223, 0.2348947525024414, 1.2454540729522705, 1.247081995010376, 1.251352071762085, 1.2524521350860596]
{'args': ((39, 0, slice(0, 960, None), slice(None, None, None)),), 'dataset shape': (40, 11, 1921, 2560), 'dataset chunks': (7, 1, 385, 512), 'indexing time (s)': 1.1920928955078125e-06, 'chunk number': 1650, 'reduction time (s)': 1.2587206363677979, 'chunks processed': 15, 'storage read (B)': 21287473, 'selection 2 time (s)': 1.2663371562957764}
[[226.07820312]
 [226.0646875 ]
 [225.93776042]
 [225.90822917]
 [225.91739583]
 [225.88460937]
 [225.82083333]
 [225.85434896]
 [225.98346354]
 [226.03822917]
 [226.01320312]
 [226.02335938]
 [226.03768229]
 [226.00486979]
 [225.91776042]
 [225.94033854]
 [225.98726562]
 [225.91450521]
 [225.81239583]
 [225.81888021]
 [225.8453125 ]
 [225.78502604]
 [225.63648438]
 [225.5565625 ]
 [225.45747396]
 [225.32382813]
 [225.16335937]
 [225.07791667]
 [225.07846354]
 [225.10666667]
 [225.17609375]
 [225.36867187]
 [225.57927083]
 [225.69083333]
 [225.72221354]
 [225.82369792]
 [225.93640625]
 [225.96763021]
 [225.91872396]
 [225.92236979]]
Summary:  Uni24whidch :Active (T100,BS5): 6.51s,23.39s,56.58s
