Dataset loaded from S3 with s3fs and Pyfive: bnl/ch330a.pc19790301-def.nc (0.05,0.88)
Thread times [0.18837571144104004, 0.18207406997680664, 0.19451022148132324, 0.1993868350982666, 0.28660130500793457, 0.3376739025115967, 0.4451320171356201, 0.4543440341949463, 0.4798750877380371, 0.5067429542541504, 0.5149898529052734, 0.5145790576934814, 0.5231349468231201, 0.5310890674591064, 0.5323870182037354]
{'load nc time': 1.0848610401153564, 'args': ((0, 0, slice(0, 960, None), slice(None, None, None)),), 'dataset shape': (40, 11, 1921, 2560), 'dataset chunks': (7, 1, 385, 512), 'indexing time (s)': 5.814680099487305, 'chunk number': 1650, 'reduction time (s)': 0.5424528121948242, 'chunks processed': 15, 'storage read (B)': 29685482, 'selection 2 time (s)': 6.368531227111816}
Thread times [0.19214797019958496, 0.19455289840698242, 0.1999349594116211, 0.20614314079284668, 0.2068650722503662, 0.31298112869262695, 0.5093917846679688, 0.5225579738616943, 0.5508987903594971, 0.5543808937072754, 0.5633237361907959, 0.5688707828521729, 0.5739991664886475, 0.5861382484436035, 0.6118600368499756]
{'args': ((1, 0, slice(0, 960, None), slice(None, None, None)),), 'dataset shape': (40, 11, 1921, 2560), 'dataset chunks': (7, 1, 385, 512), 'indexing time (s)': 9.5367431640625e-07, 'chunk number': 1650, 'reduction time (s)': 0.6163580417633057, 'chunks processed': 15, 'storage read (B)': 29685482, 'selection 2 time (s)': 0.6238400936126709}
Thread times [0.15210604667663574, 0.29764604568481445, 0.31532812118530273, 0.5111329555511475, 0.5333597660064697, 0.5398669242858887, 0.5582292079925537, 0.5649359226226807, 0.5796658992767334, 0.5857069492340088, 0.5928471088409424, 0.5976507663726807, 0.6031780242919922, 0.6165292263031006, 0.6522519588470459]
{'args': ((2, 0, slice(0, 960, None), slice(None, None, None)),), 'dataset shape': (40, 11, 1921, 2560), 'dataset chunks': (7, 1, 385, 512), 'indexing time (s)': 9.5367431640625e-07, 'chunk number': 1650, 'reduction time (s)': 0.65690016746521, 'chunks processed': 15, 'storage read (B)': 29685482, 'selection 2 time (s)': 0.664984941482544}
Thread times [0.2429978847503662, 0.2733139991760254, 0.3102531433105469, 0.3500401973724365, 0.34767889976501465, 0.352215051651001, 0.36492300033569336, 0.36646199226379395, 0.3841421604156494, 0.3916471004486084, 0.42426013946533203, 0.43137097358703613, 0.4360239505767822, 0.4491400718688965, 0.4609401226043701]
{'args': ((3, 0, slice(0, 960, None), slice(None, None, None)),), 'dataset shape': (40, 11, 1921, 2560), 'dataset chunks': (7, 1, 385, 512), 'indexing time (s)': 7.152557373046875e-07, 'chunk number': 1650, 'reduction time (s)': 0.46555113792419434, 'chunks processed': 15, 'storage read (B)': 29685482, 'selection 2 time (s)': 0.47971606254577637}
Thread times [0.13080501556396484, 0.13898897171020508, 0.1503889560699463, 0.17691922187805176, 0.21255183219909668, 0.2191600799560547, 0.24488496780395508, 0.2822699546813965, 0.45602917671203613, 0.47844791412353516, 0.48020410537719727, 0.4902329444885254, 0.49870800971984863, 0.5301609039306641, 0.5497772693634033]
{'args': ((4, 0, slice(0, 960, None), slice(None, None, None)),), 'dataset shape': (40, 11, 1921, 2560), 'dataset chunks': (7, 1, 385, 512), 'indexing time (s)': 9.5367431640625e-07, 'chunk number': 1650, 'reduction time (s)': 0.5563278198242188, 'chunks processed': 15, 'storage read (B)': 29685482, 'selection 2 time (s)': 0.5708329677581787}
Thread times [0.13376569747924805, 0.14456892013549805, 0.1451101303100586, 0.1495649814605713, 0.16615009307861328, 0.18447375297546387, 0.19173693656921387, 0.502586841583252, 0.5192630290985107, 0.5247280597686768, 0.5290277004241943, 0.5374648571014404, 0.5796992778778076, 0.5844049453735352, 0.5962939262390137]
{'args': ((5, 0, slice(0, 960, None), slice(None, None, None)),), 'dataset shape': (40, 11, 1921, 2560), 'dataset chunks': (7, 1, 385, 512), 'indexing time (s)': 9.5367431640625e-07, 'chunk number': 1650, 'reduction time (s)': 0.6017417907714844, 'chunks processed': 15, 'storage read (B)': 29685482, 'selection 2 time (s)': 0.6143269538879395}
Thread times [0.24246621131896973, 0.27468109130859375, 0.3962290287017822, 0.4270000457763672, 0.4791419506072998, 0.5053660869598389, 0.5129401683807373, 0.516711950302124, 0.5290722846984863, 0.5600161552429199, 0.5653970241546631, 0.5679950714111328, 0.5782449245452881, 0.5825228691101074, 0.5850350856781006]
{'args': ((6, 0, slice(0, 960, None), slice(None, None, None)),), 'dataset shape': (40, 11, 1921, 2560), 'dataset chunks': (7, 1, 385, 512), 'indexing time (s)': 9.5367431640625e-07, 'chunk number': 1650, 'reduction time (s)': 0.5897040367126465, 'chunks processed': 15, 'storage read (B)': 29685482, 'selection 2 time (s)': 0.6015620231628418}
Thread times [0.41056394577026367, 0.4418351650238037, 0.4999070167541504, 0.5171871185302734, 0.5300102233886719, 0.5328769683837891, 0.5367279052734375, 0.544734001159668, 0.5497288703918457, 0.553983211517334, 0.5652480125427246, 0.5714356899261475, 0.5740900039672852, 0.5799779891967773, 0.5871772766113281]
{'args': ((7, 0, slice(0, 960, None), slice(None, None, None)),), 'dataset shape': (40, 11, 1921, 2560), 'dataset chunks': (7, 1, 385, 512), 'indexing time (s)': 0.0, 'chunk number': 1650, 'reduction time (s)': 0.5908658504486084, 'chunks processed': 15, 'storage read (B)': 29701892, 'selection 2 time (s)': 0.6046609878540039}
Thread times [0.3913137912750244, 0.3917849063873291, 0.4267079830169678, 0.43351292610168457, 0.4359753131866455, 0.45604801177978516, 0.4549860954284668, 0.46561503410339355, 0.46982622146606445, 0.4705636501312256, 0.4808828830718994, 0.48888611793518066, 0.49105095863342285, 0.49802589416503906, 0.5064437389373779]
{'args': ((8, 0, slice(0, 960, None), slice(None, None, None)),), 'dataset shape': (40, 11, 1921, 2560), 'dataset chunks': (7, 1, 385, 512), 'indexing time (s)': 9.5367431640625e-07, 'chunk number': 1650, 'reduction time (s)': 0.5099070072174072, 'chunks processed': 15, 'storage read (B)': 29701892, 'selection 2 time (s)': 0.5167276859283447}
Thread times [0.17908406257629395, 0.39079904556274414, 0.4111349582672119, 0.42250895500183105, 0.45043110847473145, 0.45427775382995605, 0.46795010566711426, 0.46639490127563477, 0.4714350700378418, 0.47993016242980957, 0.4843919277191162, 0.4918339252471924, 0.4985959529876709, 0.49857497215270996, 0.5085141658782959]
{'args': ((9, 0, slice(0, 960, None), slice(None, None, None)),), 'dataset shape': (40, 11, 1921, 2560), 'dataset chunks': (7, 1, 385, 512), 'indexing time (s)': 1.1920928955078125e-06, 'chunk number': 1650, 'reduction time (s)': 0.5120766162872314, 'chunks processed': 15, 'storage read (B)': 29701892, 'selection 2 time (s)': 0.5251398086547852}
Thread times [0.3720378875732422, 0.46207308769226074, 0.5459299087524414, 0.5489721298217773, 0.5525510311126709, 0.5637860298156738, 0.5638988018035889, 0.5675580501556396, 0.577843189239502, 0.5782439708709717, 0.5903377532958984, 0.596092939376831, 0.5978209972381592, 0.6049718856811523, 0.6141109466552734]
{'args': ((10, 0, slice(0, 960, None), slice(None, None, None)),), 'dataset shape': (40, 11, 1921, 2560), 'dataset chunks': (7, 1, 385, 512), 'indexing time (s)': 0.0, 'chunk number': 1650, 'reduction time (s)': 0.617717981338501, 'chunks processed': 15, 'storage read (B)': 29701892, 'selection 2 time (s)': 0.6301679611206055}
Thread times [0.15322017669677734, 0.21542811393737793, 0.22860312461853027, 0.23141789436340332, 0.23151302337646484, 0.24346709251403809, 0.24330496788024902, 0.2888350486755371, 0.3024311065673828, 0.3012681007385254, 0.30591726303100586, 0.3167130947113037, 0.3200409412384033, 0.3221721649169922, 0.3349599838256836]
{'args': ((11, 0, slice(0, 960, None), slice(None, None, None)),), 'dataset shape': (40, 11, 1921, 2560), 'dataset chunks': (7, 1, 385, 512), 'indexing time (s)': 1.1920928955078125e-06, 'chunk number': 1650, 'reduction time (s)': 0.33887410163879395, 'chunks processed': 15, 'storage read (B)': 29701892, 'selection 2 time (s)': 0.34595203399658203}
Thread times [0.18201708793640137, 0.21721887588500977, 0.21868491172790527, 0.21828722953796387, 0.22991204261779785, 0.23512983322143555, 0.5211999416351318, 0.5221478939056396, 0.5213849544525146, 0.5220141410827637, 0.5221312046051025, 0.5251200199127197, 0.5252971649169922, 0.524867057800293, 0.5335500240325928]
{'args': ((12, 0, slice(0, 960, None), slice(None, None, None)),), 'dataset shape': (40, 11, 1921, 2560), 'dataset chunks': (7, 1, 385, 512), 'indexing time (s)': 0.0, 'chunk number': 1650, 'reduction time (s)': 0.5369768142700195, 'chunks processed': 15, 'storage read (B)': 29701892, 'selection 2 time (s)': 0.544111967086792}
Thread times [0.17405915260314941, 0.18214035034179688, 0.24113893508911133, 0.26174092292785645, 0.26993894577026367, 0.30314207077026367, 0.3074939250946045, 0.30505800247192383, 0.31704092025756836, 0.3199601173400879, 0.32597994804382324, 0.3406970500946045, 0.3431100845336914, 0.3436410427093506, 0.35526084899902344]
{'args': ((13, 0, slice(0, 960, None), slice(None, None, None)),), 'dataset shape': (40, 11, 1921, 2560), 'dataset chunks': (7, 1, 385, 512), 'indexing time (s)': 0.0, 'chunk number': 1650, 'reduction time (s)': 0.35893702507019043, 'chunks processed': 15, 'storage read (B)': 29701892, 'selection 2 time (s)': 0.36914706230163574}
Thread times [0.1055750846862793, 0.1517961025238037, 0.15557193756103516, 0.16060400009155273, 0.1702718734741211, 0.22279095649719238, 0.2268075942993164, 0.22933506965637207, 0.2368011474609375, 0.2600986957550049, 0.2693312168121338, 0.29776906967163086, 0.30594825744628906, 0.31528592109680176, 0.3345069885253906]
{'args': ((14, 0, slice(0, 960, None), slice(None, None, None)),), 'dataset shape': (40, 11, 1921, 2560), 'dataset chunks': (7, 1, 385, 512), 'indexing time (s)': 9.5367431640625e-07, 'chunk number': 1650, 'reduction time (s)': 0.3381047248840332, 'chunks processed': 15, 'storage read (B)': 29733505, 'selection 2 time (s)': 0.3523519039154053}
Thread times [0.20645403861999512, 0.22110581398010254, 0.22873401641845703, 0.27426791191101074, 0.3137657642364502, 0.41259312629699707, 0.4387049674987793, 0.48915791511535645, 0.4902839660644531, 0.4928860664367676, 0.5065169334411621, 0.5082411766052246, 0.5094940662384033, 0.5209598541259766, 0.5249521732330322]
{'args': ((15, 0, slice(0, 960, None), slice(None, None, None)),), 'dataset shape': (40, 11, 1921, 2560), 'dataset chunks': (7, 1, 385, 512), 'indexing time (s)': 1.1920928955078125e-06, 'chunk number': 1650, 'reduction time (s)': 0.529202938079834, 'chunks processed': 15, 'storage read (B)': 29733505, 'selection 2 time (s)': 0.5395560264587402}
Thread times [0.13328313827514648, 0.1381833553314209, 0.18352317810058594, 0.18868780136108398, 0.20424795150756836, 0.3770620822906494, 0.40848803520202637, 0.41390204429626465, 0.4293241500854492, 0.4372060298919678, 0.44259142875671387, 0.4490671157836914, 0.45333194732666016, 0.4588661193847656, 0.515733003616333]
{'args': ((16, 0, slice(0, 960, None), slice(None, None, None)),), 'dataset shape': (40, 11, 1921, 2560), 'dataset chunks': (7, 1, 385, 512), 'indexing time (s)': 1.1920928955078125e-06, 'chunk number': 1650, 'reduction time (s)': 0.5200140476226807, 'chunks processed': 15, 'storage read (B)': 29733505, 'selection 2 time (s)': 0.5337982177734375}
Thread times [0.21928191184997559, 0.23098301887512207, 0.24093985557556152, 0.2504692077636719, 0.2505190372467041, 0.2539680004119873, 0.269089937210083, 0.3246269226074219, 0.3315298557281494, 0.3388938903808594, 0.34122490882873535, 0.3489041328430176, 0.37047290802001953, 1.1554028987884521, 1.529263973236084]
{'args': ((17, 0, slice(0, 960, None), slice(None, None, None)),), 'dataset shape': (40, 11, 1921, 2560), 'dataset chunks': (7, 1, 385, 512), 'indexing time (s)': 9.5367431640625e-07, 'chunk number': 1650, 'reduction time (s)': 1.5350921154022217, 'chunks processed': 15, 'storage read (B)': 29733505, 'selection 2 time (s)': 1.549278974533081}
Thread times [0.24059700965881348, 0.28025388717651367, 0.28502988815307617, 0.29000282287597656, 0.2864048480987549, 0.30464816093444824, 0.30829429626464844, 0.3070797920227051, 0.3663291931152344, 0.3798179626464844, 0.38399696350097656, 0.398510217666626, 0.4007411003112793, 0.4043750762939453, 0.42455101013183594]
{'args': ((18, 0, slice(0, 960, None), slice(None, None, None)),), 'dataset shape': (40, 11, 1921, 2560), 'dataset chunks': (7, 1, 385, 512), 'indexing time (s)': 9.5367431640625e-07, 'chunk number': 1650, 'reduction time (s)': 0.4284977912902832, 'chunks processed': 15, 'storage read (B)': 29733505, 'selection 2 time (s)': 0.4426238536834717}
Thread times [0.24255633354187012, 0.2676050662994385, 0.2900981903076172, 0.2922208309173584, 0.43561291694641113, 0.44815802574157715, 0.4679739475250244, 0.4702777862548828, 0.472794771194458, 0.4823298454284668, 0.48948001861572266, 0.49434804916381836, 0.5010020732879639, 0.5022428035736084, 0.510361909866333]
{'args': ((19, 0, slice(0, 960, None), slice(None, None, None)),), 'dataset shape': (40, 11, 1921, 2560), 'dataset chunks': (7, 1, 385, 512), 'indexing time (s)': 1.1920928955078125e-06, 'chunk number': 1650, 'reduction time (s)': 0.5141820907592773, 'chunks processed': 15, 'storage read (B)': 29733505, 'selection 2 time (s)': 0.5259389877319336}
Thread times [0.4789140224456787, 0.5303711891174316, 0.541269063949585, 0.544417142868042, 0.5529170036315918, 0.56764817237854, 0.5757839679718018, 0.5781292915344238, 0.5817508697509766, 0.5909919738769531, 0.5944161415100098, 0.6009571552276611, 0.6124880313873291, 0.6134109497070312, 0.6196799278259277]
{'args': ((20, 0, slice(0, 960, None), slice(None, None, None)),), 'dataset shape': (40, 11, 1921, 2560), 'dataset chunks': (7, 1, 385, 512), 'indexing time (s)': 9.5367431640625e-07, 'chunk number': 1650, 'reduction time (s)': 0.6225540637969971, 'chunks processed': 15, 'storage read (B)': 29733505, 'selection 2 time (s)': 0.6359057426452637}
Thread times [0.2323908805847168, 0.2575538158416748, 0.2552971839904785, 0.28450632095336914, 0.29494309425354004, 0.29911279678344727, 0.3123290538787842, 0.32723307609558105, 0.3437948226928711, 0.34412503242492676, 0.34806108474731445, 0.6640369892120361, 0.6690239906311035, 0.6755740642547607, 0.6741020679473877]
{'args': ((21, 0, slice(0, 960, None), slice(None, None, None)),), 'dataset shape': (40, 11, 1921, 2560), 'dataset chunks': (7, 1, 385, 512), 'indexing time (s)': 9.5367431640625e-07, 'chunk number': 1650, 'reduction time (s)': 0.6800241470336914, 'chunks processed': 15, 'storage read (B)': 29686785, 'selection 2 time (s)': 0.6884028911590576}
Thread times [0.38318705558776855, 0.38422274589538574, 0.47248411178588867, 0.5341041088104248, 0.5480208396911621, 0.5635702610015869, 0.5628459453582764, 0.5707352161407471, 0.5787639617919922, 0.5771100521087646, 0.587691068649292, 0.597710132598877, 0.5964663028717041, 0.6018259525299072, 0.6304042339324951]
{'args': ((22, 0, slice(0, 960, None), slice(None, None, None)),), 'dataset shape': (40, 11, 1921, 2560), 'dataset chunks': (7, 1, 385, 512), 'indexing time (s)': 9.5367431640625e-07, 'chunk number': 1650, 'reduction time (s)': 0.6359438896179199, 'chunks processed': 15, 'storage read (B)': 29686785, 'selection 2 time (s)': 0.6440029144287109}
Thread times [0.22996115684509277, 0.2764418125152588, 0.31269311904907227, 0.336925745010376, 0.40688514709472656, 0.43303966522216797, 0.43480801582336426, 0.4485769271850586, 0.4500548839569092, 0.45316290855407715, 0.46922755241394043, 0.473430871963501, 0.4781050682067871, 0.4859180450439453, 0.486407995223999]
{'args': ((23, 0, slice(0, 960, None), slice(None, None, None)),), 'dataset shape': (40, 11, 1921, 2560), 'dataset chunks': (7, 1, 385, 512), 'indexing time (s)': 1.1920928955078125e-06, 'chunk number': 1650, 'reduction time (s)': 0.49163198471069336, 'chunks processed': 15, 'storage read (B)': 29686785, 'selection 2 time (s)': 0.5029520988464355}
Thread times [0.36237168312072754, 0.37545013427734375, 0.4265892505645752, 0.4335348606109619, 0.44363880157470703, 0.4617457389831543, 0.4768860340118408, 0.4758331775665283, 0.479280948638916, 0.4902310371398926, 0.498488187789917, 0.4972958564758301, 0.5094108581542969, 0.5111522674560547, 0.514552116394043]
{'args': ((24, 0, slice(0, 960, None), slice(None, None, None)),), 'dataset shape': (40, 11, 1921, 2560), 'dataset chunks': (7, 1, 385, 512), 'indexing time (s)': 9.5367431640625e-07, 'chunk number': 1650, 'reduction time (s)': 0.5184280872344971, 'chunks processed': 15, 'storage read (B)': 29686785, 'selection 2 time (s)': 0.5278830528259277}
Thread times [0.40233492851257324, 0.4551370143890381, 0.6020517349243164, 0.6452338695526123, 0.6475930213928223, 0.649324893951416, 0.6633517742156982, 0.6645126342773438, 0.6664466857910156, 0.6792011260986328, 0.6833488941192627, 0.6844360828399658, 0.6951911449432373, 0.7590780258178711, 0.8023543357849121]
{'args': ((25, 0, slice(0, 960, None), slice(None, None, None)),), 'dataset shape': (40, 11, 1921, 2560), 'dataset chunks': (7, 1, 385, 512), 'indexing time (s)': 9.5367431640625e-07, 'chunk number': 1650, 'reduction time (s)': 0.80367112159729, 'chunks processed': 15, 'storage read (B)': 29686785, 'selection 2 time (s)': 0.8176629543304443}
Thread times [0.16014504432678223, 0.17026519775390625, 0.2058401107788086, 0.2422170639038086, 0.24875688552856445, 0.24670886993408203, 0.2570159435272217, 0.26190614700317383, 0.5497629642486572, 0.5486931800842285, 0.5535070896148682, 0.5542938709259033, 0.5581357479095459, 0.5613138675689697, 0.5605480670928955]
{'args': ((26, 0, slice(0, 960, None), slice(None, None, None)),), 'dataset shape': (40, 11, 1921, 2560), 'dataset chunks': (7, 1, 385, 512), 'indexing time (s)': 0.0, 'chunk number': 1650, 'reduction time (s)': 0.5657379627227783, 'chunks processed': 15, 'storage read (B)': 29686785, 'selection 2 time (s)': 0.5733599662780762}
Thread times [0.13660717010498047, 0.2627279758453369, 0.2694551944732666, 0.28297901153564453, 0.36815428733825684, 0.3734159469604492, 0.4194519519805908, 0.42102813720703125, 0.4258582592010498, 0.43479037284851074, 0.4452402591705322, 0.4480710029602051, 0.45200204849243164, 0.4592888355255127, 0.46356725692749023]
{'args': ((27, 0, slice(0, 960, None), slice(None, None, None)),), 'dataset shape': (40, 11, 1921, 2560), 'dataset chunks': (7, 1, 385, 512), 'indexing time (s)': 9.5367431640625e-07, 'chunk number': 1650, 'reduction time (s)': 0.4671618938446045, 'chunks processed': 15, 'storage read (B)': 29686785, 'selection 2 time (s)': 0.47934603691101074}
Thread times [0.2536439895629883, 0.2570149898529053, 0.2585327625274658, 0.2740480899810791, 0.27289414405822754, 0.27535104751586914, 0.28315114974975586, 0.3529379367828369, 0.3531179428100586, 0.3888850212097168, 0.3916749954223633, 0.3972599506378174, 0.4093949794769287, 0.4127788543701172, 0.42705488204956055]
{'args': ((28, 0, slice(0, 960, None), slice(None, None, None)),), 'dataset shape': (40, 11, 1921, 2560), 'dataset chunks': (7, 1, 385, 512), 'indexing time (s)': 9.5367431640625e-07, 'chunk number': 1650, 'reduction time (s)': 0.4317147731781006, 'chunks processed': 15, 'storage read (B)': 29670387, 'selection 2 time (s)': 0.4443790912628174}
Thread times [0.1617259979248047, 0.193223237991333, 0.3973510265350342, 0.43724703788757324, 0.5437970161437988, 0.5484528541564941, 0.552297830581665, 0.562175989151001, 0.5666429996490479, 0.5704219341278076, 0.5801169872283936, 0.5846002101898193, 0.5951290130615234, 0.6005699634552002, 0.6096210479736328]
{'args': ((29, 0, slice(0, 960, None), slice(None, None, None)),), 'dataset shape': (40, 11, 1921, 2560), 'dataset chunks': (7, 1, 385, 512), 'indexing time (s)': 9.5367431640625e-07, 'chunk number': 1650, 'reduction time (s)': 0.6153700351715088, 'chunks processed': 15, 'storage read (B)': 29670387, 'selection 2 time (s)': 0.6246719360351562}
Thread times [0.25267505645751953, 0.28695201873779297, 0.2916889190673828, 0.3228938579559326, 0.3476109504699707, 0.43224406242370605, 0.4831211566925049, 0.49703192710876465, 0.504370927810669, 0.5047621726989746, 0.5204269886016846, 0.5183742046356201, 0.5204260349273682, 0.5280468463897705, 0.5484180450439453]
{'args': ((30, 0, slice(0, 960, None), slice(None, None, None)),), 'dataset shape': (40, 11, 1921, 2560), 'dataset chunks': (7, 1, 385, 512), 'indexing time (s)': 9.5367431640625e-07, 'chunk number': 1650, 'reduction time (s)': 0.559650182723999, 'chunks processed': 15, 'storage read (B)': 29670387, 'selection 2 time (s)': 0.574042797088623}
Thread times [0.5196151733398438, 0.5206778049468994, 0.5672247409820557, 0.5866079330444336, 0.589594841003418, 0.5983700752258301, 0.6186816692352295, 0.6197810173034668, 0.6189918518066406, 0.6364870071411133, 0.6414737701416016, 0.6403911113739014, 0.6545228958129883, 0.6587507724761963, 0.6622049808502197]
{'args': ((31, 0, slice(0, 960, None), slice(None, None, None)),), 'dataset shape': (40, 11, 1921, 2560), 'dataset chunks': (7, 1, 385, 512), 'indexing time (s)': 9.5367431640625e-07, 'chunk number': 1650, 'reduction time (s)': 0.6652488708496094, 'chunks processed': 15, 'storage read (B)': 29670387, 'selection 2 time (s)': 0.6746139526367188}
Thread times [0.12308502197265625, 0.13919901847839355, 0.31464219093322754, 0.3637697696685791, 0.44054388999938965, 0.46901702880859375, 0.47214174270629883, 0.48068928718566895, 0.48415207862854004, 0.48662805557250977, 0.49761509895324707, 0.5041341781616211, 0.5078330039978027, 0.5162370204925537, 0.5227169990539551]
{'args': ((32, 0, slice(0, 960, None), slice(None, None, None)),), 'dataset shape': (40, 11, 1921, 2560), 'dataset chunks': (7, 1, 385, 512), 'indexing time (s)': 9.5367431640625e-07, 'chunk number': 1650, 'reduction time (s)': 0.5274910926818848, 'chunks processed': 15, 'storage read (B)': 29670387, 'selection 2 time (s)': 0.5401380062103271}
Thread times [0.14423513412475586, 0.17055058479309082, 0.17169880867004395, 0.18711400032043457, 0.18356895446777344, 0.2450411319732666, 0.2535209655761719, 0.25238513946533203, 0.26912498474121094, 0.26851701736450195, 0.2712409496307373, 0.2874150276184082, 0.2821471691131592, 0.2862520217895508, 0.29906511306762695]
{'args': ((33, 0, slice(0, 960, None), slice(None, None, None)),), 'dataset shape': (40, 11, 1921, 2560), 'dataset chunks': (7, 1, 385, 512), 'indexing time (s)': 9.5367431640625e-07, 'chunk number': 1650, 'reduction time (s)': 0.3078041076660156, 'chunks processed': 15, 'storage read (B)': 29670387, 'selection 2 time (s)': 0.3153340816497803}
Thread times [0.1707167625427246, 0.2440319061279297, 0.29899096488952637, 0.3385939598083496, 0.3550450801849365, 0.3569340705871582, 0.35823702812194824, 0.37267208099365234, 0.380903959274292, 0.38231492042541504, 0.394366979598999, 0.401198148727417, 0.4039881229400635, 0.41127681732177734, 0.42007017135620117]
{'args': ((34, 0, slice(0, 960, None), slice(None, None, None)),), 'dataset shape': (40, 11, 1921, 2560), 'dataset chunks': (7, 1, 385, 512), 'indexing time (s)': 0.0, 'chunk number': 1650, 'reduction time (s)': 0.4227912425994873, 'chunks processed': 15, 'storage read (B)': 29670387, 'selection 2 time (s)': 0.4358949661254883}
Thread times [0.09653186798095703, 0.09749007225036621, 0.29047298431396484, 0.3445141315460205, 0.3509848117828369, 0.35313892364501953, 0.3572673797607422, 0.362105131149292, 0.3647627830505371, 0.3691980838775635, 0.3774688243865967, 0.3804800510406494, 0.3858470916748047, 0.39083099365234375, 0.3971571922302246]
{'args': ((35, 0, slice(0, 960, None), slice(None, None, None)),), 'dataset shape': (40, 11, 1921, 2560), 'dataset chunks': (7, 1, 385, 512), 'indexing time (s)': 9.5367431640625e-07, 'chunk number': 1650, 'reduction time (s)': 0.4008209705352783, 'chunks processed': 15, 'storage read (B)': 21287473, 'selection 2 time (s)': 0.4141499996185303}
Thread times [0.11606287956237793, 0.299191951751709, 0.38719987869262695, 0.42014527320861816, 0.4331798553466797, 0.43136000633239746, 0.4326016902923584, 0.44370388984680176, 0.444486141204834, 0.4472031593322754, 0.4556601047515869, 0.4609260559082031, 0.4658029079437256, 0.46799778938293457, 0.4767723083496094]
{'args': ((36, 0, slice(0, 960, None), slice(None, None, None)),), 'dataset shape': (40, 11, 1921, 2560), 'dataset chunks': (7, 1, 385, 512), 'indexing time (s)': 9.5367431640625e-07, 'chunk number': 1650, 'reduction time (s)': 0.47974514961242676, 'chunks processed': 15, 'storage read (B)': 21287473, 'selection 2 time (s)': 0.4920990467071533}
Thread times [0.10602712631225586, 0.1566610336303711, 0.1618208885192871, 0.19489622116088867, 0.19655609130859375, 0.31758689880371094, 0.32164931297302246, 0.3250279426574707, 0.33190011978149414, 0.33215880393981934, 0.3382751941680908, 0.3472449779510498, 0.3483741283416748, 0.3545799255371094, 0.36095595359802246]
{'args': ((37, 0, slice(0, 960, None), slice(None, None, None)),), 'dataset shape': (40, 11, 1921, 2560), 'dataset chunks': (7, 1, 385, 512), 'indexing time (s)': 0.0, 'chunk number': 1650, 'reduction time (s)': 0.364365816116333, 'chunks processed': 15, 'storage read (B)': 21287473, 'selection 2 time (s)': 0.3770270347595215}
Thread times [0.1009817123413086, 0.10293698310852051, 0.12711501121520996, 0.23445606231689453, 0.29314303398132324, 0.3297238349914551, 0.33074498176574707, 0.3366520404815674, 0.3433530330657959, 0.34754490852355957, 0.3491630554199219, 0.35528135299682617, 0.3592259883880615, 0.36558008193969727, 0.3661980628967285]
{'args': ((38, 0, slice(0, 960, None), slice(None, None, None)),), 'dataset shape': (40, 11, 1921, 2560), 'dataset chunks': (7, 1, 385, 512), 'indexing time (s)': 0.0, 'chunk number': 1650, 'reduction time (s)': 0.3698551654815674, 'chunks processed': 15, 'storage read (B)': 21287473, 'selection 2 time (s)': 0.37707090377807617}
Thread times [0.08275198936462402, 0.2879061698913574, 0.3280668258666992, 0.3592219352722168, 0.36250805854797363, 0.3657071590423584, 0.3737950325012207, 0.3771388530731201, 0.377716064453125, 0.38732481002807617, 0.39437198638916016, 0.39803409576416016, 0.40267205238342285, 0.4055788516998291, 0.40739893913269043]
{'args': ((39, 0, slice(0, 960, None), slice(None, None, None)),), 'dataset shape': (40, 11, 1921, 2560), 'dataset chunks': (7, 1, 385, 512), 'indexing time (s)': 1.1920928955078125e-06, 'chunk number': 1650, 'reduction time (s)': 0.4119448661804199, 'chunks processed': 15, 'storage read (B)': 21287473, 'selection 2 time (s)': 0.4214441776275635}
[[226.07820312]
 [226.0646875 ]
 [225.93776042]
 [225.90822917]
 [225.91739583]
 [225.88460937]
 [225.82080729]
 [225.85434896]
 [225.98346354]
 [226.03822917]
 [226.01317708]
 [226.02335938]
 [226.03765625]
 [226.00486979]
 [225.91776042]
 [225.94033854]
 [225.98726562]
 [225.91453125]
 [225.81239583]
 [225.81890625]
 [225.84528646]
 [225.78502604]
 [225.63648438]
 [225.5565625 ]
 [225.45747396]
 [225.32385417]
 [225.16335937]
 [225.07786458]
 [225.07846354]
 [225.10666667]
 [225.17609375]
 [225.36867187]
 [225.57927083]
 [225.69085938]
 [225.72221354]
 [225.82369792]
 [225.93640625]
 [225.96760417]
 [225.91875   ]
 [225.92236979]]
Summary:  Uni24whidch :Active (T100,BS1): 1.08s,21.7s,29.05s
