Dataset loaded from S3 with s3fs and Pyfive: bnl/ch330a.pc19790301-def.nc (0.067,3.7)
Thread times [0.735192060470581, 0.6376283168792725, 0.9033448696136475, 0.8389770984649658, 0.7838461399078369, 0.930689811706543, 0.8059592247009277, 0.9533953666687012, 0.9070899486541748, 0.9576680660247803, 0.9153599739074707, 0.8726158142089844, 0.939316987991333, 0.7065551280975342, 0.7667090892791748]
{'load nc time': 4.364948034286499, 'args': ((0, 0, slice(0, 960, None), slice(None, None, None)),), 'dataset shape': (40, 11, 1921, 2560), 'dataset chunks': (7, 1, 385, 512), 'indexing time (s)': 20.72677493095398, 'chunk number': 1650, 'reduction time (s)': 12.655135154724121, 'chunks processed': 15, 'storage read (B)': 29685482, 'selection 1 time (s)': 33.38200879096985}
Thread times [0.7671990394592285, 0.6866579055786133, 0.8710110187530518, 0.7138779163360596, 0.817781925201416, 0.807438850402832, 0.7583110332489014, 0.8450827598571777, 0.8508710861206055, 0.7797961235046387, 0.8469681739807129, 1.0210208892822266, 0.9653708934783936, 0.9152557849884033, 1.0480589866638184]
{'args': ((1, 0, slice(0, 960, None), slice(None, None, None)),), 'dataset shape': (40, 11, 1921, 2560), 'dataset chunks': (7, 1, 385, 512), 'indexing time (s)': 9.5367431640625e-07, 'chunk number': 1650, 'reduction time (s)': 12.695504903793335, 'chunks processed': 15, 'storage read (B)': 29685482, 'selection 1 time (s)': 12.695605993270874}
Thread times [0.7740800380706787, 0.7035410404205322, 0.8121218681335449, 0.7706148624420166, 0.7931430339813232, 0.9495849609375, 0.7829787731170654, 0.8052737712860107, 0.8205959796905518, 0.8330440521240234, 0.7912230491638184, 1.116901159286499, 0.7843320369720459, 0.7615747451782227, 0.743765115737915]
{'args': ((2, 0, slice(0, 960, None), slice(None, None, None)),), 'dataset shape': (40, 11, 1921, 2560), 'dataset chunks': (7, 1, 385, 512), 'indexing time (s)': 1.1920928955078125e-06, 'chunk number': 1650, 'reduction time (s)': 12.243569135665894, 'chunks processed': 15, 'storage read (B)': 29685482, 'selection 1 time (s)': 12.243674039840698}
Thread times [0.642326831817627, 1.0411360263824463, 0.9025611877441406, 0.552105188369751, 0.6740870475769043, 0.8201630115509033, 0.737595796585083, 0.9660940170288086, 0.8419938087463379, 0.8330340385437012, 0.7099950313568115, 0.9947390556335449, 0.8276650905609131, 0.6810498237609863, 0.7218348979949951]
{'args': ((3, 0, slice(0, 960, None), slice(None, None, None)),), 'dataset shape': (40, 11, 1921, 2560), 'dataset chunks': (7, 1, 385, 512), 'indexing time (s)': 9.5367431640625e-07, 'chunk number': 1650, 'reduction time (s)': 11.947150230407715, 'chunks processed': 15, 'storage read (B)': 29685482, 'selection 1 time (s)': 11.947256803512573}
Thread times [0.669276237487793, 0.7441279888153076, 0.8588521480560303, 0.7939701080322266, 0.7794041633605957, 0.8164708614349365, 0.8312592506408691, 0.8114109039306641, 0.8393912315368652, 0.7375891208648682, 0.7857530117034912, 0.8707530498504639, 0.7455220222473145, 0.8105731010437012, 0.8159017562866211]
{'args': ((4, 0, slice(0, 960, None), slice(None, None, None)),), 'dataset shape': (40, 11, 1921, 2560), 'dataset chunks': (7, 1, 385, 512), 'indexing time (s)': 7.152557373046875e-07, 'chunk number': 1650, 'reduction time (s)': 11.911052227020264, 'chunks processed': 15, 'storage read (B)': 29685482, 'selection 1 time (s)': 11.911153793334961}
Thread times [0.6819469928741455, 0.6366021633148193, 0.8079960346221924, 0.7972450256347656, 0.8402161598205566, 0.9100008010864258, 0.938633918762207, 0.6709592342376709, 0.6977300643920898, 0.863933801651001, 0.9233572483062744, 0.9293601512908936, 1.0597319602966309, 0.7667951583862305, 0.7519748210906982]
{'args': ((5, 0, slice(0, 960, None), slice(None, None, None)),), 'dataset shape': (40, 11, 1921, 2560), 'dataset chunks': (7, 1, 385, 512), 'indexing time (s)': 9.5367431640625e-07, 'chunk number': 1650, 'reduction time (s)': 12.277318000793457, 'chunks processed': 15, 'storage read (B)': 29685482, 'selection 1 time (s)': 12.277416944503784}
Thread times [0.6585919857025146, 0.7029149532318115, 0.858626127243042, 1.838428258895874, 0.7242629528045654, 0.9076406955718994, 0.7526357173919678, 0.8561680316925049, 0.9012742042541504, 0.8193888664245605, 0.8151769638061523, 0.8557970523834229, 0.8674240112304688, 0.8216021060943604, 0.778529167175293]
{'args': ((6, 0, slice(0, 960, None), slice(None, None, None)),), 'dataset shape': (40, 11, 1921, 2560), 'dataset chunks': (7, 1, 385, 512), 'indexing time (s)': 7.152557373046875e-07, 'chunk number': 1650, 'reduction time (s)': 13.159276008605957, 'chunks processed': 15, 'storage read (B)': 29685482, 'selection 1 time (s)': 13.159387111663818}
Thread times [0.7830009460449219, 0.6988658905029297, 0.8357300758361816, 0.816857099533081, 0.8352630138397217, 0.7966148853302002, 0.7898528575897217, 0.886824369430542, 0.0204010009765625, 0.019910812377929688, 0.8888180255889893, 0.9996979236602783, 0.9779520034790039, 1.017848014831543, 0.8747451305389404]
{'args': ((7, 0, slice(0, 960, None), slice(None, None, None)),), 'dataset shape': (40, 11, 1921, 2560), 'dataset chunks': (7, 1, 385, 512), 'indexing time (s)': 9.5367431640625e-07, 'chunk number': 1650, 'reduction time (s)': 11.243156909942627, 'chunks processed': 15, 'storage read (B)': 29701892, 'selection 1 time (s)': 11.243259906768799}
Thread times [0.6442661285400391, 0.6134777069091797, 0.7154319286346436, 0.913079023361206, 0.7153143882751465, 0.7198851108551025, 0.7668910026550293, 0.8745450973510742, 0.02279496192932129, 0.02111196517944336, 0.7467410564422607, 0.8329050540924072, 0.7849400043487549, 0.8189449310302734, 0.7381010055541992]
{'args': ((8, 0, slice(0, 960, None), slice(None, None, None)),), 'dataset shape': (40, 11, 1921, 2560), 'dataset chunks': (7, 1, 385, 512), 'indexing time (s)': 9.5367431640625e-07, 'chunk number': 1650, 'reduction time (s)': 9.92920184135437, 'chunks processed': 15, 'storage read (B)': 29701892, 'selection 1 time (s)': 9.929304122924805}
Thread times [0.6497161388397217, 0.6578187942504883, 0.6903998851776123, 0.6890461444854736, 0.6708660125732422, 0.6885738372802734, 0.9086699485778809, 1.0038361549377441, 0.022809982299804688, 0.02116084098815918, 0.8011472225189209, 0.9295930862426758, 0.8287010192871094, 0.9769809246063232, 0.8749721050262451]
{'args': ((9, 0, slice(0, 960, None), slice(None, None, None)),), 'dataset shape': (40, 11, 1921, 2560), 'dataset chunks': (7, 1, 385, 512), 'indexing time (s)': 9.5367431640625e-07, 'chunk number': 1650, 'reduction time (s)': 10.415021181106567, 'chunks processed': 15, 'storage read (B)': 29701892, 'selection 1 time (s)': 10.415122985839844}
Thread times [0.8121719360351562, 0.7095487117767334, 0.8201627731323242, 0.7857222557067871, 0.7700507640838623, 0.8978159427642822, 0.7870771884918213, 0.9147489070892334, 0.022705078125, 0.021269798278808594, 0.7939779758453369, 0.9061219692230225, 0.9179093837738037, 0.8765091896057129, 0.8255391120910645]
{'args': ((10, 0, slice(0, 960, None), slice(None, None, None)),), 'dataset shape': (40, 11, 1921, 2560), 'dataset chunks': (7, 1, 385, 512), 'indexing time (s)': 9.5367431640625e-07, 'chunk number': 1650, 'reduction time (s)': 10.862085342407227, 'chunks processed': 15, 'storage read (B)': 29701892, 'selection 1 time (s)': 10.86218523979187}
Thread times [0.7124300003051758, 0.8456718921661377, 0.7023706436157227, 0.7722370624542236, 0.9146890640258789, 0.8841578960418701, 0.8045220375061035, 0.9558010101318359, 0.021591901779174805, 0.01833176612854004, 1.7697169780731201, 0.6737868785858154, 0.7881851196289062, 0.7123990058898926, 0.7848629951477051]
{'args': ((11, 0, slice(0, 960, None), slice(None, None, None)),), 'dataset shape': (40, 11, 1921, 2560), 'dataset chunks': (7, 1, 385, 512), 'indexing time (s)': 9.5367431640625e-07, 'chunk number': 1650, 'reduction time (s)': 11.361511945724487, 'chunks processed': 15, 'storage read (B)': 29701892, 'selection 1 time (s)': 11.36161208152771}
Thread times [0.6104450225830078, 0.6656520366668701, 0.6561658382415771, 0.7721059322357178, 0.7552108764648438, 0.7469420433044434, 0.6931161880493164, 0.8105590343475342, 0.02164292335510254, 0.020891904830932617, 0.849437952041626, 0.8821661472320557, 0.905555009841919, 0.9151554107666016, 0.8655300140380859]
{'args': ((12, 0, slice(0, 960, None), slice(None, None, None)),), 'dataset shape': (40, 11, 1921, 2560), 'dataset chunks': (7, 1, 385, 512), 'indexing time (s)': 9.5367431640625e-07, 'chunk number': 1650, 'reduction time (s)': 10.17155385017395, 'chunks processed': 15, 'storage read (B)': 29701892, 'selection 1 time (s)': 10.171658992767334}
Thread times [0.6978309154510498, 0.6536719799041748, 0.6789324283599854, 0.7128839492797852, 0.6657118797302246, 0.6571478843688965, 0.7771577835083008, 0.8373138904571533, 0.018798828125, 0.01875019073486328, 0.7159230709075928, 0.7849898338317871, 0.8491771221160889, 0.9040281772613525, 0.8510429859161377]
{'args': ((13, 0, slice(0, 960, None), slice(None, None, None)),), 'dataset shape': (40, 11, 1921, 2560), 'dataset chunks': (7, 1, 385, 512), 'indexing time (s)': 1.1920928955078125e-06, 'chunk number': 1650, 'reduction time (s)': 9.824172973632812, 'chunks processed': 15, 'storage read (B)': 29701892, 'selection 1 time (s)': 9.824270009994507}
Thread times [0.6909089088439941, 0.8327071666717529, 0.5230700969696045, 0.683941125869751, 0.5043399333953857, 0.8968772888183594, 0.837968111038208, 0.9508469104766846, 0.023036956787109375, 0.6265971660614014, 0.8007357120513916, 0.7866020202636719, 0.6737358570098877, 0.6356768608093262, 0.6924982070922852]
{'args': ((14, 0, slice(0, 960, None), slice(None, None, None)),), 'dataset shape': (40, 11, 1921, 2560), 'dataset chunks': (7, 1, 385, 512), 'indexing time (s)': 7.152557373046875e-07, 'chunk number': 1650, 'reduction time (s)': 10.160271167755127, 'chunks processed': 15, 'storage read (B)': 29733505, 'selection 1 time (s)': 10.160362005233765}
Thread times [0.49327898025512695, 0.870081901550293, 0.6919901371002197, 0.6936087608337402, 0.6318449974060059, 0.7994401454925537, 0.8574309349060059, 0.8070461750030518, 0.022417306900024414, 0.7744331359863281, 0.6576030254364014, 0.7993779182434082, 0.761380672454834, 0.7985801696777344, 0.7902469635009766]
{'args': ((15, 0, slice(0, 960, None), slice(None, None, None)),), 'dataset shape': (40, 11, 1921, 2560), 'dataset chunks': (7, 1, 385, 512), 'indexing time (s)': 1.1920928955078125e-06, 'chunk number': 1650, 'reduction time (s)': 10.449495077133179, 'chunks processed': 15, 'storage read (B)': 29733505, 'selection 1 time (s)': 10.44959282875061}
Thread times [0.7238321304321289, 0.6821718215942383, 0.7326691150665283, 0.6362600326538086, 0.7113239765167236, 0.8953280448913574, 0.8701622486114502, 0.926184892654419, 0.022505998611450195, 0.7460198402404785, 0.8139889240264893, 0.8670458793640137, 0.7972311973571777, 0.8947999477386475, 0.9143459796905518]
{'args': ((16, 0, slice(0, 960, None), slice(None, None, None)),), 'dataset shape': (40, 11, 1921, 2560), 'dataset chunks': (7, 1, 385, 512), 'indexing time (s)': 0.0, 'chunk number': 1650, 'reduction time (s)': 11.234623193740845, 'chunks processed': 15, 'storage read (B)': 29733505, 'selection 1 time (s)': 11.234723806381226}
Thread times [0.6639378070831299, 0.6920788288116455, 0.8081040382385254, 0.7490789890289307, 0.8117110729217529, 0.8298389911651611, 0.7846448421478271, 0.9849810600280762, 0.022508859634399414, 0.8051960468292236, 0.7589221000671387, 0.8726670742034912, 0.7820289134979248, 1.0194170475006104, 1.6706879138946533]
{'args': ((17, 0, slice(0, 960, None), slice(None, None, None)),), 'dataset shape': (40, 11, 1921, 2560), 'dataset chunks': (7, 1, 385, 512), 'indexing time (s)': 1.1920928955078125e-06, 'chunk number': 1650, 'reduction time (s)': 12.256581783294678, 'chunks processed': 15, 'storage read (B)': 29733505, 'selection 1 time (s)': 12.25668716430664}
Thread times [0.7381758689880371, 0.7629766464233398, 0.7920598983764648, 0.7149360179901123, 0.7822630405426025, 0.8450050354003906, 0.9293949604034424, 1.0419671535491943, 0.02248406410217285, 0.7584550380706787, 0.7732789516448975, 0.9525001049041748, 0.870750904083252, 0.885267972946167, 0.9730269908905029]
{'args': ((18, 0, slice(0, 960, None), slice(None, None, None)),), 'dataset shape': (40, 11, 1921, 2560), 'dataset chunks': (7, 1, 385, 512), 'indexing time (s)': 1.1920928955078125e-06, 'chunk number': 1650, 'reduction time (s)': 11.843265056610107, 'chunks processed': 15, 'storage read (B)': 29733505, 'selection 1 time (s)': 11.843366861343384}
Thread times [0.6639330387115479, 0.7883267402648926, 0.7057878971099854, 0.7387738227844238, 0.687824010848999, 0.9020500183105469, 0.776897668838501, 0.8941731452941895, 0.0247042179107666, 0.8651101589202881, 0.7422928810119629, 0.78767991065979, 1.4319531917572021, 0.7331142425537109, 0.9378781318664551]
{'args': ((19, 0, slice(0, 960, None), slice(None, None, None)),), 'dataset shape': (40, 11, 1921, 2560), 'dataset chunks': (7, 1, 385, 512), 'indexing time (s)': 0.0, 'chunk number': 1650, 'reduction time (s)': 11.681260108947754, 'chunks processed': 15, 'storage read (B)': 29733505, 'selection 1 time (s)': 11.681367874145508}
Thread times [0.6995339393615723, 1.060699701309204, 0.8708019256591797, 0.8135640621185303, 0.8380780220031738, 0.9467620849609375, 0.8567249774932861, 1.0533251762390137, 0.023262977600097656, 1.0802371501922607, 0.7790069580078125, 0.8223419189453125, 0.9212188720703125, 0.9488921165466309, 0.8948359489440918]
{'args': ((20, 0, slice(0, 960, None), slice(None, None, None)),), 'dataset shape': (40, 11, 1921, 2560), 'dataset chunks': (7, 1, 385, 512), 'indexing time (s)': 9.5367431640625e-07, 'chunk number': 1650, 'reduction time (s)': 12.610034942626953, 'chunks processed': 15, 'storage read (B)': 29733505, 'selection 1 time (s)': 12.610156059265137}
Thread times [0.6540238857269287, 0.6585562229156494, 1.0016121864318848, 0.018607139587402344, 0.016309022903442383, 0.8749082088470459, 0.8560171127319336, 0.9005990028381348, 0.9102039337158203, 0.8578619956970215, 0.7663497924804688, 0.8567419052124023, 0.8655471801757812, 0.8434510231018066, 0.020760774612426758]
{'args': ((21, 0, slice(0, 960, None), slice(None, None, None)),), 'dataset shape': (40, 11, 1921, 2560), 'dataset chunks': (7, 1, 385, 512), 'indexing time (s)': 0.0, 'chunk number': 1650, 'reduction time (s)': 10.102236986160278, 'chunks processed': 15, 'storage read (B)': 29686785, 'selection 1 time (s)': 10.10234022140503}
Thread times [0.7803378105163574, 0.638355016708374, 0.8989980220794678, 0.01771688461303711, 0.016366958618164062, 1.0671958923339844, 0.7983112335205078, 0.7854330539703369, 0.824699878692627, 0.9562809467315674, 0.7572200298309326, 0.8343820571899414, 0.8303179740905762, 0.7654318809509277, 0.018576860427856445]
{'args': ((22, 0, slice(0, 960, None), slice(None, None, None)),), 'dataset shape': (40, 11, 1921, 2560), 'dataset chunks': (7, 1, 385, 512), 'indexing time (s)': 2.1457672119140625e-06, 'chunk number': 1650, 'reduction time (s)': 9.990339756011963, 'chunks processed': 15, 'storage read (B)': 29686785, 'selection 1 time (s)': 9.990456819534302}
Thread times [0.6847629547119141, 0.6966300010681152, 0.7265691757202148, 0.021155118942260742, 0.01970982551574707, 0.827409029006958, 0.891193151473999, 0.8537721633911133, 0.9064810276031494, 0.8514213562011719, 0.7289409637451172, 0.7157127857208252, 0.9755859375, 0.8729009628295898, 0.022752046585083008]
{'args': ((23, 0, slice(0, 960, None), slice(None, None, None)),), 'dataset shape': (40, 11, 1921, 2560), 'dataset chunks': (7, 1, 385, 512), 'indexing time (s)': 0.0, 'chunk number': 1650, 'reduction time (s)': 9.795708894729614, 'chunks processed': 15, 'storage read (B)': 29686785, 'selection 1 time (s)': 9.795806884765625}
Thread times [0.661566972732544, 0.6247711181640625, 0.7394952774047852, 0.015959978103637695, 0.016347169876098633, 0.8400838375091553, 0.8380050659179688, 0.9059329032897949, 0.8161981105804443, 0.82912278175354, 0.8357439041137695, 0.7121932506561279, 0.8575561046600342, 0.815208911895752, 0.022070884704589844]
{'args': ((24, 0, slice(0, 960, None), slice(None, None, None)),), 'dataset shape': (40, 11, 1921, 2560), 'dataset chunks': (7, 1, 385, 512), 'indexing time (s)': 9.5367431640625e-07, 'chunk number': 1650, 'reduction time (s)': 9.530980110168457, 'chunks processed': 15, 'storage read (B)': 29686785, 'selection 1 time (s)': 9.531079053878784}
Thread times [0.6717476844787598, 0.6508479118347168, 0.7798049449920654, 0.016416072845458984, 0.016828060150146484, 0.787971019744873, 0.6691458225250244, 0.866455078125, 0.8414130210876465, 0.8429431915283203, 0.6921291351318359, 0.6768479347229004, 0.9944989681243896, 0.6091501712799072, 0.023679256439208984]
{'args': ((25, 0, slice(0, 960, None), slice(None, None, None)),), 'dataset shape': (40, 11, 1921, 2560), 'dataset chunks': (7, 1, 385, 512), 'indexing time (s)': 1.1920928955078125e-06, 'chunk number': 1650, 'reduction time (s)': 9.140692949295044, 'chunks processed': 15, 'storage read (B)': 29686785, 'selection 1 time (s)': 9.140798807144165}
Thread times [0.45158982276916504, 0.508782148361206, 0.8705809116363525, 0.021127939224243164, 0.01985478401184082, 0.7971100807189941, 0.7624509334564209, 0.8819971084594727, 0.8275349140167236, 0.892399787902832, 0.7480001449584961, 0.7235226631164551, 0.8049631118774414, 0.705106258392334, 0.01886582374572754]
{'args': ((26, 0, slice(0, 960, None), slice(None, None, None)),), 'dataset shape': (40, 11, 1921, 2560), 'dataset chunks': (7, 1, 385, 512), 'indexing time (s)': 1.1920928955078125e-06, 'chunk number': 1650, 'reduction time (s)': 9.034757137298584, 'chunks processed': 15, 'storage read (B)': 29686785, 'selection 1 time (s)': 9.034898281097412}
Thread times [0.6278960704803467, 0.6005311012268066, 0.690680742263794, 0.01878499984741211, 0.0165560245513916, 1.7652270793914795, 0.7109360694885254, 0.862389087677002, 0.7536728382110596, 0.8291378021240234, 0.683290958404541, 0.8600058555603027, 0.7422080039978027, 0.9574503898620605, 0.022791147232055664]
{'args': ((27, 0, slice(0, 960, None), slice(None, None, None)),), 'dataset shape': (40, 11, 1921, 2560), 'dataset chunks': (7, 1, 385, 512), 'indexing time (s)': 0.0, 'chunk number': 1650, 'reduction time (s)': 10.142494916915894, 'chunks processed': 15, 'storage read (B)': 29686785, 'selection 1 time (s)': 10.142604112625122}
Thread times [0.6549530029296875, 0.6658360958099365, 0.7124369144439697, 0.6606268882751465, 0.5972719192504883, 0.7542707920074463, 0.02349996566772461, 0.6946277618408203, 0.019381999969482422, 0.8088867664337158, 0.8220841884613037, 0.8912088871002197, 0.8352828025817871, 0.8685951232910156, 1.1441609859466553]
{'args': ((28, 0, slice(0, 960, None), slice(None, None, None)),), 'dataset shape': (40, 11, 1921, 2560), 'dataset chunks': (7, 1, 385, 512), 'indexing time (s)': 9.5367431640625e-07, 'chunk number': 1650, 'reduction time (s)': 10.153934240341187, 'chunks processed': 15, 'storage read (B)': 29670387, 'selection 1 time (s)': 10.154051065444946}
Thread times [0.7529630661010742, 0.624474048614502, 0.8162651062011719, 0.7132420539855957, 0.754033088684082, 0.8922109603881836, 0.024158000946044922, 0.8799080848693848, 0.02262401580810547, 0.877777099609375, 0.8187992572784424, 0.8685929775238037, 0.6968450546264648, 0.7082431316375732, 0.9743349552154541]
{'args': ((29, 0, slice(0, 960, None), slice(None, None, None)),), 'dataset shape': (40, 11, 1921, 2560), 'dataset chunks': (7, 1, 385, 512), 'indexing time (s)': 9.5367431640625e-07, 'chunk number': 1650, 'reduction time (s)': 10.425233840942383, 'chunks processed': 15, 'storage read (B)': 29670387, 'selection 1 time (s)': 10.42533802986145}
Thread times [0.6912481784820557, 0.6383261680603027, 1.861375093460083, 0.7017991542816162, 0.7681241035461426, 0.7154510021209717, 0.02334904670715332, 0.8314650058746338, 0.020451068878173828, 0.7607638835906982, 0.8039717674255371, 0.7930889129638672, 0.7219600677490234, 0.8451969623565674, 0.9436290264129639]
{'args': ((30, 0, slice(0, 960, None), slice(None, None, None)),), 'dataset shape': (40, 11, 1921, 2560), 'dataset chunks': (7, 1, 385, 512), 'indexing time (s)': 9.5367431640625e-07, 'chunk number': 1650, 'reduction time (s)': 11.120996952056885, 'chunks processed': 15, 'storage read (B)': 29670387, 'selection 1 time (s)': 11.121105194091797}
Thread times [0.7201271057128906, 0.6589598655700684, 0.7191028594970703, 0.5906610488891602, 0.7552928924560547, 0.7884700298309326, 0.022826194763183594, 0.8565490245819092, 0.022964000701904297, 2.000432252883911, 1.0717132091522217, 0.9097888469696045, 0.9325718879699707, 0.8873350620269775, 1.5277531147003174]
{'args': ((31, 0, slice(0, 960, None), slice(None, None, None)),), 'dataset shape': (40, 11, 1921, 2560), 'dataset chunks': (7, 1, 385, 512), 'indexing time (s)': 1.1920928955078125e-06, 'chunk number': 1650, 'reduction time (s)': 12.465259075164795, 'chunks processed': 15, 'storage read (B)': 29670387, 'selection 1 time (s)': 12.465362787246704}
Thread times [0.6010289192199707, 0.7132358551025391, 0.8274950981140137, 0.7420480251312256, 0.7384920120239258, 0.7791099548339844, 0.021857023239135742, 0.9320828914642334, 0.01844191551208496, 0.8021659851074219, 0.8472692966461182, 0.8559622764587402, 0.8732531070709229, 0.7705860137939453, 0.8400669097900391]
{'args': ((32, 0, slice(0, 960, None), slice(None, None, None)),), 'dataset shape': (40, 11, 1921, 2560), 'dataset chunks': (7, 1, 385, 512), 'indexing time (s)': 9.5367431640625e-07, 'chunk number': 1650, 'reduction time (s)': 10.363780975341797, 'chunks processed': 15, 'storage read (B)': 29670387, 'selection 1 time (s)': 10.363882064819336}
Thread times [0.8118329048156738, 0.6677467823028564, 0.7790579795837402, 0.6446378231048584, 0.7668671607971191, 0.7753002643585205, 0.02129387855529785, 0.8466639518737793, 0.018611907958984375, 0.9776551723480225, 0.8208470344543457, 0.8593480587005615, 0.7930896282196045, 0.7552220821380615, 1.0745418071746826]
{'args': ((33, 0, slice(0, 960, None), slice(None, None, None)),), 'dataset shape': (40, 11, 1921, 2560), 'dataset chunks': (7, 1, 385, 512), 'indexing time (s)': 9.5367431640625e-07, 'chunk number': 1650, 'reduction time (s)': 10.613461017608643, 'chunks processed': 15, 'storage read (B)': 29670387, 'selection 1 time (s)': 10.613561153411865}
Thread times [0.6991088390350342, 0.7473189830780029, 0.807685136795044, 0.7750980854034424, 0.7272179126739502, 0.8887169361114502, 0.021337270736694336, 0.8239250183105469, 0.021851778030395508, 0.7808492183685303, 0.884544849395752, 1.0026719570159912, 0.9203460216522217, 0.8903088569641113, 1.1252501010894775]
{'args': ((34, 0, slice(0, 960, None), slice(None, None, None)),), 'dataset shape': (40, 11, 1921, 2560), 'dataset chunks': (7, 1, 385, 512), 'indexing time (s)': 9.5367431640625e-07, 'chunk number': 1650, 'reduction time (s)': 11.117156267166138, 'chunks processed': 15, 'storage read (B)': 29670387, 'selection 1 time (s)': 11.117324829101562}
Thread times [0.7319841384887695, 0.7914860248565674, 0.8425238132476807, 0.7404367923736572, 0.8565828800201416, 0.907261848449707, 0.7455806732177734, 0.8917419910430908, 0.6484379768371582, 0.8796980381011963, 0.761425256729126, 0.7959511280059814, 0.8662409782409668, 0.8475027084350586, 0.7794950008392334]
{'args': ((35, 0, slice(0, 960, None), slice(None, None, None)),), 'dataset shape': (40, 11, 1921, 2560), 'dataset chunks': (7, 1, 385, 512), 'indexing time (s)': 7.152557373046875e-07, 'chunk number': 1650, 'reduction time (s)': 12.087157249450684, 'chunks processed': 15, 'storage read (B)': 21287473, 'selection 1 time (s)': 12.08728814125061}
Thread times [0.6541101932525635, 0.6679890155792236, 0.7721099853515625, 0.757134199142456, 0.789268970489502, 0.7435877323150635, 0.7804050445556641, 0.8334448337554932, 0.9166750907897949, 0.999290943145752, 0.9182782173156738, 0.6455690860748291, 0.8176860809326172, 0.722559928894043, 0.8179910182952881]
{'args': ((36, 0, slice(0, 960, None), slice(None, None, None)),), 'dataset shape': (40, 11, 1921, 2560), 'dataset chunks': (7, 1, 385, 512), 'indexing time (s)': 9.5367431640625e-07, 'chunk number': 1650, 'reduction time (s)': 11.83685827255249, 'chunks processed': 15, 'storage read (B)': 21287473, 'selection 1 time (s)': 11.836967945098877}
Thread times [0.7219011783599854, 0.689871072769165, 0.7104330062866211, 0.6556217670440674, 0.8235561847686768, 0.8309018611907959, 0.7258579730987549, 0.6553778648376465, 0.8801770210266113, 0.8362588882446289, 0.8002970218658447, 0.9188308715820312, 0.940824031829834, 0.934934139251709, 0.9566597938537598]
{'args': ((37, 0, slice(0, 960, None), slice(None, None, None)),), 'dataset shape': (40, 11, 1921, 2560), 'dataset chunks': (7, 1, 385, 512), 'indexing time (s)': 7.152557373046875e-07, 'chunk number': 1650, 'reduction time (s)': 12.08229398727417, 'chunks processed': 15, 'storage read (B)': 21287473, 'selection 1 time (s)': 12.082412004470825}
Thread times [0.6962039470672607, 0.661797046661377, 0.7370731830596924, 0.7276742458343506, 0.8017330169677734, 0.7584288120269775, 0.7577369213104248, 0.7599959373474121, 0.7259831428527832, 1.0237979888916016, 0.7703239917755127, 0.7891299724578857, 0.8335862159729004, 0.7560219764709473, 0.7569229602813721]
{'args': ((38, 0, slice(0, 960, None), slice(None, None, None)),), 'dataset shape': (40, 11, 1921, 2560), 'dataset chunks': (7, 1, 385, 512), 'indexing time (s)': 9.5367431640625e-07, 'chunk number': 1650, 'reduction time (s)': 11.55735182762146, 'chunks processed': 15, 'storage read (B)': 21287473, 'selection 1 time (s)': 11.557476997375488}
Thread times [0.7011528015136719, 0.7400617599487305, 0.7763378620147705, 0.7361202239990234, 0.8152830600738525, 0.7640798091888428, 0.8114562034606934, 0.7529809474945068, 0.8322567939758301, 0.7107610702514648, 0.7284150123596191, 0.7991747856140137, 1.8497419357299805, 0.955064058303833, 0.8345441818237305]
{'args': ((39, 0, slice(0, 960, None), slice(None, None, None)),), 'dataset shape': (40, 11, 1921, 2560), 'dataset chunks': (7, 1, 385, 512), 'indexing time (s)': 1.1920928955078125e-06, 'chunk number': 1650, 'reduction time (s)': 12.808190822601318, 'chunks processed': 15, 'storage read (B)': 21287473, 'selection 1 time (s)': 12.808292865753174}
[[226.07817708]
 [226.06473958]
 [225.93765625]
 [225.90807292]
 [225.91734375]
 [225.88453125]
 [225.82075521]
 [225.85440104]
 [225.98328125]
 [226.03804687]
 [226.01315104]
 [226.02330729]
 [226.03770833]
 [226.00476563]
 [225.91765625]
 [225.94036458]
 [225.98721354]
 [225.9146875 ]
 [225.81242188]
 [225.81869792]
 [225.84526042]
 [225.78497396]
 [225.63651042]
 [225.55651042]
 [225.45734375]
 [225.32369792]
 [225.16325521]
 [225.07794271]
 [225.07846354]
 [225.10664063]
 [225.17609375]
 [225.36880208]
 [225.57911458]
 [225.69080729]
 [225.72229167]
 [225.82367188]
 [225.93658854]
 [225.96765625]
 [225.91861979]
 [225.9225    ]]
Summary:  Uni24whidch :Local (T1,BS5): 4.36s,445.3s,470.4s
