Dataset loaded from S3 with s3fs and Pyfive: bnl/ch330a.pc19790301-def.nc (0.051,4.4)
Thread times [0.9609930515289307, 0.9387791156768799, 0.8580217361450195, 0.8461151123046875, 0.7382421493530273, 0.8931210041046143, 0.9860281944274902, 0.9265480041503906, 0.9394938945770264, 1.003274917602539, 1.0460388660430908, 1.0833921432495117, 1.5208239555358887, 1.2709288597106934, 1.1193249225616455]
{'load nc time': 5.099608898162842, 'args': ((0, 0, slice(0, 960, None), slice(None, None, None)),), 'dataset shape': (40, 11, 1921, 2560), 'dataset chunks': (7, 1, 385, 512), 'indexing time (s)': 24.474486112594604, 'chunk number': 1650, 'reduction time (s)': 15.132004022598267, 'chunks processed': 15, 'storage read (B)': 29685482, 'selection 1 time (s)': 39.606704235076904}
Thread times [0.809622049331665, 0.8186368942260742, 1.0071330070495605, 0.9325706958770752, 0.8196940422058105, 0.8795220851898193, 0.9955730438232422, 1.086860179901123, 1.168611764907837, 1.0870649814605713, 1.4078259468078613, 1.247960090637207, 0.9775581359863281, 0.9734289646148682, 1.0332350730895996]
{'args': ((1, 0, slice(0, 960, None), slice(None, None, None)),), 'dataset shape': (40, 11, 1921, 2560), 'dataset chunks': (7, 1, 385, 512), 'indexing time (s)': 7.152557373046875e-07, 'chunk number': 1650, 'reduction time (s)': 15.246060848236084, 'chunks processed': 15, 'storage read (B)': 29685482, 'selection 1 time (s)': 15.246188163757324}
Thread times [0.7378060817718506, 0.6620879173278809, 0.9378387928009033, 0.9349818229675293, 0.930474042892456, 1.0900368690490723, 1.1525609493255615, 1.302825927734375, 1.0753681659698486, 1.170759916305542, 1.1024348735809326, 1.3046069145202637, 1.2364881038665771, 1.463561773300171, 1.2212541103363037]
{'args': ((2, 0, slice(0, 960, None), slice(None, None, None)),), 'dataset shape': (40, 11, 1921, 2560), 'dataset chunks': (7, 1, 385, 512), 'indexing time (s)': 9.5367431640625e-07, 'chunk number': 1650, 'reduction time (s)': 16.323843955993652, 'chunks processed': 15, 'storage read (B)': 29685482, 'selection 1 time (s)': 16.323947191238403}
Thread times [0.9713001251220703, 0.9689617156982422, 1.300367832183838, 1.0959501266479492, 0.9855811595916748, 0.9586613178253174, 1.004255771636963, 1.1382789611816406, 1.169264793395996, 1.043227195739746, 1.020427942276001, 0.9895408153533936, 1.0366311073303223, 1.0843830108642578, 1.2912240028381348]
{'args': ((3, 0, slice(0, 960, None), slice(None, None, None)),), 'dataset shape': (40, 11, 1921, 2560), 'dataset chunks': (7, 1, 385, 512), 'indexing time (s)': 7.152557373046875e-07, 'chunk number': 1650, 'reduction time (s)': 16.058813095092773, 'chunks processed': 15, 'storage read (B)': 29685482, 'selection 1 time (s)': 16.05895233154297}
Thread times [1.0396058559417725, 0.7797138690948486, 0.9373931884765625, 0.9308469295501709, 0.9944891929626465, 1.4008162021636963, 1.1896021366119385, 1.3038339614868164, 1.0613210201263428, 0.900123119354248, 1.1485838890075684, 1.226722002029419, 1.083603858947754, 0.9668359756469727, 1.2505207061767578]
{'args': ((4, 0, slice(0, 960, None), slice(None, None, None)),), 'dataset shape': (40, 11, 1921, 2560), 'dataset chunks': (7, 1, 385, 512), 'indexing time (s)': 9.5367431640625e-07, 'chunk number': 1650, 'reduction time (s)': 16.214806079864502, 'chunks processed': 15, 'storage read (B)': 29685482, 'selection 1 time (s)': 16.214900970458984}
Thread times [0.7146871089935303, 0.7089920043945312, 0.8657429218292236, 0.723872184753418, 0.758049726486206, 1.0589289665222168, 1.0580711364746094, 1.2109522819519043, 0.9984571933746338, 1.342360258102417, 1.2083489894866943, 1.1753127574920654, 1.4264860153198242, 1.0908169746398926, 1.5723910331726074]
{'args': ((5, 0, slice(0, 960, None), slice(None, None, None)),), 'dataset shape': (40, 11, 1921, 2560), 'dataset chunks': (7, 1, 385, 512), 'indexing time (s)': 9.5367431640625e-07, 'chunk number': 1650, 'reduction time (s)': 15.914204120635986, 'chunks processed': 15, 'storage read (B)': 29685482, 'selection 1 time (s)': 15.914302110671997}
Thread times [0.9872860908508301, 0.7137937545776367, 0.8458101749420166, 1.2350950241088867, 1.1265058517456055, 1.2050960063934326, 1.077347993850708, 1.4122819900512695, 1.3449211120605469, 1.0044348239898682, 2.1339657306671143, 1.1552090644836426, 1.0283360481262207, 0.9421689510345459, 1.0293679237365723]
{'args': ((6, 0, slice(0, 960, None), slice(None, None, None)),), 'dataset shape': (40, 11, 1921, 2560), 'dataset chunks': (7, 1, 385, 512), 'indexing time (s)': 9.5367431640625e-07, 'chunk number': 1650, 'reduction time (s)': 17.242377996444702, 'chunks processed': 15, 'storage read (B)': 29685482, 'selection 1 time (s)': 17.242478132247925}
Thread times [0.7784571647644043, 0.8274400234222412, 1.0866410732269287, 1.0995590686798096, 0.9736142158508301, 1.043975830078125, 1.111253261566162, 0.9958131313323975, 0.021020174026489258, 0.020249128341674805, 0.8489632606506348, 1.0043282508850098, 1.620081901550293, 1.2226407527923584, 1.0811898708343506]
{'args': ((7, 0, slice(0, 960, None), slice(None, None, None)),), 'dataset shape': (40, 11, 1921, 2560), 'dataset chunks': (7, 1, 385, 512), 'indexing time (s)': 1.1920928955078125e-06, 'chunk number': 1650, 'reduction time (s)': 13.735934972763062, 'chunks processed': 15, 'storage read (B)': 29701892, 'selection 1 time (s)': 13.736040830612183}
Thread times [0.8035976886749268, 0.7128720283508301, 0.7119722366333008, 0.7801132202148438, 1.1085288524627686, 0.9898717403411865, 1.1698129177093506, 1.5562160015106201, 0.026896238327026367, 0.020689964294433594, 1.3128697872161865, 1.035153865814209, 1.1612639427185059, 1.2282497882843018, 1.0537757873535156]
{'args': ((8, 0, slice(0, 960, None), slice(None, None, None)),), 'dataset shape': (40, 11, 1921, 2560), 'dataset chunks': (7, 1, 385, 512), 'indexing time (s)': 9.5367431640625e-07, 'chunk number': 1650, 'reduction time (s)': 13.672708988189697, 'chunks processed': 15, 'storage read (B)': 29701892, 'selection 1 time (s)': 13.672804117202759}
Thread times [1.2943131923675537, 0.7630090713500977, 0.6985962390899658, 0.9171280860900879, 0.9700541496276855, 0.9637777805328369, 0.7404329776763916, 0.7985391616821289, 0.021915674209594727, 0.020657777786254883, 0.8140380382537842, 0.9557170867919922, 0.9224462509155273, 1.1050291061401367, 1.0237760543823242]
{'args': ((9, 0, slice(0, 960, None), slice(None, None, None)),), 'dataset shape': (40, 11, 1921, 2560), 'dataset chunks': (7, 1, 385, 512), 'indexing time (s)': 9.5367431640625e-07, 'chunk number': 1650, 'reduction time (s)': 12.010165214538574, 'chunks processed': 15, 'storage read (B)': 29701892, 'selection 1 time (s)': 12.010266304016113}
Thread times [0.889089822769165, 1.1338460445404053, 1.0622680187225342, 1.2282130718231201, 1.0381839275360107, 0.9617228507995605, 1.386674165725708, 1.2106029987335205, 0.02187204360961914, 0.020771026611328125, 1.0283372402191162, 0.9564559459686279, 1.0503244400024414, 0.8790011405944824, 0.900305986404419]
{'args': ((10, 0, slice(0, 960, None), slice(None, None, None)),), 'dataset shape': (40, 11, 1921, 2560), 'dataset chunks': (7, 1, 385, 512), 'indexing time (s)': 1.1920928955078125e-06, 'chunk number': 1650, 'reduction time (s)': 13.768465995788574, 'chunks processed': 15, 'storage read (B)': 29701892, 'selection 1 time (s)': 13.768561840057373}
Thread times [1.0468719005584717, 0.9305112361907959, 1.3790042400360107, 1.1797139644622803, 1.2016398906707764, 1.0564849376678467, 0.9572949409484863, 1.1316132545471191, 0.01958608627319336, 0.01890110969543457, 0.877521276473999, 0.9306979179382324, 0.8130967617034912, 0.7821218967437744, 0.8190131187438965]
{'args': ((11, 0, slice(0, 960, None), slice(None, None, None)),), 'dataset shape': (40, 11, 1921, 2560), 'dataset chunks': (7, 1, 385, 512), 'indexing time (s)': 0.0, 'chunk number': 1650, 'reduction time (s)': 13.144804954528809, 'chunks processed': 15, 'storage read (B)': 29701892, 'selection 1 time (s)': 13.144899129867554}
Thread times [1.0476012229919434, 0.6104979515075684, 0.5843629837036133, 0.710277795791626, 0.6499719619750977, 0.651961088180542, 0.6784701347351074, 0.6956081390380859, 0.022795915603637695, 0.021252155303955078, 0.5895769596099854, 0.6597051620483398, 0.6626598834991455, 0.7669899463653564, 0.7370960712432861]
{'args': ((12, 0, slice(0, 960, None), slice(None, None, None)),), 'dataset shape': (40, 11, 1921, 2560), 'dataset chunks': (7, 1, 385, 512), 'indexing time (s)': 9.5367431640625e-07, 'chunk number': 1650, 'reduction time (s)': 9.089660882949829, 'chunks processed': 15, 'storage read (B)': 29701892, 'selection 1 time (s)': 9.08975887298584}
Thread times [0.5745840072631836, 0.5028369426727295, 0.5844700336456299, 0.6576550006866455, 0.7000439167022705, 0.5531191825866699, 0.6591789722442627, 0.8233158588409424, 0.02140498161315918, 0.021044015884399414, 0.7197659015655518, 0.7295360565185547, 0.8109679222106934, 0.7287368774414062, 0.6790459156036377]
{'args': ((13, 0, slice(0, 960, None), slice(None, None, None)),), 'dataset shape': (40, 11, 1921, 2560), 'dataset chunks': (7, 1, 385, 512), 'indexing time (s)': 9.5367431640625e-07, 'chunk number': 1650, 'reduction time (s)': 8.766509056091309, 'chunks processed': 15, 'storage read (B)': 29701892, 'selection 1 time (s)': 8.766609191894531}
Thread times [0.5490469932556152, 0.6506717205047607, 0.7006411552429199, 0.7039902210235596, 0.742790937423706, 0.9185788631439209, 0.884282112121582, 0.8212170600891113, 0.0203859806060791, 1.0382537841796875, 0.7997331619262695, 0.9216082096099854, 0.8095591068267822, 0.7956709861755371, 0.883091926574707]
{'args': ((14, 0, slice(0, 960, None), slice(None, None, None)),), 'dataset shape': (40, 11, 1921, 2560), 'dataset chunks': (7, 1, 385, 512), 'indexing time (s)': 9.5367431640625e-07, 'chunk number': 1650, 'reduction time (s)': 11.240252017974854, 'chunks processed': 15, 'storage read (B)': 29733505, 'selection 1 time (s)': 11.240349054336548}
Thread times [0.6407909393310547, 0.709691047668457, 0.7915730476379395, 0.7009949684143066, 0.6113216876983643, 0.791813850402832, 0.8443739414215088, 0.8796451091766357, 0.036650896072387695, 0.755364179611206, 0.7488279342651367, 0.793212890625, 0.8250422477722168, 0.8667380809783936, 0.754108190536499]
{'args': ((15, 0, slice(0, 960, None), slice(None, None, None)),), 'dataset shape': (40, 11, 1921, 2560), 'dataset chunks': (7, 1, 385, 512), 'indexing time (s)': 1.1920928955078125e-06, 'chunk number': 1650, 'reduction time (s)': 10.751585006713867, 'chunks processed': 15, 'storage read (B)': 29733505, 'selection 1 time (s)': 10.751692056655884}
Thread times [0.6508288383483887, 0.7063660621643066, 0.7099289894104004, 0.6885530948638916, 0.6339929103851318, 0.9205949306488037, 0.8755788803100586, 0.807528018951416, 0.01906585693359375, 1.8713359832763672, 0.7319049835205078, 0.7793159484863281, 0.6780939102172852, 0.6665780544281006, 0.7844750881195068]
{'args': ((16, 0, slice(0, 960, None), slice(None, None, None)),), 'dataset shape': (40, 11, 1921, 2560), 'dataset chunks': (7, 1, 385, 512), 'indexing time (s)': 1.1920928955078125e-06, 'chunk number': 1650, 'reduction time (s)': 11.524933815002441, 'chunks processed': 15, 'storage read (B)': 29733505, 'selection 1 time (s)': 11.52504014968872}
Thread times [0.720329999923706, 0.7104592323303223, 0.6510961055755615, 0.6032059192657471, 0.6172070503234863, 0.7155070304870605, 0.7586870193481445, 1.1882569789886475, 0.019487857818603516, 3.2909281253814697, 2.7068333625793457, 3.2951953411102295, 2.2628700733184814, 2.8478832244873047, 0.9686670303344727]
{'args': ((17, 0, slice(0, 960, None), slice(None, None, None)),), 'dataset shape': (40, 11, 1921, 2560), 'dataset chunks': (7, 1, 385, 512), 'indexing time (s)': 9.5367431640625e-07, 'chunk number': 1650, 'reduction time (s)': 21.357393980026245, 'chunks processed': 15, 'storage read (B)': 29733505, 'selection 1 time (s)': 21.357508897781372}
Thread times [0.6143288612365723, 0.6315231323242188, 0.6683483123779297, 0.7443890571594238, 0.6694860458374023, 0.8582940101623535, 0.8854219913482666, 0.8643839359283447, 0.02207016944885254, 0.7590010166168213, 0.7157251834869385, 0.8919370174407959, 0.7219362258911133, 0.88167405128479, 0.8167839050292969]
{'args': ((18, 0, slice(0, 960, None), slice(None, None, None)),), 'dataset shape': (40, 11, 1921, 2560), 'dataset chunks': (7, 1, 385, 512), 'indexing time (s)': 1.1920928955078125e-06, 'chunk number': 1650, 'reduction time (s)': 10.746149063110352, 'chunks processed': 15, 'storage read (B)': 29733505, 'selection 1 time (s)': 10.746258020401001}
Thread times [0.6186292171478271, 0.6204981803894043, 0.726409912109375, 0.7853751182556152, 0.730675220489502, 0.901526927947998, 0.8056597709655762, 0.82171630859375, 0.02049088478088379, 0.8856639862060547, 1.3889968395233154, 0.8467121124267578, 0.8222100734710693, 0.8559539318084717, 0.9299371242523193]
{'args': ((19, 0, slice(0, 960, None), slice(None, None, None)),), 'dataset shape': (40, 11, 1921, 2560), 'dataset chunks': (7, 1, 385, 512), 'indexing time (s)': 9.5367431640625e-07, 'chunk number': 1650, 'reduction time (s)': 11.761506080627441, 'chunks processed': 15, 'storage read (B)': 29733505, 'selection 1 time (s)': 11.761648178100586}
Thread times [0.6817018985748291, 0.6770188808441162, 0.7116591930389404, 0.8100378513336182, 0.8721208572387695, 0.9131498336791992, 0.9108638763427734, 0.8819127082824707, 0.02460789680480957, 0.7738549709320068, 0.8473138809204102, 0.9125339984893799, 0.8674271106719971, 0.7299890518188477, 0.823127031326294]
{'args': ((20, 0, slice(0, 960, None), slice(None, None, None)),), 'dataset shape': (40, 11, 1921, 2560), 'dataset chunks': (7, 1, 385, 512), 'indexing time (s)': 1.9073486328125e-06, 'chunk number': 1650, 'reduction time (s)': 11.438135147094727, 'chunks processed': 15, 'storage read (B)': 29733505, 'selection 1 time (s)': 11.43824815750122}
Thread times [0.6933963298797607, 0.6179718971252441, 0.6310231685638428, 0.017947912216186523, 0.017852067947387695, 0.8681941032409668, 0.9412999153137207, 0.8755052089691162, 0.6099498271942139, 0.6523799896240234, 0.7537641525268555, 0.6592350006103516, 0.8226139545440674, 0.8738729953765869, 0.019761085510253906]
{'args': ((21, 0, slice(0, 960, None), slice(None, None, None)),), 'dataset shape': (40, 11, 1921, 2560), 'dataset chunks': (7, 1, 385, 512), 'indexing time (s)': 1.1920928955078125e-06, 'chunk number': 1650, 'reduction time (s)': 9.05548906326294, 'chunks processed': 15, 'storage read (B)': 29686785, 'selection 1 time (s)': 9.055586814880371}
Thread times [0.7162380218505859, 0.6308763027191162, 0.6511600017547607, 0.01776599884033203, 0.017833948135375977, 0.8458421230316162, 0.7598073482513428, 1.2824950218200684, 1.0260860919952393, 0.7491097450256348, 0.7411999702453613, 0.7966141700744629, 1.9255280494689941, 0.8026871681213379, 0.021284818649291992]
{'args': ((22, 0, slice(0, 960, None), slice(None, None, None)),), 'dataset shape': (40, 11, 1921, 2560), 'dataset chunks': (7, 1, 385, 512), 'indexing time (s)': 0.0, 'chunk number': 1650, 'reduction time (s)': 10.985289096832275, 'chunks processed': 15, 'storage read (B)': 29686785, 'selection 1 time (s)': 10.985390663146973}
Thread times [0.5772490501403809, 0.6815991401672363, 0.776303768157959, 0.015929222106933594, 0.01622796058654785, 0.8471221923828125, 0.7634968757629395, 0.9109323024749756, 0.7726318836212158, 0.8284268379211426, 0.9441800117492676, 0.7738430500030518, 0.9253950119018555, 1.1016850471496582, 0.020606040954589844]
{'args': ((23, 0, slice(0, 960, None), slice(None, None, None)),), 'dataset shape': (40, 11, 1921, 2560), 'dataset chunks': (7, 1, 385, 512), 'indexing time (s)': 9.5367431640625e-07, 'chunk number': 1650, 'reduction time (s)': 9.956305265426636, 'chunks processed': 15, 'storage read (B)': 29686785, 'selection 1 time (s)': 9.956430196762085}
Thread times [0.6321008205413818, 0.6939620971679688, 0.8549067974090576, 0.01857304573059082, 0.017014026641845703, 0.984112024307251, 0.8849968910217285, 0.9095261096954346, 0.835172176361084, 0.8826560974121094, 0.7476210594177246, 0.7421631813049316, 0.822551965713501, 0.795891284942627, 0.02061605453491211]
{'args': ((24, 0, slice(0, 960, None), slice(None, None, None)),), 'dataset shape': (40, 11, 1921, 2560), 'dataset chunks': (7, 1, 385, 512), 'indexing time (s)': 1.1920928955078125e-06, 'chunk number': 1650, 'reduction time (s)': 9.842797040939331, 'chunks processed': 15, 'storage read (B)': 29686785, 'selection 1 time (s)': 9.842895984649658}
Thread times [0.6604349613189697, 0.6008977890014648, 0.7577841281890869, 0.01857900619506836, 0.018548965454101562, 0.7962460517883301, 0.84539794921875, 0.783937931060791, 0.7906732559204102, 0.7677230834960938, 0.8269460201263428, 0.7652111053466797, 0.9054429531097412, 0.9568760395050049, 0.020895004272460938]
{'args': ((25, 0, slice(0, 960, None), slice(None, None, None)),), 'dataset shape': (40, 11, 1921, 2560), 'dataset chunks': (7, 1, 385, 512), 'indexing time (s)': 9.5367431640625e-07, 'chunk number': 1650, 'reduction time (s)': 9.51629114151001, 'chunks processed': 15, 'storage read (B)': 29686785, 'selection 1 time (s)': 9.516387701034546}
Thread times [0.6851580142974854, 0.6947059631347656, 0.8013260364532471, 0.017496824264526367, 0.01633906364440918, 0.8542852401733398, 0.8906948566436768, 0.9510300159454346, 0.8634738922119141, 0.8054370880126953, 0.7821910381317139, 0.7747950553894043, 0.9542121887207031, 0.8646190166473389, 0.022274017333984375]
{'args': ((26, 0, slice(0, 960, None), slice(None, None, None)),), 'dataset shape': (40, 11, 1921, 2560), 'dataset chunks': (7, 1, 385, 512), 'indexing time (s)': 9.5367431640625e-07, 'chunk number': 1650, 'reduction time (s)': 9.978787899017334, 'chunks processed': 15, 'storage read (B)': 29686785, 'selection 1 time (s)': 9.978888988494873}
Thread times [1.722594976425171, 0.6227259635925293, 0.7474710941314697, 0.016786813735961914, 0.01718306541442871, 0.8677711486816406, 0.7607660293579102, 0.8480031490325928, 0.7569921016693115, 0.8388512134552002, 0.7530579566955566, 0.7510280609130859, 1.0150179862976074, 0.9126632213592529, 0.023078203201293945]
{'args': ((27, 0, slice(0, 960, None), slice(None, None, None)),), 'dataset shape': (40, 11, 1921, 2560), 'dataset chunks': (7, 1, 385, 512), 'indexing time (s)': 9.5367431640625e-07, 'chunk number': 1650, 'reduction time (s)': 10.654714107513428, 'chunks processed': 15, 'storage read (B)': 29686785, 'selection 1 time (s)': 10.654815196990967}
Thread times [0.7234351634979248, 0.6977920532226562, 0.7501058578491211, 0.6217820644378662, 0.8563189506530762, 0.8142032623291016, 0.022730112075805664, 0.8130428791046143, 0.02266073226928711, 0.8685450553894043, 0.8017141819000244, 0.8883183002471924, 0.9567830562591553, 0.7342667579650879, 0.9188201427459717]
{'args': ((28, 0, slice(0, 960, None), slice(None, None, None)),), 'dataset shape': (40, 11, 1921, 2560), 'dataset chunks': (7, 1, 385, 512), 'indexing time (s)': 9.5367431640625e-07, 'chunk number': 1650, 'reduction time (s)': 10.491276025772095, 'chunks processed': 15, 'storage read (B)': 29670387, 'selection 1 time (s)': 10.491376876831055}
Thread times [0.6857879161834717, 0.6398270130157471, 0.8297719955444336, 0.7271039485931396, 0.7625441551208496, 0.8594601154327393, 0.0214691162109375, 0.7573328018188477, 0.022705078125, 0.6903669834136963, 0.8302221298217773, 1.0262598991394043, 0.8830008506774902, 0.7868249416351318, 0.7846920490264893]
{'args': ((29, 0, slice(0, 960, None), slice(None, None, None)),), 'dataset shape': (40, 11, 1921, 2560), 'dataset chunks': (7, 1, 385, 512), 'indexing time (s)': 9.5367431640625e-07, 'chunk number': 1650, 'reduction time (s)': 10.308091163635254, 'chunks processed': 15, 'storage read (B)': 29670387, 'selection 1 time (s)': 10.308193922042847}
Thread times [0.7022080421447754, 0.6222457885742188, 0.8232200145721436, 0.6731679439544678, 0.7740731239318848, 0.8768420219421387, 0.021693944931030273, 0.8545651435852051, 0.023307085037231445, 0.8479001522064209, 0.7111301422119141, 0.8081238269805908, 0.8487918376922607, 0.9956908226013184, 0.8381941318511963]
{'args': ((30, 0, slice(0, 960, None), slice(None, None, None)),), 'dataset shape': (40, 11, 1921, 2560), 'dataset chunks': (7, 1, 385, 512), 'indexing time (s)': 9.5367431640625e-07, 'chunk number': 1650, 'reduction time (s)': 10.421935081481934, 'chunks processed': 15, 'storage read (B)': 29670387, 'selection 1 time (s)': 10.422035217285156}
Thread times [0.7706058025360107, 0.6231191158294678, 0.7044641971588135, 0.8333020210266113, 0.6768829822540283, 0.8208239078521729, 0.02456068992614746, 1.0890121459960938, 0.024508953094482422, 0.8505442142486572, 0.904181957244873, 0.915485143661499, 0.8834891319274902, 0.9399220943450928, 0.896899938583374]
{'args': ((31, 0, slice(0, 960, None), slice(None, None, None)),), 'dataset shape': (40, 11, 1921, 2560), 'dataset chunks': (7, 1, 385, 512), 'indexing time (s)': 0.0, 'chunk number': 1650, 'reduction time (s)': 10.958584785461426, 'chunks processed': 15, 'storage read (B)': 29670387, 'selection 1 time (s)': 10.958685874938965}
Thread times [0.6586310863494873, 0.6436307430267334, 0.6666440963745117, 0.870617151260376, 0.8170781135559082, 0.883098840713501, 0.023593902587890625, 0.8848319053649902, 0.023006916046142578, 0.9021768569946289, 0.9183228015899658, 0.880101203918457, 0.8832061290740967, 0.8127970695495605, 0.8758087158203125]
{'args': ((32, 0, slice(0, 960, None), slice(None, None, None)),), 'dataset shape': (40, 11, 1921, 2560), 'dataset chunks': (7, 1, 385, 512), 'indexing time (s)': 7.152557373046875e-07, 'chunk number': 1650, 'reduction time (s)': 10.744351148605347, 'chunks processed': 15, 'storage read (B)': 29670387, 'selection 1 time (s)': 10.744454145431519}
Thread times [0.6353559494018555, 0.7403268814086914, 0.674921989440918, 0.6559867858886719, 0.8016908168792725, 0.7770271301269531, 0.025809288024902344, 0.8142597675323486, 0.025415897369384766, 0.9076712131500244, 0.7514059543609619, 0.8961911201477051, 0.8726260662078857, 0.7019639015197754, 0.6985559463500977]
{'args': ((33, 0, slice(0, 960, None), slice(None, None, None)),), 'dataset shape': (40, 11, 1921, 2560), 'dataset chunks': (7, 1, 385, 512), 'indexing time (s)': 9.5367431640625e-07, 'chunk number': 1650, 'reduction time (s)': 9.980049848556519, 'chunks processed': 15, 'storage read (B)': 29670387, 'selection 1 time (s)': 9.980163812637329}
Thread times [0.8888483047485352, 0.6140148639678955, 0.7793838977813721, 0.655771017074585, 0.8003940582275391, 0.9133827686309814, 0.022881031036376953, 0.7672171592712402, 0.023285865783691406, 0.730755090713501, 0.6381587982177734, 0.8735110759735107, 0.8266980648040771, 0.8047270774841309, 0.8458960056304932]
{'args': ((34, 0, slice(0, 960, None), slice(None, None, None)),), 'dataset shape': (40, 11, 1921, 2560), 'dataset chunks': (7, 1, 385, 512), 'indexing time (s)': 9.5367431640625e-07, 'chunk number': 1650, 'reduction time (s)': 10.185794115066528, 'chunks processed': 15, 'storage read (B)': 29670387, 'selection 1 time (s)': 10.18591594696045}
Thread times [0.6004741191864014, 0.6139979362487793, 0.6987800598144531, 0.6102800369262695, 0.697566032409668, 0.90494704246521, 0.8136701583862305, 1.1226801872253418, 0.7243099212646484, 0.7995009422302246, 0.7056677341461182, 0.6840729713439941, 1.0358781814575195, 0.6178867816925049, 0.7444608211517334]
{'args': ((35, 0, slice(0, 960, None), slice(None, None, None)),), 'dataset shape': (40, 11, 1921, 2560), 'dataset chunks': (7, 1, 385, 512), 'indexing time (s)': 9.5367431640625e-07, 'chunk number': 1650, 'reduction time (s)': 11.375005006790161, 'chunks processed': 15, 'storage read (B)': 21287473, 'selection 1 time (s)': 11.375104665756226}
Thread times [0.9429030418395996, 0.644644021987915, 0.6536269187927246, 0.6018002033233643, 1.3106317520141602, 0.6584999561309814, 0.7118411064147949, 0.6713216304779053, 0.8069770336151123, 0.8559219837188721, 0.7014138698577881, 0.6840927600860596, 0.8050031661987305, 0.6884951591491699, 0.6548929214477539]
{'args': ((36, 0, slice(0, 960, None), slice(None, None, None)),), 'dataset shape': (40, 11, 1921, 2560), 'dataset chunks': (7, 1, 385, 512), 'indexing time (s)': 1.1920928955078125e-06, 'chunk number': 1650, 'reduction time (s)': 11.393159866333008, 'chunks processed': 15, 'storage read (B)': 21287473, 'selection 1 time (s)': 11.393265962600708}
Thread times [0.6318309307098389, 0.633742094039917, 0.6318669319152832, 0.5538709163665771, 0.5989189147949219, 0.7521381378173828, 0.7445099353790283, 0.7290890216827393, 0.6733710765838623, 1.1652288436889648, 0.616642951965332, 0.5934867858886719, 0.6646568775177002, 0.6000268459320068, 1.1721351146697998]
{'args': ((37, 0, slice(0, 960, None), slice(None, None, None)),), 'dataset shape': (40, 11, 1921, 2560), 'dataset chunks': (7, 1, 385, 512), 'indexing time (s)': 0.0, 'chunk number': 1650, 'reduction time (s)': 10.76231598854065, 'chunks processed': 15, 'storage read (B)': 21287473, 'selection 1 time (s)': 10.76242184638977}
Thread times [0.5458192825317383, 0.7981390953063965, 0.5953547954559326, 0.5939579010009766, 0.7853460311889648, 0.7531020641326904, 0.6655008792877197, 0.7149126529693604, 0.7895231246948242, 0.7922980785369873, 0.736292839050293, 0.6534271240234375, 0.6941843032836914, 0.7188389301300049, 0.6708838939666748]
{'args': ((38, 0, slice(0, 960, None), slice(None, None, None)),), 'dataset shape': (40, 11, 1921, 2560), 'dataset chunks': (7, 1, 385, 512), 'indexing time (s)': 9.5367431640625e-07, 'chunk number': 1650, 'reduction time (s)': 10.508352994918823, 'chunks processed': 15, 'storage read (B)': 21287473, 'selection 1 time (s)': 10.50846004486084}
Thread times [0.6591839790344238, 0.6982426643371582, 0.7726268768310547, 0.6204349994659424, 0.7237250804901123, 0.7857739925384521, 0.8363780975341797, 0.736799955368042, 0.7885010242462158, 0.7560970783233643, 0.660031795501709, 0.7779378890991211, 0.8206799030303955, 0.8405559062957764, 0.8599071502685547]
{'args': ((39, 0, slice(0, 960, None), slice(None, None, None)),), 'dataset shape': (40, 11, 1921, 2560), 'dataset chunks': (7, 1, 385, 512), 'indexing time (s)': 9.5367431640625e-07, 'chunk number': 1650, 'reduction time (s)': 11.337692260742188, 'chunks processed': 15, 'storage read (B)': 21287473, 'selection 1 time (s)': 11.337800025939941}
[[226.07817708]
 [226.06473958]
 [225.93765625]
 [225.90807292]
 [225.91734375]
 [225.88453125]
 [225.82075521]
 [225.85440104]
 [225.98328125]
 [226.03804687]
 [226.01315104]
 [226.02330729]
 [226.03770833]
 [226.00476563]
 [225.91765625]
 [225.94036458]
 [225.98721354]
 [225.9146875 ]
 [225.81242188]
 [225.81869792]
 [225.84526042]
 [225.78497396]
 [225.63651042]
 [225.55651042]
 [225.45734375]
 [225.32369792]
 [225.16325521]
 [225.07794271]
 [225.07846354]
 [225.10664063]
 [225.17609375]
 [225.36880208]
 [225.57911458]
 [225.69080729]
 [225.72229167]
 [225.82367188]
 [225.93658854]
 [225.96765625]
 [225.91861979]
 [225.9225    ]]
Summary:  Uni24whidch :Local (T1,BS5): 5.1s,483.6s,513.2s
