Dataset loaded from S3 with s3fs and Pyfive: bnl/ch330a.pc19790301-def.nc (0.06,3.7)
Thread times [0.12098574638366699, 0.0830841064453125, 0.07873296737670898, 0.0734720230102539, 0.10238504409790039, 0.10424280166625977, 0.17565679550170898, 0.2403721809387207, 0.29968810081481934, 0.08922815322875977, 0.09455490112304688, 0.3278980255126953, 0.09179377555847168, 0.09432697296142578, 0.08775663375854492]
{'load nc time': 4.339919805526733, 'args': ((0, 0, slice(0, 960, None), slice(None, None, None)),), 'dataset shape': (40, 11, 1921, 2560), 'dataset chunks': (7, 1, 385, 512), 'indexing time (s)': 17.42193627357483, 'chunk number': 1650, 'reduction time (s)': 2.0658979415893555, 'chunks processed': 15, 'storage read (B)': 29685482, 'selection 2 time (s)': 19.49008584022522}
Thread times [0.08922171592712402, 0.05592012405395508, 0.06870341300964355, 0.0699007511138916, 0.11067700386047363, 0.12119603157043457, 0.10390830039978027, 0.08173918724060059, 0.3516418933868408, 0.0894620418548584, 0.08963513374328613, 0.33510398864746094, 0.10201215744018555, 0.09698081016540527, 0.10079002380371094]
{'args': ((1, 0, slice(0, 960, None), slice(None, None, None)),), 'dataset shape': (40, 11, 1921, 2560), 'dataset chunks': (7, 1, 385, 512), 'indexing time (s)': 2.1457672119140625e-06, 'chunk number': 1650, 'reduction time (s)': 1.8686878681182861, 'chunks processed': 15, 'storage read (B)': 29685482, 'selection 2 time (s)': 1.8714921474456787}
Thread times [0.09909892082214355, 0.06820821762084961, 0.08501410484313965, 0.06760978698730469, 0.10940098762512207, 0.09412527084350586, 0.12230396270751953, 0.12651491165161133, 0.25185203552246094, 0.13155364990234375, 0.09746909141540527, 0.25915980339050293, 0.10759902000427246, 0.10225296020507812, 0.09123992919921875]
{'args': ((2, 0, slice(0, 960, None), slice(None, None, None)),), 'dataset shape': (40, 11, 1921, 2560), 'dataset chunks': (7, 1, 385, 512), 'indexing time (s)': 2.1457672119140625e-06, 'chunk number': 1650, 'reduction time (s)': 1.8150289058685303, 'chunks processed': 15, 'storage read (B)': 29685482, 'selection 2 time (s)': 1.8182590007781982}
Thread times [0.09405112266540527, 0.05877089500427246, 0.06764507293701172, 0.08639931678771973, 0.08804678916931152, 0.1031959056854248, 0.09641385078430176, 0.12024617195129395, 0.33522796630859375, 0.18181300163269043, 0.09727907180786133, 0.23233270645141602, 0.0879521369934082, 0.08918118476867676, 0.10740780830383301]
{'args': ((3, 0, slice(0, 960, None), slice(None, None, None)),), 'dataset shape': (40, 11, 1921, 2560), 'dataset chunks': (7, 1, 385, 512), 'indexing time (s)': 1.9073486328125e-06, 'chunk number': 1650, 'reduction time (s)': 1.847445011138916, 'chunks processed': 15, 'storage read (B)': 29685482, 'selection 2 time (s)': 1.850653886795044}
Thread times [0.11288189888000488, 0.06670188903808594, 0.07532882690429688, 0.06751012802124023, 0.0981299877166748, 0.10225296020507812, 0.08325409889221191, 0.09421396255493164, 0.3426389694213867, 0.08688998222351074, 0.10772418975830078, 0.2644631862640381, 0.09820914268493652, 0.11292529106140137, 0.08734679222106934]
{'args': ((4, 0, slice(0, 960, None), slice(None, None, None)),), 'dataset shape': (40, 11, 1921, 2560), 'dataset chunks': (7, 1, 385, 512), 'indexing time (s)': 1.9073486328125e-06, 'chunk number': 1650, 'reduction time (s)': 1.8019049167633057, 'chunks processed': 15, 'storage read (B)': 29685482, 'selection 2 time (s)': 1.8046610355377197}
Thread times [0.09862995147705078, 0.05712890625, 0.07508993148803711, 0.06435489654541016, 0.08910393714904785, 0.1035909652709961, 0.08431315422058105, 0.11028790473937988, 0.23862099647521973, 0.08295702934265137, 0.09821796417236328, 0.2873661518096924, 0.08700108528137207, 0.0859520435333252, 0.08705377578735352]
{'args': ((5, 0, slice(0, 960, None), slice(None, None, None)),), 'dataset shape': (40, 11, 1921, 2560), 'dataset chunks': (7, 1, 385, 512), 'indexing time (s)': 2.1457672119140625e-06, 'chunk number': 1650, 'reduction time (s)': 1.650580883026123, 'chunks processed': 15, 'storage read (B)': 29685482, 'selection 2 time (s)': 1.6524081230163574}
Thread times [0.09584617614746094, 0.05775094032287598, 0.0687260627746582, 0.06315302848815918, 0.08141374588012695, 0.13352084159851074, 0.08157539367675781, 0.08324098587036133, 0.30177903175354004, 0.10737490653991699, 0.09488296508789062, 0.3083467483520508, 0.0914449691772461, 0.08715701103210449, 0.11613607406616211]
{'args': ((6, 0, slice(0, 960, None), slice(None, None, None)),), 'dataset shape': (40, 11, 1921, 2560), 'dataset chunks': (7, 1, 385, 512), 'indexing time (s)': 9.5367431640625e-07, 'chunk number': 1650, 'reduction time (s)': 1.7738029956817627, 'chunks processed': 15, 'storage read (B)': 29685482, 'selection 2 time (s)': 1.7760441303253174}
Thread times [0.09018325805664062, 0.07482123374938965, 0.07338976860046387, 0.09058594703674316, 0.08122491836547852, 0.09211230278015137, 0.08935213088989258, 0.09123516082763672, 0.3511509895324707, 0.19199919700622559, 0.09009289741516113, 0.143416166305542, 0.10448598861694336, 0.11916589736938477, 0.10781097412109375]
{'args': ((7, 0, slice(0, 960, None), slice(None, None, None)),), 'dataset shape': (40, 11, 1921, 2560), 'dataset chunks': (7, 1, 385, 512), 'indexing time (s)': 1.6689300537109375e-06, 'chunk number': 1650, 'reduction time (s)': 1.7923250198364258, 'chunks processed': 15, 'storage read (B)': 29701892, 'selection 2 time (s)': 1.7933979034423828}
Thread times [0.11895394325256348, 0.060858964920043945, 0.0917050838470459, 0.08109211921691895, 0.08672475814819336, 0.18549680709838867, 0.10248684883117676, 0.0877678394317627, 0.23619985580444336, 0.09829020500183105, 0.09710502624511719, 0.09110021591186523, 0.10045528411865234, 0.09601497650146484, 0.15699481964111328]
{'args': ((8, 0, slice(0, 960, None), slice(None, None, None)),), 'dataset shape': (40, 11, 1921, 2560), 'dataset chunks': (7, 1, 385, 512), 'indexing time (s)': 1.1920928955078125e-06, 'chunk number': 1650, 'reduction time (s)': 1.6927318572998047, 'chunks processed': 15, 'storage read (B)': 29701892, 'selection 2 time (s)': 1.6956028938293457}
Thread times [0.09463787078857422, 0.05771064758300781, 0.08733081817626953, 0.08236098289489746, 0.07948017120361328, 0.08725094795227051, 0.1398930549621582, 0.10979104042053223, 0.22991609573364258, 0.08870506286621094, 0.08891677856445312, 0.1445779800415039, 0.0913858413696289, 0.08527612686157227, 0.10762810707092285]
{'args': ((9, 0, slice(0, 960, None), slice(None, None, None)),), 'dataset shape': (40, 11, 1921, 2560), 'dataset chunks': (7, 1, 385, 512), 'indexing time (s)': 2.1457672119140625e-06, 'chunk number': 1650, 'reduction time (s)': 1.5763609409332275, 'chunks processed': 15, 'storage read (B)': 29701892, 'selection 2 time (s)': 1.5794360637664795}
Thread times [0.14418816566467285, 0.08461904525756836, 0.08524608612060547, 0.10138082504272461, 0.11971211433410645, 0.11753177642822266, 0.11395812034606934, 0.08378911018371582, 0.3360722064971924, 0.14162302017211914, 0.09212803840637207, 0.10396695137023926, 0.08832097053527832, 0.08975505828857422, 0.10003995895385742]
{'args': ((10, 0, slice(0, 960, None), slice(None, None, None)),), 'dataset shape': (40, 11, 1921, 2560), 'dataset chunks': (7, 1, 385, 512), 'indexing time (s)': 1.9073486328125e-06, 'chunk number': 1650, 'reduction time (s)': 1.8039989471435547, 'chunks processed': 15, 'storage read (B)': 29701892, 'selection 2 time (s)': 1.8070991039276123}
Thread times [0.09681320190429688, 0.06251716613769531, 0.08607888221740723, 0.08258891105651855, 0.08372116088867188, 0.09029793739318848, 0.1443181037902832, 0.09884881973266602, 0.27104997634887695, 0.0902400016784668, 0.08465719223022461, 0.09354209899902344, 0.08886504173278809, 0.10342574119567871, 0.09329009056091309]
{'args': ((11, 0, slice(0, 960, None), slice(None, None, None)),), 'dataset shape': (40, 11, 1921, 2560), 'dataset chunks': (7, 1, 385, 512), 'indexing time (s)': 1.9073486328125e-06, 'chunk number': 1650, 'reduction time (s)': 1.5718121528625488, 'chunks processed': 15, 'storage read (B)': 29701892, 'selection 2 time (s)': 1.5743012428283691}
Thread times [0.09998798370361328, 0.0532989501953125, 0.08713793754577637, 0.0915231704711914, 0.08060503005981445, 0.09699511528015137, 0.12810397148132324, 0.08011913299560547, 0.363969087600708, 0.17775893211364746, 0.07739973068237305, 0.12938284873962402, 0.07984209060668945, 0.09219193458557129, 0.09187602996826172]
{'args': ((12, 0, slice(0, 960, None), slice(None, None, None)),), 'dataset shape': (40, 11, 1921, 2560), 'dataset chunks': (7, 1, 385, 512), 'indexing time (s)': 2.1457672119140625e-06, 'chunk number': 1650, 'reduction time (s)': 1.7321841716766357, 'chunks processed': 15, 'storage read (B)': 29701892, 'selection 2 time (s)': 1.7346949577331543}
Thread times [0.11133217811584473, 0.06357789039611816, 0.0958411693572998, 0.08793401718139648, 0.08070707321166992, 0.1139981746673584, 0.11047816276550293, 0.14141607284545898, 0.2833380699157715, 0.12743496894836426, 0.1793348789215088, 0.09487104415893555, 0.08731794357299805, 0.11269879341125488, 0.13365793228149414]
{'args': ((13, 0, slice(0, 960, None), slice(None, None, None)),), 'dataset shape': (40, 11, 1921, 2560), 'dataset chunks': (7, 1, 385, 512), 'indexing time (s)': 1.9073486328125e-06, 'chunk number': 1650, 'reduction time (s)': 1.8251798152923584, 'chunks processed': 15, 'storage read (B)': 29701892, 'selection 2 time (s)': 1.8261628150939941}
Thread times [0.08272910118103027, 0.07636570930480957, 0.08965802192687988, 0.09769392013549805, 0.0843820571899414, 0.09640383720397949, 0.09523320198059082, 0.10012578964233398, 0.279282808303833, 0.11358308792114258, 0.08610081672668457, 0.09906697273254395, 0.10563206672668457, 0.10442996025085449, 0.09540915489196777]
{'args': ((14, 0, slice(0, 960, None), slice(None, None, None)),), 'dataset shape': (40, 11, 1921, 2560), 'dataset chunks': (7, 1, 385, 512), 'indexing time (s)': 9.5367431640625e-07, 'chunk number': 1650, 'reduction time (s)': 1.6074862480163574, 'chunks processed': 15, 'storage read (B)': 29733505, 'selection 2 time (s)': 1.6104469299316406}
Thread times [0.1018209457397461, 0.07667899131774902, 0.08447504043579102, 0.19487786293029785, 0.08731818199157715, 0.08470916748046875, 0.11368513107299805, 0.0955190658569336, 0.2685999870300293, 0.09026813507080078, 0.08487105369567871, 0.08829593658447266, 0.0913231372833252, 0.08981823921203613, 0.09680795669555664]
{'args': ((15, 0, slice(0, 960, None), slice(None, None, None)),), 'dataset shape': (40, 11, 1921, 2560), 'dataset chunks': (7, 1, 385, 512), 'indexing time (s)': 1.9073486328125e-06, 'chunk number': 1650, 'reduction time (s)': 1.6504731178283691, 'chunks processed': 15, 'storage read (B)': 29733505, 'selection 2 time (s)': 1.6527800559997559}
Thread times [0.1295759677886963, 0.06462883949279785, 0.09500598907470703, 0.08076000213623047, 0.08583807945251465, 0.1121211051940918, 0.12270379066467285, 0.10600399971008301, 0.3224599361419678, 0.3134322166442871, 0.09926390647888184, 0.130112886428833, 0.08771204948425293, 0.09359407424926758, 0.1458280086517334]
{'args': ((16, 0, slice(0, 960, None), slice(None, None, None)),), 'dataset shape': (40, 11, 1921, 2560), 'dataset chunks': (7, 1, 385, 512), 'indexing time (s)': 1.9073486328125e-06, 'chunk number': 1650, 'reduction time (s)': 1.9906177520751953, 'chunks processed': 15, 'storage read (B)': 29733505, 'selection 2 time (s)': 1.9933409690856934}
Thread times [0.08389687538146973, 0.09372305870056152, 0.0672309398651123, 0.08527803421020508, 0.09515690803527832, 0.09921097755432129, 0.15209603309631348, 0.09700512886047363, 0.2760603427886963, 0.08659696578979492, 0.08297419548034668, 0.08583331108093262, 0.09190106391906738, 0.11518502235412598, 0.09507918357849121]
{'args': ((17, 0, slice(0, 960, None), slice(None, None, None)),), 'dataset shape': (40, 11, 1921, 2560), 'dataset chunks': (7, 1, 385, 512), 'indexing time (s)': 1.9073486328125e-06, 'chunk number': 1650, 'reduction time (s)': 1.6086671352386475, 'chunks processed': 15, 'storage read (B)': 29733505, 'selection 2 time (s)': 1.6112098693847656}
Thread times [0.09199118614196777, 0.07857298851013184, 0.07738876342773438, 0.0852971076965332, 0.0899207592010498, 0.09273004531860352, 0.10680127143859863, 0.10294508934020996, 0.2628469467163086, 0.14216208457946777, 0.08951091766357422, 0.10159420967102051, 0.1111750602722168, 0.09655308723449707, 0.0841679573059082]
{'args': ((18, 0, slice(0, 960, None), slice(None, None, None)),), 'dataset shape': (40, 11, 1921, 2560), 'dataset chunks': (7, 1, 385, 512), 'indexing time (s)': 1.6689300537109375e-06, 'chunk number': 1650, 'reduction time (s)': 1.615143060684204, 'chunks processed': 15, 'storage read (B)': 29733505, 'selection 2 time (s)': 1.6191508769989014}
Thread times [0.10480475425720215, 0.08021211624145508, 0.06786298751831055, 0.10422301292419434, 0.08639311790466309, 0.09633994102478027, 0.09913897514343262, 0.08934569358825684, 0.28647518157958984, 0.10773897171020508, 0.08680891990661621, 0.09586572647094727, 0.08393001556396484, 0.08997011184692383, 0.08318114280700684]
{'args': ((19, 0, slice(0, 960, None), slice(None, None, None)),), 'dataset shape': (40, 11, 1921, 2560), 'dataset chunks': (7, 1, 385, 512), 'indexing time (s)': 3.0994415283203125e-06, 'chunk number': 1650, 'reduction time (s)': 1.5642139911651611, 'chunks processed': 15, 'storage read (B)': 29733505, 'selection 2 time (s)': 1.5694890022277832}
Thread times [0.09878802299499512, 0.07020211219787598, 0.09634804725646973, 0.07432126998901367, 0.08856606483459473, 0.09194374084472656, 0.08640480041503906, 0.08780121803283691, 0.2863621711730957, 0.0947258472442627, 0.08895421028137207, 0.129669189453125, 0.08525776863098145, 0.0872499942779541, 0.08190417289733887]
{'args': ((20, 0, slice(0, 960, None), slice(None, None, None)),), 'dataset shape': (40, 11, 1921, 2560), 'dataset chunks': (7, 1, 385, 512), 'indexing time (s)': 3.814697265625e-06, 'chunk number': 1650, 'reduction time (s)': 1.549849033355713, 'chunks processed': 15, 'storage read (B)': 29733505, 'selection 2 time (s)': 1.5520689487457275}
Thread times [0.08803415298461914, 0.06499004364013672, 0.08081197738647461, 0.09274005889892578, 0.06731891632080078, 0.1387159824371338, 0.09030008316040039, 0.1240072250366211, 0.0971529483795166, 0.09823799133300781, 0.08675312995910645, 0.08701729774475098, 0.25730013847351074, 0.4094111919403076, 0.10240793228149414]
{'args': ((21, 0, slice(0, 960, None), slice(None, None, None)),), 'dataset shape': (40, 11, 1921, 2560), 'dataset chunks': (7, 1, 385, 512), 'indexing time (s)': 2.1457672119140625e-06, 'chunk number': 1650, 'reduction time (s)': 1.886605978012085, 'chunks processed': 15, 'storage read (B)': 29686785, 'selection 2 time (s)': 1.8891091346740723}
Thread times [0.13383698463439941, 0.06018519401550293, 0.08236408233642578, 0.09706711769104004, 0.09473896026611328, 0.09306597709655762, 0.14046216011047363, 0.08248782157897949, 0.09482026100158691, 0.08623433113098145, 0.09083890914916992, 0.09499382972717285, 0.27855682373046875, 0.25667595863342285, 0.09206295013427734]
{'args': ((22, 0, slice(0, 960, None), slice(None, None, None)),), 'dataset shape': (40, 11, 1921, 2560), 'dataset chunks': (7, 1, 385, 512), 'indexing time (s)': 1.9073486328125e-06, 'chunk number': 1650, 'reduction time (s)': 1.7800028324127197, 'chunks processed': 15, 'storage read (B)': 29686785, 'selection 2 time (s)': 1.7820370197296143}
Thread times [0.09754014015197754, 0.06592679023742676, 0.09112310409545898, 0.09963488578796387, 0.07245898246765137, 0.09599685668945312, 0.0970621109008789, 0.0905449390411377, 0.10339617729187012, 0.08716988563537598, 0.09392309188842773, 0.08595991134643555, 0.4108750820159912, 0.3066520690917969, 0.0819089412689209]
{'args': ((23, 0, slice(0, 960, None), slice(None, None, None)),), 'dataset shape': (40, 11, 1921, 2560), 'dataset chunks': (7, 1, 385, 512), 'indexing time (s)': 2.1457672119140625e-06, 'chunk number': 1650, 'reduction time (s)': 1.8816161155700684, 'chunks processed': 15, 'storage read (B)': 29686785, 'selection 2 time (s)': 1.8840482234954834}
Thread times [0.09895014762878418, 0.05895805358886719, 0.0798346996307373, 0.0897531509399414, 0.07871675491333008, 0.08711504936218262, 0.12432599067687988, 0.09498906135559082, 0.11606121063232422, 0.10151124000549316, 0.15652084350585938, 0.10376191139221191, 0.2626838684082031, 0.3033900260925293, 0.13547921180725098]
{'args': ((24, 0, slice(0, 960, None), slice(None, None, None)),), 'dataset shape': (40, 11, 1921, 2560), 'dataset chunks': (7, 1, 385, 512), 'indexing time (s)': 1.9073486328125e-06, 'chunk number': 1650, 'reduction time (s)': 1.894350290298462, 'chunks processed': 15, 'storage read (B)': 29686785, 'selection 2 time (s)': 1.8970539569854736}
Thread times [0.13295412063598633, 0.06923127174377441, 0.13299822807312012, 0.1055908203125, 0.06915903091430664, 0.09712386131286621, 0.0939178466796875, 0.08833909034729004, 0.09400010108947754, 0.13434123992919922, 0.08433318138122559, 0.0963289737701416, 0.23809194564819336, 0.5739200115203857, 0.10470128059387207]
{'args': ((25, 0, slice(0, 960, None), slice(None, None, None)),), 'dataset shape': (40, 11, 1921, 2560), 'dataset chunks': (7, 1, 385, 512), 'indexing time (s)': 2.1457672119140625e-06, 'chunk number': 1650, 'reduction time (s)': 2.1166300773620605, 'chunks processed': 15, 'storage read (B)': 29686785, 'selection 2 time (s)': 2.1192209720611572}
Thread times [0.2116858959197998, 0.0688629150390625, 0.11566591262817383, 0.09248208999633789, 0.0671379566192627, 0.09520792961120605, 0.09979486465454102, 0.09352421760559082, 0.11415696144104004, 0.13913393020629883, 0.15149807929992676, 0.08969497680664062, 0.2555122375488281, 0.20712494850158691, 0.1135110855102539]
{'args': ((26, 0, slice(0, 960, None), slice(None, None, None)),), 'dataset shape': (40, 11, 1921, 2560), 'dataset chunks': (7, 1, 385, 512), 'indexing time (s)': 2.1457672119140625e-06, 'chunk number': 1650, 'reduction time (s)': 1.9165282249450684, 'chunks processed': 15, 'storage read (B)': 29686785, 'selection 2 time (s)': 1.9189579486846924}
Thread times [0.14972496032714844, 0.0721750259399414, 0.07161808013916016, 0.09631013870239258, 0.133134126663208, 0.08236908912658691, 0.10115814208984375, 0.09604287147521973, 0.09878206253051758, 0.11196517944335938, 0.09951281547546387, 0.10363101959228516, 0.33893871307373047, 0.31062912940979004, 0.10040879249572754]
{'args': ((27, 0, slice(0, 960, None), slice(None, None, None)),), 'dataset shape': (40, 11, 1921, 2560), 'dataset chunks': (7, 1, 385, 512), 'indexing time (s)': 1.9073486328125e-06, 'chunk number': 1650, 'reduction time (s)': 1.9678540229797363, 'chunks processed': 15, 'storage read (B)': 29686785, 'selection 2 time (s)': 1.9708058834075928}
Thread times [0.14568400382995605, 0.06788229942321777, 0.10615873336791992, 0.10941171646118164, 0.09144067764282227, 0.10062217712402344, 0.11265301704406738, 0.12065696716308594, 0.08679604530334473, 0.12756681442260742, 0.09059715270996094, 0.26892590522766113, 0.12109684944152832, 0.0771636962890625, 0.08614492416381836]
{'args': ((28, 0, slice(0, 960, None), slice(None, None, None)),), 'dataset shape': (40, 11, 1921, 2560), 'dataset chunks': (7, 1, 385, 512), 'indexing time (s)': 2.1457672119140625e-06, 'chunk number': 1650, 'reduction time (s)': 1.7140498161315918, 'chunks processed': 15, 'storage read (B)': 29670387, 'selection 2 time (s)': 1.71514892578125}
Thread times [0.08335685729980469, 0.06324481964111328, 0.15445184707641602, 0.07929277420043945, 0.08071589469909668, 0.15589308738708496, 0.10785508155822754, 0.08611893653869629, 0.09437012672424316, 0.11582112312316895, 0.13559913635253906, 0.2637450695037842, 0.0792391300201416, 0.09099531173706055, 0.09189581871032715]
{'args': ((29, 0, slice(0, 960, None), slice(None, None, None)),), 'dataset shape': (40, 11, 1921, 2560), 'dataset chunks': (7, 1, 385, 512), 'indexing time (s)': 1.1920928955078125e-06, 'chunk number': 1650, 'reduction time (s)': 1.684041976928711, 'chunks processed': 15, 'storage read (B)': 29670387, 'selection 2 time (s)': 1.688873291015625}
Thread times [0.09107089042663574, 0.0650930404663086, 0.08663487434387207, 0.08938908576965332, 0.078704833984375, 0.09707999229431152, 0.0917959213256836, 0.08422207832336426, 0.0922539234161377, 0.08119010925292969, 0.0945289134979248, 0.259429931640625, 0.09505987167358398, 0.09673905372619629, 0.17966580390930176]
{'args': ((30, 0, slice(0, 960, None), slice(None, None, None)),), 'dataset shape': (40, 11, 1921, 2560), 'dataset chunks': (7, 1, 385, 512), 'indexing time (s)': 2.1457672119140625e-06, 'chunk number': 1650, 'reduction time (s)': 1.584367036819458, 'chunks processed': 15, 'storage read (B)': 29670387, 'selection 2 time (s)': 1.5868029594421387}
Thread times [0.09329915046691895, 0.05224299430847168, 0.09181880950927734, 0.08677291870117188, 0.08010721206665039, 0.2632162570953369, 0.12351799011230469, 0.07775211334228516, 0.0924379825592041, 0.1090691089630127, 0.08833789825439453, 0.29036808013916016, 0.07840800285339355, 0.09047079086303711, 0.08853697776794434]
{'args': ((31, 0, slice(0, 960, None), slice(None, None, None)),), 'dataset shape': (40, 11, 1921, 2560), 'dataset chunks': (7, 1, 385, 512), 'indexing time (s)': 2.1457672119140625e-06, 'chunk number': 1650, 'reduction time (s)': 1.7078561782836914, 'chunks processed': 15, 'storage read (B)': 29670387, 'selection 2 time (s)': 1.7110178470611572}
Thread times [0.10084414482116699, 0.10821199417114258, 0.08238101005554199, 0.08836197853088379, 0.09148120880126953, 0.11448025703430176, 0.09145498275756836, 0.08880996704101562, 0.11997413635253906, 0.09083294868469238, 0.0775289535522461, 0.25052714347839355, 0.09116578102111816, 0.11176419258117676, 0.09511709213256836]
{'args': ((32, 0, slice(0, 960, None), slice(None, None, None)),), 'dataset shape': (40, 11, 1921, 2560), 'dataset chunks': (7, 1, 385, 512), 'indexing time (s)': 2.1457672119140625e-06, 'chunk number': 1650, 'reduction time (s)': 1.6046290397644043, 'chunks processed': 15, 'storage read (B)': 29670387, 'selection 2 time (s)': 1.6071240901947021}
Thread times [0.09395885467529297, 0.07347488403320312, 0.09166312217712402, 0.08281493186950684, 0.11204361915588379, 0.13096022605895996, 0.12308597564697266, 0.09443807601928711, 0.09296488761901855, 0.10001802444458008, 0.09964203834533691, 0.22634172439575195, 0.11426496505737305, 0.1899120807647705, 0.09265995025634766]
{'args': ((33, 0, slice(0, 960, None), slice(None, None, None)),), 'dataset shape': (40, 11, 1921, 2560), 'dataset chunks': (7, 1, 385, 512), 'indexing time (s)': 3.0994415283203125e-06, 'chunk number': 1650, 'reduction time (s)': 1.7197346687316895, 'chunks processed': 15, 'storage read (B)': 29670387, 'selection 2 time (s)': 1.7230820655822754}
Thread times [0.08807492256164551, 0.06522107124328613, 0.09173202514648438, 0.08299803733825684, 0.09621906280517578, 0.1598200798034668, 0.15715408325195312, 0.09511494636535645, 0.10636520385742188, 0.0947420597076416, 0.08583498001098633, 0.2465348243713379, 0.0887000560760498, 0.09196066856384277, 0.08790874481201172]
{'args': ((34, 0, slice(0, 960, None), slice(None, None, None)),), 'dataset shape': (40, 11, 1921, 2560), 'dataset chunks': (7, 1, 385, 512), 'indexing time (s)': 2.1457672119140625e-06, 'chunk number': 1650, 'reduction time (s)': 1.6400330066680908, 'chunks processed': 15, 'storage read (B)': 29670387, 'selection 2 time (s)': 1.6426727771759033}
Thread times [0.10713481903076172, 0.08432626724243164, 0.07007932662963867, 0.10726094245910645, 0.06459307670593262, 0.38076186180114746, 0.08864521980285645, 0.06584978103637695, 1.1760480403900146, 0.09338068962097168, 0.09115386009216309, 0.13661694526672363, 0.11155891418457031, 0.11640429496765137, 0.1577301025390625]
{'args': ((35, 0, slice(0, 960, None), slice(None, None, None)),), 'dataset shape': (40, 11, 1921, 2560), 'dataset chunks': (7, 1, 385, 512), 'indexing time (s)': 2.1457672119140625e-06, 'chunk number': 1650, 'reduction time (s)': 2.852916955947876, 'chunks processed': 15, 'storage read (B)': 21287473, 'selection 2 time (s)': 2.8554937839508057}
Thread times [0.1263108253479004, 0.08395576477050781, 0.07556700706481934, 0.08929634094238281, 0.05714821815490723, 0.09744095802307129, 0.0804600715637207, 0.08329606056213379, 0.08282876014709473, 0.0827939510345459, 0.0855720043182373, 0.10371518135070801, 0.0849308967590332, 0.08905792236328125, 0.08656716346740723]
{'args': ((36, 0, slice(0, 960, None), slice(None, None, None)),), 'dataset shape': (40, 11, 1921, 2560), 'dataset chunks': (7, 1, 385, 512), 'indexing time (s)': 1.9073486328125e-06, 'chunk number': 1650, 'reduction time (s)': 1.310838222503662, 'chunks processed': 15, 'storage read (B)': 21287473, 'selection 2 time (s)': 1.3130769729614258}
Thread times [0.11382293701171875, 0.06813597679138184, 0.06854605674743652, 0.07529020309448242, 0.07319474220275879, 0.10000085830688477, 0.15321993827819824, 0.09894204139709473, 0.08773183822631836, 0.07958793640136719, 0.11904788017272949, 0.07758736610412598, 0.07428789138793945, 0.0666038990020752, 0.07736992835998535]
{'args': ((37, 0, slice(0, 960, None), slice(None, None, None)),), 'dataset shape': (40, 11, 1921, 2560), 'dataset chunks': (7, 1, 385, 512), 'indexing time (s)': 2.1457672119140625e-06, 'chunk number': 1650, 'reduction time (s)': 1.334885835647583, 'chunks processed': 15, 'storage read (B)': 21287473, 'selection 2 time (s)': 1.3374290466308594}
Thread times [0.10779094696044922, 0.05412030220031738, 0.08948707580566406, 0.08294391632080078, 0.07539820671081543, 0.10477805137634277, 0.08048009872436523, 0.07863378524780273, 0.16200494766235352, 0.30067992210388184, 0.07088208198547363, 0.13528990745544434, 0.08835601806640625, 0.09653282165527344, 0.08872818946838379]
{'args': ((38, 0, slice(0, 960, None), slice(None, None, None)),), 'dataset shape': (40, 11, 1921, 2560), 'dataset chunks': (7, 1, 385, 512), 'indexing time (s)': 2.1457672119140625e-06, 'chunk number': 1650, 'reduction time (s)': 1.6177341938018799, 'chunks processed': 15, 'storage read (B)': 21287473, 'selection 2 time (s)': 1.6205828189849854}
Thread times [0.13774490356445312, 0.0678868293762207, 0.07210302352905273, 0.07902908325195312, 0.1107032299041748, 0.08370614051818848, 0.08234119415283203, 0.08772706985473633, 0.09081530570983887, 0.08277106285095215, 0.12424111366271973, 0.13896512985229492, 0.0799710750579834, 0.08498978614807129, 0.11850595474243164]
{'args': ((39, 0, slice(0, 960, None), slice(None, None, None)),), 'dataset shape': (40, 11, 1921, 2560), 'dataset chunks': (7, 1, 385, 512), 'indexing time (s)': 2.1457672119140625e-06, 'chunk number': 1650, 'reduction time (s)': 1.442859172821045, 'chunks processed': 15, 'storage read (B)': 21287473, 'selection 2 time (s)': 1.4450609683990479}
[[226.07820312]
 [226.0646875 ]
 [225.93776042]
 [225.90820312]
 [225.91739583]
 [225.88460937]
 [225.82080729]
 [225.85434896]
 [225.9834375 ]
 [226.03822917]
 [226.01317708]
 [226.02333333]
 [226.03765625]
 [226.00486979]
 [225.91778646]
 [225.9403125 ]
 [225.98729167]
 [225.91450521]
 [225.81239583]
 [225.81890625]
 [225.8453125 ]
 [225.785     ]
 [225.63648438]
 [225.5565625 ]
 [225.45744792]
 [225.32382813]
 [225.16335937]
 [225.07786458]
 [225.07846354]
 [225.10669271]
 [225.17606771]
 [225.36867187]
 [225.57927083]
 [225.69083333]
 [225.7221875 ]
 [225.82367188]
 [225.93640625]
 [225.96760417]
 [225.91875   ]
 [225.92236979]]
Summary:  Uni24whidch :Active (T1,BS5): 4.34s,70.06s,91.93s
