Dataset loaded from S3 with s3fs and Pyfive: bnl/ch330a.pc19790301-def.nc (0.025,4.6)
Thread times [5.381155014038086, 6.249091863632202, 7.147366046905518, 8.154438734054565, 8.587952852249146, 9.448712825775146, 9.899773836135864, 9.906999111175537, 9.9253990650177, 10.668430805206299, 11.467866897583008, 12.53955888748169, 12.870243072509766, 13.324483156204224, 13.475573062896729]
{'load nc time': 5.4627790451049805, 'args': ((0, 0, slice(0, 960, None), slice(None, None, None)),), 'dataset shape': (40, 11, 1921, 2560), 'dataset chunks': (7, 1, 385, 512), 'indexing time (s)': 26.13615107536316, 'chunk number': 1650, 'reduction time (s)': 13.479767084121704, 'chunks processed': 15, 'storage read (B)': 29685482, 'selection 1 time (s)': 39.616137981414795}
Thread times [0.022981882095336914, 6.796772003173828, 8.812546253204346, 9.135243892669678, 9.267863750457764, 10.03570818901062, 10.605755090713501, 11.225397109985352, 11.879816055297852, 13.718261957168579, 13.759192943572998, 14.15748906135559, 14.601291179656982, 15.338530778884888, 15.377963066101074]
{'args': ((1, 0, slice(0, 960, None), slice(None, None, None)),), 'dataset shape': (40, 11, 1921, 2560), 'dataset chunks': (7, 1, 385, 512), 'indexing time (s)': 9.5367431640625e-07, 'chunk number': 1650, 'reduction time (s)': 15.38437294960022, 'chunks processed': 15, 'storage read (B)': 29685482, 'selection 1 time (s)': 15.384492874145508}
Thread times [0.022269010543823242, 9.25740909576416, 9.585381984710693, 9.93494701385498, 10.263548135757446, 10.324303150177002, 10.967648029327393, 13.364407777786255, 13.666265726089478, 14.91845417022705, 15.214900016784668, 16.051283836364746, 16.208755254745483, 16.615230083465576, 16.752734899520874]
{'args': ((2, 0, slice(0, 960, None), slice(None, None, None)),), 'dataset shape': (40, 11, 1921, 2560), 'dataset chunks': (7, 1, 385, 512), 'indexing time (s)': 9.5367431640625e-07, 'chunk number': 1650, 'reduction time (s)': 16.758673191070557, 'chunks processed': 15, 'storage read (B)': 29685482, 'selection 1 time (s)': 16.758800983428955}
Thread times [0.024391889572143555, 0.025947093963623047, 7.614510774612427, 8.485880136489868, 8.878166913986206, 10.369335889816284, 10.903142929077148, 10.982097148895264, 11.241168975830078, 12.62861704826355, 12.718855857849121, 13.490527868270874, 13.658638954162598, 14.346914768218994, 14.60079312324524]
{'args': ((3, 0, slice(0, 960, None), slice(None, None, None)),), 'dataset shape': (40, 11, 1921, 2560), 'dataset chunks': (7, 1, 385, 512), 'indexing time (s)': 9.5367431640625e-07, 'chunk number': 1650, 'reduction time (s)': 14.608731746673584, 'chunks processed': 15, 'storage read (B)': 29685482, 'selection 1 time (s)': 14.608858108520508}
Thread times [0.020771026611328125, 4.169780015945435, 5.3494648933410645, 7.227050065994263, 8.006377935409546, 8.768375158309937, 9.475829124450684, 9.498739004135132, 9.640419244766235, 9.688464879989624, 9.750307083129883, 10.97956109046936, 11.070735692977905, 11.621447801589966, 11.776335716247559]
{'args': ((4, 0, slice(0, 960, None), slice(None, None, None)),), 'dataset shape': (40, 11, 1921, 2560), 'dataset chunks': (7, 1, 385, 512), 'indexing time (s)': 7.152557373046875e-07, 'chunk number': 1650, 'reduction time (s)': 11.780687093734741, 'chunks processed': 15, 'storage read (B)': 29685482, 'selection 1 time (s)': 11.780827760696411}
Thread times [0.020025014877319336, 5.5225019454956055, 7.048565864562988, 7.088750839233398, 7.811081886291504, 7.959371089935303, 9.448961019515991, 9.549845933914185, 9.556344032287598, 10.035424947738647, 11.409111976623535, 12.06048583984375, 12.663158893585205, 13.003722190856934, 13.192679166793823]
{'args': ((5, 0, slice(0, 960, None), slice(None, None, None)),), 'dataset shape': (40, 11, 1921, 2560), 'dataset chunks': (7, 1, 385, 512), 'indexing time (s)': 1.1920928955078125e-06, 'chunk number': 1650, 'reduction time (s)': 13.196340799331665, 'chunks processed': 15, 'storage read (B)': 29685482, 'selection 1 time (s)': 13.196490049362183}
Thread times [0.01930522918701172, 6.37427282333374, 6.694610118865967, 6.811223030090332, 6.934242010116577, 9.378491163253784, 9.388185024261475, 9.416956901550293, 9.781473159790039, 10.180771112442017, 10.738599061965942, 11.496723175048828, 11.547875881195068, 11.922845840454102, 12.121627807617188]
{'args': ((6, 0, slice(0, 960, None), slice(None, None, None)),), 'dataset shape': (40, 11, 1921, 2560), 'dataset chunks': (7, 1, 385, 512), 'indexing time (s)': 7.152557373046875e-07, 'chunk number': 1650, 'reduction time (s)': 12.129468202590942, 'chunks processed': 15, 'storage read (B)': 29685482, 'selection 1 time (s)': 12.129683017730713}
Thread times [4.940184116363525, 6.452066659927368, 7.066134929656982, 8.493016958236694, 8.828204870223999, 9.649895191192627, 9.687603950500488, 10.178145170211792, 10.250454902648926, 10.36666226387024, 10.763535976409912, 11.919727802276611, 12.023833990097046, 12.559815168380737, 12.890092849731445]
{'args': ((7, 0, slice(0, 960, None), slice(None, None, None)),), 'dataset shape': (40, 11, 1921, 2560), 'dataset chunks': (7, 1, 385, 512), 'indexing time (s)': 9.5367431640625e-07, 'chunk number': 1650, 'reduction time (s)': 12.904062986373901, 'chunks processed': 15, 'storage read (B)': 29701892, 'selection 1 time (s)': 12.904201030731201}
Thread times [0.023773908615112305, 5.201074123382568, 5.394382953643799, 7.316400766372681, 8.12363076210022, 8.190701961517334, 8.966307163238525, 9.958693981170654, 10.17904782295227, 10.538949012756348, 10.566514015197754, 10.649025917053223, 11.397303104400635, 11.729977130889893, 11.97580099105835]
{'args': ((8, 0, slice(0, 960, None), slice(None, None, None)),), 'dataset shape': (40, 11, 1921, 2560), 'dataset chunks': (7, 1, 385, 512), 'indexing time (s)': 1.1920928955078125e-06, 'chunk number': 1650, 'reduction time (s)': 11.985174655914307, 'chunks processed': 15, 'storage read (B)': 29701892, 'selection 1 time (s)': 11.985337257385254}
Thread times [0.02012491226196289, 3.919477939605713, 6.546319007873535, 6.634707927703857, 7.218902111053467, 7.475503206253052, 9.320520877838135, 9.505295038223267, 10.250931978225708, 11.121340990066528, 12.286700963973999, 12.383100748062134, 12.742242097854614, 12.875779867172241, 13.074472904205322]
{'args': ((9, 0, slice(0, 960, None), slice(None, None, None)),), 'dataset shape': (40, 11, 1921, 2560), 'dataset chunks': (7, 1, 385, 512), 'indexing time (s)': 9.5367431640625e-07, 'chunk number': 1650, 'reduction time (s)': 13.080311059951782, 'chunks processed': 15, 'storage read (B)': 29701892, 'selection 1 time (s)': 13.080487966537476}
Thread times [0.020839929580688477, 7.00720477104187, 7.45524001121521, 8.162179946899414, 8.58237099647522, 8.727760076522827, 9.603140115737915, 9.96739411354065, 10.367343187332153, 10.792308807373047, 11.221889972686768, 12.655711889266968, 12.794601202011108, 12.808345794677734, 13.443006038665771]
{'args': ((10, 0, slice(0, 960, None), slice(None, None, None)),), 'dataset shape': (40, 11, 1921, 2560), 'dataset chunks': (7, 1, 385, 512), 'indexing time (s)': 9.5367431640625e-07, 'chunk number': 1650, 'reduction time (s)': 13.448790073394775, 'chunks processed': 15, 'storage read (B)': 29701892, 'selection 1 time (s)': 13.448921918869019}
Thread times [0.025615930557250977, 0.02651810646057129, 6.53952169418335, 7.159493923187256, 7.471719026565552, 8.666653871536255, 8.979841947555542, 9.05071210861206, 9.437741756439209, 9.774663925170898, 9.849931240081787, 10.200858116149902, 11.247006893157959, 11.383054256439209, 11.641419887542725]
{'args': ((11, 0, slice(0, 960, None), slice(None, None, None)),), 'dataset shape': (40, 11, 1921, 2560), 'dataset chunks': (7, 1, 385, 512), 'indexing time (s)': 1.1920928955078125e-06, 'chunk number': 1650, 'reduction time (s)': 11.650201082229614, 'chunks processed': 15, 'storage read (B)': 29701892, 'selection 1 time (s)': 11.650341272354126}
Thread times [0.02569413185119629, 4.622437953948975, 5.434875011444092, 5.941418886184692, 8.632815837860107, 9.653422832489014, 9.862170696258545, 9.959794998168945, 10.185540199279785, 10.585377931594849, 11.131668090820312, 11.138405084609985, 11.489595890045166, 11.831833839416504, 12.085389137268066]
{'args': ((12, 0, slice(0, 960, None), slice(None, None, None)),), 'dataset shape': (40, 11, 1921, 2560), 'dataset chunks': (7, 1, 385, 512), 'indexing time (s)': 2.1457672119140625e-06, 'chunk number': 1650, 'reduction time (s)': 12.093594789505005, 'chunks processed': 15, 'storage read (B)': 29701892, 'selection 1 time (s)': 12.093729019165039}
Thread times [0.02355504035949707, 7.104576110839844, 7.135000944137573, 7.37723183631897, 7.385130167007446, 7.780405759811401, 8.231414079666138, 8.90728497505188, 9.279582977294922, 9.35290789604187, 10.126029968261719, 11.654494047164917, 11.720352172851562, 11.806647062301636, 12.009746313095093]
{'args': ((13, 0, slice(0, 960, None), slice(None, None, None)),), 'dataset shape': (40, 11, 1921, 2560), 'dataset chunks': (7, 1, 385, 512), 'indexing time (s)': 9.5367431640625e-07, 'chunk number': 1650, 'reduction time (s)': 12.016304016113281, 'chunks processed': 15, 'storage read (B)': 29701892, 'selection 1 time (s)': 12.016428709030151}
Thread times [5.496748685836792, 7.29749608039856, 7.344023942947388, 7.465359210968018, 8.583790063858032, 8.602668762207031, 9.541301965713501, 9.646499156951904, 9.98205280303955, 10.633548974990845, 11.623701810836792, 12.410411834716797, 12.582728862762451, 12.99992299079895, 13.004024982452393]
{'args': ((14, 0, slice(0, 960, None), slice(None, None, None)),), 'dataset shape': (40, 11, 1921, 2560), 'dataset chunks': (7, 1, 385, 512), 'indexing time (s)': 9.5367431640625e-07, 'chunk number': 1650, 'reduction time (s)': 13.011831998825073, 'chunks processed': 15, 'storage read (B)': 29733505, 'selection 1 time (s)': 13.011971950531006}
Thread times [0.025810956954956055, 7.234959840774536, 7.537922620773315, 7.735095024108887, 7.921627044677734, 8.32656192779541, 8.87229299545288, 9.272181987762451, 9.500713109970093, 10.11384105682373, 10.341715812683105, 12.168049097061157, 12.275716781616211, 12.332648992538452, 12.569905996322632]
{'args': ((15, 0, slice(0, 960, None), slice(None, None, None)),), 'dataset shape': (40, 11, 1921, 2560), 'dataset chunks': (7, 1, 385, 512), 'indexing time (s)': 9.5367431640625e-07, 'chunk number': 1650, 'reduction time (s)': 12.577436923980713, 'chunks processed': 15, 'storage read (B)': 29733505, 'selection 1 time (s)': 12.577579975128174}
Thread times [0.0259249210357666, 6.380552053451538, 6.480690956115723, 6.74337100982666, 7.617010831832886, 8.492348909378052, 8.68123483657837, 9.008109092712402, 9.547343015670776, 10.560976266860962, 11.039732933044434, 11.547609090805054, 12.083171844482422, 12.553516149520874, 12.767810106277466]
{'args': ((16, 0, slice(0, 960, None), slice(None, None, None)),), 'dataset shape': (40, 11, 1921, 2560), 'dataset chunks': (7, 1, 385, 512), 'indexing time (s)': 1.1920928955078125e-06, 'chunk number': 1650, 'reduction time (s)': 12.77816915512085, 'chunks processed': 15, 'storage read (B)': 29733505, 'selection 1 time (s)': 12.778316974639893}
Thread times [0.027352094650268555, 8.028414964675903, 8.105485200881958, 8.582334041595459, 10.489248037338257, 10.946306943893433, 11.061758041381836, 12.397578001022339, 12.492827892303467, 12.93887710571289, 13.35305118560791, 13.61403489112854, 15.151465892791748, 15.159098148345947, 15.467416048049927]
{'args': ((17, 0, slice(0, 960, None), slice(None, None, None)),), 'dataset shape': (40, 11, 1921, 2560), 'dataset chunks': (7, 1, 385, 512), 'indexing time (s)': 9.5367431640625e-07, 'chunk number': 1650, 'reduction time (s)': 15.474367141723633, 'chunks processed': 15, 'storage read (B)': 29733505, 'selection 1 time (s)': 15.474519968032837}
Thread times [0.019974231719970703, 8.245492935180664, 8.69481897354126, 9.470518112182617, 10.11028790473938, 10.316773176193237, 10.887716054916382, 11.414497137069702, 11.860994100570679, 13.286520004272461, 13.375360012054443, 14.496004104614258, 15.071216106414795, 15.716796159744263, 15.886787176132202]
{'args': ((18, 0, slice(0, 960, None), slice(None, None, None)),), 'dataset shape': (40, 11, 1921, 2560), 'dataset chunks': (7, 1, 385, 512), 'indexing time (s)': 1.1920928955078125e-06, 'chunk number': 1650, 'reduction time (s)': 15.890265941619873, 'chunks processed': 15, 'storage read (B)': 29733505, 'selection 1 time (s)': 15.890386819839478}
Thread times [0.024257183074951172, 9.197376012802124, 9.705962896347046, 10.000999927520752, 10.284092903137207, 10.354947090148926, 10.455985069274902, 10.947264194488525, 10.964540958404541, 12.128076076507568, 13.18518590927124, 13.637386083602905, 14.743216753005981, 14.997773885726929, 15.086153030395508]
{'args': ((19, 0, slice(0, 960, None), slice(None, None, None)),), 'dataset shape': (40, 11, 1921, 2560), 'dataset chunks': (7, 1, 385, 512), 'indexing time (s)': 9.5367431640625e-07, 'chunk number': 1650, 'reduction time (s)': 15.093003034591675, 'chunks processed': 15, 'storage read (B)': 29733505, 'selection 1 time (s)': 15.09312891960144}
Thread times [0.022600889205932617, 6.8045148849487305, 6.945847034454346, 6.961632966995239, 7.551872968673706, 8.284573316574097, 9.169119119644165, 9.263165950775146, 9.299654960632324, 9.634773015975952, 11.283984184265137, 11.289659976959229, 11.750421047210693, 11.985033988952637, 12.444352149963379]
{'args': ((20, 0, slice(0, 960, None), slice(None, None, None)),), 'dataset shape': (40, 11, 1921, 2560), 'dataset chunks': (7, 1, 385, 512), 'indexing time (s)': 1.1920928955078125e-06, 'chunk number': 1650, 'reduction time (s)': 12.4512939453125, 'chunks processed': 15, 'storage read (B)': 29733505, 'selection 1 time (s)': 12.451419115066528}
Thread times [5.78853702545166, 7.854779958724976, 8.513890027999878, 10.171494960784912, 10.585247039794922, 10.859753131866455, 11.753255128860474, 11.901031970977783, 11.970236778259277, 12.051723003387451, 12.512944221496582, 14.614612102508545, 15.009258270263672, 15.156167268753052, 15.198174953460693]
{'args': ((21, 0, slice(0, 960, None), slice(None, None, None)),), 'dataset shape': (40, 11, 1921, 2560), 'dataset chunks': (7, 1, 385, 512), 'indexing time (s)': 9.5367431640625e-07, 'chunk number': 1650, 'reduction time (s)': 15.204426050186157, 'chunks processed': 15, 'storage read (B)': 29686785, 'selection 1 time (s)': 15.204557657241821}
Thread times [0.021081924438476562, 4.917548894882202, 6.663111925125122, 8.215579271316528, 8.726496696472168, 8.770380973815918, 8.800380229949951, 9.081302165985107, 9.562089920043945, 9.87383508682251, 10.021214008331299, 11.974622964859009, 12.170506954193115, 12.276335000991821, 12.424654960632324]
{'args': ((22, 0, slice(0, 960, None), slice(None, None, None)),), 'dataset shape': (40, 11, 1921, 2560), 'dataset chunks': (7, 1, 385, 512), 'indexing time (s)': 9.5367431640625e-07, 'chunk number': 1650, 'reduction time (s)': 12.431099891662598, 'chunks processed': 15, 'storage read (B)': 29686785, 'selection 1 time (s)': 12.431237697601318}
Thread times [0.024718046188354492, 7.195158004760742, 8.191016912460327, 8.74181604385376, 9.220624208450317, 9.36692500114441, 9.414735794067383, 10.392093181610107, 10.518232107162476, 10.948368310928345, 10.949607849121094, 12.667009115219116, 13.217998027801514, 13.645339250564575, 13.738588094711304]
{'args': ((23, 0, slice(0, 960, None), slice(None, None, None)),), 'dataset shape': (40, 11, 1921, 2560), 'dataset chunks': (7, 1, 385, 512), 'indexing time (s)': 9.5367431640625e-07, 'chunk number': 1650, 'reduction time (s)': 13.74562692642212, 'chunks processed': 15, 'storage read (B)': 29686785, 'selection 1 time (s)': 13.745754957199097}
Thread times [0.025064945220947266, 0.0241849422454834, 6.07067608833313, 6.171103000640869, 6.660976886749268, 7.785181999206543, 10.94708776473999, 11.176496982574463, 11.193068027496338, 11.51668095588684, 11.59308123588562, 12.006110191345215, 12.529797077178955, 12.966451168060303, 13.206608057022095]
{'args': ((24, 0, slice(0, 960, None), slice(None, None, None)),), 'dataset shape': (40, 11, 1921, 2560), 'dataset chunks': (7, 1, 385, 512), 'indexing time (s)': 1.1920928955078125e-06, 'chunk number': 1650, 'reduction time (s)': 13.21216607093811, 'chunks processed': 15, 'storage read (B)': 29686785, 'selection 1 time (s)': 13.212287902832031}
Thread times [0.018584728240966797, 6.24773383140564, 8.339085102081299, 9.020169019699097, 9.042166233062744, 9.45077109336853, 11.018320798873901, 11.721843242645264, 12.388497829437256, 13.042428970336914, 13.171131134033203, 14.039288759231567, 14.6421480178833, 14.717753887176514, 14.719972848892212]
{'args': ((25, 0, slice(0, 960, None), slice(None, None, None)),), 'dataset shape': (40, 11, 1921, 2560), 'dataset chunks': (7, 1, 385, 512), 'indexing time (s)': 9.5367431640625e-07, 'chunk number': 1650, 'reduction time (s)': 14.724826097488403, 'chunks processed': 15, 'storage read (B)': 29686785, 'selection 1 time (s)': 14.724947214126587}
Thread times [0.019502878189086914, 7.730020999908447, 8.304261922836304, 9.657924175262451, 9.68293309211731, 9.853827238082886, 10.112849950790405, 10.394603967666626, 11.723384141921997, 12.457459926605225, 13.014143943786621, 14.100001096725464, 14.277991771697998, 14.735705852508545, 15.28359603881836]
{'args': ((26, 0, slice(0, 960, None), slice(None, None, None)),), 'dataset shape': (40, 11, 1921, 2560), 'dataset chunks': (7, 1, 385, 512), 'indexing time (s)': 1.1920928955078125e-06, 'chunk number': 1650, 'reduction time (s)': 15.290251016616821, 'chunks processed': 15, 'storage read (B)': 29686785, 'selection 1 time (s)': 15.290378332138062}
Thread times [0.024203062057495117, 6.168787240982056, 7.09397029876709, 9.037507772445679, 10.045756101608276, 10.332430124282837, 10.541412115097046, 11.44663405418396, 13.19038987159729, 13.448189973831177, 13.734572649002075, 14.037401914596558, 14.596128940582275, 15.004828214645386, 15.196768045425415]
{'args': ((27, 0, slice(0, 960, None), slice(None, None, None)),), 'dataset shape': (40, 11, 1921, 2560), 'dataset chunks': (7, 1, 385, 512), 'indexing time (s)': 9.5367431640625e-07, 'chunk number': 1650, 'reduction time (s)': 15.204759120941162, 'chunks processed': 15, 'storage read (B)': 29686785, 'selection 1 time (s)': 15.204881191253662}
Thread times [5.792675018310547, 7.590359926223755, 8.826892137527466, 10.296679258346558, 10.755443334579468, 12.403455018997192, 12.703454971313477, 12.892238140106201, 13.455638885498047, 13.704066038131714, 14.876257181167603, 14.978665828704834, 15.958499908447266, 16.34028911590576, 16.4433491230011]
{'args': ((28, 0, slice(0, 960, None), slice(None, None, None)),), 'dataset shape': (40, 11, 1921, 2560), 'dataset chunks': (7, 1, 385, 512), 'indexing time (s)': 0.0, 'chunk number': 1650, 'reduction time (s)': 16.450077295303345, 'chunks processed': 15, 'storage read (B)': 29670387, 'selection 1 time (s)': 16.450196027755737}
Thread times [0.01946115493774414, 7.820367097854614, 7.986832857131958, 9.084158897399902, 9.572745084762573, 10.650819063186646, 10.789867877960205, 11.19135594367981, 11.50203800201416, 12.252241849899292, 12.819177150726318, 13.701091051101685, 14.654671669006348, 14.98121690750122, 15.37550687789917]
{'args': ((29, 0, slice(0, 960, None), slice(None, None, None)),), 'dataset shape': (40, 11, 1921, 2560), 'dataset chunks': (7, 1, 385, 512), 'indexing time (s)': 9.5367431640625e-07, 'chunk number': 1650, 'reduction time (s)': 15.381924867630005, 'chunks processed': 15, 'storage read (B)': 29670387, 'selection 1 time (s)': 15.38205099105835}
Thread times [0.020354032516479492, 6.781902074813843, 8.848068952560425, 10.827423810958862, 10.902168989181519, 11.038025140762329, 11.19216012954712, 11.463422060012817, 11.826705932617188, 12.21953797340393, 12.705628156661987, 13.300787925720215, 15.045692920684814, 15.18494963645935, 15.387646913528442]
{'args': ((30, 0, slice(0, 960, None), slice(None, None, None)),), 'dataset shape': (40, 11, 1921, 2560), 'dataset chunks': (7, 1, 385, 512), 'indexing time (s)': 1.1920928955078125e-06, 'chunk number': 1650, 'reduction time (s)': 15.392201900482178, 'chunks processed': 15, 'storage read (B)': 29670387, 'selection 1 time (s)': 15.39234471321106}
Thread times [0.01936197280883789, 8.165807962417603, 8.91784381866455, 8.930606126785278, 9.417046070098877, 10.184876918792725, 10.707064151763916, 12.16926908493042, 12.192288875579834, 13.579231977462769, 13.841893911361694, 14.253040075302124, 14.327940940856934, 14.368844032287598, 15.302271127700806]
{'args': ((31, 0, slice(0, 960, None), slice(None, None, None)),), 'dataset shape': (40, 11, 1921, 2560), 'dataset chunks': (7, 1, 385, 512), 'indexing time (s)': 0.0, 'chunk number': 1650, 'reduction time (s)': 15.309516906738281, 'chunks processed': 15, 'storage read (B)': 29670387, 'selection 1 time (s)': 15.309648752212524}
Thread times [0.021817922592163086, 7.621557950973511, 8.992483139038086, 9.702540874481201, 10.058467149734497, 10.404541015625, 10.74757719039917, 10.893831968307495, 10.97881293296814, 11.499027967453003, 13.67802906036377, 14.515239000320435, 14.764607906341553, 15.169416904449463, 15.363250017166138]
{'args': ((32, 0, slice(0, 960, None), slice(None, None, None)),), 'dataset shape': (40, 11, 1921, 2560), 'dataset chunks': (7, 1, 385, 512), 'indexing time (s)': 9.5367431640625e-07, 'chunk number': 1650, 'reduction time (s)': 15.37086296081543, 'chunks processed': 15, 'storage read (B)': 29670387, 'selection 1 time (s)': 15.370980739593506}
Thread times [0.01887798309326172, 7.896587133407593, 8.684329986572266, 8.94844388961792, 9.674018859863281, 9.788982152938843, 10.162776947021484, 10.382299900054932, 12.26382303237915, 12.354008913040161, 12.458103895187378, 14.34876799583435, 14.693399906158447, 14.834935188293457, 14.858457088470459]
{'args': ((33, 0, slice(0, 960, None), slice(None, None, None)),), 'dataset shape': (40, 11, 1921, 2560), 'dataset chunks': (7, 1, 385, 512), 'indexing time (s)': 9.5367431640625e-07, 'chunk number': 1650, 'reduction time (s)': 14.865947961807251, 'chunks processed': 15, 'storage read (B)': 29670387, 'selection 1 time (s)': 14.86606216430664}
Thread times [0.019215822219848633, 6.121814012527466, 7.715302228927612, 7.920327186584473, 9.679511785507202, 10.418046951293945, 10.895931959152222, 12.484682083129883, 12.590131998062134, 12.888871908187866, 12.967863082885742, 13.814789056777954, 14.9631929397583, 15.117995023727417, 15.148235082626343]
{'args': ((34, 0, slice(0, 960, None), slice(None, None, None)),), 'dataset shape': (40, 11, 1921, 2560), 'dataset chunks': (7, 1, 385, 512), 'indexing time (s)': 9.5367431640625e-07, 'chunk number': 1650, 'reduction time (s)': 15.155045986175537, 'chunks processed': 15, 'storage read (B)': 29670387, 'selection 1 time (s)': 15.15517282485962}
Thread times [6.746495962142944, 9.651991128921509, 10.342130899429321, 10.44392204284668, 10.70566177368164, 11.51698613166809, 11.980892181396484, 12.40827202796936, 13.222372055053711, 14.158712148666382, 14.15769076347351, 16.481764316558838, 16.676732778549194, 16.942555904388428, 17.067951917648315]
{'args': ((35, 0, slice(0, 960, None), slice(None, None, None)),), 'dataset shape': (40, 11, 1921, 2560), 'dataset chunks': (7, 1, 385, 512), 'indexing time (s)': 9.5367431640625e-07, 'chunk number': 1650, 'reduction time (s)': 17.07253408432007, 'chunks processed': 15, 'storage read (B)': 21287473, 'selection 1 time (s)': 17.072651147842407}
Thread times [0.020702123641967773, 0.02089095115661621, 7.110491037368774, 7.174372911453247, 8.722015857696533, 8.7899489402771, 8.83411192893982, 9.645287036895752, 9.724356174468994, 9.876507997512817, 10.255026817321777, 10.434416770935059, 12.17643404006958, 12.459097862243652, 12.771544933319092]
{'args': ((36, 0, slice(0, 960, None), slice(None, None, None)),), 'dataset shape': (40, 11, 1921, 2560), 'dataset chunks': (7, 1, 385, 512), 'indexing time (s)': 9.5367431640625e-07, 'chunk number': 1650, 'reduction time (s)': 12.777683019638062, 'chunks processed': 15, 'storage read (B)': 21287473, 'selection 1 time (s)': 12.777796983718872}
Thread times [0.020492076873779297, 7.75751805305481, 8.323815107345581, 8.382933139801025, 9.246502876281738, 9.622161149978638, 10.008648872375488, 10.108584880828857, 10.892913818359375, 11.52747392654419, 11.865709066390991, 13.076286315917969, 13.16710901260376, 13.444000005722046, 13.493417978286743]
{'args': ((37, 0, slice(0, 960, None), slice(None, None, None)),), 'dataset shape': (40, 11, 1921, 2560), 'dataset chunks': (7, 1, 385, 512), 'indexing time (s)': 0.0, 'chunk number': 1650, 'reduction time (s)': 13.499754190444946, 'chunks processed': 15, 'storage read (B)': 21287473, 'selection 1 time (s)': 13.499867916107178}
Thread times [0.01923394203186035, 0.020215749740600586, 6.98669695854187, 7.551954984664917, 8.138835906982422, 8.456589221954346, 9.61620306968689, 10.360631227493286, 12.457746744155884, 12.547992944717407, 12.969859838485718, 13.034893989562988, 13.106133222579956, 13.213388681411743, 13.51319432258606]
{'args': ((38, 0, slice(0, 960, None), slice(None, None, None)),), 'dataset shape': (40, 11, 1921, 2560), 'dataset chunks': (7, 1, 385, 512), 'indexing time (s)': 9.5367431640625e-07, 'chunk number': 1650, 'reduction time (s)': 13.51961088180542, 'chunks processed': 15, 'storage read (B)': 21287473, 'selection 1 time (s)': 13.519726037979126}
Thread times [0.01925492286682129, 7.7443788051605225, 8.236869812011719, 8.59560489654541, 8.979854106903076, 9.114591121673584, 9.22529411315918, 9.548182010650635, 9.638247966766357, 10.515181064605713, 10.694378852844238, 12.842079162597656, 13.144230127334595, 13.213440895080566, 13.354416131973267]
{'args': ((39, 0, slice(0, 960, None), slice(None, None, None)),), 'dataset shape': (40, 11, 1921, 2560), 'dataset chunks': (7, 1, 385, 512), 'indexing time (s)': 1.1920928955078125e-06, 'chunk number': 1650, 'reduction time (s)': 13.362197875976562, 'chunks processed': 15, 'storage read (B)': 21287473, 'selection 1 time (s)': 13.36231803894043}
[[226.07815104]
 [226.06473958]
 [225.93765625]
 [225.90804687]
 [225.91736979]
 [225.88453125]
 [225.82075521]
 [225.85442708]
 [225.98328125]
 [226.03804687]
 [226.01315104]
 [226.02333333]
 [226.03770833]
 [226.00479167]
 [225.91765625]
 [225.94036458]
 [225.98721354]
 [225.9146875 ]
 [225.81244792]
 [225.81869792]
 [225.84528646]
 [225.78497396]
 [225.63648438]
 [225.55653646]
 [225.45734375]
 [225.32372396]
 [225.16325521]
 [225.07794271]
 [225.0784375 ]
 [225.10664063]
 [225.17609375]
 [225.36875   ]
 [225.57911458]
 [225.69080729]
 [225.72231771]
 [225.82369792]
 [225.9365625 ]
 [225.96765625]
 [225.91861979]
 [225.9225    ]]
Summary:  Uni24-np3:Local (T100,BS5): 5.46s,559.8s,591.4s
