Dataset loaded from S3 with s3fs and Pyfive: bnl/ch330a.pc19790301-def.nc (0.039,4.7)
Thread times [0.8946561813354492, 0.971203088760376, 1.2051799297332764, 1.0380182266235352, 1.0451440811157227, 1.1393921375274658, 1.1412570476531982, 1.266789197921753, 1.4029181003570557, 1.2000789642333984, 1.1341650485992432, 1.3470489978790283, 1.1153969764709473, 1.0761170387268066, 1.083251953125]
{'load nc time': 5.7361040115356445, 'args': ((0, 0, slice(0, 960, None), slice(None, None, None)),), 'dataset shape': (40, 11, 1921, 2560), 'dataset chunks': (7, 1, 385, 512), 'indexing time (s)': 24.620965242385864, 'chunk number': 1650, 'reduction time (s)': 17.06193518638611, 'chunks processed': 15, 'storage read (B)': 29685482, 'selection 1 time (s)': 41.68300414085388}
Thread times [1.012284755706787, 1.008915901184082, 1.196601152420044, 0.9542970657348633, 1.0000030994415283, 1.0690560340881348, 1.025594711303711, 1.2557799816131592, 1.4234087467193604, 1.507054090499878, 1.3838977813720703, 1.4507780075073242, 1.1191318035125732, 1.0392730236053467, 1.002676010131836]
{'args': ((1, 0, slice(0, 960, None), slice(None, None, None)),), 'dataset shape': (40, 11, 1921, 2560), 'dataset chunks': (7, 1, 385, 512), 'indexing time (s)': 9.5367431640625e-07, 'chunk number': 1650, 'reduction time (s)': 17.449604988098145, 'chunks processed': 15, 'storage read (B)': 29685482, 'selection 1 time (s)': 17.449708223342896}
Thread times [0.9248898029327393, 0.8826897144317627, 1.1228079795837402, 0.9778728485107422, 1.086805820465088, 1.189357042312622, 1.0982720851898193, 1.1907010078430176, 1.1825339794158936, 1.1137850284576416, 1.1521108150482178, 1.3149402141571045, 1.1304452419281006, 1.2635018825531006, 1.1797749996185303]
{'args': ((2, 0, slice(0, 960, None), slice(None, None, None)),), 'dataset shape': (40, 11, 1921, 2560), 'dataset chunks': (7, 1, 385, 512), 'indexing time (s)': 9.5367431640625e-07, 'chunk number': 1650, 'reduction time (s)': 16.811407804489136, 'chunks processed': 15, 'storage read (B)': 29685482, 'selection 1 time (s)': 16.811517000198364}
Thread times [1.0484719276428223, 0.9441099166870117, 1.0719938278198242, 1.0537383556365967, 0.8980088233947754, 1.0715630054473877, 1.1398100852966309, 1.1835861206054688, 1.1564381122589111, 1.0796401500701904, 1.027984857559204, 1.3226869106292725, 1.4004509449005127, 1.2094948291778564, 1.1757125854492188]
{'args': ((3, 0, slice(0, 960, None), slice(None, None, None)),), 'dataset shape': (40, 11, 1921, 2560), 'dataset chunks': (7, 1, 385, 512), 'indexing time (s)': 1.1920928955078125e-06, 'chunk number': 1650, 'reduction time (s)': 16.784581899642944, 'chunks processed': 15, 'storage read (B)': 29685482, 'selection 1 time (s)': 16.784708738327026}
Thread times [0.9170818328857422, 0.9212570190429688, 1.0840928554534912, 0.9904079437255859, 1.0668821334838867, 1.102154016494751, 1.0902950763702393, 1.1307899951934814, 1.1470341682434082, 1.084115982055664, 1.1939780712127686, 1.249586820602417, 1.087904930114746, 1.148271083831787, 1.0818099975585938]
{'args': ((4, 0, slice(0, 960, None), slice(None, None, None)),), 'dataset shape': (40, 11, 1921, 2560), 'dataset chunks': (7, 1, 385, 512), 'indexing time (s)': 9.5367431640625e-07, 'chunk number': 1650, 'reduction time (s)': 16.29672598838806, 'chunks processed': 15, 'storage read (B)': 29685482, 'selection 1 time (s)': 16.296823740005493}
Thread times [1.024212121963501, 0.8790228366851807, 1.1178348064422607, 0.9775822162628174, 1.0080218315124512, 1.1024408340454102, 1.0654609203338623, 1.1643030643463135, 1.1083509922027588, 1.0372850894927979, 1.0036311149597168, 1.3613808155059814, 1.1335351467132568, 1.0430238246917725, 1.1000990867614746]
{'args': ((5, 0, slice(0, 960, None), slice(None, None, None)),), 'dataset shape': (40, 11, 1921, 2560), 'dataset chunks': (7, 1, 385, 512), 'indexing time (s)': 1.1920928955078125e-06, 'chunk number': 1650, 'reduction time (s)': 16.127123832702637, 'chunks processed': 15, 'storage read (B)': 29685482, 'selection 1 time (s)': 16.12723422050476}
Thread times [0.8820521831512451, 0.8537871837615967, 1.0777928829193115, 0.9764249324798584, 0.9924261569976807, 1.1063868999481201, 1.1107230186462402, 1.128458023071289, 1.1239581108093262, 1.1259729862213135, 1.1813910007476807, 1.2890589237213135, 1.1669812202453613, 1.1297500133514404, 1.0917701721191406]
{'args': ((6, 0, slice(0, 960, None), slice(None, None, None)),), 'dataset shape': (40, 11, 1921, 2560), 'dataset chunks': (7, 1, 385, 512), 'indexing time (s)': 9.5367431640625e-07, 'chunk number': 1650, 'reduction time (s)': 16.237886905670166, 'chunks processed': 15, 'storage read (B)': 29685482, 'selection 1 time (s)': 16.238115072250366}
Thread times [0.936708927154541, 0.9504208564758301, 1.0044779777526855, 0.9973409175872803, 1.1986567974090576, 1.0911741256713867, 1.0692639350891113, 1.2081148624420166, 0.026486873626708984, 0.021389245986938477, 1.0685818195343018, 1.1484220027923584, 1.1165227890014648, 1.1717612743377686, 1.1634602546691895]
{'args': ((7, 0, slice(0, 960, None), slice(None, None, None)),), 'dataset shape': (40, 11, 1921, 2560), 'dataset chunks': (7, 1, 385, 512), 'indexing time (s)': 9.5367431640625e-07, 'chunk number': 1650, 'reduction time (s)': 14.173700094223022, 'chunks processed': 15, 'storage read (B)': 29701892, 'selection 1 time (s)': 14.173839092254639}
Thread times [1.0105462074279785, 0.936776876449585, 1.0233290195465088, 1.0527429580688477, 1.0715019702911377, 1.107253074645996, 1.1877880096435547, 1.2184782028198242, 0.025814056396484375, 0.02013397216796875, 1.1677370071411133, 1.1699981689453125, 1.1255509853363037, 1.2534098625183105, 1.1686820983886719]
{'args': ((8, 0, slice(0, 960, None), slice(None, None, None)),), 'dataset shape': (40, 11, 1921, 2560), 'dataset chunks': (7, 1, 385, 512), 'indexing time (s)': 9.5367431640625e-07, 'chunk number': 1650, 'reduction time (s)': 14.540881156921387, 'chunks processed': 15, 'storage read (B)': 29701892, 'selection 1 time (s)': 14.54100513458252}
Thread times [0.91190505027771, 0.8951947689056396, 1.0696282386779785, 1.1300411224365234, 1.248136043548584, 1.1168937683105469, 1.3187799453735352, 1.2044529914855957, 0.025494098663330078, 0.020015954971313477, 1.1100881099700928, 1.152374029159546, 1.1547939777374268, 1.243973731994629, 1.1502079963684082]
{'args': ((9, 0, slice(0, 960, None), slice(None, None, None)),), 'dataset shape': (40, 11, 1921, 2560), 'dataset chunks': (7, 1, 385, 512), 'indexing time (s)': 1.1920928955078125e-06, 'chunk number': 1650, 'reduction time (s)': 14.752964973449707, 'chunks processed': 15, 'storage read (B)': 29701892, 'selection 1 time (s)': 14.753075122833252}
Thread times [0.9444210529327393, 0.8578348159790039, 0.9914700984954834, 1.047834873199463, 1.0087220668792725, 1.0869500637054443, 1.0965909957885742, 1.245215892791748, 0.02448296546936035, 0.01948380470275879, 1.0415642261505127, 1.0990149974822998, 1.1347200870513916, 1.2804088592529297, 1.0402441024780273]
{'args': ((10, 0, slice(0, 960, None), slice(None, None, None)),), 'dataset shape': (40, 11, 1921, 2560), 'dataset chunks': (7, 1, 385, 512), 'indexing time (s)': 1.1920928955078125e-06, 'chunk number': 1650, 'reduction time (s)': 13.9199538230896, 'chunks processed': 15, 'storage read (B)': 29701892, 'selection 1 time (s)': 13.920090913772583}
Thread times [0.9843220710754395, 0.9451568126678467, 1.0319538116455078, 1.1051218509674072, 1.1033530235290527, 1.1081428527832031, 1.0853440761566162, 1.146927833557129, 0.019733905792236328, 0.0187530517578125, 1.0939199924468994, 1.104057788848877, 1.1602261066436768, 1.1329412460327148, 1.1063859462738037]
{'args': ((11, 0, slice(0, 960, None), slice(None, None, None)),), 'dataset shape': (40, 11, 1921, 2560), 'dataset chunks': (7, 1, 385, 512), 'indexing time (s)': 1.1920928955078125e-06, 'chunk number': 1650, 'reduction time (s)': 14.14734172821045, 'chunks processed': 15, 'storage read (B)': 29701892, 'selection 1 time (s)': 14.147483825683594}
Thread times [0.9521408081054688, 0.9477639198303223, 1.0471270084381104, 1.0527851581573486, 1.0452792644500732, 1.0717461109161377, 1.1486210823059082, 1.2046358585357666, 0.025223970413208008, 0.019977092742919922, 1.0363798141479492, 1.094285011291504, 1.0943148136138916, 1.1232941150665283, 1.046077013015747]
{'args': ((12, 0, slice(0, 960, None), slice(None, None, None)),), 'dataset shape': (40, 11, 1921, 2560), 'dataset chunks': (7, 1, 385, 512), 'indexing time (s)': 9.5367431640625e-07, 'chunk number': 1650, 'reduction time (s)': 13.910854816436768, 'chunks processed': 15, 'storage read (B)': 29701892, 'selection 1 time (s)': 13.910985946655273}
Thread times [0.8731667995452881, 0.8147110939025879, 0.9702191352844238, 1.0034480094909668, 1.305992841720581, 1.4843289852142334, 1.4176180362701416, 1.4581120014190674, 0.026617765426635742, 0.020781278610229492, 1.1048579216003418, 1.1860699653625488, 1.1550681591033936, 1.2425720691680908, 1.1197080612182617]
{'args': ((13, 0, slice(0, 960, None), slice(None, None, None)),), 'dataset shape': (40, 11, 1921, 2560), 'dataset chunks': (7, 1, 385, 512), 'indexing time (s)': 9.5367431640625e-07, 'chunk number': 1650, 'reduction time (s)': 15.184216260910034, 'chunks processed': 15, 'storage read (B)': 29701892, 'selection 1 time (s)': 15.184349775314331}
Thread times [0.961014986038208, 0.9915132522583008, 1.0696358680725098, 0.9293100833892822, 0.9806950092315674, 1.1337599754333496, 1.149040937423706, 1.1248056888580322, 0.026624679565429688, 1.1285290718078613, 1.0325779914855957, 1.240943193435669, 1.1536250114440918, 1.122410774230957, 1.120521068572998]
{'args': ((14, 0, slice(0, 960, None), slice(None, None, None)),), 'dataset shape': (40, 11, 1921, 2560), 'dataset chunks': (7, 1, 385, 512), 'indexing time (s)': 1.6689300537109375e-06, 'chunk number': 1650, 'reduction time (s)': 15.16605806350708, 'chunks processed': 15, 'storage read (B)': 29733505, 'selection 1 time (s)': 15.166211128234863}
Thread times [0.8682920932769775, 0.9541430473327637, 1.015699863433838, 1.041356086730957, 1.063115119934082, 1.2138266563415527, 1.205763816833496, 1.148207187652588, 0.02309417724609375, 1.0754210948944092, 1.0899488925933838, 1.249251127243042, 1.1977050304412842, 1.1242449283599854, 1.4556300640106201]
{'args': ((15, 0, slice(0, 960, None), slice(None, None, None)),), 'dataset shape': (40, 11, 1921, 2560), 'dataset chunks': (7, 1, 385, 512), 'indexing time (s)': 1.9073486328125e-06, 'chunk number': 1650, 'reduction time (s)': 15.726688861846924, 'chunks processed': 15, 'storage read (B)': 29733505, 'selection 1 time (s)': 15.726881980895996}
Thread times [1.0133118629455566, 0.9868988990783691, 1.0597388744354248, 1.0035080909729004, 0.9019351005554199, 1.0483956336975098, 1.106844186782837, 1.1552929878234863, 0.02738475799560547, 1.1306860446929932, 1.0211639404296875, 1.1562750339508057, 1.0704431533813477, 1.1683692932128906, 1.184373140335083]
{'args': ((16, 0, slice(0, 960, None), slice(None, None, None)),), 'dataset shape': (40, 11, 1921, 2560), 'dataset chunks': (7, 1, 385, 512), 'indexing time (s)': 7.152557373046875e-07, 'chunk number': 1650, 'reduction time (s)': 15.035591125488281, 'chunks processed': 15, 'storage read (B)': 29733505, 'selection 1 time (s)': 15.035732984542847}
Thread times [0.9070708751678467, 1.0281689167022705, 1.018974781036377, 1.0088517665863037, 1.0609230995178223, 1.1192221641540527, 1.1205241680145264, 1.1655278205871582, 0.02601027488708496, 1.107003927230835, 1.1709251403808594, 1.3073949813842773, 1.091109037399292, 1.0886108875274658, 1.15580415725708]
{'args': ((17, 0, slice(0, 960, None), slice(None, None, None)),), 'dataset shape': (40, 11, 1921, 2560), 'dataset chunks': (7, 1, 385, 512), 'indexing time (s)': 2.1457672119140625e-06, 'chunk number': 1650, 'reduction time (s)': 15.377110004425049, 'chunks processed': 15, 'storage read (B)': 29733505, 'selection 1 time (s)': 15.377276182174683}
Thread times [0.9573490619659424, 0.9423751831054688, 0.9866442680358887, 1.0165140628814697, 1.0036461353302002, 1.1877939701080322, 1.1475293636322021, 1.1533849239349365, 0.026265859603881836, 1.0613088607788086, 0.99552321434021, 1.1013729572296143, 1.0474128723144531, 1.0682203769683838, 1.0965561866760254]
{'args': ((18, 0, slice(0, 960, None), slice(None, None, None)),), 'dataset shape': (40, 11, 1921, 2560), 'dataset chunks': (7, 1, 385, 512), 'indexing time (s)': 9.5367431640625e-07, 'chunk number': 1650, 'reduction time (s)': 14.792870283126831, 'chunks processed': 15, 'storage read (B)': 29733505, 'selection 1 time (s)': 14.792997121810913}
Thread times [0.846513032913208, 0.909661054611206, 0.9425489902496338, 0.9565858840942383, 0.9464640617370605, 1.0604941844940186, 1.129836082458496, 1.0764198303222656, 0.025494098663330078, 1.0844941139221191, 1.1065831184387207, 1.161635160446167, 1.028285026550293, 1.0915799140930176, 1.211719036102295]
{'args': ((19, 0, slice(0, 960, None), slice(None, None, None)),), 'dataset shape': (40, 11, 1921, 2560), 'dataset chunks': (7, 1, 385, 512), 'indexing time (s)': 7.152557373046875e-07, 'chunk number': 1650, 'reduction time (s)': 14.579228162765503, 'chunks processed': 15, 'storage read (B)': 29733505, 'selection 1 time (s)': 14.579353094100952}
Thread times [0.9820890426635742, 1.006756067276001, 1.0134210586547852, 1.0018789768218994, 1.032419204711914, 1.203352928161621, 1.214280128479004, 1.1710689067840576, 0.026449203491210938, 1.230571985244751, 1.212651014328003, 1.1357052326202393, 0.9961810111999512, 1.05263090133667, 1.0050981044769287]
{'args': ((20, 0, slice(0, 960, None), slice(None, None, None)),), 'dataset shape': (40, 11, 1921, 2560), 'dataset chunks': (7, 1, 385, 512), 'indexing time (s)': 9.5367431640625e-07, 'chunk number': 1650, 'reduction time (s)': 15.285476922988892, 'chunks processed': 15, 'storage read (B)': 29733505, 'selection 1 time (s)': 15.285606145858765}
Thread times [0.7092180252075195, 0.7563390731811523, 0.9608540534973145, 0.020210742950439453, 0.02020120620727539, 1.0222351551055908, 1.2150099277496338, 1.0934908390045166, 1.0041069984436035, 1.0098350048065186, 0.9288721084594727, 1.0569369792938232, 1.188882827758789, 1.062514305114746, 0.026675939559936523]
{'args': ((21, 0, slice(0, 960, None), slice(None, None, None)),), 'dataset shape': (40, 11, 1921, 2560), 'dataset chunks': (7, 1, 385, 512), 'indexing time (s)': 1.1920928955078125e-06, 'chunk number': 1650, 'reduction time (s)': 12.076287984848022, 'chunks processed': 15, 'storage read (B)': 29686785, 'selection 1 time (s)': 12.076415061950684}
Thread times [0.7811310291290283, 0.7638237476348877, 0.8901691436767578, 0.02272486686706543, 0.01973414421081543, 0.9949309825897217, 0.9708700180053711, 1.0688679218292236, 0.9566190242767334, 0.9268507957458496, 0.957056999206543, 0.892064094543457, 1.0631110668182373, 1.0971720218658447, 0.022940874099731445]
{'args': ((22, 0, slice(0, 960, None), slice(None, None, None)),), 'dataset shape': (40, 11, 1921, 2560), 'dataset chunks': (7, 1, 385, 512), 'indexing time (s)': 9.5367431640625e-07, 'chunk number': 1650, 'reduction time (s)': 11.428898811340332, 'chunks processed': 15, 'storage read (B)': 29686785, 'selection 1 time (s)': 11.429008960723877}
Thread times [0.8424992561340332, 0.7983479499816895, 0.8908159732818604, 0.01776719093322754, 0.017194032669067383, 0.9685771465301514, 1.0324158668518066, 1.028676986694336, 0.9122281074523926, 0.9259021282196045, 0.8424568176269531, 0.8696019649505615, 0.9351661205291748, 0.9649009704589844, 0.024972200393676758]
{'args': ((23, 0, slice(0, 960, None), slice(None, None, None)),), 'dataset shape': (40, 11, 1921, 2560), 'dataset chunks': (7, 1, 385, 512), 'indexing time (s)': 1.1920928955078125e-06, 'chunk number': 1650, 'reduction time (s)': 11.072423934936523, 'chunks processed': 15, 'storage read (B)': 29686785, 'selection 1 time (s)': 11.07253623008728}
Thread times [0.8089730739593506, 0.7992510795593262, 0.963494062423706, 0.023721933364868164, 0.019313812255859375, 0.9786407947540283, 0.9393317699432373, 1.0556402206420898, 0.9637539386749268, 1.1552619934082031, 0.9186079502105713, 0.9477362632751465, 0.9814040660858154, 0.995466947555542, 0.026790857315063477]
{'args': ((24, 0, slice(0, 960, None), slice(None, None, None)),), 'dataset shape': (40, 11, 1921, 2560), 'dataset chunks': (7, 1, 385, 512), 'indexing time (s)': 9.5367431640625e-07, 'chunk number': 1650, 'reduction time (s)': 11.578925848007202, 'chunks processed': 15, 'storage read (B)': 29686785, 'selection 1 time (s)': 11.579053163528442}
Thread times [0.8395028114318848, 0.741002082824707, 0.8680479526519775, 0.018475055694580078, 0.016678333282470703, 0.9809238910675049, 0.9127950668334961, 1.0556819438934326, 0.9830849170684814, 1.1482999324798584, 0.9614269733428955, 1.0175678730010986, 1.212827205657959, 1.1465978622436523, 0.02564406394958496]
{'args': ((25, 0, slice(0, 960, None), slice(None, None, None)),), 'dataset shape': (40, 11, 1921, 2560), 'dataset chunks': (7, 1, 385, 512), 'indexing time (s)': 1.1920928955078125e-06, 'chunk number': 1650, 'reduction time (s)': 11.929433107376099, 'chunks processed': 15, 'storage read (B)': 29686785, 'selection 1 time (s)': 11.929590940475464}
Thread times [0.9497888088226318, 0.9165351390838623, 1.0015182495117188, 0.02268815040588379, 0.018712997436523438, 1.0670750141143799, 1.124880075454712, 1.164046287536621, 1.0610759258270264, 1.2754461765289307, 1.177391767501831, 1.0874912738800049, 1.2941601276397705, 1.1382369995117188, 0.020960092544555664]
{'args': ((26, 0, slice(0, 960, None), slice(None, None, None)),), 'dataset shape': (40, 11, 1921, 2560), 'dataset chunks': (7, 1, 385, 512), 'indexing time (s)': 9.5367431640625e-07, 'chunk number': 1650, 'reduction time (s)': 13.320817947387695, 'chunks processed': 15, 'storage read (B)': 29686785, 'selection 1 time (s)': 13.320919036865234}
Thread times [0.980097770690918, 0.8991348743438721, 0.9292900562286377, 0.015397787094116211, 0.016424894332885742, 1.2460401058197021, 1.1226329803466797, 1.231328010559082, 1.0682170391082764, 1.2045087814331055, 1.0674669742584229, 1.0800611972808838, 1.2250299453735352, 1.2704792022705078, 0.025197982788085938]
{'args': ((27, 0, slice(0, 960, None), slice(None, None, None)),), 'dataset shape': (40, 11, 1921, 2560), 'dataset chunks': (7, 1, 385, 512), 'indexing time (s)': 1.1920928955078125e-06, 'chunk number': 1650, 'reduction time (s)': 13.38261604309082, 'chunks processed': 15, 'storage read (B)': 29686785, 'selection 1 time (s)': 13.382717847824097}
Thread times [0.9718601703643799, 0.8639087677001953, 1.0556411743164062, 1.0297091007232666, 1.0473830699920654, 1.1977391242980957, 0.026485919952392578, 1.0157520771026611, 0.02588796615600586, 0.9256720542907715, 1.131781816482544, 1.0723662376403809, 0.988957405090332, 0.9577438831329346, 1.145521879196167]
{'args': ((28, 0, slice(0, 960, None), slice(None, None, None)),), 'dataset shape': (40, 11, 1921, 2560), 'dataset chunks': (7, 1, 385, 512), 'indexing time (s)': 0.0, 'chunk number': 1650, 'reduction time (s)': 13.457283020019531, 'chunks processed': 15, 'storage read (B)': 29670387, 'selection 1 time (s)': 13.45739483833313}
Thread times [1.084277868270874, 0.9346082210540771, 1.0535871982574463, 0.9101729393005371, 0.785825252532959, 0.9291718006134033, 0.023776769638061523, 1.0747640132904053, 0.018451929092407227, 1.146198034286499, 1.136509895324707, 1.1275200843811035, 1.1999919414520264, 1.1424369812011719, 1.1266498565673828]
{'args': ((29, 0, slice(0, 960, None), slice(None, None, None)),), 'dataset shape': (40, 11, 1921, 2560), 'dataset chunks': (7, 1, 385, 512), 'indexing time (s)': 9.5367431640625e-07, 'chunk number': 1650, 'reduction time (s)': 13.694801807403564, 'chunks processed': 15, 'storage read (B)': 29670387, 'selection 1 time (s)': 13.694941997528076}
Thread times [0.9118461608886719, 0.8545169830322266, 1.1532490253448486, 1.208765983581543, 1.0516610145568848, 1.1100800037384033, 0.027183055877685547, 1.12046480178833, 0.025910139083862305, 1.2406909465789795, 1.0496282577514648, 1.2152230739593506, 1.0499839782714844, 1.1120009422302246, 1.203730821609497]
{'args': ((30, 0, slice(0, 960, None), slice(None, None, None)),), 'dataset shape': (40, 11, 1921, 2560), 'dataset chunks': (7, 1, 385, 512), 'indexing time (s)': 9.5367431640625e-07, 'chunk number': 1650, 'reduction time (s)': 14.336086750030518, 'chunks processed': 15, 'storage read (B)': 29670387, 'selection 1 time (s)': 14.33624815940857}
Thread times [0.9300479888916016, 0.9128680229187012, 0.8570108413696289, 0.945296049118042, 0.8114640712738037, 1.112908124923706, 0.01985621452331543, 1.1130859851837158, 0.027004003524780273, 1.1483187675476074, 0.8784661293029785, 0.9539849758148193, 0.9129829406738281, 0.9762678146362305, 0.9718639850616455]
{'args': ((31, 0, slice(0, 960, None), slice(None, None, None)),), 'dataset shape': (40, 11, 1921, 2560), 'dataset chunks': (7, 1, 385, 512), 'indexing time (s)': 1.9073486328125e-06, 'chunk number': 1650, 'reduction time (s)': 12.572359800338745, 'chunks processed': 15, 'storage read (B)': 29670387, 'selection 1 time (s)': 12.572546005249023}
Thread times [0.8363158702850342, 0.846470832824707, 0.9678080081939697, 1.0092790126800537, 0.9069833755493164, 0.9330029487609863, 0.026755809783935547, 1.1641058921813965, 0.018681764602661133, 1.1868669986724854, 1.0588290691375732, 1.0805230140686035, 1.036999225616455, 0.9554898738861084, 0.9792649745941162]
{'args': ((32, 0, slice(0, 960, None), slice(None, None, None)),), 'dataset shape': (40, 11, 1921, 2560), 'dataset chunks': (7, 1, 385, 512), 'indexing time (s)': 9.5367431640625e-07, 'chunk number': 1650, 'reduction time (s)': 13.008176326751709, 'chunks processed': 15, 'storage read (B)': 29670387, 'selection 1 time (s)': 13.008279085159302}
Thread times [0.7250361442565918, 0.7425062656402588, 0.9816088676452637, 0.9106528759002686, 0.9255146980285645, 1.0823729038238525, 0.02034282684326172, 1.1097359657287598, 0.0260159969329834, 1.0753610134124756, 0.9504609107971191, 1.1026709079742432, 1.1927108764648438, 1.1404340267181396, 1.1363818645477295]
{'args': ((33, 0, slice(0, 960, None), slice(None, None, None)),), 'dataset shape': (40, 11, 1921, 2560), 'dataset chunks': (7, 1, 385, 512), 'indexing time (s)': 1.9073486328125e-06, 'chunk number': 1650, 'reduction time (s)': 13.122679233551025, 'chunks processed': 15, 'storage read (B)': 29670387, 'selection 1 time (s)': 13.122796773910522}
Thread times [0.8464691638946533, 0.8188340663909912, 0.9001600742340088, 0.814176082611084, 0.8931248188018799, 1.1089658737182617, 0.020953893661499023, 1.1551117897033691, 0.018454790115356445, 1.0486700534820557, 1.0227580070495605, 1.2949042320251465, 1.0782289505004883, 1.197376012802124, 1.4358642101287842]
{'args': ((34, 0, slice(0, 960, None), slice(None, None, None)),), 'dataset shape': (40, 11, 1921, 2560), 'dataset chunks': (7, 1, 385, 512), 'indexing time (s)': 9.5367431640625e-07, 'chunk number': 1650, 'reduction time (s)': 13.654891014099121, 'chunks processed': 15, 'storage read (B)': 29670387, 'selection 1 time (s)': 13.655031681060791}
Thread times [1.171539306640625, 0.9233551025390625, 1.0514578819274902, 1.2551519870758057, 1.6187961101531982, 1.8779089450836182, 1.564850091934204, 1.8358628749847412, 1.9120290279388428, 1.3531227111816406, 1.0105948448181152, 1.0614218711853027, 1.155684232711792, 0.9904530048370361, 1.0251519680023193]
{'args': ((35, 0, slice(0, 960, None), slice(None, None, None)),), 'dataset shape': (40, 11, 1921, 2560), 'dataset chunks': (7, 1, 385, 512), 'indexing time (s)': 1.1920928955078125e-06, 'chunk number': 1650, 'reduction time (s)': 19.808268070220947, 'chunks processed': 15, 'storage read (B)': 21287473, 'selection 1 time (s)': 19.80838179588318}
Thread times [0.7967700958251953, 0.9048221111297607, 0.8890349864959717, 1.0144927501678467, 0.975513219833374, 0.9747588634490967, 0.948045015335083, 1.2025339603424072, 0.9856488704681396, 1.0500659942626953, 0.9109318256378174, 1.3183679580688477, 1.0643551349639893, 1.226855993270874, 1.2557439804077148]
{'args': ((36, 0, slice(0, 960, None), slice(None, None, None)),), 'dataset shape': (40, 11, 1921, 2560), 'dataset chunks': (7, 1, 385, 512), 'indexing time (s)': 1.1920928955078125e-06, 'chunk number': 1650, 'reduction time (s)': 15.51900315284729, 'chunks processed': 15, 'storage read (B)': 21287473, 'selection 1 time (s)': 15.519138813018799}
Thread times [0.8303341865539551, 0.860353946685791, 0.9392368793487549, 0.9288539886474609, 1.3361589908599854, 1.0266191959381104, 0.907012939453125, 1.0910520553588867, 0.9459080696105957, 1.030268907546997, 0.872614860534668, 1.022101879119873, 1.2830719947814941, 1.0239360332489014, 1.0547351837158203]
{'args': ((37, 0, slice(0, 960, None), slice(None, None, None)),), 'dataset shape': (40, 11, 1921, 2560), 'dataset chunks': (7, 1, 385, 512), 'indexing time (s)': 1.1920928955078125e-06, 'chunk number': 1650, 'reduction time (s)': 15.153055906295776, 'chunks processed': 15, 'storage read (B)': 21287473, 'selection 1 time (s)': 15.153154850006104}
Thread times [0.9254393577575684, 1.0512869358062744, 0.9844968318939209, 0.931298017501831, 1.0705978870391846, 0.9474408626556396, 1.0968270301818848, 1.0703439712524414, 1.1447718143463135, 1.2451560497283936, 1.0449516773223877, 0.988555908203125, 1.3606986999511719, 0.90081787109375, 0.9631590843200684]
{'args': ((38, 0, slice(0, 960, None), slice(None, None, None)),), 'dataset shape': (40, 11, 1921, 2560), 'dataset chunks': (7, 1, 385, 512), 'indexing time (s)': 0.0, 'chunk number': 1650, 'reduction time (s)': 15.727145910263062, 'chunks processed': 15, 'storage read (B)': 21287473, 'selection 1 time (s)': 15.727293968200684}
Thread times [1.0952849388122559, 0.8943297863006592, 1.1503212451934814, 0.9154400825500488, 0.9396438598632812, 1.068594217300415, 1.0055737495422363, 0.9428770542144775, 1.0305800437927246, 1.0793089866638184, 1.1566598415374756, 0.9939029216766357, 1.2974441051483154, 1.069856882095337, 1.0649852752685547]
{'args': ((39, 0, slice(0, 960, None), slice(None, None, None)),), 'dataset shape': (40, 11, 1921, 2560), 'dataset chunks': (7, 1, 385, 512), 'indexing time (s)': 9.5367431640625e-07, 'chunk number': 1650, 'reduction time (s)': 15.70790696144104, 'chunks processed': 15, 'storage read (B)': 21287473, 'selection 1 time (s)': 15.708040952682495}
[[226.07817708]
 [226.06473958]
 [225.93765625]
 [225.90807292]
 [225.91734375]
 [225.88453125]
 [225.82075521]
 [225.85440104]
 [225.98328125]
 [226.03804687]
 [226.01315104]
 [226.02330729]
 [226.03770833]
 [226.00476563]
 [225.91765625]
 [225.94036458]
 [225.98721354]
 [225.9146875 ]
 [225.81242188]
 [225.81869792]
 [225.84526042]
 [225.78497396]
 [225.63651042]
 [225.55651042]
 [225.45734375]
 [225.32369792]
 [225.16325521]
 [225.07794271]
 [225.07846354]
 [225.10664063]
 [225.17609375]
 [225.36880208]
 [225.57911458]
 [225.69080729]
 [225.72229167]
 [225.82367188]
 [225.93658854]
 [225.96765625]
 [225.91861979]
 [225.9225    ]]
Summary:  Uni24-np3:Local (T1,BS5): 5.74s,583.9s,614.3s
