Dataset loaded from S3 with s3fs and Pyfive: bnl/ch330a.pc19790301-def.nc (0.087,0.88)
Thread times [0.16417622566223145, 0.17156267166137695, 0.19405102729797363, 0.19616913795471191, 0.20080113410949707, 0.41933226585388184, 0.4619441032409668, 0.5148439407348633, 0.5153930187225342, 0.5374181270599365, 0.5384798049926758, 0.5413329601287842, 0.5424680709838867, 0.5793118476867676, 0.5802679061889648]
{'load nc time': 1.1043322086334229, 'args': ((0, 0, slice(0, 960, None), slice(None, None, None)),), 'dataset shape': (40, 11, 1921, 2560), 'dataset chunks': (7, 1, 385, 512), 'indexing time (s)': 5.593443870544434, 'chunk number': 1650, 'reduction time (s)': 0.5856261253356934, 'chunks processed': 15, 'storage read (B)': 29685482, 'selection 2 time (s)': 6.197540998458862}
Thread times [0.14825105667114258, 0.40277099609375, 0.4330732822418213, 0.5269970893859863, 0.5445301532745361, 0.5554559230804443, 0.5951581001281738, 0.6074681282043457, 0.6201069355010986, 0.6265559196472168, 0.6295521259307861, 0.6266610622406006, 0.6278989315032959, 0.6304049491882324, 0.6325480937957764]
{'args': ((1, 0, slice(0, 960, None), slice(None, None, None)),), 'dataset shape': (40, 11, 1921, 2560), 'dataset chunks': (7, 1, 385, 512), 'indexing time (s)': 1.1920928955078125e-06, 'chunk number': 1650, 'reduction time (s)': 0.641650915145874, 'chunks processed': 15, 'storage read (B)': 29685482, 'selection 2 time (s)': 0.650277853012085}
Thread times [0.4680922031402588, 0.4688839912414551, 0.5791947841644287, 0.627028226852417, 0.6334550380706787, 0.682344913482666, 0.7065348625183105, 0.7081449031829834, 0.7094912528991699, 0.7104613780975342, 0.7110409736633301, 0.7131969928741455, 0.7149350643157959, 0.7242228984832764, 0.7401199340820312]
{'args': ((2, 0, slice(0, 960, None), slice(None, None, None)),), 'dataset shape': (40, 11, 1921, 2560), 'dataset chunks': (7, 1, 385, 512), 'indexing time (s)': 9.5367431640625e-07, 'chunk number': 1650, 'reduction time (s)': 0.7448980808258057, 'chunks processed': 15, 'storage read (B)': 29685482, 'selection 2 time (s)': 0.7624611854553223}
Thread times [0.2066361904144287, 0.22122812271118164, 0.2798421382904053, 0.44075798988342285, 0.46326708793640137, 0.5335299968719482, 0.5447890758514404, 0.5504457950592041, 0.5632851123809814, 0.5644609928131104, 0.5707132816314697, 0.5860171318054199, 0.5846850872039795, 0.5906031131744385, 0.5926110744476318]
{'args': ((3, 0, slice(0, 960, None), slice(None, None, None)),), 'dataset shape': (40, 11, 1921, 2560), 'dataset chunks': (7, 1, 385, 512), 'indexing time (s)': 9.5367431640625e-07, 'chunk number': 1650, 'reduction time (s)': 0.601658821105957, 'chunks processed': 15, 'storage read (B)': 29685482, 'selection 2 time (s)': 0.6184220314025879}
Thread times [0.11122488975524902, 0.31710100173950195, 0.3911750316619873, 0.48958778381347656, 0.5140440464019775, 0.5368766784667969, 0.5519030094146729, 0.55405592918396, 0.5493161678314209, 0.5652332305908203, 0.582252025604248, 0.5825583934783936, 0.584526777267456, 0.6069467067718506, 0.6422488689422607]
{'args': ((4, 0, slice(0, 960, None), slice(None, None, None)),), 'dataset shape': (40, 11, 1921, 2560), 'dataset chunks': (7, 1, 385, 512), 'indexing time (s)': 9.5367431640625e-07, 'chunk number': 1650, 'reduction time (s)': 0.6514148712158203, 'chunks processed': 15, 'storage read (B)': 29685482, 'selection 2 time (s)': 0.6633028984069824}
Thread times [0.33606886863708496, 0.3682718276977539, 0.3990647792816162, 0.563513994216919, 0.5657949447631836, 0.5945510864257812, 0.5953819751739502, 0.600383996963501, 0.607440710067749, 0.6071391105651855, 0.6262567043304443, 0.6335620880126953, 0.6290328502655029, 0.6387588977813721, 0.6386139392852783]
{'args': ((5, 0, slice(0, 960, None), slice(None, None, None)),), 'dataset shape': (40, 11, 1921, 2560), 'dataset chunks': (7, 1, 385, 512), 'indexing time (s)': 7.152557373046875e-07, 'chunk number': 1650, 'reduction time (s)': 0.6500709056854248, 'chunks processed': 15, 'storage read (B)': 29685482, 'selection 2 time (s)': 0.66510009765625}
Thread times [0.3184049129486084, 0.4094851016998291, 0.45068812370300293, 0.4873678684234619, 0.5483441352844238, 0.5787220001220703, 0.6111130714416504, 0.6124231815338135, 0.6109449863433838, 0.6237308979034424, 0.6244816780090332, 0.6272342205047607, 0.6572020053863525, 0.6568689346313477, 0.6807882785797119]
{'args': ((6, 0, slice(0, 960, None), slice(None, None, None)),), 'dataset shape': (40, 11, 1921, 2560), 'dataset chunks': (7, 1, 385, 512), 'indexing time (s)': 9.5367431640625e-07, 'chunk number': 1650, 'reduction time (s)': 0.6887671947479248, 'chunks processed': 15, 'storage read (B)': 29685482, 'selection 2 time (s)': 0.7060389518737793}
Thread times [0.3129689693450928, 0.41451001167297363, 0.466508150100708, 0.46830272674560547, 0.5026099681854248, 0.5157930850982666, 0.5229880809783936, 0.5176260471343994, 0.5248041152954102, 0.5305547714233398, 0.5309369564056396, 0.5380642414093018, 0.5359249114990234, 0.5432870388031006, 0.5768301486968994]
{'args': ((7, 0, slice(0, 960, None), slice(None, None, None)),), 'dataset shape': (40, 11, 1921, 2560), 'dataset chunks': (7, 1, 385, 512), 'indexing time (s)': 2.1457672119140625e-06, 'chunk number': 1650, 'reduction time (s)': 0.5837278366088867, 'chunks processed': 15, 'storage read (B)': 29701892, 'selection 2 time (s)': 0.6023170948028564}
Thread times [0.17940187454223633, 0.18010711669921875, 0.21821284294128418, 0.22398591041564941, 0.22117233276367188, 0.22716116905212402, 0.4083271026611328, 0.41325902938842773, 0.4206368923187256, 0.4338698387145996, 0.44780397415161133, 0.4503133296966553, 0.45432019233703613, 0.457169771194458, 0.46720409393310547]
{'args': ((8, 0, slice(0, 960, None), slice(None, None, None)),), 'dataset shape': (40, 11, 1921, 2560), 'dataset chunks': (7, 1, 385, 512), 'indexing time (s)': 1.1920928955078125e-06, 'chunk number': 1650, 'reduction time (s)': 0.47339391708374023, 'chunks processed': 15, 'storage read (B)': 29701892, 'selection 2 time (s)': 0.48881983757019043}
Thread times [0.4667088985443115, 0.46807384490966797, 0.5678977966308594, 0.577103853225708, 0.5768671035766602, 0.5809180736541748, 0.5767130851745605, 0.5805890560150146, 0.5844340324401855, 0.5811619758605957, 0.5841479301452637, 0.5876836776733398, 0.5934779644012451, 0.591973066329956, 0.5979049205780029]
{'args': ((9, 0, slice(0, 960, None), slice(None, None, None)),), 'dataset shape': (40, 11, 1921, 2560), 'dataset chunks': (7, 1, 385, 512), 'indexing time (s)': 9.5367431640625e-07, 'chunk number': 1650, 'reduction time (s)': 0.6041412353515625, 'chunks processed': 15, 'storage read (B)': 29701892, 'selection 2 time (s)': 0.61751389503479}
Thread times [0.20551204681396484, 0.20989060401916504, 0.20427322387695312, 0.22771406173706055, 0.24165916442871094, 0.30090904235839844, 0.3896949291229248, 0.4022397994995117, 0.41849184036254883, 0.4182472229003906, 0.4235117435455322, 0.42879199981689453, 0.4623889923095703, 0.4601459503173828, 0.46539807319641113]
{'args': ((10, 0, slice(0, 960, None), slice(None, None, None)),), 'dataset shape': (40, 11, 1921, 2560), 'dataset chunks': (7, 1, 385, 512), 'indexing time (s)': 9.5367431640625e-07, 'chunk number': 1650, 'reduction time (s)': 0.471757173538208, 'chunks processed': 15, 'storage read (B)': 29701892, 'selection 2 time (s)': 0.48734593391418457}
Thread times [0.37454724311828613, 0.42177581787109375, 0.491412878036499, 0.5003058910369873, 0.49970579147338867, 0.5045669078826904, 0.5033509731292725, 0.5096173286437988, 0.5090382099151611, 0.5113530158996582, 0.5146739482879639, 0.5237157344818115, 0.5263850688934326, 0.5264749526977539, 0.5300240516662598]
{'args': ((11, 0, slice(0, 960, None), slice(None, None, None)),), 'dataset shape': (40, 11, 1921, 2560), 'dataset chunks': (7, 1, 385, 512), 'indexing time (s)': 1.1920928955078125e-06, 'chunk number': 1650, 'reduction time (s)': 0.5357849597930908, 'chunks processed': 15, 'storage read (B)': 29701892, 'selection 2 time (s)': 0.5496339797973633}
Thread times [0.1679699420928955, 0.1849370002746582, 0.23585200309753418, 0.21071481704711914, 0.2123260498046875, 0.2956998348236084, 0.38785505294799805, 0.4011096954345703, 0.41977787017822266, 0.41367387771606445, 0.4163069725036621, 0.41526198387145996, 0.4312252998352051, 0.4253659248352051, 0.4525918960571289]
{'args': ((12, 0, slice(0, 960, None), slice(None, None, None)),), 'dataset shape': (40, 11, 1921, 2560), 'dataset chunks': (7, 1, 385, 512), 'indexing time (s)': 9.5367431640625e-07, 'chunk number': 1650, 'reduction time (s)': 0.46847009658813477, 'chunks processed': 15, 'storage read (B)': 29701892, 'selection 2 time (s)': 0.4851531982421875}
Thread times [0.13655996322631836, 0.14707732200622559, 0.27991223335266113, 0.3132178783416748, 0.3913588523864746, 0.4044148921966553, 0.4208848476409912, 0.42449092864990234, 0.44523000717163086, 0.4442868232727051, 0.4507911205291748, 0.4488861560821533, 0.45307493209838867, 0.45571208000183105, 0.4601612091064453]
{'args': ((13, 0, slice(0, 960, None), slice(None, None, None)),), 'dataset shape': (40, 11, 1921, 2560), 'dataset chunks': (7, 1, 385, 512), 'indexing time (s)': 1.1920928955078125e-06, 'chunk number': 1650, 'reduction time (s)': 0.4658968448638916, 'chunks processed': 15, 'storage read (B)': 29701892, 'selection 2 time (s)': 0.4790799617767334}
Thread times [0.5111420154571533, 0.5111768245697021, 0.5125257968902588, 0.5114741325378418, 0.5108730792999268, 0.5241179466247559, 0.5390398502349854, 0.5418128967285156, 0.5396621227264404, 0.5414178371429443, 0.5431060791015625, 0.5499069690704346, 0.5493288040161133, 0.5593760013580322, 0.5625829696655273]
{'args': ((14, 0, slice(0, 960, None), slice(None, None, None)),), 'dataset shape': (40, 11, 1921, 2560), 'dataset chunks': (7, 1, 385, 512), 'indexing time (s)': 9.5367431640625e-07, 'chunk number': 1650, 'reduction time (s)': 0.5688021183013916, 'chunks processed': 15, 'storage read (B)': 29733505, 'selection 2 time (s)': 0.5833382606506348}
Thread times [0.15506529808044434, 0.15851902961730957, 0.16329121589660645, 0.16748285293579102, 0.26345205307006836, 0.34731602668762207, 0.3658580780029297, 0.3972179889678955, 0.403048038482666, 0.4125030040740967, 0.4197821617126465, 0.4238002300262451, 0.4284508228302002, 0.43161797523498535, 0.43403172492980957]
{'args': ((15, 0, slice(0, 960, None), slice(None, None, None)),), 'dataset shape': (40, 11, 1921, 2560), 'dataset chunks': (7, 1, 385, 512), 'indexing time (s)': 9.5367431640625e-07, 'chunk number': 1650, 'reduction time (s)': 0.4376208782196045, 'chunks processed': 15, 'storage read (B)': 29733505, 'selection 2 time (s)': 0.4493520259857178}
Thread times [0.12836503982543945, 0.14525580406188965, 0.1444532871246338, 0.20044493675231934, 0.40404820442199707, 0.4386899471282959, 0.43909692764282227, 0.46232008934020996, 0.4665260314941406, 0.4712340831756592, 0.48292016983032227, 0.4847111701965332, 0.4825000762939453, 0.4848177433013916, 0.5029208660125732]
{'args': ((16, 0, slice(0, 960, None), slice(None, None, None)),), 'dataset shape': (40, 11, 1921, 2560), 'dataset chunks': (7, 1, 385, 512), 'indexing time (s)': 1.1920928955078125e-06, 'chunk number': 1650, 'reduction time (s)': 0.5078859329223633, 'chunks processed': 15, 'storage read (B)': 29733505, 'selection 2 time (s)': 0.5173559188842773}
Thread times [0.5314910411834717, 0.5682249069213867, 0.6028668880462646, 0.6182458400726318, 0.6185121536254883, 0.6218740940093994, 0.6354551315307617, 0.6409909725189209, 0.6389162540435791, 0.6455543041229248, 0.6474182605743408, 0.6496560573577881, 0.6529901027679443, 0.6571650505065918, 0.6674139499664307]
{'args': ((17, 0, slice(0, 960, None), slice(None, None, None)),), 'dataset shape': (40, 11, 1921, 2560), 'dataset chunks': (7, 1, 385, 512), 'indexing time (s)': 9.5367431640625e-07, 'chunk number': 1650, 'reduction time (s)': 0.6717638969421387, 'chunks processed': 15, 'storage read (B)': 29733505, 'selection 2 time (s)': 0.6856961250305176}
Thread times [0.17798566818237305, 0.18225789070129395, 0.1792922019958496, 0.18169903755187988, 0.23547792434692383, 0.3507239818572998, 0.38217687606811523, 0.42162108421325684, 0.4380319118499756, 0.4385702610015869, 0.44327878952026367, 0.44372081756591797, 0.4628610610961914, 0.4644150733947754, 0.4649240970611572]
{'args': ((18, 0, slice(0, 960, None), slice(None, None, None)),), 'dataset shape': (40, 11, 1921, 2560), 'dataset chunks': (7, 1, 385, 512), 'indexing time (s)': 9.5367431640625e-07, 'chunk number': 1650, 'reduction time (s)': 0.4698638916015625, 'chunks processed': 15, 'storage read (B)': 29733505, 'selection 2 time (s)': 0.4812510013580322}
Thread times [0.1514739990234375, 0.17077898979187012, 0.1747150421142578, 0.17856693267822266, 0.33265209197998047, 0.4031038284301758, 0.40871191024780273, 0.41251564025878906, 0.4179351329803467, 0.43996310234069824, 0.46820712089538574, 0.47551703453063965, 0.47687387466430664, 0.4879589080810547, 0.4897139072418213]
{'args': ((19, 0, slice(0, 960, None), slice(None, None, None)),), 'dataset shape': (40, 11, 1921, 2560), 'dataset chunks': (7, 1, 385, 512), 'indexing time (s)': 7.152557373046875e-07, 'chunk number': 1650, 'reduction time (s)': 0.5002460479736328, 'chunks processed': 15, 'storage read (B)': 29733505, 'selection 2 time (s)': 0.5248949527740479}
Thread times [0.10660815238952637, 0.4125099182128906, 0.4940452575683594, 0.5167768001556396, 0.5198249816894531, 0.5209460258483887, 0.5232219696044922, 0.5297720432281494, 0.5440719127655029, 0.5431332588195801, 0.5520517826080322, 0.5522799491882324, 0.5545611381530762, 0.5486891269683838, 0.5516402721405029]
{'args': ((20, 0, slice(0, 960, None), slice(None, None, None)),), 'dataset shape': (40, 11, 1921, 2560), 'dataset chunks': (7, 1, 385, 512), 'indexing time (s)': 1.1920928955078125e-06, 'chunk number': 1650, 'reduction time (s)': 0.5709240436553955, 'chunks processed': 15, 'storage read (B)': 29733505, 'selection 2 time (s)': 0.5814070701599121}
Thread times [0.17892098426818848, 0.20339107513427734, 0.277630090713501, 0.31992506980895996, 0.3203890323638916, 0.33335304260253906, 0.3422391414642334, 0.3524942398071289, 0.3544280529022217, 0.35763001441955566, 0.35735011100769043, 0.3704400062561035, 0.37447118759155273, 0.3775627613067627, 0.3844127655029297]
{'args': ((21, 0, slice(0, 960, None), slice(None, None, None)),), 'dataset shape': (40, 11, 1921, 2560), 'dataset chunks': (7, 1, 385, 512), 'indexing time (s)': 9.5367431640625e-07, 'chunk number': 1650, 'reduction time (s)': 0.3930530548095703, 'chunks processed': 15, 'storage read (B)': 29686785, 'selection 2 time (s)': 0.4048480987548828}
Thread times [0.1622180938720703, 0.17140412330627441, 0.2898597717285156, 0.39238500595092773, 0.4608941078186035, 0.47015881538391113, 0.4934959411621094, 0.5092339515686035, 0.5279710292816162, 0.5461711883544922, 0.5475318431854248, 0.5543999671936035, 0.5565409660339355, 0.5686440467834473, 0.5941879749298096]
{'args': ((22, 0, slice(0, 960, None), slice(None, None, None)),), 'dataset shape': (40, 11, 1921, 2560), 'dataset chunks': (7, 1, 385, 512), 'indexing time (s)': 1.9073486328125e-06, 'chunk number': 1650, 'reduction time (s)': 0.6003568172454834, 'chunks processed': 15, 'storage read (B)': 29686785, 'selection 2 time (s)': 0.6244609355926514}
Thread times [0.4280698299407959, 0.5131328105926514, 0.5701727867126465, 0.5802090167999268, 0.6004359722137451, 0.6111021041870117, 0.6188340187072754, 0.6400671005249023, 0.6440141201019287, 0.6489648818969727, 0.6522958278656006, 0.6544547080993652, 0.6574327945709229, 0.6688342094421387, 0.6747779846191406]
{'args': ((23, 0, slice(0, 960, None), slice(None, None, None)),), 'dataset shape': (40, 11, 1921, 2560), 'dataset chunks': (7, 1, 385, 512), 'indexing time (s)': 9.5367431640625e-07, 'chunk number': 1650, 'reduction time (s)': 0.6825358867645264, 'chunks processed': 15, 'storage read (B)': 29686785, 'selection 2 time (s)': 0.6930239200592041}
Thread times [0.4650731086730957, 0.5083420276641846, 0.6313059329986572, 0.6599628925323486, 0.6684300899505615, 0.678063154220581, 0.6854422092437744, 0.695209264755249, 0.6935219764709473, 0.6976840496063232, 0.6997840404510498, 0.7045660018920898, 0.7068202495574951, 0.7141859531402588, 0.7348809242248535]
{'args': ((24, 0, slice(0, 960, None), slice(None, None, None)),), 'dataset shape': (40, 11, 1921, 2560), 'dataset chunks': (7, 1, 385, 512), 'indexing time (s)': 9.5367431640625e-07, 'chunk number': 1650, 'reduction time (s)': 0.742419958114624, 'chunks processed': 15, 'storage read (B)': 29686785, 'selection 2 time (s)': 0.7561588287353516}
Thread times [0.19372797012329102, 0.19308185577392578, 0.1946849822998047, 0.2843153476715088, 0.35497212409973145, 0.42196011543273926, 0.4602470397949219, 0.48491787910461426, 0.4850649833679199, 0.504248857498169, 0.5184481143951416, 0.5191648006439209, 0.5238840579986572, 0.5290350914001465, 0.5454163551330566]
{'args': ((25, 0, slice(0, 960, None), slice(None, None, None)),), 'dataset shape': (40, 11, 1921, 2560), 'dataset chunks': (7, 1, 385, 512), 'indexing time (s)': 9.5367431640625e-07, 'chunk number': 1650, 'reduction time (s)': 0.5543012619018555, 'chunks processed': 15, 'storage read (B)': 29686785, 'selection 2 time (s)': 0.5704882144927979}
Thread times [0.3678700923919678, 0.4080500602722168, 0.49083876609802246, 0.5022530555725098, 0.5068371295928955, 0.5333230495452881, 0.5400662422180176, 0.5414793491363525, 0.5533721446990967, 0.5679411888122559, 0.5658869743347168, 0.5690631866455078, 0.5727930068969727, 0.5688159465789795, 0.5743839740753174]
{'args': ((26, 0, slice(0, 960, None), slice(None, None, None)),), 'dataset shape': (40, 11, 1921, 2560), 'dataset chunks': (7, 1, 385, 512), 'indexing time (s)': 1.1920928955078125e-06, 'chunk number': 1650, 'reduction time (s)': 0.584057092666626, 'chunks processed': 15, 'storage read (B)': 29686785, 'selection 2 time (s)': 0.5917072296142578}
Thread times [0.21715998649597168, 0.21859002113342285, 0.36000490188598633, 0.396899938583374, 0.5372967720031738, 0.6097090244293213, 0.6290700435638428, 0.6473000049591064, 0.6515657901763916, 0.6559329032897949, 0.6642649173736572, 0.6663839817047119, 0.6775739192962646, 0.711740255355835, 0.7151610851287842]
{'args': ((27, 0, slice(0, 960, None), slice(None, None, None)),), 'dataset shape': (40, 11, 1921, 2560), 'dataset chunks': (7, 1, 385, 512), 'indexing time (s)': 9.5367431640625e-07, 'chunk number': 1650, 'reduction time (s)': 0.7207112312316895, 'chunks processed': 15, 'storage read (B)': 29686785, 'selection 2 time (s)': 0.737943172454834}
Thread times [0.14083480834960938, 0.1421949863433838, 0.2951171398162842, 0.3592541217803955, 0.41877007484436035, 0.4417150020599365, 0.44501304626464844, 0.44669580459594727, 0.4463307857513428, 0.451887845993042, 0.45867109298706055, 0.45846104621887207, 0.46285200119018555, 0.46938085556030273, 0.481982946395874]
{'args': ((28, 0, slice(0, 960, None), slice(None, None, None)),), 'dataset shape': (40, 11, 1921, 2560), 'dataset chunks': (7, 1, 385, 512), 'indexing time (s)': 9.5367431640625e-07, 'chunk number': 1650, 'reduction time (s)': 0.4897301197052002, 'chunks processed': 15, 'storage read (B)': 29670387, 'selection 2 time (s)': 0.5034830570220947}
Thread times [0.26589107513427734, 0.25984787940979004, 0.27378392219543457, 0.30611371994018555, 0.38979196548461914, 0.4308650493621826, 0.44242405891418457, 0.4480283260345459, 0.4671518802642822, 0.4786040782928467, 0.48273515701293945, 0.4882791042327881, 0.4892899990081787, 0.4964559078216553, 0.4961428642272949]
{'args': ((29, 0, slice(0, 960, None), slice(None, None, None)),), 'dataset shape': (40, 11, 1921, 2560), 'dataset chunks': (7, 1, 385, 512), 'indexing time (s)': 1.1920928955078125e-06, 'chunk number': 1650, 'reduction time (s)': 0.5040781497955322, 'chunks processed': 15, 'storage read (B)': 29670387, 'selection 2 time (s)': 0.516646146774292}
Thread times [0.16465997695922852, 0.24174904823303223, 0.29286766052246094, 0.4300808906555176, 0.4314742088317871, 0.44141483306884766, 0.4472479820251465, 0.4501359462738037, 0.46117520332336426, 0.45912885665893555, 0.46480607986450195, 0.46986985206604004, 0.4687178134918213, 0.47608017921447754, 0.49202799797058105]
{'args': ((30, 0, slice(0, 960, None), slice(None, None, None)),), 'dataset shape': (40, 11, 1921, 2560), 'dataset chunks': (7, 1, 385, 512), 'indexing time (s)': 9.5367431640625e-07, 'chunk number': 1650, 'reduction time (s)': 0.5004677772521973, 'chunks processed': 15, 'storage read (B)': 29670387, 'selection 2 time (s)': 0.5139961242675781}
Thread times [0.4004790782928467, 0.4017059803009033, 0.48059606552124023, 0.4869382381439209, 0.48606204986572266, 0.4985170364379883, 0.5005450248718262, 0.5135111808776855, 0.5129289627075195, 0.5164191722869873, 0.516577959060669, 0.5210869312286377, 0.5205771923065186, 0.5243909358978271, 0.5433390140533447]
{'args': ((31, 0, slice(0, 960, None), slice(None, None, None)),), 'dataset shape': (40, 11, 1921, 2560), 'dataset chunks': (7, 1, 385, 512), 'indexing time (s)': 1.1920928955078125e-06, 'chunk number': 1650, 'reduction time (s)': 0.5480880737304688, 'chunks processed': 15, 'storage read (B)': 29670387, 'selection 2 time (s)': 0.5650150775909424}
Thread times [0.24782371520996094, 0.26080799102783203, 0.28676390647888184, 0.4505958557128906, 0.4850597381591797, 0.4921870231628418, 0.49880194664001465, 0.5025930404663086, 0.5020079612731934, 0.5061931610107422, 0.5115678310394287, 0.5139908790588379, 0.5152928829193115, 0.5151321887969971, 0.5247118473052979]
{'args': ((32, 0, slice(0, 960, None), slice(None, None, None)),), 'dataset shape': (40, 11, 1921, 2560), 'dataset chunks': (7, 1, 385, 512), 'indexing time (s)': 9.5367431640625e-07, 'chunk number': 1650, 'reduction time (s)': 0.5292530059814453, 'chunks processed': 15, 'storage read (B)': 29670387, 'selection 2 time (s)': 0.5368502140045166}
Thread times [0.17597317695617676, 0.21356892585754395, 0.22902917861938477, 0.2436378002166748, 0.2523531913757324, 0.25312089920043945, 0.2575259208679199, 0.2615628242492676, 0.2659950256347656, 0.27143192291259766, 0.32239699363708496, 0.425886869430542, 0.443706750869751, 0.4533698558807373, 0.47536277770996094]
{'args': ((33, 0, slice(0, 960, None), slice(None, None, None)),), 'dataset shape': (40, 11, 1921, 2560), 'dataset chunks': (7, 1, 385, 512), 'indexing time (s)': 9.5367431640625e-07, 'chunk number': 1650, 'reduction time (s)': 0.4817380905151367, 'chunks processed': 15, 'storage read (B)': 29670387, 'selection 2 time (s)': 0.4987678527832031}
Thread times [0.2841489315032959, 0.34683704376220703, 0.34590911865234375, 0.47720885276794434, 0.4874298572540283, 0.508173942565918, 0.5178189277648926, 0.5190391540527344, 0.5164971351623535, 0.5249810218811035, 0.5225028991699219, 0.5262742042541504, 0.5263938903808594, 0.5323708057403564, 0.5336430072784424]
{'args': ((34, 0, slice(0, 960, None), slice(None, None, None)),), 'dataset shape': (40, 11, 1921, 2560), 'dataset chunks': (7, 1, 385, 512), 'indexing time (s)': 9.5367431640625e-07, 'chunk number': 1650, 'reduction time (s)': 0.5410580635070801, 'chunks processed': 15, 'storage read (B)': 29670387, 'selection 2 time (s)': 0.5570981502532959}
Thread times [0.327376127243042, 0.32735586166381836, 0.35764598846435547, 0.36200714111328125, 0.3686058521270752, 0.3900790214538574, 0.39182519912719727, 0.39430880546569824, 0.396665096282959, 0.394819974899292, 0.39601898193359375, 0.40014195442199707, 0.4013090133666992, 0.4022040367126465, 0.40875792503356934]
{'args': ((35, 0, slice(0, 960, None), slice(None, None, None)),), 'dataset shape': (40, 11, 1921, 2560), 'dataset chunks': (7, 1, 385, 512), 'indexing time (s)': 1.1920928955078125e-06, 'chunk number': 1650, 'reduction time (s)': 0.4137451648712158, 'chunks processed': 15, 'storage read (B)': 21287473, 'selection 2 time (s)': 0.43022990226745605}
Thread times [0.27012085914611816, 0.3155508041381836, 0.33898496627807617, 0.35486268997192383, 0.3704068660736084, 0.3766462802886963, 0.3804452419281006, 0.38448095321655273, 0.38489699363708496, 0.3832850456237793, 0.38588404655456543, 0.38599514961242676, 0.39234471321105957, 0.3919532299041748, 0.3937568664550781]
{'args': ((36, 0, slice(0, 960, None), slice(None, None, None)),), 'dataset shape': (40, 11, 1921, 2560), 'dataset chunks': (7, 1, 385, 512), 'indexing time (s)': 1.9073486328125e-06, 'chunk number': 1650, 'reduction time (s)': 0.4023170471191406, 'chunks processed': 15, 'storage read (B)': 21287473, 'selection 2 time (s)': 0.41233181953430176}
Thread times [0.16600298881530762, 0.16751694679260254, 0.1757030487060547, 0.22683119773864746, 0.23238301277160645, 0.23912382125854492, 0.29341697692871094, 0.2877659797668457, 0.2963099479675293, 0.2998671531677246, 0.29786229133605957, 0.3046088218688965, 0.3029189109802246, 0.30341196060180664, 0.31023406982421875]
{'args': ((37, 0, slice(0, 960, None), slice(None, None, None)),), 'dataset shape': (40, 11, 1921, 2560), 'dataset chunks': (7, 1, 385, 512), 'indexing time (s)': 2.1457672119140625e-06, 'chunk number': 1650, 'reduction time (s)': 0.3155670166015625, 'chunks processed': 15, 'storage read (B)': 21287473, 'selection 2 time (s)': 0.3264811038970947}
Thread times [0.2680370807647705, 0.3300621509552002, 0.3609499931335449, 0.38172221183776855, 0.37912702560424805, 0.3911008834838867, 0.3900737762451172, 0.39043188095092773, 0.3926701545715332, 0.3943459987640381, 0.39614295959472656, 0.4008021354675293, 0.4000661373138428, 0.40665698051452637, 0.4058527946472168]
{'args': ((38, 0, slice(0, 960, None), slice(None, None, None)),), 'dataset shape': (40, 11, 1921, 2560), 'dataset chunks': (7, 1, 385, 512), 'indexing time (s)': 9.5367431640625e-07, 'chunk number': 1650, 'reduction time (s)': 0.4117741584777832, 'chunks processed': 15, 'storage read (B)': 21287473, 'selection 2 time (s)': 0.42649030685424805}
Thread times [0.26150012016296387, 0.2684800624847412, 0.344775915145874, 0.34678101539611816, 0.3465769290924072, 0.3519270420074463, 0.3598661422729492, 0.35642218589782715, 0.35614705085754395, 0.3615412712097168, 0.3625071048736572, 0.3640599250793457, 0.36499476432800293, 0.3722259998321533, 0.3727250099182129]
{'args': ((39, 0, slice(0, 960, None), slice(None, None, None)),), 'dataset shape': (40, 11, 1921, 2560), 'dataset chunks': (7, 1, 385, 512), 'indexing time (s)': 0.0, 'chunk number': 1650, 'reduction time (s)': 0.3784909248352051, 'chunks processed': 15, 'storage read (B)': 21287473, 'selection 2 time (s)': 0.39594531059265137}
[[226.07820312]
 [226.0646875 ]
 [225.93776042]
 [225.90822917]
 [225.91739583]
 [225.88460937]
 [225.82080729]
 [225.854375  ]
 [225.98346354]
 [226.03822917]
 [226.01320312]
 [226.02335938]
 [226.03768229]
 [226.00486979]
 [225.91776042]
 [225.94033854]
 [225.98726562]
 [225.91450521]
 [225.81239583]
 [225.81890625]
 [225.8453125 ]
 [225.78502604]
 [225.63648438]
 [225.5565625 ]
 [225.45744792]
 [225.32380208]
 [225.16335937]
 [225.07789063]
 [225.07846354]
 [225.10666667]
 [225.17609375]
 [225.36867187]
 [225.57927083]
 [225.69083333]
 [225.72221354]
 [225.82369792]
 [225.93640625]
 [225.96760417]
 [225.91872396]
 [225.92234375]]
Summary:  Uni24-np3:Active (T100,BS1): 1.1s,21.69s,28.96s
