Dataset loaded from S3 with s3fs and Pyfive: bnl/ch330a.pc19790301-def.nc (0.026,6.2)
Thread times [5.3644609451293945, 8.615852117538452, 8.924952745437622, 9.744180917739868, 11.039906740188599, 13.226304769515991, 13.857499122619629, 14.915779113769531, 15.388087034225464, 15.456684112548828, 15.793282985687256, 16.267375230789185, 17.681849002838135, 17.714669704437256, 17.86843180656433]
{'load nc time': 6.994856834411621, 'args': ((0, 0, slice(0, 960, None), slice(None, None, None)),), 'dataset shape': (40, 11, 1921, 2560), 'dataset chunks': (7, 1, 385, 512), 'indexing time (s)': 26.89328408241272, 'chunk number': 1650, 'reduction time (s)': 17.872753143310547, 'chunks processed': 15, 'storage read (B)': 29685482, 'selection 1 time (s)': 44.7661657333374}
Thread times [0.022914886474609375, 8.457466125488281, 8.632031202316284, 9.79780125617981, 10.082458019256592, 10.92411184310913, 11.197839260101318, 12.203933954238892, 12.520188331604004, 12.900857925415039, 14.604959964752197, 15.553299903869629, 15.941988229751587, 16.732785940170288, 16.955429792404175]
{'args': ((1, 0, slice(0, 960, None), slice(None, None, None)),), 'dataset shape': (40, 11, 1921, 2560), 'dataset chunks': (7, 1, 385, 512), 'indexing time (s)': 9.5367431640625e-07, 'chunk number': 1650, 'reduction time (s)': 16.962239027023315, 'chunks processed': 15, 'storage read (B)': 29685482, 'selection 1 time (s)': 16.96236515045166}
Thread times [0.01997089385986328, 8.426910877227783, 8.654975891113281, 8.925457000732422, 9.106236219406128, 9.46190094947815, 9.915957927703857, 12.51447081565857, 14.116294145584106, 14.541429996490479, 15.169919967651367, 15.448716640472412, 15.791712999343872, 15.973570823669434, 16.063167095184326]
{'args': ((2, 0, slice(0, 960, None), slice(None, None, None)),), 'dataset shape': (40, 11, 1921, 2560), 'dataset chunks': (7, 1, 385, 512), 'indexing time (s)': 0.0, 'chunk number': 1650, 'reduction time (s)': 16.06954002380371, 'chunks processed': 15, 'storage read (B)': 29685482, 'selection 1 time (s)': 16.069684982299805}
Thread times [0.02193617820739746, 7.599676132202148, 8.1683189868927, 9.499271869659424, 9.867778062820435, 9.933241844177246, 10.093110799789429, 12.067586183547974, 12.10666823387146, 12.36384105682373, 12.436569213867188, 13.929159879684448, 14.4475998878479, 14.47239899635315, 14.918729782104492]
{'args': ((3, 0, slice(0, 960, None), slice(None, None, None)),), 'dataset shape': (40, 11, 1921, 2560), 'dataset chunks': (7, 1, 385, 512), 'indexing time (s)': 9.5367431640625e-07, 'chunk number': 1650, 'reduction time (s)': 14.924577236175537, 'chunks processed': 15, 'storage read (B)': 29685482, 'selection 1 time (s)': 14.924720048904419}
Thread times [0.020825862884521484, 6.822979927062988, 7.505449056625366, 9.11490797996521, 9.301887035369873, 9.303447008132935, 11.612173795700073, 12.016955137252808, 12.20145297050476, 12.441710233688354, 12.754220008850098, 13.058833837509155, 14.495780944824219, 14.842533111572266, 14.997367143630981]
{'args': ((4, 0, slice(0, 960, None), slice(None, None, None)),), 'dataset shape': (40, 11, 1921, 2560), 'dataset chunks': (7, 1, 385, 512), 'indexing time (s)': 1.1920928955078125e-06, 'chunk number': 1650, 'reduction time (s)': 15.003647804260254, 'chunks processed': 15, 'storage read (B)': 29685482, 'selection 1 time (s)': 15.003880262374878}
Thread times [0.025789976119995117, 5.722246170043945, 6.670876979827881, 7.346022129058838, 8.179982900619507, 10.594101905822754, 12.327052116394043, 13.094405174255371, 13.802013158798218, 14.057200193405151, 14.270256042480469, 14.436534881591797, 14.661515951156616, 15.162942171096802, 15.589399814605713]
{'args': ((5, 0, slice(0, 960, None), slice(None, None, None)),), 'dataset shape': (40, 11, 1921, 2560), 'dataset chunks': (7, 1, 385, 512), 'indexing time (s)': 2.1457672119140625e-06, 'chunk number': 1650, 'reduction time (s)': 15.599444150924683, 'chunks processed': 15, 'storage read (B)': 29685482, 'selection 1 time (s)': 15.599669933319092}
Thread times [0.023705720901489258, 6.798949956893921, 9.056334257125854, 9.143325328826904, 9.339728116989136, 9.906049013137817, 10.145998239517212, 11.786555767059326, 12.348049879074097, 12.435817241668701, 12.61278486251831, 14.344276905059814, 14.782593011856079, 15.201392889022827, 15.207671165466309]
{'args': ((6, 0, slice(0, 960, None), slice(None, None, None)),), 'dataset shape': (40, 11, 1921, 2560), 'dataset chunks': (7, 1, 385, 512), 'indexing time (s)': 1.9073486328125e-06, 'chunk number': 1650, 'reduction time (s)': 15.213176012039185, 'chunks processed': 15, 'storage read (B)': 29685482, 'selection 1 time (s)': 15.213314056396484}
Thread times [7.409632205963135, 7.762707948684692, 8.229829788208008, 9.961360931396484, 10.04975414276123, 11.853121995925903, 12.068711996078491, 12.092084884643555, 12.832319021224976, 13.217309951782227, 14.386729955673218, 15.556039094924927, 15.577810049057007, 16.06938862800598, 16.278635025024414]
{'args': ((7, 0, slice(0, 960, None), slice(None, None, None)),), 'dataset shape': (40, 11, 1921, 2560), 'dataset chunks': (7, 1, 385, 512), 'indexing time (s)': 0.0, 'chunk number': 1650, 'reduction time (s)': 16.284807920455933, 'chunks processed': 15, 'storage read (B)': 29701892, 'selection 1 time (s)': 16.284926891326904}
Thread times [0.020195960998535156, 6.967871189117432, 8.513593673706055, 9.386484861373901, 9.616732358932495, 10.266547203063965, 10.956032037734985, 11.627130031585693, 11.661309003829956, 13.22783875465393, 13.686245203018188, 13.752271175384521, 14.626912117004395, 14.917251110076904, 15.187546968460083]
{'args': ((8, 0, slice(0, 960, None), slice(None, None, None)),), 'dataset shape': (40, 11, 1921, 2560), 'dataset chunks': (7, 1, 385, 512), 'indexing time (s)': 9.5367431640625e-07, 'chunk number': 1650, 'reduction time (s)': 15.19235110282898, 'chunks processed': 15, 'storage read (B)': 29701892, 'selection 1 time (s)': 15.192464828491211}
Thread times [0.021392107009887695, 5.29315710067749, 6.288741827011108, 7.187093257904053, 7.555239915847778, 8.752700090408325, 8.7967209815979, 11.641819953918457, 11.813691854476929, 11.862206935882568, 12.890837907791138, 13.061618328094482, 13.081045150756836, 13.143665790557861, 13.343541145324707]
{'args': ((9, 0, slice(0, 960, None), slice(None, None, None)),), 'dataset shape': (40, 11, 1921, 2560), 'dataset chunks': (7, 1, 385, 512), 'indexing time (s)': 9.5367431640625e-07, 'chunk number': 1650, 'reduction time (s)': 13.348285913467407, 'chunks processed': 15, 'storage read (B)': 29701892, 'selection 1 time (s)': 13.348412036895752}
Thread times [0.02311992645263672, 0.023576974868774414, 6.67874002456665, 7.862838983535767, 8.619203090667725, 8.758908987045288, 9.28441596031189, 9.392196893692017, 9.539193153381348, 11.453765153884888, 11.587693929672241, 11.59787917137146, 12.371850967407227, 12.978655099868774, 13.15193510055542]
{'args': ((10, 0, slice(0, 960, None), slice(None, None, None)),), 'dataset shape': (40, 11, 1921, 2560), 'dataset chunks': (7, 1, 385, 512), 'indexing time (s)': 1.1920928955078125e-06, 'chunk number': 1650, 'reduction time (s)': 13.16110897064209, 'chunks processed': 15, 'storage read (B)': 29701892, 'selection 1 time (s)': 13.1612389087677}
Thread times [0.020692110061645508, 8.533692121505737, 8.665359020233154, 8.727092027664185, 9.523181915283203, 9.702682971954346, 9.828475713729858, 10.729300022125244, 11.483420133590698, 11.878944873809814, 11.920032024383545, 13.920132160186768, 14.363420724868774, 14.460563898086548, 14.573757886886597]
{'args': ((11, 0, slice(0, 960, None), slice(None, None, None)),), 'dataset shape': (40, 11, 1921, 2560), 'dataset chunks': (7, 1, 385, 512), 'indexing time (s)': 0.0, 'chunk number': 1650, 'reduction time (s)': 14.579326152801514, 'chunks processed': 15, 'storage read (B)': 29701892, 'selection 1 time (s)': 14.57944107055664}
Thread times [0.020813941955566406, 6.726200819015503, 8.5695059299469, 8.609555006027222, 10.738391160964966, 11.451725959777832, 11.526959896087646, 11.61208200454712, 11.660706996917725, 14.538150072097778, 14.6577308177948, 15.027409791946411, 15.083651065826416, 15.31618595123291, 15.831779718399048]
{'args': ((12, 0, slice(0, 960, None), slice(None, None, None)),), 'dataset shape': (40, 11, 1921, 2560), 'dataset chunks': (7, 1, 385, 512), 'indexing time (s)': 9.5367431640625e-07, 'chunk number': 1650, 'reduction time (s)': 15.83951997756958, 'chunks processed': 15, 'storage read (B)': 29701892, 'selection 1 time (s)': 15.8396577835083}
Thread times [0.022495031356811523, 5.78445291519165, 8.953377962112427, 9.762685060501099, 11.45606017112732, 12.081830024719238, 12.110879182815552, 12.118623971939087, 12.496450901031494, 12.608111143112183, 13.554707050323486, 14.381441116333008, 15.899752855300903, 16.72713875770569, 17.908225774765015]
{'args': ((13, 0, slice(0, 960, None), slice(None, None, None)),), 'dataset shape': (40, 11, 1921, 2560), 'dataset chunks': (7, 1, 385, 512), 'indexing time (s)': 1.9073486328125e-06, 'chunk number': 1650, 'reduction time (s)': 17.916649103164673, 'chunks processed': 15, 'storage read (B)': 29701892, 'selection 1 time (s)': 17.916810989379883}
Thread times [9.87589406967163, 10.703553915023804, 11.323118925094604, 11.503326892852783, 11.858037948608398, 12.344685077667236, 13.076207876205444, 14.735450983047485, 14.751737833023071, 15.50625991821289, 17.734580039978027, 18.757493019104004, 19.15964412689209, 19.3538339138031, 19.599668979644775]
{'args': ((14, 0, slice(0, 960, None), slice(None, None, None)),), 'dataset shape': (40, 11, 1921, 2560), 'dataset chunks': (7, 1, 385, 512), 'indexing time (s)': 9.5367431640625e-07, 'chunk number': 1650, 'reduction time (s)': 19.609945058822632, 'chunks processed': 15, 'storage read (B)': 29733505, 'selection 1 time (s)': 19.61011791229248}
Thread times [0.02252817153930664, 8.418073892593384, 8.666463136672974, 10.555341005325317, 11.866318941116333, 12.173501014709473, 13.559865236282349, 14.390919208526611, 14.45626187324524, 15.129802227020264, 16.868780851364136, 17.582476139068604, 17.90238308906555, 18.114086151123047, 18.99579119682312]
{'args': ((15, 0, slice(0, 960, None), slice(None, None, None)),), 'dataset shape': (40, 11, 1921, 2560), 'dataset chunks': (7, 1, 385, 512), 'indexing time (s)': 1.1920928955078125e-06, 'chunk number': 1650, 'reduction time (s)': 19.0016930103302, 'chunks processed': 15, 'storage read (B)': 29733505, 'selection 1 time (s)': 19.001832008361816}
Thread times [0.023359060287475586, 6.617914915084839, 7.925191164016724, 9.248445272445679, 9.677848815917969, 9.884555101394653, 10.415772199630737, 10.418411016464233, 10.465102910995483, 11.090738773345947, 11.531160831451416, 13.57174301147461, 14.958467960357666, 14.973075866699219, 15.195590019226074]
{'args': ((16, 0, slice(0, 960, None), slice(None, None, None)),), 'dataset shape': (40, 11, 1921, 2560), 'dataset chunks': (7, 1, 385, 512), 'indexing time (s)': 9.5367431640625e-07, 'chunk number': 1650, 'reduction time (s)': 15.20117712020874, 'chunks processed': 15, 'storage read (B)': 29733505, 'selection 1 time (s)': 15.20130205154419}
Thread times [0.022163867950439453, 6.832404851913452, 6.923224925994873, 7.430721044540405, 9.891482830047607, 10.52990174293518, 11.318763017654419, 12.122431993484497, 12.59648609161377, 13.210156202316284, 13.25136685371399, 14.662706851959229, 14.758785009384155, 14.989362955093384, 16.334256172180176]
{'args': ((17, 0, slice(0, 960, None), slice(None, None, None)),), 'dataset shape': (40, 11, 1921, 2560), 'dataset chunks': (7, 1, 385, 512), 'indexing time (s)': 9.5367431640625e-07, 'chunk number': 1650, 'reduction time (s)': 16.34266209602356, 'chunks processed': 15, 'storage read (B)': 29733505, 'selection 1 time (s)': 16.342791080474854}
Thread times [0.020413875579833984, 6.862243890762329, 9.677977085113525, 9.789714097976685, 9.805363893508911, 10.010925054550171, 10.567007303237915, 10.664390802383423, 11.133934736251831, 11.42473316192627, 12.814843893051147, 14.563599109649658, 14.564473867416382, 15.129786014556885, 15.582664012908936]
{'args': ((18, 0, slice(0, 960, None), slice(None, None, None)),), 'dataset shape': (40, 11, 1921, 2560), 'dataset chunks': (7, 1, 385, 512), 'indexing time (s)': 0.0, 'chunk number': 1650, 'reduction time (s)': 15.587646007537842, 'chunks processed': 15, 'storage read (B)': 29733505, 'selection 1 time (s)': 15.587761878967285}
Thread times [0.021289825439453125, 8.698928117752075, 8.70922303199768, 9.39031171798706, 11.492950916290283, 12.11344313621521, 12.140680074691772, 12.275195121765137, 12.577859878540039, 12.762510061264038, 12.851426124572754, 14.822078227996826, 15.206331014633179, 15.219375848770142, 15.86286997795105]
{'args': ((19, 0, slice(0, 960, None), slice(None, None, None)),), 'dataset shape': (40, 11, 1921, 2560), 'dataset chunks': (7, 1, 385, 512), 'indexing time (s)': 0.0, 'chunk number': 1650, 'reduction time (s)': 15.868728876113892, 'chunks processed': 15, 'storage read (B)': 29733505, 'selection 1 time (s)': 15.868865966796875}
Thread times [0.02496790885925293, 8.775323867797852, 9.254131078720093, 9.49063491821289, 9.648750066757202, 10.463077068328857, 11.120779037475586, 12.286500930786133, 12.581615924835205, 12.77651309967041, 13.723792791366577, 14.89171314239502, 15.172184705734253, 15.578037023544312, 15.794065952301025]
{'args': ((20, 0, slice(0, 960, None), slice(None, None, None)),), 'dataset shape': (40, 11, 1921, 2560), 'dataset chunks': (7, 1, 385, 512), 'indexing time (s)': 1.9073486328125e-06, 'chunk number': 1650, 'reduction time (s)': 15.808027982711792, 'chunks processed': 15, 'storage read (B)': 29733505, 'selection 1 time (s)': 15.80817198753357}
Thread times [5.821929931640625, 8.210822105407715, 8.240026950836182, 8.808745861053467, 9.185925245285034, 9.80945611000061, 9.900166749954224, 10.095728158950806, 10.582292079925537, 10.586983919143677, 11.11542296409607, 12.4728262424469, 12.502311944961548, 12.543270111083984, 12.90915584564209]
{'args': ((21, 0, slice(0, 960, None), slice(None, None, None)),), 'dataset shape': (40, 11, 1921, 2560), 'dataset chunks': (7, 1, 385, 512), 'indexing time (s)': 9.5367431640625e-07, 'chunk number': 1650, 'reduction time (s)': 12.916748046875, 'chunks processed': 15, 'storage read (B)': 29686785, 'selection 1 time (s)': 12.916867971420288}
Thread times [0.022941112518310547, 5.745173931121826, 6.8158299922943115, 7.130975008010864, 7.665402173995972, 9.958486080169678, 10.066963911056519, 10.409269094467163, 10.976969957351685, 11.011952877044678, 11.223490953445435, 12.057320833206177, 12.216707706451416, 12.245764970779419, 12.52829384803772]
{'args': ((22, 0, slice(0, 960, None), slice(None, None, None)),), 'dataset shape': (40, 11, 1921, 2560), 'dataset chunks': (7, 1, 385, 512), 'indexing time (s)': 9.5367431640625e-07, 'chunk number': 1650, 'reduction time (s)': 12.53319501876831, 'chunks processed': 15, 'storage read (B)': 29686785, 'selection 1 time (s)': 12.533326864242554}
Thread times [0.02008509635925293, 6.852949142456055, 7.131882905960083, 8.786556959152222, 9.690265893936157, 10.207991123199463, 10.21365213394165, 10.47216010093689, 10.808518171310425, 11.002147912979126, 11.406190156936646, 12.425794124603271, 12.561340093612671, 12.889174938201904, 13.090660095214844]
{'args': ((23, 0, slice(0, 960, None), slice(None, None, None)),), 'dataset shape': (40, 11, 1921, 2560), 'dataset chunks': (7, 1, 385, 512), 'indexing time (s)': 1.1920928955078125e-06, 'chunk number': 1650, 'reduction time (s)': 13.095410823822021, 'chunks processed': 15, 'storage read (B)': 29686785, 'selection 1 time (s)': 13.09553599357605}
Thread times [0.022664785385131836, 0.022232770919799805, 4.538738012313843, 6.152700185775757, 6.342881202697754, 7.421412944793701, 7.453006029129028, 8.259434938430786, 8.907630681991577, 9.279747009277344, 9.590525150299072, 10.571375846862793, 10.602496862411499, 11.074674844741821, 11.080664873123169]
{'args': ((24, 0, slice(0, 960, None), slice(None, None, None)),), 'dataset shape': (40, 11, 1921, 2560), 'dataset chunks': (7, 1, 385, 512), 'indexing time (s)': 9.5367431640625e-07, 'chunk number': 1650, 'reduction time (s)': 11.08667802810669, 'chunks processed': 15, 'storage read (B)': 29686785, 'selection 1 time (s)': 11.0867919921875}
Thread times [0.021029233932495117, 5.435838937759399, 6.490522146224976, 8.58543586730957, 8.691543102264404, 8.697437047958374, 8.722029209136963, 8.902624130249023, 9.053427934646606, 9.346810817718506, 9.90162992477417, 11.219790697097778, 11.234484195709229, 11.73508596420288, 11.75479793548584]
{'args': ((25, 0, slice(0, 960, None), slice(None, None, None)),), 'dataset shape': (40, 11, 1921, 2560), 'dataset chunks': (7, 1, 385, 512), 'indexing time (s)': 9.5367431640625e-07, 'chunk number': 1650, 'reduction time (s)': 11.759514093399048, 'chunks processed': 15, 'storage read (B)': 29686785, 'selection 1 time (s)': 11.759637117385864}
Thread times [0.01999521255493164, 7.1969380378723145, 7.572973251342773, 7.7893288135528564, 8.094054937362671, 9.23254680633545, 9.456063985824585, 9.474223136901855, 9.64614725112915, 10.258644104003906, 10.83264708518982, 11.035460233688354, 11.759739875793457, 12.060863018035889, 12.111621141433716]
{'args': ((26, 0, slice(0, 960, None), slice(None, None, None)),), 'dataset shape': (40, 11, 1921, 2560), 'dataset chunks': (7, 1, 385, 512), 'indexing time (s)': 1.1920928955078125e-06, 'chunk number': 1650, 'reduction time (s)': 12.117984056472778, 'chunks processed': 15, 'storage read (B)': 29686785, 'selection 1 time (s)': 12.118099927902222}
Thread times [0.02356696128845215, 0.025903940200805664, 7.339411973953247, 7.487832069396973, 7.57900595664978, 8.383878231048584, 8.591883897781372, 9.182153224945068, 10.755026817321777, 10.887558221817017, 11.204090118408203, 11.676162958145142, 12.043635368347168, 12.07311725616455, 12.313924312591553]
{'args': ((27, 0, slice(0, 960, None), slice(None, None, None)),), 'dataset shape': (40, 11, 1921, 2560), 'dataset chunks': (7, 1, 385, 512), 'indexing time (s)': 9.5367431640625e-07, 'chunk number': 1650, 'reduction time (s)': 12.319820165634155, 'chunks processed': 15, 'storage read (B)': 29686785, 'selection 1 time (s)': 12.31993293762207}
Thread times [5.446500062942505, 6.249816179275513, 7.065206050872803, 7.376159191131592, 7.528800964355469, 8.80298924446106, 8.807071924209595, 9.091434955596924, 9.160477876663208, 10.036638021469116, 10.426155090332031, 11.184613943099976, 11.408889770507812, 11.427425861358643, 11.433494091033936]
{'args': ((28, 0, slice(0, 960, None), slice(None, None, None)),), 'dataset shape': (40, 11, 1921, 2560), 'dataset chunks': (7, 1, 385, 512), 'indexing time (s)': 9.5367431640625e-07, 'chunk number': 1650, 'reduction time (s)': 11.439656972885132, 'chunks processed': 15, 'storage read (B)': 29670387, 'selection 1 time (s)': 11.439772129058838}
Thread times [0.02089977264404297, 4.765477895736694, 4.77651309967041, 5.329726934432983, 5.353524923324585, 6.021572113037109, 6.9533538818359375, 6.989330053329468, 7.596419811248779, 7.71147894859314, 7.894896745681763, 9.012988805770874, 9.053447961807251, 9.159393072128296, 9.169532299041748]
{'args': ((29, 0, slice(0, 960, None), slice(None, None, None)),), 'dataset shape': (40, 11, 1921, 2560), 'dataset chunks': (7, 1, 385, 512), 'indexing time (s)': 9.5367431640625e-07, 'chunk number': 1650, 'reduction time (s)': 9.17265272140503, 'chunks processed': 15, 'storage read (B)': 29670387, 'selection 1 time (s)': 9.172774076461792}
Thread times [0.02065300941467285, 4.081002950668335, 4.5473473072052, 4.79561710357666, 5.199656963348389, 5.838359117507935, 6.232276916503906, 7.306642055511475, 8.173619985580444, 8.803484201431274, 9.155563116073608, 9.759206056594849, 9.773132085800171, 9.992446899414062, 10.222452878952026]
{'args': ((30, 0, slice(0, 960, None), slice(None, None, None)),), 'dataset shape': (40, 11, 1921, 2560), 'dataset chunks': (7, 1, 385, 512), 'indexing time (s)': 0.0, 'chunk number': 1650, 'reduction time (s)': 10.228239059448242, 'chunks processed': 15, 'storage read (B)': 29670387, 'selection 1 time (s)': 10.228355169296265}
Thread times [0.021802902221679688, 3.646224021911621, 4.239879846572876, 4.958010911941528, 5.36165714263916, 5.8366711139678955, 6.0954906940460205, 6.989783048629761, 7.048357963562012, 7.180905103683472, 8.087172031402588, 8.206251859664917, 8.357459783554077, 8.660108089447021, 8.688520193099976]
{'args': ((31, 0, slice(0, 960, None), slice(None, None, None)),), 'dataset shape': (40, 11, 1921, 2560), 'dataset chunks': (7, 1, 385, 512), 'indexing time (s)': 1.1920928955078125e-06, 'chunk number': 1650, 'reduction time (s)': 8.695031642913818, 'chunks processed': 15, 'storage read (B)': 29670387, 'selection 1 time (s)': 8.695160150527954}
Thread times [0.021533966064453125, 4.649555206298828, 4.729686737060547, 6.062772989273071, 6.330577850341797, 6.586718320846558, 6.656689167022705, 6.790215015411377, 7.100963830947876, 7.628842830657959, 8.341651916503906, 8.656706094741821, 8.925881147384644, 9.171397924423218, 9.243484020233154]
{'args': ((32, 0, slice(0, 960, None), slice(None, None, None)),), 'dataset shape': (40, 11, 1921, 2560), 'dataset chunks': (7, 1, 385, 512), 'indexing time (s)': 9.5367431640625e-07, 'chunk number': 1650, 'reduction time (s)': 9.250165939331055, 'chunks processed': 15, 'storage read (B)': 29670387, 'selection 1 time (s)': 9.250305891036987}
Thread times [0.020551204681396484, 3.418768882751465, 4.30544900894165, 5.242748975753784, 5.526508092880249, 6.347001791000366, 7.127339124679565, 7.319950103759766, 8.1738862991333, 8.204515933990479, 8.321219205856323, 9.301846027374268, 10.536833047866821, 10.57165789604187, 10.61581015586853]
{'args': ((33, 0, slice(0, 960, None), slice(None, None, None)),), 'dataset shape': (40, 11, 1921, 2560), 'dataset chunks': (7, 1, 385, 512), 'indexing time (s)': 1.1920928955078125e-06, 'chunk number': 1650, 'reduction time (s)': 10.621644973754883, 'chunks processed': 15, 'storage read (B)': 29670387, 'selection 1 time (s)': 10.621760845184326}
Thread times [0.019663095474243164, 6.371987819671631, 7.485303640365601, 7.699784994125366, 7.936041831970215, 10.448741912841797, 10.93093991279602, 11.080474853515625, 11.413885831832886, 11.466450929641724, 12.315431118011475, 13.3733229637146, 13.40099287033081, 13.854471921920776, 13.924140214920044]
{'args': ((34, 0, slice(0, 960, None), slice(None, None, None)),), 'dataset shape': (40, 11, 1921, 2560), 'dataset chunks': (7, 1, 385, 512), 'indexing time (s)': 9.5367431640625e-07, 'chunk number': 1650, 'reduction time (s)': 13.929617881774902, 'chunks processed': 15, 'storage read (B)': 29670387, 'selection 1 time (s)': 13.929741144180298}
Thread times [6.8599770069122314, 7.066411018371582, 7.250196218490601, 7.2725090980529785, 8.474748134613037, 10.143599033355713, 10.255169868469238, 11.702908992767334, 12.13178300857544, 12.865846157073975, 13.494184970855713, 13.529926061630249, 14.097321033477783, 14.1007559299469, 14.298713207244873]
{'args': ((35, 0, slice(0, 960, None), slice(None, None, None)),), 'dataset shape': (40, 11, 1921, 2560), 'dataset chunks': (7, 1, 385, 512), 'indexing time (s)': 9.5367431640625e-07, 'chunk number': 1650, 'reduction time (s)': 14.30481505393982, 'chunks processed': 15, 'storage read (B)': 21287473, 'selection 1 time (s)': 14.304939031600952}
Thread times [0.01842498779296875, 5.045960903167725, 7.123044013977051, 8.058341979980469, 8.666673183441162, 9.058350801467896, 9.109621047973633, 9.960917949676514, 10.097890853881836, 10.258620977401733, 11.306899070739746, 11.72967791557312, 12.356994152069092, 12.512104988098145, 13.004271984100342]
{'args': ((36, 0, slice(0, 960, None), slice(None, None, None)),), 'dataset shape': (40, 11, 1921, 2560), 'dataset chunks': (7, 1, 385, 512), 'indexing time (s)': 1.1920928955078125e-06, 'chunk number': 1650, 'reduction time (s)': 13.008450746536255, 'chunks processed': 15, 'storage read (B)': 21287473, 'selection 1 time (s)': 13.008572816848755}
Thread times [0.021146059036254883, 6.3687779903411865, 6.73771595954895, 7.391733884811401, 7.983474016189575, 9.023704767227173, 10.107539892196655, 10.21408486366272, 10.776190757751465, 10.868453025817871, 11.738975048065186, 12.370327711105347, 12.833372831344604, 12.846656084060669, 12.87302017211914]
{'args': ((37, 0, slice(0, 960, None), slice(None, None, None)),), 'dataset shape': (40, 11, 1921, 2560), 'dataset chunks': (7, 1, 385, 512), 'indexing time (s)': 9.5367431640625e-07, 'chunk number': 1650, 'reduction time (s)': 12.878817081451416, 'chunks processed': 15, 'storage read (B)': 21287473, 'selection 1 time (s)': 12.878938913345337}
Thread times [0.020172834396362305, 6.889030933380127, 8.032051086425781, 8.13112497329712, 8.799527168273926, 9.211758852005005, 9.304264068603516, 9.838773965835571, 10.111878871917725, 10.455421924591064, 12.114307165145874, 12.856712102890015, 12.88279390335083, 13.388975858688354, 13.478024244308472]
{'args': ((38, 0, slice(0, 960, None), slice(None, None, None)),), 'dataset shape': (40, 11, 1921, 2560), 'dataset chunks': (7, 1, 385, 512), 'indexing time (s)': 1.1920928955078125e-06, 'chunk number': 1650, 'reduction time (s)': 13.484365940093994, 'chunks processed': 15, 'storage read (B)': 21287473, 'selection 1 time (s)': 13.484498977661133}
Thread times [0.019961833953857422, 6.510531187057495, 6.7792768478393555, 8.88112735748291, 8.890779972076416, 9.170979022979736, 9.478854179382324, 10.4649658203125, 10.87907600402832, 10.973798036575317, 11.596672058105469, 13.041122913360596, 13.066324949264526, 13.180264949798584, 13.240535020828247]
{'args': ((39, 0, slice(0, 960, None), slice(None, None, None)),), 'dataset shape': (40, 11, 1921, 2560), 'dataset chunks': (7, 1, 385, 512), 'indexing time (s)': 9.5367431640625e-07, 'chunk number': 1650, 'reduction time (s)': 13.24544882774353, 'chunks processed': 15, 'storage read (B)': 21287473, 'selection 1 time (s)': 13.245567321777344}
[[226.07815104]
 [226.06473958]
 [225.93765625]
 [225.90804687]
 [225.91736979]
 [225.88453125]
 [225.82075521]
 [225.85442708]
 [225.98325521]
 [226.03804687]
 [226.013125  ]
 [226.02330729]
 [226.03770833]
 [226.00479167]
 [225.91765625]
 [225.94033854]
 [225.98721354]
 [225.9146875 ]
 [225.81242188]
 [225.81869792]
 [225.84526042]
 [225.78497396]
 [225.63648438]
 [225.55651042]
 [225.45736979]
 [225.32369792]
 [225.16325521]
 [225.07794271]
 [225.0784375 ]
 [225.10664063]
 [225.17609375]
 [225.36875   ]
 [225.57911458]
 [225.69080729]
 [225.72229167]
 [225.82367188]
 [225.93658854]
 [225.96765625]
 [225.91861979]
 [225.92247396]]
Summary:  Uni24-np3:Local (T100,BS5): 6.99s,561.5s,595.4s
