Dataset loaded from S3 with s3fs and Pyfive: bnl/ch330a.pc19790301-def.nc (0.095,3.6)
Thread times [0.12883710861206055, 0.06424117088317871, 0.07823801040649414, 0.0813910961151123, 0.09684610366821289, 0.19648313522338867, 0.11134219169616699, 0.08429408073425293, 0.30321788787841797, 0.08354473114013672, 0.10069680213928223, 0.4320991039276123, 0.08672189712524414, 0.09318399429321289, 0.1085968017578125]
{'load nc time': 4.2569358348846436, 'args': ((0, 0, slice(0, 960, None), slice(None, None, None)),), 'dataset shape': (40, 11, 1921, 2560), 'dataset chunks': (7, 1, 385, 512), 'indexing time (s)': 18.751137018203735, 'chunk number': 1650, 'reduction time (s)': 2.0515871047973633, 'chunks processed': 15, 'storage read (B)': 29685482, 'selection 2 time (s)': 20.80531907081604}
Thread times [0.12222504615783691, 0.08768582344055176, 0.07572102546691895, 0.0763099193572998, 0.09459590911865234, 0.09563016891479492, 0.09745311737060547, 0.09340405464172363, 0.29520106315612793, 0.12947797775268555, 0.08283376693725586, 0.3013310432434082, 0.09429574012756348, 0.0981760025024414, 0.13284826278686523]
{'args': ((1, 0, slice(0, 960, None), slice(None, None, None)),), 'dataset shape': (40, 11, 1921, 2560), 'dataset chunks': (7, 1, 385, 512), 'indexing time (s)': 2.1457672119140625e-06, 'chunk number': 1650, 'reduction time (s)': 1.8786790370941162, 'chunks processed': 15, 'storage read (B)': 29685482, 'selection 2 time (s)': 1.8810200691223145}
Thread times [0.11928582191467285, 0.06536197662353516, 0.08048295974731445, 0.09301185607910156, 0.09262776374816895, 0.10100507736206055, 0.09633684158325195, 0.08572506904602051, 0.26848578453063965, 0.09395503997802734, 0.09119391441345215, 0.3257439136505127, 0.10878205299377441, 0.10184097290039062, 0.09795999526977539]
{'args': ((2, 0, slice(0, 960, None), slice(None, None, None)),), 'dataset shape': (40, 11, 1921, 2560), 'dataset chunks': (7, 1, 385, 512), 'indexing time (s)': 1.9073486328125e-06, 'chunk number': 1650, 'reduction time (s)': 1.8242318630218506, 'chunks processed': 15, 'storage read (B)': 29685482, 'selection 2 time (s)': 1.8282878398895264}
Thread times [0.10501813888549805, 0.05869483947753906, 0.06998586654663086, 0.0942540168762207, 0.12648701667785645, 0.09084796905517578, 0.08582234382629395, 0.08695387840270996, 0.297515869140625, 0.09144306182861328, 0.10764384269714355, 0.23545598983764648, 0.0874330997467041, 0.20525479316711426, 0.09462499618530273]
{'args': ((3, 0, slice(0, 960, None), slice(None, None, None)),), 'dataset shape': (40, 11, 1921, 2560), 'dataset chunks': (7, 1, 385, 512), 'indexing time (s)': 4.0531158447265625e-06, 'chunk number': 1650, 'reduction time (s)': 1.8393499851226807, 'chunks processed': 15, 'storage read (B)': 29685482, 'selection 2 time (s)': 1.8422939777374268}
Thread times [0.11039304733276367, 0.06003093719482422, 0.07540082931518555, 0.0727698802947998, 0.08715224266052246, 0.09271669387817383, 0.08294868469238281, 0.14287519454956055, 0.23000097274780273, 0.09825778007507324, 0.12582707405090332, 0.22772598266601562, 0.08867597579956055, 0.0812978744506836, 0.08676624298095703]
{'args': ((4, 0, slice(0, 960, None), slice(None, None, None)),), 'dataset shape': (40, 11, 1921, 2560), 'dataset chunks': (7, 1, 385, 512), 'indexing time (s)': 1.9073486328125e-06, 'chunk number': 1650, 'reduction time (s)': 1.6641936302185059, 'chunks processed': 15, 'storage read (B)': 29685482, 'selection 2 time (s)': 1.6652908325195312}
Thread times [0.09575414657592773, 0.060359954833984375, 0.06961512565612793, 0.06587910652160645, 0.08641600608825684, 0.09786796569824219, 0.0857841968536377, 0.08407974243164062, 0.23463010787963867, 0.13654208183288574, 0.08684396743774414, 0.2360391616821289, 0.08642196655273438, 0.0798041820526123, 0.08477973937988281]
{'args': ((5, 0, slice(0, 960, None), slice(None, None, None)),), 'dataset shape': (40, 11, 1921, 2560), 'dataset chunks': (7, 1, 385, 512), 'indexing time (s)': 9.5367431640625e-07, 'chunk number': 1650, 'reduction time (s)': 1.5926249027252197, 'chunks processed': 15, 'storage read (B)': 29685482, 'selection 2 time (s)': 1.5956017971038818}
Thread times [0.18629980087280273, 0.061129093170166016, 0.06977725028991699, 0.06836700439453125, 0.09155726432800293, 0.0925602912902832, 0.11079192161560059, 0.11537504196166992, 0.33721208572387695, 0.07489323616027832, 0.1038520336151123, 0.21715116500854492, 0.10726404190063477, 0.0773780345916748, 0.0946969985961914]
{'args': ((6, 0, slice(0, 960, None), slice(None, None, None)),), 'dataset shape': (40, 11, 1921, 2560), 'dataset chunks': (7, 1, 385, 512), 'indexing time (s)': 1.9073486328125e-06, 'chunk number': 1650, 'reduction time (s)': 1.810119867324829, 'chunks processed': 15, 'storage read (B)': 29685482, 'selection 2 time (s)': 1.8137531280517578}
Thread times [0.11061501502990723, 0.07534313201904297, 0.09995794296264648, 0.0939798355102539, 0.08473324775695801, 0.12616205215454102, 0.12112903594970703, 0.13573884963989258, 0.315932035446167, 0.08496403694152832, 0.2013399600982666, 0.08024191856384277, 0.09301996231079102, 0.1142587661743164, 0.07950997352600098]
{'args': ((7, 0, slice(0, 960, None), slice(None, None, None)),), 'dataset shape': (40, 11, 1921, 2560), 'dataset chunks': (7, 1, 385, 512), 'indexing time (s)': 6.198883056640625e-06, 'chunk number': 1650, 'reduction time (s)': 1.8188958168029785, 'chunks processed': 15, 'storage read (B)': 29701892, 'selection 2 time (s)': 1.8217270374298096}
Thread times [0.14417576789855957, 0.07073616981506348, 0.09557819366455078, 0.10596299171447754, 0.07681417465209961, 0.0764610767364502, 0.09576892852783203, 0.1992940902709961, 0.28731703758239746, 0.09339690208435059, 0.06965899467468262, 0.08550810813903809, 0.11113119125366211, 0.0805659294128418, 0.14722681045532227]
{'args': ((8, 0, slice(0, 960, None), slice(None, None, None)),), 'dataset shape': (40, 11, 1921, 2560), 'dataset chunks': (7, 1, 385, 512), 'indexing time (s)': 2.1457672119140625e-06, 'chunk number': 1650, 'reduction time (s)': 1.741346836090088, 'chunks processed': 15, 'storage read (B)': 29701892, 'selection 2 time (s)': 1.742400884628296}
Thread times [0.10466289520263672, 0.07435798645019531, 0.0838620662689209, 0.22873592376708984, 0.11024284362792969, 0.12301492691040039, 0.09163212776184082, 0.08501696586608887, 0.2822408676147461, 0.14963006973266602, 0.10812687873840332, 0.09462404251098633, 0.0924673080444336, 0.09533500671386719, 0.11350798606872559]
{'args': ((9, 0, slice(0, 960, None), slice(None, None, None)),), 'dataset shape': (40, 11, 1921, 2560), 'dataset chunks': (7, 1, 385, 512), 'indexing time (s)': 9.5367431640625e-07, 'chunk number': 1650, 'reduction time (s)': 1.8389477729797363, 'chunks processed': 15, 'storage read (B)': 29701892, 'selection 2 time (s)': 1.8424208164215088}
Thread times [0.09476590156555176, 0.1108860969543457, 0.17217683792114258, 0.0899357795715332, 0.14036822319030762, 0.20243597030639648, 0.185560941696167, 0.07707381248474121, 0.31662893295288086, 0.1796550750732422, 0.14322829246520996, 0.10049104690551758, 0.08915877342224121, 0.11323690414428711, 0.08279824256896973]
{'args': ((10, 0, slice(0, 960, None), slice(None, None, None)),), 'dataset shape': (40, 11, 1921, 2560), 'dataset chunks': (7, 1, 385, 512), 'indexing time (s)': 4.76837158203125e-06, 'chunk number': 1650, 'reduction time (s)': 2.1008760929107666, 'chunks processed': 15, 'storage read (B)': 29701892, 'selection 2 time (s)': 2.105494976043701}
Thread times [0.09993290901184082, 0.05621504783630371, 0.11834096908569336, 0.07508301734924316, 0.0671229362487793, 0.09540200233459473, 0.12660980224609375, 0.1630687713623047, 0.3264918327331543, 0.11859822273254395, 0.40437912940979004, 0.10945892333984375, 0.10996317863464355, 0.11427187919616699, 0.2661898136138916]
{'args': ((11, 0, slice(0, 960, None), slice(None, None, None)),), 'dataset shape': (40, 11, 1921, 2560), 'dataset chunks': (7, 1, 385, 512), 'indexing time (s)': 6.9141387939453125e-06, 'chunk number': 1650, 'reduction time (s)': 2.253119945526123, 'chunks processed': 15, 'storage read (B)': 29701892, 'selection 2 time (s)': 2.2552552223205566}
Thread times [0.08085298538208008, 0.0542757511138916, 0.07742524147033691, 0.17127585411071777, 0.07596278190612793, 0.11182999610900879, 0.09880590438842773, 0.2193470001220703, 0.31063222885131836, 0.11237716674804688, 0.12105274200439453, 0.07696294784545898, 0.0965108871459961, 0.11002111434936523, 0.0868978500366211]
{'args': ((12, 0, slice(0, 960, None), slice(None, None, None)),), 'dataset shape': (40, 11, 1921, 2560), 'dataset chunks': (7, 1, 385, 512), 'indexing time (s)': 9.5367431640625e-07, 'chunk number': 1650, 'reduction time (s)': 1.8075799942016602, 'chunks processed': 15, 'storage read (B)': 29701892, 'selection 2 time (s)': 1.8115670680999756}
Thread times [0.1258091926574707, 0.08294296264648438, 0.2543630599975586, 0.09358692169189453, 0.07882475852966309, 0.09746694564819336, 0.10943007469177246, 0.09689593315124512, 0.3187987804412842, 0.133134126663208, 0.15556001663208008, 0.14311909675598145, 0.09299874305725098, 0.09596681594848633, 0.12588000297546387]
{'args': ((13, 0, slice(0, 960, None), slice(None, None, None)),), 'dataset shape': (40, 11, 1921, 2560), 'dataset chunks': (7, 1, 385, 512), 'indexing time (s)': 5.0067901611328125e-06, 'chunk number': 1650, 'reduction time (s)': 2.007040023803711, 'chunks processed': 15, 'storage read (B)': 29701892, 'selection 2 time (s)': 2.0110862255096436}
Thread times [0.10181689262390137, 0.07766008377075195, 0.07466888427734375, 0.17795801162719727, 0.09152984619140625, 0.16086196899414062, 0.09022903442382812, 0.1468350887298584, 0.4760630130767822, 0.07499027252197266, 0.08269190788269043, 0.18525910377502441, 0.27112317085266113, 0.06807923316955566, 0.11525607109069824]
{'args': ((14, 0, slice(0, 960, None), slice(None, None, None)),), 'dataset shape': (40, 11, 1921, 2560), 'dataset chunks': (7, 1, 385, 512), 'indexing time (s)': 5.0067901611328125e-06, 'chunk number': 1650, 'reduction time (s)': 2.197971820831299, 'chunks processed': 15, 'storage read (B)': 29733505, 'selection 2 time (s)': 2.2017247676849365}
Thread times [0.3204801082611084, 0.10821318626403809, 0.06799793243408203, 0.11820173263549805, 0.12499403953552246, 0.07576918601989746, 0.16512489318847656, 0.07490801811218262, 0.18915891647338867, 0.18784308433532715, 0.07086586952209473, 0.08412480354309082, 0.10874795913696289, 0.26160383224487305, 0.09463810920715332]
{'args': ((15, 0, slice(0, 960, None), slice(None, None, None)),), 'dataset shape': (40, 11, 1921, 2560), 'dataset chunks': (7, 1, 385, 512), 'indexing time (s)': 4.291534423828125e-06, 'chunk number': 1650, 'reduction time (s)': 2.0549333095550537, 'chunks processed': 15, 'storage read (B)': 29733505, 'selection 2 time (s)': 2.0593810081481934}
Thread times [0.09277701377868652, 0.08896732330322266, 0.15977787971496582, 0.0855410099029541, 0.07719993591308594, 0.09174418449401855, 0.0840599536895752, 0.12379288673400879, 0.32514476776123047, 0.125579833984375, 0.08275508880615234, 0.09314918518066406, 0.11767196655273438, 0.11748003959655762, 0.12946200370788574]
{'args': ((16, 0, slice(0, 960, None), slice(None, None, None)),), 'dataset shape': (40, 11, 1921, 2560), 'dataset chunks': (7, 1, 385, 512), 'indexing time (s)': 3.0994415283203125e-06, 'chunk number': 1650, 'reduction time (s)': 1.7975070476531982, 'chunks processed': 15, 'storage read (B)': 29733505, 'selection 2 time (s)': 1.801631212234497}
Thread times [0.09787702560424805, 0.12250590324401855, 0.14942383766174316, 0.17958617210388184, 0.09116697311401367, 0.08036684989929199, 0.13243889808654785, 0.08934879302978516, 0.21217894554138184, 0.09834909439086914, 0.13019204139709473, 0.15413308143615723, 0.11203312873840332, 0.3252530097961426, 0.14179515838623047]
{'args': ((17, 0, slice(0, 960, None), slice(None, None, None)),), 'dataset shape': (40, 11, 1921, 2560), 'dataset chunks': (7, 1, 385, 512), 'indexing time (s)': 5.7220458984375e-06, 'chunk number': 1650, 'reduction time (s)': 2.1189959049224854, 'chunks processed': 15, 'storage read (B)': 29733505, 'selection 2 time (s)': 2.122750997543335}
Thread times [0.1187748908996582, 0.1413431167602539, 0.09815597534179688, 0.2818329334259033, 0.10172319412231445, 0.35439491271972656, 0.11425900459289551, 0.10140490531921387, 0.24686264991760254, 0.10142683982849121, 0.14822101593017578, 0.15348410606384277, 0.1157069206237793, 0.1277010440826416, 0.0761709213256836]
{'args': ((18, 0, slice(0, 960, None), slice(None, None, None)),), 'dataset shape': (40, 11, 1921, 2560), 'dataset chunks': (7, 1, 385, 512), 'indexing time (s)': 3.0994415283203125e-06, 'chunk number': 1650, 'reduction time (s)': 2.2837891578674316, 'chunks processed': 15, 'storage read (B)': 29733505, 'selection 2 time (s)': 2.28776478767395}
Thread times [0.1284806728363037, 0.07335925102233887, 0.12776923179626465, 0.32184481620788574, 0.1198880672454834, 0.24727392196655273, 0.2925899028778076, 0.0897059440612793, 0.2853569984436035, 0.18728208541870117, 0.11316299438476562, 0.16067290306091309, 0.07959604263305664, 0.12592816352844238, 0.10944819450378418]
{'args': ((19, 0, slice(0, 960, None), slice(None, None, None)),), 'dataset shape': (40, 11, 1921, 2560), 'dataset chunks': (7, 1, 385, 512), 'indexing time (s)': 6.9141387939453125e-06, 'chunk number': 1650, 'reduction time (s)': 2.4641778469085693, 'chunks processed': 15, 'storage read (B)': 29733505, 'selection 2 time (s)': 2.4655468463897705}
Thread times [0.1423196792602539, 0.11726164817810059, 0.11934995651245117, 0.11053109169006348, 0.1298220157623291, 0.08725476264953613, 0.09368896484375, 0.0782778263092041, 0.22430014610290527, 0.24801898002624512, 0.11258578300476074, 0.09773683547973633, 0.10571503639221191, 0.3066847324371338, 0.10809111595153809]
{'args': ((20, 0, slice(0, 960, None), slice(None, None, None)),), 'dataset shape': (40, 11, 1921, 2560), 'dataset chunks': (7, 1, 385, 512), 'indexing time (s)': 9.5367431640625e-07, 'chunk number': 1650, 'reduction time (s)': 2.083095073699951, 'chunks processed': 15, 'storage read (B)': 29733505, 'selection 2 time (s)': 2.083922863006592}
Thread times [0.11082172393798828, 0.10323405265808105, 0.10222697257995605, 0.16246294975280762, 0.07567906379699707, 0.17265009880065918, 0.13823294639587402, 0.15159082412719727, 0.14246892929077148, 0.10362505912780762, 0.21705222129821777, 0.2547719478607178, 0.4085047245025635, 0.411052942276001, 0.12301993370056152]
{'args': ((21, 0, slice(0, 960, None), slice(None, None, None)),), 'dataset shape': (40, 11, 1921, 2560), 'dataset chunks': (7, 1, 385, 512), 'indexing time (s)': 9.5367431640625e-07, 'chunk number': 1650, 'reduction time (s)': 2.679133892059326, 'chunks processed': 15, 'storage read (B)': 29686785, 'selection 2 time (s)': 2.6813180446624756}
Thread times [0.0947110652923584, 0.14328289031982422, 0.10426115989685059, 0.10848498344421387, 0.07460880279541016, 0.10616922378540039, 0.11538815498352051, 0.10985183715820312, 0.34578514099121094, 0.11080598831176758, 0.1991591453552246, 0.12533092498779297, 0.38474297523498535, 0.40952205657958984, 0.14565205574035645]
{'args': ((22, 0, slice(0, 960, None), slice(None, None, None)),), 'dataset shape': (40, 11, 1921, 2560), 'dataset chunks': (7, 1, 385, 512), 'indexing time (s)': 1.9073486328125e-06, 'chunk number': 1650, 'reduction time (s)': 2.579918146133423, 'chunks processed': 15, 'storage read (B)': 29686785, 'selection 2 time (s)': 2.583772897720337}
Thread times [0.11048722267150879, 0.04785513877868652, 0.3044710159301758, 0.11920309066772461, 0.09921979904174805, 0.1366562843322754, 0.20060992240905762, 0.09640288352966309, 0.0816037654876709, 0.07849693298339844, 0.07436203956604004, 0.1216268539428711, 0.22388005256652832, 0.2012920379638672, 0.08081626892089844]
{'args': ((23, 0, slice(0, 960, None), slice(None, None, None)),), 'dataset shape': (40, 11, 1921, 2560), 'dataset chunks': (7, 1, 385, 512), 'indexing time (s)': 5.0067901611328125e-06, 'chunk number': 1650, 'reduction time (s)': 1.9794321060180664, 'chunks processed': 15, 'storage read (B)': 29686785, 'selection 2 time (s)': 1.9837150573730469}
Thread times [0.10173201560974121, 0.05561971664428711, 0.09827828407287598, 0.12418675422668457, 0.05419588088989258, 0.2000880241394043, 0.10230708122253418, 0.14746975898742676, 0.1453719139099121, 0.0932772159576416, 0.0850069522857666, 0.11800384521484375, 0.3260328769683838, 0.3511519432067871, 0.10750412940979004]
{'args': ((24, 0, slice(0, 960, None), slice(None, None, None)),), 'dataset shape': (40, 11, 1921, 2560), 'dataset chunks': (7, 1, 385, 512), 'indexing time (s)': 6.198883056640625e-06, 'chunk number': 1650, 'reduction time (s)': 2.113165855407715, 'chunks processed': 15, 'storage read (B)': 29686785, 'selection 2 time (s)': 2.116597890853882}
Thread times [0.11501431465148926, 0.05090904235839844, 0.1080939769744873, 0.07003593444824219, 0.17432212829589844, 0.07648730278015137, 0.09394216537475586, 0.09959006309509277, 0.19289708137512207, 0.19031190872192383, 0.11307692527770996, 0.1353459358215332, 0.24137187004089355, 0.43438196182250977, 0.08183979988098145]
{'args': ((25, 0, slice(0, 960, None), slice(None, None, None)),), 'dataset shape': (40, 11, 1921, 2560), 'dataset chunks': (7, 1, 385, 512), 'indexing time (s)': 2.1457672119140625e-06, 'chunk number': 1650, 'reduction time (s)': 2.179072141647339, 'chunks processed': 15, 'storage read (B)': 29686785, 'selection 2 time (s)': 2.1821718215942383}
Thread times [0.1882939338684082, 0.07169103622436523, 0.12653398513793945, 0.1519002914428711, 0.12592482566833496, 0.10763001441955566, 0.14396190643310547, 0.1230618953704834, 0.13727903366088867, 0.08914613723754883, 0.08643484115600586, 0.08121991157531738, 0.2659769058227539, 0.36440396308898926, 0.09036111831665039]
{'args': ((26, 0, slice(0, 960, None), slice(None, None, None)),), 'dataset shape': (40, 11, 1921, 2560), 'dataset chunks': (7, 1, 385, 512), 'indexing time (s)': 1.9073486328125e-06, 'chunk number': 1650, 'reduction time (s)': 2.155480146408081, 'chunks processed': 15, 'storage read (B)': 29686785, 'selection 2 time (s)': 2.1591479778289795}
Thread times [0.19664502143859863, 0.06389617919921875, 0.11895108222961426, 0.1327381134033203, 0.3138267993927002, 0.10265779495239258, 0.08192300796508789, 0.09721183776855469, 0.08910799026489258, 0.0917348861694336, 0.10256195068359375, 0.128587007522583, 0.3316648006439209, 0.3094799518585205, 0.40703892707824707]
{'args': ((27, 0, slice(0, 960, None), slice(None, None, None)),), 'dataset shape': (40, 11, 1921, 2560), 'dataset chunks': (7, 1, 385, 512), 'indexing time (s)': 2.1457672119140625e-06, 'chunk number': 1650, 'reduction time (s)': 2.570204973220825, 'chunks processed': 15, 'storage read (B)': 29686785, 'selection 2 time (s)': 2.574003219604492}
Thread times [0.11832499504089355, 0.08394002914428711, 0.09013199806213379, 0.07746410369873047, 0.07101964950561523, 0.08837199211120605, 0.1986100673675537, 0.13862919807434082, 0.16974687576293945, 0.08915305137634277, 0.12860894203186035, 0.2757539749145508, 0.20041990280151367, 0.3862569332122803, 0.12764692306518555]
{'args': ((28, 0, slice(0, 960, None), slice(None, None, None)),), 'dataset shape': (40, 11, 1921, 2560), 'dataset chunks': (7, 1, 385, 512), 'indexing time (s)': 3.814697265625e-06, 'chunk number': 1650, 'reduction time (s)': 2.246065139770508, 'chunks processed': 15, 'storage read (B)': 29670387, 'selection 2 time (s)': 2.2476630210876465}
Thread times [0.17232990264892578, 0.07417583465576172, 0.09092187881469727, 0.08989405632019043, 0.08390092849731445, 0.1412181854248047, 0.09401798248291016, 0.1057579517364502, 0.0935831069946289, 0.1076052188873291, 0.3809998035430908, 0.3055918216705322, 0.17110490798950195, 0.10782098770141602, 0.10672402381896973]
{'args': ((29, 0, slice(0, 960, None), slice(None, None, None)),), 'dataset shape': (40, 11, 1921, 2560), 'dataset chunks': (7, 1, 385, 512), 'indexing time (s)': 1.1920928955078125e-06, 'chunk number': 1650, 'reduction time (s)': 2.126991033554077, 'chunks processed': 15, 'storage read (B)': 29670387, 'selection 2 time (s)': 2.127873182296753}
Thread times [0.08807110786437988, 0.07322907447814941, 0.15487885475158691, 0.12338733673095703, 0.40092992782592773, 0.09761476516723633, 0.09732389450073242, 0.09163713455200195, 0.0954277515411377, 0.13556694984436035, 0.12846088409423828, 0.3089468479156494, 0.14619898796081543, 0.22964000701904297, 0.26064515113830566]
{'args': ((30, 0, slice(0, 960, None), slice(None, None, None)),), 'dataset shape': (40, 11, 1921, 2560), 'dataset chunks': (7, 1, 385, 512), 'indexing time (s)': 9.5367431640625e-07, 'chunk number': 1650, 'reduction time (s)': 2.433574914932251, 'chunks processed': 15, 'storage read (B)': 29670387, 'selection 2 time (s)': 2.4357259273529053}
Thread times [0.1081228256225586, 0.07920312881469727, 0.15883111953735352, 0.07257294654846191, 0.07646584510803223, 0.09375381469726562, 0.08687305450439453, 0.08827900886535645, 0.10533785820007324, 0.11376214027404785, 0.0749518871307373, 0.3158559799194336, 0.13587117195129395, 0.10906004905700684, 0.10910224914550781]
{'args': ((31, 0, slice(0, 960, None), slice(None, None, None)),), 'dataset shape': (40, 11, 1921, 2560), 'dataset chunks': (7, 1, 385, 512), 'indexing time (s)': 9.5367431640625e-07, 'chunk number': 1650, 'reduction time (s)': 1.7296671867370605, 'chunks processed': 15, 'storage read (B)': 29670387, 'selection 2 time (s)': 1.7306368350982666}
Thread times [0.17139792442321777, 0.05862092971801758, 0.33685803413391113, 0.0779728889465332, 0.0843667984008789, 0.24677395820617676, 0.09069371223449707, 0.08276104927062988, 0.10654520988464355, 0.10046982765197754, 0.16672706604003906, 0.3735527992248535, 0.09571480751037598, 0.09558486938476562, 0.08841395378112793]
{'args': ((32, 0, slice(0, 960, None), slice(None, None, None)),), 'dataset shape': (40, 11, 1921, 2560), 'dataset chunks': (7, 1, 385, 512), 'indexing time (s)': 9.5367431640625e-07, 'chunk number': 1650, 'reduction time (s)': 2.1781389713287354, 'chunks processed': 15, 'storage read (B)': 29670387, 'selection 2 time (s)': 2.1807899475097656}
Thread times [0.09763598442077637, 0.06063508987426758, 0.08338785171508789, 0.2124309539794922, 0.08960604667663574, 0.2978661060333252, 0.1346738338470459, 0.12565875053405762, 0.1313331127166748, 0.07692623138427734, 0.09604001045227051, 0.3570868968963623, 0.11296892166137695, 0.09569382667541504, 0.10140705108642578]
{'args': ((33, 0, slice(0, 960, None), slice(None, None, None)),), 'dataset shape': (40, 11, 1921, 2560), 'dataset chunks': (7, 1, 385, 512), 'indexing time (s)': 3.0994415283203125e-06, 'chunk number': 1650, 'reduction time (s)': 2.075234889984131, 'chunks processed': 15, 'storage read (B)': 29670387, 'selection 2 time (s)': 2.0774552822113037}
Thread times [0.09717202186584473, 0.12922000885009766, 0.10689997673034668, 0.12791228294372559, 0.10759091377258301, 0.13526129722595215, 0.14634490013122559, 0.2734379768371582, 0.22202801704406738, 0.1381840705871582, 0.3512279987335205, 0.32854294776916504, 0.18311667442321777, 0.17565512657165527, 0.12652993202209473]
{'args': ((34, 0, slice(0, 960, None), slice(None, None, None)),), 'dataset shape': (40, 11, 1921, 2560), 'dataset chunks': (7, 1, 385, 512), 'indexing time (s)': 9.5367431640625e-07, 'chunk number': 1650, 'reduction time (s)': 2.651185989379883, 'chunks processed': 15, 'storage read (B)': 29670387, 'selection 2 time (s)': 2.6550071239471436}
Thread times [0.514725923538208, 0.09272193908691406, 0.0783543586730957, 0.06786274909973145, 0.06866097450256348, 0.09223818778991699, 0.08586812019348145, 0.11230063438415527, 0.1154167652130127, 0.15849995613098145, 0.08842611312866211, 0.12240195274353027, 0.19626116752624512, 0.13811492919921875, 0.10063815116882324]
{'args': ((35, 0, slice(0, 960, None), slice(None, None, None)),), 'dataset shape': (40, 11, 1921, 2560), 'dataset chunks': (7, 1, 385, 512), 'indexing time (s)': 5.0067901611328125e-06, 'chunk number': 1650, 'reduction time (s)': 2.0346970558166504, 'chunks processed': 15, 'storage read (B)': 21287473, 'selection 2 time (s)': 2.0389771461486816}
Thread times [0.13499808311462402, 0.06624317169189453, 0.08123016357421875, 0.1592409610748291, 0.28583192825317383, 0.07814192771911621, 0.12156271934509277, 0.08128786087036133, 0.09517097473144531, 0.23494195938110352, 0.16075968742370605, 0.1132509708404541, 0.08447909355163574, 0.10717272758483887, 0.2515099048614502]
{'args': ((36, 0, slice(0, 960, None), slice(None, None, None)),), 'dataset shape': (40, 11, 1921, 2560), 'dataset chunks': (7, 1, 385, 512), 'indexing time (s)': 7.152557373046875e-06, 'chunk number': 1650, 'reduction time (s)': 2.059264659881592, 'chunks processed': 15, 'storage read (B)': 21287473, 'selection 2 time (s)': 2.0623860359191895}
Thread times [0.09336972236633301, 0.05077695846557617, 0.07971000671386719, 0.08854889869689941, 0.298159122467041, 0.304656982421875, 0.11937499046325684, 0.2093648910522461, 0.12682104110717773, 0.08316802978515625, 0.14179396629333496, 0.09376215934753418, 0.10615301132202148, 0.07487893104553223, 0.15967893600463867]
{'args': ((37, 0, slice(0, 960, None), slice(None, None, None)),), 'dataset shape': (40, 11, 1921, 2560), 'dataset chunks': (7, 1, 385, 512), 'indexing time (s)': 3.0994415283203125e-06, 'chunk number': 1650, 'reduction time (s)': 2.032564878463745, 'chunks processed': 15, 'storage read (B)': 21287473, 'selection 2 time (s)': 2.036687135696411}
Thread times [0.11088418960571289, 0.09949302673339844, 0.06464004516601562, 0.08426594734191895, 0.0723569393157959, 0.2910630702972412, 0.11778807640075684, 0.08701801300048828, 0.07562994956970215, 0.08042287826538086, 0.07516694068908691, 0.11893677711486816, 0.08886289596557617, 0.10566210746765137, 0.07694005966186523]
{'args': ((38, 0, slice(0, 960, None), slice(None, None, None)),), 'dataset shape': (40, 11, 1921, 2560), 'dataset chunks': (7, 1, 385, 512), 'indexing time (s)': 6.198883056640625e-06, 'chunk number': 1650, 'reduction time (s)': 1.5507099628448486, 'chunks processed': 15, 'storage read (B)': 21287473, 'selection 2 time (s)': 1.5532798767089844}
Thread times [0.11004090309143066, 0.04667210578918457, 0.05614590644836426, 0.08967924118041992, 0.16585183143615723, 0.1127462387084961, 0.07234382629394531, 0.06858086585998535, 0.08947396278381348, 0.07012820243835449, 0.15212416648864746, 0.13341593742370605, 0.07317399978637695, 0.20734596252441406, 0.07209110260009766]
{'args': ((39, 0, slice(0, 960, None), slice(None, None, None)),), 'dataset shape': (40, 11, 1921, 2560), 'dataset chunks': (7, 1, 385, 512), 'indexing time (s)': 1.9073486328125e-06, 'chunk number': 1650, 'reduction time (s)': 1.5219829082489014, 'chunks processed': 15, 'storage read (B)': 21287473, 'selection 2 time (s)': 1.5257568359375}
[[226.07820312]
 [226.0646875 ]
 [225.93776042]
 [225.90820312]
 [225.91739583]
 [225.88460937]
 [225.82080729]
 [225.85434896]
 [225.9834375 ]
 [226.03822917]
 [226.01317708]
 [226.02333333]
 [226.03765625]
 [226.00486979]
 [225.91778646]
 [225.9403125 ]
 [225.98729167]
 [225.91450521]
 [225.81239583]
 [225.81890625]
 [225.8453125 ]
 [225.785     ]
 [225.63648438]
 [225.5565625 ]
 [225.45744792]
 [225.32382813]
 [225.16335937]
 [225.07786458]
 [225.07846354]
 [225.10669271]
 [225.17606771]
 [225.36867187]
 [225.57927083]
 [225.69083333]
 [225.7221875 ]
 [225.82367188]
 [225.93640625]
 [225.96760417]
 [225.91875   ]
 [225.92236979]]
Summary:  Uni24-np3:Active (T1,BS5): 4.26s,82.13s,105.3s
