Dataset loaded from S3 with s3fs and Pyfive: bnl/ch330a.pc19790301-def.nc (0.06,3.1)
Thread times [0.17286920547485352, 0.17473697662353516, 0.26847195625305176, 0.2917137145996094, 0.4637610912322998, 0.4930281639099121, 0.49610018730163574, 0.5197601318359375, 0.5206131935119629, 0.5414981842041016, 0.5454509258270264, 0.5481948852539062, 0.5646240711212158, 0.5672972202301025, 0.5691349506378174]
{'load nc time': 3.814378023147583, 'args': ((0, 0, slice(0, 960, None), slice(None, None, None)),), 'dataset shape': (40, 11, 1921, 2560), 'dataset chunks': (7, 1, 385, 512), 'indexing time (s)': 20.58128595352173, 'chunk number': 1650, 'reduction time (s)': 0.5745210647583008, 'chunks processed': 15, 'storage read (B)': 29685482, 'selection 2 time (s)': 21.171783208847046}
Thread times [0.12415194511413574, 0.27260708808898926, 0.433884859085083, 0.46541810035705566, 0.4999699592590332, 0.5086221694946289, 0.5072238445281982, 0.5107698440551758, 0.5169689655303955, 0.5295038223266602, 0.5341618061065674, 0.5373821258544922, 0.5337009429931641, 0.5381629467010498, 0.5681259632110596]
{'args': ((1, 0, slice(0, 960, None), slice(None, None, None)),), 'dataset shape': (40, 11, 1921, 2560), 'dataset chunks': (7, 1, 385, 512), 'indexing time (s)': 9.5367431640625e-07, 'chunk number': 1650, 'reduction time (s)': 0.5762879848480225, 'chunks processed': 15, 'storage read (B)': 29685482, 'selection 2 time (s)': 0.5873701572418213}
Thread times [0.1519019603729248, 0.15708684921264648, 0.2721140384674072, 0.35294580459594727, 0.3779170513153076, 0.412822961807251, 0.41631102561950684, 0.5019001960754395, 0.5106079578399658, 0.5145747661590576, 0.5283539295196533, 0.5316898822784424, 0.532257080078125, 0.5759453773498535, 0.5908160209655762]
{'args': ((2, 0, slice(0, 960, None), slice(None, None, None)),), 'dataset shape': (40, 11, 1921, 2560), 'dataset chunks': (7, 1, 385, 512), 'indexing time (s)': 9.5367431640625e-07, 'chunk number': 1650, 'reduction time (s)': 0.597402811050415, 'chunks processed': 15, 'storage read (B)': 29685482, 'selection 2 time (s)': 0.6183388233184814}
Thread times [0.11173605918884277, 0.1280651092529297, 0.18626689910888672, 0.18558883666992188, 0.1870889663696289, 0.2701847553253174, 0.4187967777252197, 0.44384217262268066, 0.4671659469604492, 0.47652411460876465, 0.475139856338501, 0.47954797744750977, 0.4781687259674072, 0.48356199264526367, 0.5049941539764404]
{'args': ((3, 0, slice(0, 960, None), slice(None, None, None)),), 'dataset shape': (40, 11, 1921, 2560), 'dataset chunks': (7, 1, 385, 512), 'indexing time (s)': 1.6689300537109375e-06, 'chunk number': 1650, 'reduction time (s)': 0.5138499736785889, 'chunks processed': 15, 'storage read (B)': 29685482, 'selection 2 time (s)': 0.5266721248626709}
Thread times [0.2877538204193115, 0.40697693824768066, 0.43875908851623535, 0.5035817623138428, 0.5400919914245605, 0.5689082145690918, 0.5686700344085693, 0.5712127685546875, 0.5693340301513672, 0.5730080604553223, 0.5752890110015869, 0.5798220634460449, 0.579110860824585, 0.5834259986877441, 0.5837039947509766]
{'args': ((4, 0, slice(0, 960, None), slice(None, None, None)),), 'dataset shape': (40, 11, 1921, 2560), 'dataset chunks': (7, 1, 385, 512), 'indexing time (s)': 9.5367431640625e-07, 'chunk number': 1650, 'reduction time (s)': 0.5885400772094727, 'chunks processed': 15, 'storage read (B)': 29685482, 'selection 2 time (s)': 0.6013638973236084}
Thread times [0.07401776313781738, 0.33272290229797363, 0.3627007007598877, 0.41197800636291504, 0.5298478603363037, 0.5562179088592529, 0.567180871963501, 0.5701689720153809, 0.5724868774414062, 0.5762979984283447, 0.5823769569396973, 0.5855529308319092, 0.5838017463684082, 0.5879909992218018, 0.6032781600952148]
{'args': ((5, 0, slice(0, 960, None), slice(None, None, None)),), 'dataset shape': (40, 11, 1921, 2560), 'dataset chunks': (7, 1, 385, 512), 'indexing time (s)': 1.9073486328125e-06, 'chunk number': 1650, 'reduction time (s)': 0.6094892024993896, 'chunks processed': 15, 'storage read (B)': 29685482, 'selection 2 time (s)': 0.6241128444671631}
Thread times [0.12286376953125, 0.12003207206726074, 0.15019488334655762, 0.14987683296203613, 0.23949813842773438, 0.26035213470458984, 0.3292422294616699, 0.3462510108947754, 0.3505711555480957, 0.3630399703979492, 0.36800312995910645, 0.3736298084259033, 0.3768041133880615, 0.37746095657348633, 0.38312506675720215]
{'args': ((6, 0, slice(0, 960, None), slice(None, None, None)),), 'dataset shape': (40, 11, 1921, 2560), 'dataset chunks': (7, 1, 385, 512), 'indexing time (s)': 9.5367431640625e-07, 'chunk number': 1650, 'reduction time (s)': 0.3874039649963379, 'chunks processed': 15, 'storage read (B)': 29685482, 'selection 2 time (s)': 0.4012901782989502}
Thread times [0.19977688789367676, 0.22238516807556152, 0.23705792427062988, 0.24094510078430176, 0.24529194831848145, 0.24324297904968262, 0.24629688262939453, 0.24305105209350586, 0.24381208419799805, 0.24916791915893555, 0.3052709102630615, 0.3060591220855713, 0.30953502655029297, 0.3160889148712158, 0.31577205657958984]
{'args': ((7, 0, slice(0, 960, None), slice(None, None, None)),), 'dataset shape': (40, 11, 1921, 2560), 'dataset chunks': (7, 1, 385, 512), 'indexing time (s)': 2.1457672119140625e-06, 'chunk number': 1650, 'reduction time (s)': 0.3211650848388672, 'chunks processed': 15, 'storage read (B)': 29701892, 'selection 2 time (s)': 0.328840970993042}
Thread times [0.11085700988769531, 0.12157011032104492, 0.13356280326843262, 0.1459190845489502, 0.14542484283447266, 0.15169310569763184, 0.15707993507385254, 0.16603994369506836, 0.1689310073852539, 0.1887509822845459, 0.18860888481140137, 0.1906571388244629, 0.20015907287597656, 0.2950291633605957, 0.30014896392822266]
{'args': ((8, 0, slice(0, 960, None), slice(None, None, None)),), 'dataset shape': (40, 11, 1921, 2560), 'dataset chunks': (7, 1, 385, 512), 'indexing time (s)': 1.1920928955078125e-06, 'chunk number': 1650, 'reduction time (s)': 0.30415892601013184, 'chunks processed': 15, 'storage read (B)': 29701892, 'selection 2 time (s)': 0.3176860809326172}
Thread times [0.4414958953857422, 0.44203901290893555, 0.5653948783874512, 0.5816357135772705, 0.5840997695922852, 0.5840139389038086, 0.5861549377441406, 0.5858631134033203, 0.5905957221984863, 0.5881128311157227, 0.5934967994689941, 0.5960109233856201, 0.6090278625488281, 0.6153120994567871, 0.6163530349731445]
{'args': ((9, 0, slice(0, 960, None), slice(None, None, None)),), 'dataset shape': (40, 11, 1921, 2560), 'dataset chunks': (7, 1, 385, 512), 'indexing time (s)': 1.6689300537109375e-06, 'chunk number': 1650, 'reduction time (s)': 0.6230928897857666, 'chunks processed': 15, 'storage read (B)': 29701892, 'selection 2 time (s)': 0.6333010196685791}
Thread times [0.16310882568359375, 0.16586518287658691, 0.48637914657592773, 0.4911050796508789, 0.5840549468994141, 0.5858778953552246, 0.5896267890930176, 0.6005148887634277, 0.6059918403625488, 0.6156430244445801, 0.6186418533325195, 0.6242978572845459, 0.6302831172943115, 0.6324410438537598, 0.6350991725921631]
{'args': ((10, 0, slice(0, 960, None), slice(None, None, None)),), 'dataset shape': (40, 11, 1921, 2560), 'dataset chunks': (7, 1, 385, 512), 'indexing time (s)': 9.5367431640625e-07, 'chunk number': 1650, 'reduction time (s)': 0.6392719745635986, 'chunks processed': 15, 'storage read (B)': 29701892, 'selection 2 time (s)': 0.6558859348297119}
Thread times [0.11993217468261719, 0.15546774864196777, 0.4148900508880615, 0.4272420406341553, 0.6336219310760498, 0.6362431049346924, 0.641024112701416, 0.6467399597167969, 0.645592212677002, 0.6456408500671387, 0.6520869731903076, 0.6547908782958984, 0.6570041179656982, 0.6573169231414795, 0.6757221221923828]
{'args': ((11, 0, slice(0, 960, None), slice(None, None, None)),), 'dataset shape': (40, 11, 1921, 2560), 'dataset chunks': (7, 1, 385, 512), 'indexing time (s)': 2.1457672119140625e-06, 'chunk number': 1650, 'reduction time (s)': 0.6812090873718262, 'chunks processed': 15, 'storage read (B)': 29701892, 'selection 2 time (s)': 0.6934490203857422}
Thread times [0.12590694427490234, 0.1317119598388672, 0.1326589584350586, 0.1376340389251709, 0.33863401412963867, 0.3612058162689209, 0.4186429977416992, 0.43001484870910645, 0.43298912048339844, 0.4326820373535156, 0.43633389472961426, 0.44180727005004883, 0.4465363025665283, 0.4484679698944092, 0.47152209281921387]
{'args': ((12, 0, slice(0, 960, None), slice(None, None, None)),), 'dataset shape': (40, 11, 1921, 2560), 'dataset chunks': (7, 1, 385, 512), 'indexing time (s)': 9.5367431640625e-07, 'chunk number': 1650, 'reduction time (s)': 0.4759249687194824, 'chunks processed': 15, 'storage read (B)': 29701892, 'selection 2 time (s)': 0.49462389945983887}
Thread times [0.4516880512237549, 0.45308613777160645, 0.48145198822021484, 0.49777698516845703, 0.5051147937774658, 0.5103187561035156, 0.5167067050933838, 0.5157701969146729, 0.523374080657959, 0.5232839584350586, 0.5325322151184082, 0.5312149524688721, 0.5379829406738281, 0.5358598232269287, 0.5415642261505127]
{'args': ((13, 0, slice(0, 960, None), slice(None, None, None)),), 'dataset shape': (40, 11, 1921, 2560), 'dataset chunks': (7, 1, 385, 512), 'indexing time (s)': 3.0994415283203125e-06, 'chunk number': 1650, 'reduction time (s)': 0.5480079650878906, 'chunks processed': 15, 'storage read (B)': 29701892, 'selection 2 time (s)': 0.5632209777832031}
Thread times [0.37589097023010254, 0.5002069473266602, 0.5233938694000244, 0.5429720878601074, 0.5600030422210693, 0.5595200061798096, 0.5785951614379883, 0.5847659111022949, 0.5827991962432861, 0.5849721431732178, 0.5865111351013184, 0.5866491794586182, 0.5886411666870117, 0.5887241363525391, 0.605518102645874]
{'args': ((14, 0, slice(0, 960, None), slice(None, None, None)),), 'dataset shape': (40, 11, 1921, 2560), 'dataset chunks': (7, 1, 385, 512), 'indexing time (s)': 9.5367431640625e-07, 'chunk number': 1650, 'reduction time (s)': 0.6117701530456543, 'chunks processed': 15, 'storage read (B)': 29733505, 'selection 2 time (s)': 0.6215858459472656}
Thread times [0.3927769660949707, 0.3925621509552002, 0.43979978561401367, 0.448228120803833, 0.45010900497436523, 0.4657416343688965, 0.44963788986206055, 0.4642770290374756, 0.4598231315612793, 0.4646449089050293, 0.4516749382019043, 0.4675600528717041, 0.47086524963378906, 0.47516393661499023, 0.4702494144439697]
{'args': ((15, 0, slice(0, 960, None), slice(None, None, None)),), 'dataset shape': (40, 11, 1921, 2560), 'dataset chunks': (7, 1, 385, 512), 'indexing time (s)': 9.5367431640625e-07, 'chunk number': 1650, 'reduction time (s)': 0.49016594886779785, 'chunks processed': 15, 'storage read (B)': 29733505, 'selection 2 time (s)': 0.5028958320617676}
Thread times [0.1479940414428711, 0.19700193405151367, 0.21300411224365234, 0.5387310981750488, 0.5588839054107666, 0.5771172046661377, 0.5940616130828857, 0.6021769046783447, 0.6032290458679199, 0.6105570793151855, 0.6345558166503906, 0.6367092132568359, 0.6394338607788086, 0.6418089866638184, 0.6416592597961426]
{'args': ((16, 0, slice(0, 960, None), slice(None, None, None)),), 'dataset shape': (40, 11, 1921, 2560), 'dataset chunks': (7, 1, 385, 512), 'indexing time (s)': 1.1920928955078125e-06, 'chunk number': 1650, 'reduction time (s)': 0.6466240882873535, 'chunks processed': 15, 'storage read (B)': 29733505, 'selection 2 time (s)': 0.659635066986084}
Thread times [0.358597993850708, 0.35808300971984863, 0.3582000732421875, 0.35545802116394043, 0.36064815521240234, 0.3603081703186035, 0.35851216316223145, 0.3546278476715088, 0.35844874382019043, 0.35643696784973145, 0.36319732666015625, 0.36368417739868164, 0.3664877414703369, 0.3729259967803955, 0.3736240863800049]
{'args': ((17, 0, slice(0, 960, None), slice(None, None, None)),), 'dataset shape': (40, 11, 1921, 2560), 'dataset chunks': (7, 1, 385, 512), 'indexing time (s)': 2.1457672119140625e-06, 'chunk number': 1650, 'reduction time (s)': 0.37912416458129883, 'chunks processed': 15, 'storage read (B)': 29733505, 'selection 2 time (s)': 0.39441490173339844}
Thread times [0.17564010620117188, 0.18955683708190918, 0.18755698204040527, 0.19208216667175293, 0.302623987197876, 0.4101588726043701, 0.424724817276001, 0.4255189895629883, 0.43862199783325195, 0.4385838508605957, 0.4420449733734131, 0.45084285736083984, 0.45052123069763184, 0.45487213134765625, 0.4690690040588379]
{'args': ((18, 0, slice(0, 960, None), slice(None, None, None)),), 'dataset shape': (40, 11, 1921, 2560), 'dataset chunks': (7, 1, 385, 512), 'indexing time (s)': 1.1920928955078125e-06, 'chunk number': 1650, 'reduction time (s)': 0.4745359420776367, 'chunks processed': 15, 'storage read (B)': 29733505, 'selection 2 time (s)': 0.49098706245422363}
Thread times [0.4101531505584717, 0.506824254989624, 0.575812816619873, 0.5985527038574219, 0.6104168891906738, 0.6125319004058838, 0.623610258102417, 0.6331119537353516, 0.6140060424804688, 0.6333513259887695, 0.6169168949127197, 0.6245009899139404, 0.6346170902252197, 0.6418039798736572, 0.6528770923614502]
{'args': ((19, 0, slice(0, 960, None), slice(None, None, None)),), 'dataset shape': (40, 11, 1921, 2560), 'dataset chunks': (7, 1, 385, 512), 'indexing time (s)': 1.9073486328125e-06, 'chunk number': 1650, 'reduction time (s)': 0.6642539501190186, 'chunks processed': 15, 'storage read (B)': 29733505, 'selection 2 time (s)': 0.6807618141174316}
Thread times [0.43640613555908203, 0.525806188583374, 0.5313780307769775, 0.5344939231872559, 0.5386638641357422, 0.5643210411071777, 0.5616943836212158, 0.5705220699310303, 0.574077844619751, 0.5747230052947998, 0.5832021236419678, 0.585852861404419, 0.5889596939086914, 0.5955450534820557, 0.5959420204162598]
{'args': ((20, 0, slice(0, 960, None), slice(None, None, None)),), 'dataset shape': (40, 11, 1921, 2560), 'dataset chunks': (7, 1, 385, 512), 'indexing time (s)': 1.9073486328125e-06, 'chunk number': 1650, 'reduction time (s)': 0.6017730236053467, 'chunks processed': 15, 'storage read (B)': 29733505, 'selection 2 time (s)': 0.6133041381835938}
Thread times [0.6349291801452637, 0.6360540390014648, 0.7417919635772705, 0.7717370986938477, 0.8016529083251953, 0.8363111019134521, 0.8332068920135498, 0.844588041305542, 0.8635780811309814, 0.8625109195709229, 0.8639180660247803, 0.8661768436431885, 0.8670220375061035, 0.8827388286590576, 0.9093649387359619]
{'args': ((21, 0, slice(0, 960, None), slice(None, None, None)),), 'dataset shape': (40, 11, 1921, 2560), 'dataset chunks': (7, 1, 385, 512), 'indexing time (s)': 1.1920928955078125e-06, 'chunk number': 1650, 'reduction time (s)': 0.9158380031585693, 'chunks processed': 15, 'storage read (B)': 29686785, 'selection 2 time (s)': 0.923109769821167}
Thread times [0.41789698600769043, 0.4648141860961914, 0.5924122333526611, 0.613612174987793, 0.6239297389984131, 0.6399819850921631, 0.6496999263763428, 0.6498889923095703, 0.6543440818786621, 0.6566758155822754, 0.6605551242828369, 0.665212869644165, 0.668471097946167, 0.6896638870239258, 0.7207159996032715]
{'args': ((22, 0, slice(0, 960, None), slice(None, None, None)),), 'dataset shape': (40, 11, 1921, 2560), 'dataset chunks': (7, 1, 385, 512), 'indexing time (s)': 0.0, 'chunk number': 1650, 'reduction time (s)': 0.7261829376220703, 'chunks processed': 15, 'storage read (B)': 29686785, 'selection 2 time (s)': 0.7468559741973877}
Thread times [0.12534618377685547, 0.12620282173156738, 0.1422290802001953, 0.2086789608001709, 0.24487996101379395, 0.6048851013183594, 0.6030621528625488, 0.6028118133544922, 0.5997419357299805, 0.6013660430908203, 0.6066081523895264, 0.6082470417022705, 0.6123456954956055, 0.6144919395446777, 0.6118340492248535]
{'args': ((23, 0, slice(0, 960, None), slice(None, None, None)),), 'dataset shape': (40, 11, 1921, 2560), 'dataset chunks': (7, 1, 385, 512), 'indexing time (s)': 1.9073486328125e-06, 'chunk number': 1650, 'reduction time (s)': 0.621150016784668, 'chunks processed': 15, 'storage read (B)': 29686785, 'selection 2 time (s)': 0.6316421031951904}
Thread times [0.16053199768066406, 0.1735689640045166, 0.2763400077819824, 0.3254098892211914, 0.36384105682373047, 0.4241311550140381, 0.42694926261901855, 0.42843198776245117, 0.42719578742980957, 0.4423060417175293, 0.4434950351715088, 0.44947195053100586, 0.46987104415893555, 0.4703938961029053, 0.4756479263305664]
{'args': ((24, 0, slice(0, 960, None), slice(None, None, None)),), 'dataset shape': (40, 11, 1921, 2560), 'dataset chunks': (7, 1, 385, 512), 'indexing time (s)': 1.1920928955078125e-06, 'chunk number': 1650, 'reduction time (s)': 0.48003387451171875, 'chunks processed': 15, 'storage read (B)': 29686785, 'selection 2 time (s)': 0.49691009521484375}
Thread times [0.14392495155334473, 0.2365708351135254, 0.2736797332763672, 0.3370339870452881, 0.35072922706604004, 0.37005114555358887, 0.3708961009979248, 0.375931978225708, 0.37860107421875, 0.3781318664550781, 0.4023749828338623, 0.4163780212402344, 0.421558141708374, 0.4445679187774658, 0.471027135848999]
{'args': ((25, 0, slice(0, 960, None), slice(None, None, None)),), 'dataset shape': (40, 11, 1921, 2560), 'dataset chunks': (7, 1, 385, 512), 'indexing time (s)': 2.1457672119140625e-06, 'chunk number': 1650, 'reduction time (s)': 0.4784560203552246, 'chunks processed': 15, 'storage read (B)': 29686785, 'selection 2 time (s)': 0.4898190498352051}
Thread times [0.17403817176818848, 0.28804612159729004, 0.3306312561035156, 0.4063527584075928, 0.435258150100708, 0.4430210590362549, 0.44742298126220703, 0.46161413192749023, 0.46326780319213867, 0.46509623527526855, 0.47019171714782715, 0.4699687957763672, 0.47472596168518066, 0.47458815574645996, 0.48362088203430176]
{'args': ((26, 0, slice(0, 960, None), slice(None, None, None)),), 'dataset shape': (40, 11, 1921, 2560), 'dataset chunks': (7, 1, 385, 512), 'indexing time (s)': 9.5367431640625e-07, 'chunk number': 1650, 'reduction time (s)': 0.4906651973724365, 'chunks processed': 15, 'storage read (B)': 29686785, 'selection 2 time (s)': 0.5071098804473877}
Thread times [0.14149904251098633, 0.15210485458374023, 0.30809497833251953, 0.3172471523284912, 0.3708641529083252, 0.42993617057800293, 0.51572585105896, 0.540524959564209, 0.5409030914306641, 0.5375869274139404, 0.5456879138946533, 0.5513348579406738, 0.5603063106536865, 0.5949440002441406, 0.6043651103973389]
{'args': ((27, 0, slice(0, 960, None), slice(None, None, None)),), 'dataset shape': (40, 11, 1921, 2560), 'dataset chunks': (7, 1, 385, 512), 'indexing time (s)': 1.1920928955078125e-06, 'chunk number': 1650, 'reduction time (s)': 0.6141650676727295, 'chunks processed': 15, 'storage read (B)': 29686785, 'selection 2 time (s)': 0.6361310482025146}
Thread times [0.2660181522369385, 0.28070712089538574, 0.3076601028442383, 0.3217949867248535, 0.32854294776916504, 0.33609795570373535, 0.3405270576477051, 0.3382148742675781, 0.33614087104797363, 0.3374168872833252, 0.344512939453125, 0.34488606452941895, 0.35331296920776367, 0.35324597358703613, 0.3542640209197998]
{'args': ((28, 0, slice(0, 960, None), slice(None, None, None)),), 'dataset shape': (40, 11, 1921, 2560), 'dataset chunks': (7, 1, 385, 512), 'indexing time (s)': 2.1457672119140625e-06, 'chunk number': 1650, 'reduction time (s)': 0.36348986625671387, 'chunks processed': 15, 'storage read (B)': 29670387, 'selection 2 time (s)': 0.3795199394226074}
Thread times [0.35149598121643066, 0.4418051242828369, 0.5162010192871094, 0.5254878997802734, 0.5319380760192871, 0.5373961925506592, 0.5408809185028076, 0.5375571250915527, 0.5421359539031982, 0.5414040088653564, 0.5431320667266846, 0.544450044631958, 0.5500411987304688, 0.5515720844268799, 0.5651350021362305]
{'args': ((29, 0, slice(0, 960, None), slice(None, None, None)),), 'dataset shape': (40, 11, 1921, 2560), 'dataset chunks': (7, 1, 385, 512), 'indexing time (s)': 9.5367431640625e-07, 'chunk number': 1650, 'reduction time (s)': 0.5723609924316406, 'chunks processed': 15, 'storage read (B)': 29670387, 'selection 2 time (s)': 0.5836172103881836}
Thread times [0.1182548999786377, 0.47150111198425293, 0.5184910297393799, 0.6010487079620361, 0.6046848297119141, 0.606403112411499, 0.6208021640777588, 0.6226658821105957, 0.6263899803161621, 0.6258628368377686, 0.6280601024627686, 0.6343660354614258, 0.6349611282348633, 0.6391468048095703, 0.6398451328277588]
{'args': ((30, 0, slice(0, 960, None), slice(None, None, None)),), 'dataset shape': (40, 11, 1921, 2560), 'dataset chunks': (7, 1, 385, 512), 'indexing time (s)': 9.5367431640625e-07, 'chunk number': 1650, 'reduction time (s)': 0.6492800712585449, 'chunks processed': 15, 'storage read (B)': 29670387, 'selection 2 time (s)': 0.6646990776062012}
Thread times [0.41085386276245117, 0.49072885513305664, 0.6717851161956787, 0.6792120933532715, 0.6891040802001953, 0.6856398582458496, 0.6868488788604736, 0.691835880279541, 0.6943826675415039, 0.6906881332397461, 0.6966571807861328, 0.6975319385528564, 0.7058191299438477, 0.7174930572509766, 0.718167781829834]
{'args': ((31, 0, slice(0, 960, None), slice(None, None, None)),), 'dataset shape': (40, 11, 1921, 2560), 'dataset chunks': (7, 1, 385, 512), 'indexing time (s)': 2.1457672119140625e-06, 'chunk number': 1650, 'reduction time (s)': 0.7255418300628662, 'chunks processed': 15, 'storage read (B)': 29670387, 'selection 2 time (s)': 0.7452151775360107}
Thread times [0.22851920127868652, 0.27945494651794434, 0.40235066413879395, 0.41000914573669434, 0.41579413414001465, 0.41444993019104004, 0.4242377281188965, 0.4337186813354492, 0.4351019859313965, 0.4344489574432373, 0.437305212020874, 0.4393608570098877, 0.4452841281890869, 0.4441816806793213, 0.4487950801849365]
{'args': ((32, 0, slice(0, 960, None), slice(None, None, None)),), 'dataset shape': (40, 11, 1921, 2560), 'dataset chunks': (7, 1, 385, 512), 'indexing time (s)': 9.5367431640625e-07, 'chunk number': 1650, 'reduction time (s)': 0.456712007522583, 'chunks processed': 15, 'storage read (B)': 29670387, 'selection 2 time (s)': 0.4649498462677002}
Thread times [0.2586238384246826, 0.3250272274017334, 0.4104421138763428, 0.41501402854919434, 0.4111518859863281, 0.4203660488128662, 0.4221341609954834, 0.4192209243774414, 0.42830920219421387, 0.4274282455444336, 0.4329662322998047, 0.43561410903930664, 0.4381520748138428, 0.43933892250061035, 0.46578192710876465]
{'args': ((33, 0, slice(0, 960, None), slice(None, None, None)),), 'dataset shape': (40, 11, 1921, 2560), 'dataset chunks': (7, 1, 385, 512), 'indexing time (s)': 9.5367431640625e-07, 'chunk number': 1650, 'reduction time (s)': 0.4707207679748535, 'chunks processed': 15, 'storage read (B)': 29670387, 'selection 2 time (s)': 0.48796820640563965}
Thread times [0.12466192245483398, 0.12305378913879395, 0.13635706901550293, 0.13503217697143555, 0.1447608470916748, 0.3726990222930908, 0.5965969562530518, 0.5987710952758789, 0.6101009845733643, 0.6233019828796387, 0.6262578964233398, 0.6260499954223633, 0.6336112022399902, 0.6322519779205322, 0.6449928283691406]
{'args': ((34, 0, slice(0, 960, None), slice(None, None, None)),), 'dataset shape': (40, 11, 1921, 2560), 'dataset chunks': (7, 1, 385, 512), 'indexing time (s)': 7.152557373046875e-07, 'chunk number': 1650, 'reduction time (s)': 0.6533081531524658, 'chunks processed': 15, 'storage read (B)': 29670387, 'selection 2 time (s)': 0.6677241325378418}
Thread times [0.2641620635986328, 0.2610781192779541, 0.2704501152038574, 0.30655884742736816, 0.3066120147705078, 0.31653499603271484, 0.31732916831970215, 0.31612396240234375, 0.320310115814209, 0.318727970123291, 0.3244590759277344, 0.328582763671875, 0.3388690948486328, 0.3383140563964844, 0.3430509567260742]
{'args': ((35, 0, slice(0, 960, None), slice(None, None, None)),), 'dataset shape': (40, 11, 1921, 2560), 'dataset chunks': (7, 1, 385, 512), 'indexing time (s)': 2.1457672119140625e-06, 'chunk number': 1650, 'reduction time (s)': 0.34676408767700195, 'chunks processed': 15, 'storage read (B)': 21287473, 'selection 2 time (s)': 0.36357688903808594}
Thread times [0.10438108444213867, 0.18364500999450684, 0.1961050033569336, 0.1940629482269287, 0.19812917709350586, 0.2277512550354004, 0.24178600311279297, 0.24619007110595703, 0.2593379020690918, 0.25592708587646484, 0.2618560791015625, 0.26384687423706055, 0.2664933204650879, 0.2705693244934082, 0.2688162326812744]
{'args': ((36, 0, slice(0, 960, None), slice(None, None, None)),), 'dataset shape': (40, 11, 1921, 2560), 'dataset chunks': (7, 1, 385, 512), 'indexing time (s)': 1.9073486328125e-06, 'chunk number': 1650, 'reduction time (s)': 0.2784240245819092, 'chunks processed': 15, 'storage read (B)': 21287473, 'selection 2 time (s)': 0.28791213035583496}
Thread times [0.12805914878845215, 0.13233685493469238, 0.14775395393371582, 0.1392669677734375, 0.14720892906188965, 0.3111250400543213, 0.32332324981689453, 0.356687068939209, 0.34278011322021484, 0.3534891605377197, 0.35523390769958496, 0.3552131652832031, 0.35389018058776855, 0.35857486724853516, 0.3635132312774658]
{'args': ((37, 0, slice(0, 960, None), slice(None, None, None)),), 'dataset shape': (40, 11, 1921, 2560), 'dataset chunks': (7, 1, 385, 512), 'indexing time (s)': 9.5367431640625e-07, 'chunk number': 1650, 'reduction time (s)': 0.3752410411834717, 'chunks processed': 15, 'storage read (B)': 21287473, 'selection 2 time (s)': 0.3858799934387207}
Thread times [0.11657023429870605, 0.12309598922729492, 0.15050792694091797, 0.15201520919799805, 0.15267395973205566, 0.19511675834655762, 0.27446889877319336, 0.2771320343017578, 0.2803661823272705, 0.2819631099700928, 0.2824733257293701, 0.2846860885620117, 0.28818511962890625, 0.28924107551574707, 0.29531288146972656]
{'args': ((38, 0, slice(0, 960, None), slice(None, None, None)),), 'dataset shape': (40, 11, 1921, 2560), 'dataset chunks': (7, 1, 385, 512), 'indexing time (s)': 9.5367431640625e-07, 'chunk number': 1650, 'reduction time (s)': 0.29866886138916016, 'chunks processed': 15, 'storage read (B)': 21287473, 'selection 2 time (s)': 0.3113431930541992}
Thread times [0.13065075874328613, 0.175462007522583, 0.20553302764892578, 0.21414399147033691, 0.21748089790344238, 0.22568273544311523, 0.22913098335266113, 0.23786592483520508, 0.23579692840576172, 0.24018502235412598, 0.2442941665649414, 0.2468879222869873, 0.24764084815979004, 0.24979305267333984, 0.2991030216217041]
{'args': ((39, 0, slice(0, 960, None), slice(None, None, None)),), 'dataset shape': (40, 11, 1921, 2560), 'dataset chunks': (7, 1, 385, 512), 'indexing time (s)': 9.5367431640625e-07, 'chunk number': 1650, 'reduction time (s)': 0.29983019828796387, 'chunks processed': 15, 'storage read (B)': 21287473, 'selection 2 time (s)': 0.31464505195617676}
[[226.07820312]
 [226.0646875 ]
 [225.93776042]
 [225.90822917]
 [225.91736979]
 [225.88460937]
 [225.82078125]
 [225.85434896]
 [225.98346354]
 [226.03822917]
 [226.01320312]
 [226.02335938]
 [226.03765625]
 [226.00486979]
 [225.91776042]
 [225.94033854]
 [225.98729167]
 [225.91450521]
 [225.81239583]
 [225.81890625]
 [225.8453125 ]
 [225.78502604]
 [225.63648438]
 [225.5565625 ]
 [225.45747396]
 [225.32382813]
 [225.16335937]
 [225.07789063]
 [225.07846354]
 [225.10666667]
 [225.17609375]
 [225.36867187]
 [225.57927083]
 [225.69083333]
 [225.72221354]
 [225.82369792]
 [225.93640625]
 [225.96760417]
 [225.91872396]
 [225.92234375]]
Summary:  Uni24-np3:Active (T100,BS5): 3.81s,21.13s,46.09s
