Dataset loaded from S3 with s3fs and Pyfive: bnl/ch330a.pc19790301-def.nc (0.049,3.1)
Thread times [0.13464808464050293, 0.05900311470031738, 0.06574606895446777, 0.07709884643554688, 0.12360882759094238, 0.09513401985168457, 0.10185694694519043, 0.29065704345703125, 0.3075852394104004, 0.11212515830993652, 0.19512104988098145, 0.33767104148864746, 0.18610119819641113, 0.15166211128234863, 0.27588605880737305]
{'load nc time': 3.6778688430786133, 'args': ((0, 0, slice(0, 960, None), slice(None, None, None)),), 'dataset shape': (40, 11, 1921, 2560), 'dataset chunks': (7, 1, 385, 512), 'indexing time (s)': 18.195662021636963, 'chunk number': 1650, 'reduction time (s)': 2.5161240100860596, 'chunks processed': 15, 'storage read (B)': 29685482, 'selection 2 time (s)': 20.71553111076355}
Thread times [0.13276886940002441, 0.05478501319885254, 0.10738611221313477, 0.18447399139404297, 0.06994819641113281, 0.07334780693054199, 0.19551706314086914, 0.1327650547027588, 0.2891120910644531, 0.10840392112731934, 0.12654709815979004, 0.6698229312896729, 0.12546586990356445, 0.21208810806274414, 0.1593470573425293]
{'args': ((1, 0, slice(0, 960, None), slice(None, None, None)),), 'dataset shape': (40, 11, 1921, 2560), 'dataset chunks': (7, 1, 385, 512), 'indexing time (s)': 2.1457672119140625e-06, 'chunk number': 1650, 'reduction time (s)': 2.6436519622802734, 'chunks processed': 15, 'storage read (B)': 29685482, 'selection 2 time (s)': 2.646359920501709}
Thread times [0.14144206047058105, 0.0656890869140625, 0.07841300964355469, 0.07652473449707031, 0.08645296096801758, 0.10026693344116211, 0.09025692939758301, 0.07844710350036621, 0.2049570083618164, 0.07946491241455078, 0.09722709655761719, 0.346782922744751, 0.08513712882995605, 0.08730530738830566, 0.1342780590057373]
{'args': ((2, 0, slice(0, 960, None), slice(None, None, None)),), 'dataset shape': (40, 11, 1921, 2560), 'dataset chunks': (7, 1, 385, 512), 'indexing time (s)': 9.5367431640625e-07, 'chunk number': 1650, 'reduction time (s)': 1.754197597503662, 'chunks processed': 15, 'storage read (B)': 29685482, 'selection 2 time (s)': 1.7570891380310059}
Thread times [0.10172796249389648, 0.0638589859008789, 0.10682892799377441, 0.0702509880065918, 0.08911514282226562, 0.07900190353393555, 0.08662796020507812, 0.09627294540405273, 0.248183012008667, 0.11361289024353027, 0.08243918418884277, 0.2912571430206299, 0.16369986534118652, 0.1620180606842041, 0.09245014190673828]
{'args': ((3, 0, slice(0, 960, None), slice(None, None, None)),), 'dataset shape': (40, 11, 1921, 2560), 'dataset chunks': (7, 1, 385, 512), 'indexing time (s)': 2.1457672119140625e-06, 'chunk number': 1650, 'reduction time (s)': 1.8491480350494385, 'chunks processed': 15, 'storage read (B)': 29685482, 'selection 2 time (s)': 1.8527231216430664}
Thread times [0.09437417984008789, 0.061689138412475586, 0.06573224067687988, 0.06815624237060547, 0.08287835121154785, 0.0703120231628418, 0.1072990894317627, 0.3567769527435303, 0.30739712715148926, 0.12825298309326172, 0.08118104934692383, 0.30273008346557617, 0.12402200698852539, 0.09113502502441406, 0.10494089126586914]
{'args': ((4, 0, slice(0, 960, None), slice(None, None, None)),), 'dataset shape': (40, 11, 1921, 2560), 'dataset chunks': (7, 1, 385, 512), 'indexing time (s)': 2.1457672119140625e-06, 'chunk number': 1650, 'reduction time (s)': 2.0490269660949707, 'chunks processed': 15, 'storage read (B)': 29685482, 'selection 2 time (s)': 2.053074836730957}
Thread times [0.11760306358337402, 0.08450722694396973, 0.10624480247497559, 0.10324907302856445, 0.08097624778747559, 0.10317206382751465, 0.23964810371398926, 0.19327902793884277, 0.3156142234802246, 0.08681774139404297, 0.11688899993896484, 0.4798600673675537, 0.08045816421508789, 0.10012221336364746, 0.09530425071716309]
{'args': ((5, 0, slice(0, 960, None), slice(None, None, None)),), 'dataset shape': (40, 11, 1921, 2560), 'dataset chunks': (7, 1, 385, 512), 'indexing time (s)': 5.9604644775390625e-06, 'chunk number': 1650, 'reduction time (s)': 2.3060901165008545, 'chunks processed': 15, 'storage read (B)': 29685482, 'selection 2 time (s)': 2.310441017150879}
Thread times [0.18422794342041016, 0.05774998664855957, 0.11140894889831543, 0.06439709663391113, 0.1188969612121582, 0.11261701583862305, 0.12569904327392578, 0.0870661735534668, 0.289506196975708, 0.11301517486572266, 0.39789891242980957, 0.23016929626464844, 0.10776805877685547, 0.14644408226013184, 0.13376212120056152]
{'args': ((6, 0, slice(0, 960, None), slice(None, None, None)),), 'dataset shape': (40, 11, 1921, 2560), 'dataset chunks': (7, 1, 385, 512), 'indexing time (s)': 3.814697265625e-06, 'chunk number': 1650, 'reduction time (s)': 2.28377103805542, 'chunks processed': 15, 'storage read (B)': 29685482, 'selection 2 time (s)': 2.287782907485962}
Thread times [0.20904183387756348, 0.0536346435546875, 0.07685708999633789, 0.20695805549621582, 0.17657017707824707, 0.11231613159179688, 0.18140697479248047, 0.13598895072937012, 0.249802827835083, 0.11933779716491699, 0.07161307334899902, 0.09786820411682129, 0.2029569149017334, 0.11364197731018066, 0.10931086540222168]
{'args': ((7, 0, slice(0, 960, None), slice(None, None, None)),), 'dataset shape': (40, 11, 1921, 2560), 'dataset chunks': (7, 1, 385, 512), 'indexing time (s)': 4.76837158203125e-06, 'chunk number': 1650, 'reduction time (s)': 2.120901107788086, 'chunks processed': 15, 'storage read (B)': 29701892, 'selection 2 time (s)': 2.124572992324829}
Thread times [0.10514211654663086, 0.05654406547546387, 0.07530665397644043, 0.11835384368896484, 0.12272119522094727, 0.22420001029968262, 0.3380138874053955, 0.10538601875305176, 0.30355000495910645, 0.14871978759765625, 0.18465900421142578, 0.2802450656890869, 0.1195681095123291, 0.13120818138122559, 0.12690210342407227]
{'args': ((8, 0, slice(0, 960, None), slice(None, None, None)),), 'dataset shape': (40, 11, 1921, 2560), 'dataset chunks': (7, 1, 385, 512), 'indexing time (s)': 5.0067901611328125e-06, 'chunk number': 1650, 'reduction time (s)': 2.4423208236694336, 'chunks processed': 15, 'storage read (B)': 29701892, 'selection 2 time (s)': 2.4455819129943848}
Thread times [0.20268893241882324, 0.08254694938659668, 0.09533476829528809, 0.10207724571228027, 0.08819794654846191, 0.1711440086364746, 0.11871600151062012, 0.3953406810760498, 0.2832047939300537, 0.1189570426940918, 0.10268783569335938, 0.08816385269165039, 0.21837306022644043, 0.12777113914489746, 0.09078025817871094]
{'args': ((9, 0, slice(0, 960, None), slice(None, None, None)),), 'dataset shape': (40, 11, 1921, 2560), 'dataset chunks': (7, 1, 385, 512), 'indexing time (s)': 3.0994415283203125e-06, 'chunk number': 1650, 'reduction time (s)': 2.2877190113067627, 'chunks processed': 15, 'storage read (B)': 29701892, 'selection 2 time (s)': 2.289794921875}
Thread times [0.12700796127319336, 0.11347484588623047, 0.10527205467224121, 0.15312600135803223, 0.10687899589538574, 0.10126829147338867, 0.1558530330657959, 0.13195586204528809, 0.32694411277770996, 0.23301386833190918, 0.09920907020568848, 0.23891711235046387, 0.20424413681030273, 0.21144795417785645, 0.3433258533477783]
{'args': ((10, 0, slice(0, 960, None), slice(None, None, None)),), 'dataset shape': (40, 11, 1921, 2560), 'dataset chunks': (7, 1, 385, 512), 'indexing time (s)': 1.9073486328125e-06, 'chunk number': 1650, 'reduction time (s)': 2.654198169708252, 'chunks processed': 15, 'storage read (B)': 29701892, 'selection 2 time (s)': 2.658381938934326}
Thread times [0.10178422927856445, 0.10477805137634277, 0.1496119499206543, 0.3003220558166504, 0.15423202514648438, 0.1563560962677002, 0.10848808288574219, 0.13916301727294922, 0.3157989978790283, 0.19691801071166992, 0.14935684204101562, 0.2230689525604248, 0.1363379955291748, 0.1620180606842041, 0.25723910331726074]
{'args': ((11, 0, slice(0, 960, None), slice(None, None, None)),), 'dataset shape': (40, 11, 1921, 2560), 'dataset chunks': (7, 1, 385, 512), 'indexing time (s)': 4.0531158447265625e-06, 'chunk number': 1650, 'reduction time (s)': 2.6574251651763916, 'chunks processed': 15, 'storage read (B)': 29701892, 'selection 2 time (s)': 2.660827159881592}
Thread times [0.09222817420959473, 0.057914018630981445, 0.12352895736694336, 0.06641411781311035, 0.12011480331420898, 0.1107339859008789, 0.12363886833190918, 0.1179208755493164, 0.3093068599700928, 0.13515210151672363, 0.18810391426086426, 0.13021588325500488, 0.09797883033752441, 0.1322038173675537, 0.09666895866394043]
{'args': ((12, 0, slice(0, 960, None), slice(None, None, None)),), 'dataset shape': (40, 11, 1921, 2560), 'dataset chunks': (7, 1, 385, 512), 'indexing time (s)': 2.1457672119140625e-06, 'chunk number': 1650, 'reduction time (s)': 1.9039463996887207, 'chunks processed': 15, 'storage read (B)': 29701892, 'selection 2 time (s)': 1.9071400165557861}
Thread times [0.09849190711975098, 0.0983741283416748, 0.0749959945678711, 0.11530494689941406, 0.10363531112670898, 0.07550907135009766, 0.07654786109924316, 0.16068315505981445, 0.2623128890991211, 0.10608887672424316, 0.17118477821350098, 0.158919095993042, 0.10447096824645996, 0.10895681381225586, 0.13217377662658691]
{'args': ((13, 0, slice(0, 960, None), slice(None, None, None)),), 'dataset shape': (40, 11, 1921, 2560), 'dataset chunks': (7, 1, 385, 512), 'indexing time (s)': 1.9073486328125e-06, 'chunk number': 1650, 'reduction time (s)': 1.849010944366455, 'chunks processed': 15, 'storage read (B)': 29701892, 'selection 2 time (s)': 1.8517858982086182}
Thread times [0.10036897659301758, 0.07141613960266113, 0.07626080513000488, 0.1654818058013916, 0.08150887489318848, 0.12357592582702637, 0.1183621883392334, 0.3129408359527588, 0.2433459758758545, 0.18140721321105957, 0.14283108711242676, 0.09174704551696777, 0.13881802558898926, 0.14459800720214844, 0.11211109161376953]
{'args': ((14, 0, slice(0, 960, None), slice(None, None, None)),), 'dataset shape': (40, 11, 1921, 2560), 'dataset chunks': (7, 1, 385, 512), 'indexing time (s)': 1.9073486328125e-06, 'chunk number': 1650, 'reduction time (s)': 2.107006072998047, 'chunks processed': 15, 'storage read (B)': 29733505, 'selection 2 time (s)': 2.1112191677093506}
Thread times [0.09627890586853027, 0.09630918502807617, 0.05959010124206543, 0.07259917259216309, 0.09072422981262207, 0.09838986396789551, 0.11867690086364746, 0.12052202224731445, 0.33456897735595703, 0.4109010696411133, 0.08894991874694824, 0.1288440227508545, 0.12733125686645508, 0.16669106483459473, 0.16808390617370605]
{'args': ((15, 0, slice(0, 960, None), slice(None, None, None)),), 'dataset shape': (40, 11, 1921, 2560), 'dataset chunks': (7, 1, 385, 512), 'indexing time (s)': 6.198883056640625e-06, 'chunk number': 1650, 'reduction time (s)': 2.180712938308716, 'chunks processed': 15, 'storage read (B)': 29733505, 'selection 2 time (s)': 2.1850409507751465}
Thread times [0.15273809432983398, 0.1996021270751953, 0.11153292655944824, 0.15575194358825684, 0.12801480293273926, 0.10549497604370117, 0.13723993301391602, 0.1353909969329834, 0.4523022174835205, 0.15181994438171387, 0.08263111114501953, 0.10241889953613281, 0.1394062042236328, 0.10873913764953613, 0.07424211502075195]
{'args': ((16, 0, slice(0, 960, None), slice(None, None, None)),), 'dataset shape': (40, 11, 1921, 2560), 'dataset chunks': (7, 1, 385, 512), 'indexing time (s)': 4.291534423828125e-06, 'chunk number': 1650, 'reduction time (s)': 2.2393031120300293, 'chunks processed': 15, 'storage read (B)': 29733505, 'selection 2 time (s)': 2.2434628009796143}
Thread times [0.0932919979095459, 0.08035802841186523, 0.0880279541015625, 0.12628483772277832, 0.11702108383178711, 0.10564303398132324, 0.09687232971191406, 0.12214326858520508, 0.25022315979003906, 0.08687210083007812, 0.15511298179626465, 0.08089923858642578, 0.08731913566589355, 0.09512090682983398, 0.08768486976623535]
{'args': ((17, 0, slice(0, 960, None), slice(None, None, None)),), 'dataset shape': (40, 11, 1921, 2560), 'dataset chunks': (7, 1, 385, 512), 'indexing time (s)': 5.245208740234375e-06, 'chunk number': 1650, 'reduction time (s)': 1.674901008605957, 'chunks processed': 15, 'storage read (B)': 29733505, 'selection 2 time (s)': 1.678797960281372}
Thread times [0.11466431617736816, 0.08939385414123535, 0.06646871566772461, 0.15527987480163574, 0.17211484909057617, 0.12651729583740234, 0.17728590965270996, 0.16058897972106934, 0.2664499282836914, 0.310697078704834, 0.40987420082092285, 0.11217403411865234, 0.10808324813842773, 0.10990285873413086, 0.11259198188781738]
{'args': ((18, 0, slice(0, 960, None), slice(None, None, None)),), 'dataset shape': (40, 11, 1921, 2560), 'dataset chunks': (7, 1, 385, 512), 'indexing time (s)': 2.1457672119140625e-06, 'chunk number': 1650, 'reduction time (s)': 2.4945569038391113, 'chunks processed': 15, 'storage read (B)': 29733505, 'selection 2 time (s)': 2.498703956604004}
Thread times [0.1483309268951416, 0.12664294242858887, 0.08315396308898926, 0.08298015594482422, 0.11121106147766113, 0.11474728584289551, 0.12346863746643066, 0.13160324096679688, 0.2609431743621826, 0.08378219604492188, 0.0790090560913086, 0.09869599342346191, 0.10327792167663574, 0.18706297874450684, 0.13056111335754395]
{'args': ((19, 0, slice(0, 960, None), slice(None, None, None)),), 'dataset shape': (40, 11, 1921, 2560), 'dataset chunks': (7, 1, 385, 512), 'indexing time (s)': 3.0994415283203125e-06, 'chunk number': 1650, 'reduction time (s)': 1.8672778606414795, 'chunks processed': 15, 'storage read (B)': 29733505, 'selection 2 time (s)': 1.8695423603057861}
Thread times [0.09582805633544922, 0.08080005645751953, 0.07475113868713379, 0.15775799751281738, 0.44266200065612793, 0.09262895584106445, 0.10012292861938477, 0.09403705596923828, 0.32860374450683594, 0.09479689598083496, 0.1476430892944336, 0.08796882629394531, 0.12414407730102539, 0.13092398643493652, 0.11732602119445801]
{'args': ((20, 0, slice(0, 960, None), slice(None, None, None)),), 'dataset shape': (40, 11, 1921, 2560), 'dataset chunks': (7, 1, 385, 512), 'indexing time (s)': 2.1457672119140625e-06, 'chunk number': 1650, 'reduction time (s)': 2.1714000701904297, 'chunks processed': 15, 'storage read (B)': 29733505, 'selection 2 time (s)': 2.172581911087036}
Thread times [0.10266900062561035, 0.05198502540588379, 0.0908973217010498, 0.17483282089233398, 0.07657504081726074, 0.0957181453704834, 0.07810020446777344, 0.3649098873138428, 0.12462592124938965, 0.10318493843078613, 0.12533283233642578, 0.1600649356842041, 0.3051459789276123, 0.30752992630004883, 0.09702682495117188]
{'args': ((21, 0, slice(0, 960, None), slice(None, None, None)),), 'dataset shape': (40, 11, 1921, 2560), 'dataset chunks': (7, 1, 385, 512), 'indexing time (s)': 0.0, 'chunk number': 1650, 'reduction time (s)': 2.2600789070129395, 'chunks processed': 15, 'storage read (B)': 29686785, 'selection 2 time (s)': 2.2634060382843018}
Thread times [0.12980198860168457, 0.11078810691833496, 0.14870095252990723, 0.09046506881713867, 0.18944001197814941, 0.14125585556030273, 0.0815730094909668, 0.0901188850402832, 0.1815659999847412, 0.3732762336730957, 0.19753599166870117, 0.1020512580871582, 0.3150210380554199, 0.21398520469665527, 0.09369683265686035]
{'args': ((22, 0, slice(0, 960, None), slice(None, None, None)),), 'dataset shape': (40, 11, 1921, 2560), 'dataset chunks': (7, 1, 385, 512), 'indexing time (s)': 4.76837158203125e-06, 'chunk number': 1650, 'reduction time (s)': 2.461205005645752, 'chunks processed': 15, 'storage read (B)': 29686785, 'selection 2 time (s)': 2.4659018516540527}
Thread times [0.11262679100036621, 0.06852102279663086, 0.08919715881347656, 0.11774086952209473, 0.0712888240814209, 0.09547209739685059, 0.20180201530456543, 0.21071720123291016, 0.10204386711120605, 0.1165311336517334, 0.08309197425842285, 0.08171391487121582, 0.2455911636352539, 0.2508220672607422, 0.11072206497192383]
{'args': ((23, 0, slice(0, 960, None), slice(None, None, None)),), 'dataset shape': (40, 11, 1921, 2560), 'dataset chunks': (7, 1, 385, 512), 'indexing time (s)': 4.0531158447265625e-06, 'chunk number': 1650, 'reduction time (s)': 1.9606189727783203, 'chunks processed': 15, 'storage read (B)': 29686785, 'selection 2 time (s)': 1.9649741649627686}
Thread times [0.10449409484863281, 0.08370518684387207, 0.08553862571716309, 0.09433889389038086, 0.09215903282165527, 0.14192891120910645, 0.12943506240844727, 0.10386800765991211, 0.21847200393676758, 0.13409996032714844, 0.133620023727417, 0.13241910934448242, 0.3239872455596924, 0.3469722270965576, 0.15764498710632324]
{'args': ((24, 0, slice(0, 960, None), slice(None, None, None)),), 'dataset shape': (40, 11, 1921, 2560), 'dataset chunks': (7, 1, 385, 512), 'indexing time (s)': 5.0067901611328125e-06, 'chunk number': 1650, 'reduction time (s)': 2.285637140274048, 'chunks processed': 15, 'storage read (B)': 29686785, 'selection 2 time (s)': 2.2878599166870117}
Thread times [0.11016488075256348, 0.0638432502746582, 0.08289003372192383, 0.12311196327209473, 0.27430224418640137, 0.14371204376220703, 0.1403026580810547, 0.10443973541259766, 0.1274559497833252, 0.11433792114257812, 0.10665178298950195, 0.15190386772155762, 0.3708071708679199, 0.24265122413635254, 0.10143089294433594]
{'args': ((25, 0, slice(0, 960, None), slice(None, None, None)),), 'dataset shape': (40, 11, 1921, 2560), 'dataset chunks': (7, 1, 385, 512), 'indexing time (s)': 1.1920928955078125e-06, 'chunk number': 1650, 'reduction time (s)': 2.2594189643859863, 'chunks processed': 15, 'storage read (B)': 29686785, 'selection 2 time (s)': 2.2603683471679688}
Thread times [0.10167884826660156, 0.06839227676391602, 0.08661675453186035, 0.18005585670471191, 0.07216095924377441, 0.07595396041870117, 0.0870656967163086, 0.08044004440307617, 0.1214599609375, 0.14224886894226074, 0.13097500801086426, 0.08756089210510254, 0.2198479175567627, 0.1984250545501709, 0.14487099647521973]
{'args': ((26, 0, slice(0, 960, None), slice(None, None, None)),), 'dataset shape': (40, 11, 1921, 2560), 'dataset chunks': (7, 1, 385, 512), 'indexing time (s)': 9.5367431640625e-07, 'chunk number': 1650, 'reduction time (s)': 1.7996759414672852, 'chunks processed': 15, 'storage read (B)': 29686785, 'selection 2 time (s)': 1.8032398223876953}
Thread times [0.13204693794250488, 0.04745984077453613, 0.11498689651489258, 0.08912515640258789, 0.11756396293640137, 0.09902620315551758, 0.11455202102661133, 0.1374189853668213, 0.10886716842651367, 0.4424419403076172, 0.12892913818359375, 0.08060097694396973, 0.4035792350769043, 0.30962204933166504, 0.09735989570617676]
{'args': ((27, 0, slice(0, 960, None), slice(None, None, None)),), 'dataset shape': (40, 11, 1921, 2560), 'dataset chunks': (7, 1, 385, 512), 'indexing time (s)': 2.86102294921875e-06, 'chunk number': 1650, 'reduction time (s)': 2.4250643253326416, 'chunks processed': 15, 'storage read (B)': 29686785, 'selection 2 time (s)': 2.427917003631592}
Thread times [0.09229493141174316, 0.057334184646606445, 0.10287594795227051, 0.16974687576293945, 0.256803035736084, 0.21061420440673828, 0.11358904838562012, 0.1708850860595703, 0.13601899147033691, 0.09935712814331055, 0.10480594635009766, 0.532402753829956, 0.08142399787902832, 0.13764405250549316, 0.10840511322021484]
{'args': ((28, 0, slice(0, 960, None), slice(None, None, None)),), 'dataset shape': (40, 11, 1921, 2560), 'dataset chunks': (7, 1, 385, 512), 'indexing time (s)': 1.9073486328125e-06, 'chunk number': 1650, 'reduction time (s)': 2.3762552738189697, 'chunks processed': 15, 'storage read (B)': 29670387, 'selection 2 time (s)': 2.3798069953918457}
Thread times [0.10230588912963867, 0.08345603942871094, 0.08998298645019531, 0.07999372482299805, 0.08336901664733887, 0.09288907051086426, 0.10306286811828613, 0.10284209251403809, 0.15896201133728027, 0.14328813552856445, 0.14376330375671387, 0.4277198314666748, 0.10241007804870605, 0.12984275817871094, 0.11718606948852539]
{'args': ((29, 0, slice(0, 960, None), slice(None, None, None)),), 'dataset shape': (40, 11, 1921, 2560), 'dataset chunks': (7, 1, 385, 512), 'indexing time (s)': 2.1457672119140625e-06, 'chunk number': 1650, 'reduction time (s)': 1.9630379676818848, 'chunks processed': 15, 'storage read (B)': 29670387, 'selection 2 time (s)': 1.9651460647583008}
Thread times [0.09637999534606934, 0.1332559585571289, 0.34203433990478516, 0.12514305114746094, 0.11177921295166016, 0.20084619522094727, 0.0964810848236084, 0.11106681823730469, 0.139495849609375, 0.09005498886108398, 0.09765076637268066, 0.25306224822998047, 0.08329415321350098, 0.08855032920837402, 0.0836021900177002]
{'args': ((30, 0, slice(0, 960, None), slice(None, None, None)),), 'dataset shape': (40, 11, 1921, 2560), 'dataset chunks': (7, 1, 385, 512), 'indexing time (s)': 1.9073486328125e-06, 'chunk number': 1650, 'reduction time (s)': 2.0543148517608643, 'chunks processed': 15, 'storage read (B)': 29670387, 'selection 2 time (s)': 2.056464910507202}
Thread times [0.1030731201171875, 0.06189703941345215, 0.10181617736816406, 0.07828497886657715, 0.07700610160827637, 0.19780397415161133, 0.12489509582519531, 0.07457375526428223, 0.07727193832397461, 0.1235649585723877, 0.0920560359954834, 0.26117396354675293, 0.10252070426940918, 0.08286499977111816, 0.1091909408569336]
{'args': ((31, 0, slice(0, 960, None), slice(None, None, None)),), 'dataset shape': (40, 11, 1921, 2560), 'dataset chunks': (7, 1, 385, 512), 'indexing time (s)': 9.5367431640625e-07, 'chunk number': 1650, 'reduction time (s)': 1.670180082321167, 'chunks processed': 15, 'storage read (B)': 29670387, 'selection 2 time (s)': 1.6714329719543457}
Thread times [0.10881710052490234, 0.07503104209899902, 0.11960506439208984, 0.1400909423828125, 0.1043701171875, 0.1688978672027588, 0.09576606750488281, 0.13409113883972168, 0.30385518074035645, 0.10419821739196777, 0.25502586364746094, 0.2542109489440918, 0.10563087463378906, 0.09645795822143555, 0.10348629951477051]
{'args': ((32, 0, slice(0, 960, None), slice(None, None, None)),), 'dataset shape': (40, 11, 1921, 2560), 'dataset chunks': (7, 1, 385, 512), 'indexing time (s)': 9.5367431640625e-07, 'chunk number': 1650, 'reduction time (s)': 2.170865058898926, 'chunks processed': 15, 'storage read (B)': 29670387, 'selection 2 time (s)': 2.171821117401123}
Thread times [0.15814590454101562, 0.05566906929016113, 0.08954191207885742, 0.11756420135498047, 0.12647199630737305, 0.10550975799560547, 0.09599709510803223, 0.10222411155700684, 0.1066429615020752, 0.17023015022277832, 0.1543569564819336, 0.23851490020751953, 0.14283013343811035, 0.28740572929382324, 0.15037202835083008]
{'args': ((33, 0, slice(0, 960, None), slice(None, None, None)),), 'dataset shape': (40, 11, 1921, 2560), 'dataset chunks': (7, 1, 385, 512), 'indexing time (s)': 9.5367431640625e-07, 'chunk number': 1650, 'reduction time (s)': 2.103250026702881, 'chunks processed': 15, 'storage read (B)': 29670387, 'selection 2 time (s)': 2.104404926300049}
Thread times [0.22376012802124023, 0.06670284271240234, 0.07990407943725586, 0.1125638484954834, 0.15018892288208008, 0.3308238983154297, 0.1184849739074707, 0.09850764274597168, 0.20857000350952148, 0.08620476722717285, 0.08443641662597656, 0.3248128890991211, 0.10477519035339355, 0.09822297096252441, 0.07947492599487305]
{'args': ((34, 0, slice(0, 960, None), slice(None, None, None)),), 'dataset shape': (40, 11, 1921, 2560), 'dataset chunks': (7, 1, 385, 512), 'indexing time (s)': 9.5367431640625e-07, 'chunk number': 1650, 'reduction time (s)': 2.1689348220825195, 'chunks processed': 15, 'storage read (B)': 29670387, 'selection 2 time (s)': 2.169842004776001}
Thread times [0.15730714797973633, 0.12950801849365234, 0.11665201187133789, 0.12679123878479004, 0.0681159496307373, 0.0796506404876709, 0.15394210815429688, 0.4189622402191162, 0.12975502014160156, 0.0885932445526123, 0.07193922996520996, 0.09184718132019043, 0.10161471366882324, 0.10108327865600586, 0.13245201110839844]
{'args': ((35, 0, slice(0, 960, None), slice(None, None, None)),), 'dataset shape': (40, 11, 1921, 2560), 'dataset chunks': (7, 1, 385, 512), 'indexing time (s)': 9.5367431640625e-07, 'chunk number': 1650, 'reduction time (s)': 1.9696969985961914, 'chunks processed': 15, 'storage read (B)': 21287473, 'selection 2 time (s)': 1.9705479145050049}
Thread times [0.13647794723510742, 0.12737774848937988, 0.13527703285217285, 0.11743783950805664, 0.08101511001586914, 0.15743517875671387, 0.137221097946167, 0.10298919677734375, 0.21205925941467285, 0.08324599266052246, 0.0763859748840332, 0.14595484733581543, 0.3258979320526123, 0.17472124099731445, 0.4418909549713135]
{'args': ((36, 0, slice(0, 960, None), slice(None, None, None)),), 'dataset shape': (40, 11, 1921, 2560), 'dataset chunks': (7, 1, 385, 512), 'indexing time (s)': 9.5367431640625e-07, 'chunk number': 1650, 'reduction time (s)': 2.458477258682251, 'chunks processed': 15, 'storage read (B)': 21287473, 'selection 2 time (s)': 2.460602045059204}
Thread times [0.15046000480651855, 0.15838098526000977, 0.11827778816223145, 0.08777213096618652, 0.14044737815856934, 0.11459803581237793, 0.0800631046295166, 0.06206083297729492, 0.07102108001708984, 0.18436622619628906, 0.10775613784790039, 0.08726811408996582, 0.16423487663269043, 0.30913424491882324, 0.09474802017211914]
{'args': ((37, 0, slice(0, 960, None), slice(None, None, None)),), 'dataset shape': (40, 11, 1921, 2560), 'dataset chunks': (7, 1, 385, 512), 'indexing time (s)': 1.9073486328125e-06, 'chunk number': 1650, 'reduction time (s)': 1.9325387477874756, 'chunks processed': 15, 'storage read (B)': 21287473, 'selection 2 time (s)': 1.9347689151763916}
Thread times [0.11019611358642578, 0.058937788009643555, 0.10819602012634277, 0.1709897518157959, 0.07839012145996094, 0.14578604698181152, 0.09687685966491699, 0.14525175094604492, 0.10476207733154297, 0.14743494987487793, 0.16658711433410645, 0.10526585578918457, 0.13614201545715332, 0.11232995986938477, 0.26084423065185547]
{'args': ((38, 0, slice(0, 960, None), slice(None, None, None)),), 'dataset shape': (40, 11, 1921, 2560), 'dataset chunks': (7, 1, 385, 512), 'indexing time (s)': 2.1457672119140625e-06, 'chunk number': 1650, 'reduction time (s)': 1.9500453472137451, 'chunks processed': 15, 'storage read (B)': 21287473, 'selection 2 time (s)': 1.9526610374450684}
Thread times [0.17161226272583008, 0.08729815483093262, 0.05553102493286133, 0.1469869613647461, 0.1288309097290039, 0.10753774642944336, 0.09756803512573242, 0.18992328643798828, 0.10963988304138184, 0.11732816696166992, 0.12960577011108398, 0.11169004440307617, 0.12540483474731445, 0.36168599128723145, 0.10842418670654297]
{'args': ((39, 0, slice(0, 960, None), slice(None, None, None)),), 'dataset shape': (40, 11, 1921, 2560), 'dataset chunks': (7, 1, 385, 512), 'indexing time (s)': 1.9073486328125e-06, 'chunk number': 1650, 'reduction time (s)': 2.051007032394409, 'chunks processed': 15, 'storage read (B)': 21287473, 'selection 2 time (s)': 2.053617000579834}
[[226.07820312]
 [226.0646875 ]
 [225.93776042]
 [225.90820312]
 [225.91739583]
 [225.88460937]
 [225.82080729]
 [225.85434896]
 [225.9834375 ]
 [226.03822917]
 [226.01317708]
 [226.02333333]
 [226.03765625]
 [226.00486979]
 [225.91778646]
 [225.9403125 ]
 [225.98729167]
 [225.91450521]
 [225.81239583]
 [225.81890625]
 [225.8453125 ]
 [225.785     ]
 [225.63648438]
 [225.5565625 ]
 [225.45744792]
 [225.32382813]
 [225.16335937]
 [225.07786458]
 [225.07846354]
 [225.10669271]
 [225.17606771]
 [225.36867187]
 [225.57927083]
 [225.69083333]
 [225.7221875 ]
 [225.82367188]
 [225.93640625]
 [225.96760417]
 [225.91875   ]
 [225.92236979]]
Summary:  Uni24-np3:Active (T1,BS5): 3.68s,86.37s,108.4s
