Dataset loaded from S3 with s3fs and Pyfive: bnl/ch330a.pc19790301-def.nc (0.051,0.9)
Thread times [0.0913839340209961, 0.13283085823059082, 0.09681367874145508, 0.07008695602416992, 0.08199405670166016, 0.09003210067749023, 0.10601615905761719, 0.09076142311096191, 0.25144386291503906, 0.18828821182250977, 0.08629608154296875, 0.2707798480987549, 0.09118103981018066, 0.09238100051879883, 0.13033413887023926]
{'load nc time': 1.0652129650115967, 'args': ((0, 0, slice(0, 960, None), slice(None, None, None)),), 'dataset shape': (40, 11, 1921, 2560), 'dataset chunks': (7, 1, 385, 512), 'indexing time (s)': 5.42556095123291, 'chunk number': 1650, 'reduction time (s)': 1.8718488216400146, 'chunks processed': 15, 'storage read (B)': 29685482, 'selection 2 time (s)': 7.3007659912109375}
Thread times [0.0957949161529541, 0.050189971923828125, 0.06238579750061035, 0.06666874885559082, 0.08098292350769043, 0.09129691123962402, 0.11110401153564453, 0.10187792778015137, 0.3486919403076172, 0.08887028694152832, 0.09328293800354004, 0.350877046585083, 0.09178709983825684, 0.08717513084411621, 0.09321308135986328]
{'args': ((1, 0, slice(0, 960, None), slice(None, None, None)),), 'dataset shape': (40, 11, 1921, 2560), 'dataset chunks': (7, 1, 385, 512), 'indexing time (s)': 2.1457672119140625e-06, 'chunk number': 1650, 'reduction time (s)': 1.8157110214233398, 'chunks processed': 15, 'storage read (B)': 29685482, 'selection 2 time (s)': 1.8181960582733154}
Thread times [0.10574913024902344, 0.05910181999206543, 0.07464408874511719, 0.06628990173339844, 0.09074616432189941, 0.08677792549133301, 0.13290095329284668, 0.11753201484680176, 0.3177371025085449, 0.07318496704101562, 0.13504409790039062, 0.40522003173828125, 0.08983612060546875, 0.08532404899597168, 0.07413196563720703]
{'args': ((2, 0, slice(0, 960, None), slice(None, None, None)),), 'dataset shape': (40, 11, 1921, 2560), 'dataset chunks': (7, 1, 385, 512), 'indexing time (s)': 9.5367431640625e-07, 'chunk number': 1650, 'reduction time (s)': 1.915781021118164, 'chunks processed': 15, 'storage read (B)': 29685482, 'selection 2 time (s)': 1.9178366661071777}
Thread times [0.1350550651550293, 0.06428194046020508, 0.10382318496704102, 0.060587167739868164, 0.09103918075561523, 0.0860910415649414, 0.0908348560333252, 0.08770585060119629, 0.25824785232543945, 0.10144424438476562, 0.09147906303405762, 0.3194570541381836, 0.08877110481262207, 0.11183404922485352, 0.09340906143188477]
{'args': ((3, 0, slice(0, 960, None), slice(None, None, None)),), 'dataset shape': (40, 11, 1921, 2560), 'dataset chunks': (7, 1, 385, 512), 'indexing time (s)': 1.6689300537109375e-06, 'chunk number': 1650, 'reduction time (s)': 1.785437822341919, 'chunks processed': 15, 'storage read (B)': 29685482, 'selection 2 time (s)': 1.7875938415527344}
Thread times [0.12185978889465332, 0.0986490249633789, 0.08122801780700684, 0.06568026542663574, 0.0840291976928711, 0.11077022552490234, 0.08795785903930664, 0.3823387622833252, 0.3072988986968994, 0.08445310592651367, 0.08887410163879395, 0.23705077171325684, 0.08027005195617676, 0.11103487014770508, 0.09664487838745117]
{'args': ((4, 0, slice(0, 960, None), slice(None, None, None)),), 'dataset shape': (40, 11, 1921, 2560), 'dataset chunks': (7, 1, 385, 512), 'indexing time (s)': 1.9073486328125e-06, 'chunk number': 1650, 'reduction time (s)': 2.0393099784851074, 'chunks processed': 15, 'storage read (B)': 29685482, 'selection 2 time (s)': 2.040377140045166}
Thread times [0.08931398391723633, 0.05849790573120117, 0.08736300468444824, 0.07131290435791016, 0.08771777153015137, 0.08776068687438965, 0.09352612495422363, 0.09842514991760254, 0.2640986442565918, 0.08413100242614746, 0.08953094482421875, 0.21241283416748047, 0.07924580574035645, 0.0884091854095459, 0.13451004028320312]
{'args': ((5, 0, slice(0, 960, None), slice(None, None, None)),), 'dataset shape': (40, 11, 1921, 2560), 'dataset chunks': (7, 1, 385, 512), 'indexing time (s)': 9.5367431640625e-07, 'chunk number': 1650, 'reduction time (s)': 1.627540111541748, 'chunks processed': 15, 'storage read (B)': 29685482, 'selection 2 time (s)': 1.6309330463409424}
Thread times [0.11081600189208984, 0.05993819236755371, 0.0852968692779541, 0.07460618019104004, 0.08905196189880371, 0.10006093978881836, 0.09762096405029297, 0.09004592895507812, 0.340191125869751, 0.08921408653259277, 0.09398794174194336, 0.3291130065917969, 0.08352088928222656, 0.0925760269165039, 0.09534001350402832]
{'args': ((6, 0, slice(0, 960, None), slice(None, None, None)),), 'dataset shape': (40, 11, 1921, 2560), 'dataset chunks': (7, 1, 385, 512), 'indexing time (s)': 2.1457672119140625e-06, 'chunk number': 1650, 'reduction time (s)': 1.8327910900115967, 'chunks processed': 15, 'storage read (B)': 29685482, 'selection 2 time (s)': 1.835341215133667}
Thread times [0.10848617553710938, 0.08435392379760742, 0.08226799964904785, 0.08553194999694824, 0.09075593948364258, 0.08772397041320801, 0.09592199325561523, 0.08715534210205078, 0.3117198944091797, 0.10659193992614746, 0.08948087692260742, 0.08938884735107422, 0.09577703475952148, 0.0982961654663086, 0.10337114334106445]
{'args': ((7, 0, slice(0, 960, None), slice(None, None, None)),), 'dataset shape': (40, 11, 1921, 2560), 'dataset chunks': (7, 1, 385, 512), 'indexing time (s)': 1.9073486328125e-06, 'chunk number': 1650, 'reduction time (s)': 1.618394136428833, 'chunks processed': 15, 'storage read (B)': 29701892, 'selection 2 time (s)': 1.6209971904754639}
Thread times [0.09953689575195312, 0.06551218032836914, 0.11098909378051758, 0.11578798294067383, 0.08307385444641113, 0.1003880500793457, 0.12187981605529785, 0.09293889999389648, 0.23949193954467773, 0.10969710350036621, 0.10620903968811035, 0.09038400650024414, 0.16059303283691406, 0.08846211433410645, 0.08669686317443848]
{'args': ((8, 0, slice(0, 960, None), slice(None, None, None)),), 'dataset shape': (40, 11, 1921, 2560), 'dataset chunks': (7, 1, 385, 512), 'indexing time (s)': 2.1457672119140625e-06, 'chunk number': 1650, 'reduction time (s)': 1.6728730201721191, 'chunks processed': 15, 'storage read (B)': 29701892, 'selection 2 time (s)': 1.673935890197754}
Thread times [0.08127498626708984, 0.0480351448059082, 0.1027681827545166, 0.13370084762573242, 0.08336472511291504, 0.09892797470092773, 0.0997617244720459, 0.11057782173156738, 0.2494659423828125, 0.08156180381774902, 0.09059572219848633, 0.1107170581817627, 0.08562207221984863, 0.09426212310791016, 0.147691011428833]
{'args': ((9, 0, slice(0, 960, None), slice(None, None, None)),), 'dataset shape': (40, 11, 1921, 2560), 'dataset chunks': (7, 1, 385, 512), 'indexing time (s)': 9.5367431640625e-07, 'chunk number': 1650, 'reduction time (s)': 1.6195950508117676, 'chunks processed': 15, 'storage read (B)': 29701892, 'selection 2 time (s)': 1.6206409931182861}
Thread times [0.08670282363891602, 0.058229923248291016, 0.08593988418579102, 0.07871365547180176, 0.09037089347839355, 0.0899810791015625, 0.12567591667175293, 0.08469605445861816, 0.3559541702270508, 0.08527183532714844, 0.08202075958251953, 0.09363603591918945, 0.08300399780273438, 0.08429193496704102, 0.09296512603759766]
{'args': ((10, 0, slice(0, 960, None), slice(None, None, None)),), 'dataset shape': (40, 11, 1921, 2560), 'dataset chunks': (7, 1, 385, 512), 'indexing time (s)': 7.152557373046875e-07, 'chunk number': 1650, 'reduction time (s)': 1.5788359642028809, 'chunks processed': 15, 'storage read (B)': 29701892, 'selection 2 time (s)': 1.5812122821807861}
Thread times [0.09342312812805176, 0.06258893013000488, 0.08160400390625, 0.12674593925476074, 0.07637500762939453, 0.08790802955627441, 0.11946392059326172, 0.0894780158996582, 0.28604698181152344, 0.11486005783081055, 0.08390402793884277, 0.09035325050354004, 0.09306478500366211, 0.11492490768432617, 0.12760186195373535]
{'args': ((11, 0, slice(0, 960, None), slice(None, None, None)),), 'dataset shape': (40, 11, 1921, 2560), 'dataset chunks': (7, 1, 385, 512), 'indexing time (s)': 2.1457672119140625e-06, 'chunk number': 1650, 'reduction time (s)': 1.6499638557434082, 'chunks processed': 15, 'storage read (B)': 29701892, 'selection 2 time (s)': 1.6525182723999023}
Thread times [0.08614778518676758, 0.0590977668762207, 0.09494304656982422, 0.08405923843383789, 0.10777497291564941, 0.09292197227478027, 0.09670495986938477, 0.08596420288085938, 0.2868468761444092, 0.08851408958435059, 0.1124429702758789, 0.13395190238952637, 0.2799549102783203, 0.21606874465942383, 0.10239887237548828]
{'args': ((12, 0, slice(0, 960, None), slice(None, None, None)),), 'dataset shape': (40, 11, 1921, 2560), 'dataset chunks': (7, 1, 385, 512), 'indexing time (s)': 2.1457672119140625e-06, 'chunk number': 1650, 'reduction time (s)': 1.9295659065246582, 'chunks processed': 15, 'storage read (B)': 29701892, 'selection 2 time (s)': 1.9318220615386963}
Thread times [0.08746218681335449, 0.061392784118652344, 0.0888829231262207, 0.08175897598266602, 0.12854909896850586, 0.09468603134155273, 0.09004402160644531, 0.09357190132141113, 0.28173375129699707, 0.10371899604797363, 0.07996392250061035, 0.11556696891784668, 0.0849449634552002, 0.08713388442993164, 0.2317039966583252]
{'args': ((13, 0, slice(0, 960, None), slice(None, None, None)),), 'dataset shape': (40, 11, 1921, 2560), 'dataset chunks': (7, 1, 385, 512), 'indexing time (s)': 1.9073486328125e-06, 'chunk number': 1650, 'reduction time (s)': 1.7126312255859375, 'chunks processed': 15, 'storage read (B)': 29701892, 'selection 2 time (s)': 1.7149481773376465}
Thread times [0.15694499015808105, 0.0940239429473877, 0.0730741024017334, 0.1549539566040039, 0.08210992813110352, 0.08602595329284668, 0.10837793350219727, 0.1027977466583252, 0.2787151336669922, 0.09692788124084473, 0.0813302993774414, 0.11343693733215332, 0.0740809440612793, 0.08907079696655273, 0.08651018142700195]
{'args': ((14, 0, slice(0, 960, None), slice(None, None, None)),), 'dataset shape': (40, 11, 1921, 2560), 'dataset chunks': (7, 1, 385, 512), 'indexing time (s)': 3.0994415283203125e-06, 'chunk number': 1650, 'reduction time (s)': 1.6799440383911133, 'chunks processed': 15, 'storage read (B)': 29733505, 'selection 2 time (s)': 1.682508945465088}
Thread times [0.09514689445495605, 0.0727701187133789, 0.09478521347045898, 0.1154940128326416, 0.0814368724822998, 0.09372091293334961, 0.20319414138793945, 0.08774232864379883, 0.35323429107666016, 0.1163778305053711, 0.09074711799621582, 0.09335017204284668, 0.09936285018920898, 0.101837158203125, 0.092559814453125]
{'args': ((15, 0, slice(0, 960, None), slice(None, None, None)),), 'dataset shape': (40, 11, 1921, 2560), 'dataset chunks': (7, 1, 385, 512), 'indexing time (s)': 1.9073486328125e-06, 'chunk number': 1650, 'reduction time (s)': 1.793273687362671, 'chunks processed': 15, 'storage read (B)': 29733505, 'selection 2 time (s)': 1.7942759990692139}
Thread times [0.08265805244445801, 0.0659477710723877, 0.09420490264892578, 0.08018112182617188, 0.07987713813781738, 0.0796058177947998, 0.08851480484008789, 0.09923505783081055, 0.21314287185668945, 0.16466474533081055, 0.08863592147827148, 0.10915684700012207, 0.11765503883361816, 0.10074496269226074, 0.09078502655029297]
{'args': ((16, 0, slice(0, 960, None), slice(None, None, None)),), 'dataset shape': (40, 11, 1921, 2560), 'dataset chunks': (7, 1, 385, 512), 'indexing time (s)': 0.0, 'chunk number': 1650, 'reduction time (s)': 1.5562658309936523, 'chunks processed': 15, 'storage read (B)': 29733505, 'selection 2 time (s)': 1.5586519241333008}
Thread times [0.1489417552947998, 0.09495711326599121, 0.08369112014770508, 0.09965801239013672, 0.14640164375305176, 0.17774724960327148, 0.1329972743988037, 0.11804795265197754, 0.2617909908294678, 0.09866905212402344, 0.09547114372253418, 0.09077811241149902, 0.39121294021606445, 0.1745929718017578, 0.09630799293518066]
{'args': ((17, 0, slice(0, 960, None), slice(None, None, None)),), 'dataset shape': (40, 11, 1921, 2560), 'dataset chunks': (7, 1, 385, 512), 'indexing time (s)': 1.9073486328125e-06, 'chunk number': 1650, 'reduction time (s)': 2.2128350734710693, 'chunks processed': 15, 'storage read (B)': 29733505, 'selection 2 time (s)': 2.215337038040161}
Thread times [0.09944987297058105, 0.08676886558532715, 0.08822894096374512, 0.11484909057617188, 0.0913400650024414, 0.09205389022827148, 0.10399794578552246, 0.10153985023498535, 0.2578239440917969, 0.09337186813354492, 0.08360695838928223, 0.09240007400512695, 0.0998239517211914, 0.09348011016845703, 0.08844995498657227]
{'args': ((18, 0, slice(0, 960, None), slice(None, None, None)),), 'dataset shape': (40, 11, 1921, 2560), 'dataset chunks': (7, 1, 385, 512), 'indexing time (s)': 2.1457672119140625e-06, 'chunk number': 1650, 'reduction time (s)': 1.5887739658355713, 'chunks processed': 15, 'storage read (B)': 29733505, 'selection 2 time (s)': 1.5912587642669678}
Thread times [0.11182475090026855, 0.07671904563903809, 0.07349729537963867, 0.09851503372192383, 0.08153319358825684, 0.08902502059936523, 0.09188485145568848, 0.08893918991088867, 0.26550912857055664, 0.0955510139465332, 0.07973074913024902, 0.0839087963104248, 0.09545302391052246, 0.09633803367614746, 0.09000515937805176]
{'args': ((19, 0, slice(0, 960, None), slice(None, None, None)),), 'dataset shape': (40, 11, 1921, 2560), 'dataset chunks': (7, 1, 385, 512), 'indexing time (s)': 1.9073486328125e-06, 'chunk number': 1650, 'reduction time (s)': 1.5200512409210205, 'chunks processed': 15, 'storage read (B)': 29733505, 'selection 2 time (s)': 1.5230669975280762}
Thread times [0.16574382781982422, 0.0738980770111084, 0.08416891098022461, 0.08580684661865234, 0.08334994316101074, 0.08428502082824707, 0.1198420524597168, 0.09343504905700684, 0.23743700981140137, 0.15680885314941406, 0.08915519714355469, 0.09662604331970215, 0.08581781387329102, 0.08992934226989746, 0.0913228988647461]
{'args': ((20, 0, slice(0, 960, None), slice(None, None, None)),), 'dataset shape': (40, 11, 1921, 2560), 'dataset chunks': (7, 1, 385, 512), 'indexing time (s)': 1.6689300537109375e-06, 'chunk number': 1650, 'reduction time (s)': 1.639275074005127, 'chunks processed': 15, 'storage read (B)': 29733505, 'selection 2 time (s)': 1.642246961593628}
Thread times [0.09616804122924805, 0.05595207214355469, 0.13096404075622559, 0.10300111770629883, 0.0712120532989502, 0.0850679874420166, 0.0910482406616211, 0.09742903709411621, 0.10513472557067871, 0.0842890739440918, 0.08678889274597168, 0.08520889282226562, 0.32457804679870605, 0.3071918487548828, 0.08251714706420898]
{'args': ((21, 0, slice(0, 960, None), slice(None, None, None)),), 'dataset shape': (40, 11, 1921, 2560), 'dataset chunks': (7, 1, 385, 512), 'indexing time (s)': 2.1457672119140625e-06, 'chunk number': 1650, 'reduction time (s)': 1.8077621459960938, 'chunks processed': 15, 'storage read (B)': 29686785, 'selection 2 time (s)': 1.808786153793335}
Thread times [0.0840301513671875, 0.0660860538482666, 0.09105396270751953, 0.17843198776245117, 0.11899900436401367, 0.12558627128601074, 0.10266709327697754, 0.09236407279968262, 0.10063695907592773, 0.09144210815429688, 0.11712074279785156, 0.09144210815429688, 0.2311110496520996, 0.26821398735046387, 0.08513569831848145]
{'args': ((22, 0, slice(0, 960, None), slice(None, None, None)),), 'dataset shape': (40, 11, 1921, 2560), 'dataset chunks': (7, 1, 385, 512), 'indexing time (s)': 9.5367431640625e-07, 'chunk number': 1650, 'reduction time (s)': 1.8457880020141602, 'chunks processed': 15, 'storage read (B)': 29686785, 'selection 2 time (s)': 1.8485820293426514}
Thread times [0.10367012023925781, 0.06589198112487793, 0.0832509994506836, 0.11327719688415527, 0.07440423965454102, 0.10074186325073242, 0.09389305114746094, 0.08867692947387695, 0.09939312934875488, 0.08362889289855957, 0.08638620376586914, 0.08860993385314941, 0.22229981422424316, 0.19608402252197266, 0.07823729515075684]
{'args': ((23, 0, slice(0, 960, None), slice(None, None, None)),), 'dataset shape': (40, 11, 1921, 2560), 'dataset chunks': (7, 1, 385, 512), 'indexing time (s)': 1.9073486328125e-06, 'chunk number': 1650, 'reduction time (s)': 1.5798840522766113, 'chunks processed': 15, 'storage read (B)': 29686785, 'selection 2 time (s)': 1.582075834274292}
Thread times [0.11794209480285645, 0.0860600471496582, 0.08057689666748047, 0.08179974555969238, 0.07063913345336914, 0.08575797080993652, 0.07573604583740234, 0.10588312149047852, 0.153900146484375, 0.08934211730957031, 0.0897068977355957, 0.12270689010620117, 0.23978805541992188, 0.2935750484466553, 0.11356902122497559]
{'args': ((24, 0, slice(0, 960, None), slice(None, None, None)),), 'dataset shape': (40, 11, 1921, 2560), 'dataset chunks': (7, 1, 385, 512), 'indexing time (s)': 9.5367431640625e-07, 'chunk number': 1650, 'reduction time (s)': 1.8088252544403076, 'chunks processed': 15, 'storage read (B)': 29686785, 'selection 2 time (s)': 1.8111801147460938}
Thread times [0.0957651138305664, 0.06120610237121582, 0.09288787841796875, 0.08512687683105469, 0.06625914573669434, 0.08708405494689941, 0.10290813446044922, 0.10178685188293457, 0.17703700065612793, 0.12496113777160645, 0.08488583564758301, 0.09421086311340332, 0.2709238529205322, 0.3964729309082031, 0.08799099922180176]
{'args': ((25, 0, slice(0, 960, None), slice(None, None, None)),), 'dataset shape': (40, 11, 1921, 2560), 'dataset chunks': (7, 1, 385, 512), 'indexing time (s)': 1.9073486328125e-06, 'chunk number': 1650, 'reduction time (s)': 1.9309539794921875, 'chunks processed': 15, 'storage read (B)': 29686785, 'selection 2 time (s)': 1.9332530498504639}
Thread times [0.10071516036987305, 0.06316637992858887, 0.12804603576660156, 0.0913858413696289, 0.07866215705871582, 0.14510226249694824, 0.10608386993408203, 0.13443207740783691, 0.10324692726135254, 0.10042524337768555, 0.08580517768859863, 0.1364731788635254, 0.25105714797973633, 0.19806504249572754, 0.08920073509216309]
{'args': ((26, 0, slice(0, 960, None), slice(None, None, None)),), 'dataset shape': (40, 11, 1921, 2560), 'dataset chunks': (7, 1, 385, 512), 'indexing time (s)': 2.1457672119140625e-06, 'chunk number': 1650, 'reduction time (s)': 1.8131630420684814, 'chunks processed': 15, 'storage read (B)': 29686785, 'selection 2 time (s)': 1.8153629302978516}
Thread times [0.10106110572814941, 0.06407499313354492, 0.09130072593688965, 0.08707571029663086, 0.10558319091796875, 0.08800888061523438, 0.09001493453979492, 0.13057184219360352, 0.08986306190490723, 0.10074901580810547, 0.08783316612243652, 0.08498978614807129, 0.3513309955596924, 0.3066439628601074, 0.11047005653381348]
{'args': ((27, 0, slice(0, 960, None), slice(None, None, None)),), 'dataset shape': (40, 11, 1921, 2560), 'dataset chunks': (7, 1, 385, 512), 'indexing time (s)': 2.1457672119140625e-06, 'chunk number': 1650, 'reduction time (s)': 1.891160011291504, 'chunks processed': 15, 'storage read (B)': 29686785, 'selection 2 time (s)': 1.8936059474945068}
Thread times [0.10718584060668945, 0.06782793998718262, 0.1025390625, 0.08159112930297852, 0.09553670883178711, 0.10729312896728516, 0.11530900001525879, 0.09368395805358887, 0.19560909271240234, 0.1061558723449707, 0.09530282020568848, 0.2993128299713135, 0.08283591270446777, 0.08120918273925781, 0.09858274459838867]
{'args': ((28, 0, slice(0, 960, None), slice(None, None, None)),), 'dataset shape': (40, 11, 1921, 2560), 'dataset chunks': (7, 1, 385, 512), 'indexing time (s)': 1.9073486328125e-06, 'chunk number': 1650, 'reduction time (s)': 1.7311811447143555, 'chunks processed': 15, 'storage read (B)': 29670387, 'selection 2 time (s)': 1.7334709167480469}
Thread times [0.09078693389892578, 0.059906959533691406, 0.10251379013061523, 0.08494186401367188, 0.08566975593566895, 0.09073686599731445, 0.09106111526489258, 0.09407901763916016, 0.0917050838470459, 0.12155580520629883, 0.12331581115722656, 0.29067325592041016, 0.0812370777130127, 0.08288311958312988, 0.0927121639251709]
{'args': ((29, 0, slice(0, 960, None), slice(None, None, None)),), 'dataset shape': (40, 11, 1921, 2560), 'dataset chunks': (7, 1, 385, 512), 'indexing time (s)': 1.9073486328125e-06, 'chunk number': 1650, 'reduction time (s)': 1.5850257873535156, 'chunks processed': 15, 'storage read (B)': 29670387, 'selection 2 time (s)': 1.5873489379882812}
Thread times [0.09661197662353516, 0.06048321723937988, 0.08391213417053223, 0.08144783973693848, 0.08862614631652832, 0.0959329605102539, 0.12469696998596191, 0.0930941104888916, 0.0940549373626709, 0.1305990219116211, 0.09859204292297363, 0.329622745513916, 0.16294598579406738, 0.08671212196350098, 0.10788106918334961]
{'args': ((30, 0, slice(0, 960, None), slice(None, None, None)),), 'dataset shape': (40, 11, 1921, 2560), 'dataset chunks': (7, 1, 385, 512), 'indexing time (s)': 1.9073486328125e-06, 'chunk number': 1650, 'reduction time (s)': 1.7367210388183594, 'chunks processed': 15, 'storage read (B)': 29670387, 'selection 2 time (s)': 1.7397007942199707}
Thread times [0.09736800193786621, 0.06070399284362793, 0.0984339714050293, 0.0837550163269043, 0.08902597427368164, 0.10329890251159668, 0.09344291687011719, 0.10078191757202148, 0.1777818202972412, 0.09767913818359375, 0.09051704406738281, 0.250485897064209, 0.07697820663452148, 0.09354972839355469, 0.09374308586120605]
{'args': ((31, 0, slice(0, 960, None), slice(None, None, None)),), 'dataset shape': (40, 11, 1921, 2560), 'dataset chunks': (7, 1, 385, 512), 'indexing time (s)': 1.9073486328125e-06, 'chunk number': 1650, 'reduction time (s)': 1.6091840267181396, 'chunks processed': 15, 'storage read (B)': 29670387, 'selection 2 time (s)': 1.6120188236236572}
Thread times [0.10379385948181152, 0.09298515319824219, 0.10629820823669434, 0.08936190605163574, 0.09315800666809082, 0.10260987281799316, 0.09300994873046875, 0.0995330810546875, 0.13815999031066895, 0.17165017127990723, 0.08977580070495605, 0.24545001983642578, 0.08212614059448242, 0.1241919994354248, 0.10527205467224121]
{'args': ((32, 0, slice(0, 960, None), slice(None, None, None)),), 'dataset shape': (40, 11, 1921, 2560), 'dataset chunks': (7, 1, 385, 512), 'indexing time (s)': 1.9073486328125e-06, 'chunk number': 1650, 'reduction time (s)': 1.7385878562927246, 'chunks processed': 15, 'storage read (B)': 29670387, 'selection 2 time (s)': 1.7406659126281738}
Thread times [0.11381101608276367, 0.06348299980163574, 0.0825490951538086, 0.07836627960205078, 0.0771939754486084, 0.08914899826049805, 0.12036609649658203, 0.1364448070526123, 0.11821484565734863, 0.08111572265625, 0.07541680335998535, 0.36856698989868164, 0.09025096893310547, 0.09338903427124023, 0.09427118301391602]
{'args': ((33, 0, slice(0, 960, None), slice(None, None, None)),), 'dataset shape': (40, 11, 1921, 2560), 'dataset chunks': (7, 1, 385, 512), 'indexing time (s)': 1.9073486328125e-06, 'chunk number': 1650, 'reduction time (s)': 1.6839256286621094, 'chunks processed': 15, 'storage read (B)': 29670387, 'selection 2 time (s)': 1.6860480308532715}
Thread times [0.10059595108032227, 0.0654001235961914, 0.0815579891204834, 0.08612465858459473, 0.08910799026489258, 0.09583902359008789, 0.08078193664550781, 0.10061907768249512, 0.09439420700073242, 0.12232017517089844, 0.12668776512145996, 0.22971105575561523, 0.11817336082458496, 0.08593916893005371, 0.10012483596801758]
{'args': ((34, 0, slice(0, 960, None), slice(None, None, None)),), 'dataset shape': (40, 11, 1921, 2560), 'dataset chunks': (7, 1, 385, 512), 'indexing time (s)': 1.9073486328125e-06, 'chunk number': 1650, 'reduction time (s)': 1.5790388584136963, 'chunks processed': 15, 'storage read (B)': 29670387, 'selection 2 time (s)': 1.581773042678833}
Thread times [0.09539794921875, 0.05350899696350098, 0.05965423583984375, 0.07461309432983398, 0.08077692985534668, 0.0853278636932373, 0.09038734436035156, 0.07104015350341797, 0.08681702613830566, 0.09137988090515137, 0.0825340747833252, 0.07692384719848633, 0.1360619068145752, 0.08319783210754395, 0.09124088287353516]
{'args': ((35, 0, slice(0, 960, None), slice(None, None, None)),), 'dataset shape': (40, 11, 1921, 2560), 'dataset chunks': (7, 1, 385, 512), 'indexing time (s)': 1.9073486328125e-06, 'chunk number': 1650, 'reduction time (s)': 1.260009765625, 'chunks processed': 15, 'storage read (B)': 21287473, 'selection 2 time (s)': 1.262279987335205}
Thread times [0.12605595588684082, 0.06075286865234375, 0.06714963912963867, 0.07810401916503906, 0.06767416000366211, 0.08191204071044922, 0.08829593658447266, 0.0705878734588623, 0.09811806678771973, 0.14982008934020996, 0.09060096740722656, 0.0951540470123291, 0.07280111312866211, 0.08245301246643066, 0.08354806900024414]
{'args': ((36, 0, slice(0, 960, None), slice(None, None, None)),), 'dataset shape': (40, 11, 1921, 2560), 'dataset chunks': (7, 1, 385, 512), 'indexing time (s)': 2.1457672119140625e-06, 'chunk number': 1650, 'reduction time (s)': 1.3148748874664307, 'chunks processed': 15, 'storage read (B)': 21287473, 'selection 2 time (s)': 1.317239761352539}
Thread times [0.10260891914367676, 0.16302800178527832, 0.06344294548034668, 0.09644603729248047, 0.06362080574035645, 0.11881279945373535, 0.07636094093322754, 0.09788322448730469, 0.10297894477844238, 0.08345913887023926, 0.08612418174743652, 0.082489013671875, 0.17930889129638672, 0.07484793663024902, 0.07174897193908691]
{'args': ((37, 0, slice(0, 960, None), slice(None, None, None)),), 'dataset shape': (40, 11, 1921, 2560), 'dataset chunks': (7, 1, 385, 512), 'indexing time (s)': 2.1457672119140625e-06, 'chunk number': 1650, 'reduction time (s)': 1.4646079540252686, 'chunks processed': 15, 'storage read (B)': 21287473, 'selection 2 time (s)': 1.4668967723846436}
Thread times [0.17496395111083984, 0.047867774963378906, 0.060899972915649414, 0.10018205642700195, 0.0693659782409668, 0.08500099182128906, 0.13642215728759766, 0.07147908210754395, 0.1233978271484375, 0.09410595893859863, 0.07993316650390625, 0.08890604972839355, 0.08937764167785645, 0.09809207916259766, 0.10407686233520508]
{'args': ((38, 0, slice(0, 960, None), slice(None, None, None)),), 'dataset shape': (40, 11, 1921, 2560), 'dataset chunks': (7, 1, 385, 512), 'indexing time (s)': 1.6689300537109375e-06, 'chunk number': 1650, 'reduction time (s)': 1.4253311157226562, 'chunks processed': 15, 'storage read (B)': 21287473, 'selection 2 time (s)': 1.4274280071258545}
Thread times [0.12314486503601074, 0.06003904342651367, 0.06639409065246582, 0.07597684860229492, 0.06861710548400879, 0.08673715591430664, 0.08161282539367676, 0.06972122192382812, 0.07796382904052734, 0.08499312400817871, 0.11461091041564941, 0.0971689224243164, 0.08400321006774902, 0.08330297470092773, 0.08197212219238281]
{'args': ((39, 0, slice(0, 960, None), slice(None, None, None)),), 'dataset shape': (40, 11, 1921, 2560), 'dataset chunks': (7, 1, 385, 512), 'indexing time (s)': 2.1457672119140625e-06, 'chunk number': 1650, 'reduction time (s)': 1.2575149536132812, 'chunks processed': 15, 'storage read (B)': 21287473, 'selection 2 time (s)': 1.2595140933990479}
[[226.07820312]
 [226.0646875 ]
 [225.93776042]
 [225.90820312]
 [225.91739583]
 [225.88460937]
 [225.82080729]
 [225.85434896]
 [225.9834375 ]
 [226.03822917]
 [226.01317708]
 [226.02333333]
 [226.03765625]
 [226.00486979]
 [225.91778646]
 [225.9403125 ]
 [225.98729167]
 [225.91450521]
 [225.81239583]
 [225.81890625]
 [225.8453125 ]
 [225.785     ]
 [225.63648438]
 [225.5565625 ]
 [225.45744792]
 [225.32382813]
 [225.16335937]
 [225.07786458]
 [225.07846354]
 [225.10669271]
 [225.17606771]
 [225.36867187]
 [225.57927083]
 [225.69083333]
 [225.7221875 ]
 [225.82367188]
 [225.93640625]
 [225.96760417]
 [225.91875   ]
 [225.92236979]]
Summary:  Uni24-np3:Active (T1,BS1): 1.07s,67.72s,74.31s
