Dataset loaded from S3 with s3fs and Pyfive: bnl/ch330a.pc19790301-def.nc (0.058,1.2)
Thread times [0.45981311798095703, 1.300673007965088, 1.5105969905853271, 2.032933235168457, 2.117668867111206, 2.143932342529297, 2.3520119190216064, 2.8571319580078125, 3.186093807220459, 3.267915964126587, 3.2930617332458496, 3.364597797393799, 3.4722487926483154, 3.668768882751465, 3.692254066467285]
{'load nc time': 1.5470349788665771, 'args': ((0, 0, slice(0, 960, None), slice(None, None, None)),), 'dataset shape': (40, 11, 1921, 2560), 'dataset chunks': (7, 1, 385, 512), 'indexing time (s)': 6.966892957687378, 'chunk number': 1650, 'reduction time (s)': 3.7030670642852783, 'chunks processed': 15, 'storage read (B)': 29685482, 'selection 1 time (s)': 10.670391082763672}
Thread times [0.019628047943115234, 1.0922138690948486, 1.9010369777679443, 2.175333023071289, 2.2186942100524902, 2.2789180278778076, 2.3993430137634277, 2.5394859313964844, 2.617933988571167, 2.8523430824279785, 2.871476888656616, 3.084528923034668, 3.2752609252929688, 3.5143561363220215, 3.5950138568878174]
{'args': ((1, 0, slice(0, 960, None), slice(None, None, None)),), 'dataset shape': (40, 11, 1921, 2560), 'dataset chunks': (7, 1, 385, 512), 'indexing time (s)': 1.1920928955078125e-06, 'chunk number': 1650, 'reduction time (s)': 3.601716995239258, 'chunks processed': 15, 'storage read (B)': 29685482, 'selection 1 time (s)': 3.6018362045288086}
Thread times [0.02383112907409668, 1.6261858940124512, 1.8017957210540771, 1.9398951530456543, 2.093127965927124, 2.2116951942443848, 2.8639349937438965, 2.9190731048583984, 3.095092296600342, 3.1778147220611572, 3.5641050338745117, 3.6395680904388428, 3.641918897628784, 3.664605140686035, 3.7284598350524902]
{'args': ((2, 0, slice(0, 960, None), slice(None, None, None)),), 'dataset shape': (40, 11, 1921, 2560), 'dataset chunks': (7, 1, 385, 512), 'indexing time (s)': 0.0, 'chunk number': 1650, 'reduction time (s)': 3.738590955734253, 'chunks processed': 15, 'storage read (B)': 29685482, 'selection 1 time (s)': 3.7387890815734863}
Thread times [0.03529977798461914, 0.9551858901977539, 1.8699650764465332, 2.28116512298584, 2.729055881500244, 2.764537811279297, 2.812213182449341, 3.217013120651245, 3.246065139770508, 3.4410409927368164, 3.4583983421325684, 3.4622998237609863, 3.7844297885894775, 4.082827091217041, 4.125708103179932]
{'args': ((3, 0, slice(0, 960, None), slice(None, None, None)),), 'dataset shape': (40, 11, 1921, 2560), 'dataset chunks': (7, 1, 385, 512), 'indexing time (s)': 1.9073486328125e-06, 'chunk number': 1650, 'reduction time (s)': 4.13239598274231, 'chunks processed': 15, 'storage read (B)': 29685482, 'selection 1 time (s)': 4.132612943649292}
Thread times [0.022546052932739258, 1.549269199371338, 1.747291088104248, 2.10689115524292, 2.1096389293670654, 2.2287309169769287, 2.8607072830200195, 2.947244167327881, 3.2453999519348145, 3.276313066482544, 3.5410549640655518, 3.583934783935547, 3.7565832138061523, 3.792328119277954, 3.8391759395599365]
{'args': ((4, 0, slice(0, 960, None), slice(None, None, None)),), 'dataset shape': (40, 11, 1921, 2560), 'dataset chunks': (7, 1, 385, 512), 'indexing time (s)': 9.5367431640625e-07, 'chunk number': 1650, 'reduction time (s)': 3.8465518951416016, 'chunks processed': 15, 'storage read (B)': 29685482, 'selection 1 time (s)': 3.8466849327087402}
Thread times [0.02010202407836914, 1.752152681350708, 1.917531967163086, 2.030893087387085, 2.177751064300537, 2.2914059162139893, 2.896865129470825, 2.918811082839966, 2.9655661582946777, 3.0004427433013916, 3.1683349609375, 3.559114933013916, 3.5896570682525635, 3.642760992050171, 3.758924961090088]
{'args': ((5, 0, slice(0, 960, None), slice(None, None, None)),), 'dataset shape': (40, 11, 1921, 2560), 'dataset chunks': (7, 1, 385, 512), 'indexing time (s)': 1.1920928955078125e-06, 'chunk number': 1650, 'reduction time (s)': 3.766765832901001, 'chunks processed': 15, 'storage read (B)': 29685482, 'selection 1 time (s)': 3.7668838500976562}
Thread times [0.021231889724731445, 1.1002280712127686, 1.6488330364227295, 1.7324237823486328, 1.9434669017791748, 2.707869052886963, 3.0503830909729004, 3.149135112762451, 3.175093173980713, 3.199786424636841, 3.552896022796631, 3.7051920890808105, 3.8762779235839844, 3.9115309715270996, 4.05785608291626]
{'args': ((6, 0, slice(0, 960, None), slice(None, None, None)),), 'dataset shape': (40, 11, 1921, 2560), 'dataset chunks': (7, 1, 385, 512), 'indexing time (s)': 9.5367431640625e-07, 'chunk number': 1650, 'reduction time (s)': 4.065321922302246, 'chunks processed': 15, 'storage read (B)': 29685482, 'selection 1 time (s)': 4.065448760986328}
Thread times [1.565323829650879, 1.595447063446045, 1.7549080848693848, 1.9087767601013184, 2.1783580780029297, 2.201671838760376, 2.2182750701904297, 2.3474230766296387, 2.7656409740448, 2.7694430351257324, 3.012101888656616, 3.272264242172241, 3.476983070373535, 3.49836802482605, 3.5050292015075684]
{'args': ((7, 0, slice(0, 960, None), slice(None, None, None)),), 'dataset shape': (40, 11, 1921, 2560), 'dataset chunks': (7, 1, 385, 512), 'indexing time (s)': 1.1920928955078125e-06, 'chunk number': 1650, 'reduction time (s)': 3.5118930339813232, 'chunks processed': 15, 'storage read (B)': 29701892, 'selection 1 time (s)': 3.5120248794555664}
Thread times [0.020327091217041016, 1.3769581317901611, 1.6303749084472656, 1.6374757289886475, 1.8002500534057617, 1.832237958908081, 2.10302472114563, 2.1526730060577393, 2.463446855545044, 2.4641668796539307, 2.6932857036590576, 3.048190116882324, 3.083922863006592, 3.126498222351074, 3.161240816116333]
{'args': ((8, 0, slice(0, 960, None), slice(None, None, None)),), 'dataset shape': (40, 11, 1921, 2560), 'dataset chunks': (7, 1, 385, 512), 'indexing time (s)': 9.5367431640625e-07, 'chunk number': 1650, 'reduction time (s)': 3.1638500690460205, 'chunks processed': 15, 'storage read (B)': 29701892, 'selection 1 time (s)': 3.1639621257781982}
Thread times [0.018342256546020508, 1.4063727855682373, 1.475353717803955, 1.5664000511169434, 1.9191780090332031, 2.055272102355957, 2.290005922317505, 2.3980491161346436, 2.6382899284362793, 2.7070701122283936, 2.900296926498413, 2.924037218093872, 2.9932689666748047, 3.0357909202575684, 3.0576510429382324]
{'args': ((9, 0, slice(0, 960, None), slice(None, None, None)),), 'dataset shape': (40, 11, 1921, 2560), 'dataset chunks': (7, 1, 385, 512), 'indexing time (s)': 9.5367431640625e-07, 'chunk number': 1650, 'reduction time (s)': 3.063857078552246, 'chunks processed': 15, 'storage read (B)': 29701892, 'selection 1 time (s)': 3.0639679431915283}
Thread times [0.018972158432006836, 1.4179039001464844, 2.3340861797332764, 2.5401611328125, 2.565485715866089, 2.579698324203491, 2.5775370597839355, 2.5981791019439697, 2.598484992980957, 2.6604931354522705, 2.6669881343841553, 3.312764883041382, 3.473292112350464, 3.477091073989868, 3.7938568592071533]
{'args': ((10, 0, slice(0, 960, None), slice(None, None, None)),), 'dataset shape': (40, 11, 1921, 2560), 'dataset chunks': (7, 1, 385, 512), 'indexing time (s)': 0.0, 'chunk number': 1650, 'reduction time (s)': 3.799923896789551, 'chunks processed': 15, 'storage read (B)': 29701892, 'selection 1 time (s)': 3.8000450134277344}
Thread times [0.02575206756591797, 0.8770530223846436, 1.3402628898620605, 1.4392509460449219, 1.6908149719238281, 2.268195867538452, 2.4447739124298096, 2.6309142112731934, 2.795356035232544, 2.8600380420684814, 2.938577175140381, 3.106019973754883, 3.1301469802856445, 3.248995065689087, 3.2670910358428955]
{'args': ((11, 0, slice(0, 960, None), slice(None, None, None)),), 'dataset shape': (40, 11, 1921, 2560), 'dataset chunks': (7, 1, 385, 512), 'indexing time (s)': 9.5367431640625e-07, 'chunk number': 1650, 'reduction time (s)': 3.275782823562622, 'chunks processed': 15, 'storage read (B)': 29701892, 'selection 1 time (s)': 3.27591609954834}
Thread times [0.019507884979248047, 1.188382863998413, 1.652189016342163, 2.1097588539123535, 2.1318840980529785, 2.3424558639526367, 2.4643051624298096, 2.623260974884033, 2.6304478645324707, 2.628365993499756, 2.66583514213562, 3.0236871242523193, 3.0330541133880615, 3.4412038326263428, 3.4550530910491943]
{'args': ((12, 0, slice(0, 960, None), slice(None, None, None)),), 'dataset shape': (40, 11, 1921, 2560), 'dataset chunks': (7, 1, 385, 512), 'indexing time (s)': 1.1920928955078125e-06, 'chunk number': 1650, 'reduction time (s)': 3.460631847381592, 'chunks processed': 15, 'storage read (B)': 29701892, 'selection 1 time (s)': 3.460754871368408}
Thread times [0.024195194244384766, 0.7253420352935791, 1.8061060905456543, 2.015651226043701, 2.482160806655884, 2.9498379230499268, 3.016932964324951, 3.126225233078003, 3.148322105407715, 3.208946943283081, 3.3012497425079346, 3.5053441524505615, 3.575360059738159, 3.7270090579986572, 3.791250228881836]
{'args': ((13, 0, slice(0, 960, None), slice(None, None, None)),), 'dataset shape': (40, 11, 1921, 2560), 'dataset chunks': (7, 1, 385, 512), 'indexing time (s)': 9.5367431640625e-07, 'chunk number': 1650, 'reduction time (s)': 3.7987332344055176, 'chunks processed': 15, 'storage read (B)': 29701892, 'selection 1 time (s)': 3.798861026763916}
Thread times [1.1859159469604492, 1.195685863494873, 1.5204401016235352, 2.816035032272339, 2.853731870651245, 2.9032137393951416, 2.9253089427948, 3.141387939453125, 3.2701776027679443, 3.285583019256592, 3.305535078048706, 3.4267678260803223, 3.436272144317627, 3.776205062866211, 3.853044033050537]
{'args': ((14, 0, slice(0, 960, None), slice(None, None, None)),), 'dataset shape': (40, 11, 1921, 2560), 'dataset chunks': (7, 1, 385, 512), 'indexing time (s)': 1.1920928955078125e-06, 'chunk number': 1650, 'reduction time (s)': 3.8567070960998535, 'chunks processed': 15, 'storage read (B)': 29733505, 'selection 1 time (s)': 3.8568248748779297}
Thread times [0.02444005012512207, 1.5148968696594238, 1.814885139465332, 1.8366799354553223, 2.394444227218628, 2.870699167251587, 2.978322982788086, 3.001621723175049, 3.0937340259552, 3.112334966659546, 3.13676381111145, 3.25982403755188, 3.4079558849334717, 3.5750250816345215, 3.669133186340332]
{'args': ((15, 0, slice(0, 960, None), slice(None, None, None)),), 'dataset shape': (40, 11, 1921, 2560), 'dataset chunks': (7, 1, 385, 512), 'indexing time (s)': 1.1920928955078125e-06, 'chunk number': 1650, 'reduction time (s)': 3.6751489639282227, 'chunks processed': 15, 'storage read (B)': 29733505, 'selection 1 time (s)': 3.6752710342407227}
Thread times [0.02341914176940918, 1.0749750137329102, 1.3852181434631348, 1.4749701023101807, 2.0790419578552246, 2.416562795639038, 2.4568891525268555, 2.6698291301727295, 2.7516419887542725, 2.918146848678589, 3.1213057041168213, 3.26584792137146, 3.297377109527588, 3.3165810108184814, 3.4061079025268555]
{'args': ((16, 0, slice(0, 960, None), slice(None, None, None)),), 'dataset shape': (40, 11, 1921, 2560), 'dataset chunks': (7, 1, 385, 512), 'indexing time (s)': 0.0, 'chunk number': 1650, 'reduction time (s)': 3.415112018585205, 'chunks processed': 15, 'storage read (B)': 29733505, 'selection 1 time (s)': 3.4152350425720215}
Thread times [0.021126270294189453, 0.7881081104278564, 1.298619031906128, 1.3664767742156982, 1.4784390926361084, 1.6850988864898682, 1.99365234375, 2.3527748584747314, 2.555025339126587, 2.576272964477539, 2.858181953430176, 2.864077091217041, 2.980865955352783, 2.988269805908203, 3.008877992630005]
{'args': ((17, 0, slice(0, 960, None), slice(None, None, None)),), 'dataset shape': (40, 11, 1921, 2560), 'dataset chunks': (7, 1, 385, 512), 'indexing time (s)': 1.1920928955078125e-06, 'chunk number': 1650, 'reduction time (s)': 3.0145158767700195, 'chunks processed': 15, 'storage read (B)': 29733505, 'selection 1 time (s)': 3.0146291255950928}
Thread times [0.021883726119995117, 0.8937709331512451, 1.9505679607391357, 2.153455972671509, 2.156620979309082, 2.4691879749298096, 2.4736311435699463, 2.707512140274048, 2.912998914718628, 3.1246018409729004, 3.12919020652771, 3.155595064163208, 3.5552761554718018, 3.6366231441497803, 3.6725997924804688]
{'args': ((18, 0, slice(0, 960, None), slice(None, None, None)),), 'dataset shape': (40, 11, 1921, 2560), 'dataset chunks': (7, 1, 385, 512), 'indexing time (s)': 9.5367431640625e-07, 'chunk number': 1650, 'reduction time (s)': 3.679619073867798, 'chunks processed': 15, 'storage read (B)': 29733505, 'selection 1 time (s)': 3.6797409057617188}
Thread times [0.02149200439453125, 1.3654801845550537, 1.6410932540893555, 1.6945061683654785, 1.8431768417358398, 2.606813907623291, 2.6569252014160156, 3.0536320209503174, 3.063812255859375, 3.2881689071655273, 3.343035936355591, 3.5033600330352783, 3.516765832901001, 3.5881097316741943, 3.699971914291382]
{'args': ((19, 0, slice(0, 960, None), slice(None, None, None)),), 'dataset shape': (40, 11, 1921, 2560), 'dataset chunks': (7, 1, 385, 512), 'indexing time (s)': 9.5367431640625e-07, 'chunk number': 1650, 'reduction time (s)': 3.706315040588379, 'chunks processed': 15, 'storage read (B)': 29733505, 'selection 1 time (s)': 3.7064430713653564}
Thread times [0.02279376983642578, 0.885199785232544, 1.701995849609375, 1.7879438400268555, 2.378262996673584, 2.435084104537964, 2.829566240310669, 2.883726119995117, 2.9696860313415527, 3.084763288497925, 3.0908470153808594, 3.109976053237915, 3.158505916595459, 3.279884099960327, 3.542175054550171]
{'args': ((20, 0, slice(0, 960, None), slice(None, None, None)),), 'dataset shape': (40, 11, 1921, 2560), 'dataset chunks': (7, 1, 385, 512), 'indexing time (s)': 7.152557373046875e-07, 'chunk number': 1650, 'reduction time (s)': 3.5514819622039795, 'chunks processed': 15, 'storage read (B)': 29733505, 'selection 1 time (s)': 3.5516090393066406}
Thread times [1.5196900367736816, 1.554051160812378, 2.0089290142059326, 2.14749813079834, 2.248197078704834, 2.511619806289673, 2.6627249717712402, 2.9235620498657227, 2.957120895385742, 3.293894052505493, 3.296743869781494, 3.63144588470459, 3.631577968597412, 3.7384610176086426, 3.845601797103882]
{'args': ((21, 0, slice(0, 960, None), slice(None, None, None)),), 'dataset shape': (40, 11, 1921, 2560), 'dataset chunks': (7, 1, 385, 512), 'indexing time (s)': 1.1920928955078125e-06, 'chunk number': 1650, 'reduction time (s)': 3.8517067432403564, 'chunks processed': 15, 'storage read (B)': 29686785, 'selection 1 time (s)': 3.851830005645752}
Thread times [0.02376413345336914, 0.9807760715484619, 1.6173479557037354, 1.947058916091919, 2.154710054397583, 2.324130058288574, 2.4749531745910645, 2.671365976333618, 2.8092470169067383, 2.8141050338745117, 2.943269968032837, 3.2761967182159424, 3.446362018585205, 3.4498958587646484, 3.481379747390747]
{'args': ((22, 0, slice(0, 960, None), slice(None, None, None)),), 'dataset shape': (40, 11, 1921, 2560), 'dataset chunks': (7, 1, 385, 512), 'indexing time (s)': 7.152557373046875e-07, 'chunk number': 1650, 'reduction time (s)': 3.4873709678649902, 'chunks processed': 15, 'storage read (B)': 29686785, 'selection 1 time (s)': 3.4875001907348633}
Thread times [0.023262977600097656, 1.0174260139465332, 1.6548502445220947, 1.9174399375915527, 2.139572858810425, 2.1494460105895996, 2.2249650955200195, 2.27620005607605, 2.6143078804016113, 2.641407012939453, 2.6452059745788574, 2.668245792388916, 3.0478532314300537, 3.150923013687134, 3.2213518619537354]
{'args': ((23, 0, slice(0, 960, None), slice(None, None, None)),), 'dataset shape': (40, 11, 1921, 2560), 'dataset chunks': (7, 1, 385, 512), 'indexing time (s)': 0.0, 'chunk number': 1650, 'reduction time (s)': 3.2288949489593506, 'chunks processed': 15, 'storage read (B)': 29686785, 'selection 1 time (s)': 3.2290351390838623}
Thread times [0.022269248962402344, 1.3006889820098877, 1.5140628814697266, 1.6080090999603271, 1.7148571014404297, 2.1699230670928955, 2.3816630840301514, 2.6399848461151123, 2.6735198497772217, 2.698302984237671, 2.7124500274658203, 2.9427390098571777, 3.09441876411438, 3.130563974380493, 3.2529470920562744]
{'args': ((24, 0, slice(0, 960, None), slice(None, None, None)),), 'dataset shape': (40, 11, 1921, 2560), 'dataset chunks': (7, 1, 385, 512), 'indexing time (s)': 9.5367431640625e-07, 'chunk number': 1650, 'reduction time (s)': 3.2590110301971436, 'chunks processed': 15, 'storage read (B)': 29686785, 'selection 1 time (s)': 3.259161949157715}
Thread times [0.021383285522460938, 0.34744811058044434, 1.4533541202545166, 1.71561598777771, 1.9234669208526611, 2.3953070640563965, 2.4711239337921143, 2.5881669521331787, 2.786369800567627, 2.784824848175049, 2.9189209938049316, 3.248012065887451, 3.2484049797058105, 3.3690991401672363, 3.410127878189087]
{'args': ((25, 0, slice(0, 960, None), slice(None, None, None)),), 'dataset shape': (40, 11, 1921, 2560), 'dataset chunks': (7, 1, 385, 512), 'indexing time (s)': 9.5367431640625e-07, 'chunk number': 1650, 'reduction time (s)': 3.418203115463257, 'chunks processed': 15, 'storage read (B)': 29686785, 'selection 1 time (s)': 3.418412685394287}
Thread times [0.020752906799316406, 1.7059099674224854, 1.7070188522338867, 2.007807970046997, 2.278116226196289, 2.473120927810669, 2.480614185333252, 2.9181931018829346, 3.225816011428833, 3.4192638397216797, 3.5275771617889404, 3.5415737628936768, 3.5956408977508545, 3.6448299884796143, 3.7041170597076416]
{'args': ((26, 0, slice(0, 960, None), slice(None, None, None)),), 'dataset shape': (40, 11, 1921, 2560), 'dataset chunks': (7, 1, 385, 512), 'indexing time (s)': 9.5367431640625e-07, 'chunk number': 1650, 'reduction time (s)': 3.7123520374298096, 'chunks processed': 15, 'storage read (B)': 29686785, 'selection 1 time (s)': 3.712477207183838}
Thread times [0.019601106643676758, 1.351072072982788, 1.3822200298309326, 1.568331003189087, 1.9157419204711914, 2.145113229751587, 2.2839560508728027, 2.601487159729004, 2.6729280948638916, 2.98388409614563, 3.0268020629882812, 3.050227165222168, 3.065938949584961, 3.173203945159912, 3.1849489212036133]
{'args': ((27, 0, slice(0, 960, None), slice(None, None, None)),), 'dataset shape': (40, 11, 1921, 2560), 'dataset chunks': (7, 1, 385, 512), 'indexing time (s)': 9.5367431640625e-07, 'chunk number': 1650, 'reduction time (s)': 3.189305067062378, 'chunks processed': 15, 'storage read (B)': 29686785, 'selection 1 time (s)': 3.189419984817505}
Thread times [1.1120457649230957, 1.604942798614502, 1.8701469898223877, 2.149289846420288, 2.165370225906372, 2.307788848876953, 2.382021188735962, 2.3805899620056152, 2.4675819873809814, 2.7381319999694824, 2.940865993499756, 3.0859580039978027, 3.3828399181365967, 3.462261915206909, 3.488342761993408]
{'args': ((28, 0, slice(0, 960, None), slice(None, None, None)),), 'dataset shape': (40, 11, 1921, 2560), 'dataset chunks': (7, 1, 385, 512), 'indexing time (s)': 1.1920928955078125e-06, 'chunk number': 1650, 'reduction time (s)': 3.493391990661621, 'chunks processed': 15, 'storage read (B)': 29670387, 'selection 1 time (s)': 3.493523120880127}
Thread times [0.02142477035522461, 1.3911166191101074, 1.7197680473327637, 1.7934298515319824, 1.9417400360107422, 2.327104091644287, 2.371203899383545, 2.4246959686279297, 2.551107883453369, 2.6868209838867188, 3.0292930603027344, 3.1254849433898926, 3.190695285797119, 3.2651007175445557, 3.393480062484741]
{'args': ((29, 0, slice(0, 960, None), slice(None, None, None)),), 'dataset shape': (40, 11, 1921, 2560), 'dataset chunks': (7, 1, 385, 512), 'indexing time (s)': 9.5367431640625e-07, 'chunk number': 1650, 'reduction time (s)': 3.4007468223571777, 'chunks processed': 15, 'storage read (B)': 29670387, 'selection 1 time (s)': 3.400888204574585}
Thread times [0.019087791442871094, 1.0619261264801025, 1.280439853668213, 1.3187062740325928, 2.0483310222625732, 2.1844749450683594, 2.18782901763916, 2.5128068923950195, 2.821876049041748, 3.005730152130127, 3.0297911167144775, 3.0507280826568604, 3.2215158939361572, 3.311782121658325, 3.3366830348968506]
{'args': ((30, 0, slice(0, 960, None), slice(None, None, None)),), 'dataset shape': (40, 11, 1921, 2560), 'dataset chunks': (7, 1, 385, 512), 'indexing time (s)': 9.5367431640625e-07, 'chunk number': 1650, 'reduction time (s)': 3.3435709476470947, 'chunks processed': 15, 'storage read (B)': 29670387, 'selection 1 time (s)': 3.343693971633911}
Thread times [0.019626855850219727, 1.3331241607666016, 1.7038910388946533, 1.8932998180389404, 1.9355137348175049, 2.5145421028137207, 2.6126608848571777, 2.695263147354126, 2.7566211223602295, 2.8244988918304443, 3.0634350776672363, 3.1492578983306885, 3.316549777984619, 3.5015158653259277, 3.5564510822296143]
{'args': ((31, 0, slice(0, 960, None), slice(None, None, None)),), 'dataset shape': (40, 11, 1921, 2560), 'dataset chunks': (7, 1, 385, 512), 'indexing time (s)': 9.5367431640625e-07, 'chunk number': 1650, 'reduction time (s)': 3.5612521171569824, 'chunks processed': 15, 'storage read (B)': 29670387, 'selection 1 time (s)': 3.561367988586426}
Thread times [0.022850751876831055, 1.3628010749816895, 1.5146889686584473, 1.5680220127105713, 1.582855224609375, 2.390846014022827, 2.6076810359954834, 2.6118478775024414, 2.7152340412139893, 2.832909107208252, 2.8747310638427734, 3.085678815841675, 3.192770004272461, 3.313180923461914, 3.3259940147399902]
{'args': ((32, 0, slice(0, 960, None), slice(None, None, None)),), 'dataset shape': (40, 11, 1921, 2560), 'dataset chunks': (7, 1, 385, 512), 'indexing time (s)': 1.1920928955078125e-06, 'chunk number': 1650, 'reduction time (s)': 3.332260847091675, 'chunks processed': 15, 'storage read (B)': 29670387, 'selection 1 time (s)': 3.3323991298675537}
Thread times [0.019859790802001953, 1.1511001586914062, 1.1596810817718506, 1.864062786102295, 1.9545671939849854, 1.9781181812286377, 1.983694076538086, 2.437242269515991, 2.4474501609802246, 2.507037878036499, 2.5160269737243652, 2.566330909729004, 2.9177253246307373, 2.972623825073242, 3.03436017036438]
{'args': ((33, 0, slice(0, 960, None), slice(None, None, None)),), 'dataset shape': (40, 11, 1921, 2560), 'dataset chunks': (7, 1, 385, 512), 'indexing time (s)': 1.9073486328125e-06, 'chunk number': 1650, 'reduction time (s)': 3.040081024169922, 'chunks processed': 15, 'storage read (B)': 29670387, 'selection 1 time (s)': 3.0402190685272217}
Thread times [0.0206451416015625, 0.7045929431915283, 1.4946088790893555, 1.618574857711792, 1.7499690055847168, 1.9294521808624268, 2.265336036682129, 2.2715249061584473, 2.3755221366882324, 2.382720947265625, 2.4127748012542725, 2.483510732650757, 2.687298059463501, 3.0431969165802, 3.066835880279541]
{'args': ((34, 0, slice(0, 960, None), slice(None, None, None)),), 'dataset shape': (40, 11, 1921, 2560), 'dataset chunks': (7, 1, 385, 512), 'indexing time (s)': 9.5367431640625e-07, 'chunk number': 1650, 'reduction time (s)': 3.074705123901367, 'chunks processed': 15, 'storage read (B)': 29670387, 'selection 1 time (s)': 3.074864149093628}
Thread times [1.0161759853363037, 1.0329179763793945, 1.1824970245361328, 1.6198251247406006, 1.7541320323944092, 1.826462984085083, 1.8785247802734375, 1.9314889907836914, 1.9665279388427734, 2.074096918106079, 2.2543139457702637, 2.3551790714263916, 2.374504327774048, 2.5428268909454346, 2.6819047927856445]
{'args': ((35, 0, slice(0, 960, None), slice(None, None, None)),), 'dataset shape': (40, 11, 1921, 2560), 'dataset chunks': (7, 1, 385, 512), 'indexing time (s)': 2.1457672119140625e-06, 'chunk number': 1650, 'reduction time (s)': 2.6912739276885986, 'chunks processed': 15, 'storage read (B)': 21287473, 'selection 1 time (s)': 2.6915178298950195}
Thread times [0.01791214942932129, 0.975165843963623, 1.2440030574798584, 1.4698879718780518, 1.5089919567108154, 1.5139429569244385, 1.5701370239257812, 1.7817981243133545, 2.039306879043579, 2.0762813091278076, 2.221235990524292, 2.235891103744507, 2.448688268661499, 2.5409538745880127, 2.6204521656036377]
{'args': ((36, 0, slice(0, 960, None), slice(None, None, None)),), 'dataset shape': (40, 11, 1921, 2560), 'dataset chunks': (7, 1, 385, 512), 'indexing time (s)': 7.152557373046875e-07, 'chunk number': 1650, 'reduction time (s)': 2.626082181930542, 'chunks processed': 15, 'storage read (B)': 21287473, 'selection 1 time (s)': 2.6262130737304688}
Thread times [0.021620988845825195, 1.0991389751434326, 1.1680939197540283, 1.597790241241455, 1.925976037979126, 2.006789207458496, 2.030302047729492, 2.1960701942443848, 2.2397491931915283, 2.471520185470581, 2.492704153060913, 2.565164804458618, 2.6194040775299072, 2.6816821098327637, 2.875072717666626]
{'args': ((37, 0, slice(0, 960, None), slice(None, None, None)),), 'dataset shape': (40, 11, 1921, 2560), 'dataset chunks': (7, 1, 385, 512), 'indexing time (s)': 9.5367431640625e-07, 'chunk number': 1650, 'reduction time (s)': 2.884286880493164, 'chunks processed': 15, 'storage read (B)': 21287473, 'selection 1 time (s)': 2.8844149112701416}
Thread times [0.024125337600708008, 1.0067389011383057, 1.088181972503662, 1.3854258060455322, 1.9134798049926758, 2.0265018939971924, 2.0443060398101807, 2.104212760925293, 2.283876895904541, 2.3375868797302246, 2.3625991344451904, 2.371051073074341, 2.3973569869995117, 2.429147243499756, 2.8235089778900146]
{'args': ((38, 0, slice(0, 960, None), slice(None, None, None)),), 'dataset shape': (40, 11, 1921, 2560), 'dataset chunks': (7, 1, 385, 512), 'indexing time (s)': 9.5367431640625e-07, 'chunk number': 1650, 'reduction time (s)': 2.8304717540740967, 'chunks processed': 15, 'storage read (B)': 21287473, 'selection 1 time (s)': 2.8306002616882324}
Thread times [0.02614903450012207, 0.536513090133667, 1.3236949443817139, 1.329791784286499, 1.4039199352264404, 1.4723799228668213, 1.5981018543243408, 1.804170846939087, 1.8213071823120117, 1.882093906402588, 2.3680219650268555, 2.3768508434295654, 2.425201177597046, 2.4371421337127686, 2.4526920318603516]
{'args': ((39, 0, slice(0, 960, None), slice(None, None, None)),), 'dataset shape': (40, 11, 1921, 2560), 'dataset chunks': (7, 1, 385, 512), 'indexing time (s)': 1.1920928955078125e-06, 'chunk number': 1650, 'reduction time (s)': 2.4595699310302734, 'chunks processed': 15, 'storage read (B)': 21287473, 'selection 1 time (s)': 2.4596970081329346}
[[226.07815104]
 [226.06476563]
 [225.93765625]
 [225.90807292]
 [225.91739583]
 [225.88455729]
 [225.82075521]
 [225.85442708]
 [225.98325521]
 [226.03804687]
 [226.01315104]
 [226.02330729]
 [226.03768229]
 [226.00479167]
 [225.91765625]
 [225.94033854]
 [225.98721354]
 [225.9146875 ]
 [225.81242188]
 [225.81872396]
 [225.84526042]
 [225.78497396]
 [225.63648438]
 [225.55653646]
 [225.45734375]
 [225.32369792]
 [225.16325521]
 [225.07796875]
 [225.0784375 ]
 [225.10664063]
 [225.17609375]
 [225.36877604]
 [225.57911458]
 [225.69080729]
 [225.72231771]
 [225.82364583]
 [225.93658854]
 [225.96765625]
 [225.91864583]
 [225.9225    ]]
Summary:  Uni24-np3:Local (T100,BS1): 1.55s,136.7s,145.2s
