Dataset loaded from S3 with s3fs and Pyfive: bnl/ch330a.pc19790301-def.nc (0.052,1.0)
Thread times [0.2978229522705078, 0.2738609313964844, 0.4145331382751465, 0.335752010345459, 0.3400578498840332, 0.47264814376831055, 0.3728950023651123, 0.44297313690185547, 0.505072832107544, 0.4937770366668701, 0.590705156326294, 0.6090197563171387, 0.44517993927001953, 0.47028303146362305, 0.4074411392211914]
{'load nc time': 1.2178778648376465, 'args': ((0, 0, slice(0, 960, None), slice(None, None, None)),), 'dataset shape': (40, 11, 1921, 2560), 'dataset chunks': (7, 1, 385, 512), 'indexing time (s)': 5.9959752559661865, 'chunk number': 1650, 'reduction time (s)': 6.473124027252197, 'chunks processed': 15, 'storage read (B)': 29685482, 'selection 1 time (s)': 12.46922492980957}
Thread times [0.2684340476989746, 0.33532023429870605, 0.34853291511535645, 0.31971192359924316, 0.3836479187011719, 0.545830249786377, 0.4322826862335205, 0.4666249752044678, 0.6284060478210449, 0.4270620346069336, 0.36554908752441406, 0.5429909229278564, 0.42237019538879395, 0.4149360656738281, 0.4044792652130127]
{'args': ((1, 0, slice(0, 960, None), slice(None, None, None)),), 'dataset shape': (40, 11, 1921, 2560), 'dataset chunks': (7, 1, 385, 512), 'indexing time (s)': 1.1920928955078125e-06, 'chunk number': 1650, 'reduction time (s)': 6.30707573890686, 'chunks processed': 15, 'storage read (B)': 29685482, 'selection 1 time (s)': 6.307194232940674}
Thread times [0.3206949234008789, 0.30084919929504395, 0.38428688049316406, 0.3363173007965088, 0.3442881107330322, 0.4553091526031494, 0.4358348846435547, 0.48375511169433594, 0.6689832210540771, 0.4624309539794922, 0.42250990867614746, 0.5890040397644043, 0.48082399368286133, 0.46936488151550293, 0.41492509841918945]
{'args': ((2, 0, slice(0, 960, None), slice(None, None, None)),), 'dataset shape': (40, 11, 1921, 2560), 'dataset chunks': (7, 1, 385, 512), 'indexing time (s)': 7.152557373046875e-07, 'chunk number': 1650, 'reduction time (s)': 6.570301055908203, 'chunks processed': 15, 'storage read (B)': 29685482, 'selection 1 time (s)': 6.5704262256622314}
Thread times [0.3206899166107178, 0.2719268798828125, 0.32301783561706543, 0.3334941864013672, 0.30090904235839844, 0.49474477767944336, 0.4514040946960449, 0.46050405502319336, 0.553839921951294, 0.4322371482849121, 0.4380338191986084, 0.5844099521636963, 0.3981790542602539, 0.41709399223327637, 0.36336207389831543]
{'args': ((3, 0, slice(0, 960, None), slice(None, None, None)),), 'dataset shape': (40, 11, 1921, 2560), 'dataset chunks': (7, 1, 385, 512), 'indexing time (s)': 1.1920928955078125e-06, 'chunk number': 1650, 'reduction time (s)': 6.144780158996582, 'chunks processed': 15, 'storage read (B)': 29685482, 'selection 1 time (s)': 6.144913196563721}
Thread times [0.299807071685791, 0.2661912441253662, 0.3289661407470703, 0.3298799991607666, 0.32561206817626953, 0.5145189762115479, 0.507720947265625, 0.5035810470581055, 0.5952649116516113, 0.5391020774841309, 0.40911197662353516, 0.5820558071136475, 0.4431307315826416, 0.4214341640472412, 0.4161868095397949]
{'args': ((4, 0, slice(0, 960, None), slice(None, None, None)),), 'dataset shape': (40, 11, 1921, 2560), 'dataset chunks': (7, 1, 385, 512), 'indexing time (s)': 1.9073486328125e-06, 'chunk number': 1650, 'reduction time (s)': 6.483558177947998, 'chunks processed': 15, 'storage read (B)': 29685482, 'selection 1 time (s)': 6.483703136444092}
Thread times [0.31606316566467285, 0.3370060920715332, 0.32758188247680664, 0.2866067886352539, 0.3006010055541992, 0.5135331153869629, 0.44614410400390625, 0.411221981048584, 0.5680580139160156, 0.4353370666503906, 0.5109739303588867, 0.7528901100158691, 0.3858013153076172, 0.374492883682251, 0.3869137763977051]
{'args': ((5, 0, slice(0, 960, None), slice(None, None, None)),), 'dataset shape': (40, 11, 1921, 2560), 'dataset chunks': (7, 1, 385, 512), 'indexing time (s)': 9.5367431640625e-07, 'chunk number': 1650, 'reduction time (s)': 6.354231119155884, 'chunks processed': 15, 'storage read (B)': 29685482, 'selection 1 time (s)': 6.354372024536133}
Thread times [0.2749049663543701, 0.25012707710266113, 0.3758540153503418, 0.30287694931030273, 0.35195279121398926, 0.7302048206329346, 0.3889946937561035, 0.4339900016784668, 0.5047991275787354, 0.4686157703399658, 0.3448498249053955, 0.5927972793579102, 0.41347718238830566, 0.4376518726348877, 0.4632577896118164]
{'args': ((6, 0, slice(0, 960, None), slice(None, None, None)),), 'dataset shape': (40, 11, 1921, 2560), 'dataset chunks': (7, 1, 385, 512), 'indexing time (s)': 1.1920928955078125e-06, 'chunk number': 1650, 'reduction time (s)': 6.335323810577393, 'chunks processed': 15, 'storage read (B)': 29685482, 'selection 1 time (s)': 6.335469722747803}
Thread times [0.30107808113098145, 0.31783199310302734, 0.37012505531311035, 0.5734310150146484, 0.4884159564971924, 0.5458359718322754, 0.44279909133911133, 0.576148271560669, 0.37043309211730957, 0.3379859924316406, 0.4613959789276123, 0.4527859687805176, 0.6214897632598877, 0.4093649387359619, 0.4329559803009033]
{'args': ((7, 0, slice(0, 960, None), slice(None, None, None)),), 'dataset shape': (40, 11, 1921, 2560), 'dataset chunks': (7, 1, 385, 512), 'indexing time (s)': 9.5367431640625e-07, 'chunk number': 1650, 'reduction time (s)': 6.703097105026245, 'chunks processed': 15, 'storage read (B)': 29701892, 'selection 1 time (s)': 6.703251838684082}
Thread times [0.28810906410217285, 0.2620232105255127, 0.32413578033447266, 0.3289299011230469, 0.3217661380767822, 0.4220700263977051, 0.44272589683532715, 0.649716854095459, 0.38468408584594727, 0.3622450828552246, 0.402878999710083, 0.4012610912322998, 0.4737248420715332, 0.428325891494751, 0.3822150230407715]
{'args': ((8, 0, slice(0, 960, None), slice(None, None, None)),), 'dataset shape': (40, 11, 1921, 2560), 'dataset chunks': (7, 1, 385, 512), 'indexing time (s)': 9.5367431640625e-07, 'chunk number': 1650, 'reduction time (s)': 5.875729084014893, 'chunks processed': 15, 'storage read (B)': 29701892, 'selection 1 time (s)': 5.8758909702301025}
Thread times [0.2897977828979492, 0.2617793083190918, 0.36710405349731445, 0.3486747741699219, 0.3290121555328369, 0.394028902053833, 0.41045308113098145, 0.5656120777130127, 0.33594179153442383, 0.31215810775756836, 0.4324510097503662, 0.42997312545776367, 0.5067012310028076, 0.3802318572998047, 0.39989590644836426]
{'args': ((9, 0, slice(0, 960, None), slice(None, None, None)),), 'dataset shape': (40, 11, 1921, 2560), 'dataset chunks': (7, 1, 385, 512), 'indexing time (s)': 1.1920928955078125e-06, 'chunk number': 1650, 'reduction time (s)': 5.764753818511963, 'chunks processed': 15, 'storage read (B)': 29701892, 'selection 1 time (s)': 5.764888763427734}
Thread times [0.2847597599029541, 0.23973584175109863, 0.38849687576293945, 0.32985615730285645, 0.37186312675476074, 0.380659818649292, 0.5863959789276123, 0.5169351100921631, 0.37854886054992676, 0.36074328422546387, 0.3961629867553711, 0.4521670341491699, 0.5068747997283936, 0.40846896171569824, 0.42515015602111816]
{'args': ((10, 0, slice(0, 960, None), slice(None, None, None)),), 'dataset shape': (40, 11, 1921, 2560), 'dataset chunks': (7, 1, 385, 512), 'indexing time (s)': 1.9073486328125e-06, 'chunk number': 1650, 'reduction time (s)': 6.027787923812866, 'chunks processed': 15, 'storage read (B)': 29701892, 'selection 1 time (s)': 6.027925968170166}
Thread times [0.26718807220458984, 0.2814452648162842, 0.3054060935974121, 0.32280492782592773, 0.34049105644226074, 0.4188268184661865, 0.3745231628417969, 0.50187087059021, 0.3189408779144287, 0.28769493103027344, 0.3717842102050781, 0.4868307113647461, 0.5649909973144531, 0.45897603034973145, 0.4942800998687744]
{'args': ((11, 0, slice(0, 960, None), slice(None, None, None)),), 'dataset shape': (40, 11, 1921, 2560), 'dataset chunks': (7, 1, 385, 512), 'indexing time (s)': 9.5367431640625e-07, 'chunk number': 1650, 'reduction time (s)': 5.796977281570435, 'chunks processed': 15, 'storage read (B)': 29701892, 'selection 1 time (s)': 5.797115087509155}
Thread times [0.3355708122253418, 0.29744577407836914, 0.39948105812072754, 0.36685681343078613, 0.35819506645202637, 0.4355037212371826, 0.4052469730377197, 0.5334699153900146, 0.299436092376709, 0.426455020904541, 0.38198304176330566, 0.42229294776916504, 0.5105679035186768, 0.481626033782959, 0.3860962390899658]
{'args': ((12, 0, slice(0, 960, None), slice(None, None, None)),), 'dataset shape': (40, 11, 1921, 2560), 'dataset chunks': (7, 1, 385, 512), 'indexing time (s)': 1.1920928955078125e-06, 'chunk number': 1650, 'reduction time (s)': 6.041211843490601, 'chunks processed': 15, 'storage read (B)': 29701892, 'selection 1 time (s)': 6.0413360595703125}
Thread times [0.2580440044403076, 0.24636220932006836, 0.3773529529571533, 0.324678897857666, 0.3977508544921875, 0.4091610908508301, 0.41960597038269043, 0.5097169876098633, 0.32976698875427246, 0.2735450267791748, 0.33249425888061523, 0.4245457649230957, 0.5275969505310059, 0.4923419952392578, 0.42647337913513184]
{'args': ((13, 0, slice(0, 960, None), slice(None, None, None)),), 'dataset shape': (40, 11, 1921, 2560), 'dataset chunks': (7, 1, 385, 512), 'indexing time (s)': 9.5367431640625e-07, 'chunk number': 1650, 'reduction time (s)': 5.750411033630371, 'chunks processed': 15, 'storage read (B)': 29701892, 'selection 1 time (s)': 5.750523805618286}
Thread times [0.2973048686981201, 0.24776482582092285, 0.36105895042419434, 0.348984956741333, 0.33402085304260254, 0.39116477966308594, 0.4051651954650879, 0.40737271308898926, 0.43978214263916016, 0.47153496742248535, 0.3992500305175781, 0.4804251194000244, 0.5452349185943604, 0.4480741024017334, 0.42009592056274414]
{'args': ((14, 0, slice(0, 960, None), slice(None, None, None)),), 'dataset shape': (40, 11, 1921, 2560), 'dataset chunks': (7, 1, 385, 512), 'indexing time (s)': 9.5367431640625e-07, 'chunk number': 1650, 'reduction time (s)': 5.998226165771484, 'chunks processed': 15, 'storage read (B)': 29733505, 'selection 1 time (s)': 5.99836802482605}
Thread times [0.2759220600128174, 0.27512407302856445, 0.3859221935272217, 0.3298661708831787, 0.3807201385498047, 0.3774240016937256, 0.4010450839996338, 0.430509090423584, 0.4372577667236328, 0.5502028465270996, 0.4705491065979004, 0.42094898223876953, 0.48149800300598145, 0.47631192207336426, 0.40521717071533203]
{'args': ((15, 0, slice(0, 960, None), slice(None, None, None)),), 'dataset shape': (40, 11, 1921, 2560), 'dataset chunks': (7, 1, 385, 512), 'indexing time (s)': 1.1920928955078125e-06, 'chunk number': 1650, 'reduction time (s)': 6.099483013153076, 'chunks processed': 15, 'storage read (B)': 29733505, 'selection 1 time (s)': 6.099624872207642}
Thread times [0.31293392181396484, 0.26404404640197754, 0.3870859146118164, 0.36957597732543945, 0.38985705375671387, 0.4364619255065918, 0.39237117767333984, 0.44644999504089355, 0.42711591720581055, 0.4797401428222656, 0.3878469467163086, 0.44507694244384766, 0.39618492126464844, 0.41139721870422363, 0.3736228942871094]
{'args': ((16, 0, slice(0, 960, None), slice(None, None, None)),), 'dataset shape': (40, 11, 1921, 2560), 'dataset chunks': (7, 1, 385, 512), 'indexing time (s)': 1.1920928955078125e-06, 'chunk number': 1650, 'reduction time (s)': 5.920734167098999, 'chunks processed': 15, 'storage read (B)': 29733505, 'selection 1 time (s)': 5.920865774154663}
Thread times [0.2876107692718506, 0.271075963973999, 0.38588595390319824, 0.40093994140625, 0.33496904373168945, 0.3863558769226074, 0.36782073974609375, 0.4590470790863037, 0.4407007694244385, 0.4071688652038574, 0.36763525009155273, 0.4006991386413574, 0.3872969150543213, 0.3461918830871582, 0.411632776260376]
{'args': ((17, 0, slice(0, 960, None), slice(None, None, None)),), 'dataset shape': (40, 11, 1921, 2560), 'dataset chunks': (7, 1, 385, 512), 'indexing time (s)': 9.5367431640625e-07, 'chunk number': 1650, 'reduction time (s)': 5.65601110458374, 'chunks processed': 15, 'storage read (B)': 29733505, 'selection 1 time (s)': 5.656152963638306}
Thread times [0.27713894844055176, 0.2698071002960205, 0.3064289093017578, 0.35385680198669434, 0.395902156829834, 0.42540693283081055, 0.4612588882446289, 0.46918392181396484, 0.4527597427368164, 0.40762805938720703, 0.44762110710144043, 0.46954774856567383, 0.427232027053833, 0.5087611675262451, 0.46946096420288086]
{'args': ((18, 0, slice(0, 960, None), slice(None, None, None)),), 'dataset shape': (40, 11, 1921, 2560), 'dataset chunks': (7, 1, 385, 512), 'indexing time (s)': 1.1920928955078125e-06, 'chunk number': 1650, 'reduction time (s)': 6.1429126262664795, 'chunks processed': 15, 'storage read (B)': 29733505, 'selection 1 time (s)': 6.143040895462036}
Thread times [0.27449703216552734, 0.2710459232330322, 0.31456518173217773, 0.3647499084472656, 0.3247191905975342, 0.4414970874786377, 0.4136340618133545, 0.4027121067047119, 0.4252469539642334, 0.4260687828063965, 0.41498303413391113, 0.4196290969848633, 0.35483384132385254, 0.36423802375793457, 0.3889739513397217]
{'args': ((19, 0, slice(0, 960, None), slice(None, None, None)),), 'dataset shape': (40, 11, 1921, 2560), 'dataset chunks': (7, 1, 385, 512), 'indexing time (s)': 1.1920928955078125e-06, 'chunk number': 1650, 'reduction time (s)': 5.602329969406128, 'chunks processed': 15, 'storage read (B)': 29733505, 'selection 1 time (s)': 5.602444648742676}
Thread times [0.2738971710205078, 0.28461122512817383, 0.3575732707977295, 0.33759522438049316, 0.3111588954925537, 0.3673110008239746, 0.360886812210083, 0.4017951488494873, 0.4120168685913086, 0.3528780937194824, 0.3803861141204834, 0.42284297943115234, 0.38756299018859863, 0.3523287773132324, 0.41676902770996094]
{'args': ((20, 0, slice(0, 960, None), slice(None, None, None)),), 'dataset shape': (40, 11, 1921, 2560), 'dataset chunks': (7, 1, 385, 512), 'indexing time (s)': 9.5367431640625e-07, 'chunk number': 1650, 'reduction time (s)': 5.420515060424805, 'chunks processed': 15, 'storage read (B)': 29733505, 'selection 1 time (s)': 5.420635938644409}
Thread times [0.2828638553619385, 0.28302788734436035, 0.3215348720550537, 0.21427702903747559, 0.24210476875305176, 0.4736480712890625, 0.4440279006958008, 0.41323089599609375, 0.3883960247039795, 0.3775930404663086, 0.3831360340118408, 0.4427340030670166, 0.5305778980255127, 0.5452289581298828, 0.34871888160705566]
{'args': ((21, 0, slice(0, 960, None), slice(None, None, None)),), 'dataset shape': (40, 11, 1921, 2560), 'dataset chunks': (7, 1, 385, 512), 'indexing time (s)': 9.5367431640625e-07, 'chunk number': 1650, 'reduction time (s)': 5.691996812820435, 'chunks processed': 15, 'storage read (B)': 29686785, 'selection 1 time (s)': 5.6921281814575195}
Thread times [0.28049278259277344, 0.24412178993225098, 0.39553213119506836, 0.22220802307128906, 0.2601649761199951, 0.48835086822509766, 0.39665794372558594, 0.43398213386535645, 0.4060659408569336, 0.4033801555633545, 0.35962772369384766, 0.37175822257995605, 0.5229079723358154, 0.5805189609527588, 0.2766430377960205]
{'args': ((22, 0, slice(0, 960, None), slice(None, None, None)),), 'dataset shape': (40, 11, 1921, 2560), 'dataset chunks': (7, 1, 385, 512), 'indexing time (s)': 9.5367431640625e-07, 'chunk number': 1650, 'reduction time (s)': 5.64360499382019, 'chunks processed': 15, 'storage read (B)': 29686785, 'selection 1 time (s)': 5.643764972686768}
Thread times [0.25754880905151367, 0.2740800380706787, 0.37360167503356934, 0.29361987113952637, 0.2383720874786377, 0.5244581699371338, 0.40552496910095215, 0.4256398677825928, 0.44727301597595215, 0.5224528312683105, 0.3790898323059082, 0.4062221050262451, 0.6021718978881836, 0.5781900882720947, 0.30804014205932617]
{'args': ((23, 0, slice(0, 960, None), slice(None, None, None)),), 'dataset shape': (40, 11, 1921, 2560), 'dataset chunks': (7, 1, 385, 512), 'indexing time (s)': 1.9073486328125e-06, 'chunk number': 1650, 'reduction time (s)': 6.03730583190918, 'chunks processed': 15, 'storage read (B)': 29686785, 'selection 1 time (s)': 6.03758692741394}
Thread times [0.34469079971313477, 0.3076779842376709, 0.3820219039916992, 0.21161413192749023, 0.3044557571411133, 0.5416700839996338, 0.3953258991241455, 0.40654706954956055, 0.48845911026000977, 0.4305839538574219, 0.36832094192504883, 0.4626119136810303, 0.5178401470184326, 0.530189037322998, 0.3246939182281494]
{'args': ((24, 0, slice(0, 960, None), slice(None, None, None)),), 'dataset shape': (40, 11, 1921, 2560), 'dataset chunks': (7, 1, 385, 512), 'indexing time (s)': 2.1457672119140625e-06, 'chunk number': 1650, 'reduction time (s)': 6.017822027206421, 'chunks processed': 15, 'storage read (B)': 29686785, 'selection 1 time (s)': 6.017970085144043}
Thread times [0.24155592918395996, 0.24718189239501953, 0.3845057487487793, 0.23018813133239746, 0.29801201820373535, 0.5698606967926025, 0.4958841800689697, 0.46341395378112793, 0.6543049812316895, 0.42603015899658203, 0.43379926681518555, 0.5123519897460938, 0.6418838500976562, 0.6517491340637207, 0.3084373474121094]
{'args': ((25, 0, slice(0, 960, None), slice(None, None, None)),), 'dataset shape': (40, 11, 1921, 2560), 'dataset chunks': (7, 1, 385, 512), 'indexing time (s)': 9.5367431640625e-07, 'chunk number': 1650, 'reduction time (s)': 6.560232162475586, 'chunks processed': 15, 'storage read (B)': 29686785, 'selection 1 time (s)': 6.560389280319214}
Thread times [0.4564781188964844, 0.2868030071258545, 0.3986959457397461, 0.20622992515563965, 0.21436810493469238, 0.4304649829864502, 0.5573620796203613, 0.4494507312774658, 0.4403042793273926, 0.3924529552459717, 0.3873627185821533, 0.43285417556762695, 0.6201250553131104, 0.5882408618927002, 0.34508585929870605]
{'args': ((26, 0, slice(0, 960, None), slice(None, None, None)),), 'dataset shape': (40, 11, 1921, 2560), 'dataset chunks': (7, 1, 385, 512), 'indexing time (s)': 1.9073486328125e-06, 'chunk number': 1650, 'reduction time (s)': 6.208095073699951, 'chunks processed': 15, 'storage read (B)': 29686785, 'selection 1 time (s)': 6.20825719833374}
Thread times [0.30180883407592773, 0.25443196296691895, 0.38820362091064453, 0.22749686241149902, 0.23907208442687988, 0.5458738803863525, 0.5286738872528076, 0.5643250942230225, 0.4844653606414795, 0.446730375289917, 0.41857314109802246, 0.4819350242614746, 0.5692920684814453, 0.4998939037322998, 0.3014230728149414]
{'args': ((27, 0, slice(0, 960, None), slice(None, None, None)),), 'dataset shape': (40, 11, 1921, 2560), 'dataset chunks': (7, 1, 385, 512), 'indexing time (s)': 1.1920928955078125e-06, 'chunk number': 1650, 'reduction time (s)': 6.253290891647339, 'chunks processed': 15, 'storage read (B)': 29686785, 'selection 1 time (s)': 6.253430128097534}
Thread times [0.2680387496948242, 0.5168628692626953, 0.38065576553344727, 0.2679619789123535, 0.3250398635864258, 0.4634568691253662, 0.31145286560058594, 0.4119889736175537, 0.29288506507873535, 0.40168023109436035, 0.36969494819641113, 0.6640720367431641, 0.45981907844543457, 0.42957115173339844, 0.43224596977233887]
{'args': ((28, 0, slice(0, 960, None), slice(None, None, None)),), 'dataset shape': (40, 11, 1921, 2560), 'dataset chunks': (7, 1, 385, 512), 'indexing time (s)': 9.5367431640625e-07, 'chunk number': 1650, 'reduction time (s)': 5.996424913406372, 'chunks processed': 15, 'storage read (B)': 29670387, 'selection 1 time (s)': 5.996564865112305}
Thread times [0.2598550319671631, 0.2802920341491699, 0.3678150177001953, 0.32288408279418945, 0.406749963760376, 0.394909143447876, 0.3276689052581787, 0.477618932723999, 0.26840972900390625, 0.3752598762512207, 0.3820328712463379, 0.5033071041107178, 0.4585690498352051, 0.40488767623901367, 0.44107890129089355]
{'args': ((29, 0, slice(0, 960, None), slice(None, None, None)),), 'dataset shape': (40, 11, 1921, 2560), 'dataset chunks': (7, 1, 385, 512), 'indexing time (s)': 9.5367431640625e-07, 'chunk number': 1650, 'reduction time (s)': 5.672296047210693, 'chunks processed': 15, 'storage read (B)': 29670387, 'selection 1 time (s)': 5.672418832778931}
Thread times [0.2746000289916992, 0.3212900161743164, 0.3494541645050049, 0.33292698860168457, 0.3488490581512451, 0.3805818557739258, 0.371661901473999, 0.4430232048034668, 0.3358039855957031, 0.4407217502593994, 0.4034879207611084, 0.5023479461669922, 0.3702418804168701, 0.3524782657623291, 0.3310861587524414]
{'args': ((30, 0, slice(0, 960, None), slice(None, None, None)),), 'dataset shape': (40, 11, 1921, 2560), 'dataset chunks': (7, 1, 385, 512), 'indexing time (s)': 9.5367431640625e-07, 'chunk number': 1650, 'reduction time (s)': 5.559551000595093, 'chunks processed': 15, 'storage read (B)': 29670387, 'selection 1 time (s)': 5.559682846069336}
Thread times [0.23141026496887207, 0.289996862411499, 0.35942697525024414, 0.3193798065185547, 0.35847926139831543, 0.4147608280181885, 0.313093900680542, 0.5099358558654785, 0.3538689613342285, 0.4688899517059326, 0.4479176998138428, 0.5375580787658691, 0.4132418632507324, 0.4777488708496094, 0.42377805709838867]
{'args': ((31, 0, slice(0, 960, None), slice(None, None, None)),), 'dataset shape': (40, 11, 1921, 2560), 'dataset chunks': (7, 1, 385, 512), 'indexing time (s)': 9.5367431640625e-07, 'chunk number': 1650, 'reduction time (s)': 5.920373916625977, 'chunks processed': 15, 'storage read (B)': 29670387, 'selection 1 time (s)': 5.92051100730896}
Thread times [0.30561304092407227, 0.2782158851623535, 0.3596658706665039, 0.34084486961364746, 0.4579620361328125, 0.3705101013183594, 0.28223204612731934, 0.4299509525299072, 0.3088529109954834, 0.3872251510620117, 0.38495302200317383, 0.4765629768371582, 0.4484901428222656, 0.40167975425720215, 0.4131336212158203]
{'args': ((32, 0, slice(0, 960, None), slice(None, None, None)),), 'dataset shape': (40, 11, 1921, 2560), 'dataset chunks': (7, 1, 385, 512), 'indexing time (s)': 9.5367431640625e-07, 'chunk number': 1650, 'reduction time (s)': 5.6468589305877686, 'chunks processed': 15, 'storage read (B)': 29670387, 'selection 1 time (s)': 5.646979093551636}
Thread times [0.26172375679016113, 0.26559901237487793, 0.4104459285736084, 0.3549191951751709, 0.9861140251159668, 0.4652881622314453, 0.3489100933074951, 0.3864881992340088, 0.29511404037475586, 0.3740508556365967, 0.34485507011413574, 0.5438179969787598, 0.3935668468475342, 0.3640158176422119, 0.42986273765563965]
{'args': ((33, 0, slice(0, 960, None), slice(None, None, None)),), 'dataset shape': (40, 11, 1921, 2560), 'dataset chunks': (7, 1, 385, 512), 'indexing time (s)': 9.5367431640625e-07, 'chunk number': 1650, 'reduction time (s)': 6.225686073303223, 'chunks processed': 15, 'storage read (B)': 29670387, 'selection 1 time (s)': 6.225848913192749}
Thread times [0.2712099552154541, 0.2689840793609619, 0.3502528667449951, 0.35901308059692383, 0.3404848575592041, 0.41740894317626953, 0.2862579822540283, 0.47194433212280273, 0.3403911590576172, 0.7319059371948242, 0.49524712562561035, 0.5421509742736816, 0.40073204040527344, 0.4144928455352783, 0.3979477882385254]
{'args': ((34, 0, slice(0, 960, None), slice(None, None, None)),), 'dataset shape': (40, 11, 1921, 2560), 'dataset chunks': (7, 1, 385, 512), 'indexing time (s)': 1.9073486328125e-06, 'chunk number': 1650, 'reduction time (s)': 6.089386940002441, 'chunks processed': 15, 'storage read (B)': 29670387, 'selection 1 time (s)': 6.089518785476685}
Thread times [0.2577841281890869, 0.2245807647705078, 0.2739531993865967, 0.2763190269470215, 0.28515005111694336, 0.3283121585845947, 0.330219030380249, 0.30088114738464355, 0.3227410316467285, 0.30767011642456055, 0.2852931022644043, 0.3277890682220459, 0.34966206550598145, 0.3083820343017578, 0.30988121032714844]
{'args': ((35, 0, slice(0, 960, None), slice(None, None, None)),), 'dataset shape': (40, 11, 1921, 2560), 'dataset chunks': (7, 1, 385, 512), 'indexing time (s)': 9.5367431640625e-07, 'chunk number': 1650, 'reduction time (s)': 4.490041971206665, 'chunks processed': 15, 'storage read (B)': 21287473, 'selection 1 time (s)': 4.490185976028442}
Thread times [0.2150568962097168, 0.21379995346069336, 0.37917208671569824, 0.2637519836425781, 0.2789759635925293, 0.34891176223754883, 0.29618000984191895, 0.3501091003417969, 0.32608509063720703, 0.3164200782775879, 0.3922100067138672, 0.632310152053833, 0.4298429489135742, 0.3641328811645508, 0.3977830410003662]
{'args': ((36, 0, slice(0, 960, None), slice(None, None, None)),), 'dataset shape': (40, 11, 1921, 2560), 'dataset chunks': (7, 1, 385, 512), 'indexing time (s)': 7.152557373046875e-07, 'chunk number': 1650, 'reduction time (s)': 5.206048011779785, 'chunks processed': 15, 'storage read (B)': 21287473, 'selection 1 time (s)': 5.206191778182983}
Thread times [0.26280808448791504, 0.21341991424560547, 0.2748281955718994, 0.3228890895843506, 0.28973388671875, 0.3261690139770508, 0.3209228515625, 0.33365726470947266, 0.4220600128173828, 0.31456899642944336, 0.3681631088256836, 0.2991068363189697, 0.3096740245819092, 0.33504796028137207, 0.34946608543395996]
{'args': ((37, 0, slice(0, 960, None), slice(None, None, None)),), 'dataset shape': (40, 11, 1921, 2560), 'dataset chunks': (7, 1, 385, 512), 'indexing time (s)': 2.1457672119140625e-06, 'chunk number': 1650, 'reduction time (s)': 4.743492841720581, 'chunks processed': 15, 'storage read (B)': 21287473, 'selection 1 time (s)': 4.743632078170776}
Thread times [0.27275586128234863, 0.2799060344696045, 0.3257920742034912, 0.308027982711792, 0.29857587814331055, 0.48390889167785645, 0.39090895652770996, 0.4089319705963135, 0.3627479076385498, 0.33520078659057617, 0.3168907165527344, 0.35652923583984375, 0.31332921981811523, 0.28427696228027344, 0.3704547882080078]
{'args': ((38, 0, slice(0, 960, None), slice(None, None, None)),), 'dataset shape': (40, 11, 1921, 2560), 'dataset chunks': (7, 1, 385, 512), 'indexing time (s)': 9.5367431640625e-07, 'chunk number': 1650, 'reduction time (s)': 5.109250068664551, 'chunks processed': 15, 'storage read (B)': 21287473, 'selection 1 time (s)': 5.109385967254639}
Thread times [0.2666308879852295, 0.28273677825927734, 0.39636683464050293, 0.2978200912475586, 0.3041648864746094, 0.33510398864746094, 0.3213667869567871, 0.33507490158081055, 0.5511167049407959, 0.6203083992004395, 0.3586001396179199, 0.4391160011291504, 0.34839797019958496, 0.37690305709838867, 0.4203977584838867]
{'args': ((39, 0, slice(0, 960, None), slice(None, None, None)),), 'dataset shape': (40, 11, 1921, 2560), 'dataset chunks': (7, 1, 385, 512), 'indexing time (s)': 9.5367431640625e-07, 'chunk number': 1650, 'reduction time (s)': 5.655026912689209, 'chunks processed': 15, 'storage read (B)': 21287473, 'selection 1 time (s)': 5.655159950256348}
[[226.07817708]
 [226.06473958]
 [225.93765625]
 [225.90807292]
 [225.91734375]
 [225.88453125]
 [225.82075521]
 [225.85440104]
 [225.98328125]
 [226.03804687]
 [226.01315104]
 [226.02330729]
 [226.03770833]
 [226.00476563]
 [225.91765625]
 [225.94036458]
 [225.98721354]
 [225.9146875 ]
 [225.81242188]
 [225.81869792]
 [225.84526042]
 [225.78497396]
 [225.63651042]
 [225.55651042]
 [225.45734375]
 [225.32369792]
 [225.16325521]
 [225.07794271]
 [225.07846354]
 [225.10664063]
 [225.17609375]
 [225.36880208]
 [225.57911458]
 [225.69080729]
 [225.72229167]
 [225.82367188]
 [225.93658854]
 [225.96765625]
 [225.91861979]
 [225.9225    ]]
Summary:  Uni24-np3:Local (T1,BS1): 1.22s,236.2s,243.4s
