Dataset loaded from S3 with s3fs and Pyfive: bnl/ch330a.pc19790301-def.nc (0.05,3.7)
Thread times [0.1287240982055664, 0.19117307662963867, 0.1991441249847412, 0.19480609893798828, 0.20496892929077148, 0.21758675575256348, 0.2276768684387207, 0.25722527503967285, 0.25890612602233887, 0.2553999423980713, 0.2675790786743164, 0.2650578022003174, 0.32051587104797363, 0.41553258895874023, 0.4191141128540039]
{'load nc time': 4.398896217346191, 'args': ((0, 0, slice(0, 960, None), slice(None, None, None)),), 'dataset shape': (40, 11, 1921, 2560), 'dataset chunks': (7, 1, 385, 512), 'indexing time (s)': 19.635735750198364, 'chunk number': 1650, 'reduction time (s)': 0.4282698631286621, 'chunks processed': 15, 'storage read (B)': 29685482, 'selection 2 time (s)': 20.075883865356445}
Thread times [0.17813396453857422, 0.208388090133667, 0.21551990509033203, 0.21394085884094238, 0.2554049491882324, 0.33772802352905273, 0.4106709957122803, 0.420396089553833, 0.441906213760376, 0.44104671478271484, 0.46295690536499023, 0.4685971736907959, 0.4719836711883545, 0.4732992649078369, 0.47748684883117676]
{'args': ((1, 0, slice(0, 960, None), slice(None, None, None)),), 'dataset shape': (40, 11, 1921, 2560), 'dataset chunks': (7, 1, 385, 512), 'indexing time (s)': 9.5367431640625e-07, 'chunk number': 1650, 'reduction time (s)': 0.48081183433532715, 'chunks processed': 15, 'storage read (B)': 29685482, 'selection 2 time (s)': 0.49400997161865234}
Thread times [0.10399103164672852, 0.14966440200805664, 0.16039800643920898, 0.17350196838378906, 0.17613697052001953, 0.17621612548828125, 0.17180800437927246, 0.323803186416626, 0.46367716789245605, 0.469074010848999, 0.49631786346435547, 0.5073630809783936, 0.5138700008392334, 0.5444600582122803, 0.5497419834136963]
{'args': ((2, 0, slice(0, 960, None), slice(None, None, None)),), 'dataset shape': (40, 11, 1921, 2560), 'dataset chunks': (7, 1, 385, 512), 'indexing time (s)': 7.152557373046875e-07, 'chunk number': 1650, 'reduction time (s)': 0.558657169342041, 'chunks processed': 15, 'storage read (B)': 29685482, 'selection 2 time (s)': 0.580543041229248}
Thread times [0.1334059238433838, 0.14182519912719727, 0.14429402351379395, 0.18546009063720703, 0.26566600799560547, 0.40196704864501953, 0.43373799324035645, 0.5468928813934326, 0.6192300319671631, 0.6603968143463135, 0.7134568691253662, 0.7114338874816895, 0.7194621562957764, 0.7420449256896973, 0.77059006690979]
{'args': ((3, 0, slice(0, 960, None), slice(None, None, None)),), 'dataset shape': (40, 11, 1921, 2560), 'dataset chunks': (7, 1, 385, 512), 'indexing time (s)': 9.5367431640625e-07, 'chunk number': 1650, 'reduction time (s)': 0.7785012722015381, 'chunks processed': 15, 'storage read (B)': 29685482, 'selection 2 time (s)': 0.7952718734741211}
Thread times [0.12056899070739746, 0.12627577781677246, 0.27480411529541016, 0.29399704933166504, 0.3056509494781494, 0.3645608425140381, 0.3991668224334717, 0.3995630741119385, 0.4310007095336914, 0.4324650764465332, 0.44082093238830566, 0.46418213844299316, 0.46396803855895996, 0.4684121608734131, 0.48453307151794434]
{'args': ((4, 0, slice(0, 960, None), slice(None, None, None)),), 'dataset shape': (40, 11, 1921, 2560), 'dataset chunks': (7, 1, 385, 512), 'indexing time (s)': 1.1920928955078125e-06, 'chunk number': 1650, 'reduction time (s)': 0.4893839359283447, 'chunks processed': 15, 'storage read (B)': 29685482, 'selection 2 time (s)': 0.5030839443206787}
Thread times [0.26938390731811523, 0.30379414558410645, 0.3925642967224121, 0.41167306900024414, 0.413621187210083, 0.44616198539733887, 0.45385313034057617, 0.46420788764953613, 0.4693760871887207, 0.4682040214538574, 0.472459077835083, 0.4732630252838135, 0.4780700206756592, 0.48983001708984375, 0.49871397018432617]
{'args': ((5, 0, slice(0, 960, None), slice(None, None, None)),), 'dataset shape': (40, 11, 1921, 2560), 'dataset chunks': (7, 1, 385, 512), 'indexing time (s)': 0.0, 'chunk number': 1650, 'reduction time (s)': 0.5023481845855713, 'chunks processed': 15, 'storage read (B)': 29685482, 'selection 2 time (s)': 0.5205309391021729}
Thread times [0.13978004455566406, 0.6125640869140625, 0.6142480373382568, 0.6390879154205322, 0.6415817737579346, 0.6570520401000977, 0.6660661697387695, 0.6835808753967285, 0.7246389389038086, 0.7231299877166748, 0.7289319038391113, 0.7377629280090332, 0.7409868240356445, 0.7505679130554199, 0.7521500587463379]
{'args': ((6, 0, slice(0, 960, None), slice(None, None, None)),), 'dataset shape': (40, 11, 1921, 2560), 'dataset chunks': (7, 1, 385, 512), 'indexing time (s)': 2.1457672119140625e-06, 'chunk number': 1650, 'reduction time (s)': 0.7603719234466553, 'chunks processed': 15, 'storage read (B)': 29685482, 'selection 2 time (s)': 0.7772622108459473}
Thread times [0.1292250156402588, 0.16199707984924316, 0.16463088989257812, 0.2032771110534668, 0.3531651496887207, 0.3910660743713379, 0.40816712379455566, 0.4137609004974365, 0.4370739459991455, 0.43341064453125, 0.4363577365875244, 0.4362010955810547, 0.43581700325012207, 0.4403049945831299, 0.4709749221801758]
{'args': ((7, 0, slice(0, 960, None), slice(None, None, None)),), 'dataset shape': (40, 11, 1921, 2560), 'dataset chunks': (7, 1, 385, 512), 'indexing time (s)': 2.1457672119140625e-06, 'chunk number': 1650, 'reduction time (s)': 0.4762439727783203, 'chunks processed': 15, 'storage read (B)': 29701892, 'selection 2 time (s)': 0.483814001083374}
Thread times [0.24523210525512695, 0.31443190574645996, 0.4647388458251953, 0.46868205070495605, 0.46956896781921387, 0.47114086151123047, 0.47557497024536133, 0.47356486320495605, 0.4775700569152832, 0.4833531379699707, 0.49038267135620117, 0.49296092987060547, 0.4970729351043701, 0.5091049671173096, 0.5109961032867432]
{'args': ((8, 0, slice(0, 960, None), slice(None, None, None)),), 'dataset shape': (40, 11, 1921, 2560), 'dataset chunks': (7, 1, 385, 512), 'indexing time (s)': 0.0, 'chunk number': 1650, 'reduction time (s)': 0.5147609710693359, 'chunks processed': 15, 'storage read (B)': 29701892, 'selection 2 time (s)': 0.5325291156768799}
Thread times [0.15918993949890137, 0.26363611221313477, 0.2865278720855713, 0.3878762722015381, 0.4057011604309082, 0.43965792655944824, 0.43971896171569824, 0.44111204147338867, 0.4422149658203125, 0.4490180015563965, 0.4530777931213379, 0.4777660369873047, 0.47695422172546387, 0.4828181266784668, 0.486771821975708]
{'args': ((9, 0, slice(0, 960, None), slice(None, None, None)),), 'dataset shape': (40, 11, 1921, 2560), 'dataset chunks': (7, 1, 385, 512), 'indexing time (s)': 1.9073486328125e-06, 'chunk number': 1650, 'reduction time (s)': 0.493114709854126, 'chunks processed': 15, 'storage read (B)': 29701892, 'selection 2 time (s)': 0.5100171566009521}
Thread times [0.43583011627197266, 0.4734017848968506, 0.5766830444335938, 0.5798616409301758, 0.5843799114227295, 0.6027309894561768, 0.6010148525238037, 0.6031460762023926, 0.6050982475280762, 0.6085660457611084, 0.6073737144470215, 0.6108217239379883, 0.6150693893432617, 0.6231968402862549, 0.6245119571685791]
{'args': ((10, 0, slice(0, 960, None), slice(None, None, None)),), 'dataset shape': (40, 11, 1921, 2560), 'dataset chunks': (7, 1, 385, 512), 'indexing time (s)': 1.1920928955078125e-06, 'chunk number': 1650, 'reduction time (s)': 0.630455732345581, 'chunks processed': 15, 'storage read (B)': 29701892, 'selection 2 time (s)': 0.6452181339263916}
Thread times [0.34841275215148926, 0.4309730529785156, 0.5623779296875, 0.5685341358184814, 0.5687360763549805, 0.5854232311248779, 0.5854530334472656, 0.5855870246887207, 0.5918483734130859, 0.597203254699707, 0.5994229316711426, 0.6049027442932129, 0.6058838367462158, 0.6067221164703369, 0.6323070526123047]
{'args': ((11, 0, slice(0, 960, None), slice(None, None, None)),), 'dataset shape': (40, 11, 1921, 2560), 'dataset chunks': (7, 1, 385, 512), 'indexing time (s)': 1.1920928955078125e-06, 'chunk number': 1650, 'reduction time (s)': 0.6380701065063477, 'chunks processed': 15, 'storage read (B)': 29701892, 'selection 2 time (s)': 0.6528711318969727}
Thread times [0.2965962886810303, 0.30867886543273926, 0.4528160095214844, 0.45301008224487305, 0.45426511764526367, 0.475017786026001, 0.47731685638427734, 0.4791741371154785, 0.47874975204467773, 0.4823181629180908, 0.4839189052581787, 0.4874861240386963, 0.48892688751220703, 0.4947230815887451, 0.4962649345397949]
{'args': ((12, 0, slice(0, 960, None), slice(None, None, None)),), 'dataset shape': (40, 11, 1921, 2560), 'dataset chunks': (7, 1, 385, 512), 'indexing time (s)': 2.1457672119140625e-06, 'chunk number': 1650, 'reduction time (s)': 0.5014419555664062, 'chunks processed': 15, 'storage read (B)': 29701892, 'selection 2 time (s)': 0.516477108001709}
Thread times [0.50478196144104, 0.5510599613189697, 0.895348072052002, 0.895348072052002, 0.897409200668335, 0.8999447822570801, 0.9166178703308105, 0.9136450290679932, 0.9222121238708496, 0.9241557121276855, 0.9253559112548828, 0.9336459636688232, 0.9330577850341797, 0.9341030120849609, 0.9976999759674072]
{'args': ((13, 0, slice(0, 960, None), slice(None, None, None)),), 'dataset shape': (40, 11, 1921, 2560), 'dataset chunks': (7, 1, 385, 512), 'indexing time (s)': 1.9073486328125e-06, 'chunk number': 1650, 'reduction time (s)': 1.0051648616790771, 'chunks processed': 15, 'storage read (B)': 29701892, 'selection 2 time (s)': 1.0277068614959717}
Thread times [0.17169880867004395, 0.26955699920654297, 0.2706570625305176, 0.2763228416442871, 0.27778005599975586, 0.2811901569366455, 0.2829890251159668, 0.32764124870300293, 0.3763163089752197, 0.3900606632232666, 0.41369175910949707, 0.41112494468688965, 0.41356921195983887, 0.4177370071411133, 0.4321730136871338]
{'args': ((14, 0, slice(0, 960, None), slice(None, None, None)),), 'dataset shape': (40, 11, 1921, 2560), 'dataset chunks': (7, 1, 385, 512), 'indexing time (s)': 9.5367431640625e-07, 'chunk number': 1650, 'reduction time (s)': 0.4383578300476074, 'chunks processed': 15, 'storage read (B)': 29733505, 'selection 2 time (s)': 0.452075719833374}
Thread times [0.23932886123657227, 0.2396540641784668, 0.3467230796813965, 0.40839505195617676, 0.42312097549438477, 0.42401885986328125, 0.4293959140777588, 0.4483797550201416, 0.453596830368042, 0.4536619186401367, 0.45642614364624023, 0.4608891010284424, 0.462568998336792, 0.4628763198852539, 0.4670541286468506]
{'args': ((15, 0, slice(0, 960, None), slice(None, None, None)),), 'dataset shape': (40, 11, 1921, 2560), 'dataset chunks': (7, 1, 385, 512), 'indexing time (s)': 9.5367431640625e-07, 'chunk number': 1650, 'reduction time (s)': 0.4709739685058594, 'chunks processed': 15, 'storage read (B)': 29733505, 'selection 2 time (s)': 0.48052000999450684}
Thread times [0.3694581985473633, 0.5362911224365234, 0.5567691326141357, 0.5571238994598389, 0.5590531826019287, 0.5623679161071777, 0.5858449935913086, 0.5872199535369873, 0.5865120887756348, 0.5860850811004639, 0.5922179222106934, 0.5949711799621582, 0.6139941215515137, 0.6183819770812988, 0.6218681335449219]
{'args': ((16, 0, slice(0, 960, None), slice(None, None, None)),), 'dataset shape': (40, 11, 1921, 2560), 'dataset chunks': (7, 1, 385, 512), 'indexing time (s)': 1.1920928955078125e-06, 'chunk number': 1650, 'reduction time (s)': 0.6257619857788086, 'chunks processed': 15, 'storage read (B)': 29733505, 'selection 2 time (s)': 0.6416530609130859}
Thread times [0.4446890354156494, 0.5590641498565674, 0.5588679313659668, 0.5608468055725098, 0.563403844833374, 0.6181576251983643, 0.6171681880950928, 0.6233921051025391, 0.6388611793518066, 0.635383129119873, 0.6500759124755859, 0.6517539024353027, 0.6566641330718994, 0.6579439640045166, 0.6734387874603271]
{'args': ((17, 0, slice(0, 960, None), slice(None, None, None)),), 'dataset shape': (40, 11, 1921, 2560), 'dataset chunks': (7, 1, 385, 512), 'indexing time (s)': 9.5367431640625e-07, 'chunk number': 1650, 'reduction time (s)': 0.67983078956604, 'chunks processed': 15, 'storage read (B)': 29733505, 'selection 2 time (s)': 0.6925468444824219}
Thread times [0.0893850326538086, 0.5235371589660645, 0.5417647361755371, 0.5452730655670166, 0.5491509437561035, 0.5714380741119385, 0.5788209438323975, 0.5692379474639893, 0.5696530342102051, 0.5788884162902832, 0.5726461410522461, 0.5713601112365723, 0.592836856842041, 0.5959949493408203, 0.5989930629730225]
{'args': ((18, 0, slice(0, 960, None), slice(None, None, None)),), 'dataset shape': (40, 11, 1921, 2560), 'dataset chunks': (7, 1, 385, 512), 'indexing time (s)': 9.5367431640625e-07, 'chunk number': 1650, 'reduction time (s)': 0.6105620861053467, 'chunks processed': 15, 'storage read (B)': 29733505, 'selection 2 time (s)': 0.6239585876464844}
Thread times [0.16297292709350586, 0.1726231575012207, 0.19670701026916504, 0.19530224800109863, 0.36372995376586914, 0.42316412925720215, 0.44565820693969727, 0.4477653503417969, 0.44936394691467285, 0.45756006240844727, 0.4721808433532715, 0.47926807403564453, 0.4816710948944092, 0.4866659641265869, 0.4883699417114258]
{'args': ((19, 0, slice(0, 960, None), slice(None, None, None)),), 'dataset shape': (40, 11, 1921, 2560), 'dataset chunks': (7, 1, 385, 512), 'indexing time (s)': 1.1920928955078125e-06, 'chunk number': 1650, 'reduction time (s)': 0.49482178688049316, 'chunks processed': 15, 'storage read (B)': 29733505, 'selection 2 time (s)': 0.5108029842376709}
Thread times [0.2273390293121338, 0.24291110038757324, 0.2451021671295166, 0.24321579933166504, 0.3048288822174072, 0.36316490173339844, 0.3766469955444336, 0.3865656852722168, 0.4049229621887207, 0.40508222579956055, 0.41411781311035156, 0.4169180393218994, 0.42356109619140625, 0.4236741065979004, 0.4629502296447754]
{'args': ((20, 0, slice(0, 960, None), slice(None, None, None)),), 'dataset shape': (40, 11, 1921, 2560), 'dataset chunks': (7, 1, 385, 512), 'indexing time (s)': 1.1920928955078125e-06, 'chunk number': 1650, 'reduction time (s)': 0.46890902519226074, 'chunks processed': 15, 'storage read (B)': 29733505, 'selection 2 time (s)': 0.49028587341308594}
Thread times [0.26783204078674316, 0.28482484817504883, 0.47515273094177246, 0.5158698558807373, 0.5316247940063477, 0.5335850715637207, 0.5387332439422607, 0.5426528453826904, 0.5471129417419434, 0.5462698936462402, 0.5515220165252686, 0.5493221282958984, 0.5701031684875488, 0.5840981006622314, 0.5904788970947266]
{'args': ((21, 0, slice(0, 960, None), slice(None, None, None)),), 'dataset shape': (40, 11, 1921, 2560), 'dataset chunks': (7, 1, 385, 512), 'indexing time (s)': 1.9073486328125e-06, 'chunk number': 1650, 'reduction time (s)': 0.5988991260528564, 'chunks processed': 15, 'storage read (B)': 29686785, 'selection 2 time (s)': 0.6060409545898438}
Thread times [0.12984323501586914, 0.19314098358154297, 0.2543458938598633, 0.27928972244262695, 0.3001980781555176, 0.3014347553253174, 0.34171295166015625, 0.3406558036804199, 0.34522175788879395, 0.3620460033416748, 0.37940216064453125, 0.3832087516784668, 0.3854329586029053, 0.40380287170410156, 0.4416968822479248]
{'args': ((22, 0, slice(0, 960, None), slice(None, None, None)),), 'dataset shape': (40, 11, 1921, 2560), 'dataset chunks': (7, 1, 385, 512), 'indexing time (s)': 7.152557373046875e-07, 'chunk number': 1650, 'reduction time (s)': 0.44530296325683594, 'chunks processed': 15, 'storage read (B)': 29686785, 'selection 2 time (s)': 0.46376705169677734}
Thread times [0.25101399421691895, 0.26161813735961914, 0.30174803733825684, 0.32977795600891113, 0.32897210121154785, 0.33247900009155273, 0.6378099918365479, 0.633840799331665, 0.6379971504211426, 0.6370868682861328, 0.6437888145446777, 0.6495158672332764, 0.6481177806854248, 0.6508598327636719, 0.6518771648406982]
{'args': ((23, 0, slice(0, 960, None), slice(None, None, None)),), 'dataset shape': (40, 11, 1921, 2560), 'dataset chunks': (7, 1, 385, 512), 'indexing time (s)': 9.5367431640625e-07, 'chunk number': 1650, 'reduction time (s)': 0.6620931625366211, 'chunks processed': 15, 'storage read (B)': 29686785, 'selection 2 time (s)': 0.6729311943054199}
Thread times [0.16818809509277344, 0.1706840991973877, 0.21868014335632324, 0.265963077545166, 0.46105003356933594, 0.46140193939208984, 0.4665369987487793, 0.485792875289917, 0.49300193786621094, 0.4994497299194336, 0.5425629615783691, 0.5468759536743164, 0.5675888061523438, 0.5895819664001465, 0.5940341949462891]
{'args': ((24, 0, slice(0, 960, None), slice(None, None, None)),), 'dataset shape': (40, 11, 1921, 2560), 'dataset chunks': (7, 1, 385, 512), 'indexing time (s)': 9.5367431640625e-07, 'chunk number': 1650, 'reduction time (s)': 0.6009938716888428, 'chunks processed': 15, 'storage read (B)': 29686785, 'selection 2 time (s)': 0.6192729473114014}
Thread times [0.14734387397766113, 0.1785271167755127, 0.18538427352905273, 0.19122791290283203, 0.19164514541625977, 0.22179412841796875, 0.21826791763305664, 0.22305583953857422, 0.31233906745910645, 0.4633920192718506, 0.4990231990814209, 0.5767788887023926, 0.5839579105377197, 0.5855281352996826, 0.5911648273468018]
{'args': ((25, 0, slice(0, 960, None), slice(None, None, None)),), 'dataset shape': (40, 11, 1921, 2560), 'dataset chunks': (7, 1, 385, 512), 'indexing time (s)': 1.9073486328125e-06, 'chunk number': 1650, 'reduction time (s)': 0.5996472835540771, 'chunks processed': 15, 'storage read (B)': 29686785, 'selection 2 time (s)': 0.6147379875183105}
Thread times [0.13970112800598145, 0.28927111625671387, 0.3200869560241699, 0.5408940315246582, 0.6227681636810303, 0.6314139366149902, 0.6344020366668701, 0.6375291347503662, 0.6457598209381104, 0.645611047744751, 0.6511600017547607, 0.6552219390869141, 0.6606369018554688, 0.6787760257720947, 0.6895148754119873]
{'args': ((26, 0, slice(0, 960, None), slice(None, None, None)),), 'dataset shape': (40, 11, 1921, 2560), 'dataset chunks': (7, 1, 385, 512), 'indexing time (s)': 9.5367431640625e-07, 'chunk number': 1650, 'reduction time (s)': 0.6952269077301025, 'chunks processed': 15, 'storage read (B)': 29686785, 'selection 2 time (s)': 0.7123279571533203}
Thread times [0.14249300956726074, 0.2815990447998047, 0.3873457908630371, 0.41696929931640625, 0.43778181076049805, 0.47071194648742676, 0.4981839656829834, 0.49913597106933594, 0.50518798828125, 0.516660213470459, 0.5203781127929688, 0.5221543312072754, 0.526282787322998, 0.5248622894287109, 0.5389230251312256]
{'args': ((27, 0, slice(0, 960, None), slice(None, None, None)),), 'dataset shape': (40, 11, 1921, 2560), 'dataset chunks': (7, 1, 385, 512), 'indexing time (s)': 2.1457672119140625e-06, 'chunk number': 1650, 'reduction time (s)': 0.5467362403869629, 'chunks processed': 15, 'storage read (B)': 29686785, 'selection 2 time (s)': 0.5548422336578369}
Thread times [0.21918106079101562, 0.2740652561187744, 0.27717089653015137, 0.28609776496887207, 0.3012220859527588, 0.2982661724090576, 0.32087182998657227, 0.39920806884765625, 0.4226861000061035, 0.43352198600769043, 0.431682825088501, 0.43354082107543945, 0.43410706520080566, 0.4398231506347656, 0.4591329097747803]
{'args': ((28, 0, slice(0, 960, None), slice(None, None, None)),), 'dataset shape': (40, 11, 1921, 2560), 'dataset chunks': (7, 1, 385, 512), 'indexing time (s)': 9.5367431640625e-07, 'chunk number': 1650, 'reduction time (s)': 0.4661109447479248, 'chunks processed': 15, 'storage read (B)': 29670387, 'selection 2 time (s)': 0.4737858772277832}
Thread times [0.19168615341186523, 0.19552302360534668, 0.2194042205810547, 0.21912121772766113, 0.22422504425048828, 0.22204089164733887, 0.22360610961914062, 0.22863101959228516, 0.23075580596923828, 0.23571491241455078, 0.2718029022216797, 0.2733619213104248, 0.3078949451446533, 0.3117029666900635, 0.3361983299255371]
{'args': ((29, 0, slice(0, 960, None), slice(None, None, None)),), 'dataset shape': (40, 11, 1921, 2560), 'dataset chunks': (7, 1, 385, 512), 'indexing time (s)': 0.0, 'chunk number': 1650, 'reduction time (s)': 0.3409268856048584, 'chunks processed': 15, 'storage read (B)': 29670387, 'selection 2 time (s)': 0.35539793968200684}
Thread times [0.1704862117767334, 0.20162725448608398, 0.2834022045135498, 0.36402106285095215, 0.372133731842041, 0.3773617744445801, 0.3930017948150635, 0.4074831008911133, 0.4075300693511963, 0.4090571403503418, 0.4112508296966553, 0.4140291213989258, 0.42833614349365234, 0.432420015335083, 0.43434715270996094]
{'args': ((30, 0, slice(0, 960, None), slice(None, None, None)),), 'dataset shape': (40, 11, 1921, 2560), 'dataset chunks': (7, 1, 385, 512), 'indexing time (s)': 9.5367431640625e-07, 'chunk number': 1650, 'reduction time (s)': 0.4393138885498047, 'chunks processed': 15, 'storage read (B)': 29670387, 'selection 2 time (s)': 0.4497978687286377}
Thread times [0.19011998176574707, 0.19560694694519043, 0.23356127738952637, 0.2339489459991455, 0.23306798934936523, 0.23703885078430176, 0.24005484580993652, 0.37785911560058594, 0.3778810501098633, 0.37627506256103516, 0.40231823921203613, 0.41211915016174316, 0.41989803314208984, 0.4200751781463623, 0.43367910385131836]
{'args': ((31, 0, slice(0, 960, None), slice(None, None, None)),), 'dataset shape': (40, 11, 1921, 2560), 'dataset chunks': (7, 1, 385, 512), 'indexing time (s)': 9.5367431640625e-07, 'chunk number': 1650, 'reduction time (s)': 0.43897199630737305, 'chunks processed': 15, 'storage read (B)': 29670387, 'selection 2 time (s)': 0.45474696159362793}
Thread times [0.4284951686859131, 0.42873120307922363, 0.510685920715332, 0.5201089382171631, 0.5151939392089844, 0.5250039100646973, 0.52494215965271, 0.5453090667724609, 0.5447399616241455, 0.545590877532959, 0.5521259307861328, 0.5526158809661865, 0.5567290782928467, 0.5568850040435791, 0.5575339794158936]
{'args': ((32, 0, slice(0, 960, None), slice(None, None, None)),), 'dataset shape': (40, 11, 1921, 2560), 'dataset chunks': (7, 1, 385, 512), 'indexing time (s)': 2.1457672119140625e-06, 'chunk number': 1650, 'reduction time (s)': 0.5646159648895264, 'chunks processed': 15, 'storage read (B)': 29670387, 'selection 2 time (s)': 0.5758259296417236}
Thread times [0.18145298957824707, 0.18330693244934082, 0.1823267936706543, 0.2682347297668457, 0.2854487895965576, 0.36639404296875, 0.37696409225463867, 0.39423608779907227, 0.40110301971435547, 0.39950990676879883, 0.40987491607666016, 0.410783052444458, 0.41261982917785645, 0.4160139560699463, 0.43417978286743164]
{'args': ((33, 0, slice(0, 960, None), slice(None, None, None)),), 'dataset shape': (40, 11, 1921, 2560), 'dataset chunks': (7, 1, 385, 512), 'indexing time (s)': 9.5367431640625e-07, 'chunk number': 1650, 'reduction time (s)': 0.4411129951477051, 'chunks processed': 15, 'storage read (B)': 29670387, 'selection 2 time (s)': 0.4542961120605469}
Thread times [0.426206111907959, 0.42954111099243164, 0.517798900604248, 0.5211138725280762, 0.5282700061798096, 0.5398399829864502, 0.5475239753723145, 0.5457522869110107, 0.5496819019317627, 0.5494279861450195, 0.5524249076843262, 0.5563812255859375, 0.5616340637207031, 0.5623929500579834, 0.5749533176422119]
{'args': ((34, 0, slice(0, 960, None), slice(None, None, None)),), 'dataset shape': (40, 11, 1921, 2560), 'dataset chunks': (7, 1, 385, 512), 'indexing time (s)': 9.5367431640625e-07, 'chunk number': 1650, 'reduction time (s)': 0.5796010494232178, 'chunks processed': 15, 'storage read (B)': 29670387, 'selection 2 time (s)': 0.5892143249511719}
Thread times [0.11219906806945801, 0.11235213279724121, 0.13422274589538574, 0.1360948085784912, 0.13579010963439941, 0.14262104034423828, 0.16041088104248047, 0.15956997871398926, 0.16145801544189453, 0.16733193397521973, 0.18253111839294434, 0.18678665161132812, 0.191849946975708, 0.19131994247436523, 0.19411396980285645]
{'args': ((35, 0, slice(0, 960, None), slice(None, None, None)),), 'dataset shape': (40, 11, 1921, 2560), 'dataset chunks': (7, 1, 385, 512), 'indexing time (s)': 7.152557373046875e-07, 'chunk number': 1650, 'reduction time (s)': 0.20027709007263184, 'chunks processed': 15, 'storage read (B)': 21287473, 'selection 2 time (s)': 0.2161238193511963}
Thread times [0.1586160659790039, 0.16015887260437012, 0.16211199760437012, 0.16552019119262695, 0.18152499198913574, 0.18503808975219727, 0.18119406700134277, 0.18664073944091797, 0.19802498817443848, 0.22286009788513184, 0.2274150848388672, 0.23186373710632324, 0.23764896392822266, 0.24007201194763184, 0.24062204360961914]
{'args': ((36, 0, slice(0, 960, None), slice(None, None, None)),), 'dataset shape': (40, 11, 1921, 2560), 'dataset chunks': (7, 1, 385, 512), 'indexing time (s)': 2.1457672119140625e-06, 'chunk number': 1650, 'reduction time (s)': 0.2488689422607422, 'chunks processed': 15, 'storage read (B)': 21287473, 'selection 2 time (s)': 0.2648050785064697}
Thread times [0.2483658790588379, 0.31688880920410156, 0.32843589782714844, 0.3445158004760742, 0.35855603218078613, 0.35166215896606445, 0.35311317443847656, 0.35836219787597656, 0.3639400005340576, 0.36680006980895996, 0.36820077896118164, 0.369426965713501, 0.37322211265563965, 0.3787510395050049, 0.37990403175354004]
{'args': ((37, 0, slice(0, 960, None), slice(None, None, None)),), 'dataset shape': (40, 11, 1921, 2560), 'dataset chunks': (7, 1, 385, 512), 'indexing time (s)': 2.1457672119140625e-06, 'chunk number': 1650, 'reduction time (s)': 0.3858370780944824, 'chunks processed': 15, 'storage read (B)': 21287473, 'selection 2 time (s)': 0.40320301055908203}
Thread times [0.34106922149658203, 0.3563201427459717, 0.37776708602905273, 0.39147281646728516, 0.38979601860046387, 0.39751696586608887, 0.39432382583618164, 0.3934011459350586, 0.3975858688354492, 0.39737486839294434, 0.40150880813598633, 0.40264225006103516, 0.4056510925292969, 0.4089789390563965, 0.4119541645050049]
{'args': ((38, 0, slice(0, 960, None), slice(None, None, None)),), 'dataset shape': (40, 11, 1921, 2560), 'dataset chunks': (7, 1, 385, 512), 'indexing time (s)': 2.1457672119140625e-06, 'chunk number': 1650, 'reduction time (s)': 0.4174678325653076, 'chunks processed': 15, 'storage read (B)': 21287473, 'selection 2 time (s)': 0.425203800201416}
Thread times [0.31458425521850586, 0.31551599502563477, 0.3606109619140625, 0.367997407913208, 0.367523193359375, 0.3714759349822998, 0.3693678379058838, 0.37383127212524414, 0.37272095680236816, 0.3729257583618164, 0.3814218044281006, 0.3835110664367676, 0.387056827545166, 0.3909459114074707, 0.3922700881958008]
{'args': ((39, 0, slice(0, 960, None), slice(None, None, None)),), 'dataset shape': (40, 11, 1921, 2560), 'dataset chunks': (7, 1, 385, 512), 'indexing time (s)': 9.5367431640625e-07, 'chunk number': 1650, 'reduction time (s)': 0.3959500789642334, 'chunks processed': 15, 'storage read (B)': 21287473, 'selection 2 time (s)': 0.4064629077911377}
[[226.07820312]
 [226.0646875 ]
 [225.93776042]
 [225.90822917]
 [225.91739583]
 [225.88463542]
 [225.82083333]
 [225.85434896]
 [225.98346354]
 [226.03822917]
 [226.01320312]
 [226.02333333]
 [226.03765625]
 [226.00486979]
 [225.91776042]
 [225.94033854]
 [225.98729167]
 [225.91453125]
 [225.81239583]
 [225.81890625]
 [225.8453125 ]
 [225.78502604]
 [225.63645833]
 [225.5565625 ]
 [225.45747396]
 [225.32380208]
 [225.16338542]
 [225.07791667]
 [225.07846354]
 [225.10666667]
 [225.17609375]
 [225.36869792]
 [225.57927083]
 [225.69083333]
 [225.7221875 ]
 [225.82369792]
 [225.93640625]
 [225.96763021]
 [225.91872396]
 [225.92236979]]
Summary:  Uni24-np3:Active (T100,BS5): 4.4s,21.11s,45.72s
