Dataset loaded from S3 with s3fs and Pyfive: bnl/ch330a.pc19790301-def.nc (0.028,3.4)
Thread times [0.7103960514068604, 0.7624251842498779, 0.8465580940246582, 0.7671198844909668, 0.9031178951263428, 0.9929158687591553, 0.8538837432861328, 1.0236239433288574, 0.9634637832641602, 0.8498702049255371, 0.9105727672576904, 1.0024998188018799, 0.9500641822814941, 0.8085329532623291, 0.910614013671875]
{'load nc time': 3.9966351985931396, 'args': ((0, 0, slice(0, 960, None), slice(None, None, None)),), 'dataset shape': (40, 11, 1921, 2560), 'dataset chunks': (7, 1, 385, 512), 'indexing time (s)': 19.07056188583374, 'chunk number': 1650, 'reduction time (s)': 13.257156133651733, 'chunks processed': 15, 'storage read (B)': 29685482, 'selection 1 time (s)': 32.32782793045044}
Thread times [0.7166359424591064, 0.7272801399230957, 0.7878148555755615, 0.7410070896148682, 0.7142961025238037, 1.0610902309417725, 0.8991639614105225, 0.890326738357544, 0.9125950336456299, 0.9507830142974854, 0.9656059741973877, 1.0238029956817627, 0.8692941665649414, 0.9110739231109619, 0.8503611087799072]
{'args': ((1, 0, slice(0, 960, None), slice(None, None, None)),), 'dataset shape': (40, 11, 1921, 2560), 'dataset chunks': (7, 1, 385, 512), 'indexing time (s)': 2.1457672119140625e-06, 'chunk number': 1650, 'reduction time (s)': 13.022278785705566, 'chunks processed': 15, 'storage read (B)': 29685482, 'selection 1 time (s)': 13.02242112159729}
Thread times [0.6904561519622803, 0.7154908180236816, 0.8716096878051758, 0.8044118881225586, 0.7729532718658447, 1.0382390022277832, 0.9990799427032471, 0.966177225112915, 1.0371220111846924, 0.8756370544433594, 0.8020238876342773, 0.911653995513916, 0.8917109966278076, 0.8046629428863525, 0.8159670829772949]
{'args': ((2, 0, slice(0, 960, None), slice(None, None, None)),), 'dataset shape': (40, 11, 1921, 2560), 'dataset chunks': (7, 1, 385, 512), 'indexing time (s)': 9.5367431640625e-07, 'chunk number': 1650, 'reduction time (s)': 12.998247146606445, 'chunks processed': 15, 'storage read (B)': 29685482, 'selection 1 time (s)': 12.998363018035889}
Thread times [0.6723968982696533, 0.7190830707550049, 0.7907469272613525, 0.6773450374603271, 0.7283568382263184, 0.8793599605560303, 0.7548139095306396, 0.801069974899292, 0.81764817237854, 0.8151030540466309, 0.7910079956054688, 1.0268809795379639, 1.086338996887207, 0.8806588649749756, 0.8984940052032471]
{'args': ((3, 0, slice(0, 960, None), slice(None, None, None)),), 'dataset shape': (40, 11, 1921, 2560), 'dataset chunks': (7, 1, 385, 512), 'indexing time (s)': 1.1920928955078125e-06, 'chunk number': 1650, 'reduction time (s)': 12.34057092666626, 'chunks processed': 15, 'storage read (B)': 29685482, 'selection 1 time (s)': 12.340723037719727}
Thread times [0.747380256652832, 0.6419408321380615, 0.8408191204071045, 0.658656120300293, 0.6542940139770508, 0.8448238372802734, 0.8066740036010742, 0.8041620254516602, 0.8052098751068115, 0.8735971450805664, 0.8703076839447021, 0.899155855178833, 0.8222160339355469, 0.7774739265441895, 0.827735185623169]
{'args': ((4, 0, slice(0, 960, None), slice(None, None, None)),), 'dataset shape': (40, 11, 1921, 2560), 'dataset chunks': (7, 1, 385, 512), 'indexing time (s)': 2.1457672119140625e-06, 'chunk number': 1650, 'reduction time (s)': 11.875266075134277, 'chunks processed': 15, 'storage read (B)': 29685482, 'selection 1 time (s)': 11.875510931015015}
Thread times [0.7040998935699463, 0.68241286277771, 0.847416877746582, 0.7075488567352295, 0.8316380977630615, 0.8910970687866211, 0.7235798835754395, 0.935877799987793, 0.8786330223083496, 0.8577778339385986, 0.8534071445465088, 0.8433558940887451, 0.9384360313415527, 0.8570201396942139, 0.8782379627227783]
{'args': ((5, 0, slice(0, 960, None), slice(None, None, None)),), 'dataset shape': (40, 11, 1921, 2560), 'dataset chunks': (7, 1, 385, 512), 'indexing time (s)': 1.9073486328125e-06, 'chunk number': 1650, 'reduction time (s)': 12.431334972381592, 'chunks processed': 15, 'storage read (B)': 29685482, 'selection 1 time (s)': 12.431457042694092}
Thread times [0.6472761631011963, 0.6758668422698975, 0.7358558177947998, 0.7163558006286621, 0.7123961448669434, 0.9823570251464844, 0.8292648792266846, 0.8412439823150635, 0.9147629737854004, 0.8609650135040283, 1.069606065750122, 1.0485291481018066, 0.9165339469909668, 0.7735428810119629, 0.8331661224365234]
{'args': ((6, 0, slice(0, 960, None), slice(None, None, None)),), 'dataset shape': (40, 11, 1921, 2560), 'dataset chunks': (7, 1, 385, 512), 'indexing time (s)': 1.1920928955078125e-06, 'chunk number': 1650, 'reduction time (s)': 12.559493780136108, 'chunks processed': 15, 'storage read (B)': 29685482, 'selection 1 time (s)': 12.559627056121826}
Thread times [0.6917362213134766, 0.6566598415374756, 0.6518411636352539, 0.7871029376983643, 0.7539830207824707, 0.8378989696502686, 0.8845617771148682, 0.9683518409729004, 0.02473616600036621, 0.021579742431640625, 0.8431200981140137, 0.750424861907959, 0.9172332286834717, 0.9380428791046143, 0.8893308639526367]
{'args': ((7, 0, slice(0, 960, None), slice(None, None, None)),), 'dataset shape': (40, 11, 1921, 2560), 'dataset chunks': (7, 1, 385, 512), 'indexing time (s)': 1.9073486328125e-06, 'chunk number': 1650, 'reduction time (s)': 10.617738008499146, 'chunks processed': 15, 'storage read (B)': 29701892, 'selection 1 time (s)': 10.617924213409424}
Thread times [0.7709660530090332, 0.8203787803649902, 0.8060929775238037, 0.8581581115722656, 0.8106508255004883, 0.8695049285888672, 0.9858701229095459, 1.007498025894165, 0.025674104690551758, 0.020378828048706055, 0.8999109268188477, 0.9000473022460938, 0.9236271381378174, 0.8222577571868896, 0.8652660846710205]
{'args': ((8, 0, slice(0, 960, None), slice(None, None, None)),), 'dataset shape': (40, 11, 1921, 2560), 'dataset chunks': (7, 1, 385, 512), 'indexing time (s)': 9.5367431640625e-07, 'chunk number': 1650, 'reduction time (s)': 11.387309074401855, 'chunks processed': 15, 'storage read (B)': 29701892, 'selection 1 time (s)': 11.387426137924194}
Thread times [0.8394970893859863, 0.7556891441345215, 0.8596758842468262, 0.84670090675354, 0.8631341457366943, 0.8735740184783936, 0.8238101005554199, 1.0015881061553955, 0.024900197982788086, 0.019315004348754883, 0.8538050651550293, 0.8762550354003906, 0.8699069023132324, 0.832909107208252, 0.926811933517456]
{'args': ((9, 0, slice(0, 960, None), slice(None, None, None)),), 'dataset shape': (40, 11, 1921, 2560), 'dataset chunks': (7, 1, 385, 512), 'indexing time (s)': 2.1457672119140625e-06, 'chunk number': 1650, 'reduction time (s)': 11.268561124801636, 'chunks processed': 15, 'storage read (B)': 29701892, 'selection 1 time (s)': 11.268732070922852}
Thread times [0.7542998790740967, 0.7943239212036133, 0.7611351013183594, 0.8964171409606934, 0.8645219802856445, 0.8804631233215332, 0.7993690967559814, 0.9228341579437256, 0.025623083114624023, 0.019595623016357422, 0.8623301982879639, 0.915773868560791, 0.9204270839691162, 0.8743031024932861, 0.8116836547851562]
{'args': ((10, 0, slice(0, 960, None), slice(None, None, None)),), 'dataset shape': (40, 11, 1921, 2560), 'dataset chunks': (7, 1, 385, 512), 'indexing time (s)': 1.1920928955078125e-06, 'chunk number': 1650, 'reduction time (s)': 11.104075908660889, 'chunks processed': 15, 'storage read (B)': 29701892, 'selection 1 time (s)': 11.104186058044434}
Thread times [0.7007601261138916, 0.6123900413513184, 0.7811999320983887, 0.8106780052185059, 0.7741279602050781, 0.8293581008911133, 0.8688199520111084, 0.8601391315460205, 0.024263858795166016, 0.019385099411010742, 0.7546570301055908, 0.8013460636138916, 0.81632399559021, 0.81557297706604, 0.7674360275268555]
{'args': ((11, 0, slice(0, 960, None), slice(None, None, None)),), 'dataset shape': (40, 11, 1921, 2560), 'dataset chunks': (7, 1, 385, 512), 'indexing time (s)': 9.5367431640625e-07, 'chunk number': 1650, 'reduction time (s)': 10.237526893615723, 'chunks processed': 15, 'storage read (B)': 29701892, 'selection 1 time (s)': 10.237673997879028}
Thread times [0.60664963722229, 0.5896389484405518, 0.8022539615631104, 0.7696402072906494, 0.7817091941833496, 0.8269810676574707, 0.8700051307678223, 0.9169769287109375, 0.022430896759033203, 0.018568992614746094, 0.7394008636474609, 0.8307960033416748, 0.9969890117645264, 0.8341422080993652, 0.8795640468597412]
{'args': ((12, 0, slice(0, 960, None), slice(None, None, None)),), 'dataset shape': (40, 11, 1921, 2560), 'dataset chunks': (7, 1, 385, 512), 'indexing time (s)': 9.5367431640625e-07, 'chunk number': 1650, 'reduction time (s)': 10.486951112747192, 'chunks processed': 15, 'storage read (B)': 29701892, 'selection 1 time (s)': 10.487090826034546}
Thread times [0.7088119983673096, 0.7626469135284424, 0.8478913307189941, 0.9676930904388428, 0.8195898532867432, 0.8486268520355225, 0.7751328945159912, 0.8366298675537109, 0.024173974990844727, 0.01902604103088379, 0.946519136428833, 0.8358967304229736, 0.9407010078430176, 0.9151170253753662, 0.8659689426422119]
{'args': ((13, 0, slice(0, 960, None), slice(None, None, None)),), 'dataset shape': (40, 11, 1921, 2560), 'dataset chunks': (7, 1, 385, 512), 'indexing time (s)': 1.1920928955078125e-06, 'chunk number': 1650, 'reduction time (s)': 11.115426063537598, 'chunks processed': 15, 'storage read (B)': 29701892, 'selection 1 time (s)': 11.11559510231018}
Thread times [0.6741840839385986, 0.7550029754638672, 0.6977601051330566, 0.7463388442993164, 0.7356319427490234, 0.914222002029419, 0.840472936630249, 0.9396982192993164, 0.022511959075927734, 1.1164238452911377, 0.9898769855499268, 0.9638569355010986, 0.8844070434570312, 0.764279842376709, 0.9534480571746826]
{'args': ((14, 0, slice(0, 960, None), slice(None, None, None)),), 'dataset shape': (40, 11, 1921, 2560), 'dataset chunks': (7, 1, 385, 512), 'indexing time (s)': 1.6689300537109375e-06, 'chunk number': 1650, 'reduction time (s)': 11.999141216278076, 'chunks processed': 15, 'storage read (B)': 29733505, 'selection 1 time (s)': 11.999297142028809}
Thread times [0.7934000492095947, 0.8966948986053467, 0.8211710453033447, 0.7757217884063721, 0.9640660285949707, 1.129431962966919, 0.9038803577423096, 0.8539538383483887, 0.02595996856689453, 0.8928189277648926, 0.9179060459136963, 1.2022781372070312, 1.314925193786621, 0.8346748352050781, 1.0058910846710205]
{'args': ((15, 0, slice(0, 960, None), slice(None, None, None)),), 'dataset shape': (40, 11, 1921, 2560), 'dataset chunks': (7, 1, 385, 512), 'indexing time (s)': 1.1920928955078125e-06, 'chunk number': 1650, 'reduction time (s)': 13.33392596244812, 'chunks processed': 15, 'storage read (B)': 29733505, 'selection 1 time (s)': 13.33406686782837}
Thread times [0.736720085144043, 0.7203879356384277, 0.6876661777496338, 0.7849588394165039, 0.7106668949127197, 0.7802469730377197, 0.8056337833404541, 0.9014241695404053, 0.02291703224182129, 0.9859797954559326, 0.8492040634155273, 1.0000767707824707, 0.8822460174560547, 0.9813201427459717, 0.7944178581237793]
{'args': ((16, 0, slice(0, 960, None), slice(None, None, None)),), 'dataset shape': (40, 11, 1921, 2560), 'dataset chunks': (7, 1, 385, 512), 'indexing time (s)': 2.1457672119140625e-06, 'chunk number': 1650, 'reduction time (s)': 11.645056962966919, 'chunks processed': 15, 'storage read (B)': 29733505, 'selection 1 time (s)': 11.645248174667358}
Thread times [0.6279749870300293, 0.6982011795043945, 0.7560939788818359, 0.7695190906524658, 0.7359318733215332, 0.8781139850616455, 1.2884559631347656, 1.5384352207183838, 0.028445959091186523, 1.7809321880340576, 1.5886657238006592, 1.616447925567627, 1.3016159534454346, 1.1057846546173096, 1.4394619464874268]
{'args': ((17, 0, slice(0, 960, None), slice(None, None, None)),), 'dataset shape': (40, 11, 1921, 2560), 'dataset chunks': (7, 1, 385, 512), 'indexing time (s)': 1.9073486328125e-06, 'chunk number': 1650, 'reduction time (s)': 16.155229091644287, 'chunks processed': 15, 'storage read (B)': 29733505, 'selection 1 time (s)': 16.155407190322876}
Thread times [1.1414880752563477, 1.2595388889312744, 1.0747241973876953, 0.9996359348297119, 0.8898229598999023, 0.9855010509490967, 1.0282249450683594, 0.9997460842132568, 0.02231597900390625, 1.0207068920135498, 1.0761940479278564, 1.1444580554962158, 1.0727109909057617, 1.0034289360046387, 1.1368391513824463]
{'args': ((18, 0, slice(0, 960, None), slice(None, None, None)),), 'dataset shape': (40, 11, 1921, 2560), 'dataset chunks': (7, 1, 385, 512), 'indexing time (s)': 1.1920928955078125e-06, 'chunk number': 1650, 'reduction time (s)': 14.856333017349243, 'chunks processed': 15, 'storage read (B)': 29733505, 'selection 1 time (s)': 14.856466293334961}
Thread times [0.9659309387207031, 0.8618519306182861, 0.7566208839416504, 1.4487826824188232, 1.1798901557922363, 1.2044918537139893, 1.1057379245758057, 1.065727949142456, 0.024693965911865234, 0.9728431701660156, 0.8792498111724854, 1.1891310214996338, 0.8927648067474365, 0.8827197551727295, 1.5855591297149658]
{'args': ((19, 0, slice(0, 960, None), slice(None, None, None)),), 'dataset shape': (40, 11, 1921, 2560), 'dataset chunks': (7, 1, 385, 512), 'indexing time (s)': 1.6689300537109375e-06, 'chunk number': 1650, 'reduction time (s)': 15.017004013061523, 'chunks processed': 15, 'storage read (B)': 29733505, 'selection 1 time (s)': 15.017132997512817}
Thread times [1.3570139408111572, 1.1104240417480469, 0.8626811504364014, 0.8613829612731934, 1.3903379440307617, 1.309973955154419, 1.2636010646820068, 1.1947636604309082, 0.02493119239807129, 1.244894027709961, 1.0509240627288818, 1.082306146621704, 1.4149580001831055, 1.4394879341125488, 1.3524448871612549]
{'args': ((20, 0, slice(0, 960, None), slice(None, None, None)),), 'dataset shape': (40, 11, 1921, 2560), 'dataset chunks': (7, 1, 385, 512), 'indexing time (s)': 7.152557373046875e-07, 'chunk number': 1650, 'reduction time (s)': 16.96134614944458, 'chunks processed': 15, 'storage read (B)': 29733505, 'selection 1 time (s)': 16.961512804031372}
Thread times [0.9798641204833984, 0.8527441024780273, 1.2377440929412842, 0.021585941314697266, 0.0178220272064209, 1.3482799530029297, 1.0882349014282227, 1.0813229084014893, 1.1185128688812256, 1.1312198638916016, 1.4570717811584473, 1.1134989261627197, 1.5131402015686035, 1.412046194076538, 0.02388596534729004]
{'args': ((21, 0, slice(0, 960, None), slice(None, None, None)),), 'dataset shape': (40, 11, 1921, 2560), 'dataset chunks': (7, 1, 385, 512), 'indexing time (s)': 1.9073486328125e-06, 'chunk number': 1650, 'reduction time (s)': 14.397967100143433, 'chunks processed': 15, 'storage read (B)': 29686785, 'selection 1 time (s)': 14.39813494682312}
Thread times [1.0810480117797852, 1.0195503234863281, 1.1971619129180908, 0.02290797233581543, 0.01799607276916504, 1.0899429321289062, 1.2473950386047363, 1.3511290550231934, 0.9442262649536133, 0.9829611778259277, 1.0036752223968506, 1.0713307857513428, 1.447843074798584, 1.3813161849975586, 0.024415969848632812]
{'args': ((22, 0, slice(0, 960, None), slice(None, None, None)),), 'dataset shape': (40, 11, 1921, 2560), 'dataset chunks': (7, 1, 385, 512), 'indexing time (s)': 9.5367431640625e-07, 'chunk number': 1650, 'reduction time (s)': 13.8838369846344, 'chunks processed': 15, 'storage read (B)': 29686785, 'selection 1 time (s)': 13.883949995040894}
Thread times [0.8293788433074951, 1.0033600330352783, 1.0914649963378906, 0.025051116943359375, 0.01931619644165039, 1.5431270599365234, 1.5095758438110352, 1.1300506591796875, 0.9422359466552734, 1.060150146484375, 1.2256362438201904, 1.1507573127746582, 1.187973976135254, 1.0941009521484375, 0.022343873977661133]
{'args': ((23, 0, slice(0, 960, None), slice(None, None, None)),), 'dataset shape': (40, 11, 1921, 2560), 'dataset chunks': (7, 1, 385, 512), 'indexing time (s)': 9.5367431640625e-07, 'chunk number': 1650, 'reduction time (s)': 13.835477113723755, 'chunks processed': 15, 'storage read (B)': 29686785, 'selection 1 time (s)': 13.83557391166687}
Thread times [0.9778716564178467, 0.784074068069458, 0.946138858795166, 0.020911216735839844, 0.01776719093322754, 1.2009222507476807, 1.251028060913086, 1.1563410758972168, 1.1898300647735596, 1.3404889106750488, 0.9957489967346191, 0.8775010108947754, 1.5401699542999268, 1.0444941520690918, 0.023493051528930664]
{'args': ((24, 0, slice(0, 960, None), slice(None, None, None)),), 'dataset shape': (40, 11, 1921, 2560), 'dataset chunks': (7, 1, 385, 512), 'indexing time (s)': 1.1920928955078125e-06, 'chunk number': 1650, 'reduction time (s)': 13.368606090545654, 'chunks processed': 15, 'storage read (B)': 29686785, 'selection 1 time (s)': 13.368721961975098}
Thread times [0.805438756942749, 0.688345193862915, 0.8986771106719971, 0.024113893508911133, 0.01876997947692871, 1.4620938301086426, 1.0782866477966309, 1.0744121074676514, 0.8426201343536377, 0.9703848361968994, 0.9455959796905518, 1.8834779262542725, 1.3356409072875977, 1.1406829357147217, 0.01873493194580078]
{'args': ((25, 0, slice(0, 960, None), slice(None, None, None)),), 'dataset shape': (40, 11, 1921, 2560), 'dataset chunks': (7, 1, 385, 512), 'indexing time (s)': 9.5367431640625e-07, 'chunk number': 1650, 'reduction time (s)': 13.18820309638977, 'chunks processed': 15, 'storage read (B)': 29686785, 'selection 1 time (s)': 13.18830394744873}
Thread times [1.2574331760406494, 1.0759570598602295, 1.0679888725280762, 0.02283310890197754, 0.018145084381103516, 1.3843910694122314, 1.3541882038116455, 1.1630301475524902, 1.318066120147705, 1.272895097732544, 0.9084157943725586, 1.0777091979980469, 1.4027609825134277, 1.4572088718414307, 0.018641948699951172]
{'args': ((26, 0, slice(0, 960, None), slice(None, None, None)),), 'dataset shape': (40, 11, 1921, 2560), 'dataset chunks': (7, 1, 385, 512), 'indexing time (s)': 2.1457672119140625e-06, 'chunk number': 1650, 'reduction time (s)': 14.800616025924683, 'chunks processed': 15, 'storage read (B)': 29686785, 'selection 1 time (s)': 14.800719976425171}
Thread times [1.0803349018096924, 0.830327033996582, 0.9208540916442871, 0.022034883499145508, 0.01770925521850586, 1.0562629699707031, 0.9466769695281982, 0.969228982925415, 0.8430521488189697, 1.5427687168121338, 1.1063599586486816, 0.9619269371032715, 1.4124579429626465, 1.5283188819885254, 0.025564193725585938]
{'args': ((27, 0, slice(0, 960, None), slice(None, None, None)),), 'dataset shape': (40, 11, 1921, 2560), 'dataset chunks': (7, 1, 385, 512), 'indexing time (s)': 9.5367431640625e-07, 'chunk number': 1650, 'reduction time (s)': 13.264823198318481, 'chunks processed': 15, 'storage read (B)': 29686785, 'selection 1 time (s)': 13.264942169189453}
Thread times [0.9026517868041992, 1.050386905670166, 1.2631080150604248, 0.9321327209472656, 0.8182220458984375, 1.411074161529541, 0.024585962295532227, 1.4115986824035645, 0.02474808692932129, 1.287736177444458, 1.06666898727417, 1.0608069896697998, 1.020273208618164, 0.923651933670044, 1.0472087860107422]
{'args': ((28, 0, slice(0, 960, None), slice(None, None, None)),), 'dataset shape': (40, 11, 1921, 2560), 'dataset chunks': (7, 1, 385, 512), 'indexing time (s)': 1.9073486328125e-06, 'chunk number': 1650, 'reduction time (s)': 14.245898962020874, 'chunks processed': 15, 'storage read (B)': 29670387, 'selection 1 time (s)': 14.246031999588013}
Thread times [0.8140261173248291, 0.9078731536865234, 1.2663569450378418, 1.0696382522583008, 1.149693250656128, 1.242750883102417, 0.026664018630981445, 0.9662010669708252, 0.017535924911499023, 0.9917910099029541, 1.0468840599060059, 1.6001911163330078, 1.1349127292633057, 1.024980068206787, 1.2416927814483643]
{'args': ((29, 0, slice(0, 960, None), slice(None, None, None)),), 'dataset shape': (40, 11, 1921, 2560), 'dataset chunks': (7, 1, 385, 512), 'indexing time (s)': 1.9073486328125e-06, 'chunk number': 1650, 'reduction time (s)': 14.502376079559326, 'chunks processed': 15, 'storage read (B)': 29670387, 'selection 1 time (s)': 14.502541065216064}
Thread times [0.8199901580810547, 0.8316490650177002, 0.8965749740600586, 1.0207459926605225, 1.3044559955596924, 1.136470079421997, 0.02501201629638672, 1.0840680599212646, 0.02490377426147461, 1.039745807647705, 1.0285251140594482, 1.0136990547180176, 1.033168077468872, 1.0446009635925293, 1.0404038429260254]
{'args': ((30, 0, slice(0, 960, None), slice(None, None, None)),), 'dataset shape': (40, 11, 1921, 2560), 'dataset chunks': (7, 1, 385, 512), 'indexing time (s)': 9.5367431640625e-07, 'chunk number': 1650, 'reduction time (s)': 13.345112085342407, 'chunks processed': 15, 'storage read (B)': 29670387, 'selection 1 time (s)': 13.34529995918274}
Thread times [1.0863590240478516, 0.9418046474456787, 1.0759258270263672, 1.0056500434875488, 0.904914140701294, 1.014373779296875, 0.02507495880126953, 1.1527791023254395, 0.023561954498291016, 1.0306599140167236, 1.5118460655212402, 1.4520466327667236, 1.1159908771514893, 1.3691728115081787, 1.2217650413513184]
{'args': ((31, 0, slice(0, 960, None), slice(None, None, None)),), 'dataset shape': (40, 11, 1921, 2560), 'dataset chunks': (7, 1, 385, 512), 'indexing time (s)': 9.5367431640625e-07, 'chunk number': 1650, 'reduction time (s)': 14.933028936386108, 'chunks processed': 15, 'storage read (B)': 29670387, 'selection 1 time (s)': 14.933171033859253}
Thread times [0.8874828815460205, 0.8572900295257568, 0.9945671558380127, 0.9679248332977295, 1.0364758968353271, 1.7390930652618408, 0.017750024795532227, 1.4843828678131104, 0.022769927978515625, 1.442427158355713, 1.0809190273284912, 1.4985530376434326, 1.2269809246063232, 1.128417730331421, 1.0650250911712646]
{'args': ((32, 0, slice(0, 960, None), slice(None, None, None)),), 'dataset shape': (40, 11, 1921, 2560), 'dataset chunks': (7, 1, 385, 512), 'indexing time (s)': 9.5367431640625e-07, 'chunk number': 1650, 'reduction time (s)': 15.451038837432861, 'chunks processed': 15, 'storage read (B)': 29670387, 'selection 1 time (s)': 15.451143026351929}
Thread times [1.0007140636444092, 1.8923029899597168, 1.8045339584350586, 1.0383081436157227, 0.997934103012085, 1.0340616703033447, 0.022812843322753906, 1.6451539993286133, 0.01765918731689453, 1.499068260192871, 1.2309699058532715, 1.3164646625518799, 0.9963812828063965, 0.9820222854614258, 1.0108590126037598]
{'args': ((33, 0, slice(0, 960, None), slice(None, None, None)),), 'dataset shape': (40, 11, 1921, 2560), 'dataset chunks': (7, 1, 385, 512), 'indexing time (s)': 1.9073486328125e-06, 'chunk number': 1650, 'reduction time (s)': 16.490264654159546, 'chunks processed': 15, 'storage read (B)': 29670387, 'selection 1 time (s)': 16.49042320251465}
Thread times [0.7735660076141357, 0.8698089122772217, 1.6964201927185059, 1.0458459854125977, 0.9446811676025391, 0.9742929935455322, 0.021916866302490234, 1.3774042129516602, 0.018671274185180664, 1.305272102355957, 1.0345940589904785, 1.210942029953003, 1.376716136932373, 1.3169989585876465, 1.081239938735962]
{'args': ((34, 0, slice(0, 960, None), slice(None, None, None)),), 'dataset shape': (40, 11, 1921, 2560), 'dataset chunks': (7, 1, 385, 512), 'indexing time (s)': 9.5367431640625e-07, 'chunk number': 1650, 'reduction time (s)': 15.049261093139648, 'chunks processed': 15, 'storage read (B)': 29670387, 'selection 1 time (s)': 15.049395084381104}
Thread times [0.753842830657959, 0.7252280712127686, 1.1220769882202148, 1.016143798828125, 1.2786529064178467, 1.249478816986084, 1.1652390956878662, 0.9055790901184082, 1.041269063949585, 1.4730257987976074, 0.9953069686889648, 1.0399789810180664, 1.1185500621795654, 1.189328908920288, 1.1893932819366455]
{'args': ((35, 0, slice(0, 960, None), slice(None, None, None)),), 'dataset shape': (40, 11, 1921, 2560), 'dataset chunks': (7, 1, 385, 512), 'indexing time (s)': 1.1920928955078125e-06, 'chunk number': 1650, 'reduction time (s)': 16.264572858810425, 'chunks processed': 15, 'storage read (B)': 21287473, 'selection 1 time (s)': 16.264739990234375}
Thread times [1.3267090320587158, 0.967278003692627, 1.0652778148651123, 1.1204359531402588, 1.1556119918823242, 1.301811933517456, 1.084223985671997, 1.2751948833465576, 1.9100620746612549, 1.8533000946044922, 1.4337379932403564, 1.3946878910064697, 1.0386059284210205, 1.0562281608581543, 1.1794800758361816]
{'args': ((36, 0, slice(0, 960, None), slice(None, None, None)),), 'dataset shape': (40, 11, 1921, 2560), 'dataset chunks': (7, 1, 385, 512), 'indexing time (s)': 2.1457672119140625e-06, 'chunk number': 1650, 'reduction time (s)': 19.1650288105011, 'chunks processed': 15, 'storage read (B)': 21287473, 'selection 1 time (s)': 19.165317058563232}
Thread times [0.8795273303985596, 0.7048859596252441, 0.889117956161499, 1.6464300155639648, 1.1335387229919434, 1.4823129177093506, 1.1260910034179688, 1.7299039363861084, 1.420889139175415, 1.1684117317199707, 0.9702408313751221, 1.0513579845428467, 1.0160231590270996, 0.9320521354675293, 0.7660081386566162]
{'args': ((37, 0, slice(0, 960, None), slice(None, None, None)),), 'dataset shape': (40, 11, 1921, 2560), 'dataset chunks': (7, 1, 385, 512), 'indexing time (s)': 9.5367431640625e-07, 'chunk number': 1650, 'reduction time (s)': 16.917768955230713, 'chunks processed': 15, 'storage read (B)': 21287473, 'selection 1 time (s)': 16.91793704032898}
Thread times [1.134666919708252, 0.7643792629241943, 1.1865859031677246, 1.0193140506744385, 0.9732980728149414, 0.9276831150054932, 1.0711917877197266, 1.2635531425476074, 1.3607361316680908, 1.2225830554962158, 1.056839942932129, 1.4268081188201904, 1.3057489395141602, 1.2427787780761719, 0.9001522064208984]
{'args': ((38, 0, slice(0, 960, None), slice(None, None, None)),), 'dataset shape': (40, 11, 1921, 2560), 'dataset chunks': (7, 1, 385, 512), 'indexing time (s)': 0.0, 'chunk number': 1650, 'reduction time (s)': 16.85728096961975, 'chunks processed': 15, 'storage read (B)': 21287473, 'selection 1 time (s)': 16.85737919807434}
Thread times [0.9363961219787598, 1.0855379104614258, 1.1147358417510986, 0.9042198657989502, 1.092602014541626, 1.027872085571289, 1.0178327560424805, 0.94095778465271, 0.9631459712982178, 0.9604051113128662, 1.0828821659088135, 0.9631249904632568, 1.0401999950408936, 0.9256381988525391, 1.0242691040039062]
{'args': ((39, 0, slice(0, 960, None), slice(None, None, None)),), 'dataset shape': (40, 11, 1921, 2560), 'dataset chunks': (7, 1, 385, 512), 'indexing time (s)': 9.5367431640625e-07, 'chunk number': 1650, 'reduction time (s)': 15.080786228179932, 'chunks processed': 15, 'storage read (B)': 21287473, 'selection 1 time (s)': 15.080900192260742}
[[226.07817708]
 [226.06473958]
 [225.93765625]
 [225.90807292]
 [225.91734375]
 [225.88453125]
 [225.82075521]
 [225.85440104]
 [225.98328125]
 [226.03804687]
 [226.01315104]
 [226.02330729]
 [226.03770833]
 [226.00476563]
 [225.91765625]
 [225.94036458]
 [225.98721354]
 [225.9146875 ]
 [225.81242188]
 [225.81869792]
 [225.84526042]
 [225.78497396]
 [225.63651042]
 [225.55651042]
 [225.45734375]
 [225.32369792]
 [225.16325521]
 [225.07794271]
 [225.07846354]
 [225.10664063]
 [225.17609375]
 [225.36880208]
 [225.57911458]
 [225.69080729]
 [225.72229167]
 [225.82367188]
 [225.93658854]
 [225.96765625]
 [225.91861979]
 [225.9225    ]]
Summary:  Uni24-np3:Local (T1,BS5): 4.0s,549.7s,572.8s
