Dataset loaded from S3 with s3fs and Pyfive: bnl/ch330a.pc19790301-def.nc (0.054,3.9)
Thread times [0.20440411567687988, 0.23319125175476074, 0.26834797859191895, 0.2705962657928467, 0.33368921279907227, 0.3450748920440674, 0.3440549373626709, 0.350740909576416, 0.34912109375, 0.3449978828430176, 0.3639380931854248, 0.4610908031463623, 0.49303197860717773, 0.5441892147064209, 0.5872347354888916]
{'load nc time': 4.635565757751465, 'args': ((0, 0, slice(0, 960, None), slice(None, None, None)),), 'dataset shape': (40, 11, 1921, 2560), 'dataset chunks': (7, 1, 385, 512), 'indexing time (s)': 19.8189640045166, 'chunk number': 1650, 'reduction time (s)': 0.5972738265991211, 'chunks processed': 15, 'storage read (B)': 29685482, 'selection 2 time (s)': 20.436414003372192}
Thread times [0.17976689338684082, 0.29268980026245117, 0.3158280849456787, 0.3878819942474365, 0.42657041549682617, 0.4437100887298584, 0.47278404235839844, 0.4820230007171631, 0.48831987380981445, 0.4896728992462158, 0.4953908920288086, 0.4915657043457031, 0.49749016761779785, 0.518571138381958, 0.5262341499328613]
{'args': ((1, 0, slice(0, 960, None), slice(None, None, None)),), 'dataset shape': (40, 11, 1921, 2560), 'dataset chunks': (7, 1, 385, 512), 'indexing time (s)': 1.9073486328125e-06, 'chunk number': 1650, 'reduction time (s)': 0.5339438915252686, 'chunks processed': 15, 'storage read (B)': 29685482, 'selection 2 time (s)': 0.541161060333252}
Thread times [0.12802529335021973, 0.14628291130065918, 0.174285888671875, 0.23870277404785156, 0.3100440502166748, 0.3182377815246582, 0.3262498378753662, 0.33058619499206543, 0.3339989185333252, 0.37692809104919434, 0.3861818313598633, 0.38797807693481445, 0.409329891204834, 0.4126851558685303, 0.44460296630859375]
{'args': ((2, 0, slice(0, 960, None), slice(None, None, None)),), 'dataset shape': (40, 11, 1921, 2560), 'dataset chunks': (7, 1, 385, 512), 'indexing time (s)': 1.1920928955078125e-06, 'chunk number': 1650, 'reduction time (s)': 0.4494807720184326, 'chunks processed': 15, 'storage read (B)': 29685482, 'selection 2 time (s)': 0.47005677223205566}
Thread times [0.5973730087280273, 0.5987410545349121, 0.7210021018981934, 0.7662537097930908, 0.7981648445129395, 0.7999496459960938, 0.798137903213501, 0.8019967079162598, 0.8005719184875488, 0.8050069808959961, 0.8068208694458008, 0.8209531307220459, 0.8521342277526855, 0.8543961048126221, 0.8636200428009033]
{'args': ((3, 0, slice(0, 960, None), slice(None, None, None)),), 'dataset shape': (40, 11, 1921, 2560), 'dataset chunks': (7, 1, 385, 512), 'indexing time (s)': 2.1457672119140625e-06, 'chunk number': 1650, 'reduction time (s)': 0.8719050884246826, 'chunks processed': 15, 'storage read (B)': 29685482, 'selection 2 time (s)': 0.8855769634246826}
Thread times [0.10753583908081055, 0.16867780685424805, 0.20104193687438965, 0.205596923828125, 0.20662188529968262, 0.20947670936584473, 0.21259093284606934, 0.21254682540893555, 0.22628283500671387, 0.23814916610717773, 0.28801727294921875, 0.2983438968658447, 0.4070920944213867, 0.44408416748046875, 0.4518101215362549]
{'args': ((4, 0, slice(0, 960, None), slice(None, None, None)),), 'dataset shape': (40, 11, 1921, 2560), 'dataset chunks': (7, 1, 385, 512), 'indexing time (s)': 9.5367431640625e-07, 'chunk number': 1650, 'reduction time (s)': 0.4564089775085449, 'chunks processed': 15, 'storage read (B)': 29685482, 'selection 2 time (s)': 0.4654407501220703}
Thread times [0.273914098739624, 0.32008910179138184, 0.34729790687561035, 0.36022305488586426, 0.3673069477081299, 0.36879420280456543, 0.3677361011505127, 0.38956189155578613, 0.3854942321777344, 0.38898515701293945, 0.41866087913513184, 0.4887518882751465, 0.4927999973297119, 0.4992060661315918, 0.5297589302062988]
{'args': ((5, 0, slice(0, 960, None), slice(None, None, None)),), 'dataset shape': (40, 11, 1921, 2560), 'dataset chunks': (7, 1, 385, 512), 'indexing time (s)': 9.5367431640625e-07, 'chunk number': 1650, 'reduction time (s)': 0.5372629165649414, 'chunks processed': 15, 'storage read (B)': 29685482, 'selection 2 time (s)': 0.5639979839324951}
Thread times [0.21388912200927734, 0.22125792503356934, 0.22144389152526855, 0.25822019577026367, 0.26726508140563965, 0.2854599952697754, 0.4124741554260254, 0.43956804275512695, 0.4494187831878662, 0.466336727142334, 0.47769880294799805, 0.4770369529724121, 0.48252105712890625, 0.490689754486084, 0.5169689655303955]
{'args': ((6, 0, slice(0, 960, None), slice(None, None, None)),), 'dataset shape': (40, 11, 1921, 2560), 'dataset chunks': (7, 1, 385, 512), 'indexing time (s)': 1.1920928955078125e-06, 'chunk number': 1650, 'reduction time (s)': 0.5282580852508545, 'chunks processed': 15, 'storage read (B)': 29685482, 'selection 2 time (s)': 0.5482397079467773}
Thread times [0.16330385208129883, 0.1762831211090088, 0.17546916007995605, 0.18237900733947754, 0.2792677879333496, 0.29783201217651367, 0.3502788543701172, 0.3555271625518799, 0.3548698425292969, 0.37228822708129883, 0.3798518180847168, 0.3820028305053711, 0.38988304138183594, 0.3876070976257324, 0.39295101165771484]
{'args': ((7, 0, slice(0, 960, None), slice(None, None, None)),), 'dataset shape': (40, 11, 1921, 2560), 'dataset chunks': (7, 1, 385, 512), 'indexing time (s)': 1.9073486328125e-06, 'chunk number': 1650, 'reduction time (s)': 0.3991818428039551, 'chunks processed': 15, 'storage read (B)': 29701892, 'selection 2 time (s)': 0.41625189781188965}
Thread times [0.1313779354095459, 0.19764399528503418, 0.2748899459838867, 0.29068517684936523, 0.2920677661895752, 0.33502626419067383, 0.33596086502075195, 0.3376450538635254, 0.3395102024078369, 0.343062162399292, 0.34575819969177246, 0.34928297996520996, 0.3497648239135742, 0.3543391227722168, 0.3549509048461914]
{'args': ((8, 0, slice(0, 960, None), slice(None, None, None)),), 'dataset shape': (40, 11, 1921, 2560), 'dataset chunks': (7, 1, 385, 512), 'indexing time (s)': 1.9073486328125e-06, 'chunk number': 1650, 'reduction time (s)': 0.3623371124267578, 'chunks processed': 15, 'storage read (B)': 29701892, 'selection 2 time (s)': 0.3802151679992676}
Thread times [0.2793140411376953, 0.3028299808502197, 0.4264488220214844, 0.43167591094970703, 0.4365372657775879, 0.43892407417297363, 0.45418405532836914, 0.4468050003051758, 0.4563021659851074, 0.4464907646179199, 0.4556150436401367, 0.48552513122558594, 0.47113800048828125, 0.48650503158569336, 0.49031805992126465]
{'args': ((9, 0, slice(0, 960, None), slice(None, None, None)),), 'dataset shape': (40, 11, 1921, 2560), 'dataset chunks': (7, 1, 385, 512), 'indexing time (s)': 9.5367431640625e-07, 'chunk number': 1650, 'reduction time (s)': 0.5061690807342529, 'chunks processed': 15, 'storage read (B)': 29701892, 'selection 2 time (s)': 0.5156888961791992}
Thread times [0.22870302200317383, 0.384768009185791, 0.42730212211608887, 0.5188407897949219, 0.5242669582366943, 0.5237200260162354, 0.5298359394073486, 0.5350680351257324, 0.5368900299072266, 0.5351722240447998, 0.5429470539093018, 0.54514479637146, 0.5488040447235107, 0.55312180519104, 0.5544800758361816]
{'args': ((10, 0, slice(0, 960, None), slice(None, None, None)),), 'dataset shape': (40, 11, 1921, 2560), 'dataset chunks': (7, 1, 385, 512), 'indexing time (s)': 9.5367431640625e-07, 'chunk number': 1650, 'reduction time (s)': 0.5589320659637451, 'chunks processed': 15, 'storage read (B)': 29701892, 'selection 2 time (s)': 0.5750551223754883}
Thread times [0.15711617469787598, 0.19744181632995605, 0.21180009841918945, 0.20990681648254395, 0.21420884132385254, 0.21686410903930664, 0.21981000900268555, 0.26631808280944824, 0.26952290534973145, 0.27616214752197266, 0.35338306427001953, 0.35918211936950684, 0.37435197830200195, 0.3817782402038574, 0.3847339153289795]
{'args': ((11, 0, slice(0, 960, None), slice(None, None, None)),), 'dataset shape': (40, 11, 1921, 2560), 'dataset chunks': (7, 1, 385, 512), 'indexing time (s)': 9.5367431640625e-07, 'chunk number': 1650, 'reduction time (s)': 0.3906741142272949, 'chunks processed': 15, 'storage read (B)': 29701892, 'selection 2 time (s)': 0.40859007835388184}
Thread times [0.1348569393157959, 0.17144513130187988, 0.18784117698669434, 0.286956787109375, 0.28615593910217285, 0.2921640872955322, 0.2943851947784424, 0.29394102096557617, 0.29123616218566895, 0.29192614555358887, 0.3004889488220215, 0.3080179691314697, 0.3129439353942871, 0.3107337951660156, 0.3144237995147705]
{'args': ((12, 0, slice(0, 960, None), slice(None, None, None)),), 'dataset shape': (40, 11, 1921, 2560), 'dataset chunks': (7, 1, 385, 512), 'indexing time (s)': 4.0531158447265625e-06, 'chunk number': 1650, 'reduction time (s)': 0.32184314727783203, 'chunks processed': 15, 'storage read (B)': 29701892, 'selection 2 time (s)': 0.33744311332702637}
Thread times [0.13204598426818848, 0.15060877799987793, 0.1537013053894043, 0.1612098217010498, 0.16222572326660156, 0.3417799472808838, 0.46539902687072754, 0.4649178981781006, 0.48392176628112793, 0.4820847511291504, 0.49056529998779297, 0.5120460987091064, 0.5185768604278564, 0.5181989669799805, 0.5229849815368652]
{'args': ((13, 0, slice(0, 960, None), slice(None, None, None)),), 'dataset shape': (40, 11, 1921, 2560), 'dataset chunks': (7, 1, 385, 512), 'indexing time (s)': 2.1457672119140625e-06, 'chunk number': 1650, 'reduction time (s)': 0.5286169052124023, 'chunks processed': 15, 'storage read (B)': 29701892, 'selection 2 time (s)': 0.5372850894927979}
Thread times [0.5354340076446533, 0.6164829730987549, 0.6430118083953857, 0.6525321006774902, 0.6572451591491699, 0.65911865234375, 0.6591432094573975, 0.6597440242767334, 0.6642811298370361, 0.6643180847167969, 0.6819519996643066, 0.6867091655731201, 0.6865079402923584, 0.6909301280975342, 0.6925528049468994]
{'args': ((14, 0, slice(0, 960, None), slice(None, None, None)),), 'dataset shape': (40, 11, 1921, 2560), 'dataset chunks': (7, 1, 385, 512), 'indexing time (s)': 1.1920928955078125e-06, 'chunk number': 1650, 'reduction time (s)': 0.6965811252593994, 'chunks processed': 15, 'storage read (B)': 29733505, 'selection 2 time (s)': 0.7119250297546387}
Thread times [0.4364149570465088, 0.4363226890563965, 0.49141931533813477, 0.5173239707946777, 0.5191817283630371, 0.5264749526977539, 0.5345840454101562, 0.5330288410186768, 0.5349938869476318, 0.5341219902038574, 0.5403439998626709, 0.545706033706665, 0.5613350868225098, 0.5614688396453857, 0.5679800510406494]
{'args': ((15, 0, slice(0, 960, None), slice(None, None, None)),), 'dataset shape': (40, 11, 1921, 2560), 'dataset chunks': (7, 1, 385, 512), 'indexing time (s)': 9.5367431640625e-07, 'chunk number': 1650, 'reduction time (s)': 0.5741419792175293, 'chunks processed': 15, 'storage read (B)': 29733505, 'selection 2 time (s)': 0.5903432369232178}
Thread times [0.14191412925720215, 0.45969200134277344, 0.48502612113952637, 0.4969751834869385, 0.4993629455566406, 0.5177440643310547, 0.5176692008972168, 0.5220949649810791, 0.5211730003356934, 0.5260608196258545, 0.5259182453155518, 0.5285568237304688, 0.5294687747955322, 0.5330371856689453, 0.5441317558288574]
{'args': ((16, 0, slice(0, 960, None), slice(None, None, None)),), 'dataset shape': (40, 11, 1921, 2560), 'dataset chunks': (7, 1, 385, 512), 'indexing time (s)': 2.1457672119140625e-06, 'chunk number': 1650, 'reduction time (s)': 0.5500340461730957, 'chunks processed': 15, 'storage read (B)': 29733505, 'selection 2 time (s)': 0.558800220489502}
Thread times [0.38971805572509766, 0.4815971851348877, 0.49782490730285645, 0.5259571075439453, 0.5306479930877686, 0.5320918560028076, 0.5344388484954834, 0.5336511135101318, 0.5309159755706787, 0.5323441028594971, 0.5362710952758789, 0.5373439788818359, 0.545576810836792, 0.5479738712310791, 0.612966775894165]
{'args': ((17, 0, slice(0, 960, None), slice(None, None, None)),), 'dataset shape': (40, 11, 1921, 2560), 'dataset chunks': (7, 1, 385, 512), 'indexing time (s)': 9.5367431640625e-07, 'chunk number': 1650, 'reduction time (s)': 0.6170580387115479, 'chunks processed': 15, 'storage read (B)': 29733505, 'selection 2 time (s)': 0.6354868412017822}
Thread times [0.2345259189605713, 0.2418839931488037, 0.2458200454711914, 0.2511560916900635, 0.25334811210632324, 0.3396451473236084, 0.34058284759521484, 0.34135890007019043, 0.3387420177459717, 0.3425600528717041, 0.35037899017333984, 0.34824395179748535, 0.35474610328674316, 0.35721302032470703, 0.37986111640930176]
{'args': ((18, 0, slice(0, 960, None), slice(None, None, None)),), 'dataset shape': (40, 11, 1921, 2560), 'dataset chunks': (7, 1, 385, 512), 'indexing time (s)': 1.9073486328125e-06, 'chunk number': 1650, 'reduction time (s)': 0.38623476028442383, 'chunks processed': 15, 'storage read (B)': 29733505, 'selection 2 time (s)': 0.4035940170288086}
Thread times [0.17297720909118652, 0.25336599349975586, 0.25532007217407227, 0.25925278663635254, 0.2585480213165283, 0.2574498653411865, 0.262587308883667, 0.2853689193725586, 0.30329203605651855, 0.31205320358276367, 0.3221609592437744, 0.32864999771118164, 0.3337101936340332, 0.33890485763549805, 0.33774709701538086]
{'args': ((19, 0, slice(0, 960, None), slice(None, None, None)),), 'dataset shape': (40, 11, 1921, 2560), 'dataset chunks': (7, 1, 385, 512), 'indexing time (s)': 9.5367431640625e-07, 'chunk number': 1650, 'reduction time (s)': 0.34517717361450195, 'chunks processed': 15, 'storage read (B)': 29733505, 'selection 2 time (s)': 0.36130619049072266}
Thread times [0.2258596420288086, 0.5464119911193848, 0.6552519798278809, 0.6707658767700195, 0.6851897239685059, 0.7291691303253174, 0.7636730670928955, 0.765207052230835, 0.7631738185882568, 0.7715969085693359, 0.7682039737701416, 0.7713367938995361, 0.7713220119476318, 0.7769999504089355, 0.800278902053833]
{'args': ((20, 0, slice(0, 960, None), slice(None, None, None)),), 'dataset shape': (40, 11, 1921, 2560), 'dataset chunks': (7, 1, 385, 512), 'indexing time (s)': 1.9073486328125e-06, 'chunk number': 1650, 'reduction time (s)': 0.8063762187957764, 'chunks processed': 15, 'storage read (B)': 29733505, 'selection 2 time (s)': 0.8137850761413574}
Thread times [0.259552001953125, 0.26512694358825684, 0.27082395553588867, 0.316403865814209, 0.3169410228729248, 0.3356170654296875, 0.33439207077026367, 0.3393568992614746, 0.35948610305786133, 0.3653450012207031, 0.3703341484069824, 0.3788769245147705, 0.4176149368286133, 0.42098569869995117, 0.4243590831756592]
{'args': ((21, 0, slice(0, 960, None), slice(None, None, None)),), 'dataset shape': (40, 11, 1921, 2560), 'dataset chunks': (7, 1, 385, 512), 'indexing time (s)': 9.5367431640625e-07, 'chunk number': 1650, 'reduction time (s)': 0.4293479919433594, 'chunks processed': 15, 'storage read (B)': 29686785, 'selection 2 time (s)': 0.44803285598754883}
Thread times [0.39090704917907715, 0.4245638847351074, 0.5696539878845215, 0.5850639343261719, 0.5889983177185059, 0.6242949962615967, 0.6312761306762695, 0.6284747123718262, 0.635526180267334, 0.6321370601654053, 0.6384871006011963, 0.6394531726837158, 0.6467690467834473, 0.6457409858703613, 0.6497910022735596]
{'args': ((22, 0, slice(0, 960, None), slice(None, None, None)),), 'dataset shape': (40, 11, 1921, 2560), 'dataset chunks': (7, 1, 385, 512), 'indexing time (s)': 9.5367431640625e-07, 'chunk number': 1650, 'reduction time (s)': 0.6572458744049072, 'chunks processed': 15, 'storage read (B)': 29686785, 'selection 2 time (s)': 0.6727380752563477}
Thread times [0.2689540386199951, 0.32745981216430664, 0.38339805603027344, 0.44247889518737793, 0.48598408699035645, 0.4934101104736328, 0.5111701488494873, 0.5288569927215576, 0.5291316509246826, 0.5303881168365479, 0.5333340167999268, 0.5316388607025146, 0.5517606735229492, 0.5507488250732422, 0.5721549987792969]
{'args': ((23, 0, slice(0, 960, None), slice(None, None, None)),), 'dataset shape': (40, 11, 1921, 2560), 'dataset chunks': (7, 1, 385, 512), 'indexing time (s)': 1.1920928955078125e-06, 'chunk number': 1650, 'reduction time (s)': 0.5813031196594238, 'chunks processed': 15, 'storage read (B)': 29686785, 'selection 2 time (s)': 0.5959770679473877}
Thread times [0.47352123260498047, 0.4742238521575928, 0.5953788757324219, 0.6060259342193604, 0.6446390151977539, 0.6603047847747803, 0.6636178493499756, 0.6828429698944092, 0.6828317642211914, 0.6932859420776367, 0.69759202003479, 0.7008447647094727, 0.7033319473266602, 0.7027089595794678, 0.7083361148834229]
{'args': ((24, 0, slice(0, 960, None), slice(None, None, None)),), 'dataset shape': (40, 11, 1921, 2560), 'dataset chunks': (7, 1, 385, 512), 'indexing time (s)': 1.1920928955078125e-06, 'chunk number': 1650, 'reduction time (s)': 0.7144320011138916, 'chunks processed': 15, 'storage read (B)': 29686785, 'selection 2 time (s)': 0.7289121150970459}
Thread times [0.4616260528564453, 0.46275782585144043, 0.5608522891998291, 0.5716042518615723, 0.5735628604888916, 0.6015758514404297, 0.6182162761688232, 0.617110013961792, 0.6157183647155762, 0.614739179611206, 0.624269962310791, 0.6259160041809082, 0.6299819946289062, 0.6542348861694336, 0.6583189964294434]
{'args': ((25, 0, slice(0, 960, None), slice(None, None, None)),), 'dataset shape': (40, 11, 1921, 2560), 'dataset chunks': (7, 1, 385, 512), 'indexing time (s)': 9.5367431640625e-07, 'chunk number': 1650, 'reduction time (s)': 0.6659128665924072, 'chunks processed': 15, 'storage read (B)': 29686785, 'selection 2 time (s)': 0.6824500560760498}
Thread times [0.2920510768890381, 0.33751893043518066, 0.3445930480957031, 0.39144206047058105, 0.396683931350708, 0.40811610221862793, 0.40578389167785645, 0.40505313873291016, 0.40719103813171387, 0.40976905822753906, 0.4144461154937744, 0.43004822731018066, 0.5418407917022705, 0.5672152042388916, 0.6660628318786621]
{'args': ((26, 0, slice(0, 960, None), slice(None, None, None)),), 'dataset shape': (40, 11, 1921, 2560), 'dataset chunks': (7, 1, 385, 512), 'indexing time (s)': 1.6689300537109375e-06, 'chunk number': 1650, 'reduction time (s)': 0.6740608215332031, 'chunks processed': 15, 'storage read (B)': 29686785, 'selection 2 time (s)': 0.6882109642028809}
Thread times [0.4231569766998291, 0.42406392097473145, 0.5899269580841064, 0.5897300243377686, 0.5935502052307129, 0.6192209720611572, 0.6371760368347168, 0.639927864074707, 0.6467859745025635, 0.6538472175598145, 0.699368953704834, 0.7002859115600586, 0.7049591541290283, 0.7058579921722412, 0.7261438369750977]
{'args': ((27, 0, slice(0, 960, None), slice(None, None, None)),), 'dataset shape': (40, 11, 1921, 2560), 'dataset chunks': (7, 1, 385, 512), 'indexing time (s)': 1.1920928955078125e-06, 'chunk number': 1650, 'reduction time (s)': 0.7318308353424072, 'chunks processed': 15, 'storage read (B)': 29686785, 'selection 2 time (s)': 0.7461791038513184}
Thread times [0.1341102123260498, 0.19492602348327637, 0.22739410400390625, 0.2337181568145752, 0.2309579849243164, 0.2321789264678955, 0.24264001846313477, 0.24537086486816406, 0.24821019172668457, 0.2554349899291992, 0.2573089599609375, 0.2626059055328369, 0.36548900604248047, 0.515103816986084, 0.5173609256744385]
{'args': ((28, 0, slice(0, 960, None), slice(None, None, None)),), 'dataset shape': (40, 11, 1921, 2560), 'dataset chunks': (7, 1, 385, 512), 'indexing time (s)': 1.1920928955078125e-06, 'chunk number': 1650, 'reduction time (s)': 0.5256640911102295, 'chunks processed': 15, 'storage read (B)': 29670387, 'selection 2 time (s)': 0.5461249351501465}
Thread times [0.21492385864257812, 0.23049592971801758, 0.23196887969970703, 0.24292302131652832, 0.25067901611328125, 0.2473130226135254, 0.2524397373199463, 0.25139403343200684, 0.259307861328125, 0.2867770195007324, 0.354079008102417, 0.37309789657592773, 0.3980097770690918, 0.4023311138153076, 0.4036531448364258]
{'args': ((29, 0, slice(0, 960, None), slice(None, None, None)),), 'dataset shape': (40, 11, 1921, 2560), 'dataset chunks': (7, 1, 385, 512), 'indexing time (s)': 2.1457672119140625e-06, 'chunk number': 1650, 'reduction time (s)': 0.4116637706756592, 'chunks processed': 15, 'storage read (B)': 29670387, 'selection 2 time (s)': 0.4238760471343994}
Thread times [0.2452709674835205, 0.3573489189147949, 0.4437088966369629, 0.4506387710571289, 0.4660980701446533, 0.48056530952453613, 0.4790947437286377, 0.4782259464263916, 0.4830620288848877, 0.4886348247528076, 0.4860389232635498, 0.4884660243988037, 0.4903848171234131, 0.490983247756958, 0.5089738368988037]
{'args': ((30, 0, slice(0, 960, None), slice(None, None, None)),), 'dataset shape': (40, 11, 1921, 2560), 'dataset chunks': (7, 1, 385, 512), 'indexing time (s)': 9.5367431640625e-07, 'chunk number': 1650, 'reduction time (s)': 0.5155699253082275, 'chunks processed': 15, 'storage read (B)': 29670387, 'selection 2 time (s)': 0.5226528644561768}
Thread times [0.10893702507019043, 0.4362821578979492, 0.43738579750061035, 0.5245580673217773, 0.545123815536499, 0.5526440143585205, 0.5505509376525879, 0.5525021553039551, 0.5673627853393555, 0.5737128257751465, 0.5788531303405762, 0.581528902053833, 0.585841178894043, 0.5872540473937988, 0.5904710292816162]
{'args': ((31, 0, slice(0, 960, None), slice(None, None, None)),), 'dataset shape': (40, 11, 1921, 2560), 'dataset chunks': (7, 1, 385, 512), 'indexing time (s)': 9.5367431640625e-07, 'chunk number': 1650, 'reduction time (s)': 0.5955779552459717, 'chunks processed': 15, 'storage read (B)': 29670387, 'selection 2 time (s)': 0.6105659008026123}
Thread times [0.4084169864654541, 0.46407294273376465, 0.613332986831665, 0.6154589653015137, 0.6335158348083496, 0.657383918762207, 0.6724679470062256, 0.6796431541442871, 0.6902179718017578, 0.6978881359100342, 0.6989791393280029, 0.7033319473266602, 0.7228522300720215, 0.7234492301940918, 0.7265880107879639]
{'args': ((32, 0, slice(0, 960, None), slice(None, None, None)),), 'dataset shape': (40, 11, 1921, 2560), 'dataset chunks': (7, 1, 385, 512), 'indexing time (s)': 9.5367431640625e-07, 'chunk number': 1650, 'reduction time (s)': 0.7346529960632324, 'chunks processed': 15, 'storage read (B)': 29670387, 'selection 2 time (s)': 0.7513468265533447}
Thread times [0.1250009536743164, 0.4316380023956299, 0.449310302734375, 0.5011770725250244, 0.5465657711029053, 0.5566091537475586, 0.5596411228179932, 0.5561306476593018, 0.5597410202026367, 0.5588569641113281, 0.5673260688781738, 0.5688538551330566, 0.5743241310119629, 0.577221155166626, 0.6383461952209473]
{'args': ((33, 0, slice(0, 960, None), slice(None, None, None)),), 'dataset shape': (40, 11, 1921, 2560), 'dataset chunks': (7, 1, 385, 512), 'indexing time (s)': 2.1457672119140625e-06, 'chunk number': 1650, 'reduction time (s)': 0.6469838619232178, 'chunks processed': 15, 'storage read (B)': 29670387, 'selection 2 time (s)': 0.6605219841003418}
Thread times [0.368927001953125, 0.48986220359802246, 0.5475900173187256, 0.5809459686279297, 0.6152639389038086, 0.6125743389129639, 0.6221308708190918, 0.6224009990692139, 0.6380167007446289, 0.6318137645721436, 0.6399030685424805, 0.6574201583862305, 0.6604621410369873, 0.660336971282959, 0.6636738777160645]
{'args': ((34, 0, slice(0, 960, None), slice(None, None, None)),), 'dataset shape': (40, 11, 1921, 2560), 'dataset chunks': (7, 1, 385, 512), 'indexing time (s)': 1.9073486328125e-06, 'chunk number': 1650, 'reduction time (s)': 0.677584171295166, 'chunks processed': 15, 'storage read (B)': 29670387, 'selection 2 time (s)': 0.6884961128234863}
Thread times [0.13312602043151855, 0.18695497512817383, 0.21850800514221191, 0.2955451011657715, 0.3193390369415283, 0.3229961395263672, 0.32157182693481445, 0.3270111083984375, 0.32921290397644043, 0.32857489585876465, 0.33402514457702637, 0.33157801628112793, 0.33648014068603516, 0.33924412727355957, 0.3398919105529785]
{'args': ((35, 0, slice(0, 960, None), slice(None, None, None)),), 'dataset shape': (40, 11, 1921, 2560), 'dataset chunks': (7, 1, 385, 512), 'indexing time (s)': 1.1920928955078125e-06, 'chunk number': 1650, 'reduction time (s)': 0.34766077995300293, 'chunks processed': 15, 'storage read (B)': 21287473, 'selection 2 time (s)': 0.36399221420288086}
Thread times [0.2226729393005371, 0.3090040683746338, 0.31459927558898926, 0.3369269371032715, 0.3387749195098877, 0.33734917640686035, 0.3420579433441162, 0.34466004371643066, 0.34136390686035156, 0.3458070755004883, 0.3437318801879883, 0.3514540195465088, 0.3535292148590088, 0.3541710376739502, 0.35730624198913574]
{'args': ((36, 0, slice(0, 960, None), slice(None, None, None)),), 'dataset shape': (40, 11, 1921, 2560), 'dataset chunks': (7, 1, 385, 512), 'indexing time (s)': 1.9073486328125e-06, 'chunk number': 1650, 'reduction time (s)': 0.36461591720581055, 'chunks processed': 15, 'storage read (B)': 21287473, 'selection 2 time (s)': 0.3742053508758545}
Thread times [0.15713715553283691, 0.16318011283874512, 0.20869112014770508, 0.2555253505706787, 0.30073070526123047, 0.29908108711242676, 0.2994527816772461, 0.30584716796875, 0.3089320659637451, 0.30987095832824707, 0.3126029968261719, 0.3133518695831299, 0.30980682373046875, 0.3132500648498535, 0.3148941993713379]
{'args': ((37, 0, slice(0, 960, None), slice(None, None, None)),), 'dataset shape': (40, 11, 1921, 2560), 'dataset chunks': (7, 1, 385, 512), 'indexing time (s)': 7.152557373046875e-07, 'chunk number': 1650, 'reduction time (s)': 0.3207380771636963, 'chunks processed': 15, 'storage read (B)': 21287473, 'selection 2 time (s)': 0.3301980495452881}
Thread times [0.278580904006958, 0.32947206497192383, 0.3449251651763916, 0.3646259307861328, 0.36986589431762695, 0.383577823638916, 0.38330817222595215, 0.3818488121032715, 0.3824350833892822, 0.3848130702972412, 0.38532114028930664, 0.38416004180908203, 0.3854689598083496, 0.3881947994232178, 0.39307713508605957]
{'args': ((38, 0, slice(0, 960, None), slice(None, None, None)),), 'dataset shape': (40, 11, 1921, 2560), 'dataset chunks': (7, 1, 385, 512), 'indexing time (s)': 1.9073486328125e-06, 'chunk number': 1650, 'reduction time (s)': 0.3992908000946045, 'chunks processed': 15, 'storage read (B)': 21287473, 'selection 2 time (s)': 0.4068748950958252}
Thread times [0.32645392417907715, 0.36811304092407227, 0.36830902099609375, 0.3719148635864258, 0.39452505111694336, 0.39705395698547363, 0.3957982063293457, 0.3979148864746094, 0.39777302742004395, 0.3947749137878418, 0.3986678123474121, 0.4020519256591797, 0.40233492851257324, 0.4089972972869873, 0.4097630977630615]
{'args': ((39, 0, slice(0, 960, None), slice(None, None, None)),), 'dataset shape': (40, 11, 1921, 2560), 'dataset chunks': (7, 1, 385, 512), 'indexing time (s)': 1.6689300537109375e-06, 'chunk number': 1650, 'reduction time (s)': 0.4141581058502197, 'chunks processed': 15, 'storage read (B)': 21287473, 'selection 2 time (s)': 0.4228038787841797}
[[226.07820312]
 [226.0646875 ]
 [225.93776042]
 [225.90820312]
 [225.91739583]
 [225.88460937]
 [225.82080729]
 [225.85434896]
 [225.98346354]
 [226.03822917]
 [226.01317708]
 [226.02335938]
 [226.03765625]
 [226.00486979]
 [225.91776042]
 [225.94033854]
 [225.98726562]
 [225.91450521]
 [225.81239583]
 [225.81890625]
 [225.8453125 ]
 [225.78502604]
 [225.63645833]
 [225.5565625 ]
 [225.45747396]
 [225.32382813]
 [225.16338542]
 [225.07786458]
 [225.07848958]
 [225.10666667]
 [225.17606771]
 [225.36869792]
 [225.57927083]
 [225.69083333]
 [225.72221354]
 [225.82369792]
 [225.93640625]
 [225.96760417]
 [225.91875   ]
 [225.92234375]]
Summary:  Uni24-np3:Active (T100,BS5): 4.64s,21.43s,46.46s
