Dataset loaded from S3 with s3fs and Pyfive: bnl/ch330a.pc19790301-def.nc (0.13,0.94)
Thread times [0.1888120174407959, 0.18374085426330566, 0.1888751983642578, 0.26299524307250977, 0.27919483184814453, 0.33788394927978516, 0.35593175888061523, 0.3597378730773926, 0.36336708068847656, 0.3591432571411133, 0.36869001388549805, 0.5287020206451416, 0.5280723571777344, 0.6562111377716064, 0.6899781227111816]
{'load nc time': 1.2310140132904053, 'args': ((0, 0, slice(0, 960, None), slice(None, None, None)),), 'dataset shape': (40, 11, 1921, 2560), 'dataset chunks': (7, 1, 385, 512), 'indexing time (s)': 7.095433950424194, 'chunk number': 1650, 'reduction time (s)': 0.6974332332611084, 'chunks processed': 15, 'storage read (B)': 29685482, 'selection 2 time (s)': 7.809499025344849}
Thread times [0.2156689167022705, 0.21682000160217285, 0.24229097366333008, 0.2792699337005615, 0.29276609420776367, 0.29578185081481934, 0.29294800758361816, 0.299544095993042, 0.29886317253112793, 0.29463791847229004, 0.3019289970397949, 0.35251402854919434, 0.37872314453125, 0.44846367835998535, 0.4550662040710449]
{'args': ((1, 0, slice(0, 960, None), slice(None, None, None)),), 'dataset shape': (40, 11, 1921, 2560), 'dataset chunks': (7, 1, 385, 512), 'indexing time (s)': 9.5367431640625e-07, 'chunk number': 1650, 'reduction time (s)': 0.46289777755737305, 'chunks processed': 15, 'storage read (B)': 29685482, 'selection 2 time (s)': 0.4754359722137451}
Thread times [0.402158260345459, 0.5092859268188477, 0.6302580833435059, 0.637535810470581, 0.6435451507568359, 0.6805081367492676, 0.6793489456176758, 0.680645227432251, 0.6814210414886475, 0.6843247413635254, 0.6857240200042725, 0.7210869789123535, 0.7219851016998291, 0.7208318710327148, 0.7296929359436035]
{'args': ((2, 0, slice(0, 960, None), slice(None, None, None)),), 'dataset shape': (40, 11, 1921, 2560), 'dataset chunks': (7, 1, 385, 512), 'indexing time (s)': 9.5367431640625e-07, 'chunk number': 1650, 'reduction time (s)': 0.7360091209411621, 'chunks processed': 15, 'storage read (B)': 29685482, 'selection 2 time (s)': 0.7446930408477783}
Thread times [0.17916393280029297, 0.17933201789855957, 0.20889878273010254, 0.21410489082336426, 0.26900601387023926, 0.2745640277862549, 0.27052974700927734, 0.2755758762359619, 0.2761819362640381, 0.28207993507385254, 0.3328850269317627, 0.36502933502197266, 0.4265758991241455, 0.44437193870544434, 0.4498429298400879]
{'args': ((3, 0, slice(0, 960, None), slice(None, None, None)),), 'dataset shape': (40, 11, 1921, 2560), 'dataset chunks': (7, 1, 385, 512), 'indexing time (s)': 9.5367431640625e-07, 'chunk number': 1650, 'reduction time (s)': 0.4561619758605957, 'chunks processed': 15, 'storage read (B)': 29685482, 'selection 2 time (s)': 0.4699580669403076}
Thread times [0.12827491760253906, 0.21796107292175293, 0.3216731548309326, 0.49149394035339355, 0.49166417121887207, 0.494081974029541, 0.5330359935760498, 0.5474686622619629, 0.5463929176330566, 0.5703520774841309, 0.5747330188751221, 0.580578088760376, 0.5869181156158447, 0.5904760360717773, 0.5985851287841797]
{'args': ((4, 0, slice(0, 960, None), slice(None, None, None)),), 'dataset shape': (40, 11, 1921, 2560), 'dataset chunks': (7, 1, 385, 512), 'indexing time (s)': 9.5367431640625e-07, 'chunk number': 1650, 'reduction time (s)': 0.6068000793457031, 'chunks processed': 15, 'storage read (B)': 29685482, 'selection 2 time (s)': 0.6225240230560303}
Thread times [0.12080979347229004, 0.13707685470581055, 0.13708186149597168, 0.14070892333984375, 0.14463472366333008, 0.1575770378112793, 0.16021084785461426, 0.30438685417175293, 0.3290541172027588, 0.45360302925109863, 0.45264172554016113, 0.4531712532043457, 0.4569828510284424, 0.4581489562988281, 0.4867570400238037]
{'args': ((5, 0, slice(0, 960, None), slice(None, None, None)),), 'dataset shape': (40, 11, 1921, 2560), 'dataset chunks': (7, 1, 385, 512), 'indexing time (s)': 2.1457672119140625e-06, 'chunk number': 1650, 'reduction time (s)': 0.4959433078765869, 'chunks processed': 15, 'storage read (B)': 29685482, 'selection 2 time (s)': 0.5114700794219971}
Thread times [0.527015209197998, 0.540402889251709, 0.6139698028564453, 0.6349899768829346, 0.6641409397125244, 0.6830060482025146, 0.6866211891174316, 0.697770357131958, 0.6999912261962891, 0.6979010105133057, 0.701923131942749, 0.7057251930236816, 0.706578254699707, 0.7133870124816895, 0.7228219509124756]
{'args': ((6, 0, slice(0, 960, None), slice(None, None, None)),), 'dataset shape': (40, 11, 1921, 2560), 'dataset chunks': (7, 1, 385, 512), 'indexing time (s)': 1.9073486328125e-06, 'chunk number': 1650, 'reduction time (s)': 0.7282838821411133, 'chunks processed': 15, 'storage read (B)': 29685482, 'selection 2 time (s)': 0.746859073638916}
Thread times [0.38411617279052734, 0.4241180419921875, 0.5143260955810547, 0.5342411994934082, 0.535956859588623, 0.5341901779174805, 0.5369410514831543, 0.5395779609680176, 0.5410130023956299, 0.5486829280853271, 0.5474059581756592, 0.5548441410064697, 0.5606260299682617, 0.5580809116363525, 0.5824298858642578]
{'args': ((7, 0, slice(0, 960, None), slice(None, None, None)),), 'dataset shape': (40, 11, 1921, 2560), 'dataset chunks': (7, 1, 385, 512), 'indexing time (s)': 1.1920928955078125e-06, 'chunk number': 1650, 'reduction time (s)': 0.5893051624298096, 'chunks processed': 15, 'storage read (B)': 29701892, 'selection 2 time (s)': 0.6071171760559082}
Thread times [0.23958826065063477, 0.24129891395568848, 0.28528809547424316, 0.3077208995819092, 0.38858485221862793, 0.41169214248657227, 0.4208672046661377, 0.4317741394042969, 0.43952274322509766, 0.4459078311920166, 0.4472079277038574, 0.4549720287322998, 0.4612610340118408, 0.4583430290222168, 0.48056769371032715]
{'args': ((8, 0, slice(0, 960, None), slice(None, None, None)),), 'dataset shape': (40, 11, 1921, 2560), 'dataset chunks': (7, 1, 385, 512), 'indexing time (s)': 9.5367431640625e-07, 'chunk number': 1650, 'reduction time (s)': 0.4876830577850342, 'chunks processed': 15, 'storage read (B)': 29701892, 'selection 2 time (s)': 0.5055100917816162}
Thread times [0.20414471626281738, 0.21804404258728027, 0.21674537658691406, 0.2222127914428711, 0.2230818271636963, 0.27406811714172363, 0.2846662998199463, 0.4152030944824219, 0.412477970123291, 0.41957879066467285, 0.42420005798339844, 0.4210948944091797, 0.44159531593322754, 0.446195125579834, 0.4756760597229004]
{'args': ((9, 0, slice(0, 960, None), slice(None, None, None)),), 'dataset shape': (40, 11, 1921, 2560), 'dataset chunks': (7, 1, 385, 512), 'indexing time (s)': 9.5367431640625e-07, 'chunk number': 1650, 'reduction time (s)': 0.48291587829589844, 'chunks processed': 15, 'storage read (B)': 29701892, 'selection 2 time (s)': 0.5020318031311035}
Thread times [0.1341853141784668, 0.4069380760192871, 0.5038151741027832, 0.5239791870117188, 0.5265789031982422, 0.5425999164581299, 0.5478010177612305, 0.5455899238586426, 0.5485639572143555, 0.5507011413574219, 0.5510909557342529, 0.5550987720489502, 0.5599899291992188, 0.5682199001312256, 0.5804438591003418]
{'args': ((10, 0, slice(0, 960, None), slice(None, None, None)),), 'dataset shape': (40, 11, 1921, 2560), 'dataset chunks': (7, 1, 385, 512), 'indexing time (s)': 1.9073486328125e-06, 'chunk number': 1650, 'reduction time (s)': 0.587723970413208, 'chunks processed': 15, 'storage read (B)': 29701892, 'selection 2 time (s)': 0.604935884475708}
Thread times [0.14622902870178223, 0.3503837585449219, 0.3632829189300537, 0.47251200675964355, 0.47464513778686523, 0.4926729202270508, 0.5005960464477539, 0.5076100826263428, 0.5176458358764648, 0.5308668613433838, 0.5325350761413574, 0.5360419750213623, 0.5411169528961182, 0.5438027381896973, 0.5546650886535645]
{'args': ((11, 0, slice(0, 960, None), slice(None, None, None)),), 'dataset shape': (40, 11, 1921, 2560), 'dataset chunks': (7, 1, 385, 512), 'indexing time (s)': 2.1457672119140625e-06, 'chunk number': 1650, 'reduction time (s)': 0.561837911605835, 'chunks processed': 15, 'storage read (B)': 29701892, 'selection 2 time (s)': 0.5786139965057373}
Thread times [0.16795992851257324, 0.19358491897583008, 0.32066774368286133, 0.3878462314605713, 0.48473405838012695, 0.4888741970062256, 0.4917938709259033, 0.4915130138397217, 0.49494099617004395, 0.5091488361358643, 0.5175890922546387, 0.5168178081512451, 0.5178928375244141, 0.5246708393096924, 0.5266208648681641]
{'args': ((12, 0, slice(0, 960, None), slice(None, None, None)),), 'dataset shape': (40, 11, 1921, 2560), 'dataset chunks': (7, 1, 385, 512), 'indexing time (s)': 9.5367431640625e-07, 'chunk number': 1650, 'reduction time (s)': 0.5314900875091553, 'chunks processed': 15, 'storage read (B)': 29701892, 'selection 2 time (s)': 0.5405380725860596}
Thread times [0.31974077224731445, 0.3188438415527344, 0.32298707962036133, 0.3324618339538574, 0.3381469249725342, 0.33911585807800293, 0.3401212692260742, 0.36441993713378906, 0.4495961666107178, 0.47281813621520996, 0.4740879535675049, 0.47481489181518555, 0.49666810035705566, 0.5009047985076904, 0.5021603107452393]
{'args': ((13, 0, slice(0, 960, None), slice(None, None, None)),), 'dataset shape': (40, 11, 1921, 2560), 'dataset chunks': (7, 1, 385, 512), 'indexing time (s)': 9.5367431640625e-07, 'chunk number': 1650, 'reduction time (s)': 0.5067970752716064, 'chunks processed': 15, 'storage read (B)': 29701892, 'selection 2 time (s)': 0.5165419578552246}
Thread times [0.3479900360107422, 0.45311594009399414, 0.4908409118652344, 0.4943568706512451, 0.5023288726806641, 0.5109999179840088, 0.5247418880462646, 0.5228369235992432, 0.5247020721435547, 0.53096604347229, 0.5344009399414062, 0.5380187034606934, 0.5421469211578369, 0.5415351390838623, 0.5575408935546875]
{'args': ((14, 0, slice(0, 960, None), slice(None, None, None)),), 'dataset shape': (40, 11, 1921, 2560), 'dataset chunks': (7, 1, 385, 512), 'indexing time (s)': 9.5367431640625e-07, 'chunk number': 1650, 'reduction time (s)': 0.5622539520263672, 'chunks processed': 15, 'storage read (B)': 29733505, 'selection 2 time (s)': 0.5779099464416504}
Thread times [0.2603437900543213, 0.25914883613586426, 0.35396790504455566, 0.3948202133178711, 0.40991878509521484, 0.4635601043701172, 0.4627339839935303, 0.4675130844116211, 0.4663372039794922, 0.47110772132873535, 0.4775512218475342, 0.47710609436035156, 0.48360395431518555, 0.488231897354126, 0.504777193069458]
{'args': ((15, 0, slice(0, 960, None), slice(None, None, None)),), 'dataset shape': (40, 11, 1921, 2560), 'dataset chunks': (7, 1, 385, 512), 'indexing time (s)': 9.5367431640625e-07, 'chunk number': 1650, 'reduction time (s)': 0.5117318630218506, 'chunks processed': 15, 'storage read (B)': 29733505, 'selection 2 time (s)': 0.5285160541534424}
Thread times [0.11713266372680664, 0.19777393341064453, 0.2266092300415039, 0.22893691062927246, 0.23110389709472656, 0.22663116455078125, 0.29067206382751465, 0.36225271224975586, 0.36108970642089844, 0.3649013042449951, 0.3696765899658203, 0.3686411380767822, 0.37076306343078613, 0.37615275382995605, 0.37409400939941406]
{'args': ((16, 0, slice(0, 960, None), slice(None, None, None)),), 'dataset shape': (40, 11, 1921, 2560), 'dataset chunks': (7, 1, 385, 512), 'indexing time (s)': 1.1920928955078125e-06, 'chunk number': 1650, 'reduction time (s)': 0.3831748962402344, 'chunks processed': 15, 'storage read (B)': 29733505, 'selection 2 time (s)': 0.3971130847930908}
Thread times [0.13953685760498047, 0.1633319854736328, 0.17933297157287598, 0.18932604789733887, 0.1954669952392578, 0.18949103355407715, 0.1921529769897461, 0.2093510627746582, 0.21946477890014648, 0.2295849323272705, 0.22958087921142578, 0.23811888694763184, 0.32272887229919434, 0.32880473136901855, 0.3552219867706299]
{'args': ((17, 0, slice(0, 960, None), slice(None, None, None)),), 'dataset shape': (40, 11, 1921, 2560), 'dataset chunks': (7, 1, 385, 512), 'indexing time (s)': 9.5367431640625e-07, 'chunk number': 1650, 'reduction time (s)': 0.36153602600097656, 'chunks processed': 15, 'storage read (B)': 29733505, 'selection 2 time (s)': 0.3763740062713623}
Thread times [0.1242678165435791, 0.1331958770751953, 0.1369950771331787, 0.16708827018737793, 0.3919358253479004, 0.406268835067749, 0.4237940311431885, 0.435391902923584, 0.44189906120300293, 0.4449458122253418, 0.4461960792541504, 0.44931674003601074, 0.467944860458374, 0.46917295455932617, 0.47223782539367676]
{'args': ((18, 0, slice(0, 960, None), slice(None, None, None)),), 'dataset shape': (40, 11, 1921, 2560), 'dataset chunks': (7, 1, 385, 512), 'indexing time (s)': 9.5367431640625e-07, 'chunk number': 1650, 'reduction time (s)': 0.4760880470275879, 'chunks processed': 15, 'storage read (B)': 29733505, 'selection 2 time (s)': 0.49144697189331055}
Thread times [0.0986320972442627, 0.11073803901672363, 0.44931674003601074, 0.4541778564453125, 0.4638550281524658, 0.4615159034729004, 0.470379114151001, 0.48737573623657227, 0.4869399070739746, 0.4904751777648926, 0.49333906173706055, 0.49420809745788574, 0.49868178367614746, 0.5001819133758545, 0.4987030029296875]
{'args': ((19, 0, slice(0, 960, None), slice(None, None, None)),), 'dataset shape': (40, 11, 1921, 2560), 'dataset chunks': (7, 1, 385, 512), 'indexing time (s)': 1.1920928955078125e-06, 'chunk number': 1650, 'reduction time (s)': 0.5086610317230225, 'chunks processed': 15, 'storage read (B)': 29733505, 'selection 2 time (s)': 0.5226089954376221}
Thread times [0.1187601089477539, 0.1326899528503418, 0.15350127220153809, 0.155426025390625, 0.3329899311065674, 0.47917914390563965, 0.5092408657073975, 0.5342919826507568, 0.5341310501098633, 0.5367758274078369, 0.5378711223602295, 0.543353796005249, 0.541456937789917, 0.5450081825256348, 0.5607821941375732]
{'args': ((20, 0, slice(0, 960, None), slice(None, None, None)),), 'dataset shape': (40, 11, 1921, 2560), 'dataset chunks': (7, 1, 385, 512), 'indexing time (s)': 9.5367431640625e-07, 'chunk number': 1650, 'reduction time (s)': 0.5666947364807129, 'chunks processed': 15, 'storage read (B)': 29733505, 'selection 2 time (s)': 0.5804121494293213}
Thread times [0.1565842628479004, 0.32711195945739746, 0.3793599605560303, 0.4690968990325928, 0.5179338455200195, 0.5237421989440918, 0.5255231857299805, 0.5469980239868164, 0.5539782047271729, 0.5549912452697754, 0.5785238742828369, 0.5826258659362793, 0.5797708034515381, 0.5841190814971924, 0.6025571823120117]
{'args': ((21, 0, slice(0, 960, None), slice(None, None, None)),), 'dataset shape': (40, 11, 1921, 2560), 'dataset chunks': (7, 1, 385, 512), 'indexing time (s)': 9.5367431640625e-07, 'chunk number': 1650, 'reduction time (s)': 0.6122398376464844, 'chunks processed': 15, 'storage read (B)': 29686785, 'selection 2 time (s)': 0.6208782196044922}
Thread times [0.10043597221374512, 0.11568307876586914, 0.2938368320465088, 0.39380502700805664, 0.4507870674133301, 0.45791101455688477, 0.49454379081726074, 0.5013988018035889, 0.5103590488433838, 0.5278820991516113, 0.5290601253509521, 0.537132978439331, 0.5389120578765869, 0.5386171340942383, 0.5437560081481934]
{'args': ((22, 0, slice(0, 960, None), slice(None, None, None)),), 'dataset shape': (40, 11, 1921, 2560), 'dataset chunks': (7, 1, 385, 512), 'indexing time (s)': 9.5367431640625e-07, 'chunk number': 1650, 'reduction time (s)': 0.5502290725708008, 'chunks processed': 15, 'storage read (B)': 29686785, 'selection 2 time (s)': 0.5649468898773193}
Thread times [0.08681106567382812, 0.2598581314086914, 0.3536369800567627, 0.3861823081970215, 0.508979082107544, 0.5262110233306885, 0.5654861927032471, 0.5928199291229248, 0.6172361373901367, 0.6216239929199219, 0.6287736892700195, 0.6647951602935791, 0.6624078750610352, 0.6972932815551758, 0.701347827911377]
{'args': ((23, 0, slice(0, 960, None), slice(None, None, None)),), 'dataset shape': (40, 11, 1921, 2560), 'dataset chunks': (7, 1, 385, 512), 'indexing time (s)': 9.5367431640625e-07, 'chunk number': 1650, 'reduction time (s)': 0.7098338603973389, 'chunks processed': 15, 'storage read (B)': 29686785, 'selection 2 time (s)': 0.7269439697265625}
Thread times [0.40372467041015625, 0.40416812896728516, 0.4350321292877197, 0.44225192070007324, 0.5053431987762451, 0.533693790435791, 0.5402560234069824, 0.5389699935913086, 0.5396289825439453, 0.5424859523773193, 0.5475940704345703, 0.5482029914855957, 0.5549509525299072, 0.5666158199310303, 0.6102571487426758]
{'args': ((24, 0, slice(0, 960, None), slice(None, None, None)),), 'dataset shape': (40, 11, 1921, 2560), 'dataset chunks': (7, 1, 385, 512), 'indexing time (s)': 9.5367431640625e-07, 'chunk number': 1650, 'reduction time (s)': 0.6194989681243896, 'chunks processed': 15, 'storage read (B)': 29686785, 'selection 2 time (s)': 0.634803056716919}
Thread times [0.2736949920654297, 0.2890348434448242, 0.2969081401824951, 0.3230159282684326, 0.33917903900146484, 0.339738130569458, 0.40201687812805176, 0.39887094497680664, 0.4015517234802246, 0.40572309494018555, 0.4057731628417969, 0.40996408462524414, 0.4149019718170166, 0.41207194328308105, 0.4209268093109131]
{'args': ((25, 0, slice(0, 960, None), slice(None, None, None)),), 'dataset shape': (40, 11, 1921, 2560), 'dataset chunks': (7, 1, 385, 512), 'indexing time (s)': 9.5367431640625e-07, 'chunk number': 1650, 'reduction time (s)': 0.42638611793518066, 'chunks processed': 15, 'storage read (B)': 29686785, 'selection 2 time (s)': 0.4413008689880371}
Thread times [0.10541009902954102, 0.14394688606262207, 0.14561009407043457, 0.18582510948181152, 0.2675931453704834, 0.29271674156188965, 0.38473987579345703, 0.3895528316497803, 0.3956010341644287, 0.3949310779571533, 0.40256524085998535, 0.3966178894042969, 0.4040539264678955, 0.405134916305542, 0.42476987838745117]
{'args': ((26, 0, slice(0, 960, None), slice(None, None, None)),), 'dataset shape': (40, 11, 1921, 2560), 'dataset chunks': (7, 1, 385, 512), 'indexing time (s)': 9.5367431640625e-07, 'chunk number': 1650, 'reduction time (s)': 0.43357014656066895, 'chunks processed': 15, 'storage read (B)': 29686785, 'selection 2 time (s)': 0.44868898391723633}
Thread times [0.17051386833190918, 0.20365214347839355, 0.21579623222351074, 0.24449992179870605, 0.30935192108154297, 0.38629722595214844, 0.3916811943054199, 0.477154016494751, 0.4765787124633789, 0.48295092582702637, 0.48108506202697754, 0.4859812259674072, 0.5037491321563721, 0.5071020126342773, 0.5061349868774414]
{'args': ((27, 0, slice(0, 960, None), slice(None, None, None)),), 'dataset shape': (40, 11, 1921, 2560), 'dataset chunks': (7, 1, 385, 512), 'indexing time (s)': 9.5367431640625e-07, 'chunk number': 1650, 'reduction time (s)': 0.5148417949676514, 'chunks processed': 15, 'storage read (B)': 29686785, 'selection 2 time (s)': 0.5301060676574707}
Thread times [0.149993896484375, 0.1577460765838623, 0.42565083503723145, 0.4363441467285156, 0.4946320056915283, 0.5222601890563965, 0.5265438556671143, 0.5268611907958984, 0.5299289226531982, 0.5275988578796387, 0.5322780609130859, 0.5312440395355225, 0.5332720279693604, 0.5380039215087891, 0.5405640602111816]
{'args': ((28, 0, slice(0, 960, None), slice(None, None, None)),), 'dataset shape': (40, 11, 1921, 2560), 'dataset chunks': (7, 1, 385, 512), 'indexing time (s)': 9.5367431640625e-07, 'chunk number': 1650, 'reduction time (s)': 0.5479612350463867, 'chunks processed': 15, 'storage read (B)': 29670387, 'selection 2 time (s)': 0.5570378303527832}
Thread times [0.08925271034240723, 0.10147500038146973, 0.12035322189331055, 0.43114805221557617, 0.45428991317749023, 0.4627871513366699, 0.4674389362335205, 0.4718639850616455, 0.4734201431274414, 0.4747738838195801, 0.4750220775604248, 0.4788820743560791, 0.4806687831878662, 0.49633002281188965, 0.49878787994384766]
{'args': ((29, 0, slice(0, 960, None), slice(None, None, None)),), 'dataset shape': (40, 11, 1921, 2560), 'dataset chunks': (7, 1, 385, 512), 'indexing time (s)': 1.1920928955078125e-06, 'chunk number': 1650, 'reduction time (s)': 0.5041069984436035, 'chunks processed': 15, 'storage read (B)': 29670387, 'selection 2 time (s)': 0.5190117359161377}
Thread times [0.108734130859375, 0.31287670135498047, 0.35468435287475586, 0.4783329963684082, 0.4807579517364502, 0.48944711685180664, 0.5001780986785889, 0.5139830112457275, 0.5189740657806396, 0.5173099040985107, 0.5243949890136719, 0.5283920764923096, 0.5312082767486572, 0.5310440063476562, 0.5508379936218262]
{'args': ((30, 0, slice(0, 960, None), slice(None, None, None)),), 'dataset shape': (40, 11, 1921, 2560), 'dataset chunks': (7, 1, 385, 512), 'indexing time (s)': 9.5367431640625e-07, 'chunk number': 1650, 'reduction time (s)': 0.5584728717803955, 'chunks processed': 15, 'storage read (B)': 29670387, 'selection 2 time (s)': 0.5741298198699951}
Thread times [0.10662007331848145, 0.1564788818359375, 0.25037693977355957, 0.31124114990234375, 0.431671142578125, 0.4348909854888916, 0.4499940872192383, 0.4502410888671875, 0.46050596237182617, 0.4575481414794922, 0.4722480773925781, 0.4747171401977539, 0.47430992126464844, 0.48036813735961914, 0.515826940536499]
{'args': ((31, 0, slice(0, 960, None), slice(None, None, None)),), 'dataset shape': (40, 11, 1921, 2560), 'dataset chunks': (7, 1, 385, 512), 'indexing time (s)': 9.5367431640625e-07, 'chunk number': 1650, 'reduction time (s)': 0.5225660800933838, 'chunks processed': 15, 'storage read (B)': 29670387, 'selection 2 time (s)': 0.5359580516815186}
Thread times [0.15837407112121582, 0.17311406135559082, 0.17586374282836914, 0.43715405464172363, 0.45784687995910645, 0.5559310913085938, 0.5706350803375244, 0.5735507011413574, 0.5766921043395996, 0.5705029964447021, 0.5914769172668457, 0.5908660888671875, 0.5949039459228516, 0.5976440906524658, 0.5969979763031006]
{'args': ((32, 0, slice(0, 960, None), slice(None, None, None)),), 'dataset shape': (40, 11, 1921, 2560), 'dataset chunks': (7, 1, 385, 512), 'indexing time (s)': 7.152557373046875e-07, 'chunk number': 1650, 'reduction time (s)': 0.6227538585662842, 'chunks processed': 15, 'storage read (B)': 29670387, 'selection 2 time (s)': 0.6314740180969238}
Thread times [0.12548398971557617, 0.14144587516784668, 0.12289929389953613, 0.11703610420227051, 0.2371220588684082, 0.3964989185333252, 0.4153709411621094, 0.42252492904663086, 0.434398889541626, 0.4266929626464844, 0.41038084030151367, 0.43721818923950195, 0.43131017684936523, 0.4275081157684326, 0.426253080368042]
{'args': ((33, 0, slice(0, 960, None), slice(None, None, None)),), 'dataset shape': (40, 11, 1921, 2560), 'dataset chunks': (7, 1, 385, 512), 'indexing time (s)': 0.0, 'chunk number': 1650, 'reduction time (s)': 0.46158790588378906, 'chunks processed': 15, 'storage read (B)': 29670387, 'selection 2 time (s)': 0.47052478790283203}
Thread times [0.2605459690093994, 0.3763160705566406, 0.5227940082550049, 0.535362958908081, 0.5432529449462891, 0.5439209938049316, 0.5501728057861328, 0.5660386085510254, 0.5675690174102783, 0.569451093673706, 0.574103832244873, 0.5757510662078857, 0.5763530731201172, 0.5798180103302002, 0.591282844543457]
{'args': ((34, 0, slice(0, 960, None), slice(None, None, None)),), 'dataset shape': (40, 11, 1921, 2560), 'dataset chunks': (7, 1, 385, 512), 'indexing time (s)': 9.5367431640625e-07, 'chunk number': 1650, 'reduction time (s)': 0.5942339897155762, 'chunks processed': 15, 'storage read (B)': 29670387, 'selection 2 time (s)': 0.6053760051727295}
Thread times [0.11419010162353516, 0.12663006782531738, 0.15939974784851074, 0.16080784797668457, 0.16322088241577148, 0.23839426040649414, 0.29732680320739746, 0.32114171981811523, 0.3269350528717041, 0.325577974319458, 0.3284308910369873, 0.3310520648956299, 0.33499693870544434, 0.33510804176330566, 0.34351611137390137]
{'args': ((35, 0, slice(0, 960, None), slice(None, None, None)),), 'dataset shape': (40, 11, 1921, 2560), 'dataset chunks': (7, 1, 385, 512), 'indexing time (s)': 7.152557373046875e-07, 'chunk number': 1650, 'reduction time (s)': 0.34696006774902344, 'chunks processed': 15, 'storage read (B)': 21287473, 'selection 2 time (s)': 0.36183619499206543}
Thread times [0.31961989402770996, 0.33751702308654785, 0.3823370933532715, 0.3926389217376709, 0.4082767963409424, 0.4099280834197998, 0.40457630157470703, 0.4148828983306885, 0.4088709354400635, 0.41388607025146484, 0.4146089553833008, 0.4158780574798584, 0.418626070022583, 0.4175453186035156, 0.42030954360961914]
{'args': ((36, 0, slice(0, 960, None), slice(None, None, None)),), 'dataset shape': (40, 11, 1921, 2560), 'dataset chunks': (7, 1, 385, 512), 'indexing time (s)': 1.1920928955078125e-06, 'chunk number': 1650, 'reduction time (s)': 0.42861199378967285, 'chunks processed': 15, 'storage read (B)': 21287473, 'selection 2 time (s)': 0.4405980110168457}
Thread times [0.20787906646728516, 0.2717900276184082, 0.29546213150024414, 0.36639404296875, 0.36124372482299805, 0.3636038303375244, 0.4130570888519287, 0.4175417423248291, 0.41699934005737305, 0.41340017318725586, 0.41875314712524414, 0.42664098739624023, 0.4268202781677246, 0.42740797996520996, 0.43074893951416016]
{'args': ((37, 0, slice(0, 960, None), slice(None, None, None)),), 'dataset shape': (40, 11, 1921, 2560), 'dataset chunks': (7, 1, 385, 512), 'indexing time (s)': 9.5367431640625e-07, 'chunk number': 1650, 'reduction time (s)': 0.43811988830566406, 'chunks processed': 15, 'storage read (B)': 21287473, 'selection 2 time (s)': 0.45235681533813477}
Thread times [0.2177271842956543, 0.23989629745483398, 0.24136090278625488, 0.2443530559539795, 0.2664170265197754, 0.26498889923095703, 0.3144218921661377, 0.3229670524597168, 0.32265400886535645, 0.32736897468566895, 0.32674312591552734, 0.3345320224761963, 0.32837700843811035, 0.3411989212036133, 0.33547306060791016]
{'args': ((38, 0, slice(0, 960, None), slice(None, None, None)),), 'dataset shape': (40, 11, 1921, 2560), 'dataset chunks': (7, 1, 385, 512), 'indexing time (s)': 2.1457672119140625e-06, 'chunk number': 1650, 'reduction time (s)': 0.35117292404174805, 'chunks processed': 15, 'storage read (B)': 21287473, 'selection 2 time (s)': 0.36357927322387695}
Thread times [0.28625917434692383, 0.328265905380249, 0.3405618667602539, 0.34927797317504883, 0.35646581649780273, 0.35956501960754395, 0.3595290184020996, 0.359450101852417, 0.3620889186859131, 0.3636202812194824, 0.3625338077545166, 0.3676798343658447, 0.3704521656036377, 0.3732640743255615, 0.37341809272766113]
{'args': ((39, 0, slice(0, 960, None), slice(None, None, None)),), 'dataset shape': (40, 11, 1921, 2560), 'dataset chunks': (7, 1, 385, 512), 'indexing time (s)': 9.5367431640625e-07, 'chunk number': 1650, 'reduction time (s)': 0.381544828414917, 'chunks processed': 15, 'storage read (B)': 21287473, 'selection 2 time (s)': 0.3936281204223633}
[[226.07820312]
 [226.0646875 ]
 [225.93776042]
 [225.90822917]
 [225.91739583]
 [225.88460937]
 [225.82080729]
 [225.854375  ]
 [225.98346354]
 [226.03822917]
 [226.01320312]
 [226.02333333]
 [226.03765625]
 [226.00489583]
 [225.91776042]
 [225.94036458]
 [225.98729167]
 [225.91450521]
 [225.81239583]
 [225.81890625]
 [225.8453125 ]
 [225.785     ]
 [225.63648438]
 [225.5565625 ]
 [225.45744792]
 [225.32382813]
 [225.16335937]
 [225.07786458]
 [225.07846354]
 [225.10669271]
 [225.17609375]
 [225.36867187]
 [225.57927083]
 [225.69083333]
 [225.72221354]
 [225.82369792]
 [225.93640625]
 [225.96763021]
 [225.91872396]
 [225.92236979]]
Summary:  Uni24-np3:Active (T100,BS1): 1.23s,20.93s,29.82s
