Dataset loaded from S3 with s3fs and Pyfive: bnl/ch330a.pc19790301-def.nc (0.045,0.94)
Thread times [0.08348298072814941, 0.05621194839477539, 0.06514787673950195, 0.07860088348388672, 0.10988783836364746, 0.08579206466674805, 0.0865941047668457, 0.09481191635131836, 0.2645118236541748, 0.12761497497558594, 0.09313416481018066, 0.28348803520202637, 0.09248614311218262, 0.08606696128845215, 0.0990288257598877]
{'load nc time': 1.1149060726165771, 'args': ((0, 0, slice(0, 960, None), slice(None, None, None)),), 'dataset shape': (40, 11, 1921, 2560), 'dataset chunks': (7, 1, 385, 512), 'indexing time (s)': 5.242354869842529, 'chunk number': 1650, 'reduction time (s)': 1.7076239585876465, 'chunks processed': 15, 'storage read (B)': 29685482, 'selection 2 time (s)': 6.951152086257935}
Thread times [0.09985113143920898, 0.05220198631286621, 0.07966208457946777, 0.06468772888183594, 0.09627795219421387, 0.08917093276977539, 0.1083378791809082, 0.07974600791931152, 0.2667567729949951, 0.07796311378479004, 0.12392187118530273, 0.24037981033325195, 0.07332801818847656, 0.09408998489379883, 0.11863207817077637]
{'args': ((1, 0, slice(0, 960, None), slice(None, None, None)),), 'dataset shape': (40, 11, 1921, 2560), 'dataset chunks': (7, 1, 385, 512), 'indexing time (s)': 1.1920928955078125e-06, 'chunk number': 1650, 'reduction time (s)': 1.66618013381958, 'chunks processed': 15, 'storage read (B)': 29685482, 'selection 2 time (s)': 1.6682980060577393}
Thread times [0.09639811515808105, 0.06756401062011719, 0.0668938159942627, 0.07747673988342285, 0.12160110473632812, 0.08275103569030762, 0.09821701049804688, 0.11023783683776855, 0.2667567729949951, 0.11578893661499023, 0.08745789527893066, 0.2489616870880127, 0.28815412521362305, 0.1107940673828125, 0.077117919921875]
{'args': ((2, 0, slice(0, 960, None), slice(None, None, None)),), 'dataset shape': (40, 11, 1921, 2560), 'dataset chunks': (7, 1, 385, 512), 'indexing time (s)': 7.152557373046875e-07, 'chunk number': 1650, 'reduction time (s)': 1.9179229736328125, 'chunks processed': 15, 'storage read (B)': 29685482, 'selection 2 time (s)': 1.9211828708648682}
Thread times [0.1212759017944336, 0.10882925987243652, 0.07270407676696777, 0.06998491287231445, 0.0820930004119873, 0.08192300796508789, 0.09873604774475098, 0.14769792556762695, 0.2804899215698242, 0.08658480644226074, 0.08940315246582031, 0.35711216926574707, 0.0877830982208252, 0.17475509643554688, 0.10457301139831543]
{'args': ((3, 0, slice(0, 960, None), slice(None, None, None)),), 'dataset shape': (40, 11, 1921, 2560), 'dataset chunks': (7, 1, 385, 512), 'indexing time (s)': 2.1457672119140625e-06, 'chunk number': 1650, 'reduction time (s)': 1.9655239582061768, 'chunks processed': 15, 'storage read (B)': 29685482, 'selection 2 time (s)': 1.9686541557312012}
Thread times [0.1141197681427002, 0.05515098571777344, 0.0739128589630127, 0.07464981079101562, 0.08391904830932617, 0.0953972339630127, 0.08831620216369629, 0.09745001792907715, 0.3390340805053711, 0.11961007118225098, 0.09680986404418945, 0.24170708656311035, 0.08745408058166504, 0.09421896934509277, 0.09178280830383301]
{'args': ((4, 0, slice(0, 960, None), slice(None, None, None)),), 'dataset shape': (40, 11, 1921, 2560), 'dataset chunks': (7, 1, 385, 512), 'indexing time (s)': 2.1457672119140625e-06, 'chunk number': 1650, 'reduction time (s)': 1.7550921440124512, 'chunks processed': 15, 'storage read (B)': 29685482, 'selection 2 time (s)': 1.7575562000274658}
Thread times [0.10181689262390137, 0.07136893272399902, 0.07962274551391602, 0.06595110893249512, 0.09312701225280762, 0.09830188751220703, 0.0982661247253418, 0.09852004051208496, 0.2688150405883789, 0.07327985763549805, 0.08424496650695801, 0.23804116249084473, 0.09419584274291992, 0.08559989929199219, 0.1002953052520752]
{'args': ((5, 0, slice(0, 960, None), slice(None, None, None)),), 'dataset shape': (40, 11, 1921, 2560), 'dataset chunks': (7, 1, 385, 512), 'indexing time (s)': 9.5367431640625e-07, 'chunk number': 1650, 'reduction time (s)': 1.6526820659637451, 'chunks processed': 15, 'storage read (B)': 29685482, 'selection 2 time (s)': 1.654714822769165}
Thread times [0.09893202781677246, 0.06706118583679199, 0.07941198348999023, 0.0804901123046875, 0.08807802200317383, 0.11599206924438477, 0.09331798553466797, 0.08409905433654785, 0.3576679229736328, 0.08377861976623535, 0.1421959400177002, 0.24945473670959473, 0.12243080139160156, 0.1156301498413086, 0.10410809516906738]
{'args': ((6, 0, slice(0, 960, None), slice(None, None, None)),), 'dataset shape': (40, 11, 1921, 2560), 'dataset chunks': (7, 1, 385, 512), 'indexing time (s)': 1.9073486328125e-06, 'chunk number': 1650, 'reduction time (s)': 1.8840200901031494, 'chunks processed': 15, 'storage read (B)': 29685482, 'selection 2 time (s)': 1.8871219158172607}
Thread times [0.10300111770629883, 0.05769491195678711, 0.08369588851928711, 0.10438227653503418, 0.08420610427856445, 0.10258793830871582, 0.11385488510131836, 0.09352660179138184, 0.2660651206970215, 0.10622406005859375, 0.0906829833984375, 0.09587407112121582, 0.08611202239990234, 0.09423279762268066, 0.0884861946105957]
{'args': ((7, 0, slice(0, 960, None), slice(None, None, None)),), 'dataset shape': (40, 11, 1921, 2560), 'dataset chunks': (7, 1, 385, 512), 'indexing time (s)': 2.1457672119140625e-06, 'chunk number': 1650, 'reduction time (s)': 1.5718622207641602, 'chunks processed': 15, 'storage read (B)': 29701892, 'selection 2 time (s)': 1.573094129562378}
Thread times [0.0948030948638916, 0.06489396095275879, 0.08626985549926758, 0.1713120937347412, 0.12535667419433594, 0.1353902816772461, 0.09186506271362305, 0.09825682640075684, 0.34772682189941406, 0.09720110893249512, 0.0836179256439209, 0.11687183380126953, 0.08550000190734863, 0.09185409545898438, 0.09937405586242676]
{'args': ((8, 0, slice(0, 960, None), slice(None, None, None)),), 'dataset shape': (40, 11, 1921, 2560), 'dataset chunks': (7, 1, 385, 512), 'indexing time (s)': 9.5367431640625e-07, 'chunk number': 1650, 'reduction time (s)': 1.7915551662445068, 'chunks processed': 15, 'storage read (B)': 29701892, 'selection 2 time (s)': 1.793625831604004}
Thread times [0.10595417022705078, 0.056704044342041016, 0.08020401000976562, 0.1005091667175293, 0.08375978469848633, 0.10948705673217773, 0.09359884262084961, 0.09583210945129395, 0.24412178993225098, 0.08018779754638672, 0.09294891357421875, 0.09959173202514648, 0.3286757469177246, 0.08520078659057617, 0.19644689559936523]
{'args': ((9, 0, slice(0, 960, None), slice(None, None, None)),), 'dataset shape': (40, 11, 1921, 2560), 'dataset chunks': (7, 1, 385, 512), 'indexing time (s)': 1.9073486328125e-06, 'chunk number': 1650, 'reduction time (s)': 1.8545122146606445, 'chunks processed': 15, 'storage read (B)': 29701892, 'selection 2 time (s)': 1.8566370010375977}
Thread times [0.09984278678894043, 0.06291580200195312, 0.08073115348815918, 0.09636187553405762, 0.10149407386779785, 0.07871413230895996, 0.09709525108337402, 0.1262509822845459, 0.28131604194641113, 0.14774489402770996, 0.12111926078796387, 0.10548782348632812, 0.1326451301574707, 0.12428021430969238, 0.08877778053283691]
{'args': ((10, 0, slice(0, 960, None), slice(None, None, None)),), 'dataset shape': (40, 11, 1921, 2560), 'dataset chunks': (7, 1, 385, 512), 'indexing time (s)': 1.9073486328125e-06, 'chunk number': 1650, 'reduction time (s)': 1.7466340065002441, 'chunks processed': 15, 'storage read (B)': 29701892, 'selection 2 time (s)': 1.7490289211273193}
Thread times [0.13915300369262695, 0.05356478691101074, 0.0793299674987793, 0.12377500534057617, 0.09256410598754883, 0.09226202964782715, 0.18039512634277344, 0.11636686325073242, 0.26319193840026855, 0.18751096725463867, 0.08322262763977051, 0.08603310585021973, 0.09610176086425781, 0.09137582778930664, 0.13870620727539062]
{'args': ((11, 0, slice(0, 960, None), slice(None, None, None)),), 'dataset shape': (40, 11, 1921, 2560), 'dataset chunks': (7, 1, 385, 512), 'indexing time (s)': 2.1457672119140625e-06, 'chunk number': 1650, 'reduction time (s)': 1.825209140777588, 'chunks processed': 15, 'storage read (B)': 29701892, 'selection 2 time (s)': 1.8277459144592285}
Thread times [0.09810209274291992, 0.07339596748352051, 0.08359694480895996, 0.07361102104187012, 0.08301830291748047, 0.0879659652709961, 0.091094970703125, 0.08893370628356934, 0.2707979679107666, 0.09288787841796875, 0.08504819869995117, 0.0891268253326416, 0.08776998519897461, 0.12460803985595703, 0.07847785949707031]
{'args': ((12, 0, slice(0, 960, None), slice(None, None, None)),), 'dataset shape': (40, 11, 1921, 2560), 'dataset chunks': (7, 1, 385, 512), 'indexing time (s)': 2.1457672119140625e-06, 'chunk number': 1650, 'reduction time (s)': 1.5098021030426025, 'chunks processed': 15, 'storage read (B)': 29701892, 'selection 2 time (s)': 1.5118029117584229}
Thread times [0.09632992744445801, 0.05277204513549805, 0.07941913604736328, 0.07503008842468262, 0.09770607948303223, 0.09094405174255371, 0.08995199203491211, 0.10224699974060059, 0.2910478115081787, 0.13866305351257324, 0.10008692741394043, 0.09186196327209473, 0.09535884857177734, 0.09103918075561523, 0.09822797775268555]
{'args': ((13, 0, slice(0, 960, None), slice(None, None, None)),), 'dataset shape': (40, 11, 1921, 2560), 'dataset chunks': (7, 1, 385, 512), 'indexing time (s)': 1.9073486328125e-06, 'chunk number': 1650, 'reduction time (s)': 1.5919182300567627, 'chunks processed': 15, 'storage read (B)': 29701892, 'selection 2 time (s)': 1.5937747955322266}
Thread times [0.10461902618408203, 0.09579086303710938, 0.0754549503326416, 0.08552908897399902, 0.11077618598937988, 0.1152191162109375, 0.09855294227600098, 0.1538691520690918, 0.28290414810180664, 0.1993269920349121, 0.09848904609680176, 0.08937597274780273, 0.09022998809814453, 0.09171080589294434, 0.0875389575958252]
{'args': ((14, 0, slice(0, 960, None), slice(None, None, None)),), 'dataset shape': (40, 11, 1921, 2560), 'dataset chunks': (7, 1, 385, 512), 'indexing time (s)': 1.9073486328125e-06, 'chunk number': 1650, 'reduction time (s)': 1.7809960842132568, 'chunks processed': 15, 'storage read (B)': 29733505, 'selection 2 time (s)': 1.7837653160095215}
Thread times [0.09991192817687988, 0.08693504333496094, 0.2082061767578125, 0.08440589904785156, 0.0809481143951416, 0.1683807373046875, 0.1016838550567627, 0.10698294639587402, 0.24497413635253906, 0.09789705276489258, 0.09388995170593262, 0.09765386581420898, 0.12057805061340332, 0.08812308311462402, 0.09303903579711914]
{'args': ((15, 0, slice(0, 960, None), slice(None, None, None)),), 'dataset shape': (40, 11, 1921, 2560), 'dataset chunks': (7, 1, 385, 512), 'indexing time (s)': 1.9073486328125e-06, 'chunk number': 1650, 'reduction time (s)': 1.7750999927520752, 'chunks processed': 15, 'storage read (B)': 29733505, 'selection 2 time (s)': 1.7785999774932861}
Thread times [0.09558415412902832, 0.07037687301635742, 0.08433008193969727, 0.08262395858764648, 0.07660102844238281, 0.09143400192260742, 0.10494709014892578, 0.09313702583312988, 0.34197521209716797, 0.09588098526000977, 0.08025717735290527, 0.08890104293823242, 0.0900580883026123, 0.09198498725891113, 0.12399101257324219]
{'args': ((16, 0, slice(0, 960, None), slice(None, None, None)),), 'dataset shape': (40, 11, 1921, 2560), 'dataset chunks': (7, 1, 385, 512), 'indexing time (s)': 1.9073486328125e-06, 'chunk number': 1650, 'reduction time (s)': 1.613584280014038, 'chunks processed': 15, 'storage read (B)': 29733505, 'selection 2 time (s)': 1.6159141063690186}
Thread times [0.1058359146118164, 0.07006382942199707, 0.07709884643554688, 0.06782698631286621, 0.11580085754394531, 0.09040403366088867, 0.1047658920288086, 0.15294885635375977, 0.3816390037536621, 0.10835814476013184, 0.10280275344848633, 0.08743500709533691, 0.11648297309875488, 0.13614201545715332, 0.08148908615112305]
{'args': ((17, 0, slice(0, 960, None), slice(None, None, None)),), 'dataset shape': (40, 11, 1921, 2560), 'dataset chunks': (7, 1, 385, 512), 'indexing time (s)': 1.9073486328125e-06, 'chunk number': 1650, 'reduction time (s)': 1.8006548881530762, 'chunks processed': 15, 'storage read (B)': 29733505, 'selection 2 time (s)': 1.803070068359375}
Thread times [0.09688878059387207, 0.08394598960876465, 0.06779193878173828, 0.16021728515625, 0.08505606651306152, 0.08912897109985352, 0.08285117149353027, 0.10577511787414551, 0.26349902153015137, 0.1063070297241211, 0.0799109935760498, 0.09804391860961914, 0.09726214408874512, 0.08667612075805664, 0.09295940399169922]
{'args': ((18, 0, slice(0, 960, None), slice(None, None, None)),), 'dataset shape': (40, 11, 1921, 2560), 'dataset chunks': (7, 1, 385, 512), 'indexing time (s)': 2.1457672119140625e-06, 'chunk number': 1650, 'reduction time (s)': 1.5977258682250977, 'chunks processed': 15, 'storage read (B)': 29733505, 'selection 2 time (s)': 1.600074052810669}
Thread times [0.09531021118164062, 0.17460131645202637, 0.08506202697753906, 0.07828116416931152, 0.09979414939880371, 0.0895242691040039, 0.09492874145507812, 0.09839797019958496, 0.32652807235717773, 0.1171119213104248, 0.07644200325012207, 0.09416413307189941, 0.12282299995422363, 0.09063601493835449, 0.09276294708251953]
{'args': ((19, 0, slice(0, 960, None), slice(None, None, None)),), 'dataset shape': (40, 11, 1921, 2560), 'dataset chunks': (7, 1, 385, 512), 'indexing time (s)': 2.1457672119140625e-06, 'chunk number': 1650, 'reduction time (s)': 1.73757004737854, 'chunks processed': 15, 'storage read (B)': 29733505, 'selection 2 time (s)': 1.7386901378631592}
Thread times [0.14390897750854492, 0.08711099624633789, 0.18027973175048828, 0.08135795593261719, 0.08835315704345703, 0.09913969039916992, 0.09737801551818848, 0.08959794044494629, 0.3799278736114502, 0.10388922691345215, 0.15479707717895508, 0.096771240234375, 0.14103984832763672, 0.10714483261108398, 0.09067487716674805]
{'args': ((20, 0, slice(0, 960, None), slice(None, None, None)),), 'dataset shape': (40, 11, 1921, 2560), 'dataset chunks': (7, 1, 385, 512), 'indexing time (s)': 0.0, 'chunk number': 1650, 'reduction time (s)': 1.9434058666229248, 'chunks processed': 15, 'storage read (B)': 29733505, 'selection 2 time (s)': 1.944715976715088}
Thread times [0.09267687797546387, 0.06299209594726562, 0.09319210052490234, 0.13078594207763672, 0.06209158897399902, 0.12235403060913086, 0.1302330493927002, 0.08508014678955078, 0.09857416152954102, 0.09996271133422852, 0.0853118896484375, 0.11542558670043945, 0.3754889965057373, 0.3069167137145996, 0.08952093124389648]
{'args': ((21, 0, slice(0, 960, None), slice(None, None, None)),), 'dataset shape': (40, 11, 1921, 2560), 'dataset chunks': (7, 1, 385, 512), 'indexing time (s)': 9.5367431640625e-07, 'chunk number': 1650, 'reduction time (s)': 1.9524550437927246, 'chunks processed': 15, 'storage read (B)': 29686785, 'selection 2 time (s)': 1.9547860622406006}
Thread times [0.1366899013519287, 0.055040836334228516, 0.1087789535522461, 0.12835097312927246, 0.07127881050109863, 0.08676314353942871, 0.09222912788391113, 0.09434175491333008, 0.09257674217224121, 0.1035311222076416, 0.08746910095214844, 0.09706521034240723, 0.2892332077026367, 0.26111507415771484, 0.13675403594970703]
{'args': ((22, 0, slice(0, 960, None), slice(None, None, None)),), 'dataset shape': (40, 11, 1921, 2560), 'dataset chunks': (7, 1, 385, 512), 'indexing time (s)': 1.9073486328125e-06, 'chunk number': 1650, 'reduction time (s)': 1.8426201343536377, 'chunks processed': 15, 'storage read (B)': 29686785, 'selection 2 time (s)': 1.845041036605835}
Thread times [0.10279107093811035, 0.06190896034240723, 0.08984494209289551, 0.0837860107421875, 0.06511688232421875, 0.0819098949432373, 0.08386588096618652, 0.1900320053100586, 0.13861918449401855, 0.10195207595825195, 0.08605098724365234, 0.11032509803771973, 0.34666013717651367, 0.24560880661010742, 0.08276486396789551]
{'args': ((23, 0, slice(0, 960, None), slice(None, None, None)),), 'dataset shape': (40, 11, 1921, 2560), 'dataset chunks': (7, 1, 385, 512), 'indexing time (s)': 2.1457672119140625e-06, 'chunk number': 1650, 'reduction time (s)': 1.8724689483642578, 'chunks processed': 15, 'storage read (B)': 29686785, 'selection 2 time (s)': 1.8735971450805664}
Thread times [0.09154009819030762, 0.05537295341491699, 0.09273481369018555, 0.08599710464477539, 0.06914806365966797, 0.08858919143676758, 0.08908390998840332, 0.08990073204040527, 0.11634421348571777, 0.08730101585388184, 0.0951690673828125, 0.09324193000793457, 0.35631680488586426, 0.25675511360168457, 0.07338809967041016]
{'args': ((24, 0, slice(0, 960, None), slice(None, None, None)),), 'dataset shape': (40, 11, 1921, 2560), 'dataset chunks': (7, 1, 385, 512), 'indexing time (s)': 9.5367431640625e-07, 'chunk number': 1650, 'reduction time (s)': 1.7422547340393066, 'chunks processed': 15, 'storage read (B)': 29686785, 'selection 2 time (s)': 1.7447841167449951}
Thread times [0.10657191276550293, 0.05637693405151367, 0.08845782279968262, 0.09098982810974121, 0.06550812721252441, 0.08747386932373047, 0.08718013763427734, 0.08558893203735352, 0.09020614624023438, 0.09186196327209473, 0.10072493553161621, 0.08162093162536621, 0.21451115608215332, 0.19123101234436035, 0.07283830642700195]
{'args': ((25, 0, slice(0, 960, None), slice(None, None, None)),), 'dataset shape': (40, 11, 1921, 2560), 'dataset chunks': (7, 1, 385, 512), 'indexing time (s)': 1.9073486328125e-06, 'chunk number': 1650, 'reduction time (s)': 1.512706995010376, 'chunks processed': 15, 'storage read (B)': 29686785, 'selection 2 time (s)': 1.5152158737182617}
Thread times [0.11896395683288574, 0.0578610897064209, 0.08619284629821777, 0.07922506332397461, 0.07003474235534668, 0.08311176300048828, 0.09164690971374512, 0.08876419067382812, 0.09932732582092285, 0.08730792999267578, 0.0799093246459961, 0.09781980514526367, 0.2512989044189453, 0.21605992317199707, 0.07288503646850586]
{'args': ((26, 0, slice(0, 960, None), slice(None, None, None)),), 'dataset shape': (40, 11, 1921, 2560), 'dataset chunks': (7, 1, 385, 512), 'indexing time (s)': 1.6689300537109375e-06, 'chunk number': 1650, 'reduction time (s)': 1.5816259384155273, 'chunks processed': 15, 'storage read (B)': 29686785, 'selection 2 time (s)': 1.5827291011810303}
Thread times [0.07970380783081055, 0.07855486869812012, 0.07451081275939941, 0.07405972480773926, 0.06496810913085938, 0.0759739875793457, 0.1034698486328125, 0.08214402198791504, 0.09412002563476562, 0.07604670524597168, 0.07599592208862305, 0.08269906044006348, 0.24738478660583496, 0.19940781593322754, 0.0795598030090332]
{'args': ((27, 0, slice(0, 960, None), slice(None, None, None)),), 'dataset shape': (40, 11, 1921, 2560), 'dataset chunks': (7, 1, 385, 512), 'indexing time (s)': 9.5367431640625e-07, 'chunk number': 1650, 'reduction time (s)': 1.4899561405181885, 'chunks processed': 15, 'storage read (B)': 29686785, 'selection 2 time (s)': 1.4925332069396973}
Thread times [0.10026383399963379, 0.0614781379699707, 0.2144479751586914, 0.14379310607910156, 0.0853569507598877, 0.0973970890045166, 0.08731794357299805, 0.09176921844482422, 0.09969592094421387, 0.1014871597290039, 0.11571311950683594, 0.32738208770751953, 0.10051679611206055, 0.09137892723083496, 0.08581686019897461]
{'args': ((28, 0, slice(0, 960, None), slice(None, None, None)),), 'dataset shape': (40, 11, 1921, 2560), 'dataset chunks': (7, 1, 385, 512), 'indexing time (s)': 1.6689300537109375e-06, 'chunk number': 1650, 'reduction time (s)': 1.8053338527679443, 'chunks processed': 15, 'storage read (B)': 29670387, 'selection 2 time (s)': 1.8082051277160645}
Thread times [0.09794425964355469, 0.06087303161621094, 0.1060028076171875, 0.0813748836517334, 0.09040999412536621, 0.09313392639160156, 0.1029052734375, 0.1474609375, 0.09409594535827637, 0.07691597938537598, 0.09613895416259766, 0.23691797256469727, 0.07565093040466309, 0.07974410057067871, 0.17095303535461426]
{'args': ((29, 0, slice(0, 960, None), slice(None, None, None)),), 'dataset shape': (40, 11, 1921, 2560), 'dataset chunks': (7, 1, 385, 512), 'indexing time (s)': 2.1457672119140625e-06, 'chunk number': 1650, 'reduction time (s)': 1.6118578910827637, 'chunks processed': 15, 'storage read (B)': 29670387, 'selection 2 time (s)': 1.6141266822814941}
Thread times [0.0972442626953125, 0.06290507316589355, 0.12500715255737305, 0.08511209487915039, 0.07915115356445312, 0.0948648452758789, 0.08645987510681152, 0.08966875076293945, 0.08320903778076172, 0.10130715370178223, 0.08636808395385742, 0.25101399421691895, 0.11202096939086914, 0.08936810493469238, 0.07622385025024414]
{'args': ((30, 0, slice(0, 960, None), slice(None, None, None)),), 'dataset shape': (40, 11, 1921, 2560), 'dataset chunks': (7, 1, 385, 512), 'indexing time (s)': 1.9073486328125e-06, 'chunk number': 1650, 'reduction time (s)': 1.5214736461639404, 'chunks processed': 15, 'storage read (B)': 29670387, 'selection 2 time (s)': 1.5236930847167969}
Thread times [0.09215688705444336, 0.060420989990234375, 0.07989311218261719, 0.09940814971923828, 0.09415006637573242, 0.09429788589477539, 0.10071992874145508, 0.08751583099365234, 0.09459710121154785, 0.10167908668518066, 0.13972783088684082, 0.24890875816345215, 0.08553814888000488, 0.08965229988098145, 0.08304190635681152]
{'args': ((31, 0, slice(0, 960, None), slice(None, None, None)),), 'dataset shape': (40, 11, 1921, 2560), 'dataset chunks': (7, 1, 385, 512), 'indexing time (s)': 1.1920928955078125e-06, 'chunk number': 1650, 'reduction time (s)': 1.5531980991363525, 'chunks processed': 15, 'storage read (B)': 29670387, 'selection 2 time (s)': 1.5556888580322266}
Thread times [0.09764885902404785, 0.052094221115112305, 0.08373785018920898, 0.07399821281433105, 0.13790321350097656, 0.1022958755493164, 0.10083889961242676, 0.09512615203857422, 0.10112190246582031, 0.0877070426940918, 0.08955597877502441, 0.24372506141662598, 0.07988214492797852, 0.08535194396972656, 0.08999490737915039]
{'args': ((32, 0, slice(0, 960, None), slice(None, None, None)),), 'dataset shape': (40, 11, 1921, 2560), 'dataset chunks': (7, 1, 385, 512), 'indexing time (s)': 1.9073486328125e-06, 'chunk number': 1650, 'reduction time (s)': 1.5222227573394775, 'chunks processed': 15, 'storage read (B)': 29670387, 'selection 2 time (s)': 1.5249090194702148}
Thread times [0.10607576370239258, 0.07186102867126465, 0.10679006576538086, 0.08250761032104492, 0.07835006713867188, 0.15688610076904297, 0.09170675277709961, 0.07937383651733398, 0.08519792556762695, 0.0934290885925293, 0.08530879020690918, 0.244171142578125, 0.2138829231262207, 0.08108901977539062, 0.09519386291503906]
{'args': ((33, 0, slice(0, 960, None), slice(None, None, None)),), 'dataset shape': (40, 11, 1921, 2560), 'dataset chunks': (7, 1, 385, 512), 'indexing time (s)': 2.1457672119140625e-06, 'chunk number': 1650, 'reduction time (s)': 1.6732749938964844, 'chunks processed': 15, 'storage read (B)': 29670387, 'selection 2 time (s)': 1.6759541034698486}
Thread times [0.09666180610656738, 0.06621885299682617, 0.16288089752197266, 0.0940389633178711, 0.08809304237365723, 0.0961461067199707, 0.09471392631530762, 0.12843608856201172, 0.08977413177490234, 0.08669090270996094, 0.08614969253540039, 0.3694310188293457, 0.08662915229797363, 0.11072015762329102, 0.09199309349060059]
{'args': ((34, 0, slice(0, 960, None), slice(None, None, None)),), 'dataset shape': (40, 11, 1921, 2560), 'dataset chunks': (7, 1, 385, 512), 'indexing time (s)': 1.9073486328125e-06, 'chunk number': 1650, 'reduction time (s)': 1.7500369548797607, 'chunks processed': 15, 'storage read (B)': 29670387, 'selection 2 time (s)': 1.752289056777954}
Thread times [0.1120147705078125, 0.0607602596282959, 0.07190084457397461, 0.07604694366455078, 0.06673002243041992, 0.08549022674560547, 0.08275508880615234, 0.07956409454345703, 0.1062173843383789, 0.0872201919555664, 0.0890512466430664, 0.08640170097351074, 0.08893418312072754, 0.07929396629333496, 0.08382201194763184]
{'args': ((35, 0, slice(0, 960, None), slice(None, None, None)),), 'dataset shape': (40, 11, 1921, 2560), 'dataset chunks': (7, 1, 385, 512), 'indexing time (s)': 1.9073486328125e-06, 'chunk number': 1650, 'reduction time (s)': 1.2577300071716309, 'chunks processed': 15, 'storage read (B)': 21287473, 'selection 2 time (s)': 1.2599318027496338}
Thread times [0.10382318496704102, 0.06940793991088867, 0.11213207244873047, 0.07412505149841309, 0.07338619232177734, 0.08836603164672852, 0.11292028427124023, 0.065093994140625, 0.12323117256164551, 0.12875699996948242, 0.08729386329650879, 0.09416890144348145, 0.07671022415161133, 0.09451794624328613, 0.08453822135925293]
{'args': ((36, 0, slice(0, 960, None), slice(None, None, None)),), 'dataset shape': (40, 11, 1921, 2560), 'dataset chunks': (7, 1, 385, 512), 'indexing time (s)': 9.5367431640625e-07, 'chunk number': 1650, 'reduction time (s)': 1.3900470733642578, 'chunks processed': 15, 'storage read (B)': 21287473, 'selection 2 time (s)': 1.3922450542449951}
Thread times [0.12162613868713379, 0.07661104202270508, 0.0646049976348877, 0.0978398323059082, 0.06311392784118652, 0.07857799530029297, 0.07984614372253418, 0.18378901481628418, 0.0825660228729248, 0.08246588706970215, 0.07938814163208008, 0.09044098854064941, 0.08162307739257812, 0.08414316177368164, 0.08327174186706543]
{'args': ((37, 0, slice(0, 960, None), slice(None, None, None)),), 'dataset shape': (40, 11, 1921, 2560), 'dataset chunks': (7, 1, 385, 512), 'indexing time (s)': 2.1457672119140625e-06, 'chunk number': 1650, 'reduction time (s)': 1.3513977527618408, 'chunks processed': 15, 'storage read (B)': 21287473, 'selection 2 time (s)': 1.3538081645965576}
Thread times [0.11730289459228516, 0.04942893981933594, 0.07735514640808105, 0.12481307983398438, 0.08442378044128418, 0.12509703636169434, 0.08957600593566895, 0.09656906127929688, 0.08904719352722168, 0.09125185012817383, 0.10579180717468262, 0.08730697631835938, 0.08358621597290039, 0.08496832847595215, 0.08582186698913574]
{'args': ((38, 0, slice(0, 960, None), slice(None, None, None)),), 'dataset shape': (40, 11, 1921, 2560), 'dataset chunks': (7, 1, 385, 512), 'indexing time (s)': 1.9073486328125e-06, 'chunk number': 1650, 'reduction time (s)': 1.394036054611206, 'chunks processed': 15, 'storage read (B)': 21287473, 'selection 2 time (s)': 1.3966081142425537}
Thread times [0.15462923049926758, 0.05556893348693848, 0.06488204002380371, 0.08982396125793457, 0.06638884544372559, 0.08008718490600586, 0.12797808647155762, 0.08314108848571777, 0.09778594970703125, 0.08964037895202637, 0.0893700122833252, 0.08212614059448242, 0.0896902084350586, 0.07676315307617188, 0.09019708633422852]
{'args': ((39, 0, slice(0, 960, None), slice(None, None, None)),), 'dataset shape': (40, 11, 1921, 2560), 'dataset chunks': (7, 1, 385, 512), 'indexing time (s)': 2.1457672119140625e-06, 'chunk number': 1650, 'reduction time (s)': 1.3395869731903076, 'chunks processed': 15, 'storage read (B)': 21287473, 'selection 2 time (s)': 1.3425049781799316}
[[226.07820312]
 [226.0646875 ]
 [225.93776042]
 [225.90820312]
 [225.91739583]
 [225.88460937]
 [225.82080729]
 [225.85434896]
 [225.9834375 ]
 [226.03822917]
 [226.01317708]
 [226.02333333]
 [226.03765625]
 [226.00486979]
 [225.91778646]
 [225.9403125 ]
 [225.98729167]
 [225.91450521]
 [225.81239583]
 [225.81890625]
 [225.8453125 ]
 [225.785     ]
 [225.63648438]
 [225.5565625 ]
 [225.45744792]
 [225.32382813]
 [225.16335937]
 [225.07786458]
 [225.07846354]
 [225.10669271]
 [225.17606771]
 [225.36867187]
 [225.57927083]
 [225.69083333]
 [225.7221875 ]
 [225.82367188]
 [225.93640625]
 [225.96760417]
 [225.91875   ]
 [225.92236979]]
Summary:  Uni24-np3:Active (T1,BS1): 1.11s,66.85s,73.31s
