Dataset loaded from S3 with s3fs and Pyfive: bnl/ch330a.pc19790301-def.nc (0.065,1.6)
Thread times [0.38823604583740234, 0.3895149230957031, 0.3988668918609619, 0.4498419761657715, 0.44601917266845703, 0.6084010601043701, 0.4863917827606201, 0.49418091773986816, 0.5665521621704102, 0.5265839099884033, 0.49395298957824707, 0.6603298187255859, 0.4784090518951416, 0.5002601146697998, 0.4794759750366211]
{'load nc time': 1.9720418453216553, 'args': ((0, 0, slice(0, 960, None), slice(None, None, None)),), 'dataset shape': (40, 11, 1921, 2560), 'dataset chunks': (7, 1, 385, 512), 'indexing time (s)': 8.66619610786438, 'chunk number': 1650, 'reduction time (s)': 7.368114709854126, 'chunks processed': 15, 'storage read (B)': 29685482, 'selection 1 time (s)': 16.034558057785034}
Thread times [0.34589695930480957, 0.2628459930419922, 0.4059789180755615, 0.5642440319061279, 0.41228413581848145, 0.6379029750823975, 0.4931778907775879, 0.4955790042877197, 0.6462888717651367, 0.425264835357666, 0.45808982849121094, 0.9776182174682617, 0.63726806640625, 0.5661020278930664, 0.5315508842468262]
{'args': ((1, 0, slice(0, 960, None), slice(None, None, None)),), 'dataset shape': (40, 11, 1921, 2560), 'dataset chunks': (7, 1, 385, 512), 'indexing time (s)': 1.1920928955078125e-06, 'chunk number': 1650, 'reduction time (s)': 7.861394166946411, 'chunks processed': 15, 'storage read (B)': 29685482, 'selection 1 time (s)': 7.861640930175781}
Thread times [0.4205608367919922, 0.38347601890563965, 0.4837040901184082, 0.5660848617553711, 0.6810600757598877, 1.0128638744354248, 1.0286800861358643, 0.8836421966552734, 0.7798199653625488, 0.5406820774078369, 0.49451208114624023, 0.6075809001922607, 0.5344219207763672, 0.7227239608764648, 0.767153263092041]
{'args': ((2, 0, slice(0, 960, None), slice(None, None, None)),), 'dataset shape': (40, 11, 1921, 2560), 'dataset chunks': (7, 1, 385, 512), 'indexing time (s)': 2.1457672119140625e-06, 'chunk number': 1650, 'reduction time (s)': 9.908041954040527, 'chunks processed': 15, 'storage read (B)': 29685482, 'selection 1 time (s)': 9.908248901367188}
Thread times [0.5281558036804199, 0.4816720485687256, 0.5195009708404541, 1.4541969299316406, 3.0792768001556396, 5.295419931411743, 2.6885900497436523, 1.0238409042358398, 1.0675687789916992, 0.6840028762817383, 0.8608851432800293, 0.7259109020233154, 0.5149829387664795, 0.522986888885498, 0.5238099098205566]
{'args': ((3, 0, slice(0, 960, None), slice(None, None, None)),), 'dataset shape': (40, 11, 1921, 2560), 'dataset chunks': (7, 1, 385, 512), 'indexing time (s)': 7.152557373046875e-07, 'chunk number': 1650, 'reduction time (s)': 19.971796989440918, 'chunks processed': 15, 'storage read (B)': 29685482, 'selection 1 time (s)': 19.971951246261597}
Thread times [0.430649995803833, 0.38048291206359863, 0.4886031150817871, 0.35839390754699707, 0.4063098430633545, 0.5521759986877441, 0.5871469974517822, 0.46630406379699707, 0.5541291236877441, 0.5099289417266846, 0.4717390537261963, 0.7829179763793945, 0.6496560573577881, 0.5542240142822266, 0.5317649841308594]
{'args': ((4, 0, slice(0, 960, None), slice(None, None, None)),), 'dataset shape': (40, 11, 1921, 2560), 'dataset chunks': (7, 1, 385, 512), 'indexing time (s)': 1.1920928955078125e-06, 'chunk number': 1650, 'reduction time (s)': 7.725527048110962, 'chunks processed': 15, 'storage read (B)': 29685482, 'selection 1 time (s)': 7.725676774978638}
Thread times [0.306779146194458, 0.29675793647766113, 0.3388090133666992, 0.3538980484008789, 0.3534390926361084, 0.46683692932128906, 0.412304162979126, 0.4222099781036377, 0.4927480220794678, 0.40371179580688477, 0.3731689453125, 0.6242289543151855, 0.5367898941040039, 0.4808461666107178, 0.4489457607269287]
{'args': ((5, 0, slice(0, 960, None), slice(None, None, None)),), 'dataset shape': (40, 11, 1921, 2560), 'dataset chunks': (7, 1, 385, 512), 'indexing time (s)': 9.5367431640625e-07, 'chunk number': 1650, 'reduction time (s)': 6.31232476234436, 'chunks processed': 15, 'storage read (B)': 29685482, 'selection 1 time (s)': 6.312448978424072}
Thread times [0.29509592056274414, 0.3739452362060547, 0.4278740882873535, 0.35187816619873047, 0.6622319221496582, 0.7963120937347412, 0.7983267307281494, 0.8069813251495361, 0.5569570064544678, 0.502910852432251, 0.38202404975891113, 1.3265671730041504, 1.5130059719085693, 1.7888760566711426, 1.068345069885254]
{'args': ((6, 0, slice(0, 960, None), slice(None, None, None)),), 'dataset shape': (40, 11, 1921, 2560), 'dataset chunks': (7, 1, 385, 512), 'indexing time (s)': 2.1457672119140625e-06, 'chunk number': 1650, 'reduction time (s)': 11.652292013168335, 'chunks processed': 15, 'storage read (B)': 29685482, 'selection 1 time (s)': 11.652419090270996}
Thread times [0.6892659664154053, 0.6540749073028564, 0.6954529285430908, 0.6696591377258301, 0.5999982357025146, 0.5386528968811035, 0.396820068359375, 0.48337292671203613, 0.3179342746734619, 0.35286402702331543, 0.369920015335083, 0.5418250560760498, 1.0741336345672607, 0.9405250549316406, 0.4952371120452881]
{'args': ((7, 0, slice(0, 960, None), slice(None, None, None)),), 'dataset shape': (40, 11, 1921, 2560), 'dataset chunks': (7, 1, 385, 512), 'indexing time (s)': 9.5367431640625e-07, 'chunk number': 1650, 'reduction time (s)': 8.820727825164795, 'chunks processed': 15, 'storage read (B)': 29701892, 'selection 1 time (s)': 8.820839881896973}
Thread times [0.34700536727905273, 0.30132412910461426, 0.4367408752441406, 0.43252086639404297, 0.5672900676727295, 0.4926173686981201, 0.4772307872772217, 0.525881290435791, 0.29952216148376465, 0.28685593605041504, 0.44602084159851074, 0.4494190216064453, 3.259092092514038, 1.7546710968017578, 1.4167909622192383]
{'args': ((8, 0, slice(0, 960, None), slice(None, None, None)),), 'dataset shape': (40, 11, 1921, 2560), 'dataset chunks': (7, 1, 385, 512), 'indexing time (s)': 9.5367431640625e-07, 'chunk number': 1650, 'reduction time (s)': 11.49395203590393, 'chunks processed': 15, 'storage read (B)': 29701892, 'selection 1 time (s)': 11.494083881378174}
Thread times [0.31615710258483887, 0.3185417652130127, 0.3704848289489746, 0.3546159267425537, 0.4966881275177002, 0.3809800148010254, 0.486159086227417, 0.5615208148956299, 0.31297898292541504, 0.3423960208892822, 0.46190500259399414, 0.4770498275756836, 0.428253173828125, 0.41435813903808594, 0.4709651470184326]
{'args': ((9, 0, slice(0, 960, None), slice(None, None, None)),), 'dataset shape': (40, 11, 1921, 2560), 'dataset chunks': (7, 1, 385, 512), 'indexing time (s)': 9.5367431640625e-07, 'chunk number': 1650, 'reduction time (s)': 6.193962097167969, 'chunks processed': 15, 'storage read (B)': 29701892, 'selection 1 time (s)': 6.194068908691406}
Thread times [0.26552772521972656, 0.29299283027648926, 0.36226582527160645, 0.32175183296203613, 0.3224198818206787, 0.41020989418029785, 0.48175787925720215, 0.4859960079193115, 0.42583274841308594, 0.3232839107513428, 0.45188307762145996, 0.5535240173339844, 0.41628098487854004, 0.48948192596435547, 0.3993191719055176]
{'args': ((10, 0, slice(0, 960, None), slice(None, None, None)),), 'dataset shape': (40, 11, 1921, 2560), 'dataset chunks': (7, 1, 385, 512), 'indexing time (s)': 9.5367431640625e-07, 'chunk number': 1650, 'reduction time (s)': 6.003506898880005, 'chunks processed': 15, 'storage read (B)': 29701892, 'selection 1 time (s)': 6.003641843795776}
Thread times [0.28344082832336426, 0.2557380199432373, 0.33725595474243164, 0.3338508605957031, 0.3392322063446045, 0.4887809753417969, 0.42644715309143066, 0.5923871994018555, 0.31020212173461914, 0.4158799648284912, 0.35637497901916504, 0.46533727645874023, 0.5778689384460449, 0.4323239326477051, 0.4031710624694824]
{'args': ((11, 0, slice(0, 960, None), slice(None, None, None)),), 'dataset shape': (40, 11, 1921, 2560), 'dataset chunks': (7, 1, 385, 512), 'indexing time (s)': 9.5367431640625e-07, 'chunk number': 1650, 'reduction time (s)': 6.019248962402344, 'chunks processed': 15, 'storage read (B)': 29701892, 'selection 1 time (s)': 6.0193798542022705}
Thread times [0.25829029083251953, 0.28827905654907227, 0.30386781692504883, 0.34662914276123047, 0.3086380958557129, 0.6439690589904785, 0.342195987701416, 0.5226109027862549, 0.3281431198120117, 0.47971510887145996, 0.3656907081604004, 0.3882920742034912, 0.46273303031921387, 0.42426204681396484, 0.46182799339294434]
{'args': ((12, 0, slice(0, 960, None), slice(None, None, None)),), 'dataset shape': (40, 11, 1921, 2560), 'dataset chunks': (7, 1, 385, 512), 'indexing time (s)': 9.5367431640625e-07, 'chunk number': 1650, 'reduction time (s)': 5.926178932189941, 'chunks processed': 15, 'storage read (B)': 29701892, 'selection 1 time (s)': 5.926302909851074}
Thread times [0.29472804069519043, 0.31693601608276367, 0.3146021366119385, 0.32205677032470703, 0.36046290397644043, 0.3394768238067627, 0.413219690322876, 0.504875898361206, 0.3336451053619385, 0.30528783798217773, 0.3402860164642334, 0.37200212478637695, 0.6062920093536377, 0.4469578266143799, 0.43024396896362305]
{'args': ((13, 0, slice(0, 960, None), slice(None, None, None)),), 'dataset shape': (40, 11, 1921, 2560), 'dataset chunks': (7, 1, 385, 512), 'indexing time (s)': 9.5367431640625e-07, 'chunk number': 1650, 'reduction time (s)': 5.701933860778809, 'chunks processed': 15, 'storage read (B)': 29701892, 'selection 1 time (s)': 5.702046871185303}
Thread times [0.3824028968811035, 0.3040149211883545, 0.3024899959564209, 0.32738184928894043, 0.2997250556945801, 0.36346888542175293, 0.5387308597564697, 0.4321751594543457, 0.5437307357788086, 0.4576609134674072, 0.34877681732177734, 0.4055471420288086, 0.4046621322631836, 0.43948984146118164, 0.3839108943939209]
{'args': ((14, 0, slice(0, 960, None), slice(None, None, None)),), 'dataset shape': (40, 11, 1921, 2560), 'dataset chunks': (7, 1, 385, 512), 'indexing time (s)': 9.5367431640625e-07, 'chunk number': 1650, 'reduction time (s)': 5.934997081756592, 'chunks processed': 15, 'storage read (B)': 29733505, 'selection 1 time (s)': 5.935104846954346}
Thread times [0.2760319709777832, 0.3030509948730469, 0.6737070083618164, 0.33310914039611816, 0.39538002014160156, 0.3881800174713135, 0.3702709674835205, 0.5607280731201172, 0.3860948085784912, 0.39875102043151855, 0.45271897315979004, 0.541449785232544, 0.47748470306396484, 0.5601997375488281, 0.39902472496032715]
{'args': ((15, 0, slice(0, 960, None), slice(None, None, None)),), 'dataset shape': (40, 11, 1921, 2560), 'dataset chunks': (7, 1, 385, 512), 'indexing time (s)': 9.5367431640625e-07, 'chunk number': 1650, 'reduction time (s)': 6.51715612411499, 'chunks processed': 15, 'storage read (B)': 29733505, 'selection 1 time (s)': 6.517286062240601}
Thread times [0.2578620910644531, 0.2749803066253662, 0.39188098907470703, 0.3581671714782715, 0.3233020305633545, 0.46229982376098633, 0.42603397369384766, 0.439302921295166, 0.42768311500549316, 0.5210208892822266, 0.4854400157928467, 0.4551870822906494, 0.45270800590515137, 0.4066810607910156, 0.43225693702697754]
{'args': ((16, 0, slice(0, 960, None), slice(None, None, None)),), 'dataset shape': (40, 11, 1921, 2560), 'dataset chunks': (7, 1, 385, 512), 'indexing time (s)': 9.5367431640625e-07, 'chunk number': 1650, 'reduction time (s)': 6.115753173828125, 'chunks processed': 15, 'storage read (B)': 29733505, 'selection 1 time (s)': 6.115885019302368}
Thread times [0.2988920211791992, 0.29944586753845215, 0.4221317768096924, 0.40227794647216797, 0.4110989570617676, 0.5386519432067871, 0.4408891201019287, 0.35359692573547363, 0.45558691024780273, 0.4490339756011963, 0.47480225563049316, 0.46584129333496094, 0.4590439796447754, 0.4546518325805664, 0.4410369396209717]
{'args': ((17, 0, slice(0, 960, None), slice(None, None, None)),), 'dataset shape': (40, 11, 1921, 2560), 'dataset chunks': (7, 1, 385, 512), 'indexing time (s)': 9.5367431640625e-07, 'chunk number': 1650, 'reduction time (s)': 6.367892026901245, 'chunks processed': 15, 'storage read (B)': 29733505, 'selection 1 time (s)': 6.368004083633423}
Thread times [0.3925449848175049, 0.3925173282623291, 0.3951380252838135, 0.4384188652038574, 0.37328290939331055, 0.3829939365386963, 0.4854700565338135, 0.5916926860809326, 0.40140485763549805, 0.4001460075378418, 0.5023360252380371, 0.4568610191345215, 0.400482177734375, 0.439831018447876, 0.4058561325073242]
{'args': ((18, 0, slice(0, 960, None), slice(None, None, None)),), 'dataset shape': (40, 11, 1921, 2560), 'dataset chunks': (7, 1, 385, 512), 'indexing time (s)': 9.5367431640625e-07, 'chunk number': 1650, 'reduction time (s)': 6.459748268127441, 'chunks processed': 15, 'storage read (B)': 29733505, 'selection 1 time (s)': 6.459859848022461}
Thread times [0.32828187942504883, 0.33860301971435547, 0.4583852291107178, 0.318662166595459, 0.37660813331604004, 0.40327906608581543, 0.42427897453308105, 0.43793821334838867, 0.503432035446167, 0.4541308879852295, 0.4189887046813965, 0.43712806701660156, 0.4270801544189453, 0.637326717376709, 0.4103238582611084]
{'args': ((19, 0, slice(0, 960, None), slice(None, None, None)),), 'dataset shape': (40, 11, 1921, 2560), 'dataset chunks': (7, 1, 385, 512), 'indexing time (s)': 0.0, 'chunk number': 1650, 'reduction time (s)': 6.375279188156128, 'chunks processed': 15, 'storage read (B)': 29733505, 'selection 1 time (s)': 6.3753838539123535}
Thread times [0.31979799270629883, 0.3141641616821289, 0.3795492649078369, 0.3412132263183594, 0.33742523193359375, 0.45833396911621094, 0.4519472122192383, 0.4458298683166504, 0.373215913772583, 0.38138294219970703, 0.34278392791748047, 0.546550989151001, 0.45717597007751465, 0.4104292392730713, 0.3961758613586426]
{'args': ((20, 0, slice(0, 960, None), slice(None, None, None)),), 'dataset shape': (40, 11, 1921, 2560), 'dataset chunks': (7, 1, 385, 512), 'indexing time (s)': 9.5367431640625e-07, 'chunk number': 1650, 'reduction time (s)': 5.956837177276611, 'chunks processed': 15, 'storage read (B)': 29733505, 'selection 1 time (s)': 5.956944227218628}
Thread times [0.5234818458557129, 0.2958400249481201, 0.45317697525024414, 0.20735788345336914, 0.2402513027191162, 0.5110008716583252, 0.45966482162475586, 0.3924217224121094, 0.3835315704345703, 0.3657369613647461, 0.4564182758331299, 0.39516592025756836, 0.4418630599975586, 0.47723913192749023, 0.33353400230407715]
{'args': ((21, 0, slice(0, 960, None), slice(None, None, None)),), 'dataset shape': (40, 11, 1921, 2560), 'dataset chunks': (7, 1, 385, 512), 'indexing time (s)': 9.5367431640625e-07, 'chunk number': 1650, 'reduction time (s)': 5.937517166137695, 'chunks processed': 15, 'storage read (B)': 29686785, 'selection 1 time (s)': 5.937625169754028}
Thread times [0.275799036026001, 0.40386199951171875, 0.4965341091156006, 0.26917123794555664, 0.3701460361480713, 0.46411705017089844, 0.4595639705657959, 0.41127490997314453, 0.397352933883667, 0.39438509941101074, 0.3927440643310547, 0.38699793815612793, 0.612994909286499, 0.4630858898162842, 0.3935549259185791]
{'args': ((22, 0, slice(0, 960, None), slice(None, None, None)),), 'dataset shape': (40, 11, 1921, 2560), 'dataset chunks': (7, 1, 385, 512), 'indexing time (s)': 9.5367431640625e-07, 'chunk number': 1650, 'reduction time (s)': 6.192386150360107, 'chunks processed': 15, 'storage read (B)': 29686785, 'selection 1 time (s)': 6.192491054534912}
Thread times [0.31697702407836914, 0.30925798416137695, 0.36679887771606445, 0.21531915664672852, 0.2886159420013428, 0.5569760799407959, 0.49480485916137695, 0.47385382652282715, 0.5411598682403564, 0.4315602779388428, 0.437971830368042, 0.43724608421325684, 0.5356731414794922, 0.5446910858154297, 0.3114478588104248]
{'args': ((23, 0, slice(0, 960, None), slice(None, None, None)),), 'dataset shape': (40, 11, 1921, 2560), 'dataset chunks': (7, 1, 385, 512), 'indexing time (s)': 1.1920928955078125e-06, 'chunk number': 1650, 'reduction time (s)': 6.263182163238525, 'chunks processed': 15, 'storage read (B)': 29686785, 'selection 1 time (s)': 6.263286113739014}
Thread times [0.2852151393890381, 0.2554292678833008, 0.33602380752563477, 0.23926210403442383, 0.23375177383422852, 0.5051479339599609, 0.48378992080688477, 0.46537089347839355, 0.48204731941223145, 0.4295768737792969, 0.4092867374420166, 0.4806838035583496, 0.5587530136108398, 0.4962291717529297, 0.4269421100616455]
{'args': ((24, 0, slice(0, 960, None), slice(None, None, None)),), 'dataset shape': (40, 11, 1921, 2560), 'dataset chunks': (7, 1, 385, 512), 'indexing time (s)': 9.5367431640625e-07, 'chunk number': 1650, 'reduction time (s)': 6.088558197021484, 'chunks processed': 15, 'storage read (B)': 29686785, 'selection 1 time (s)': 6.088667154312134}
Thread times [0.2791306972503662, 0.326308012008667, 0.36667609214782715, 0.20324182510375977, 0.2509300708770752, 0.4730558395385742, 0.4381840229034424, 0.42719197273254395, 0.4710259437561035, 0.3969738483428955, 0.3594937324523926, 0.3786942958831787, 0.5150661468505859, 0.5270707607269287, 0.3473818302154541]
{'args': ((25, 0, slice(0, 960, None), slice(None, None, None)),), 'dataset shape': (40, 11, 1921, 2560), 'dataset chunks': (7, 1, 385, 512), 'indexing time (s)': 9.5367431640625e-07, 'chunk number': 1650, 'reduction time (s)': 5.761213064193726, 'chunks processed': 15, 'storage read (B)': 29686785, 'selection 1 time (s)': 5.761314868927002}
Thread times [0.3180868625640869, 0.26725006103515625, 0.3966639041900635, 0.28432607650756836, 0.2444469928741455, 0.5099029541015625, 0.3997519016265869, 0.4488799571990967, 0.4639320373535156, 0.395017147064209, 0.41184401512145996, 0.3727531433105469, 0.7348742485046387, 0.4755229949951172, 0.28104305267333984]
{'args': ((26, 0, slice(0, 960, None), slice(None, None, None)),), 'dataset shape': (40, 11, 1921, 2560), 'dataset chunks': (7, 1, 385, 512), 'indexing time (s)': 9.5367431640625e-07, 'chunk number': 1650, 'reduction time (s)': 6.0050811767578125, 'chunks processed': 15, 'storage read (B)': 29686785, 'selection 1 time (s)': 6.005184173583984}
Thread times [0.25678491592407227, 0.24358415603637695, 0.3875560760498047, 0.23765087127685547, 0.27614688873291016, 0.466414213180542, 0.44055604934692383, 0.4149177074432373, 0.36688733100891113, 0.4682490825653076, 0.3690938949584961, 0.4510538578033447, 0.48308491706848145, 0.4844222068786621, 0.3455181121826172]
{'args': ((27, 0, slice(0, 960, None), slice(None, None, None)),), 'dataset shape': (40, 11, 1921, 2560), 'dataset chunks': (7, 1, 385, 512), 'indexing time (s)': 2.1457672119140625e-06, 'chunk number': 1650, 'reduction time (s)': 5.69268274307251, 'chunks processed': 15, 'storage read (B)': 29686785, 'selection 1 time (s)': 5.6927900314331055}
Thread times [0.248399019241333, 0.24156999588012695, 0.3195760250091553, 0.3010852336883545, 0.39119386672973633, 0.3880760669708252, 0.321469783782959, 0.48839616775512695, 0.33773279190063477, 0.47049379348754883, 0.38447999954223633, 0.4718649387359619, 0.4441089630126953, 0.36997389793395996, 0.34731292724609375]
{'args': ((28, 0, slice(0, 960, None), slice(None, None, None)),), 'dataset shape': (40, 11, 1921, 2560), 'dataset chunks': (7, 1, 385, 512), 'indexing time (s)': 9.5367431640625e-07, 'chunk number': 1650, 'reduction time (s)': 5.52648401260376, 'chunks processed': 15, 'storage read (B)': 29670387, 'selection 1 time (s)': 5.526592969894409}
Thread times [0.24386930465698242, 0.23810100555419922, 0.37262606620788574, 0.3870048522949219, 0.2922539710998535, 0.35712599754333496, 0.2918379306793213, 0.43387293815612793, 0.43207311630249023, 0.35451817512512207, 0.5109789371490479, 0.4789869785308838, 0.36899900436401367, 0.4957590103149414, 0.3915109634399414]
{'args': ((29, 0, slice(0, 960, None), slice(None, None, None)),), 'dataset shape': (40, 11, 1921, 2560), 'dataset chunks': (7, 1, 385, 512), 'indexing time (s)': 9.5367431640625e-07, 'chunk number': 1650, 'reduction time (s)': 5.65028715133667, 'chunks processed': 15, 'storage read (B)': 29670387, 'selection 1 time (s)': 5.650385856628418}
Thread times [0.2713909149169922, 0.2678406238555908, 0.35655689239501953, 0.3328671455383301, 0.32826805114746094, 0.3601260185241699, 0.27341485023498535, 0.37276792526245117, 0.38637804985046387, 0.39057278633117676, 0.36173200607299805, 0.7419509887695312, 0.3925130367279053, 0.4328451156616211, 0.6100897789001465]
{'args': ((30, 0, slice(0, 960, None), slice(None, None, None)),), 'dataset shape': (40, 11, 1921, 2560), 'dataset chunks': (7, 1, 385, 512), 'indexing time (s)': 9.5367431640625e-07, 'chunk number': 1650, 'reduction time (s)': 5.880100250244141, 'chunks processed': 15, 'storage read (B)': 29670387, 'selection 1 time (s)': 5.880200147628784}
Thread times [0.2853240966796875, 0.2866339683532715, 0.3985588550567627, 0.37897300720214844, 0.36316990852355957, 0.39389896392822266, 0.28850483894348145, 0.483356237411499, 0.3066248893737793, 0.5014312267303467, 0.44723081588745117, 0.7344598770141602, 0.38254690170288086, 0.4385850429534912, 0.5049071311950684]
{'args': ((31, 0, slice(0, 960, None), slice(None, None, None)),), 'dataset shape': (40, 11, 1921, 2560), 'dataset chunks': (7, 1, 385, 512), 'indexing time (s)': 9.5367431640625e-07, 'chunk number': 1650, 'reduction time (s)': 6.1949543952941895, 'chunks processed': 15, 'storage read (B)': 29670387, 'selection 1 time (s)': 6.195058107376099}
Thread times [0.42241501808166504, 0.3450441360473633, 0.42681002616882324, 0.32447171211242676, 0.4289059638977051, 0.4605691432952881, 0.33752012252807617, 0.4087250232696533, 0.3197000026702881, 0.3886420726776123, 0.32509613037109375, 0.48433828353881836, 0.451934814453125, 0.43278074264526367, 0.5189008712768555]
{'args': ((32, 0, slice(0, 960, None), slice(None, None, None)),), 'dataset shape': (40, 11, 1921, 2560), 'dataset chunks': (7, 1, 385, 512), 'indexing time (s)': 1.1920928955078125e-06, 'chunk number': 1650, 'reduction time (s)': 6.076601982116699, 'chunks processed': 15, 'storage read (B)': 29670387, 'selection 1 time (s)': 6.07670521736145}
Thread times [0.25154709815979004, 0.3075549602508545, 0.4614908695220947, 0.3422889709472656, 0.32671213150024414, 0.36898183822631836, 0.38635897636413574, 0.41152000427246094, 0.3706037998199463, 0.6081569194793701, 0.5510966777801514, 0.6578209400177002, 0.5835728645324707, 0.4687321186065674, 0.4454991817474365]
{'args': ((33, 0, slice(0, 960, None), slice(None, None, None)),), 'dataset shape': (40, 11, 1921, 2560), 'dataset chunks': (7, 1, 385, 512), 'indexing time (s)': 0.0, 'chunk number': 1650, 'reduction time (s)': 6.54268217086792, 'chunks processed': 15, 'storage read (B)': 29670387, 'selection 1 time (s)': 6.542784929275513}
Thread times [0.27460408210754395, 0.2899751663208008, 0.3985559940338135, 0.3611180782318115, 0.3657369613647461, 0.42992401123046875, 0.31206393241882324, 0.4457578659057617, 0.3440251350402832, 0.5435829162597656, 0.44158077239990234, 0.661909818649292, 0.4398818016052246, 0.3651740550994873, 0.39804816246032715]
{'args': ((34, 0, slice(0, 960, None), slice(None, None, None)),), 'dataset shape': (40, 11, 1921, 2560), 'dataset chunks': (7, 1, 385, 512), 'indexing time (s)': 9.5367431640625e-07, 'chunk number': 1650, 'reduction time (s)': 6.072773218154907, 'chunks processed': 15, 'storage read (B)': 29670387, 'selection 1 time (s)': 6.072878837585449}
Thread times [0.2542080879211426, 0.26627302169799805, 0.31162595748901367, 0.2565758228302002, 0.25145411491394043, 0.27856898307800293, 0.3030421733856201, 0.32935595512390137, 0.32949018478393555, 0.35134220123291016, 0.34070801734924316, 0.32731008529663086, 0.30730319023132324, 0.3339390754699707, 0.32262301445007324]
{'args': ((35, 0, slice(0, 960, None), slice(None, None, None)),), 'dataset shape': (40, 11, 1921, 2560), 'dataset chunks': (7, 1, 385, 512), 'indexing time (s)': 0.0, 'chunk number': 1650, 'reduction time (s)': 4.564666032791138, 'chunks processed': 15, 'storage read (B)': 21287473, 'selection 1 time (s)': 4.564765930175781}
Thread times [0.23778295516967773, 0.22845005989074707, 0.27928876876831055, 0.24448895454406738, 0.327239990234375, 0.38753485679626465, 0.40257811546325684, 0.36056017875671387, 0.43617701530456543, 0.34301114082336426, 0.3545048236846924, 0.6063461303710938, 0.2805361747741699, 0.27623867988586426, 0.2918529510498047]
{'args': ((36, 0, slice(0, 960, None), slice(None, None, None)),), 'dataset shape': (40, 11, 1921, 2560), 'dataset chunks': (7, 1, 385, 512), 'indexing time (s)': 7.152557373046875e-07, 'chunk number': 1650, 'reduction time (s)': 5.058674097061157, 'chunks processed': 15, 'storage read (B)': 21287473, 'selection 1 time (s)': 5.058784008026123}
Thread times [0.30718517303466797, 0.2735729217529297, 0.29901790618896484, 0.26784205436706543, 0.38808107376098633, 0.3805067539215088, 0.4048290252685547, 0.3321399688720703, 0.3366062641143799, 0.3059389591217041, 0.2917180061340332, 0.36580491065979004, 0.33043599128723145, 0.5102839469909668, 0.309981107711792]
{'args': ((37, 0, slice(0, 960, None), slice(None, None, None)),), 'dataset shape': (40, 11, 1921, 2560), 'dataset chunks': (7, 1, 385, 512), 'indexing time (s)': 9.5367431640625e-07, 'chunk number': 1650, 'reduction time (s)': 5.104795217514038, 'chunks processed': 15, 'storage read (B)': 21287473, 'selection 1 time (s)': 5.104920148849487}
Thread times [0.3404510021209717, 0.2627241611480713, 0.25870704650878906, 0.3067929744720459, 0.3268160820007324, 0.474560022354126, 0.4176628589630127, 0.3380320072174072, 0.372175931930542, 0.28723573684692383, 0.32199668884277344, 0.31481313705444336, 0.3809788227081299, 0.3013031482696533, 0.3031649589538574]
{'args': ((38, 0, slice(0, 960, None), slice(None, None, None)),), 'dataset shape': (40, 11, 1921, 2560), 'dataset chunks': (7, 1, 385, 512), 'indexing time (s)': 2.1457672119140625e-06, 'chunk number': 1650, 'reduction time (s)': 5.008272171020508, 'chunks processed': 15, 'storage read (B)': 21287473, 'selection 1 time (s)': 5.008408069610596}
Thread times [0.35895800590515137, 0.2191758155822754, 0.2886190414428711, 0.2831871509552002, 0.33441615104675293, 0.3174440860748291, 0.30974507331848145, 0.3631479740142822, 0.3435177803039551, 0.3327341079711914, 0.39464282989501953, 0.3360748291015625, 0.3644440174102783, 0.34093427658081055, 0.43462204933166504]
{'args': ((39, 0, slice(0, 960, None), slice(None, None, None)),), 'dataset shape': (40, 11, 1921, 2560), 'dataset chunks': (7, 1, 385, 512), 'indexing time (s)': 9.5367431640625e-07, 'chunk number': 1650, 'reduction time (s)': 5.022538185119629, 'chunks processed': 15, 'storage read (B)': 21287473, 'selection 1 time (s)': 5.022667169570923}
[[226.07817708]
 [226.06473958]
 [225.93765625]
 [225.90807292]
 [225.91734375]
 [225.88453125]
 [225.82075521]
 [225.85440104]
 [225.98328125]
 [226.03804687]
 [226.01315104]
 [226.02330729]
 [226.03770833]
 [226.00476563]
 [225.91765625]
 [225.94036458]
 [225.98721354]
 [225.9146875 ]
 [225.81242188]
 [225.81869792]
 [225.84526042]
 [225.78497396]
 [225.63651042]
 [225.55651042]
 [225.45734375]
 [225.32369792]
 [225.16325521]
 [225.07794271]
 [225.07846354]
 [225.10664063]
 [225.17609375]
 [225.36880208]
 [225.57911458]
 [225.69080729]
 [225.72229167]
 [225.82367188]
 [225.93658854]
 [225.96765625]
 [225.91861979]
 [225.9225    ]]
Summary:  Uni24-np3:Local (T1,BS1): 1.97s,273.3s,284.0s
