Dataset loaded from S3 with s3fs and Pyfive: bnl/ch330a.pc19790301-def.nc (0.053,0.92)
Thread times [0.18462324142456055, 0.2409069538116455, 0.2696797847747803, 0.26689815521240234, 0.2714221477508545, 0.2985231876373291, 0.29959988594055176, 0.301192045211792, 0.30573010444641113, 0.305736780166626, 0.3197340965270996, 0.3246479034423828, 0.3204779624938965, 0.32628893852233887, 0.3244009017944336]
{'load nc time': 1.099769115447998, 'args': ((0, 0, slice(0, 960, None), slice(None, None, None)),), 'dataset shape': (40, 11, 1921, 2560), 'dataset chunks': (7, 1, 385, 512), 'indexing time (s)': 5.815819025039673, 'chunk number': 1650, 'reduction time (s)': 0.33336305618286133, 'chunks processed': 15, 'storage read (B)': 29685482, 'selection 2 time (s)': 6.157665014266968}
Thread times [0.11011195182800293, 0.12442612648010254, 0.290740966796875, 0.3426971435546875, 0.38916492462158203, 0.53053879737854, 0.5538451671600342, 0.5749120712280273, 0.6067781448364258, 0.6042380332946777, 0.6102609634399414, 0.6178297996520996, 0.6177709102630615, 0.6204328536987305, 0.6423130035400391]
{'args': ((1, 0, slice(0, 960, None), slice(None, None, None)),), 'dataset shape': (40, 11, 1921, 2560), 'dataset chunks': (7, 1, 385, 512), 'indexing time (s)': 1.1920928955078125e-06, 'chunk number': 1650, 'reduction time (s)': 0.6484310626983643, 'chunks processed': 15, 'storage read (B)': 29685482, 'selection 2 time (s)': 0.657660722732544}
Thread times [0.2590498924255371, 0.4263417720794678, 0.5439717769622803, 0.6060290336608887, 0.6412339210510254, 0.6512179374694824, 0.6555609703063965, 0.672029972076416, 0.6878211498260498, 0.7066178321838379, 0.7166428565979004, 0.722728967666626, 0.7226731777191162, 0.7419168949127197, 0.7475109100341797]
{'args': ((2, 0, slice(0, 960, None), slice(None, None, None)),), 'dataset shape': (40, 11, 1921, 2560), 'dataset chunks': (7, 1, 385, 512), 'indexing time (s)': 9.5367431640625e-07, 'chunk number': 1650, 'reduction time (s)': 0.7530479431152344, 'chunks processed': 15, 'storage read (B)': 29685482, 'selection 2 time (s)': 0.7692201137542725}
Thread times [0.5467860698699951, 0.5471329689025879, 0.5890061855316162, 0.6030840873718262, 0.6376502513885498, 0.6583957672119141, 0.6790568828582764, 0.6774101257324219, 0.6805901527404785, 0.6815700531005859, 0.6842927932739258, 0.688107967376709, 0.6973381042480469, 0.7018980979919434, 0.7141461372375488]
{'args': ((3, 0, slice(0, 960, None), slice(None, None, None)),), 'dataset shape': (40, 11, 1921, 2560), 'dataset chunks': (7, 1, 385, 512), 'indexing time (s)': 9.5367431640625e-07, 'chunk number': 1650, 'reduction time (s)': 0.7218348979949951, 'chunks processed': 15, 'storage read (B)': 29685482, 'selection 2 time (s)': 0.7327852249145508}
Thread times [0.1058349609375, 0.46000099182128906, 0.4949028491973877, 0.5418779850006104, 0.5697779655456543, 0.571331262588501, 0.6011819839477539, 0.600165843963623, 0.6264040470123291, 0.6089999675750732, 0.6085031032562256, 0.6136510372161865, 0.6138191223144531, 0.6189417839050293, 0.6225268840789795]
{'args': ((4, 0, slice(0, 960, None), slice(None, None, None)),), 'dataset shape': (40, 11, 1921, 2560), 'dataset chunks': (7, 1, 385, 512), 'indexing time (s)': 7.152557373046875e-07, 'chunk number': 1650, 'reduction time (s)': 0.6479232311248779, 'chunks processed': 15, 'storage read (B)': 29685482, 'selection 2 time (s)': 0.6571578979492188}
Thread times [0.12909412384033203, 0.1525721549987793, 0.1572268009185791, 0.1876380443572998, 0.19065594673156738, 0.29643893241882324, 0.38564300537109375, 0.38762784004211426, 0.4102327823638916, 0.5058460235595703, 0.523665189743042, 0.5335159301757812, 0.532332181930542, 0.6968021392822266, 0.6975722312927246]
{'args': ((5, 0, slice(0, 960, None), slice(None, None, None)),), 'dataset shape': (40, 11, 1921, 2560), 'dataset chunks': (7, 1, 385, 512), 'indexing time (s)': 9.5367431640625e-07, 'chunk number': 1650, 'reduction time (s)': 0.7048459053039551, 'chunks processed': 15, 'storage read (B)': 29685482, 'selection 2 time (s)': 0.7195887565612793}
Thread times [0.09879612922668457, 0.10892987251281738, 0.20523381233215332, 0.21735000610351562, 0.23790907859802246, 0.23974919319152832, 0.23981022834777832, 0.23613595962524414, 0.23905110359191895, 0.24595403671264648, 0.3395347595214844, 0.4063270092010498, 0.4138329029083252, 0.44025492668151855, 0.46396899223327637]
{'args': ((6, 0, slice(0, 960, None), slice(None, None, None)),), 'dataset shape': (40, 11, 1921, 2560), 'dataset chunks': (7, 1, 385, 512), 'indexing time (s)': 7.152557373046875e-07, 'chunk number': 1650, 'reduction time (s)': 0.4832429885864258, 'chunks processed': 15, 'storage read (B)': 29685482, 'selection 2 time (s)': 0.5044240951538086}
Thread times [0.11045098304748535, 0.12284493446350098, 0.14362120628356934, 0.14061379432678223, 0.3188951015472412, 0.36838197708129883, 0.4114408493041992, 0.43658995628356934, 0.43172788619995117, 0.44787096977233887, 0.44914793968200684, 0.4541780948638916, 0.46332502365112305, 0.4693591594696045, 0.4705221652984619]
{'args': ((7, 0, slice(0, 960, None), slice(None, None, None)),), 'dataset shape': (40, 11, 1921, 2560), 'dataset chunks': (7, 1, 385, 512), 'indexing time (s)': 9.5367431640625e-07, 'chunk number': 1650, 'reduction time (s)': 0.4828810691833496, 'chunks processed': 15, 'storage read (B)': 29701892, 'selection 2 time (s)': 0.4978938102722168}
Thread times [0.1228177547454834, 0.13509607315063477, 0.13984012603759766, 0.14024972915649414, 0.1420891284942627, 0.165816068649292, 0.24313592910766602, 0.27646708488464355, 0.2897012233734131, 0.293018102645874, 0.30214762687683105, 0.30355286598205566, 0.3036520481109619, 0.3062169551849365, 0.3113112449645996]
{'args': ((8, 0, slice(0, 960, None), slice(None, None, None)),), 'dataset shape': (40, 11, 1921, 2560), 'dataset chunks': (7, 1, 385, 512), 'indexing time (s)': 9.5367431640625e-07, 'chunk number': 1650, 'reduction time (s)': 0.314957857131958, 'chunks processed': 15, 'storage read (B)': 29701892, 'selection 2 time (s)': 0.3263392448425293}
Thread times [0.11198306083679199, 0.14546704292297363, 0.14682698249816895, 0.15711188316345215, 0.1616811752319336, 0.17267417907714844, 0.18187785148620605, 0.20180296897888184, 0.25591588020324707, 0.2517879009246826, 0.25856900215148926, 0.25561094284057617, 0.25914621353149414, 0.25835204124450684, 0.30319786071777344]
{'args': ((9, 0, slice(0, 960, None), slice(None, None, None)),), 'dataset shape': (40, 11, 1921, 2560), 'dataset chunks': (7, 1, 385, 512), 'indexing time (s)': 9.5367431640625e-07, 'chunk number': 1650, 'reduction time (s)': 0.3089261054992676, 'chunks processed': 15, 'storage read (B)': 29701892, 'selection 2 time (s)': 0.3249928951263428}
Thread times [0.0932619571685791, 0.2003951072692871, 0.25502681732177734, 0.25676918029785156, 0.25597214698791504, 0.25846338272094727, 0.25530481338500977, 0.26436614990234375, 0.3844120502471924, 0.3876309394836426, 0.41637396812438965, 0.4256248474121094, 0.43164587020874023, 0.4492349624633789, 0.4584991931915283]
{'args': ((10, 0, slice(0, 960, None), slice(None, None, None)),), 'dataset shape': (40, 11, 1921, 2560), 'dataset chunks': (7, 1, 385, 512), 'indexing time (s)': 9.5367431640625e-07, 'chunk number': 1650, 'reduction time (s)': 0.46332859992980957, 'chunks processed': 15, 'storage read (B)': 29701892, 'selection 2 time (s)': 0.47962188720703125}
Thread times [0.11493277549743652, 0.3029630184173584, 0.3183479309082031, 0.3156580924987793, 0.32262396812438965, 0.32355785369873047, 0.32653093338012695, 0.332456111907959, 0.3296809196472168, 0.33304524421691895, 0.33892822265625, 0.3383159637451172, 0.3422670364379883, 0.3449380397796631, 0.3472330570220947]
{'args': ((11, 0, slice(0, 960, None), slice(None, None, None)),), 'dataset shape': (40, 11, 1921, 2560), 'dataset chunks': (7, 1, 385, 512), 'indexing time (s)': 2.1457672119140625e-06, 'chunk number': 1650, 'reduction time (s)': 0.35120296478271484, 'chunks processed': 15, 'storage read (B)': 29701892, 'selection 2 time (s)': 0.3627469539642334}
Thread times [0.14985013008117676, 0.4846198558807373, 0.5453729629516602, 0.6092407703399658, 0.6325230598449707, 0.6498458385467529, 0.6514708995819092, 0.6537909507751465, 0.6546750068664551, 0.6513299942016602, 0.6577260494232178, 0.6583411693572998, 0.6584808826446533, 0.660175085067749, 0.6677250862121582]
{'args': ((12, 0, slice(0, 960, None), slice(None, None, None)),), 'dataset shape': (40, 11, 1921, 2560), 'dataset chunks': (7, 1, 385, 512), 'indexing time (s)': 9.5367431640625e-07, 'chunk number': 1650, 'reduction time (s)': 0.6724848747253418, 'chunks processed': 15, 'storage read (B)': 29701892, 'selection 2 time (s)': 0.6864302158355713}
Thread times [0.11716198921203613, 0.12748217582702637, 0.4793548583984375, 0.553168773651123, 0.5628030300140381, 0.589069128036499, 0.5871930122375488, 0.5853288173675537, 0.5876407623291016, 0.586129903793335, 0.5930960178375244, 0.5940189361572266, 0.5990550518035889, 0.5973870754241943, 0.6174700260162354]
{'args': ((13, 0, slice(0, 960, None), slice(None, None, None)),), 'dataset shape': (40, 11, 1921, 2560), 'dataset chunks': (7, 1, 385, 512), 'indexing time (s)': 9.5367431640625e-07, 'chunk number': 1650, 'reduction time (s)': 0.6231529712677002, 'chunks processed': 15, 'storage read (B)': 29701892, 'selection 2 time (s)': 0.6381180286407471}
Thread times [0.11932015419006348, 0.12647414207458496, 0.13119196891784668, 0.13117694854736328, 0.4012751579284668, 0.43010973930358887, 0.4494752883911133, 0.4700889587402344, 0.4770219326019287, 0.4763031005859375, 0.4752950668334961, 0.48183608055114746, 0.48226213455200195, 0.48164987564086914, 0.48564982414245605]
{'args': ((14, 0, slice(0, 960, None), slice(None, None, None)),), 'dataset shape': (40, 11, 1921, 2560), 'dataset chunks': (7, 1, 385, 512), 'indexing time (s)': 9.5367431640625e-07, 'chunk number': 1650, 'reduction time (s)': 0.4914429187774658, 'chunks processed': 15, 'storage read (B)': 29733505, 'selection 2 time (s)': 0.5011961460113525}
Thread times [0.11318707466125488, 0.45218706130981445, 0.4814269542694092, 0.4930531978607178, 0.5256459712982178, 0.5314071178436279, 0.5396201610565186, 0.5558619499206543, 0.5553112030029297, 0.5597860813140869, 0.565767765045166, 0.5655450820922852, 0.5697348117828369, 0.5692181587219238, 0.5919716358184814]
{'args': ((15, 0, slice(0, 960, None), slice(None, None, None)),), 'dataset shape': (40, 11, 1921, 2560), 'dataset chunks': (7, 1, 385, 512), 'indexing time (s)': 9.5367431640625e-07, 'chunk number': 1650, 'reduction time (s)': 0.5962817668914795, 'chunks processed': 15, 'storage read (B)': 29733505, 'selection 2 time (s)': 0.6121718883514404}
Thread times [0.1285412311553955, 0.12537002563476562, 0.1864778995513916, 0.18500828742980957, 0.24239706993103027, 0.44162893295288086, 0.4641458988189697, 0.47183895111083984, 0.4772040843963623, 0.48171305656433105, 0.48263096809387207, 0.4865250587463379, 0.4852447509765625, 0.4907569885253906, 0.5021340847015381]
{'args': ((16, 0, slice(0, 960, None), slice(None, None, None)),), 'dataset shape': (40, 11, 1921, 2560), 'dataset chunks': (7, 1, 385, 512), 'indexing time (s)': 9.5367431640625e-07, 'chunk number': 1650, 'reduction time (s)': 0.5073108673095703, 'chunks processed': 15, 'storage read (B)': 29733505, 'selection 2 time (s)': 0.5225250720977783}
Thread times [0.1190481185913086, 0.36965370178222656, 0.5073432922363281, 0.5149078369140625, 0.5167191028594971, 0.5178711414337158, 0.5175838470458984, 0.5356378555297852, 0.5339810848236084, 0.5405151844024658, 0.5403332710266113, 0.544090986251831, 0.54646897315979, 0.5500810146331787, 0.5640909671783447]
{'args': ((17, 0, slice(0, 960, None), slice(None, None, None)),), 'dataset shape': (40, 11, 1921, 2560), 'dataset chunks': (7, 1, 385, 512), 'indexing time (s)': 1.1920928955078125e-06, 'chunk number': 1650, 'reduction time (s)': 0.569709062576294, 'chunks processed': 15, 'storage read (B)': 29733505, 'selection 2 time (s)': 0.582632303237915}
Thread times [0.3930048942565918, 0.49620890617370605, 0.5039148330688477, 0.5206871032714844, 0.5242822170257568, 0.5258030891418457, 0.5315451622009277, 0.5475099086761475, 0.551461935043335, 0.6036739349365234, 0.6038618087768555, 0.605579137802124, 0.6107571125030518, 0.6147420406341553, 0.6182272434234619]
{'args': ((18, 0, slice(0, 960, None), slice(None, None, None)),), 'dataset shape': (40, 11, 1921, 2560), 'dataset chunks': (7, 1, 385, 512), 'indexing time (s)': 9.5367431640625e-07, 'chunk number': 1650, 'reduction time (s)': 0.6232740879058838, 'chunks processed': 15, 'storage read (B)': 29733505, 'selection 2 time (s)': 0.6370260715484619}
Thread times [0.5681760311126709, 0.568324089050293, 0.5678942203521729, 0.5947189331054688, 0.6024918556213379, 0.6002089977264404, 0.6032278537750244, 0.6061978340148926, 0.6031982898712158, 0.6141932010650635, 0.6201107501983643, 0.6227056980133057, 0.6249878406524658, 0.6314067840576172, 0.6472067832946777]
{'args': ((19, 0, slice(0, 960, None), slice(None, None, None)),), 'dataset shape': (40, 11, 1921, 2560), 'dataset chunks': (7, 1, 385, 512), 'indexing time (s)': 9.5367431640625e-07, 'chunk number': 1650, 'reduction time (s)': 0.6527519226074219, 'chunks processed': 15, 'storage read (B)': 29733505, 'selection 2 time (s)': 0.6679999828338623}
Thread times [0.10619902610778809, 0.12843608856201172, 0.13229012489318848, 0.2576298713684082, 0.3390047550201416, 0.37281107902526855, 0.4326028823852539, 0.44263768196105957, 0.44362902641296387, 0.44190001487731934, 0.4488050937652588, 0.4486091136932373, 0.4511072635650635, 0.45059704780578613, 0.45299601554870605]
{'args': ((20, 0, slice(0, 960, None), slice(None, None, None)),), 'dataset shape': (40, 11, 1921, 2560), 'dataset chunks': (7, 1, 385, 512), 'indexing time (s)': 9.5367431640625e-07, 'chunk number': 1650, 'reduction time (s)': 0.46122121810913086, 'chunks processed': 15, 'storage read (B)': 29733505, 'selection 2 time (s)': 0.4724102020263672}
Thread times [0.15710186958312988, 0.15224575996398926, 0.2280898094177246, 0.30762696266174316, 0.49074602127075195, 0.5059630870819092, 0.5101842880249023, 0.5163540840148926, 0.5276453495025635, 0.5484199523925781, 0.5518300533294678, 0.5552701950073242, 0.574089765548706, 0.5883059501647949, 0.5943779945373535]
{'args': ((21, 0, slice(0, 960, None), slice(None, None, None)),), 'dataset shape': (40, 11, 1921, 2560), 'dataset chunks': (7, 1, 385, 512), 'indexing time (s)': 9.5367431640625e-07, 'chunk number': 1650, 'reduction time (s)': 0.602097749710083, 'chunks processed': 15, 'storage read (B)': 29686785, 'selection 2 time (s)': 0.6184279918670654}
Thread times [0.09257292747497559, 0.18705511093139648, 0.19046235084533691, 0.3454430103302002, 0.4060359001159668, 0.42447400093078613, 0.49504923820495605, 0.5046939849853516, 0.5111629962921143, 0.5171139240264893, 0.5414109230041504, 0.5570240020751953, 0.556983232498169, 0.6050312519073486, 0.6102938652038574]
{'args': ((22, 0, slice(0, 960, None), slice(None, None, None)),), 'dataset shape': (40, 11, 1921, 2560), 'dataset chunks': (7, 1, 385, 512), 'indexing time (s)': 7.152557373046875e-07, 'chunk number': 1650, 'reduction time (s)': 0.6172530651092529, 'chunks processed': 15, 'storage read (B)': 29686785, 'selection 2 time (s)': 0.6310489177703857}
Thread times [0.22947907447814941, 0.2322070598602295, 0.3372011184692383, 0.34155893325805664, 0.3489058017730713, 0.3611278533935547, 0.36430811882019043, 0.36655092239379883, 0.36731386184692383, 0.3686361312866211, 0.3709108829498291, 0.380234956741333, 0.38288211822509766, 0.3861210346221924, 0.3921637535095215]
{'args': ((23, 0, slice(0, 960, None), slice(None, None, None)),), 'dataset shape': (40, 11, 1921, 2560), 'dataset chunks': (7, 1, 385, 512), 'indexing time (s)': 9.5367431640625e-07, 'chunk number': 1650, 'reduction time (s)': 0.39872288703918457, 'chunks processed': 15, 'storage read (B)': 29686785, 'selection 2 time (s)': 0.4120960235595703}
Thread times [0.07522892951965332, 0.1785261631011963, 0.1776268482208252, 0.38315892219543457, 0.4313020706176758, 0.560542106628418, 0.5631120204925537, 0.5742208957672119, 0.5937039852142334, 0.5976371765136719, 0.5996840000152588, 0.6367108821868896, 0.6353352069854736, 0.6400372982025146, 0.6596081256866455]
{'args': ((24, 0, slice(0, 960, None), slice(None, None, None)),), 'dataset shape': (40, 11, 1921, 2560), 'dataset chunks': (7, 1, 385, 512), 'indexing time (s)': 1.1920928955078125e-06, 'chunk number': 1650, 'reduction time (s)': 0.6675350666046143, 'chunks processed': 15, 'storage read (B)': 29686785, 'selection 2 time (s)': 0.6839802265167236}
Thread times [0.25034308433532715, 0.2807638645172119, 0.2926630973815918, 0.2925848960876465, 0.3170020580291748, 0.31255388259887695, 0.396481990814209, 0.40767478942871094, 0.4103231430053711, 0.4188961982727051, 0.4241220951080322, 0.42580103874206543, 0.42937707901000977, 0.43070268630981445, 0.44898509979248047]
{'args': ((25, 0, slice(0, 960, None), slice(None, None, None)),), 'dataset shape': (40, 11, 1921, 2560), 'dataset chunks': (7, 1, 385, 512), 'indexing time (s)': 7.152557373046875e-07, 'chunk number': 1650, 'reduction time (s)': 0.4560081958770752, 'chunks processed': 15, 'storage read (B)': 29686785, 'selection 2 time (s)': 0.4711463451385498}
Thread times [0.21854090690612793, 0.21927094459533691, 0.21848177909851074, 0.21945691108703613, 0.2710258960723877, 0.29535889625549316, 0.4159510135650635, 0.4468879699707031, 0.4826030731201172, 0.48479318618774414, 0.49460673332214355, 0.49515604972839355, 0.49919891357421875, 0.5123140811920166, 0.535297155380249]
{'args': ((26, 0, slice(0, 960, None), slice(None, None, None)),), 'dataset shape': (40, 11, 1921, 2560), 'dataset chunks': (7, 1, 385, 512), 'indexing time (s)': 9.5367431640625e-07, 'chunk number': 1650, 'reduction time (s)': 0.5428421497344971, 'chunks processed': 15, 'storage read (B)': 29686785, 'selection 2 time (s)': 0.5592830181121826}
Thread times [0.23319697380065918, 0.30752992630004883, 0.3516390323638916, 0.4392580986022949, 0.45155811309814453, 0.4590740203857422, 0.4616279602050781, 0.48024868965148926, 0.4862520694732666, 0.49314022064208984, 0.4951660633087158, 0.5001640319824219, 0.5050101280212402, 0.5067160129547119, 0.5356168746948242]
{'args': ((27, 0, slice(0, 960, None), slice(None, None, None)),), 'dataset shape': (40, 11, 1921, 2560), 'dataset chunks': (7, 1, 385, 512), 'indexing time (s)': 1.1920928955078125e-06, 'chunk number': 1650, 'reduction time (s)': 0.5427091121673584, 'chunks processed': 15, 'storage read (B)': 29686785, 'selection 2 time (s)': 0.5578970909118652}
Thread times [0.13913989067077637, 0.4046289920806885, 0.4687337875366211, 0.5205471515655518, 0.5294437408447266, 0.54947829246521, 0.5478570461273193, 0.5591700077056885, 0.5583159923553467, 0.5558350086212158, 0.5581150054931641, 0.5647342205047607, 0.5681850910186768, 0.5712268352508545, 0.578902006149292]
{'args': ((28, 0, slice(0, 960, None), slice(None, None, None)),), 'dataset shape': (40, 11, 1921, 2560), 'dataset chunks': (7, 1, 385, 512), 'indexing time (s)': 0.0, 'chunk number': 1650, 'reduction time (s)': 0.5807170867919922, 'chunks processed': 15, 'storage read (B)': 29670387, 'selection 2 time (s)': 0.5908830165863037}
Thread times [0.4312262535095215, 0.43685078620910645, 0.4811561107635498, 0.48836207389831543, 0.5161759853363037, 0.5179269313812256, 0.5227539539337158, 0.5285718441009521, 0.5343449115753174, 0.5358138084411621, 0.539323091506958, 0.5393218994140625, 0.5581340789794922, 0.5607738494873047, 0.5637650489807129]
{'args': ((29, 0, slice(0, 960, None), slice(None, None, None)),), 'dataset shape': (40, 11, 1921, 2560), 'dataset chunks': (7, 1, 385, 512), 'indexing time (s)': 9.5367431640625e-07, 'chunk number': 1650, 'reduction time (s)': 0.5702111721038818, 'chunks processed': 15, 'storage read (B)': 29670387, 'selection 2 time (s)': 0.5846960544586182}
Thread times [0.3291757106781006, 0.5233757495880127, 0.5748851299285889, 0.5804190635681152, 0.5852549076080322, 0.5945839881896973, 0.5977411270141602, 0.6026959419250488, 0.6057531833648682, 0.6066820621490479, 0.6054232120513916, 0.6194651126861572, 0.6254768371582031, 0.622819185256958, 0.6293089389801025]
{'args': ((30, 0, slice(0, 960, None), slice(None, None, None)),), 'dataset shape': (40, 11, 1921, 2560), 'dataset chunks': (7, 1, 385, 512), 'indexing time (s)': 0.0, 'chunk number': 1650, 'reduction time (s)': 0.6356339454650879, 'chunks processed': 15, 'storage read (B)': 29670387, 'selection 2 time (s)': 0.645672082901001}
Thread times [0.1356370449066162, 0.16218996047973633, 0.16117405891418457, 0.17487263679504395, 0.2029099464416504, 0.2014448642730713, 0.20212984085083008, 0.20038199424743652, 0.3542158603668213, 0.38194823265075684, 0.39385318756103516, 0.39868783950805664, 0.3972318172454834, 0.41830897331237793, 0.41854095458984375]
{'args': ((31, 0, slice(0, 960, None), slice(None, None, None)),), 'dataset shape': (40, 11, 1921, 2560), 'dataset chunks': (7, 1, 385, 512), 'indexing time (s)': 1.1920928955078125e-06, 'chunk number': 1650, 'reduction time (s)': 0.4246089458465576, 'chunks processed': 15, 'storage read (B)': 29670387, 'selection 2 time (s)': 0.44071412086486816}
Thread times [0.15212297439575195, 0.1572401523590088, 0.17682504653930664, 0.18823790550231934, 0.20140719413757324, 0.20518183708190918, 0.23193025588989258, 0.23091673851013184, 0.24077677726745605, 0.24076414108276367, 0.24587297439575195, 0.29686570167541504, 0.33174920082092285, 0.34436893463134766, 0.3663201332092285]
{'args': ((32, 0, slice(0, 960, None), slice(None, None, None)),), 'dataset shape': (40, 11, 1921, 2560), 'dataset chunks': (7, 1, 385, 512), 'indexing time (s)': 9.5367431640625e-07, 'chunk number': 1650, 'reduction time (s)': 0.37334203720092773, 'chunks processed': 15, 'storage read (B)': 29670387, 'selection 2 time (s)': 0.3843958377838135}
Thread times [0.29723596572875977, 0.2972888946533203, 0.3599710464477539, 0.3624861240386963, 0.44494104385375977, 0.4569380283355713, 0.48189282417297363, 0.4848668575286865, 0.4838111400604248, 0.48558568954467773, 0.48789095878601074, 0.49193811416625977, 0.4949917793273926, 0.5087249279022217, 0.5141489505767822]
{'args': ((33, 0, slice(0, 960, None), slice(None, None, None)),), 'dataset shape': (40, 11, 1921, 2560), 'dataset chunks': (7, 1, 385, 512), 'indexing time (s)': 1.1920928955078125e-06, 'chunk number': 1650, 'reduction time (s)': 0.5202970504760742, 'chunks processed': 15, 'storage read (B)': 29670387, 'selection 2 time (s)': 0.5357167720794678}
Thread times [0.21804380416870117, 0.21873712539672852, 0.25830602645874023, 0.36084413528442383, 0.3906550407409668, 0.4254450798034668, 0.46324610710144043, 0.46471595764160156, 0.46502685546875, 0.4615609645843506, 0.4685697555541992, 0.47358012199401855, 0.47287988662719727, 0.47849130630493164, 0.4790987968444824]
{'args': ((34, 0, slice(0, 960, None), slice(None, None, None)),), 'dataset shape': (40, 11, 1921, 2560), 'dataset chunks': (7, 1, 385, 512), 'indexing time (s)': 9.5367431640625e-07, 'chunk number': 1650, 'reduction time (s)': 0.486299991607666, 'chunks processed': 15, 'storage read (B)': 29670387, 'selection 2 time (s)': 0.4979982376098633}
Thread times [0.41115593910217285, 0.41510987281799316, 0.416456937789917, 0.4161050319671631, 0.41439104080200195, 0.4117608070373535, 0.4148890972137451, 0.41283488273620605, 0.41433286666870117, 0.41190505027770996, 0.420504093170166, 0.4186980724334717, 0.42223620414733887, 0.43032288551330566, 0.42706918716430664]
{'args': ((35, 0, slice(0, 960, None), slice(None, None, None)),), 'dataset shape': (40, 11, 1921, 2560), 'dataset chunks': (7, 1, 385, 512), 'indexing time (s)': 9.5367431640625e-07, 'chunk number': 1650, 'reduction time (s)': 0.4321920871734619, 'chunks processed': 15, 'storage read (B)': 21287473, 'selection 2 time (s)': 0.4433579444885254}
Thread times [0.37970399856567383, 0.4373819828033447, 0.44301700592041016, 0.4497368335723877, 0.4549832344055176, 0.4567902088165283, 0.45493483543395996, 0.4577658176422119, 0.4605891704559326, 0.464550256729126, 0.4696791172027588, 0.4747638702392578, 0.47429609298706055, 0.47792530059814453, 0.48211002349853516]
{'args': ((36, 0, slice(0, 960, None), slice(None, None, None)),), 'dataset shape': (40, 11, 1921, 2560), 'dataset chunks': (7, 1, 385, 512), 'indexing time (s)': 9.5367431640625e-07, 'chunk number': 1650, 'reduction time (s)': 0.4858551025390625, 'chunks processed': 15, 'storage read (B)': 21287473, 'selection 2 time (s)': 0.49680614471435547}
Thread times [0.2620222568511963, 0.2836039066314697, 0.3003809452056885, 0.3445558547973633, 0.38385605812072754, 0.3816230297088623, 0.38020801544189453, 0.384091854095459, 0.38495588302612305, 0.38689613342285156, 0.391556978225708, 0.3927950859069824, 0.3930068016052246, 0.40192413330078125, 0.400648832321167]
{'args': ((37, 0, slice(0, 960, None), slice(None, None, None)),), 'dataset shape': (40, 11, 1921, 2560), 'dataset chunks': (7, 1, 385, 512), 'indexing time (s)': 1.1920928955078125e-06, 'chunk number': 1650, 'reduction time (s)': 0.4094667434692383, 'chunks processed': 15, 'storage read (B)': 21287473, 'selection 2 time (s)': 0.4193389415740967}
Thread times [0.29233789443969727, 0.32436108589172363, 0.3338968753814697, 0.34107208251953125, 0.3555741310119629, 0.35727524757385254, 0.3588430881500244, 0.36049890518188477, 0.36199069023132324, 0.3634152412414551, 0.3664541244506836, 0.3650650978088379, 0.3676459789276123, 0.3677670955657959, 0.37648510932922363]
{'args': ((38, 0, slice(0, 960, None), slice(None, None, None)),), 'dataset shape': (40, 11, 1921, 2560), 'dataset chunks': (7, 1, 385, 512), 'indexing time (s)': 9.5367431640625e-07, 'chunk number': 1650, 'reduction time (s)': 0.38259005546569824, 'chunks processed': 15, 'storage read (B)': 21287473, 'selection 2 time (s)': 0.39022016525268555}
Thread times [0.2709829807281494, 0.30214500427246094, 0.31726789474487305, 0.32390713691711426, 0.33934593200683594, 0.33945512771606445, 0.34317708015441895, 0.347003698348999, 0.34613585472106934, 0.34508800506591797, 0.3502352237701416, 0.3547677993774414, 0.35585904121398926, 0.3573629856109619, 0.36162877082824707]
{'args': ((39, 0, slice(0, 960, None), slice(None, None, None)),), 'dataset shape': (40, 11, 1921, 2560), 'dataset chunks': (7, 1, 385, 512), 'indexing time (s)': 9.5367431640625e-07, 'chunk number': 1650, 'reduction time (s)': 0.36606597900390625, 'chunks processed': 15, 'storage read (B)': 21287473, 'selection 2 time (s)': 0.37902283668518066}
[[226.07820312]
 [226.0646875 ]
 [225.93776042]
 [225.90820312]
 [225.91739583]
 [225.88460937]
 [225.82080729]
 [225.85434896]
 [225.9834375 ]
 [226.03822917]
 [226.01320312]
 [226.02335938]
 [226.03768229]
 [226.00486979]
 [225.91776042]
 [225.94033854]
 [225.98726562]
 [225.91450521]
 [225.81239583]
 [225.81888021]
 [225.8453125 ]
 [225.78502604]
 [225.63648438]
 [225.5565625 ]
 [225.45747396]
 [225.32385417]
 [225.16335937]
 [225.07789063]
 [225.07846354]
 [225.10666667]
 [225.17609375]
 [225.36869792]
 [225.57927083]
 [225.69085938]
 [225.72221354]
 [225.82369792]
 [225.93640625]
 [225.96763021]
 [225.91872396]
 [225.92236979]]
Summary:  Uni24-np3:Active (T100,BS1): 1.1s,20.91s,28.36s
