Dataset loaded from S3 with s3fs and Pyfive: bnl/ch330a.pc19790301-def.nc (0.038,1.0)
Thread times [0.24383187294006348, 0.48681092262268066, 0.3141801357269287, 0.2952251434326172, 0.4112262725830078, 0.5130860805511475, 0.4148738384246826, 0.5123558044433594, 0.5335240364074707, 0.8570601940155029, 0.5177950859069824, 0.638861894607544, 0.38036298751831055, 0.39076995849609375, 0.40982913970947266]
{'load nc time': 1.212601900100708, 'args': ((0, 0, slice(0, 960, None), slice(None, None, None)),), 'dataset shape': (40, 11, 1921, 2560), 'dataset chunks': (7, 1, 385, 512), 'indexing time (s)': 5.518273115158081, 'chunk number': 1650, 'reduction time (s)': 6.920767068862915, 'chunks processed': 15, 'storage read (B)': 29685482, 'selection 1 time (s)': 12.439242839813232}
Thread times [0.31275415420532227, 0.27602100372314453, 0.3866159915924072, 0.442929744720459, 0.36828184127807617, 0.5674190521240234, 0.3958299160003662, 0.41951894760131836, 0.7393312454223633, 0.4716200828552246, 0.3811490535736084, 0.7052390575408936, 0.4421970844268799, 0.46559834480285645, 0.4646570682525635]
{'args': ((1, 0, slice(0, 960, None), slice(None, None, None)),), 'dataset shape': (40, 11, 1921, 2560), 'dataset chunks': (7, 1, 385, 512), 'indexing time (s)': 9.5367431640625e-07, 'chunk number': 1650, 'reduction time (s)': 6.840077877044678, 'chunks processed': 15, 'storage read (B)': 29685482, 'selection 1 time (s)': 6.840206146240234}
Thread times [0.2778918743133545, 0.2873420715332031, 0.3591349124908447, 0.31244587898254395, 0.4606328010559082, 0.5894699096679688, 0.4058492183685303, 0.44922590255737305, 0.4914407730102539, 0.3548400402069092, 0.3873927593231201, 0.5923519134521484, 0.5029129981994629, 0.47531986236572266, 0.3723630905151367]
{'args': ((2, 0, slice(0, 960, None), slice(None, None, None)),), 'dataset shape': (40, 11, 1921, 2560), 'dataset chunks': (7, 1, 385, 512), 'indexing time (s)': 9.5367431640625e-07, 'chunk number': 1650, 'reduction time (s)': 6.319569110870361, 'chunks processed': 15, 'storage read (B)': 29685482, 'selection 1 time (s)': 6.319695949554443}
Thread times [0.24167084693908691, 0.3030519485473633, 0.34094977378845215, 0.3362760543823242, 0.3442680835723877, 0.44484496116638184, 0.4302551746368408, 0.37265729904174805, 0.44442296028137207, 0.42014384269714355, 0.38931989669799805, 0.7413649559020996, 0.5732152462005615, 0.5020480155944824, 0.3898317813873291]
{'args': ((3, 0, slice(0, 960, None), slice(None, None, None)),), 'dataset shape': (40, 11, 1921, 2560), 'dataset chunks': (7, 1, 385, 512), 'indexing time (s)': 9.5367431640625e-07, 'chunk number': 1650, 'reduction time (s)': 6.2753918170928955, 'chunks processed': 15, 'storage read (B)': 29685482, 'selection 1 time (s)': 6.275548934936523}
Thread times [0.2540748119354248, 0.25887203216552734, 0.3722820281982422, 0.41922879219055176, 0.33026790618896484, 0.4756200313568115, 0.5353448390960693, 0.4779341220855713, 0.7382128238677979, 0.42512011528015137, 0.4417569637298584, 0.6068921089172363, 0.5336172580718994, 0.4843120574951172, 0.4914391040802002]
{'args': ((4, 0, slice(0, 960, None), slice(None, None, None)),), 'dataset shape': (40, 11, 1921, 2560), 'dataset chunks': (7, 1, 385, 512), 'indexing time (s)': 2.1457672119140625e-06, 'chunk number': 1650, 'reduction time (s)': 6.84617805480957, 'chunks processed': 15, 'storage read (B)': 29685482, 'selection 1 time (s)': 6.846379041671753}
Thread times [0.3068540096282959, 0.38800525665283203, 0.35738134384155273, 0.37081432342529297, 0.32947492599487305, 0.6548097133636475, 0.4407680034637451, 0.3947570323944092, 0.5043179988861084, 0.4060499668121338, 0.4080471992492676, 0.8263201713562012, 0.48982787132263184, 0.45311689376831055, 0.47740602493286133]
{'args': ((5, 0, slice(0, 960, None), slice(None, None, None)),), 'dataset shape': (40, 11, 1921, 2560), 'dataset chunks': (7, 1, 385, 512), 'indexing time (s)': 9.5367431640625e-07, 'chunk number': 1650, 'reduction time (s)': 6.808962106704712, 'chunks processed': 15, 'storage read (B)': 29685482, 'selection 1 time (s)': 6.809092044830322}
Thread times [0.3785679340362549, 0.3221278190612793, 0.43318891525268555, 0.356719970703125, 0.3351917266845703, 0.46782493591308594, 0.48092103004455566, 0.5453047752380371, 0.5656530857086182, 0.39910411834716797, 0.3799166679382324, 0.5799281597137451, 0.3701639175415039, 0.3616199493408203, 0.36678600311279297]
{'args': ((6, 0, slice(0, 960, None), slice(None, None, None)),), 'dataset shape': (40, 11, 1921, 2560), 'dataset chunks': (7, 1, 385, 512), 'indexing time (s)': 9.5367431640625e-07, 'chunk number': 1650, 'reduction time (s)': 6.344014883041382, 'chunks processed': 15, 'storage read (B)': 29685482, 'selection 1 time (s)': 6.344152212142944}
Thread times [0.2901031970977783, 0.2590830326080322, 0.3539247512817383, 0.3658139705657959, 0.33683300018310547, 0.341386079788208, 0.4688889980316162, 0.4144589900970459, 0.3570678234100342, 0.3154261112213135, 0.4737539291381836, 0.4058830738067627, 0.4418978691101074, 0.5822710990905762, 0.3859260082244873]
{'args': ((7, 0, slice(0, 960, None), slice(None, None, None)),), 'dataset shape': (40, 11, 1921, 2560), 'dataset chunks': (7, 1, 385, 512), 'indexing time (s)': 1.1920928955078125e-06, 'chunk number': 1650, 'reduction time (s)': 5.7937328815460205, 'chunks processed': 15, 'storage read (B)': 29701892, 'selection 1 time (s)': 5.793868064880371}
Thread times [0.29013681411743164, 0.27398204803466797, 0.34794092178344727, 0.3302159309387207, 0.37470293045043945, 0.477370023727417, 0.413470983505249, 0.561176061630249, 0.3017301559448242, 0.32589006423950195, 0.3744800090789795, 0.4100780487060547, 0.4782536029815674, 0.40262603759765625, 0.3698408603668213]
{'args': ((8, 0, slice(0, 960, None), slice(None, None, None)),), 'dataset shape': (40, 11, 1921, 2560), 'dataset chunks': (7, 1, 385, 512), 'indexing time (s)': 1.1920928955078125e-06, 'chunk number': 1650, 'reduction time (s)': 5.7328667640686035, 'chunks processed': 15, 'storage read (B)': 29701892, 'selection 1 time (s)': 5.733017921447754}
Thread times [0.331920862197876, 0.31524181365966797, 0.3609609603881836, 0.4053788185119629, 0.4405100345611572, 0.4471170902252197, 0.44199490547180176, 0.5315232276916504, 0.36306095123291016, 0.3080739974975586, 0.380126953125, 0.47328877449035645, 0.5831658840179443, 0.5169460773468018, 0.4454350471496582]
{'args': ((9, 0, slice(0, 960, None), slice(None, None, None)),), 'dataset shape': (40, 11, 1921, 2560), 'dataset chunks': (7, 1, 385, 512), 'indexing time (s)': 9.5367431640625e-07, 'chunk number': 1650, 'reduction time (s)': 6.345716953277588, 'chunks processed': 15, 'storage read (B)': 29701892, 'selection 1 time (s)': 6.345854997634888}
Thread times [0.27176380157470703, 0.3731369972229004, 0.3614981174468994, 0.5226411819458008, 0.35692501068115234, 0.37152576446533203, 0.49151110649108887, 0.5022220611572266, 0.4168717861175537, 0.35097217559814453, 0.4230618476867676, 0.4075331687927246, 1.2204830646514893, 0.4816279411315918, 0.4636228084564209]
{'args': ((10, 0, slice(0, 960, None), slice(None, None, None)),), 'dataset shape': (40, 11, 1921, 2560), 'dataset chunks': (7, 1, 385, 512), 'indexing time (s)': 9.5367431640625e-07, 'chunk number': 1650, 'reduction time (s)': 7.016424894332886, 'chunks processed': 15, 'storage read (B)': 29701892, 'selection 1 time (s)': 7.016603231430054}
Thread times [0.31032276153564453, 0.2789287567138672, 0.33672189712524414, 0.382479190826416, 0.3524959087371826, 0.5087618827819824, 1.0918548107147217, 0.5318603515625, 0.3597111701965332, 0.3033318519592285, 0.3726480007171631, 0.43398022651672363, 0.6488492488861084, 0.4772348403930664, 0.40571093559265137]
{'args': ((11, 0, slice(0, 960, None), slice(None, None, None)),), 'dataset shape': (40, 11, 1921, 2560), 'dataset chunks': (7, 1, 385, 512), 'indexing time (s)': 1.1920928955078125e-06, 'chunk number': 1650, 'reduction time (s)': 6.795841693878174, 'chunks processed': 15, 'storage read (B)': 29701892, 'selection 1 time (s)': 6.79599404335022}
Thread times [0.28496694564819336, 0.29610180854797363, 0.3799149990081787, 0.4015040397644043, 0.39727306365966797, 0.4103548526763916, 0.5065820217132568, 0.4752340316772461, 0.28641700744628906, 0.2938399314880371, 0.3385899066925049, 0.3674747943878174, 0.3944859504699707, 0.4101738929748535, 0.34859609603881836]
{'args': ((12, 0, slice(0, 960, None), slice(None, None, None)),), 'dataset shape': (40, 11, 1921, 2560), 'dataset chunks': (7, 1, 385, 512), 'indexing time (s)': 9.5367431640625e-07, 'chunk number': 1650, 'reduction time (s)': 5.592576026916504, 'chunks processed': 15, 'storage read (B)': 29701892, 'selection 1 time (s)': 5.592708110809326}
Thread times [0.2709541320800781, 0.33785176277160645, 0.39085984230041504, 0.3644230365753174, 0.3491232395172119, 0.35550689697265625, 0.39099597930908203, 0.6730170249938965, 0.29104089736938477, 0.2937040328979492, 0.3637838363647461, 0.3881549835205078, 0.47621798515319824, 0.46224427223205566, 0.45273399353027344]
{'args': ((13, 0, slice(0, 960, None), slice(None, None, None)),), 'dataset shape': (40, 11, 1921, 2560), 'dataset chunks': (7, 1, 385, 512), 'indexing time (s)': 0.0, 'chunk number': 1650, 'reduction time (s)': 5.8616156578063965, 'chunks processed': 15, 'storage read (B)': 29701892, 'selection 1 time (s)': 5.861742258071899}
Thread times [0.36318111419677734, 0.2542119026184082, 0.33522796630859375, 0.31435275077819824, 0.3321080207824707, 0.38166093826293945, 0.42131710052490234, 0.43322205543518066, 0.5304839611053467, 0.6662991046905518, 0.45294904708862305, 0.35291314125061035, 0.5116081237792969, 0.33412718772888184, 0.43285202980041504]
{'args': ((14, 0, slice(0, 960, None), slice(None, None, None)),), 'dataset shape': (40, 11, 1921, 2560), 'dataset chunks': (7, 1, 385, 512), 'indexing time (s)': 2.1457672119140625e-06, 'chunk number': 1650, 'reduction time (s)': 6.117483854293823, 'chunks processed': 15, 'storage read (B)': 29733505, 'selection 1 time (s)': 6.117629766464233}
Thread times [0.31072998046875, 0.33153390884399414, 0.3920750617980957, 0.33066892623901367, 0.35875511169433594, 0.4173438549041748, 0.4337477684020996, 0.3724501132965088, 0.4402179718017578, 0.5074169635772705, 0.4319300651550293, 0.7306270599365234, 0.37924814224243164, 0.43314194679260254, 0.4371910095214844]
{'args': ((15, 0, slice(0, 960, None), slice(None, None, None)),), 'dataset shape': (40, 11, 1921, 2560), 'dataset chunks': (7, 1, 385, 512), 'indexing time (s)': 9.5367431640625e-07, 'chunk number': 1650, 'reduction time (s)': 6.308025121688843, 'chunks processed': 15, 'storage read (B)': 29733505, 'selection 1 time (s)': 6.308139085769653}
Thread times [0.2725260257720947, 0.4637486934661865, 0.3289930820465088, 0.30805397033691406, 0.3848729133605957, 0.43798303604125977, 0.5771868228912354, 0.47254514694213867, 0.590397834777832, 0.4959380626678467, 0.37444210052490234, 0.500817060470581, 0.41957902908325195, 0.420727014541626, 0.4662790298461914]
{'args': ((16, 0, slice(0, 960, None), slice(None, None, None)),), 'dataset shape': (40, 11, 1921, 2560), 'dataset chunks': (7, 1, 385, 512), 'indexing time (s)': 7.152557373046875e-07, 'chunk number': 1650, 'reduction time (s)': 6.515063047409058, 'chunks processed': 15, 'storage read (B)': 29733505, 'selection 1 time (s)': 6.515185117721558}
Thread times [0.3366727828979492, 0.2945098876953125, 0.33167219161987305, 0.38387298583984375, 0.4437289237976074, 0.4167978763580322, 0.44053196907043457, 0.4254429340362549, 0.4152088165283203, 0.37480711936950684, 0.35843992233276367, 0.3847188949584961, 0.3621377944946289, 0.3346700668334961, 0.37007808685302734]
{'args': ((17, 0, slice(0, 960, None), slice(None, None, None)),), 'dataset shape': (40, 11, 1921, 2560), 'dataset chunks': (7, 1, 385, 512), 'indexing time (s)': 1.1920928955078125e-06, 'chunk number': 1650, 'reduction time (s)': 5.6741979122161865, 'chunks processed': 15, 'storage read (B)': 29733505, 'selection 1 time (s)': 5.674317121505737}
Thread times [0.289996862411499, 0.26556992530822754, 0.3373568058013916, 0.30124783515930176, 0.3328251838684082, 0.4019780158996582, 0.4259960651397705, 0.42233920097351074, 0.8871889114379883, 0.42388296127319336, 0.407351016998291, 0.4010801315307617, 0.36962366104125977, 0.40773510932922363, 0.4246947765350342]
{'args': ((18, 0, slice(0, 960, None), slice(None, None, None)),), 'dataset shape': (40, 11, 1921, 2560), 'dataset chunks': (7, 1, 385, 512), 'indexing time (s)': 9.5367431640625e-07, 'chunk number': 1650, 'reduction time (s)': 6.099808931350708, 'chunks processed': 15, 'storage read (B)': 29733505, 'selection 1 time (s)': 6.099920272827148}
Thread times [0.34557604789733887, 0.3366668224334717, 0.32373595237731934, 0.3341507911682129, 0.4418668746948242, 0.42546892166137695, 0.4167029857635498, 0.4201958179473877, 0.6605288982391357, 0.5788300037384033, 0.43438220024108887, 0.5019979476928711, 0.39394187927246094, 0.3872840404510498, 0.3832101821899414]
{'args': ((19, 0, slice(0, 960, None), slice(None, None, None)),), 'dataset shape': (40, 11, 1921, 2560), 'dataset chunks': (7, 1, 385, 512), 'indexing time (s)': 1.1920928955078125e-06, 'chunk number': 1650, 'reduction time (s)': 6.385502815246582, 'chunks processed': 15, 'storage read (B)': 29733505, 'selection 1 time (s)': 6.385627031326294}
Thread times [0.25920629501342773, 0.23489618301391602, 0.29706287384033203, 0.27815771102905273, 0.2825908660888672, 0.4440891742706299, 0.3630669116973877, 0.37990403175354004, 0.5420482158660889, 0.35225796699523926, 0.46272802352905273, 0.4552168846130371, 0.4561188220977783, 0.4185647964477539, 0.47131800651550293]
{'args': ((20, 0, slice(0, 960, None), slice(None, None, None)),), 'dataset shape': (40, 11, 1921, 2560), 'dataset chunks': (7, 1, 385, 512), 'indexing time (s)': 0.0, 'chunk number': 1650, 'reduction time (s)': 5.698122978210449, 'chunks processed': 15, 'storage read (B)': 29733505, 'selection 1 time (s)': 5.698247909545898}
Thread times [0.33674073219299316, 0.30640411376953125, 0.3758668899536133, 0.17729616165161133, 0.29926395416259766, 0.4453237056732178, 0.40476393699645996, 0.4339890480041504, 0.38070178031921387, 0.36751317977905273, 0.3630979061126709, 0.3837120532989502, 0.6385478973388672, 0.42843008041381836, 0.29080820083618164]
{'args': ((21, 0, slice(0, 960, None), slice(None, None, None)),), 'dataset shape': (40, 11, 1921, 2560), 'dataset chunks': (7, 1, 385, 512), 'indexing time (s)': 9.5367431640625e-07, 'chunk number': 1650, 'reduction time (s)': 5.633419990539551, 'chunks processed': 15, 'storage read (B)': 29686785, 'selection 1 time (s)': 5.633543968200684}
Thread times [0.2716810703277588, 0.22445273399353027, 0.4096102714538574, 0.32042813301086426, 0.22564196586608887, 0.451171875, 0.3758552074432373, 0.3997478485107422, 0.43398189544677734, 0.37415480613708496, 0.36939167976379395, 0.35902905464172363, 0.5242547988891602, 0.5965840816497803, 0.39243388175964355]
{'args': ((22, 0, slice(0, 960, None), slice(None, None, None)),), 'dataset shape': (40, 11, 1921, 2560), 'dataset chunks': (7, 1, 385, 512), 'indexing time (s)': 1.1920928955078125e-06, 'chunk number': 1650, 'reduction time (s)': 5.729413032531738, 'chunks processed': 15, 'storage read (B)': 29686785, 'selection 1 time (s)': 5.7295448780059814}
Thread times [0.31881284713745117, 0.2870922088623047, 0.32480597496032715, 0.2645590305328369, 0.2592310905456543, 0.5131349563598633, 0.39923095703125, 0.43332982063293457, 0.4077110290527344, 0.4291987419128418, 0.4107649326324463, 0.4108009338378906, 0.5945405960083008, 0.5232598781585693, 0.3619418144226074]
{'args': ((23, 0, slice(0, 960, None), slice(None, None, None)),), 'dataset shape': (40, 11, 1921, 2560), 'dataset chunks': (7, 1, 385, 512), 'indexing time (s)': 9.5367431640625e-07, 'chunk number': 1650, 'reduction time (s)': 5.939332008361816, 'chunks processed': 15, 'storage read (B)': 29686785, 'selection 1 time (s)': 5.93946385383606}
Thread times [0.2750580310821533, 0.2690138816833496, 0.3786449432373047, 0.22538208961486816, 0.23575878143310547, 0.5592091083526611, 0.45172595977783203, 0.46561098098754883, 0.42865705490112305, 0.4685499668121338, 0.5164830684661865, 0.5790882110595703, 0.5738606452941895, 0.5296478271484375, 0.6003739833831787]
{'args': ((24, 0, slice(0, 960, None), slice(None, None, None)),), 'dataset shape': (40, 11, 1921, 2560), 'dataset chunks': (7, 1, 385, 512), 'indexing time (s)': 7.152557373046875e-07, 'chunk number': 1650, 'reduction time (s)': 6.558118104934692, 'chunks processed': 15, 'storage read (B)': 29686785, 'selection 1 time (s)': 6.5582170486450195}
Thread times [0.31610965728759766, 0.27985405921936035, 0.433729887008667, 0.2927401065826416, 0.3020820617675781, 0.6396539211273193, 0.40149593353271484, 0.3702280521392822, 0.43453192710876465, 0.578685998916626, 0.415769100189209, 0.5270609855651855, 0.5512218475341797, 0.560565710067749, 0.2931797504425049]
{'args': ((25, 0, slice(0, 960, None), slice(None, None, None)),), 'dataset shape': (40, 11, 1921, 2560), 'dataset chunks': (7, 1, 385, 512), 'indexing time (s)': 9.5367431640625e-07, 'chunk number': 1650, 'reduction time (s)': 6.397897005081177, 'chunks processed': 15, 'storage read (B)': 29686785, 'selection 1 time (s)': 6.398021936416626}
Thread times [0.24522709846496582, 0.22400212287902832, 0.3834981918334961, 0.23656797409057617, 0.24689793586730957, 0.48751306533813477, 0.5168440341949463, 0.4453449249267578, 0.4152340888977051, 0.41438984870910645, 0.46890974044799805, 0.7554471492767334, 0.7952959537506104, 0.7735939025878906, 0.49597716331481934]
{'args': ((26, 0, slice(0, 960, None), slice(None, None, None)),), 'dataset shape': (40, 11, 1921, 2560), 'dataset chunks': (7, 1, 385, 512), 'indexing time (s)': 1.9073486328125e-06, 'chunk number': 1650, 'reduction time (s)': 6.905684947967529, 'chunks processed': 15, 'storage read (B)': 29686785, 'selection 1 time (s)': 6.905822992324829}
Thread times [0.5045452117919922, 0.49062514305114746, 0.5635981559753418, 0.2990539073944092, 0.4691507816314697, 0.5847609043121338, 0.663520097732544, 0.7028260231018066, 0.7022509574890137, 0.6795861721038818, 0.6125819683074951, 0.5419378280639648, 0.7326972484588623, 0.7228438854217529, 0.41220593452453613]
{'args': ((27, 0, slice(0, 960, None), slice(None, None, None)),), 'dataset shape': (40, 11, 1921, 2560), 'dataset chunks': (7, 1, 385, 512), 'indexing time (s)': 9.5367431640625e-07, 'chunk number': 1650, 'reduction time (s)': 8.683166980743408, 'chunks processed': 15, 'storage read (B)': 29686785, 'selection 1 time (s)': 8.683298110961914}
Thread times [0.29195189476013184, 0.3336329460144043, 0.6085989475250244, 0.46240782737731934, 0.5817081928253174, 0.5596461296081543, 0.43886590003967285, 0.48489809036254883, 0.4187002182006836, 0.5923652648925781, 0.46195101737976074, 0.6756973266601562, 0.5402131080627441, 0.5355961322784424, 0.46364712715148926]
{'args': ((28, 0, slice(0, 960, None), slice(None, None, None)),), 'dataset shape': (40, 11, 1921, 2560), 'dataset chunks': (7, 1, 385, 512), 'indexing time (s)': 1.1920928955078125e-06, 'chunk number': 1650, 'reduction time (s)': 7.450809955596924, 'chunks processed': 15, 'storage read (B)': 29670387, 'selection 1 time (s)': 7.45094895362854}
Thread times [0.7247200012207031, 0.515221118927002, 0.33362507820129395, 0.37813305854797363, 0.4937400817871094, 0.4989471435546875, 0.32928895950317383, 0.4947230815887451, 0.3851492404937744, 0.5496311187744141, 0.5025830268859863, 0.6626157760620117, 0.5908107757568359, 0.4399590492248535, 0.7598929405212402]
{'args': ((29, 0, slice(0, 960, None), slice(None, None, None)),), 'dataset shape': (40, 11, 1921, 2560), 'dataset chunks': (7, 1, 385, 512), 'indexing time (s)': 1.1920928955078125e-06, 'chunk number': 1650, 'reduction time (s)': 7.6599578857421875, 'chunks processed': 15, 'storage read (B)': 29670387, 'selection 1 time (s)': 7.660082101821899}
Thread times [0.24812912940979004, 0.34003186225891113, 0.4513120651245117, 0.31662917137145996, 0.45354795455932617, 0.5037477016448975, 0.4960041046142578, 0.49868178367614746, 0.3816032409667969, 0.3868398666381836, 0.4369020462036133, 0.48665285110473633, 0.5055432319641113, 0.6095161437988281, 0.4976539611816406]
{'args': ((30, 0, slice(0, 960, None), slice(None, None, None)),), 'dataset shape': (40, 11, 1921, 2560), 'dataset chunks': (7, 1, 385, 512), 'indexing time (s)': 1.1920928955078125e-06, 'chunk number': 1650, 'reduction time (s)': 6.613710165023804, 'chunks processed': 15, 'storage read (B)': 29670387, 'selection 1 time (s)': 6.613834857940674}
Thread times [0.34147191047668457, 0.40827417373657227, 0.37944817543029785, 0.4124269485473633, 0.43936896324157715, 0.49932432174682617, 0.4444611072540283, 0.5316741466522217, 0.29835987091064453, 0.5130321979522705, 0.44814300537109375, 0.8187990188598633, 0.5455241203308105, 0.5416631698608398, 0.5624120235443115]
{'args': ((31, 0, slice(0, 960, None), slice(None, None, None)),), 'dataset shape': (40, 11, 1921, 2560), 'dataset chunks': (7, 1, 385, 512), 'indexing time (s)': 1.1920928955078125e-06, 'chunk number': 1650, 'reduction time (s)': 7.185348033905029, 'chunks processed': 15, 'storage read (B)': 29670387, 'selection 1 time (s)': 7.185474872589111}
Thread times [0.24849295616149902, 0.38082408905029297, 0.4449000358581543, 0.3698880672454834, 0.36033010482788086, 0.5375988483428955, 0.5116739273071289, 0.6448819637298584, 0.33007383346557617, 0.4732401371002197, 0.48598194122314453, 0.6032257080078125, 0.4988071918487549, 0.7706899642944336, 0.6128849983215332]
{'args': ((32, 0, slice(0, 960, None), slice(None, None, None)),), 'dataset shape': (40, 11, 1921, 2560), 'dataset chunks': (7, 1, 385, 512), 'indexing time (s)': 9.5367431640625e-07, 'chunk number': 1650, 'reduction time (s)': 7.274399042129517, 'chunks processed': 15, 'storage read (B)': 29670387, 'selection 1 time (s)': 7.27452278137207}
Thread times [0.26299381256103516, 0.39464807510375977, 0.5285038948059082, 0.4975581169128418, 0.5282707214355469, 0.6013069152832031, 0.47109293937683105, 0.5497510433197021, 0.4723930358886719, 0.5470662117004395, 0.47671008110046387, 0.5982868671417236, 0.5453131198883057, 0.5280876159667969, 0.835608720779419]
{'args': ((33, 0, slice(0, 960, None), slice(None, None, None)),), 'dataset shape': (40, 11, 1921, 2560), 'dataset chunks': (7, 1, 385, 512), 'indexing time (s)': 9.5367431640625e-07, 'chunk number': 1650, 'reduction time (s)': 7.8385169506073, 'chunks processed': 15, 'storage read (B)': 29670387, 'selection 1 time (s)': 7.838641881942749}
Thread times [0.468414306640625, 0.5101368427276611, 0.5262818336486816, 0.5112340450286865, 0.35334134101867676, 0.4686410427093506, 0.394622802734375, 0.4509880542755127, 0.3030569553375244, 0.46763110160827637, 0.46204423904418945, 0.5710489749908447, 0.5012853145599365, 0.5141632556915283, 0.5647361278533936]
{'args': ((34, 0, slice(0, 960, None), slice(None, None, None)),), 'dataset shape': (40, 11, 1921, 2560), 'dataset chunks': (7, 1, 385, 512), 'indexing time (s)': 9.5367431640625e-07, 'chunk number': 1650, 'reduction time (s)': 7.068557024002075, 'chunks processed': 15, 'storage read (B)': 29670387, 'selection 1 time (s)': 7.068687915802002}
Thread times [0.3416421413421631, 0.3845839500427246, 0.3096292018890381, 0.39718103408813477, 0.38805294036865234, 0.32818102836608887, 0.3755640983581543, 0.4195590019226074, 0.4515969753265381, 0.36835312843322754, 0.45699501037597656, 0.4498159885406494, 0.4930450916290283, 0.5854959487915039, 0.5148880481719971]
{'args': ((35, 0, slice(0, 960, None), slice(None, None, None)),), 'dataset shape': (40, 11, 1921, 2560), 'dataset chunks': (7, 1, 385, 512), 'indexing time (s)': 2.1457672119140625e-06, 'chunk number': 1650, 'reduction time (s)': 6.26558518409729, 'chunks processed': 15, 'storage read (B)': 21287473, 'selection 1 time (s)': 6.265746116638184}
Thread times [0.42540597915649414, 0.393740177154541, 0.3049130439758301, 0.3558928966522217, 0.44476795196533203, 0.46906304359436035, 0.33382320404052734, 0.39983701705932617, 0.4193379878997803, 0.39246630668640137, 0.2617170810699463, 0.43026041984558105, 0.4486198425292969, 0.4237492084503174, 0.37287187576293945]
{'args': ((36, 0, slice(0, 960, None), slice(None, None, None)),), 'dataset shape': (40, 11, 1921, 2560), 'dataset chunks': (7, 1, 385, 512), 'indexing time (s)': 2.1457672119140625e-06, 'chunk number': 1650, 'reduction time (s)': 5.877701759338379, 'chunks processed': 15, 'storage read (B)': 21287473, 'selection 1 time (s)': 5.877847671508789}
Thread times [0.3518712520599365, 0.4487030506134033, 0.36734890937805176, 0.3021249771118164, 0.38204002380371094, 0.4218130111694336, 0.3174550533294678, 0.3526618480682373, 0.4108891487121582, 0.48546409606933594, 0.46010398864746094, 0.421950101852417, 0.3709688186645508, 0.4235382080078125, 0.47983884811401367]
{'args': ((37, 0, slice(0, 960, None), slice(None, None, None)),), 'dataset shape': (40, 11, 1921, 2560), 'dataset chunks': (7, 1, 385, 512), 'indexing time (s)': 1.1920928955078125e-06, 'chunk number': 1650, 'reduction time (s)': 5.997662782669067, 'chunks processed': 15, 'storage read (B)': 21287473, 'selection 1 time (s)': 5.9977710247039795}
Thread times [0.48424506187438965, 0.33391284942626953, 0.41820311546325684, 0.4346480369567871, 0.3749990463256836, 0.49150586128234863, 0.5394248962402344, 0.5514729022979736, 0.5101728439331055, 0.45832109451293945, 0.3535752296447754, 0.4126451015472412, 0.4200892448425293, 0.3840830326080322, 0.31536293029785156]
{'args': ((38, 0, slice(0, 960, None), slice(None, None, None)),), 'dataset shape': (40, 11, 1921, 2560), 'dataset chunks': (7, 1, 385, 512), 'indexing time (s)': 7.152557373046875e-07, 'chunk number': 1650, 'reduction time (s)': 6.483615398406982, 'chunks processed': 15, 'storage read (B)': 21287473, 'selection 1 time (s)': 6.483754873275757}
Thread times [0.3291468620300293, 0.22356891632080078, 0.36731600761413574, 0.36286473274230957, 0.25272297859191895, 0.37047767639160156, 0.45349621772766113, 0.33174872398376465, 0.3685481548309326, 0.4356839656829834, 0.4340970516204834, 0.3066742420196533, 0.4214956760406494, 0.49253201484680176, 0.42166709899902344]
{'args': ((39, 0, slice(0, 960, None), slice(None, None, None)),), 'dataset shape': (40, 11, 1921, 2560), 'dataset chunks': (7, 1, 385, 512), 'indexing time (s)': 1.6689300537109375e-06, 'chunk number': 1650, 'reduction time (s)': 5.572956323623657, 'chunks processed': 15, 'storage read (B)': 21287473, 'selection 1 time (s)': 5.5730860233306885}
[[226.07817708]
 [226.06473958]
 [225.93765625]
 [225.90807292]
 [225.91734375]
 [225.88453125]
 [225.82075521]
 [225.85440104]
 [225.98328125]
 [226.03804687]
 [226.01315104]
 [226.02330729]
 [226.03770833]
 [226.00476563]
 [225.91765625]
 [225.94036458]
 [225.98721354]
 [225.9146875 ]
 [225.81242188]
 [225.81869792]
 [225.84526042]
 [225.78497396]
 [225.63651042]
 [225.55651042]
 [225.45734375]
 [225.32369792]
 [225.16325521]
 [225.07794271]
 [225.07846354]
 [225.10664063]
 [225.17609375]
 [225.36880208]
 [225.57911458]
 [225.69080729]
 [225.72229167]
 [225.82367188]
 [225.93658854]
 [225.96765625]
 [225.91861979]
 [225.9225    ]]
Summary:  Uni24-np3:Local (T1,BS1): 1.21s,259.4s,266.2s
