Dataset loaded from S3 with s3fs and Pyfive: bnl/ch330a.pc19790301-def.nc (2.3,5.7)
Thread times [0.24732494354248047, 0.0743870735168457, 0.08437013626098633, 0.1914060115814209, 0.13782095909118652, 0.09753775596618652, 0.11233210563659668, 0.11858701705932617, 0.3253660202026367, 0.08915996551513672, 0.1414949893951416, 0.2508080005645752, 0.10222697257995605, 0.10526895523071289, 0.09375715255737305]
{'load nc time': 8.679556846618652, 'args': ((0, 0, slice(0, 960, None), slice(None, None, None)),), 'dataset shape': (40, 11, 1921, 2560), 'dataset chunks': (7, 1, 385, 512), 'indexing time (s)': 15.350244045257568, 'chunk number': 1650, 'reduction time (s)': 2.17364501953125, 'chunks processed': 15, 'storage read (B)': 29685482, 'selection 2 time (s)': 17.527382135391235}
Thread times [0.189774751663208, 0.05160808563232422, 0.07336878776550293, 0.07598209381103516, 0.08072400093078613, 0.0905601978302002, 0.11512517929077148, 0.09030604362487793, 0.2904367446899414, 0.09371399879455566, 0.08629393577575684, 0.23796677589416504, 0.13067412376403809, 0.37099432945251465, 0.08943510055541992]
{'args': ((1, 0, slice(0, 960, None), slice(None, None, None)),), 'dataset shape': (40, 11, 1921, 2560), 'dataset chunks': (7, 1, 385, 512), 'indexing time (s)': 2.1457672119140625e-06, 'chunk number': 1650, 'reduction time (s)': 2.068437099456787, 'chunks processed': 15, 'storage read (B)': 29685482, 'selection 2 time (s)': 2.0706801414489746}
Thread times [0.18068885803222656, 0.07053828239440918, 0.06972694396972656, 0.07217168807983398, 0.10630488395690918, 0.09451508522033691, 0.3366587162017822, 0.0833139419555664, 0.2494499683380127, 0.09888505935668945, 0.07815909385681152, 0.29024696350097656, 0.09892082214355469, 0.3296499252319336, 0.09134912490844727]
{'args': ((2, 0, slice(0, 960, None), slice(None, None, None)),), 'dataset shape': (40, 11, 1921, 2560), 'dataset chunks': (7, 1, 385, 512), 'indexing time (s)': 7.152557373046875e-07, 'chunk number': 1650, 'reduction time (s)': 2.252045154571533, 'chunks processed': 15, 'storage read (B)': 29685482, 'selection 2 time (s)': 2.256078004837036}
Thread times [0.10800385475158691, 0.06836414337158203, 0.08221888542175293, 0.06375885009765625, 0.08690500259399414, 0.09213614463806152, 0.09782099723815918, 0.09199380874633789, 0.2406752109527588, 0.08324313163757324, 0.09058690071105957, 0.4349329471588135, 0.0682523250579834, 0.08325982093811035, 0.12658190727233887]
{'args': ((3, 0, slice(0, 960, None), slice(None, None, None)),), 'dataset shape': (40, 11, 1921, 2560), 'dataset chunks': (7, 1, 385, 512), 'indexing time (s)': 1.9073486328125e-06, 'chunk number': 1650, 'reduction time (s)': 1.820288896560669, 'chunks processed': 15, 'storage read (B)': 29685482, 'selection 2 time (s)': 1.822756052017212}
Thread times [0.10689783096313477, 0.05927610397338867, 0.07204699516296387, 0.06871390342712402, 0.08586001396179199, 0.0837562084197998, 0.10052371025085449, 0.12326598167419434, 0.3521451950073242, 0.08258700370788574, 0.1380000114440918, 0.28916501998901367, 0.09078693389892578, 0.09773898124694824, 0.0852508544921875]
{'args': ((4, 0, slice(0, 960, None), slice(None, None, None)),), 'dataset shape': (40, 11, 1921, 2560), 'dataset chunks': (7, 1, 385, 512), 'indexing time (s)': 1.9073486328125e-06, 'chunk number': 1650, 'reduction time (s)': 1.8373138904571533, 'chunks processed': 15, 'storage read (B)': 29685482, 'selection 2 time (s)': 1.8383069038391113}
Thread times [0.12446093559265137, 0.06425619125366211, 0.07578897476196289, 0.0847327709197998, 0.07497596740722656, 0.09900689125061035, 0.08590292930603027, 0.07974481582641602, 0.2225799560546875, 0.06986880302429199, 0.07723116874694824, 0.22480225563049316, 0.08680915832519531, 0.08532094955444336, 0.09019804000854492]
{'args': ((5, 0, slice(0, 960, None), slice(None, None, None)),), 'dataset shape': (40, 11, 1921, 2560), 'dataset chunks': (7, 1, 385, 512), 'indexing time (s)': 9.5367431640625e-07, 'chunk number': 1650, 'reduction time (s)': 1.549494981765747, 'chunks processed': 15, 'storage read (B)': 29685482, 'selection 2 time (s)': 1.5524330139160156}
Thread times [0.09839200973510742, 0.06295228004455566, 0.07282590866088867, 0.05608415603637695, 0.07458710670471191, 0.08943986892700195, 0.07970666885375977, 0.14514827728271484, 0.2571990489959717, 0.08420705795288086, 0.09211206436157227, 0.33571314811706543, 0.08606410026550293, 0.08457493782043457, 0.09495306015014648]
{'args': ((6, 0, slice(0, 960, None), slice(None, None, None)),), 'dataset shape': (40, 11, 1921, 2560), 'dataset chunks': (7, 1, 385, 512), 'indexing time (s)': 1.9073486328125e-06, 'chunk number': 1650, 'reduction time (s)': 1.7154371738433838, 'chunks processed': 15, 'storage read (B)': 29685482, 'selection 2 time (s)': 1.7182021141052246}
Thread times [0.12797784805297852, 0.0857851505279541, 0.08268594741821289, 0.12326288223266602, 0.08752584457397461, 0.10991597175598145, 0.11518740653991699, 0.1127009391784668, 0.2421741485595703, 0.15877103805541992, 0.09408426284790039, 0.0873410701751709, 0.09979987144470215, 0.10195088386535645, 0.09554195404052734]
{'args': ((7, 0, slice(0, 960, None), slice(None, None, None)),), 'dataset shape': (40, 11, 1921, 2560), 'dataset chunks': (7, 1, 385, 512), 'indexing time (s)': 1.9073486328125e-06, 'chunk number': 1650, 'reduction time (s)': 1.7264330387115479, 'chunks processed': 15, 'storage read (B)': 29701892, 'selection 2 time (s)': 1.7289838790893555}
Thread times [0.10235810279846191, 0.06233501434326172, 0.10721778869628906, 0.08635497093200684, 0.09131002426147461, 0.15657591819763184, 0.09667205810546875, 0.14107203483581543, 0.25884485244750977, 0.09373998641967773, 0.08822512626647949, 0.11165070533752441, 0.08863091468811035, 0.0871272087097168, 0.09393191337585449]
{'args': ((8, 0, slice(0, 960, None), slice(None, None, None)),), 'dataset shape': (40, 11, 1921, 2560), 'dataset chunks': (7, 1, 385, 512), 'indexing time (s)': 2.1457672119140625e-06, 'chunk number': 1650, 'reduction time (s)': 1.6672718524932861, 'chunks processed': 15, 'storage read (B)': 29701892, 'selection 2 time (s)': 1.6695280075073242}
Thread times [0.12455511093139648, 0.0585479736328125, 0.10437607765197754, 0.08244824409484863, 0.08737587928771973, 0.09543395042419434, 0.09137201309204102, 0.09757804870605469, 0.25820302963256836, 0.11558794975280762, 0.09046792984008789, 0.09541726112365723, 0.08804202079772949, 0.08921408653259277, 0.08895158767700195]
{'args': ((9, 0, slice(0, 960, None), slice(None, None, None)),), 'dataset shape': (40, 11, 1921, 2560), 'dataset chunks': (7, 1, 385, 512), 'indexing time (s)': 2.1457672119140625e-06, 'chunk number': 1650, 'reduction time (s)': 1.5689001083374023, 'chunks processed': 15, 'storage read (B)': 29701892, 'selection 2 time (s)': 1.5699520111083984}
Thread times [0.11672329902648926, 0.06269216537475586, 0.08530998229980469, 0.12016701698303223, 0.09591031074523926, 0.08151793479919434, 0.09924793243408203, 0.1671290397644043, 0.2484130859375, 0.08244800567626953, 0.08995199203491211, 0.09322905540466309, 0.10853195190429688, 0.0932772159576416, 0.09836220741271973]
{'args': ((10, 0, slice(0, 960, None), slice(None, None, None)),), 'dataset shape': (40, 11, 1921, 2560), 'dataset chunks': (7, 1, 385, 512), 'indexing time (s)': 1.1920928955078125e-06, 'chunk number': 1650, 'reduction time (s)': 1.644347906112671, 'chunks processed': 15, 'storage read (B)': 29701892, 'selection 2 time (s)': 1.6465730667114258}
Thread times [0.09850907325744629, 0.06874918937683105, 0.07860779762268066, 0.09131383895874023, 0.08268904685974121, 0.0897669792175293, 0.09599590301513672, 0.0942678451538086, 0.25687098503112793, 0.13298988342285156, 0.0889432430267334, 0.08210301399230957, 0.087799072265625, 0.12082028388977051, 0.09109306335449219]
{'args': ((11, 0, slice(0, 960, None), slice(None, None, None)),), 'dataset shape': (40, 11, 1921, 2560), 'dataset chunks': (7, 1, 385, 512), 'indexing time (s)': 2.1457672119140625e-06, 'chunk number': 1650, 'reduction time (s)': 1.5625841617584229, 'chunks processed': 15, 'storage read (B)': 29701892, 'selection 2 time (s)': 1.565763235092163}
Thread times [0.1027073860168457, 0.05859184265136719, 0.08063578605651855, 0.08304190635681152, 0.0826730728149414, 0.0923149585723877, 0.0875241756439209, 0.1008749008178711, 0.2519218921661377, 0.11896276473999023, 0.09199023246765137, 0.08447694778442383, 0.09693598747253418, 0.0918729305267334, 0.19032502174377441]
{'args': ((12, 0, slice(0, 960, None), slice(None, None, None)),), 'dataset shape': (40, 11, 1921, 2560), 'dataset chunks': (7, 1, 385, 512), 'indexing time (s)': 2.1457672119140625e-06, 'chunk number': 1650, 'reduction time (s)': 1.6162240505218506, 'chunks processed': 15, 'storage read (B)': 29701892, 'selection 2 time (s)': 1.618434190750122}
Thread times [0.1369621753692627, 0.0593569278717041, 0.0838918685913086, 0.1283707618713379, 0.08288288116455078, 0.08865928649902344, 0.09684085845947266, 0.10787296295166016, 0.26773929595947266, 0.08613705635070801, 0.11152195930480957, 0.09078812599182129, 0.09984397888183594, 0.10935306549072266, 0.1528031826019287]
{'args': ((13, 0, slice(0, 960, None), slice(None, None, None)),), 'dataset shape': (40, 11, 1921, 2560), 'dataset chunks': (7, 1, 385, 512), 'indexing time (s)': 1.9073486328125e-06, 'chunk number': 1650, 'reduction time (s)': 1.7043249607086182, 'chunks processed': 15, 'storage read (B)': 29701892, 'selection 2 time (s)': 1.7064390182495117}
Thread times [0.1406412124633789, 0.11215901374816895, 0.10384225845336914, 0.10456109046936035, 0.08951401710510254, 0.11065387725830078, 0.11452889442443848, 0.1117238998413086, 0.2545151710510254, 0.10032486915588379, 0.07299494743347168, 0.11103534698486328, 0.12403607368469238, 0.09704303741455078, 0.10189104080200195]
{'args': ((14, 0, slice(0, 960, None), slice(None, None, None)),), 'dataset shape': (40, 11, 1921, 2560), 'dataset chunks': (7, 1, 385, 512), 'indexing time (s)': 1.9073486328125e-06, 'chunk number': 1650, 'reduction time (s)': 1.7507030963897705, 'chunks processed': 15, 'storage read (B)': 29733505, 'selection 2 time (s)': 1.7517428398132324}
Thread times [0.08579683303833008, 0.06616616249084473, 0.07261967658996582, 0.11295795440673828, 0.07964801788330078, 0.13199305534362793, 0.09701824188232422, 0.09635782241821289, 0.27069592475891113, 0.08712601661682129, 0.09346485137939453, 0.08740472793579102, 0.09360790252685547, 0.10041308403015137, 0.09272480010986328]
{'args': ((15, 0, slice(0, 960, None), slice(None, None, None)),), 'dataset shape': (40, 11, 1921, 2560), 'dataset chunks': (7, 1, 385, 512), 'indexing time (s)': 0.0, 'chunk number': 1650, 'reduction time (s)': 1.5699689388275146, 'chunks processed': 15, 'storage read (B)': 29733505, 'selection 2 time (s)': 1.5725290775299072}
Thread times [0.09129810333251953, 0.0799570083618164, 0.06625795364379883, 0.12823772430419922, 0.09749197959899902, 0.09187507629394531, 0.09838104248046875, 0.09946393966674805, 0.24768996238708496, 0.1045081615447998, 0.10162806510925293, 0.09353184700012207, 0.09295988082885742, 0.0968618392944336, 0.09526300430297852]
{'args': ((16, 0, slice(0, 960, None), slice(None, None, None)),), 'dataset shape': (40, 11, 1921, 2560), 'dataset chunks': (7, 1, 385, 512), 'indexing time (s)': 9.5367431640625e-07, 'chunk number': 1650, 'reduction time (s)': 1.587110996246338, 'chunks processed': 15, 'storage read (B)': 29733505, 'selection 2 time (s)': 1.5894699096679688}
Thread times [0.09501981735229492, 0.07339000701904297, 0.0694737434387207, 0.08754777908325195, 0.09662914276123047, 0.09108281135559082, 0.09462499618530273, 0.09519004821777344, 0.25304508209228516, 0.09438419342041016, 0.08900618553161621, 0.08976984024047852, 0.10013818740844727, 0.08903694152832031, 0.09189081192016602]
{'args': ((17, 0, slice(0, 960, None), slice(None, None, None)),), 'dataset shape': (40, 11, 1921, 2560), 'dataset chunks': (7, 1, 385, 512), 'indexing time (s)': 2.1457672119140625e-06, 'chunk number': 1650, 'reduction time (s)': 1.5117027759552002, 'chunks processed': 15, 'storage read (B)': 29733505, 'selection 2 time (s)': 1.5140149593353271}
Thread times [0.10347700119018555, 0.07455730438232422, 0.0709848403930664, 0.07210707664489746, 0.08489584922790527, 0.10258913040161133, 0.09852123260498047, 0.10206794738769531, 0.3381528854370117, 0.10389113426208496, 0.0920572280883789, 0.08646917343139648, 0.10831117630004883, 0.09253525733947754, 0.09456777572631836]
{'args': ((18, 0, slice(0, 960, None), slice(None, None, None)),), 'dataset shape': (40, 11, 1921, 2560), 'dataset chunks': (7, 1, 385, 512), 'indexing time (s)': 1.6689300537109375e-06, 'chunk number': 1650, 'reduction time (s)': 1.6266989707946777, 'chunks processed': 15, 'storage read (B)': 29733505, 'selection 2 time (s)': 1.6291370391845703}
Thread times [0.09798192977905273, 0.08192181587219238, 0.10851311683654785, 0.09059500694274902, 0.0859379768371582, 0.09408998489379883, 0.1026160717010498, 0.14482402801513672, 0.35251522064208984, 0.12338995933532715, 0.08521699905395508, 0.08314108848571777, 0.11056709289550781, 0.09136414527893066, 0.1053931713104248]
{'args': ((19, 0, slice(0, 960, None), slice(None, None, None)),), 'dataset shape': (40, 11, 1921, 2560), 'dataset chunks': (7, 1, 385, 512), 'indexing time (s)': 2.1457672119140625e-06, 'chunk number': 1650, 'reduction time (s)': 1.7598071098327637, 'chunks processed': 15, 'storage read (B)': 29733505, 'selection 2 time (s)': 1.7621989250183105}
Thread times [0.15087509155273438, 0.09896206855773926, 0.06837987899780273, 0.08674311637878418, 0.08951687812805176, 0.09053206443786621, 0.09397315979003906, 0.10062193870544434, 0.21547865867614746, 0.08608293533325195, 0.07511091232299805, 0.1065061092376709, 0.08559393882751465, 0.12495708465576172, 0.09010076522827148]
{'args': ((20, 0, slice(0, 960, None), slice(None, None, None)),), 'dataset shape': (40, 11, 1921, 2560), 'dataset chunks': (7, 1, 385, 512), 'indexing time (s)': 1.9073486328125e-06, 'chunk number': 1650, 'reduction time (s)': 1.565006971359253, 'chunks processed': 15, 'storage read (B)': 29733505, 'selection 2 time (s)': 1.5677809715270996}
Thread times [0.09620285034179688, 0.07580900192260742, 0.10921525955200195, 0.08006811141967773, 0.08242988586425781, 0.10951018333435059, 0.10450387001037598, 0.10483193397521973, 0.10383319854736328, 0.12663722038269043, 0.09736967086791992, 0.12601995468139648, 0.23119497299194336, 0.20325708389282227, 0.0818331241607666]
{'args': ((21, 0, slice(0, 960, None), slice(None, None, None)),), 'dataset shape': (40, 11, 1921, 2560), 'dataset chunks': (7, 1, 385, 512), 'indexing time (s)': 1.9073486328125e-06, 'chunk number': 1650, 'reduction time (s)': 1.7343239784240723, 'chunks processed': 15, 'storage read (B)': 29686785, 'selection 2 time (s)': 1.7368438243865967}
Thread times [0.10768890380859375, 0.05952191352844238, 0.11892318725585938, 0.08616805076599121, 0.06879019737243652, 0.09441208839416504, 0.09278202056884766, 0.09165525436401367, 0.09654903411865234, 0.08767104148864746, 0.11226701736450195, 0.0851898193359375, 0.23714780807495117, 0.20734739303588867, 0.121063232421875]
{'args': ((22, 0, slice(0, 960, None), slice(None, None, None)),), 'dataset shape': (40, 11, 1921, 2560), 'dataset chunks': (7, 1, 385, 512), 'indexing time (s)': 1.6689300537109375e-06, 'chunk number': 1650, 'reduction time (s)': 1.6684741973876953, 'chunks processed': 15, 'storage read (B)': 29686785, 'selection 2 time (s)': 1.6707351207733154}
Thread times [0.1124429702758789, 0.09672403335571289, 0.08927488327026367, 0.08590579032897949, 0.1696457862854004, 0.08679676055908203, 0.09168004989624023, 0.08103108406066895, 0.16686105728149414, 0.09169816970825195, 0.16434216499328613, 0.08830404281616211, 0.3667910099029541, 0.23128604888916016, 0.08762407302856445]
{'args': ((23, 0, slice(0, 960, None), slice(None, None, None)),), 'dataset shape': (40, 11, 1921, 2560), 'dataset chunks': (7, 1, 385, 512), 'indexing time (s)': 2.1457672119140625e-06, 'chunk number': 1650, 'reduction time (s)': 2.011812210083008, 'chunks processed': 15, 'storage read (B)': 29686785, 'selection 2 time (s)': 2.0139057636260986}
Thread times [0.09648418426513672, 0.06763434410095215, 0.09758210182189941, 0.11514782905578613, 0.06684517860412598, 0.0861668586730957, 0.09605288505554199, 0.0897219181060791, 0.11138296127319336, 0.14006996154785156, 0.09026288986206055, 0.12939095497131348, 0.33316493034362793, 0.3083360195159912, 0.08358907699584961]
{'args': ((24, 0, slice(0, 960, None), slice(None, None, None)),), 'dataset shape': (40, 11, 1921, 2560), 'dataset chunks': (7, 1, 385, 512), 'indexing time (s)': 2.1457672119140625e-06, 'chunk number': 1650, 'reduction time (s)': 1.9134399890899658, 'chunks processed': 15, 'storage read (B)': 29686785, 'selection 2 time (s)': 1.916454792022705}
Thread times [0.09305930137634277, 0.05293607711791992, 0.08014488220214844, 0.10863995552062988, 0.07415914535522461, 0.09297776222229004, 0.08674168586730957, 0.13138771057128906, 0.10653996467590332, 0.09883499145507812, 0.08459973335266113, 0.15246272087097168, 0.22985029220581055, 0.20252203941345215, 0.13281702995300293]
{'args': ((25, 0, slice(0, 960, None), slice(None, None, None)),), 'dataset shape': (40, 11, 1921, 2560), 'dataset chunks': (7, 1, 385, 512), 'indexing time (s)': 2.1457672119140625e-06, 'chunk number': 1650, 'reduction time (s)': 1.729288101196289, 'chunks processed': 15, 'storage read (B)': 29686785, 'selection 2 time (s)': 1.7316911220550537}
Thread times [0.11115598678588867, 0.0636909008026123, 0.08308196067810059, 0.09048795700073242, 0.06849884986877441, 0.0993049144744873, 0.08764386177062988, 0.08263802528381348, 0.09329009056091309, 0.1204078197479248, 0.35378313064575195, 0.08647823333740234, 0.26331019401550293, 0.26615405082702637, 0.09709501266479492]
{'args': ((26, 0, slice(0, 960, None), slice(None, None, None)),), 'dataset shape': (40, 11, 1921, 2560), 'dataset chunks': (7, 1, 385, 512), 'indexing time (s)': 1.9073486328125e-06, 'chunk number': 1650, 'reduction time (s)': 1.9681358337402344, 'chunks processed': 15, 'storage read (B)': 29686785, 'selection 2 time (s)': 1.9691641330718994}
Thread times [0.1179041862487793, 0.05376601219177246, 0.09110522270202637, 0.10656118392944336, 0.06429386138916016, 0.08576202392578125, 0.11151599884033203, 0.14544391632080078, 0.1042928695678711, 0.0886080265045166, 0.1109471321105957, 0.08475184440612793, 0.26770710945129395, 0.22188282012939453, 0.21616482734680176]
{'args': ((27, 0, slice(0, 960, None), slice(None, None, None)),), 'dataset shape': (40, 11, 1921, 2560), 'dataset chunks': (7, 1, 385, 512), 'indexing time (s)': 1.1920928955078125e-06, 'chunk number': 1650, 'reduction time (s)': 1.8720459938049316, 'chunks processed': 15, 'storage read (B)': 29686785, 'selection 2 time (s)': 1.8745789527893066}
Thread times [0.17386484146118164, 0.14221525192260742, 0.0848379135131836, 0.08147716522216797, 0.12777924537658691, 0.1521291732788086, 0.10998392105102539, 0.115142822265625, 0.08966398239135742, 0.09939885139465332, 0.13779211044311523, 0.2914009094238281, 0.08802103996276855, 0.08319711685180664, 0.11693477630615234]
{'args': ((28, 0, slice(0, 960, None), slice(None, None, None)),), 'dataset shape': (40, 11, 1921, 2560), 'dataset chunks': (7, 1, 385, 512), 'indexing time (s)': 2.1457672119140625e-06, 'chunk number': 1650, 'reduction time (s)': 1.8950819969177246, 'chunks processed': 15, 'storage read (B)': 29670387, 'selection 2 time (s)': 1.8960750102996826}
Thread times [0.13605809211730957, 0.052256107330322266, 0.12297892570495605, 0.10596513748168945, 0.09970998764038086, 0.1000068187713623, 0.14220738410949707, 0.09468817710876465, 0.0934140682220459, 0.0916907787322998, 0.08491802215576172, 0.32726216316223145, 0.08608579635620117, 0.0900871753692627, 0.08156204223632812]
{'args': ((29, 0, slice(0, 960, None), slice(None, None, None)),), 'dataset shape': (40, 11, 1921, 2560), 'dataset chunks': (7, 1, 385, 512), 'indexing time (s)': 9.5367431640625e-07, 'chunk number': 1650, 'reduction time (s)': 1.710263967514038, 'chunks processed': 15, 'storage read (B)': 29670387, 'selection 2 time (s)': 1.7120959758758545}
Thread times [0.09935498237609863, 0.0668182373046875, 0.13608288764953613, 0.07398605346679688, 0.07970261573791504, 0.10869574546813965, 0.09843993186950684, 0.08287262916564941, 0.07800793647766113, 0.08544206619262695, 0.09296607971191406, 0.2720346450805664, 0.10716104507446289, 0.21123290061950684, 0.08973193168640137]
{'args': ((30, 0, slice(0, 960, None), slice(None, None, None)),), 'dataset shape': (40, 11, 1921, 2560), 'dataset chunks': (7, 1, 385, 512), 'indexing time (s)': 9.5367431640625e-07, 'chunk number': 1650, 'reduction time (s)': 1.683790683746338, 'chunks processed': 15, 'storage read (B)': 29670387, 'selection 2 time (s)': 1.6859080791473389}
Thread times [0.15334796905517578, 0.05813407897949219, 0.08493208885192871, 0.11262011528015137, 0.11700701713562012, 0.09504413604736328, 0.09965300559997559, 0.0885000228881836, 0.09454894065856934, 0.09420609474182129, 0.08289980888366699, 0.3513216972351074, 0.11103296279907227, 0.09719300270080566, 0.09070992469787598]
{'args': ((31, 0, slice(0, 960, None), slice(None, None, None)),), 'dataset shape': (40, 11, 1921, 2560), 'dataset chunks': (7, 1, 385, 512), 'indexing time (s)': 2.1457672119140625e-06, 'chunk number': 1650, 'reduction time (s)': 1.7323789596557617, 'chunks processed': 15, 'storage read (B)': 29670387, 'selection 2 time (s)': 1.7344896793365479}
Thread times [0.18327593803405762, 0.06754612922668457, 0.09183001518249512, 0.08558797836303711, 0.16898488998413086, 0.10520005226135254, 0.09284472465515137, 0.12557482719421387, 0.09282898902893066, 0.10945010185241699, 0.12408018112182617, 0.29383015632629395, 0.08258676528930664, 0.08461689949035645, 0.10790681838989258]
{'args': ((32, 0, slice(0, 960, None), slice(None, None, None)),), 'dataset shape': (40, 11, 1921, 2560), 'dataset chunks': (7, 1, 385, 512), 'indexing time (s)': 1.1920928955078125e-06, 'chunk number': 1650, 'reduction time (s)': 1.8178670406341553, 'chunks processed': 15, 'storage read (B)': 29670387, 'selection 2 time (s)': 1.820166826248169}
Thread times [0.12312197685241699, 0.08448624610900879, 0.11169219017028809, 0.07546186447143555, 0.09670281410217285, 0.09822273254394531, 0.14873290061950684, 0.08595085144042969, 0.08243608474731445, 0.08054590225219727, 0.09075093269348145, 0.28040409088134766, 0.10723304748535156, 0.11574292182922363, 0.1197512149810791]
{'args': ((33, 0, slice(0, 960, None), slice(None, None, None)),), 'dataset shape': (40, 11, 1921, 2560), 'dataset chunks': (7, 1, 385, 512), 'indexing time (s)': 1.9073486328125e-06, 'chunk number': 1650, 'reduction time (s)': 1.7024848461151123, 'chunks processed': 15, 'storage read (B)': 29670387, 'selection 2 time (s)': 1.703502893447876}
Thread times [0.10197901725769043, 0.06538915634155273, 0.0787820816040039, 0.07789802551269531, 0.16148114204406738, 0.09965920448303223, 0.0878438949584961, 0.10629582405090332, 0.09539484977722168, 0.08421993255615234, 0.08082413673400879, 0.28101611137390137, 0.07734203338623047, 0.07526111602783203, 0.08839607238769531]
{'args': ((34, 0, slice(0, 960, None), slice(None, None, None)),), 'dataset shape': (40, 11, 1921, 2560), 'dataset chunks': (7, 1, 385, 512), 'indexing time (s)': 1.1920928955078125e-06, 'chunk number': 1650, 'reduction time (s)': 1.5632398128509521, 'chunks processed': 15, 'storage read (B)': 29670387, 'selection 2 time (s)': 1.565938949584961}
Thread times [0.12447500228881836, 0.07860469818115234, 0.058782339096069336, 0.09434890747070312, 0.08754682540893555, 0.09040403366088867, 0.10808491706848145, 0.07881760597229004, 0.0977180004119873, 0.10914015769958496, 0.11861300468444824, 0.09596705436706543, 0.11212587356567383, 0.0860280990600586, 0.11141204833984375]
{'args': ((35, 0, slice(0, 960, None), slice(None, None, None)),), 'dataset shape': (40, 11, 1921, 2560), 'dataset chunks': (7, 1, 385, 512), 'indexing time (s)': 1.9073486328125e-06, 'chunk number': 1650, 'reduction time (s)': 1.4534790515899658, 'chunks processed': 15, 'storage read (B)': 21287473, 'selection 2 time (s)': 1.455793857574463}
Thread times [0.10714173316955566, 0.054328203201293945, 0.08283805847167969, 0.07866072654724121, 0.06708574295043945, 0.08929610252380371, 0.09612417221069336, 0.07535195350646973, 0.16314196586608887, 0.09466385841369629, 0.10842013359069824, 0.17563199996948242, 0.10082411766052246, 0.08517909049987793, 0.08466005325317383]
{'args': ((36, 0, slice(0, 960, None), slice(None, None, None)),), 'dataset shape': (40, 11, 1921, 2560), 'dataset chunks': (7, 1, 385, 512), 'indexing time (s)': 1.9073486328125e-06, 'chunk number': 1650, 'reduction time (s)': 1.4649732112884521, 'chunks processed': 15, 'storage read (B)': 21287473, 'selection 2 time (s)': 1.4672560691833496}
Thread times [0.11513304710388184, 0.06473684310913086, 0.06546926498413086, 0.0789330005645752, 0.06609487533569336, 0.10695815086364746, 0.10111594200134277, 0.07775378227233887, 0.09099912643432617, 0.09315204620361328, 0.12599921226501465, 0.1272571086883545, 0.08088111877441406, 0.08251428604125977, 0.08560514450073242]
{'args': ((37, 0, slice(0, 960, None), slice(None, None, None)),), 'dataset shape': (40, 11, 1921, 2560), 'dataset chunks': (7, 1, 385, 512), 'indexing time (s)': 2.1457672119140625e-06, 'chunk number': 1650, 'reduction time (s)': 1.3642351627349854, 'chunks processed': 15, 'storage read (B)': 21287473, 'selection 2 time (s)': 1.3671650886535645}
Thread times [0.15258312225341797, 0.0665740966796875, 0.07297515869140625, 0.07709383964538574, 0.08606815338134766, 0.1587820053100586, 0.07234621047973633, 0.11287498474121094, 0.0875101089477539, 0.12949299812316895, 0.08962273597717285, 0.07195401191711426, 0.08350276947021484, 0.18297815322875977, 0.06978297233581543]
{'args': ((38, 0, slice(0, 960, None), slice(None, None, None)),), 'dataset shape': (40, 11, 1921, 2560), 'dataset chunks': (7, 1, 385, 512), 'indexing time (s)': 1.9073486328125e-06, 'chunk number': 1650, 'reduction time (s)': 1.5156223773956299, 'chunks processed': 15, 'storage read (B)': 21287473, 'selection 2 time (s)': 1.5181691646575928}
Thread times [0.12420892715454102, 0.060630083084106445, 0.06835818290710449, 0.07831382751464844, 0.055613040924072266, 0.0778191089630127, 0.16115880012512207, 0.07900404930114746, 0.08337807655334473, 0.09462213516235352, 0.08558511734008789, 0.09029197692871094, 0.08755683898925781, 0.0852208137512207, 0.08175206184387207]
{'args': ((39, 0, slice(0, 960, None), slice(None, None, None)),), 'dataset shape': (40, 11, 1921, 2560), 'dataset chunks': (7, 1, 385, 512), 'indexing time (s)': 2.86102294921875e-06, 'chunk number': 1650, 'reduction time (s)': 1.3151988983154297, 'chunks processed': 15, 'storage read (B)': 21287473, 'selection 2 time (s)': 1.3176519870758057}
[[226.07820312]
 [226.0646875 ]
 [225.93776042]
 [225.90820312]
 [225.91739583]
 [225.88460937]
 [225.82080729]
 [225.85434896]
 [225.9834375 ]
 [226.03822917]
 [226.01317708]
 [226.02333333]
 [226.03765625]
 [226.00486979]
 [225.91778646]
 [225.9403125 ]
 [225.98729167]
 [225.91450521]
 [225.81239583]
 [225.81890625]
 [225.8453125 ]
 [225.785     ]
 [225.63648438]
 [225.5565625 ]
 [225.45744792]
 [225.32382813]
 [225.16335937]
 [225.07786458]
 [225.07846354]
 [225.10669271]
 [225.17606771]
 [225.36867187]
 [225.57927083]
 [225.69083333]
 [225.7221875 ]
 [225.82367188]
 [225.93640625]
 [225.96760417]
 [225.91875   ]
 [225.92236979]]
Summary:  Uni24-np3:Active (T1,BS1): 8.68s,68.39s,92.52s
