Dataset loaded from S3 with s3fs and Pyfive: bnl/ch330a.pc19790301-def.nc (0.038,1.2)
Thread times [1.2138938903808594, 1.5054759979248047, 1.7938570976257324, 1.8906550407409668, 1.9170608520507812, 2.326153039932251, 2.335524797439575, 2.545239210128784, 2.849010944366455, 3.2372639179229736, 3.2480618953704834, 3.304999828338623, 3.3701958656311035, 3.387021780014038, 3.4789419174194336]
{'load nc time': 1.3952851295471191, 'args': ((0, 0, slice(0, 960, None), slice(None, None, None)),), 'dataset shape': (40, 11, 1921, 2560), 'dataset chunks': (7, 1, 385, 512), 'indexing time (s)': 5.75846004486084, 'chunk number': 1650, 'reduction time (s)': 3.481387138366699, 'chunks processed': 15, 'storage read (B)': 29685482, 'selection 1 time (s)': 9.240170001983643}
Thread times [0.02103137969970703, 0.4811437129974365, 1.2220730781555176, 1.5769062042236328, 1.601747989654541, 2.4228949546813965, 2.435317039489746, 2.5044331550598145, 2.5283710956573486, 2.5939488410949707, 2.613386869430542, 2.6357240676879883, 2.6935882568359375, 3.0871729850769043, 3.106781244277954]
{'args': ((1, 0, slice(0, 960, None), slice(None, None, None)),), 'dataset shape': (40, 11, 1921, 2560), 'dataset chunks': (7, 1, 385, 512), 'indexing time (s)': 0.0, 'chunk number': 1650, 'reduction time (s)': 3.113424777984619, 'chunks processed': 15, 'storage read (B)': 29685482, 'selection 1 time (s)': 3.1135549545288086}
Thread times [0.01965022087097168, 1.1784937381744385, 1.6150190830230713, 2.1792469024658203, 2.430582046508789, 2.7160744667053223, 2.9454429149627686, 2.9968478679656982, 3.0561890602111816, 3.1313669681549072, 3.200100898742676, 3.2053658962249756, 3.5351719856262207, 3.5831737518310547, 3.61991024017334]
{'args': ((2, 0, slice(0, 960, None), slice(None, None, None)),), 'dataset shape': (40, 11, 1921, 2560), 'dataset chunks': (7, 1, 385, 512), 'indexing time (s)': 9.5367431640625e-07, 'chunk number': 1650, 'reduction time (s)': 3.6264021396636963, 'chunks processed': 15, 'storage read (B)': 29685482, 'selection 1 time (s)': 3.6265318393707275}
Thread times [0.0212399959564209, 0.8065381050109863, 0.9512939453125, 1.9344921112060547, 1.9371709823608398, 2.7402219772338867, 2.75937819480896, 2.9340810775756836, 2.9876458644866943, 3.084778070449829, 3.256303071975708, 3.2849597930908203, 3.3101308345794678, 3.4554476737976074, 3.5434789657592773]
{'args': ((3, 0, slice(0, 960, None), slice(None, None, None)),), 'dataset shape': (40, 11, 1921, 2560), 'dataset chunks': (7, 1, 385, 512), 'indexing time (s)': 9.5367431640625e-07, 'chunk number': 1650, 'reduction time (s)': 3.5492300987243652, 'chunks processed': 15, 'storage read (B)': 29685482, 'selection 1 time (s)': 3.5493521690368652}
Thread times [0.021720170974731445, 1.0957610607147217, 1.1225967407226562, 1.4098808765411377, 1.963541030883789, 1.992725133895874, 2.160814046859741, 2.2199642658233643, 2.225348711013794, 2.2892379760742188, 2.3502819538116455, 2.6344940662384033, 2.848069906234741, 2.8567440509796143, 2.9565460681915283]
{'args': ((4, 0, slice(0, 960, None), slice(None, None, None)),), 'dataset shape': (40, 11, 1921, 2560), 'dataset chunks': (7, 1, 385, 512), 'indexing time (s)': 9.5367431640625e-07, 'chunk number': 1650, 'reduction time (s)': 2.9639179706573486, 'chunks processed': 15, 'storage read (B)': 29685482, 'selection 1 time (s)': 2.9640421867370605}
Thread times [0.020212888717651367, 1.5896577835083008, 1.5930922031402588, 1.7580361366271973, 1.7806923389434814, 1.9173638820648193, 2.0099680423736572, 2.017002820968628, 2.1646270751953125, 2.239871025085449, 2.3047611713409424, 2.7142562866210938, 2.9149999618530273, 2.9837749004364014, 3.058969020843506]
{'args': ((5, 0, slice(0, 960, None), slice(None, None, None)),), 'dataset shape': (40, 11, 1921, 2560), 'dataset chunks': (7, 1, 385, 512), 'indexing time (s)': 0.0, 'chunk number': 1650, 'reduction time (s)': 3.0642359256744385, 'chunks processed': 15, 'storage read (B)': 29685482, 'selection 1 time (s)': 3.0643510818481445}
Thread times [0.02089691162109375, 0.3553478717803955, 1.6457481384277344, 1.7739012241363525, 1.7981324195861816, 1.8786213397979736, 1.9841389656066895, 2.0171709060668945, 2.1925320625305176, 2.656569719314575, 2.675832986831665, 2.766140937805176, 3.0396311283111572, 3.057072877883911, 3.1728529930114746]
{'args': ((6, 0, slice(0, 960, None), slice(None, None, None)),), 'dataset shape': (40, 11, 1921, 2560), 'dataset chunks': (7, 1, 385, 512), 'indexing time (s)': 9.5367431640625e-07, 'chunk number': 1650, 'reduction time (s)': 3.178968906402588, 'chunks processed': 15, 'storage read (B)': 29685482, 'selection 1 time (s)': 3.1790950298309326}
Thread times [1.28572416305542, 1.6507959365844727, 1.6528058052062988, 1.9460790157318115, 2.063915967941284, 2.5110177993774414, 2.5413429737091064, 2.59952712059021, 2.7428622245788574, 2.8646841049194336, 3.0014569759368896, 3.0544941425323486, 3.3306849002838135, 3.41434383392334, 3.4313879013061523]
{'args': ((7, 0, slice(0, 960, None), slice(None, None, None)),), 'dataset shape': (40, 11, 1921, 2560), 'dataset chunks': (7, 1, 385, 512), 'indexing time (s)': 1.1920928955078125e-06, 'chunk number': 1650, 'reduction time (s)': 3.434208869934082, 'chunks processed': 15, 'storage read (B)': 29701892, 'selection 1 time (s)': 3.4343292713165283}
Thread times [0.0230560302734375, 1.399745225906372, 1.4030420780181885, 1.532696008682251, 2.149672269821167, 2.2904021739959717, 2.3236019611358643, 2.4902262687683105, 2.737653970718384, 2.764147996902466, 2.8302860260009766, 2.9961369037628174, 3.0119149684906006, 3.1596529483795166, 3.3699536323547363]
{'args': ((8, 0, slice(0, 960, None), slice(None, None, None)),), 'dataset shape': (40, 11, 1921, 2560), 'dataset chunks': (7, 1, 385, 512), 'indexing time (s)': 9.5367431640625e-07, 'chunk number': 1650, 'reduction time (s)': 3.376677989959717, 'chunks processed': 15, 'storage read (B)': 29701892, 'selection 1 time (s)': 3.3768107891082764}
Thread times [0.02490711212158203, 1.1823720932006836, 1.3625738620758057, 1.4831249713897705, 1.7548580169677734, 1.9354050159454346, 2.2439098358154297, 2.3350329399108887, 2.3779549598693848, 2.497331142425537, 2.716017961502075, 2.760622024536133, 2.8819539546966553, 2.885845899581909, 3.144145965576172]
{'args': ((9, 0, slice(0, 960, None), slice(None, None, None)),), 'dataset shape': (40, 11, 1921, 2560), 'dataset chunks': (7, 1, 385, 512), 'indexing time (s)': 9.5367431640625e-07, 'chunk number': 1650, 'reduction time (s)': 3.1526670455932617, 'chunks processed': 15, 'storage read (B)': 29701892, 'selection 1 time (s)': 3.152808904647827}
Thread times [0.027358055114746094, 1.4641997814178467, 1.8518428802490234, 2.0914621353149414, 2.1456408500671387, 2.3010969161987305, 2.3110849857330322, 2.311677932739258, 2.4824531078338623, 2.51236891746521, 2.5239510536193848, 2.892338275909424, 3.294497013092041, 3.3617100715637207, 3.3667430877685547]
{'args': ((10, 0, slice(0, 960, None), slice(None, None, None)),), 'dataset shape': (40, 11, 1921, 2560), 'dataset chunks': (7, 1, 385, 512), 'indexing time (s)': 2.1457672119140625e-06, 'chunk number': 1650, 'reduction time (s)': 3.3738319873809814, 'chunks processed': 15, 'storage read (B)': 29701892, 'selection 1 time (s)': 3.373971939086914}
Thread times [0.023160219192504883, 1.0765457153320312, 1.4090919494628906, 1.9717600345611572, 2.0774331092834473, 2.2097411155700684, 2.451385259628296, 2.5142760276794434, 2.7346301078796387, 2.932439088821411, 3.111567258834839, 3.2261228561401367, 3.258402109146118, 3.3866617679595947, 3.5278520584106445]
{'args': ((11, 0, slice(0, 960, None), slice(None, None, None)),), 'dataset shape': (40, 11, 1921, 2560), 'dataset chunks': (7, 1, 385, 512), 'indexing time (s)': 9.5367431640625e-07, 'chunk number': 1650, 'reduction time (s)': 3.5353171825408936, 'chunks processed': 15, 'storage read (B)': 29701892, 'selection 1 time (s)': 3.535444974899292}
Thread times [0.02191305160522461, 1.2976009845733643, 1.400864839553833, 1.6245570182800293, 2.11130428314209, 2.2020680904388428, 2.2313318252563477, 2.6035377979278564, 2.745459794998169, 2.7860212326049805, 2.8707101345062256, 3.090517997741699, 3.166814088821411, 3.3038201332092285, 3.321439027786255]
{'args': ((12, 0, slice(0, 960, None), slice(None, None, None)),), 'dataset shape': (40, 11, 1921, 2560), 'dataset chunks': (7, 1, 385, 512), 'indexing time (s)': 9.5367431640625e-07, 'chunk number': 1650, 'reduction time (s)': 3.329637050628662, 'chunks processed': 15, 'storage read (B)': 29701892, 'selection 1 time (s)': 3.329770088195801}
Thread times [0.02196192741394043, 1.4486441612243652, 1.483548879623413, 1.6442899703979492, 1.7022788524627686, 2.0455732345581055, 2.161888837814331, 2.537454843521118, 2.565582036972046, 2.6348490715026855, 2.8320021629333496, 2.9272079467773438, 2.9698808193206787, 3.0714337825775146, 3.1550772190093994]
{'args': ((13, 0, slice(0, 960, None), slice(None, None, None)),), 'dataset shape': (40, 11, 1921, 2560), 'dataset chunks': (7, 1, 385, 512), 'indexing time (s)': 1.1920928955078125e-06, 'chunk number': 1650, 'reduction time (s)': 3.1609349250793457, 'chunks processed': 15, 'storage read (B)': 29701892, 'selection 1 time (s)': 3.161057949066162}
Thread times [0.7393901348114014, 0.9005930423736572, 1.5087518692016602, 1.5905590057373047, 1.849012851715088, 2.353217124938965, 2.4787046909332275, 2.530668020248413, 2.6150219440460205, 2.7399487495422363, 2.844167947769165, 2.9952728748321533, 3.05765700340271, 3.1212871074676514, 3.3538098335266113]
{'args': ((14, 0, slice(0, 960, None), slice(None, None, None)),), 'dataset shape': (40, 11, 1921, 2560), 'dataset chunks': (7, 1, 385, 512), 'indexing time (s)': 0.0, 'chunk number': 1650, 'reduction time (s)': 3.3604557514190674, 'chunks processed': 15, 'storage read (B)': 29733505, 'selection 1 time (s)': 3.3606820106506348}
Thread times [0.02562713623046875, 1.2620930671691895, 1.4889788627624512, 1.5466721057891846, 1.6475450992584229, 2.296708822250366, 2.520209789276123, 2.5614421367645264, 2.602060079574585, 2.6305572986602783, 2.7732999324798584, 2.827449083328247, 3.153404712677002, 3.259338140487671, 3.349759101867676]
{'args': ((15, 0, slice(0, 960, None), slice(None, None, None)),), 'dataset shape': (40, 11, 1921, 2560), 'dataset chunks': (7, 1, 385, 512), 'indexing time (s)': 1.6689300537109375e-06, 'chunk number': 1650, 'reduction time (s)': 3.3674139976501465, 'chunks processed': 15, 'storage read (B)': 29733505, 'selection 1 time (s)': 3.36759614944458}
Thread times [0.023280858993530273, 1.2514228820800781, 1.5797600746154785, 1.740346908569336, 1.7479069232940674, 1.8440871238708496, 2.1259212493896484, 2.3163340091705322, 2.3868207931518555, 2.8968429565429688, 2.988713026046753, 3.0280399322509766, 3.0710949897766113, 3.1613571643829346, 3.3219027519226074]
{'args': ((16, 0, slice(0, 960, None), slice(None, None, None)),), 'dataset shape': (40, 11, 1921, 2560), 'dataset chunks': (7, 1, 385, 512), 'indexing time (s)': 2.1457672119140625e-06, 'chunk number': 1650, 'reduction time (s)': 3.328476905822754, 'chunks processed': 15, 'storage read (B)': 29733505, 'selection 1 time (s)': 3.328605890274048}
Thread times [0.02368021011352539, 1.4782321453094482, 1.6246788501739502, 1.6735780239105225, 1.6957318782806396, 1.7784440517425537, 2.3319900035858154, 2.6269798278808594, 2.6398508548736572, 2.6813130378723145, 2.868542194366455, 2.974292039871216, 3.20468807220459, 3.2166171073913574, 3.3731069564819336]
{'args': ((17, 0, slice(0, 960, None), slice(None, None, None)),), 'dataset shape': (40, 11, 1921, 2560), 'dataset chunks': (7, 1, 385, 512), 'indexing time (s)': 9.5367431640625e-07, 'chunk number': 1650, 'reduction time (s)': 3.378920078277588, 'chunks processed': 15, 'storage read (B)': 29733505, 'selection 1 time (s)': 3.3790509700775146}
Thread times [0.026639938354492188, 0.9214050769805908, 1.4717791080474854, 1.6824421882629395, 1.8995442390441895, 2.437457799911499, 2.5032851696014404, 2.6115970611572266, 2.641556978225708, 2.754087209701538, 2.7618460655212402, 2.868471145629883, 3.0524988174438477, 3.0612881183624268, 3.295267105102539]
{'args': ((18, 0, slice(0, 960, None), slice(None, None, None)),), 'dataset shape': (40, 11, 1921, 2560), 'dataset chunks': (7, 1, 385, 512), 'indexing time (s)': 9.5367431640625e-07, 'chunk number': 1650, 'reduction time (s)': 3.3036201000213623, 'chunks processed': 15, 'storage read (B)': 29733505, 'selection 1 time (s)': 3.3037519454956055}
Thread times [0.023975133895874023, 0.9993979930877686, 1.3062410354614258, 1.9504268169403076, 1.971445083618164, 1.9781458377838135, 1.9930689334869385, 2.002152919769287, 2.053140878677368, 2.0967533588409424, 2.7790729999542236, 2.8149280548095703, 2.841179132461548, 2.858212947845459, 3.1028952598571777]
{'args': ((19, 0, slice(0, 960, None), slice(None, None, None)),), 'dataset shape': (40, 11, 1921, 2560), 'dataset chunks': (7, 1, 385, 512), 'indexing time (s)': 9.5367431640625e-07, 'chunk number': 1650, 'reduction time (s)': 3.110522747039795, 'chunks processed': 15, 'storage read (B)': 29733505, 'selection 1 time (s)': 3.110645055770874}
Thread times [0.024079322814941406, 1.0529589653015137, 1.2907249927520752, 1.4884510040283203, 1.6222929954528809, 1.9829809665679932, 2.079819917678833, 2.2090859413146973, 2.411348819732666, 2.43253493309021, 2.609428882598877, 2.626340866088867, 2.7990849018096924, 2.8655550479888916, 2.941074848175049]
{'args': ((20, 0, slice(0, 960, None), slice(None, None, None)),), 'dataset shape': (40, 11, 1921, 2560), 'dataset chunks': (7, 1, 385, 512), 'indexing time (s)': 9.5367431640625e-07, 'chunk number': 1650, 'reduction time (s)': 2.94844388961792, 'chunks processed': 15, 'storage read (B)': 29733505, 'selection 1 time (s)': 2.9485719203948975}
Thread times [1.1927809715270996, 1.297940969467163, 1.3437368869781494, 1.3963768482208252, 1.7514312267303467, 2.2513809204101562, 2.293597936630249, 2.460405111312866, 2.58760404586792, 2.778649091720581, 2.799921989440918, 3.1077561378479004, 3.16383695602417, 3.22658109664917, 3.2378249168395996]
{'args': ((21, 0, slice(0, 960, None), slice(None, None, None)),), 'dataset shape': (40, 11, 1921, 2560), 'dataset chunks': (7, 1, 385, 512), 'indexing time (s)': 7.152557373046875e-07, 'chunk number': 1650, 'reduction time (s)': 3.244065046310425, 'chunks processed': 15, 'storage read (B)': 29686785, 'selection 1 time (s)': 3.2441818714141846}
Thread times [0.020004987716674805, 0.9742898941040039, 1.1891992092132568, 1.4681439399719238, 1.7172198295593262, 1.9747891426086426, 2.001483201980591, 2.4538278579711914, 2.4935872554779053, 2.7604689598083496, 2.921660900115967, 2.9817399978637695, 3.04671311378479, 3.0734522342681885, 3.0962889194488525]
{'args': ((22, 0, slice(0, 960, None), slice(None, None, None)),), 'dataset shape': (40, 11, 1921, 2560), 'dataset chunks': (7, 1, 385, 512), 'indexing time (s)': 0.0, 'chunk number': 1650, 'reduction time (s)': 3.099997043609619, 'chunks processed': 15, 'storage read (B)': 29686785, 'selection 1 time (s)': 3.1001060009002686}
Thread times [0.018473148345947266, 1.2342021465301514, 1.3120110034942627, 1.7680912017822266, 1.7871959209442139, 1.795377254486084, 2.1661319732666016, 2.268109083175659, 2.273336887359619, 2.29719877243042, 2.508856773376465, 2.5378189086914062, 2.8495936393737793, 2.97628116607666, 3.052608013153076]
{'args': ((23, 0, slice(0, 960, None), slice(None, None, None)),), 'dataset shape': (40, 11, 1921, 2560), 'dataset chunks': (7, 1, 385, 512), 'indexing time (s)': 1.1920928955078125e-06, 'chunk number': 1650, 'reduction time (s)': 3.059086799621582, 'chunks processed': 15, 'storage read (B)': 29686785, 'selection 1 time (s)': 3.0592031478881836}
Thread times [0.023008108139038086, 0.8608460426330566, 1.4187397956848145, 1.497107982635498, 1.6004717350006104, 1.643662691116333, 2.0013723373413086, 2.08438777923584, 2.2190279960632324, 2.311882972717285, 2.5994598865509033, 2.784226894378662, 2.8887507915496826, 2.8898980617523193, 2.9716598987579346]
{'args': ((24, 0, slice(0, 960, None), slice(None, None, None)),), 'dataset shape': (40, 11, 1921, 2560), 'dataset chunks': (7, 1, 385, 512), 'indexing time (s)': 9.5367431640625e-07, 'chunk number': 1650, 'reduction time (s)': 2.976665735244751, 'chunks processed': 15, 'storage read (B)': 29686785, 'selection 1 time (s)': 2.976789951324463}
Thread times [0.02115631103515625, 1.1558890342712402, 1.6966750621795654, 2.0571188926696777, 2.1138110160827637, 2.129425048828125, 2.3029181957244873, 2.585737943649292, 2.654599905014038, 2.67958664894104, 2.911748170852661, 3.33306884765625, 3.4403529167175293, 3.4700090885162354, 3.534236192703247]
{'args': ((25, 0, slice(0, 960, None), slice(None, None, None)),), 'dataset shape': (40, 11, 1921, 2560), 'dataset chunks': (7, 1, 385, 512), 'indexing time (s)': 9.5367431640625e-07, 'chunk number': 1650, 'reduction time (s)': 3.5398447513580322, 'chunks processed': 15, 'storage read (B)': 29686785, 'selection 1 time (s)': 3.539961814880371}
Thread times [0.018950939178466797, 1.1734189987182617, 1.2677791118621826, 1.2950782775878906, 1.6703951358795166, 1.853079080581665, 2.207732915878296, 2.255124807357788, 2.7053661346435547, 2.839970111846924, 2.875789165496826, 2.9058420658111572, 3.0732500553131104, 3.074396848678589, 3.251741886138916]
{'args': ((26, 0, slice(0, 960, None), slice(None, None, None)),), 'dataset shape': (40, 11, 1921, 2560), 'dataset chunks': (7, 1, 385, 512), 'indexing time (s)': 7.152557373046875e-07, 'chunk number': 1650, 'reduction time (s)': 3.258822202682495, 'chunks processed': 15, 'storage read (B)': 29686785, 'selection 1 time (s)': 3.2589340209960938}
Thread times [0.021155834197998047, 0.7771289348602295, 1.574002981185913, 1.8152530193328857, 1.8230910301208496, 2.0932438373565674, 2.3620712757110596, 2.471046209335327, 2.716017007827759, 2.777233839035034, 2.867579936981201, 2.9878342151641846, 3.0620768070220947, 3.075500965118408, 3.1904969215393066]
{'args': ((27, 0, slice(0, 960, None), slice(None, None, None)),), 'dataset shape': (40, 11, 1921, 2560), 'dataset chunks': (7, 1, 385, 512), 'indexing time (s)': 9.5367431640625e-07, 'chunk number': 1650, 'reduction time (s)': 3.194888114929199, 'chunks processed': 15, 'storage read (B)': 29686785, 'selection 1 time (s)': 3.1950089931488037}
Thread times [1.0310180187225342, 1.4693677425384521, 1.665135145187378, 1.7068290710449219, 1.8749020099639893, 2.08121919631958, 2.4344263076782227, 2.4962849617004395, 2.680567979812622, 2.7275116443634033, 2.7363619804382324, 3.055278778076172, 3.094351053237915, 3.1921238899230957, 3.261258840560913]
{'args': ((28, 0, slice(0, 960, None), slice(None, None, None)),), 'dataset shape': (40, 11, 1921, 2560), 'dataset chunks': (7, 1, 385, 512), 'indexing time (s)': 0.0, 'chunk number': 1650, 'reduction time (s)': 3.2681660652160645, 'chunks processed': 15, 'storage read (B)': 29670387, 'selection 1 time (s)': 3.268289089202881}
Thread times [0.02060222625732422, 1.3200089931488037, 1.4422640800476074, 1.739358901977539, 1.7619898319244385, 1.9328570365905762, 2.2780210971832275, 2.333414316177368, 2.423978805541992, 2.6341419219970703, 2.7997918128967285, 2.9709062576293945, 3.0595991611480713, 3.061008930206299, 3.1234488487243652]
{'args': ((29, 0, slice(0, 960, None), slice(None, None, None)),), 'dataset shape': (40, 11, 1921, 2560), 'dataset chunks': (7, 1, 385, 512), 'indexing time (s)': 9.5367431640625e-07, 'chunk number': 1650, 'reduction time (s)': 3.132050037384033, 'chunks processed': 15, 'storage read (B)': 29670387, 'selection 1 time (s)': 3.132168769836426}
Thread times [0.0196230411529541, 1.0351347923278809, 1.0948076248168945, 1.444059133529663, 1.6191751956939697, 2.0917508602142334, 2.106687068939209, 2.118072032928467, 2.3960251808166504, 2.5134317874908447, 2.5894970893859863, 2.6089611053466797, 2.6196601390838623, 2.7148218154907227, 2.9049410820007324]
{'args': ((30, 0, slice(0, 960, None), slice(None, None, None)),), 'dataset shape': (40, 11, 1921, 2560), 'dataset chunks': (7, 1, 385, 512), 'indexing time (s)': 9.5367431640625e-07, 'chunk number': 1650, 'reduction time (s)': 2.912468910217285, 'chunks processed': 15, 'storage read (B)': 29670387, 'selection 1 time (s)': 2.912592887878418}
Thread times [0.024363040924072266, 1.1906249523162842, 1.2131168842315674, 1.3356890678405762, 1.8081190586090088, 2.021728038787842, 2.028524875640869, 2.108642101287842, 2.445716142654419, 2.4844489097595215, 2.5733890533447266, 2.6611969470977783, 3.0112550258636475, 3.0191171169281006, 3.025212049484253]
{'args': ((31, 0, slice(0, 960, None), slice(None, None, None)),), 'dataset shape': (40, 11, 1921, 2560), 'dataset chunks': (7, 1, 385, 512), 'indexing time (s)': 9.5367431640625e-07, 'chunk number': 1650, 'reduction time (s)': 3.0326309204101562, 'chunks processed': 15, 'storage read (B)': 29670387, 'selection 1 time (s)': 3.032757043838501}
Thread times [0.02527594566345215, 1.1796278953552246, 1.3639121055603027, 1.3903837203979492, 1.6690709590911865, 1.9032528400421143, 2.4616739749908447, 2.5038511753082275, 2.6426970958709717, 2.647782802581787, 2.727936029434204, 2.898728847503662, 2.921570062637329, 3.066314935684204, 3.0766568183898926]
{'args': ((32, 0, slice(0, 960, None), slice(None, None, None)),), 'dataset shape': (40, 11, 1921, 2560), 'dataset chunks': (7, 1, 385, 512), 'indexing time (s)': 9.5367431640625e-07, 'chunk number': 1650, 'reduction time (s)': 3.08465576171875, 'chunks processed': 15, 'storage read (B)': 29670387, 'selection 1 time (s)': 3.084779977798462}
Thread times [0.022214174270629883, 0.8206069469451904, 1.151075839996338, 1.6898438930511475, 1.7306568622589111, 1.798771858215332, 2.245314598083496, 2.480052947998047, 2.5204977989196777, 2.5568177700042725, 2.8508801460266113, 2.8796000480651855, 2.9696850776672363, 3.061037063598633, 3.068842887878418]
{'args': ((33, 0, slice(0, 960, None), slice(None, None, None)),), 'dataset shape': (40, 11, 1921, 2560), 'dataset chunks': (7, 1, 385, 512), 'indexing time (s)': 9.5367431640625e-07, 'chunk number': 1650, 'reduction time (s)': 3.072829008102417, 'chunks processed': 15, 'storage read (B)': 29670387, 'selection 1 time (s)': 3.0729620456695557}
Thread times [0.020617961883544922, 1.2970900535583496, 1.6027681827545166, 1.6401090621948242, 1.7541131973266602, 1.9090747833251953, 2.1476058959960938, 2.7323029041290283, 2.857741117477417, 2.8607091903686523, 2.936189889907837, 2.994091033935547, 3.0084338188171387, 3.0376579761505127, 3.1452128887176514]
{'args': ((34, 0, slice(0, 960, None), slice(None, None, None)),), 'dataset shape': (40, 11, 1921, 2560), 'dataset chunks': (7, 1, 385, 512), 'indexing time (s)': 9.5367431640625e-07, 'chunk number': 1650, 'reduction time (s)': 3.1500508785247803, 'chunks processed': 15, 'storage read (B)': 29670387, 'selection 1 time (s)': 3.150171995162964}
Thread times [1.2697842121124268, 1.30330228805542, 1.3350188732147217, 1.3417980670928955, 1.5815250873565674, 1.7576470375061035, 1.9184541702270508, 2.1019399166107178, 2.176771879196167, 2.2256619930267334, 2.4930260181427, 2.656374216079712, 2.661618947982788, 2.6665399074554443, 2.6958389282226562]
{'args': ((35, 0, slice(0, 960, None), slice(None, None, None)),), 'dataset shape': (40, 11, 1921, 2560), 'dataset chunks': (7, 1, 385, 512), 'indexing time (s)': 9.5367431640625e-07, 'chunk number': 1650, 'reduction time (s)': 2.7015180587768555, 'chunks processed': 15, 'storage read (B)': 21287473, 'selection 1 time (s)': 2.701734781265259}
Thread times [0.01772165298461914, 0.8809447288513184, 0.9315330982208252, 0.9657092094421387, 1.1264879703521729, 1.622145175933838, 1.77059006690979, 1.775702714920044, 1.9446301460266113, 2.083089828491211, 2.0876200199127197, 2.1842119693756104, 2.1877801418304443, 2.1893439292907715, 2.316593885421753]
{'args': ((36, 0, slice(0, 960, None), slice(None, None, None)),), 'dataset shape': (40, 11, 1921, 2560), 'dataset chunks': (7, 1, 385, 512), 'indexing time (s)': 3.0994415283203125e-06, 'chunk number': 1650, 'reduction time (s)': 2.320145845413208, 'chunks processed': 15, 'storage read (B)': 21287473, 'selection 1 time (s)': 2.3203608989715576}
Thread times [0.020804882049560547, 1.4031219482421875, 1.562958002090454, 1.6372742652893066, 1.6501271724700928, 1.80641770362854, 2.0922858715057373, 2.0951151847839355, 2.338762044906616, 2.5321919918060303, 2.6243178844451904, 2.76261305809021, 2.8553690910339355, 2.8868138790130615, 3.086374044418335]
{'args': ((37, 0, slice(0, 960, None), slice(None, None, None)),), 'dataset shape': (40, 11, 1921, 2560), 'dataset chunks': (7, 1, 385, 512), 'indexing time (s)': 9.5367431640625e-07, 'chunk number': 1650, 'reduction time (s)': 3.0934441089630127, 'chunks processed': 15, 'storage read (B)': 21287473, 'selection 1 time (s)': 3.0935750007629395}
Thread times [0.0218048095703125, 1.697436809539795, 1.7426941394805908, 1.7577309608459473, 2.118859052658081, 2.1548080444335938, 2.397645950317383, 2.4198050498962402, 2.548459053039551, 2.853943109512329, 3.014732837677002, 3.1463470458984375, 3.1562411785125732, 3.343492269515991, 3.420124053955078]
{'args': ((38, 0, slice(0, 960, None), slice(None, None, None)),), 'dataset shape': (40, 11, 1921, 2560), 'dataset chunks': (7, 1, 385, 512), 'indexing time (s)': 9.5367431640625e-07, 'chunk number': 1650, 'reduction time (s)': 3.4285242557525635, 'chunks processed': 15, 'storage read (B)': 21287473, 'selection 1 time (s)': 3.428650140762329}
Thread times [0.022377967834472656, 0.8161218166351318, 1.4709892272949219, 1.4988601207733154, 1.6275758743286133, 1.6953330039978027, 1.8291220664978027, 2.088623046875, 2.1145260334014893, 2.1970019340515137, 2.2209088802337646, 2.276169776916504, 2.4037208557128906, 2.6519291400909424, 2.675046920776367]
{'args': ((39, 0, slice(0, 960, None), slice(None, None, None)),), 'dataset shape': (40, 11, 1921, 2560), 'dataset chunks': (7, 1, 385, 512), 'indexing time (s)': 1.1920928955078125e-06, 'chunk number': 1650, 'reduction time (s)': 2.681774854660034, 'chunks processed': 15, 'storage read (B)': 21287473, 'selection 1 time (s)': 2.6819043159484863}
[[226.07815104]
 [226.06473958]
 [225.93765625]
 [225.90807292]
 [225.91736979]
 [225.88450521]
 [225.82075521]
 [225.85440104]
 [225.98325521]
 [226.03807292]
 [226.01315104]
 [226.02330729]
 [226.03770833]
 [226.00476563]
 [225.91765625]
 [225.94033854]
 [225.98721354]
 [225.9146875 ]
 [225.81242188]
 [225.81869792]
 [225.84526042]
 [225.78497396]
 [225.63648438]
 [225.55651042]
 [225.45736979]
 [225.32372396]
 [225.16328125]
 [225.07796875]
 [225.0784375 ]
 [225.10664063]
 [225.17609375]
 [225.36877604]
 [225.57911458]
 [225.69080729]
 [225.72231771]
 [225.82369792]
 [225.93658854]
 [225.96765625]
 [225.91861979]
 [225.92247396]]
Summary:  Uni24-np3:Local (T100,BS1): 1.4s,127.4s,134.6s
