Dataset loaded from S3 with s3fs and Pyfive: bnl/ch330a.pc19790301-def.nc (0.079,3.3)
Thread times [0.6931140422821045, 0.6760149002075195, 0.8464550971984863, 0.7555251121520996, 0.8613991737365723, 0.8977458477020264, 0.722114086151123, 1.0264508724212646, 0.9880900382995605, 0.818342924118042, 0.7760651111602783, 0.9544272422790527, 0.9114401340484619, 0.8261079788208008, 0.7828998565673828]
{'load nc time': 3.9156899452209473, 'args': ((0, 0, slice(0, 960, None), slice(None, None, None)),), 'dataset shape': (40, 11, 1921, 2560), 'dataset chunks': (7, 1, 385, 512), 'indexing time (s)': 17.79709482192993, 'chunk number': 1650, 'reduction time (s)': 12.537445068359375, 'chunks processed': 15, 'storage read (B)': 29685482, 'selection 1 time (s)': 30.33475685119629}
Thread times [0.6203241348266602, 0.5775177478790283, 0.7234749794006348, 0.7324240207672119, 0.7470312118530273, 0.8905510902404785, 0.962169885635376, 0.9208052158355713, 1.0286808013916016, 0.7541229724884033, 0.813075065612793, 0.8788082599639893, 0.8080751895904541, 0.7825031280517578, 0.8226821422576904]
{'args': ((1, 0, slice(0, 960, None), slice(None, None, None)),), 'dataset shape': (40, 11, 1921, 2560), 'dataset chunks': (7, 1, 385, 512), 'indexing time (s)': 1.9073486328125e-06, 'chunk number': 1650, 'reduction time (s)': 12.063318014144897, 'chunks processed': 15, 'storage read (B)': 29685482, 'selection 1 time (s)': 12.063464164733887}
Thread times [1.0647149085998535, 0.7848451137542725, 0.8157410621643066, 0.7081298828125, 0.781606912612915, 0.8742208480834961, 0.8877999782562256, 0.9223239421844482, 0.8283038139343262, 0.8572390079498291, 0.8181741237640381, 0.949498176574707, 0.9791371822357178, 0.7741670608520508, 0.7767972946166992]
{'args': ((2, 0, slice(0, 960, None), slice(None, None, None)),), 'dataset shape': (40, 11, 1921, 2560), 'dataset chunks': (7, 1, 385, 512), 'indexing time (s)': 9.5367431640625e-07, 'chunk number': 1650, 'reduction time (s)': 12.823776006698608, 'chunks processed': 15, 'storage read (B)': 29685482, 'selection 1 time (s)': 12.823930978775024}
Thread times [0.6607620716094971, 0.6529300212860107, 0.7993018627166748, 1.0549509525299072, 0.8077070713043213, 0.9586670398712158, 0.9099390506744385, 0.9988338947296143, 0.9721488952636719, 0.8957369327545166, 0.8237788677215576, 0.9279489517211914, 0.8812899589538574, 0.7830281257629395, 0.8005208969116211]
{'args': ((3, 0, slice(0, 960, None), slice(None, None, None)),), 'dataset shape': (40, 11, 1921, 2560), 'dataset chunks': (7, 1, 385, 512), 'indexing time (s)': 1.1920928955078125e-06, 'chunk number': 1650, 'reduction time (s)': 12.928576946258545, 'chunks processed': 15, 'storage read (B)': 29685482, 'selection 1 time (s)': 12.928753852844238}
Thread times [0.7877538204193115, 0.7187671661376953, 0.8555870056152344, 0.7308883666992188, 0.7461819648742676, 0.8934788703918457, 0.8798761367797852, 0.9673810005187988, 0.9758520126342773, 0.8919250965118408, 0.8446578979492188, 0.9881837368011475, 0.9709579944610596, 0.8024749755859375, 0.8327758312225342]
{'args': ((4, 0, slice(0, 960, None), slice(None, None, None)),), 'dataset shape': (40, 11, 1921, 2560), 'dataset chunks': (7, 1, 385, 512), 'indexing time (s)': 1.1920928955078125e-06, 'chunk number': 1650, 'reduction time (s)': 12.887763977050781, 'chunks processed': 15, 'storage read (B)': 29685482, 'selection 1 time (s)': 12.887884140014648}
Thread times [0.6791906356811523, 0.6300640106201172, 0.8390960693359375, 0.7985050678253174, 0.6340208053588867, 0.7938282489776611, 0.7104160785675049, 0.9051051139831543, 0.8047311305999756, 1.1204888820648193, 1.022629976272583, 0.9844610691070557, 0.9616072177886963, 0.8027567863464355, 0.7976982593536377]
{'args': ((5, 0, slice(0, 960, None), slice(None, None, None)),), 'dataset shape': (40, 11, 1921, 2560), 'dataset chunks': (7, 1, 385, 512), 'indexing time (s)': 1.9073486328125e-06, 'chunk number': 1650, 'reduction time (s)': 12.485655069351196, 'chunks processed': 15, 'storage read (B)': 29685482, 'selection 1 time (s)': 12.48582410812378}
Thread times [0.7932260036468506, 0.6606509685516357, 0.9407720565795898, 0.689877986907959, 0.7759177684783936, 0.8692758083343506, 0.939141035079956, 0.9272372722625732, 0.9089479446411133, 0.79351806640625, 0.7451388835906982, 0.8032238483428955, 0.7930469512939453, 0.8059921264648438, 0.9146828651428223]
{'args': ((6, 0, slice(0, 960, None), slice(None, None, None)),), 'dataset shape': (40, 11, 1921, 2560), 'dataset chunks': (7, 1, 385, 512), 'indexing time (s)': 1.9073486328125e-06, 'chunk number': 1650, 'reduction time (s)': 12.361620903015137, 'chunks processed': 15, 'storage read (B)': 29685482, 'selection 1 time (s)': 12.36178183555603}
Thread times [0.6780698299407959, 0.6056017875671387, 0.7359211444854736, 0.7204599380493164, 0.6888151168823242, 0.7494378089904785, 0.6974208354949951, 0.7938559055328369, 0.021247386932373047, 0.018089771270751953, 0.7767431735992432, 0.8921737670898438, 0.8909459114074707, 0.8868143558502197, 0.7803480625152588]
{'args': ((7, 0, slice(0, 960, None), slice(None, None, None)),), 'dataset shape': (40, 11, 1921, 2560), 'dataset chunks': (7, 1, 385, 512), 'indexing time (s)': 1.9073486328125e-06, 'chunk number': 1650, 'reduction time (s)': 9.936872959136963, 'chunks processed': 15, 'storage read (B)': 29701892, 'selection 1 time (s)': 9.937001943588257}
Thread times [0.6656961441040039, 0.6423459053039551, 0.6679041385650635, 0.7514419555664062, 0.756263017654419, 0.6394791603088379, 0.6821839809417725, 0.9490129947662354, 0.024934768676757812, 0.01949787139892578, 0.7052202224731445, 0.7876338958740234, 0.7691349983215332, 0.9742681980133057, 0.7944998741149902]
{'args': ((8, 0, slice(0, 960, None), slice(None, None, None)),), 'dataset shape': (40, 11, 1921, 2560), 'dataset chunks': (7, 1, 385, 512), 'indexing time (s)': 9.5367431640625e-07, 'chunk number': 1650, 'reduction time (s)': 9.830584049224854, 'chunks processed': 15, 'storage read (B)': 29701892, 'selection 1 time (s)': 9.83071517944336}
Thread times [0.7579119205474854, 0.593515157699585, 0.6658840179443359, 0.8320770263671875, 0.6868419647216797, 0.8776061534881592, 0.6572458744049072, 0.8515281677246094, 0.024376869201660156, 0.019411087036132812, 1.002898931503296, 0.8927619457244873, 0.8035273551940918, 0.804915189743042, 0.8755640983581543]
{'args': ((9, 0, slice(0, 960, None), slice(None, None, None)),), 'dataset shape': (40, 11, 1921, 2560), 'dataset chunks': (7, 1, 385, 512), 'indexing time (s)': 2.1457672119140625e-06, 'chunk number': 1650, 'reduction time (s)': 10.347245931625366, 'chunks processed': 15, 'storage read (B)': 29701892, 'selection 1 time (s)': 10.347420930862427}
Thread times [0.6450083255767822, 0.7057969570159912, 0.7855350971221924, 0.9277758598327637, 1.027043104171753, 0.8228778839111328, 1.0252020359039307, 0.8189270496368408, 0.020169973373413086, 0.020183801651000977, 0.8804428577423096, 1.0632147789001465, 0.9098398685455322, 1.0025570392608643, 0.7774538993835449]
{'args': ((10, 0, slice(0, 960, None), slice(None, None, None)),), 'dataset shape': (40, 11, 1921, 2560), 'dataset chunks': (7, 1, 385, 512), 'indexing time (s)': 1.9073486328125e-06, 'chunk number': 1650, 'reduction time (s)': 11.433037042617798, 'chunks processed': 15, 'storage read (B)': 29701892, 'selection 1 time (s)': 11.43321681022644}
Thread times [0.6010229587554932, 0.6043362617492676, 0.689014196395874, 0.8085188865661621, 0.7098021507263184, 0.7492928504943848, 0.8156177997589111, 0.9990270137786865, 0.026528120040893555, 0.019930124282836914, 0.7698218822479248, 0.8082401752471924, 0.8661799430847168, 0.7963941097259521, 0.7431738376617432]
{'args': ((11, 0, slice(0, 960, None), slice(None, None, None)),), 'dataset shape': (40, 11, 1921, 2560), 'dataset chunks': (7, 1, 385, 512), 'indexing time (s)': 9.5367431640625e-07, 'chunk number': 1650, 'reduction time (s)': 10.007728099822998, 'chunks processed': 15, 'storage read (B)': 29701892, 'selection 1 time (s)': 10.00784420967102}
Thread times [0.6977460384368896, 0.7443490028381348, 0.7802639007568359, 0.7149739265441895, 0.757343053817749, 0.9771387577056885, 0.8507242202758789, 1.112529993057251, 0.023745059967041016, 0.019701004028320312, 0.7418549060821533, 0.783825159072876, 0.8574626445770264, 0.8915777206420898, 0.8421878814697266]
{'args': ((12, 0, slice(0, 960, None), slice(None, None, None)),), 'dataset shape': (40, 11, 1921, 2560), 'dataset chunks': (7, 1, 385, 512), 'indexing time (s)': 9.5367431640625e-07, 'chunk number': 1650, 'reduction time (s)': 10.796598672866821, 'chunks processed': 15, 'storage read (B)': 29701892, 'selection 1 time (s)': 10.796716928482056}
Thread times [0.6327080726623535, 0.6202042102813721, 0.6842150688171387, 0.8646562099456787, 0.6674160957336426, 0.6966359615325928, 0.8212358951568604, 0.7703888416290283, 0.01790904998779297, 0.017181873321533203, 0.7168641090393066, 0.9866900444030762, 0.6655161380767822, 0.7518970966339111, 0.7494540214538574]
{'args': ((13, 0, slice(0, 960, None), slice(None, None, None)),), 'dataset shape': (40, 11, 1921, 2560), 'dataset chunks': (7, 1, 385, 512), 'indexing time (s)': 1.9073486328125e-06, 'chunk number': 1650, 'reduction time (s)': 9.664026021957397, 'chunks processed': 15, 'storage read (B)': 29701892, 'selection 1 time (s)': 9.664194107055664}
Thread times [0.8294250965118408, 0.9103488922119141, 0.6411519050598145, 0.6368420124053955, 0.6754641532897949, 1.0483191013336182, 0.8655579090118408, 0.8234109878540039, 0.018608808517456055, 0.7407820224761963, 0.7879061698913574, 0.7620019912719727, 0.8257322311401367, 0.716839075088501, 0.9384582042694092]
{'args': ((14, 0, slice(0, 960, None), slice(None, None, None)),), 'dataset shape': (40, 11, 1921, 2560), 'dataset chunks': (7, 1, 385, 512), 'indexing time (s)': 9.5367431640625e-07, 'chunk number': 1650, 'reduction time (s)': 11.221992015838623, 'chunks processed': 15, 'storage read (B)': 29733505, 'selection 1 time (s)': 11.222106218338013}
Thread times [0.6389129161834717, 0.6717450618743896, 0.7473030090332031, 0.7617599964141846, 0.7618210315704346, 0.8858218193054199, 0.9103209972381592, 0.7665417194366455, 0.0264737606048584, 0.7914040088653564, 0.7637939453125, 0.8343789577484131, 0.7747268676757812, 0.7255170345306396, 0.7925992012023926]
{'args': ((15, 0, slice(0, 960, None), slice(None, None, None)),), 'dataset shape': (40, 11, 1921, 2560), 'dataset chunks': (7, 1, 385, 512), 'indexing time (s)': 9.5367431640625e-07, 'chunk number': 1650, 'reduction time (s)': 10.854218006134033, 'chunks processed': 15, 'storage read (B)': 29733505, 'selection 1 time (s)': 10.854375123977661}
Thread times [0.6592998504638672, 0.774622917175293, 0.7921929359436035, 0.7965049743652344, 0.7805459499359131, 0.7944631576538086, 1.0363261699676514, 1.041590690612793, 0.017750978469848633, 0.990041971206665, 0.8046009540557861, 0.9163467884063721, 1.0154409408569336, 0.9774599075317383, 1.1383192539215088]
{'args': ((16, 0, slice(0, 960, None), slice(None, None, None)),), 'dataset shape': (40, 11, 1921, 2560), 'dataset chunks': (7, 1, 385, 512), 'indexing time (s)': 9.5367431640625e-07, 'chunk number': 1650, 'reduction time (s)': 12.536480903625488, 'chunks processed': 15, 'storage read (B)': 29733505, 'selection 1 time (s)': 12.536663055419922}
Thread times [0.8621351718902588, 0.8846540451049805, 0.8812909126281738, 0.8014709949493408, 0.814100980758667, 1.037330150604248, 1.0540080070495605, 1.0162949562072754, 0.02509784698486328, 0.8332250118255615, 0.8670990467071533, 1.027284860610962, 0.9762139320373535, 0.9567749500274658, 1.1073920726776123]
{'args': ((17, 0, slice(0, 960, None), slice(None, None, None)),), 'dataset shape': (40, 11, 1921, 2560), 'dataset chunks': (7, 1, 385, 512), 'indexing time (s)': 1.1920928955078125e-06, 'chunk number': 1650, 'reduction time (s)': 13.145358085632324, 'chunks processed': 15, 'storage read (B)': 29733505, 'selection 1 time (s)': 13.145489931106567}
Thread times [0.7001588344573975, 0.8706450462341309, 0.8879168033599854, 0.8811771869659424, 0.8047199249267578, 0.9287388324737549, 0.8938291072845459, 0.8789408206939697, 0.02651381492614746, 0.9285011291503906, 0.8642592430114746, 0.9095168113708496, 0.8273811340332031, 0.9545722007751465, 0.9299540519714355]
{'args': ((18, 0, slice(0, 960, None), slice(None, None, None)),), 'dataset shape': (40, 11, 1921, 2560), 'dataset chunks': (7, 1, 385, 512), 'indexing time (s)': 9.5367431640625e-07, 'chunk number': 1650, 'reduction time (s)': 12.287867784500122, 'chunks processed': 15, 'storage read (B)': 29733505, 'selection 1 time (s)': 12.287966966629028}
Thread times [0.781074047088623, 0.8307456970214844, 0.844351053237915, 0.7813961505889893, 0.8941268920898438, 0.8989923000335693, 0.8710851669311523, 0.9898157119750977, 0.025270938873291016, 0.7910599708557129, 0.8709456920623779, 0.9606261253356934, 0.8888649940490723, 0.8513100147247314, 1.0648269653320312]
{'args': ((19, 0, slice(0, 960, None), slice(None, None, None)),), 'dataset shape': (40, 11, 1921, 2560), 'dataset chunks': (7, 1, 385, 512), 'indexing time (s)': 9.5367431640625e-07, 'chunk number': 1650, 'reduction time (s)': 12.345509052276611, 'chunks processed': 15, 'storage read (B)': 29733505, 'selection 1 time (s)': 12.34565782546997}
Thread times [0.8481957912445068, 1.0489308834075928, 0.9245061874389648, 0.8890597820281982, 0.8363921642303467, 1.0468809604644775, 1.0242187976837158, 1.0338399410247803, 0.024338960647583008, 0.9294109344482422, 0.9093189239501953, 1.0238096714019775, 0.9006271362304688, 0.9671308994293213, 1.0273761749267578]
{'args': ((20, 0, slice(0, 960, None), slice(None, None, None)),), 'dataset shape': (40, 11, 1921, 2560), 'dataset chunks': (7, 1, 385, 512), 'indexing time (s)': 2.1457672119140625e-06, 'chunk number': 1650, 'reduction time (s)': 13.43514370918274, 'chunks processed': 15, 'storage read (B)': 29733505, 'selection 1 time (s)': 13.43533706665039}
Thread times [0.8624460697174072, 0.7835509777069092, 0.9245009422302246, 0.02311396598815918, 0.018121957778930664, 1.0372867584228516, 0.9444830417633057, 1.0047571659088135, 0.9784138202667236, 0.8933770656585693, 0.8483459949493408, 0.9352469444274902, 1.0449671745300293, 1.0246031284332275, 0.02609086036682129]
{'args': ((21, 0, slice(0, 960, None), slice(None, None, None)),), 'dataset shape': (40, 11, 1921, 2560), 'dataset chunks': (7, 1, 385, 512), 'indexing time (s)': 2.86102294921875e-06, 'chunk number': 1650, 'reduction time (s)': 11.350425243377686, 'chunks processed': 15, 'storage read (B)': 29686785, 'selection 1 time (s)': 11.350610971450806}
Thread times [0.906146764755249, 0.7777731418609619, 0.8816571235656738, 0.016731739044189453, 0.016493797302246094, 0.9582231044769287, 0.8772780895233154, 1.0617671012878418, 0.9550590515136719, 0.9908359050750732, 1.0252909660339355, 0.9317362308502197, 1.0349388122558594, 0.9949350357055664, 0.023163795471191406]
{'args': ((22, 0, slice(0, 960, None), slice(None, None, None)),), 'dataset shape': (40, 11, 1921, 2560), 'dataset chunks': (7, 1, 385, 512), 'indexing time (s)': 1.0967254638671875e-05, 'chunk number': 1650, 'reduction time (s)': 11.452953100204468, 'chunks processed': 15, 'storage read (B)': 29686785, 'selection 1 time (s)': 11.453099966049194}
Thread times [0.8106601238250732, 0.7561609745025635, 0.8129110336303711, 0.022944927215576172, 0.018518924713134766, 1.089874267578125, 0.9636368751525879, 1.1355679035186768, 1.0816378593444824, 1.0285489559173584, 0.9265167713165283, 0.9632201194763184, 1.1132469177246094, 0.9379067420959473, 0.01782393455505371]
{'args': ((23, 0, slice(0, 960, None), slice(None, None, None)),), 'dataset shape': (40, 11, 1921, 2560), 'dataset chunks': (7, 1, 385, 512), 'indexing time (s)': 1.1920928955078125e-06, 'chunk number': 1650, 'reduction time (s)': 11.679947853088379, 'chunks processed': 15, 'storage read (B)': 29686785, 'selection 1 time (s)': 11.680039882659912}
Thread times [0.8070230484008789, 0.7635090351104736, 1.021972894668579, 0.02303004264831543, 0.01813197135925293, 0.9638180732727051, 0.9164068698883057, 0.9656801223754883, 1.0269618034362793, 1.173557996749878, 1.0982730388641357, 0.8979737758636475, 1.0488948822021484, 0.9988937377929688, 0.023427724838256836]
{'args': ((24, 0, slice(0, 960, None), slice(None, None, None)),), 'dataset shape': (40, 11, 1921, 2560), 'dataset chunks': (7, 1, 385, 512), 'indexing time (s)': 1.1920928955078125e-06, 'chunk number': 1650, 'reduction time (s)': 11.749440908432007, 'chunks processed': 15, 'storage read (B)': 29686785, 'selection 1 time (s)': 11.749529123306274}
Thread times [0.7604861259460449, 0.790809154510498, 0.9039361476898193, 0.02172994613647461, 0.017873048782348633, 1.1650440692901611, 0.8419759273529053, 0.92494797706604, 0.920316219329834, 0.9276528358459473, 0.9579968452453613, 0.9860432147979736, 1.1637189388275146, 0.9519181251525879, 0.02476215362548828]
{'args': ((25, 0, slice(0, 960, None), slice(None, None, None)),), 'dataset shape': (40, 11, 1921, 2560), 'dataset chunks': (7, 1, 385, 512), 'indexing time (s)': 9.5367431640625e-07, 'chunk number': 1650, 'reduction time (s)': 11.360057830810547, 'chunks processed': 15, 'storage read (B)': 29686785, 'selection 1 time (s)': 11.360160112380981}
Thread times [0.8527829647064209, 0.7571368217468262, 0.8700108528137207, 0.02272200584411621, 0.018039703369140625, 0.9305760860443115, 0.9551169872283936, 0.8548600673675537, 0.9145479202270508, 1.074120044708252, 0.8867690563201904, 0.9520337581634521, 1.174635887145996, 1.0437970161437988, 0.024930953979492188]
{'args': ((26, 0, slice(0, 960, None), slice(None, None, None)),), 'dataset shape': (40, 11, 1921, 2560), 'dataset chunks': (7, 1, 385, 512), 'indexing time (s)': 0.0, 'chunk number': 1650, 'reduction time (s)': 11.33304762840271, 'chunks processed': 15, 'storage read (B)': 29686785, 'selection 1 time (s)': 11.333146095275879}
Thread times [0.7340958118438721, 0.8804759979248047, 0.8327429294586182, 0.02270984649658203, 0.01810312271118164, 1.0224261283874512, 1.0074031352996826, 1.0386929512023926, 0.8880000114440918, 0.9331519603729248, 0.8800048828125, 0.909019947052002, 0.9698019027709961, 1.0934500694274902, 0.01826190948486328]
{'args': ((27, 0, slice(0, 960, None), slice(None, None, None)),), 'dataset shape': (40, 11, 1921, 2560), 'dataset chunks': (7, 1, 385, 512), 'indexing time (s)': 9.5367431640625e-07, 'chunk number': 1650, 'reduction time (s)': 11.249178886413574, 'chunks processed': 15, 'storage read (B)': 29686785, 'selection 1 time (s)': 11.249279975891113}
Thread times [0.8316771984100342, 0.744882345199585, 0.8853018283843994, 0.8740620613098145, 0.9017636775970459, 0.8993582725524902, 0.024900197982788086, 0.9410653114318848, 0.01784491539001465, 0.9607939720153809, 0.8912129402160645, 1.0851807594299316, 1.0287590026855469, 0.9813919067382812, 0.9928929805755615]
{'args': ((28, 0, slice(0, 960, None), slice(None, None, None)),), 'dataset shape': (40, 11, 1921, 2560), 'dataset chunks': (7, 1, 385, 512), 'indexing time (s)': 7.152557373046875e-07, 'chunk number': 1650, 'reduction time (s)': 12.062075138092041, 'chunks processed': 15, 'storage read (B)': 29670387, 'selection 1 time (s)': 12.062176942825317}
Thread times [0.7877840995788574, 0.787135124206543, 0.8919558525085449, 0.8809201717376709, 0.8970382213592529, 0.9339311122894287, 0.025882959365844727, 1.0072059631347656, 0.02320408821105957, 1.006598949432373, 0.9741129875183105, 1.0997800827026367, 1.0528209209442139, 1.1898369789123535, 1.0560619831085205]
{'args': ((29, 0, slice(0, 960, None), slice(None, None, None)),), 'dataset shape': (40, 11, 1921, 2560), 'dataset chunks': (7, 1, 385, 512), 'indexing time (s)': 2.1457672119140625e-06, 'chunk number': 1650, 'reduction time (s)': 12.615336894989014, 'chunks processed': 15, 'storage read (B)': 29670387, 'selection 1 time (s)': 12.615483045578003}
Thread times [0.7832949161529541, 0.8458471298217773, 0.8593242168426514, 0.7514450550079346, 1.0473389625549316, 0.8845181465148926, 0.03785085678100586, 0.8862199783325195, 0.029318809509277344, 0.8414320945739746, 0.8150777816772461, 0.7842891216278076, 0.8106167316436768, 0.7761669158935547, 0.7922859191894531]
{'args': ((30, 0, slice(0, 960, None), slice(None, None, None)),), 'dataset shape': (40, 11, 1921, 2560), 'dataset chunks': (7, 1, 385, 512), 'indexing time (s)': 9.5367431640625e-07, 'chunk number': 1650, 'reduction time (s)': 10.945979118347168, 'chunks processed': 15, 'storage read (B)': 29670387, 'selection 1 time (s)': 10.946087837219238}
Thread times [0.6279430389404297, 0.5924496650695801, 0.6845529079437256, 0.7102057933807373, 0.7159850597381592, 0.7675361633300781, 0.0226747989654541, 0.7358577251434326, 0.0253908634185791, 0.7315680980682373, 0.8741598129272461, 1.0725758075714111, 0.9680588245391846, 1.0043389797210693, 1.1029529571533203]
{'args': ((31, 0, slice(0, 960, None), slice(None, None, None)),), 'dataset shape': (40, 11, 1921, 2560), 'dataset chunks': (7, 1, 385, 512), 'indexing time (s)': 9.5367431640625e-07, 'chunk number': 1650, 'reduction time (s)': 10.637264966964722, 'chunks processed': 15, 'storage read (B)': 29670387, 'selection 1 time (s)': 10.637381076812744}
Thread times [0.7333650588989258, 0.6964921951293945, 0.7467007637023926, 0.6569020748138428, 0.792367696762085, 0.8251330852508545, 0.025155067443847656, 0.8422820568084717, 0.0189208984375, 0.9218540191650391, 0.8685979843139648, 0.9307548999786377, 0.8388669490814209, 0.873262882232666, 0.9469637870788574]
{'args': ((32, 0, slice(0, 960, None), slice(None, None, None)),), 'dataset shape': (40, 11, 1921, 2560), 'dataset chunks': (7, 1, 385, 512), 'indexing time (s)': 9.5367431640625e-07, 'chunk number': 1650, 'reduction time (s)': 10.718562841415405, 'chunks processed': 15, 'storage read (B)': 29670387, 'selection 1 time (s)': 10.718687057495117}
Thread times [0.7780461311340332, 0.7751486301422119, 0.8008909225463867, 0.7279679775238037, 0.7689120769500732, 0.7882018089294434, 0.023714780807495117, 0.8259530067443848, 0.02603888511657715, 0.8271710872650146, 0.7628598213195801, 0.9161827564239502, 0.818687915802002, 0.8280177116394043, 0.8675191402435303]
{'args': ((33, 0, slice(0, 960, None), slice(None, None, None)),), 'dataset shape': (40, 11, 1921, 2560), 'dataset chunks': (7, 1, 385, 512), 'indexing time (s)': 9.5367431640625e-07, 'chunk number': 1650, 'reduction time (s)': 10.536418914794922, 'chunks processed': 15, 'storage read (B)': 29670387, 'selection 1 time (s)': 10.53656816482544}
Thread times [0.7119121551513672, 0.6466612815856934, 0.8735752105712891, 1.3253247737884521, 1.9364569187164307, 1.351613998413086, 0.026590824127197266, 0.8550662994384766, 0.023807048797607422, 2.289055824279785, 1.7575178146362305, 1.6526570320129395, 1.5732481479644775, 1.4891469478607178, 1.1704449653625488]
{'args': ((34, 0, slice(0, 960, None), slice(None, None, None)),), 'dataset shape': (40, 11, 1921, 2560), 'dataset chunks': (7, 1, 385, 512), 'indexing time (s)': 9.5367431640625e-07, 'chunk number': 1650, 'reduction time (s)': 17.684143781661987, 'chunks processed': 15, 'storage read (B)': 29670387, 'selection 1 time (s)': 17.68429183959961}
Thread times [0.9635410308837891, 0.92327880859375, 1.371906042098999, 1.5759072303771973, 1.5819079875946045, 1.7546417713165283, 1.1432478427886963, 0.9901340007781982, 1.3857450485229492, 1.0519969463348389, 1.1692898273468018, 2.045034408569336, 2.06323504447937, 1.8635830879211426, 1.4961440563201904]
{'args': ((35, 0, slice(0, 960, None), slice(None, None, None)),), 'dataset shape': (40, 11, 1921, 2560), 'dataset chunks': (7, 1, 385, 512), 'indexing time (s)': 9.5367431640625e-07, 'chunk number': 1650, 'reduction time (s)': 21.38070511817932, 'chunks processed': 15, 'storage read (B)': 21287473, 'selection 1 time (s)': 21.380841970443726}
Thread times [1.1697828769683838, 0.8059179782867432, 0.8005471229553223, 0.6494379043579102, 1.0146832466125488, 0.8595230579376221, 0.8119239807128906, 0.7635600566864014, 0.7575337886810303, 0.9908528327941895, 0.8966090679168701, 0.7721421718597412, 0.8808236122131348, 0.7945139408111572, 0.7684111595153809]
{'args': ((36, 0, slice(0, 960, None), slice(None, None, None)),), 'dataset shape': (40, 11, 1921, 2560), 'dataset chunks': (7, 1, 385, 512), 'indexing time (s)': 1.9073486328125e-06, 'chunk number': 1650, 'reduction time (s)': 12.738322019577026, 'chunks processed': 15, 'storage read (B)': 21287473, 'selection 1 time (s)': 12.73846173286438}
Thread times [0.7195136547088623, 0.658250093460083, 0.6754701137542725, 0.6979227066040039, 0.7850160598754883, 0.8490090370178223, 0.8092527389526367, 1.0023281574249268, 1.0245869159698486, 0.9183669090270996, 0.8237712383270264, 0.8692841529846191, 0.8648209571838379, 0.9319770336151123, 0.8677530288696289]
{'args': ((37, 0, slice(0, 960, None), slice(None, None, None)),), 'dataset shape': (40, 11, 1921, 2560), 'dataset chunks': (7, 1, 385, 512), 'indexing time (s)': 7.152557373046875e-07, 'chunk number': 1650, 'reduction time (s)': 12.498415231704712, 'chunks processed': 15, 'storage read (B)': 21287473, 'selection 1 time (s)': 12.498557329177856}
Thread times [0.7485811710357666, 0.7328929901123047, 0.8096942901611328, 0.7473528385162354, 0.8997459411621094, 0.7830410003662109, 0.7372148036956787, 0.7948348522186279, 0.7779479026794434, 0.9320888519287109, 0.8600890636444092, 0.8410930633544922, 0.8108012676239014, 0.6569340229034424, 0.7953641414642334]
{'args': ((38, 0, slice(0, 960, None), slice(None, None, None)),), 'dataset shape': (40, 11, 1921, 2560), 'dataset chunks': (7, 1, 385, 512), 'indexing time (s)': 9.5367431640625e-07, 'chunk number': 1650, 'reduction time (s)': 11.928745985031128, 'chunks processed': 15, 'storage read (B)': 21287473, 'selection 1 time (s)': 11.928880214691162}
Thread times [0.6487832069396973, 0.6538779735565186, 0.816025972366333, 0.7324562072753906, 0.8257050514221191, 0.7622950077056885, 0.7566690444946289, 0.7820258140563965, 0.8048520088195801, 0.8454101085662842, 0.8083689212799072, 0.7770640850067139, 0.9994959831237793, 0.8814818859100342, 0.7839510440826416]
{'args': ((39, 0, slice(0, 960, None), slice(None, None, None)),), 'dataset shape': (40, 11, 1921, 2560), 'dataset chunks': (7, 1, 385, 512), 'indexing time (s)': 1.9073486328125e-06, 'chunk number': 1650, 'reduction time (s)': 11.879762172698975, 'chunks processed': 15, 'storage read (B)': 21287473, 'selection 1 time (s)': 11.8798987865448}
[[226.07817708]
 [226.06473958]
 [225.93765625]
 [225.90807292]
 [225.91734375]
 [225.88453125]
 [225.82075521]
 [225.85440104]
 [225.98328125]
 [226.03804687]
 [226.01315104]
 [226.02330729]
 [226.03770833]
 [226.00476563]
 [225.91765625]
 [225.94036458]
 [225.98721354]
 [225.9146875 ]
 [225.81242188]
 [225.81869792]
 [225.84526042]
 [225.78497396]
 [225.63651042]
 [225.55651042]
 [225.45734375]
 [225.32369792]
 [225.16325521]
 [225.07794271]
 [225.07846354]
 [225.10664063]
 [225.17609375]
 [225.36880208]
 [225.57911458]
 [225.69080729]
 [225.72229167]
 [225.82367188]
 [225.93658854]
 [225.96765625]
 [225.91861979]
 [225.9225    ]]
Summary:  Uni24-np3:Local (T1,BS5): 3.92s,481.7s,503.5s
