Dataset loaded from S3 with s3fs and Pyfive: bnl/ch330a.pc19790301-def.nc (0.032,1.1)
Thread times [0.6471259593963623, 1.719228982925415, 2.06595516204834, 2.0781021118164062, 2.125986099243164, 2.302292823791504, 2.343255043029785, 2.7015268802642822, 2.863960027694702, 3.095689058303833, 3.1749367713928223, 3.4231860637664795, 3.447172164916992, 3.5431721210479736, 3.607151985168457]
{'load nc time': 1.6069910526275635, 'args': ((0, 0, slice(0, 960, None), slice(None, None, None)),), 'dataset shape': (40, 11, 1921, 2560), 'dataset chunks': (7, 1, 385, 512), 'indexing time (s)': 6.989749908447266, 'chunk number': 1650, 'reduction time (s)': 3.6203300952911377, 'chunks processed': 15, 'storage read (B)': 29685482, 'selection 1 time (s)': 10.61034083366394}
Thread times [0.021136760711669922, 1.2150871753692627, 1.3524699211120605, 1.524620771408081, 1.6671419143676758, 2.341048002243042, 2.3956458568573, 2.606616258621216, 2.6640796661376953, 2.7931251525878906, 2.841979742050171, 2.8629300594329834, 2.8922533988952637, 2.9691152572631836, 3.0616648197174072]
{'args': ((1, 0, slice(0, 960, None), slice(None, None, None)),), 'dataset shape': (40, 11, 1921, 2560), 'dataset chunks': (7, 1, 385, 512), 'indexing time (s)': 1.1920928955078125e-06, 'chunk number': 1650, 'reduction time (s)': 3.0703020095825195, 'chunks processed': 15, 'storage read (B)': 29685482, 'selection 1 time (s)': 3.070431709289551}
Thread times [0.024397850036621094, 1.1182830333709717, 1.211427927017212, 1.5083882808685303, 1.688673973083496, 1.9502737522125244, 2.2753617763519287, 2.3781611919403076, 2.611159086227417, 2.6199939250946045, 2.860619068145752, 2.8882830142974854, 2.9265520572662354, 2.971665382385254, 3.0520896911621094]
{'args': ((2, 0, slice(0, 960, None), slice(None, None, None)),), 'dataset shape': (40, 11, 1921, 2560), 'dataset chunks': (7, 1, 385, 512), 'indexing time (s)': 1.1920928955078125e-06, 'chunk number': 1650, 'reduction time (s)': 3.0675361156463623, 'chunks processed': 15, 'storage read (B)': 29685482, 'selection 1 time (s)': 3.067676067352295}
Thread times [0.020315885543823242, 0.8665599822998047, 1.2049038410186768, 1.333894968032837, 1.6755037307739258, 1.7232019901275635, 2.3587141036987305, 2.522444248199463, 2.5274853706359863, 2.644338369369507, 2.669321060180664, 2.80973482131958, 2.949375867843628, 2.980983018875122, 3.071025848388672]
{'args': ((3, 0, slice(0, 960, None), slice(None, None, None)),), 'dataset shape': (40, 11, 1921, 2560), 'dataset chunks': (7, 1, 385, 512), 'indexing time (s)': 9.5367431640625e-07, 'chunk number': 1650, 'reduction time (s)': 3.076631784439087, 'chunks processed': 15, 'storage read (B)': 29685482, 'selection 1 time (s)': 3.0767617225646973}
Thread times [0.023159027099609375, 1.3461229801177979, 1.7438950538635254, 1.873323917388916, 1.9485220909118652, 2.022658109664917, 2.2877771854400635, 2.48606276512146, 2.4961187839508057, 2.509366035461426, 2.5785350799560547, 2.8307178020477295, 3.156104803085327, 3.1608967781066895, 3.2635750770568848]
{'args': ((4, 0, slice(0, 960, None), slice(None, None, None)),), 'dataset shape': (40, 11, 1921, 2560), 'dataset chunks': (7, 1, 385, 512), 'indexing time (s)': 1.1920928955078125e-06, 'chunk number': 1650, 'reduction time (s)': 3.2702510356903076, 'chunks processed': 15, 'storage read (B)': 29685482, 'selection 1 time (s)': 3.2703800201416016}
Thread times [0.0253140926361084, 1.0648982524871826, 1.4368720054626465, 1.7182390689849854, 1.7246119976043701, 1.8253860473632812, 1.8440871238708496, 2.2825279235839844, 2.429321050643921, 2.538201093673706, 2.5604770183563232, 2.7291648387908936, 2.946201801300049, 2.982571601867676, 3.0674259662628174]
{'args': ((5, 0, slice(0, 960, None), slice(None, None, None)),), 'dataset shape': (40, 11, 1921, 2560), 'dataset chunks': (7, 1, 385, 512), 'indexing time (s)': 9.5367431640625e-07, 'chunk number': 1650, 'reduction time (s)': 3.07356595993042, 'chunks processed': 15, 'storage read (B)': 29685482, 'selection 1 time (s)': 3.0737009048461914}
Thread times [0.021031856536865234, 1.3427577018737793, 1.7266850471496582, 1.8577260971069336, 1.8900461196899414, 2.044006824493408, 2.09076189994812, 2.112088203430176, 2.1877312660217285, 2.193800210952759, 2.217564105987549, 2.765739917755127, 3.1209661960601807, 3.126728057861328, 3.183712959289551]
{'args': ((6, 0, slice(0, 960, None), slice(None, None, None)),), 'dataset shape': (40, 11, 1921, 2560), 'dataset chunks': (7, 1, 385, 512), 'indexing time (s)': 1.9073486328125e-06, 'chunk number': 1650, 'reduction time (s)': 3.187335968017578, 'chunks processed': 15, 'storage read (B)': 29685482, 'selection 1 time (s)': 3.1874678134918213}
Thread times [0.8394489288330078, 1.1090197563171387, 2.4149858951568604, 2.5060596466064453, 2.7105581760406494, 2.7532951831817627, 2.786320924758911, 2.8948729038238525, 3.038135051727295, 3.056830406188965, 3.269437074661255, 3.405653715133667, 3.7589662075042725, 3.780048131942749, 3.92826509475708]
{'args': ((7, 0, slice(0, 960, None), slice(None, None, None)),), 'dataset shape': (40, 11, 1921, 2560), 'dataset chunks': (7, 1, 385, 512), 'indexing time (s)': 1.1920928955078125e-06, 'chunk number': 1650, 'reduction time (s)': 3.9348599910736084, 'chunks processed': 15, 'storage read (B)': 29701892, 'selection 1 time (s)': 3.9349849224090576}
Thread times [0.025042057037353516, 1.5315418243408203, 1.5350749492645264, 1.848271131515503, 2.0871810913085938, 2.3117330074310303, 2.325193166732788, 2.5670289993286133, 2.654151201248169, 2.9959261417388916, 2.996306896209717, 3.0873987674713135, 3.1135458946228027, 3.2316811084747314, 3.384248971939087]
{'args': ((8, 0, slice(0, 960, None), slice(None, None, None)),), 'dataset shape': (40, 11, 1921, 2560), 'dataset chunks': (7, 1, 385, 512), 'indexing time (s)': 1.9073486328125e-06, 'chunk number': 1650, 'reduction time (s)': 3.393209218978882, 'chunks processed': 15, 'storage read (B)': 29701892, 'selection 1 time (s)': 3.3933401107788086}
Thread times [0.024619102478027344, 0.7989838123321533, 1.50993013381958, 1.5337631702423096, 1.714853048324585, 1.891484260559082, 2.076354742050171, 2.2128989696502686, 2.4303760528564453, 2.5938642024993896, 2.8865408897399902, 2.899026870727539, 3.0069379806518555, 3.032174825668335, 3.039057970046997]
{'args': ((9, 0, slice(0, 960, None), slice(None, None, None)),), 'dataset shape': (40, 11, 1921, 2560), 'dataset chunks': (7, 1, 385, 512), 'indexing time (s)': 1.1920928955078125e-06, 'chunk number': 1650, 'reduction time (s)': 3.044550895690918, 'chunks processed': 15, 'storage read (B)': 29701892, 'selection 1 time (s)': 3.044672727584839}
Thread times [0.020588159561157227, 1.1044859886169434, 1.3166661262512207, 1.862243890762329, 2.157749891281128, 2.298301935195923, 2.3002970218658447, 2.3971946239471436, 2.4185941219329834, 2.4555301666259766, 2.5003108978271484, 2.5659661293029785, 2.8527169227600098, 3.0316250324249268, 3.0730979442596436]
{'args': ((10, 0, slice(0, 960, None), slice(None, None, None)),), 'dataset shape': (40, 11, 1921, 2560), 'dataset chunks': (7, 1, 385, 512), 'indexing time (s)': 9.5367431640625e-07, 'chunk number': 1650, 'reduction time (s)': 3.07952618598938, 'chunks processed': 15, 'storage read (B)': 29701892, 'selection 1 time (s)': 3.079655885696411}
Thread times [0.020149946212768555, 1.443228006362915, 1.5260608196258545, 1.6375758647918701, 1.6433327198028564, 2.0845658779144287, 2.5662479400634766, 2.7622649669647217, 2.811851978302002, 2.8820109367370605, 2.9010720252990723, 2.922224998474121, 2.9833741188049316, 3.020369291305542, 3.3044021129608154]
{'args': ((11, 0, slice(0, 960, None), slice(None, None, None)),), 'dataset shape': (40, 11, 1921, 2560), 'dataset chunks': (7, 1, 385, 512), 'indexing time (s)': 1.1920928955078125e-06, 'chunk number': 1650, 'reduction time (s)': 3.3103790283203125, 'chunks processed': 15, 'storage read (B)': 29701892, 'selection 1 time (s)': 3.3105149269104004}
Thread times [0.025483131408691406, 1.091841220855713, 1.221721887588501, 1.6096010208129883, 1.6532318592071533, 1.8100638389587402, 2.468712091445923, 2.538288116455078, 2.602128028869629, 2.691019058227539, 2.716338872909546, 2.825808048248291, 2.929565906524658, 3.0763070583343506, 3.161313056945801]
{'args': ((12, 0, slice(0, 960, None), slice(None, None, None)),), 'dataset shape': (40, 11, 1921, 2560), 'dataset chunks': (7, 1, 385, 512), 'indexing time (s)': 9.5367431640625e-07, 'chunk number': 1650, 'reduction time (s)': 3.170058012008667, 'chunks processed': 15, 'storage read (B)': 29701892, 'selection 1 time (s)': 3.1701900959014893}
Thread times [0.021414995193481445, 0.9783151149749756, 1.0886609554290771, 1.4890460968017578, 1.6715881824493408, 2.533777952194214, 2.540731191635132, 2.5501320362091064, 2.6567909717559814, 2.680406093597412, 2.681530237197876, 2.7004780769348145, 2.725188732147217, 2.932466983795166, 2.975670099258423]
{'args': ((13, 0, slice(0, 960, None), slice(None, None, None)),), 'dataset shape': (40, 11, 1921, 2560), 'dataset chunks': (7, 1, 385, 512), 'indexing time (s)': 7.152557373046875e-07, 'chunk number': 1650, 'reduction time (s)': 2.983889102935791, 'chunks processed': 15, 'storage read (B)': 29701892, 'selection 1 time (s)': 2.9840140342712402}
Thread times [1.3371877670288086, 1.4375801086425781, 1.7679190635681152, 2.184990882873535, 2.6015641689300537, 2.6158039569854736, 2.7254390716552734, 2.7296688556671143, 2.7302658557891846, 2.958019971847534, 3.1920361518859863, 3.3109941482543945, 3.3454537391662598, 3.3857791423797607, 3.56364107131958]
{'args': ((14, 0, slice(0, 960, None), slice(None, None, None)),), 'dataset shape': (40, 11, 1921, 2560), 'dataset chunks': (7, 1, 385, 512), 'indexing time (s)': 9.5367431640625e-07, 'chunk number': 1650, 'reduction time (s)': 3.56852388381958, 'chunks processed': 15, 'storage read (B)': 29733505, 'selection 1 time (s)': 3.568650960922241}
Thread times [0.023729801177978516, 0.5910630226135254, 0.6778872013092041, 1.767120122909546, 2.0016262531280518, 2.0840392112731934, 2.208019971847534, 2.237241744995117, 2.4190120697021484, 2.4408578872680664, 2.568687915802002, 2.79392409324646, 2.902812957763672, 2.924686908721924, 2.952120780944824]
{'args': ((15, 0, slice(0, 960, None), slice(None, None, None)),), 'dataset shape': (40, 11, 1921, 2560), 'dataset chunks': (7, 1, 385, 512), 'indexing time (s)': 1.1920928955078125e-06, 'chunk number': 1650, 'reduction time (s)': 2.9580190181732178, 'chunks processed': 15, 'storage read (B)': 29733505, 'selection 1 time (s)': 2.9581501483917236}
Thread times [0.020377635955810547, 1.1934447288513184, 1.5188870429992676, 1.8680329322814941, 2.006523847579956, 2.092458963394165, 2.302995204925537, 2.3619132041931152, 2.489398956298828, 2.5274147987365723, 2.5536389350891113, 2.6101760864257812, 2.9651007652282715, 3.0738158226013184, 3.1296401023864746]
{'args': ((16, 0, slice(0, 960, None), slice(None, None, None)),), 'dataset shape': (40, 11, 1921, 2560), 'dataset chunks': (7, 1, 385, 512), 'indexing time (s)': 9.5367431640625e-07, 'chunk number': 1650, 'reduction time (s)': 3.1355772018432617, 'chunks processed': 15, 'storage read (B)': 29733505, 'selection 1 time (s)': 3.1356937885284424}
Thread times [0.023975849151611328, 1.1832740306854248, 1.2135639190673828, 1.9321870803833008, 2.005164623260498, 2.05222225189209, 2.2501869201660156, 2.273455858230591, 2.3699588775634766, 2.5171570777893066, 2.690276861190796, 2.7355310916900635, 2.904979944229126, 3.0164926052093506, 3.0892300605773926]
{'args': ((17, 0, slice(0, 960, None), slice(None, None, None)),), 'dataset shape': (40, 11, 1921, 2560), 'dataset chunks': (7, 1, 385, 512), 'indexing time (s)': 1.6689300537109375e-06, 'chunk number': 1650, 'reduction time (s)': 3.0954880714416504, 'chunks processed': 15, 'storage read (B)': 29733505, 'selection 1 time (s)': 3.0956201553344727}
Thread times [0.023417949676513672, 1.0411787033081055, 1.4978179931640625, 1.5739037990570068, 1.6884570121765137, 2.213616132736206, 2.297262668609619, 2.344252109527588, 2.4241888523101807, 2.4449570178985596, 2.5377540588378906, 2.609729051589966, 2.8880088329315186, 3.0010039806365967, 3.103708028793335]
{'args': ((18, 0, slice(0, 960, None), slice(None, None, None)),), 'dataset shape': (40, 11, 1921, 2560), 'dataset chunks': (7, 1, 385, 512), 'indexing time (s)': 9.5367431640625e-07, 'chunk number': 1650, 'reduction time (s)': 3.1115899085998535, 'chunks processed': 15, 'storage read (B)': 29733505, 'selection 1 time (s)': 3.1117188930511475}
Thread times [0.023320913314819336, 1.3375439643859863, 1.452528953552246, 1.8452417850494385, 1.9151480197906494, 2.3604328632354736, 2.5451316833496094, 2.5640218257904053, 2.561081886291504, 2.639918804168701, 2.784600019454956, 2.9944231510162354, 3.022136688232422, 3.114834785461426, 3.2251219749450684]
{'args': ((19, 0, slice(0, 960, None), slice(None, None, None)),), 'dataset shape': (40, 11, 1921, 2560), 'dataset chunks': (7, 1, 385, 512), 'indexing time (s)': 9.5367431640625e-07, 'chunk number': 1650, 'reduction time (s)': 3.2332801818847656, 'chunks processed': 15, 'storage read (B)': 29733505, 'selection 1 time (s)': 3.2334039211273193}
Thread times [0.039659738540649414, 0.9068000316619873, 1.2468478679656982, 1.716503620147705, 1.9679882526397705, 2.002490997314453, 2.1487488746643066, 2.1577000617980957, 2.4920520782470703, 2.524949073791504, 2.625332832336426, 2.711591958999634, 2.969344139099121, 3.0307810306549072, 3.1746737957000732]
{'args': ((20, 0, slice(0, 960, None), slice(None, None, None)),), 'dataset shape': (40, 11, 1921, 2560), 'dataset chunks': (7, 1, 385, 512), 'indexing time (s)': 7.152557373046875e-07, 'chunk number': 1650, 'reduction time (s)': 3.178635835647583, 'chunks processed': 15, 'storage read (B)': 29733505, 'selection 1 time (s)': 3.1787712574005127}
Thread times [1.456982135772705, 1.8609991073608398, 1.8673572540283203, 1.9265410900115967, 1.9501428604125977, 2.086303949356079, 2.177175760269165, 2.6094770431518555, 2.669548988342285, 2.742914915084839, 2.7669906616210938, 3.3704357147216797, 3.422027111053467, 3.442779064178467, 3.633009910583496]
{'args': ((21, 0, slice(0, 960, None), slice(None, None, None)),), 'dataset shape': (40, 11, 1921, 2560), 'dataset chunks': (7, 1, 385, 512), 'indexing time (s)': 1.6689300537109375e-06, 'chunk number': 1650, 'reduction time (s)': 3.6396801471710205, 'chunks processed': 15, 'storage read (B)': 29686785, 'selection 1 time (s)': 3.63983416557312}
Thread times [0.02474069595336914, 0.43141913414001465, 1.0068440437316895, 1.5860528945922852, 1.7025468349456787, 1.9054820537567139, 2.207282066345215, 2.3410820960998535, 2.516350030899048, 2.544421672821045, 2.6870899200439453, 2.8044497966766357, 2.894819736480713, 2.9259698390960693, 2.997519016265869]
{'args': ((22, 0, slice(0, 960, None), slice(None, None, None)),), 'dataset shape': (40, 11, 1921, 2560), 'dataset chunks': (7, 1, 385, 512), 'indexing time (s)': 9.5367431640625e-07, 'chunk number': 1650, 'reduction time (s)': 3.005675792694092, 'chunks processed': 15, 'storage read (B)': 29686785, 'selection 1 time (s)': 3.005811929702759}
Thread times [0.020221948623657227, 1.1553688049316406, 1.4508121013641357, 1.5749280452728271, 1.8156490325927734, 1.8419880867004395, 1.8644039630889893, 1.900285005569458, 2.1293702125549316, 2.5532751083374023, 2.7026219367980957, 2.7942709922790527, 2.834141969680786, 3.0228168964385986, 3.0582401752471924]
{'args': ((23, 0, slice(0, 960, None), slice(None, None, None)),), 'dataset shape': (40, 11, 1921, 2560), 'dataset chunks': (7, 1, 385, 512), 'indexing time (s)': 1.1920928955078125e-06, 'chunk number': 1650, 'reduction time (s)': 3.0652170181274414, 'chunks processed': 15, 'storage read (B)': 29686785, 'selection 1 time (s)': 3.0653421878814697}
Thread times [0.023271799087524414, 1.1219630241394043, 1.1939518451690674, 1.298105001449585, 1.6945669651031494, 2.1088640689849854, 2.15303111076355, 2.215472936630249, 2.512375831604004, 2.6076672077178955, 2.686739206314087, 2.777331829071045, 2.9071500301361084, 3.0041961669921875, 3.002650737762451]
{'args': ((24, 0, slice(0, 960, None), slice(None, None, None)),), 'dataset shape': (40, 11, 1921, 2560), 'dataset chunks': (7, 1, 385, 512), 'indexing time (s)': 9.5367431640625e-07, 'chunk number': 1650, 'reduction time (s)': 3.009665012359619, 'chunks processed': 15, 'storage read (B)': 29686785, 'selection 1 time (s)': 3.0097930431365967}
Thread times [0.023051023483276367, 1.4557521343231201, 1.7633357048034668, 1.7791478633880615, 1.7876121997833252, 1.911595106124878, 2.1508350372314453, 2.3608598709106445, 2.4065511226654053, 2.7169268131256104, 2.7966530323028564, 2.810487985610962, 2.9322760105133057, 3.1462881565093994, 3.1640169620513916]
{'args': ((25, 0, slice(0, 960, None), slice(None, None, None)),), 'dataset shape': (40, 11, 1921, 2560), 'dataset chunks': (7, 1, 385, 512), 'indexing time (s)': 9.5367431640625e-07, 'chunk number': 1650, 'reduction time (s)': 3.172898054122925, 'chunks processed': 15, 'storage read (B)': 29686785, 'selection 1 time (s)': 3.1730260848999023}
Thread times [0.020331859588623047, 0.7522990703582764, 1.2546560764312744, 1.5726191997528076, 2.287442922592163, 2.306234121322632, 2.337722063064575, 2.37239408493042, 2.4490649700164795, 2.559088945388794, 2.6171138286590576, 2.8323378562927246, 2.9939680099487305, 2.997709274291992, 3.1721909046173096]
{'args': ((26, 0, slice(0, 960, None), slice(None, None, None)),), 'dataset shape': (40, 11, 1921, 2560), 'dataset chunks': (7, 1, 385, 512), 'indexing time (s)': 1.1920928955078125e-06, 'chunk number': 1650, 'reduction time (s)': 3.17915415763855, 'chunks processed': 15, 'storage read (B)': 29686785, 'selection 1 time (s)': 3.1792821884155273}
Thread times [0.021335124969482422, 1.1037158966064453, 1.6827750205993652, 1.917572021484375, 1.9312891960144043, 2.139711856842041, 2.15740704536438, 2.2438931465148926, 2.507624864578247, 2.6083641052246094, 2.9419360160827637, 2.961712121963501, 3.020142078399658, 3.2497222423553467, 3.2499618530273438]
{'args': ((27, 0, slice(0, 960, None), slice(None, None, None)),), 'dataset shape': (40, 11, 1921, 2560), 'dataset chunks': (7, 1, 385, 512), 'indexing time (s)': 1.1920928955078125e-06, 'chunk number': 1650, 'reduction time (s)': 3.2531588077545166, 'chunks processed': 15, 'storage read (B)': 29686785, 'selection 1 time (s)': 3.2532920837402344}
Thread times [1.312988042831421, 1.4841880798339844, 1.4859371185302734, 1.4907200336456299, 1.7936680316925049, 1.9776721000671387, 2.232177257537842, 2.314190149307251, 2.578402042388916, 2.593755006790161, 2.939323902130127, 2.9567759037017822, 2.9853439331054688, 3.017538070678711, 3.265929937362671]
{'args': ((28, 0, slice(0, 960, None), slice(None, None, None)),), 'dataset shape': (40, 11, 1921, 2560), 'dataset chunks': (7, 1, 385, 512), 'indexing time (s)': 7.152557373046875e-07, 'chunk number': 1650, 'reduction time (s)': 3.2747750282287598, 'chunks processed': 15, 'storage read (B)': 29670387, 'selection 1 time (s)': 3.27490496635437}
Thread times [0.024981021881103516, 1.014535903930664, 1.0380971431732178, 1.8428630828857422, 1.9657196998596191, 1.9770889282226562, 2.1829311847686768, 2.2925171852111816, 2.354063034057617, 2.4401931762695312, 2.71779203414917, 2.7627298831939697, 2.8275868892669678, 2.8829591274261475, 3.0930490493774414]
{'args': ((29, 0, slice(0, 960, None), slice(None, None, None)),), 'dataset shape': (40, 11, 1921, 2560), 'dataset chunks': (7, 1, 385, 512), 'indexing time (s)': 9.5367431640625e-07, 'chunk number': 1650, 'reduction time (s)': 3.100243091583252, 'chunks processed': 15, 'storage read (B)': 29670387, 'selection 1 time (s)': 3.1003832817077637}
Thread times [0.023777008056640625, 1.0679819583892822, 1.4197440147399902, 1.529313087463379, 1.690661907196045, 1.7121899127960205, 1.9939122200012207, 2.2050747871398926, 2.3345470428466797, 2.3748960494995117, 2.4809529781341553, 2.5331830978393555, 2.8320767879486084, 2.9766628742218018, 2.979074001312256]
{'args': ((30, 0, slice(0, 960, None), slice(None, None, None)),), 'dataset shape': (40, 11, 1921, 2560), 'dataset chunks': (7, 1, 385, 512), 'indexing time (s)': 9.5367431640625e-07, 'chunk number': 1650, 'reduction time (s)': 2.9897589683532715, 'chunks processed': 15, 'storage read (B)': 29670387, 'selection 1 time (s)': 2.9898998737335205}
Thread times [0.024228811264038086, 1.1588170528411865, 1.3346259593963623, 1.6989121437072754, 2.04070782661438, 2.579007863998413, 2.641463041305542, 2.6864519119262695, 2.730966091156006, 2.839257001876831, 2.978424072265625, 3.154827117919922, 3.179476022720337, 3.248769760131836, 3.3882477283477783]
{'args': ((31, 0, slice(0, 960, None), slice(None, None, None)),), 'dataset shape': (40, 11, 1921, 2560), 'dataset chunks': (7, 1, 385, 512), 'indexing time (s)': 9.5367431640625e-07, 'chunk number': 1650, 'reduction time (s)': 3.3970420360565186, 'chunks processed': 15, 'storage read (B)': 29670387, 'selection 1 time (s)': 3.397169828414917}
Thread times [0.022840023040771484, 1.1022977828979492, 1.791003942489624, 1.9360032081604004, 1.987267017364502, 1.993945837020874, 2.0082499980926514, 2.168611764907837, 2.3268423080444336, 2.4123518466949463, 2.479365825653076, 2.5016469955444336, 2.9822702407836914, 3.0088839530944824, 3.079148769378662]
{'args': ((32, 0, slice(0, 960, None), slice(None, None, None)),), 'dataset shape': (40, 11, 1921, 2560), 'dataset chunks': (7, 1, 385, 512), 'indexing time (s)': 7.152557373046875e-07, 'chunk number': 1650, 'reduction time (s)': 3.0886011123657227, 'chunks processed': 15, 'storage read (B)': 29670387, 'selection 1 time (s)': 3.0887460708618164}
Thread times [0.020987749099731445, 0.9800601005554199, 1.0685081481933594, 1.7641589641571045, 1.8289551734924316, 1.8759448528289795, 2.037698745727539, 2.182631254196167, 2.370582103729248, 2.4116368293762207, 2.548535108566284, 2.6379799842834473, 2.9249956607818604, 2.9778738021850586, 3.0666511058807373]
{'args': ((33, 0, slice(0, 960, None), slice(None, None, None)),), 'dataset shape': (40, 11, 1921, 2560), 'dataset chunks': (7, 1, 385, 512), 'indexing time (s)': 9.5367431640625e-07, 'chunk number': 1650, 'reduction time (s)': 3.075439691543579, 'chunks processed': 15, 'storage read (B)': 29670387, 'selection 1 time (s)': 3.0755701065063477}
Thread times [0.02279496192932129, 1.6030540466308594, 1.6899371147155762, 1.9233520030975342, 2.1257500648498535, 2.434954881668091, 2.6417770385742188, 2.8985037803649902, 3.04721999168396, 3.0619730949401855, 3.065415859222412, 3.4722533226013184, 3.56781005859375, 3.6963438987731934, 3.737355947494507]
{'args': ((34, 0, slice(0, 960, None), slice(None, None, None)),), 'dataset shape': (40, 11, 1921, 2560), 'dataset chunks': (7, 1, 385, 512), 'indexing time (s)': 9.5367431640625e-07, 'chunk number': 1650, 'reduction time (s)': 3.744374990463257, 'chunks processed': 15, 'storage read (B)': 29670387, 'selection 1 time (s)': 3.7445011138916016}
Thread times [1.4789166450500488, 1.5535743236541748, 1.5538599491119385, 1.7525899410247803, 1.9083130359649658, 2.0639772415161133, 2.4098219871520996, 2.4418323040008545, 2.869091033935547, 2.8892710208892822, 2.9025778770446777, 2.977674961090088, 3.0754711627960205, 3.1099660396575928, 3.21340012550354]
{'args': ((35, 0, slice(0, 960, None), slice(None, None, None)),), 'dataset shape': (40, 11, 1921, 2560), 'dataset chunks': (7, 1, 385, 512), 'indexing time (s)': 9.5367431640625e-07, 'chunk number': 1650, 'reduction time (s)': 3.2377679347991943, 'chunks processed': 15, 'storage read (B)': 21287473, 'selection 1 time (s)': 3.2379040718078613}
Thread times [0.020067930221557617, 1.479325771331787, 1.657135009765625, 1.9591178894042969, 2.0137128829956055, 2.2195537090301514, 2.2745931148529053, 2.3508341312408447, 2.4047341346740723, 2.5164310932159424, 2.6360561847686768, 2.9965009689331055, 3.034806966781616, 3.0840377807617188, 3.1006646156311035]
{'args': ((36, 0, slice(0, 960, None), slice(None, None, None)),), 'dataset shape': (40, 11, 1921, 2560), 'dataset chunks': (7, 1, 385, 512), 'indexing time (s)': 9.5367431640625e-07, 'chunk number': 1650, 'reduction time (s)': 3.107295036315918, 'chunks processed': 15, 'storage read (B)': 21287473, 'selection 1 time (s)': 3.1074719429016113}
Thread times [0.023244142532348633, 1.2754848003387451, 1.3150041103363037, 1.3349461555480957, 1.3680801391601562, 1.4354488849639893, 1.5757040977478027, 1.9899072647094727, 2.126044988632202, 2.1348469257354736, 2.2146809101104736, 2.314836025238037, 2.5204010009765625, 2.605973958969116, 2.6208739280700684]
{'args': ((37, 0, slice(0, 960, None), slice(None, None, None)),), 'dataset shape': (40, 11, 1921, 2560), 'dataset chunks': (7, 1, 385, 512), 'indexing time (s)': 1.1920928955078125e-06, 'chunk number': 1650, 'reduction time (s)': 2.625584840774536, 'chunks processed': 15, 'storage read (B)': 21287473, 'selection 1 time (s)': 2.6257379055023193}
Thread times [0.01946234703063965, 1.0866386890411377, 1.3020579814910889, 1.4052982330322266, 1.6072440147399902, 1.7926840782165527, 1.8430719375610352, 1.9932548999786377, 1.9934442043304443, 2.484469175338745, 2.5133557319641113, 2.525916337966919, 2.5586471557617188, 2.678006649017334, 2.7109220027923584]
{'args': ((38, 0, slice(0, 960, None), slice(None, None, None)),), 'dataset shape': (40, 11, 1921, 2560), 'dataset chunks': (7, 1, 385, 512), 'indexing time (s)': 1.1920928955078125e-06, 'chunk number': 1650, 'reduction time (s)': 2.7171921730041504, 'chunks processed': 15, 'storage read (B)': 21287473, 'selection 1 time (s)': 2.717413902282715}
Thread times [0.018548011779785156, 1.0659749507904053, 1.136234998703003, 1.4244918823242188, 1.488642930984497, 1.9196078777313232, 2.1070079803466797, 2.1166679859161377, 2.232973098754883, 2.268275260925293, 2.357896089553833, 2.5544357299804688, 2.8897132873535156, 2.8943231105804443, 2.9058310985565186]
{'args': ((39, 0, slice(0, 960, None), slice(None, None, None)),), 'dataset shape': (40, 11, 1921, 2560), 'dataset chunks': (7, 1, 385, 512), 'indexing time (s)': 7.152557373046875e-07, 'chunk number': 1650, 'reduction time (s)': 2.912425994873047, 'chunks processed': 15, 'storage read (B)': 21287473, 'selection 1 time (s)': 2.9126570224761963}
[[226.07815104]
 [226.06476563]
 [225.93765625]
 [225.90807292]
 [225.91736979]
 [225.88455729]
 [225.82075521]
 [225.85440104]
 [225.98328125]
 [226.03804687]
 [226.01315104]
 [226.02330729]
 [226.03770833]
 [226.00476563]
 [225.91765625]
 [225.94033854]
 [225.9871875 ]
 [225.9146875 ]
 [225.81242188]
 [225.81869792]
 [225.84526042]
 [225.78497396]
 [225.63648438]
 [225.55651042]
 [225.45736979]
 [225.32367188]
 [225.16328125]
 [225.07794271]
 [225.07846354]
 [225.10666667]
 [225.17606771]
 [225.36877604]
 [225.57911458]
 [225.69080729]
 [225.72231771]
 [225.82369792]
 [225.93658854]
 [225.96763021]
 [225.91861979]
 [225.92247396]]
Summary:  Uni24-np3:Local (T100,BS1): 1.61s,127.2s,135.8s
