Dataset loaded from S3 with s3fs and Pyfive: bnl/ch330a.pc19790301-def.nc (0.042,5.4)
Thread times [5.317965984344482, 6.188633918762207, 6.444293737411499, 6.696633815765381, 6.707669973373413, 6.826082229614258, 7.466088056564331, 7.752336263656616, 7.993359088897705, 8.238722085952759, 9.967915058135986, 9.992341995239258, 10.010240077972412, 10.047077178955078, 10.264779090881348]
{'load nc time': 6.363209962844849, 'args': ((0, 0, slice(0, 960, None), slice(None, None, None)),), 'dataset shape': (40, 11, 1921, 2560), 'dataset chunks': (7, 1, 385, 512), 'indexing time (s)': 28.329758882522583, 'chunk number': 1650, 'reduction time (s)': 10.276489019393921, 'chunks processed': 15, 'storage read (B)': 29685482, 'selection 1 time (s)': 38.606367111206055}
Thread times [0.020846128463745117, 5.685328006744385, 5.765630006790161, 6.139808893203735, 7.168339967727661, 7.7677202224731445, 8.085079908370972, 8.511389017105103, 8.702184915542603, 8.721991777420044, 9.24012804031372, 10.50370192527771, 10.529235124588013, 10.945749044418335, 11.108591079711914]
{'args': ((1, 0, slice(0, 960, None), slice(None, None, None)),), 'dataset shape': (40, 11, 1921, 2560), 'dataset chunks': (7, 1, 385, 512), 'indexing time (s)': 1.1920928955078125e-06, 'chunk number': 1650, 'reduction time (s)': 11.114475011825562, 'chunks processed': 15, 'storage read (B)': 29685482, 'selection 1 time (s)': 11.114593029022217}
Thread times [0.021659135818481445, 4.963347911834717, 5.179663896560669, 6.1694488525390625, 6.6227030754089355, 6.787516832351685, 6.788192987442017, 7.013501882553101, 7.162962913513184, 8.080719947814941, 8.18197512626648, 9.585116863250732, 9.869658946990967, 10.136137008666992, 10.14169430732727]
{'args': ((2, 0, slice(0, 960, None), slice(None, None, None)),), 'dataset shape': (40, 11, 1921, 2560), 'dataset chunks': (7, 1, 385, 512), 'indexing time (s)': 9.5367431640625e-07, 'chunk number': 1650, 'reduction time (s)': 10.145992994308472, 'chunks processed': 15, 'storage read (B)': 29685482, 'selection 1 time (s)': 10.146113157272339}
Thread times [0.02205491065979004, 0.023305416107177734, 6.53516697883606, 6.5626912117004395, 6.748700857162476, 6.828549146652222, 7.28486180305481, 7.8030431270599365, 7.955943822860718, 7.960715055465698, 8.411020994186401, 8.415330171585083, 10.156548261642456, 10.272500991821289, 10.296414852142334]
{'args': ((3, 0, slice(0, 960, None), slice(None, None, None)),), 'dataset shape': (40, 11, 1921, 2560), 'dataset chunks': (7, 1, 385, 512), 'indexing time (s)': 9.5367431640625e-07, 'chunk number': 1650, 'reduction time (s)': 10.302270889282227, 'chunks processed': 15, 'storage read (B)': 29685482, 'selection 1 time (s)': 10.302381992340088}
Thread times [0.020194053649902344, 6.715357065200806, 6.716096878051758, 6.738675117492676, 6.7411720752716064, 6.756855010986328, 7.105443239212036, 7.2989819049835205, 7.493474006652832, 7.681635141372681, 8.922248125076294, 9.45368218421936, 10.143628120422363, 10.24536919593811, 10.335120916366577]
{'args': ((4, 0, slice(0, 960, None), slice(None, None, None)),), 'dataset shape': (40, 11, 1921, 2560), 'dataset chunks': (7, 1, 385, 512), 'indexing time (s)': 1.1920928955078125e-06, 'chunk number': 1650, 'reduction time (s)': 10.338759899139404, 'chunks processed': 15, 'storage read (B)': 29685482, 'selection 1 time (s)': 10.338873863220215}
Thread times [0.021581172943115234, 4.520793914794922, 4.594224214553833, 5.073491096496582, 5.798601150512695, 6.076937913894653, 6.115884780883789, 6.265439033508301, 7.453463077545166, 7.489292860031128, 7.641881942749023, 8.382389068603516, 8.510921955108643, 8.671846866607666, 8.682557821273804]
{'args': ((5, 0, slice(0, 960, None), slice(None, None, None)),), 'dataset shape': (40, 11, 1921, 2560), 'dataset chunks': (7, 1, 385, 512), 'indexing time (s)': 9.5367431640625e-07, 'chunk number': 1650, 'reduction time (s)': 8.685210943222046, 'chunks processed': 15, 'storage read (B)': 29685482, 'selection 1 time (s)': 8.685330867767334}
Thread times [0.020874977111816406, 0.022171974182128906, 3.359039068222046, 4.18482780456543, 4.988741874694824, 5.871736288070679, 5.9504170417785645, 6.389786005020142, 6.478142976760864, 6.586856842041016, 6.942954063415527, 7.388737201690674, 7.908599138259888, 7.98887825012207, 8.118587970733643]
{'args': ((6, 0, slice(0, 960, None), slice(None, None, None)),), 'dataset shape': (40, 11, 1921, 2560), 'dataset chunks': (7, 1, 385, 512), 'indexing time (s)': 9.5367431640625e-07, 'chunk number': 1650, 'reduction time (s)': 8.125238180160522, 'chunks processed': 15, 'storage read (B)': 29685482, 'selection 1 time (s)': 8.12537431716919}
Thread times [3.1755120754241943, 4.27046799659729, 6.268347263336182, 6.915942192077637, 6.921324968338013, 7.230283975601196, 7.314512729644775, 7.601837873458862, 7.667640209197998, 8.815477132797241, 9.257692098617554, 10.098469018936157, 10.250843048095703, 10.45881700515747, 10.71775507926941]
{'args': ((7, 0, slice(0, 960, None), slice(None, None, None)),), 'dataset shape': (40, 11, 1921, 2560), 'dataset chunks': (7, 1, 385, 512), 'indexing time (s)': 1.1920928955078125e-06, 'chunk number': 1650, 'reduction time (s)': 10.724175930023193, 'chunks processed': 15, 'storage read (B)': 29701892, 'selection 1 time (s)': 10.724320888519287}
Thread times [0.023866653442382812, 4.815791130065918, 5.1019768714904785, 5.965792894363403, 6.462082147598267, 7.641777038574219, 7.647600889205933, 7.689780950546265, 8.066776037216187, 8.256119966506958, 8.256419897079468, 9.609454154968262, 9.839500904083252, 9.97144103050232, 10.106914043426514]
{'args': ((8, 0, slice(0, 960, None), slice(None, None, None)),), 'dataset shape': (40, 11, 1921, 2560), 'dataset chunks': (7, 1, 385, 512), 'indexing time (s)': 9.5367431640625e-07, 'chunk number': 1650, 'reduction time (s)': 10.116095066070557, 'chunks processed': 15, 'storage read (B)': 29701892, 'selection 1 time (s)': 10.116272926330566}
Thread times [0.02233600616455078, 3.8031232357025146, 4.248321056365967, 4.352934122085571, 4.839186906814575, 8.9875328540802, 9.903456926345825, 9.921734094619751, 10.08468508720398, 10.435731887817383, 10.924561977386475, 11.40152382850647, 11.896010875701904, 11.993322849273682, 12.001038074493408]
{'args': ((9, 0, slice(0, 960, None), slice(None, None, None)),), 'dataset shape': (40, 11, 1921, 2560), 'dataset chunks': (7, 1, 385, 512), 'indexing time (s)': 2.1457672119140625e-06, 'chunk number': 1650, 'reduction time (s)': 12.006329774856567, 'chunks processed': 15, 'storage read (B)': 29701892, 'selection 1 time (s)': 12.006484985351562}
Thread times [0.022550106048583984, 4.8509790897369385, 5.36630392074585, 6.425779819488525, 7.885013818740845, 7.996456861495972, 8.101298809051514, 9.019475221633911, 9.461875200271606, 9.539353132247925, 10.094314098358154, 10.404011011123657, 10.758495092391968, 11.114920854568481, 11.247518062591553]
{'args': ((10, 0, slice(0, 960, None), slice(None, None, None)),), 'dataset shape': (40, 11, 1921, 2560), 'dataset chunks': (7, 1, 385, 512), 'indexing time (s)': 9.5367431640625e-07, 'chunk number': 1650, 'reduction time (s)': 11.25447416305542, 'chunks processed': 15, 'storage read (B)': 29701892, 'selection 1 time (s)': 11.254631280899048}
Thread times [0.02170586585998535, 4.728010177612305, 5.048469066619873, 5.680307865142822, 5.700492858886719, 6.267889022827148, 6.6186370849609375, 6.620592832565308, 6.685513973236084, 6.808936834335327, 7.010678052902222, 8.803279161453247, 8.919270277023315, 9.11474609375, 9.313270092010498]
{'args': ((11, 0, slice(0, 960, None), slice(None, None, None)),), 'dataset shape': (40, 11, 1921, 2560), 'dataset chunks': (7, 1, 385, 512), 'indexing time (s)': 9.5367431640625e-07, 'chunk number': 1650, 'reduction time (s)': 9.317749977111816, 'chunks processed': 15, 'storage read (B)': 29701892, 'selection 1 time (s)': 9.317944765090942}
Thread times [0.023716211318969727, 3.793604850769043, 5.186785936355591, 5.188475131988525, 5.227020025253296, 5.661778211593628, 6.65149188041687, 6.90776515007019, 6.992755889892578, 7.413014888763428, 7.450003147125244, 9.31068229675293, 9.849975109100342, 9.883050918579102, 10.147877931594849]
{'args': ((12, 0, slice(0, 960, None), slice(None, None, None)),), 'dataset shape': (40, 11, 1921, 2560), 'dataset chunks': (7, 1, 385, 512), 'indexing time (s)': 1.1920928955078125e-06, 'chunk number': 1650, 'reduction time (s)': 10.157196044921875, 'chunks processed': 15, 'storage read (B)': 29701892, 'selection 1 time (s)': 10.157360792160034}
Thread times [0.02381110191345215, 5.0884809494018555, 5.955541133880615, 6.0430028438568115, 6.108654975891113, 8.854118824005127, 9.377090215682983, 9.542054176330566, 9.543827056884766, 9.607092142105103, 10.128886938095093, 10.958719968795776, 11.117608308792114, 11.17254114151001, 11.21528697013855]
{'args': ((13, 0, slice(0, 960, None), slice(None, None, None)),), 'dataset shape': (40, 11, 1921, 2560), 'dataset chunks': (7, 1, 385, 512), 'indexing time (s)': 2.1457672119140625e-06, 'chunk number': 1650, 'reduction time (s)': 11.224565982818604, 'chunks processed': 15, 'storage read (B)': 29701892, 'selection 1 time (s)': 11.22470498085022}
Thread times [4.951979160308838, 5.211565971374512, 5.540946960449219, 5.5445029735565186, 5.73426079750061, 6.029021978378296, 7.362035036087036, 7.540460109710693, 7.778594017028809, 8.329843997955322, 9.893524885177612, 9.997590780258179, 10.45315408706665, 10.504129886627197, 10.54720401763916]
{'args': ((14, 0, slice(0, 960, None), slice(None, None, None)),), 'dataset shape': (40, 11, 1921, 2560), 'dataset chunks': (7, 1, 385, 512), 'indexing time (s)': 9.5367431640625e-07, 'chunk number': 1650, 'reduction time (s)': 10.553538084030151, 'chunks processed': 15, 'storage read (B)': 29733505, 'selection 1 time (s)': 10.553664207458496}
Thread times [0.02016592025756836, 4.0364930629730225, 4.716094970703125, 4.953639030456543, 5.28993034362793, 5.305016756057739, 5.647568941116333, 6.326718091964722, 6.4087018966674805, 6.903311014175415, 7.005114793777466, 8.218151092529297, 8.387544870376587, 8.5747709274292, 8.70203185081482]
{'args': ((15, 0, slice(0, 960, None), slice(None, None, None)),), 'dataset shape': (40, 11, 1921, 2560), 'dataset chunks': (7, 1, 385, 512), 'indexing time (s)': 9.5367431640625e-07, 'chunk number': 1650, 'reduction time (s)': 8.708327054977417, 'chunks processed': 15, 'storage read (B)': 29733505, 'selection 1 time (s)': 8.708526849746704}
Thread times [0.02144479751586914, 3.524152994155884, 4.750841856002808, 6.325533151626587, 7.064478874206543, 7.855329990386963, 9.119271993637085, 9.383568286895752, 9.416741132736206, 9.671268939971924, 9.698589086532593, 10.731486797332764, 10.771684169769287, 10.893853187561035, 11.27591586112976]
{'args': ((16, 0, slice(0, 960, None), slice(None, None, None)),), 'dataset shape': (40, 11, 1921, 2560), 'dataset chunks': (7, 1, 385, 512), 'indexing time (s)': 1.6689300537109375e-06, 'chunk number': 1650, 'reduction time (s)': 11.287235975265503, 'chunks processed': 15, 'storage read (B)': 29733505, 'selection 1 time (s)': 11.287468910217285}
Thread times [0.023235082626342773, 5.314538955688477, 5.366263151168823, 5.410259008407593, 5.831599235534668, 6.330451011657715, 6.772855997085571, 6.872447967529297, 6.894169092178345, 7.393183946609497, 7.91096305847168, 8.826577186584473, 8.838141918182373, 9.09552001953125, 9.199719905853271]
{'args': ((17, 0, slice(0, 960, None), slice(None, None, None)),), 'dataset shape': (40, 11, 1921, 2560), 'dataset chunks': (7, 1, 385, 512), 'indexing time (s)': 1.1920928955078125e-06, 'chunk number': 1650, 'reduction time (s)': 9.206170082092285, 'chunks processed': 15, 'storage read (B)': 29733505, 'selection 1 time (s)': 9.206334352493286}
Thread times [0.022205829620361328, 3.551180124282837, 5.070711135864258, 5.400470018386841, 5.634759902954102, 5.959358215332031, 5.989363193511963, 6.4211602210998535, 6.783324956893921, 7.244054079055786, 7.251652956008911, 7.6363818645477295, 8.289939880371094, 8.531130075454712, 8.69783878326416]
{'args': ((18, 0, slice(0, 960, None), slice(None, None, None)),), 'dataset shape': (40, 11, 1921, 2560), 'dataset chunks': (7, 1, 385, 512), 'indexing time (s)': 9.5367431640625e-07, 'chunk number': 1650, 'reduction time (s)': 8.704076051712036, 'chunks processed': 15, 'storage read (B)': 29733505, 'selection 1 time (s)': 8.704246997833252}
Thread times [0.022150278091430664, 3.9622159004211426, 4.135533809661865, 4.172554016113281, 4.971720218658447, 5.380349159240723, 5.422033786773682, 5.431341886520386, 5.46618914604187, 5.69066596031189, 5.732412815093994, 7.1218860149383545, 7.2000250816345215, 7.210484981536865, 7.30741810798645]
{'args': ((19, 0, slice(0, 960, None), slice(None, None, None)),), 'dataset shape': (40, 11, 1921, 2560), 'dataset chunks': (7, 1, 385, 512), 'indexing time (s)': 1.1920928955078125e-06, 'chunk number': 1650, 'reduction time (s)': 7.315305948257446, 'chunks processed': 15, 'storage read (B)': 29733505, 'selection 1 time (s)': 7.315448760986328}
Thread times [0.020611286163330078, 3.8885419368743896, 4.240090847015381, 4.291078090667725, 4.6140711307525635, 4.620359897613525, 4.63238000869751, 4.8913609981536865, 6.221042156219482, 6.238037824630737, 6.559165954589844, 7.061147928237915, 7.447055816650391, 7.544710159301758, 7.710365295410156]
{'args': ((20, 0, slice(0, 960, None), slice(None, None, None)),), 'dataset shape': (40, 11, 1921, 2560), 'dataset chunks': (7, 1, 385, 512), 'indexing time (s)': 9.5367431640625e-07, 'chunk number': 1650, 'reduction time (s)': 7.7154541015625, 'chunks processed': 15, 'storage read (B)': 29733505, 'selection 1 time (s)': 7.715583086013794}
Thread times [4.351525068283081, 4.570808172225952, 4.962001800537109, 5.0734052658081055, 5.51837682723999, 5.679708003997803, 5.722340822219849, 5.911961078643799, 6.0233728885650635, 6.1502556800842285, 7.912471055984497, 7.940417051315308, 8.397499799728394, 8.473675012588501, 8.67573094367981]
{'args': ((21, 0, slice(0, 960, None), slice(None, None, None)),), 'dataset shape': (40, 11, 1921, 2560), 'dataset chunks': (7, 1, 385, 512), 'indexing time (s)': 9.5367431640625e-07, 'chunk number': 1650, 'reduction time (s)': 8.68557095527649, 'chunks processed': 15, 'storage read (B)': 29686785, 'selection 1 time (s)': 8.685731172561646}
Thread times [0.022050142288208008, 4.229632616043091, 4.37694787979126, 4.6029558181762695, 4.606536865234375, 5.9918599128723145, 6.530972957611084, 6.556574821472168, 6.713702917098999, 6.751414060592651, 6.773770093917847, 7.475971221923828, 7.772104978561401, 7.857776880264282, 8.013516902923584]
{'args': ((22, 0, slice(0, 960, None), slice(None, None, None)),), 'dataset shape': (40, 11, 1921, 2560), 'dataset chunks': (7, 1, 385, 512), 'indexing time (s)': 1.1920928955078125e-06, 'chunk number': 1650, 'reduction time (s)': 8.018358945846558, 'chunks processed': 15, 'storage read (B)': 29686785, 'selection 1 time (s)': 8.01853322982788}
Thread times [0.021830081939697266, 3.698719024658203, 4.588197708129883, 4.735734701156616, 4.738555192947388, 5.0916502475738525, 5.297881126403809, 5.3754870891571045, 5.960761070251465, 6.063948154449463, 6.096525192260742, 7.43529486656189, 7.441809177398682, 7.473086833953857, 7.78243088722229]
{'args': ((23, 0, slice(0, 960, None), slice(None, None, None)),), 'dataset shape': (40, 11, 1921, 2560), 'dataset chunks': (7, 1, 385, 512), 'indexing time (s)': 9.5367431640625e-07, 'chunk number': 1650, 'reduction time (s)': 7.789775133132935, 'chunks processed': 15, 'storage read (B)': 29686785, 'selection 1 time (s)': 7.789951801300049}
Thread times [0.024808883666992188, 4.437146186828613, 4.674769163131714, 4.993792772293091, 5.0576512813568115, 5.247653007507324, 5.354542016983032, 5.8635149002075195, 5.864729881286621, 5.99285888671875, 6.349687099456787, 7.526811361312866, 7.743265151977539, 7.819972991943359, 7.841808080673218]
{'args': ((24, 0, slice(0, 960, None), slice(None, None, None)),), 'dataset shape': (40, 11, 1921, 2560), 'dataset chunks': (7, 1, 385, 512), 'indexing time (s)': 1.9073486328125e-06, 'chunk number': 1650, 'reduction time (s)': 7.847793102264404, 'chunks processed': 15, 'storage read (B)': 29686785, 'selection 1 time (s)': 7.84795880317688}
Thread times [0.01766490936279297, 3.3484559059143066, 3.669778823852539, 4.744147062301636, 4.964530944824219, 5.3705480098724365, 5.65771222114563, 5.737199783325195, 5.904860973358154, 6.001446008682251, 6.992552995681763, 7.232900142669678, 7.31414794921875, 7.546556234359741, 7.87479305267334]
{'args': ((25, 0, slice(0, 960, None), slice(None, None, None)),), 'dataset shape': (40, 11, 1921, 2560), 'dataset chunks': (7, 1, 385, 512), 'indexing time (s)': 1.1920928955078125e-06, 'chunk number': 1650, 'reduction time (s)': 7.880692958831787, 'chunks processed': 15, 'storage read (B)': 29686785, 'selection 1 time (s)': 7.880873918533325}
Thread times [0.0273129940032959, 0.026875019073486328, 2.707122325897217, 3.6304268836975098, 3.945827007293701, 4.181978940963745, 5.210687160491943, 5.396529197692871, 5.474220037460327, 5.570840835571289, 5.639142036437988, 5.815719127655029, 6.384864091873169, 6.426164150238037, 6.814871072769165]
{'args': ((26, 0, slice(0, 960, None), slice(None, None, None)),), 'dataset shape': (40, 11, 1921, 2560), 'dataset chunks': (7, 1, 385, 512), 'indexing time (s)': 9.5367431640625e-07, 'chunk number': 1650, 'reduction time (s)': 6.8212199211120605, 'chunks processed': 15, 'storage read (B)': 29686785, 'selection 1 time (s)': 6.821426153182983}
Thread times [0.024303913116455078, 4.145019292831421, 4.225227117538452, 4.252346992492676, 4.4185569286346436, 5.11561393737793, 5.238990783691406, 5.406469821929932, 5.582237005233765, 5.8602118492126465, 6.593103885650635, 7.260098695755005, 7.351361989974976, 7.472653150558472, 7.474730014801025]
{'args': ((27, 0, slice(0, 960, None), slice(None, None, None)),), 'dataset shape': (40, 11, 1921, 2560), 'dataset chunks': (7, 1, 385, 512), 'indexing time (s)': 1.9073486328125e-06, 'chunk number': 1650, 'reduction time (s)': 7.482799053192139, 'chunks processed': 15, 'storage read (B)': 29686785, 'selection 1 time (s)': 7.4829816818237305}
Thread times [3.054640054702759, 4.169749021530151, 4.190421104431152, 4.881168842315674, 5.159877061843872, 5.38477897644043, 5.511390924453735, 5.5712730884552, 6.180217027664185, 6.594066858291626, 6.680896043777466, 7.076634168624878, 7.4316442012786865, 7.604331970214844, 7.916522979736328]
{'args': ((28, 0, slice(0, 960, None), slice(None, None, None)),), 'dataset shape': (40, 11, 1921, 2560), 'dataset chunks': (7, 1, 385, 512), 'indexing time (s)': 1.1920928955078125e-06, 'chunk number': 1650, 'reduction time (s)': 7.92104697227478, 'chunks processed': 15, 'storage read (B)': 29670387, 'selection 1 time (s)': 7.9211649894714355}
Thread times [0.03133583068847656, 2.9658408164978027, 3.6596462726593018, 4.147670030593872, 4.19851016998291, 4.2693190574646, 4.421478986740112, 4.740600824356079, 5.127715826034546, 5.138346910476685, 5.7106969356536865, 6.485279083251953, 6.649474143981934, 6.85591721534729, 6.913616895675659]
{'args': ((29, 0, slice(0, 960, None), slice(None, None, None)),), 'dataset shape': (40, 11, 1921, 2560), 'dataset chunks': (7, 1, 385, 512), 'indexing time (s)': 9.5367431640625e-07, 'chunk number': 1650, 'reduction time (s)': 6.9184489250183105, 'chunks processed': 15, 'storage read (B)': 29670387, 'selection 1 time (s)': 6.918571949005127}
Thread times [0.020570039749145508, 3.131114959716797, 3.481684923171997, 3.579373836517334, 4.262538194656372, 4.807425022125244, 4.932542085647583, 5.210785150527954, 5.527633905410767, 5.657257080078125, 5.948456764221191, 6.21617317199707, 6.715718984603882, 6.715824842453003, 6.926316022872925]
{'args': ((30, 0, slice(0, 960, None), slice(None, None, None)),), 'dataset shape': (40, 11, 1921, 2560), 'dataset chunks': (7, 1, 385, 512), 'indexing time (s)': 1.1920928955078125e-06, 'chunk number': 1650, 'reduction time (s)': 6.933095932006836, 'chunks processed': 15, 'storage read (B)': 29670387, 'selection 1 time (s)': 6.9332311153411865}
Thread times [0.020070314407348633, 3.2909350395202637, 3.64958119392395, 4.255305051803589, 4.447112798690796, 4.55010199546814, 4.693243026733398, 5.1024088859558105, 5.250151872634888, 5.671015024185181, 5.889576196670532, 6.810659170150757, 6.825778961181641, 6.920751094818115, 7.036977052688599]
{'args': ((31, 0, slice(0, 960, None), slice(None, None, None)),), 'dataset shape': (40, 11, 1921, 2560), 'dataset chunks': (7, 1, 385, 512), 'indexing time (s)': 0.0, 'chunk number': 1650, 'reduction time (s)': 7.0422117710113525, 'chunks processed': 15, 'storage read (B)': 29670387, 'selection 1 time (s)': 7.042331218719482}
Thread times [0.018858909606933594, 2.462759017944336, 3.6799769401550293, 4.6335248947143555, 4.697702884674072, 4.956140041351318, 5.109210252761841, 5.1613850593566895, 5.331685781478882, 5.41057825088501, 5.4455602169036865, 5.750178098678589, 6.480106830596924, 7.089210271835327, 7.115990161895752]
{'args': ((32, 0, slice(0, 960, None), slice(None, None, None)),), 'dataset shape': (40, 11, 1921, 2560), 'dataset chunks': (7, 1, 385, 512), 'indexing time (s)': 1.1920928955078125e-06, 'chunk number': 1650, 'reduction time (s)': 7.12027382850647, 'chunks processed': 15, 'storage read (B)': 29670387, 'selection 1 time (s)': 7.1203858852386475}
Thread times [0.02039504051208496, 3.3597309589385986, 3.4662721157073975, 3.95430588722229, 4.062981843948364, 4.814139127731323, 4.834932804107666, 4.94936203956604, 5.017868995666504, 5.294580936431885, 5.415168046951294, 6.303473949432373, 6.419278144836426, 6.600505113601685, 6.619415044784546]
{'args': ((33, 0, slice(0, 960, None), slice(None, None, None)),), 'dataset shape': (40, 11, 1921, 2560), 'dataset chunks': (7, 1, 385, 512), 'indexing time (s)': 9.5367431640625e-07, 'chunk number': 1650, 'reduction time (s)': 6.626634120941162, 'chunks processed': 15, 'storage read (B)': 29670387, 'selection 1 time (s)': 6.6267478466033936}
Thread times [0.01935410499572754, 3.2299420833587646, 3.67197585105896, 4.066689729690552, 4.075112819671631, 4.463225841522217, 5.195244073867798, 5.371557235717773, 5.374618768692017, 5.44472599029541, 5.729830980300903, 6.714392900466919, 6.868848085403442, 6.872063875198364, 6.950491905212402]
{'args': ((34, 0, slice(0, 960, None), slice(None, None, None)),), 'dataset shape': (40, 11, 1921, 2560), 'dataset chunks': (7, 1, 385, 512), 'indexing time (s)': 9.5367431640625e-07, 'chunk number': 1650, 'reduction time (s)': 6.955229997634888, 'chunks processed': 15, 'storage read (B)': 29670387, 'selection 1 time (s)': 6.955348968505859}
Thread times [2.251044273376465, 2.859344005584717, 3.068406105041504, 3.5341689586639404, 4.1624109745025635, 4.175405263900757, 4.394105911254883, 4.485132217407227, 4.6173388957977295, 4.940503120422363, 4.973033905029297, 5.513201951980591, 5.682640075683594, 6.0881359577178955, 6.094415903091431]
{'args': ((35, 0, slice(0, 960, None), slice(None, None, None)),), 'dataset shape': (40, 11, 1921, 2560), 'dataset chunks': (7, 1, 385, 512), 'indexing time (s)': 0.0, 'chunk number': 1650, 'reduction time (s)': 6.100254058837891, 'chunks processed': 15, 'storage read (B)': 21287473, 'selection 1 time (s)': 6.10041880607605}
Thread times [0.021394729614257812, 2.774554967880249, 3.701716899871826, 3.870482921600342, 4.226456880569458, 4.585507154464722, 4.615719318389893, 4.67983603477478, 5.020952224731445, 5.2497398853302, 5.446639776229858, 5.612403154373169, 5.995250940322876, 6.037250757217407, 6.33393120765686]
{'args': ((36, 0, slice(0, 960, None), slice(None, None, None)),), 'dataset shape': (40, 11, 1921, 2560), 'dataset chunks': (7, 1, 385, 512), 'indexing time (s)': 2.1457672119140625e-06, 'chunk number': 1650, 'reduction time (s)': 6.340713024139404, 'chunks processed': 15, 'storage read (B)': 21287473, 'selection 1 time (s)': 6.3408660888671875}
Thread times [0.018825769424438477, 3.0219101905822754, 3.1101880073547363, 3.4254441261291504, 3.7162880897521973, 3.7376909255981445, 3.9231507778167725, 3.961333990097046, 4.158331871032715, 4.19539475440979, 4.473206996917725, 5.357948064804077, 5.378662109375, 5.6350977420806885, 5.6544270515441895]
{'args': ((37, 0, slice(0, 960, None), slice(None, None, None)),), 'dataset shape': (40, 11, 1921, 2560), 'dataset chunks': (7, 1, 385, 512), 'indexing time (s)': 1.1920928955078125e-06, 'chunk number': 1650, 'reduction time (s)': 5.658185005187988, 'chunks processed': 15, 'storage read (B)': 21287473, 'selection 1 time (s)': 5.658308982849121}
Thread times [0.018540143966674805, 2.2891409397125244, 2.3045220375061035, 3.460513114929199, 3.4739201068878174, 3.903057098388672, 4.07588005065918, 4.13141393661499, 4.258790969848633, 4.578897953033447, 4.749422073364258, 4.819459915161133, 5.145334005355835, 5.396293878555298, 5.427341938018799]
{'args': ((38, 0, slice(0, 960, None), slice(None, None, None)),), 'dataset shape': (40, 11, 1921, 2560), 'dataset chunks': (7, 1, 385, 512), 'indexing time (s)': 9.5367431640625e-07, 'chunk number': 1650, 'reduction time (s)': 5.432469129562378, 'chunks processed': 15, 'storage read (B)': 21287473, 'selection 1 time (s)': 5.432602882385254}
Thread times [0.01699686050415039, 1.981515645980835, 2.9813289642333984, 3.127988338470459, 3.7070960998535156, 3.737213134765625, 4.129891872406006, 4.3172619342803955, 4.373078107833862, 4.878692865371704, 4.993580102920532, 5.148370742797852, 5.298607110977173, 5.546487092971802, 5.5888671875]
{'args': ((39, 0, slice(0, 960, None), slice(None, None, None)),), 'dataset shape': (40, 11, 1921, 2560), 'dataset chunks': (7, 1, 385, 512), 'indexing time (s)': 2.1457672119140625e-06, 'chunk number': 1650, 'reduction time (s)': 5.614965915679932, 'chunks processed': 15, 'storage read (B)': 21287473, 'selection 1 time (s)': 5.615147829055786}
[[226.07817708]
 [226.06473958]
 [225.93763021]
 [225.90807292]
 [225.91736979]
 [225.88453125]
 [225.82075521]
 [225.85440104]
 [225.98325521]
 [226.03804687]
 [226.013125  ]
 [226.02330729]
 [226.03770833]
 [226.00476563]
 [225.91765625]
 [225.94033854]
 [225.98721354]
 [225.91466146]
 [225.81244792]
 [225.81869792]
 [225.84526042]
 [225.78497396]
 [225.63648438]
 [225.55653646]
 [225.45736979]
 [225.32369792]
 [225.16325521]
 [225.07794271]
 [225.0784375 ]
 [225.10666667]
 [225.17609375]
 [225.36877604]
 [225.57911458]
 [225.69080729]
 [225.72231771]
 [225.82369792]
 [225.93658854]
 [225.96765625]
 [225.91864583]
 [225.9225    ]]
Summary:  Uni24-np3:Local (T100,BS5): 6.36s,340.5s,375.2s
