Dataset loaded from S3 with s3fs and Pyfive: bnl/ch330a.pc19790301-def.nc (0.28,1.2e+01)
{'load nc time': 13.798754215240479, 'args': ((0, 0, slice(0, 960, None), slice(None, None, None)),), 'dataset shape': (40, 11, 1921, 2560), 'dataset chunks': (7, 1, 385, 512), 'indexing time (s)': 59.939253091812134, 'chunk number': 1650, 'reduction time (s)': 1.3653769493103027, 'chunks processed': 15, 'storage read (B)': 29685482, 'selection 2 time (s)': 61.31816220283508}
{'args': ((1, 0, slice(0, 960, None), slice(None, None, None)),), 'dataset shape': (40, 11, 1921, 2560), 'dataset chunks': (7, 1, 385, 512), 'indexing time (s)': 1.1920928955078125e-06, 'chunk number': 1650, 'reduction time (s)': 1.5135600566864014, 'chunks processed': 15, 'storage read (B)': 29685482, 'selection 2 time (s)': 1.5328969955444336}
{'args': ((2, 0, slice(0, 960, None), slice(None, None, None)),), 'dataset shape': (40, 11, 1921, 2560), 'dataset chunks': (7, 1, 385, 512), 'indexing time (s)': 1.1920928955078125e-06, 'chunk number': 1650, 'reduction time (s)': 1.9236860275268555, 'chunks processed': 15, 'storage read (B)': 29685482, 'selection 2 time (s)': 1.942561149597168}
{'args': ((3, 0, slice(0, 960, None), slice(None, None, None)),), 'dataset shape': (40, 11, 1921, 2560), 'dataset chunks': (7, 1, 385, 512), 'indexing time (s)': 1.1920928955078125e-06, 'chunk number': 1650, 'reduction time (s)': 1.4386587142944336, 'chunks processed': 15, 'storage read (B)': 29685482, 'selection 2 time (s)': 1.455660104751587}
{'args': ((4, 0, slice(0, 960, None), slice(None, None, None)),), 'dataset shape': (40, 11, 1921, 2560), 'dataset chunks': (7, 1, 385, 512), 'indexing time (s)': 9.5367431640625e-07, 'chunk number': 1650, 'reduction time (s)': 2.290543794631958, 'chunks processed': 15, 'storage read (B)': 29685482, 'selection 2 time (s)': 2.30502986907959}
{'args': ((5, 0, slice(0, 960, None), slice(None, None, None)),), 'dataset shape': (40, 11, 1921, 2560), 'dataset chunks': (7, 1, 385, 512), 'indexing time (s)': 0.0, 'chunk number': 1650, 'reduction time (s)': 2.1412060260772705, 'chunks processed': 15, 'storage read (B)': 29685482, 'selection 2 time (s)': 2.157606840133667}
{'args': ((6, 0, slice(0, 960, None), slice(None, None, None)),), 'dataset shape': (40, 11, 1921, 2560), 'dataset chunks': (7, 1, 385, 512), 'indexing time (s)': 0.0, 'chunk number': 1650, 'reduction time (s)': 2.208534002304077, 'chunks processed': 15, 'storage read (B)': 29685482, 'selection 2 time (s)': 2.225630044937134}
{'args': ((7, 0, slice(0, 960, None), slice(None, None, None)),), 'dataset shape': (40, 11, 1921, 2560), 'dataset chunks': (7, 1, 385, 512), 'indexing time (s)': 1.1920928955078125e-06, 'chunk number': 1650, 'reduction time (s)': 1.9640519618988037, 'chunks processed': 15, 'storage read (B)': 29701892, 'selection 2 time (s)': 1.9797849655151367}
{'args': ((8, 0, slice(0, 960, None), slice(None, None, None)),), 'dataset shape': (40, 11, 1921, 2560), 'dataset chunks': (7, 1, 385, 512), 'indexing time (s)': 1.9073486328125e-06, 'chunk number': 1650, 'reduction time (s)': 1.4300658702850342, 'chunks processed': 15, 'storage read (B)': 29701892, 'selection 2 time (s)': 1.450613021850586}
{'args': ((9, 0, slice(0, 960, None), slice(None, None, None)),), 'dataset shape': (40, 11, 1921, 2560), 'dataset chunks': (7, 1, 385, 512), 'indexing time (s)': 1.1920928955078125e-06, 'chunk number': 1650, 'reduction time (s)': 2.0503318309783936, 'chunks processed': 15, 'storage read (B)': 29701892, 'selection 2 time (s)': 2.0692310333251953}
{'args': ((10, 0, slice(0, 960, None), slice(None, None, None)),), 'dataset shape': (40, 11, 1921, 2560), 'dataset chunks': (7, 1, 385, 512), 'indexing time (s)': 9.5367431640625e-07, 'chunk number': 1650, 'reduction time (s)': 2.1283349990844727, 'chunks processed': 15, 'storage read (B)': 29701892, 'selection 2 time (s)': 2.1427788734436035}
{'args': ((11, 0, slice(0, 960, None), slice(None, None, None)),), 'dataset shape': (40, 11, 1921, 2560), 'dataset chunks': (7, 1, 385, 512), 'indexing time (s)': 0.0, 'chunk number': 1650, 'reduction time (s)': 1.6302409172058105, 'chunks processed': 15, 'storage read (B)': 29701892, 'selection 2 time (s)': 1.6502482891082764}
{'args': ((12, 0, slice(0, 960, None), slice(None, None, None)),), 'dataset shape': (40, 11, 1921, 2560), 'dataset chunks': (7, 1, 385, 512), 'indexing time (s)': 0.0, 'chunk number': 1650, 'reduction time (s)': 1.9178409576416016, 'chunks processed': 15, 'storage read (B)': 29701892, 'selection 2 time (s)': 1.9344332218170166}
{'args': ((13, 0, slice(0, 960, None), slice(None, None, None)),), 'dataset shape': (40, 11, 1921, 2560), 'dataset chunks': (7, 1, 385, 512), 'indexing time (s)': 7.152557373046875e-07, 'chunk number': 1650, 'reduction time (s)': 1.8338432312011719, 'chunks processed': 15, 'storage read (B)': 29701892, 'selection 2 time (s)': 1.8442997932434082}
{'args': ((14, 0, slice(0, 960, None), slice(None, None, None)),), 'dataset shape': (40, 11, 1921, 2560), 'dataset chunks': (7, 1, 385, 512), 'indexing time (s)': 9.5367431640625e-07, 'chunk number': 1650, 'reduction time (s)': 0.9949989318847656, 'chunks processed': 15, 'storage read (B)': 29733505, 'selection 2 time (s)': 1.011023759841919}
{'args': ((15, 0, slice(0, 960, None), slice(None, None, None)),), 'dataset shape': (40, 11, 1921, 2560), 'dataset chunks': (7, 1, 385, 512), 'indexing time (s)': 0.0, 'chunk number': 1650, 'reduction time (s)': 1.474898099899292, 'chunks processed': 15, 'storage read (B)': 29733505, 'selection 2 time (s)': 1.4934210777282715}
{'args': ((16, 0, slice(0, 960, None), slice(None, None, None)),), 'dataset shape': (40, 11, 1921, 2560), 'dataset chunks': (7, 1, 385, 512), 'indexing time (s)': 0.0, 'chunk number': 1650, 'reduction time (s)': 1.5649418830871582, 'chunks processed': 15, 'storage read (B)': 29733505, 'selection 2 time (s)': 1.5775840282440186}
{'args': ((17, 0, slice(0, 960, None), slice(None, None, None)),), 'dataset shape': (40, 11, 1921, 2560), 'dataset chunks': (7, 1, 385, 512), 'indexing time (s)': 0.0, 'chunk number': 1650, 'reduction time (s)': 1.1698811054229736, 'chunks processed': 15, 'storage read (B)': 29733505, 'selection 2 time (s)': 1.1849899291992188}
{'args': ((18, 0, slice(0, 960, None), slice(None, None, None)),), 'dataset shape': (40, 11, 1921, 2560), 'dataset chunks': (7, 1, 385, 512), 'indexing time (s)': 9.5367431640625e-07, 'chunk number': 1650, 'reduction time (s)': 1.945436954498291, 'chunks processed': 15, 'storage read (B)': 29733505, 'selection 2 time (s)': 1.966407060623169}
{'args': ((19, 0, slice(0, 960, None), slice(None, None, None)),), 'dataset shape': (40, 11, 1921, 2560), 'dataset chunks': (7, 1, 385, 512), 'indexing time (s)': 1.1920928955078125e-06, 'chunk number': 1650, 'reduction time (s)': 1.271162748336792, 'chunks processed': 15, 'storage read (B)': 29733505, 'selection 2 time (s)': 1.2905569076538086}
{'args': ((20, 0, slice(0, 960, None), slice(None, None, None)),), 'dataset shape': (40, 11, 1921, 2560), 'dataset chunks': (7, 1, 385, 512), 'indexing time (s)': 1.1920928955078125e-06, 'chunk number': 1650, 'reduction time (s)': 1.244852066040039, 'chunks processed': 15, 'storage read (B)': 29733505, 'selection 2 time (s)': 1.2619960308074951}
{'args': ((21, 0, slice(0, 960, None), slice(None, None, None)),), 'dataset shape': (40, 11, 1921, 2560), 'dataset chunks': (7, 1, 385, 512), 'indexing time (s)': 9.5367431640625e-07, 'chunk number': 1650, 'reduction time (s)': 2.2073748111724854, 'chunks processed': 15, 'storage read (B)': 29686785, 'selection 2 time (s)': 2.228691816329956}
{'args': ((22, 0, slice(0, 960, None), slice(None, None, None)),), 'dataset shape': (40, 11, 1921, 2560), 'dataset chunks': (7, 1, 385, 512), 'indexing time (s)': 2.1457672119140625e-06, 'chunk number': 1650, 'reduction time (s)': 1.5981340408325195, 'chunks processed': 15, 'storage read (B)': 29686785, 'selection 2 time (s)': 1.612645149230957}
{'args': ((23, 0, slice(0, 960, None), slice(None, None, None)),), 'dataset shape': (40, 11, 1921, 2560), 'dataset chunks': (7, 1, 385, 512), 'indexing time (s)': 9.5367431640625e-07, 'chunk number': 1650, 'reduction time (s)': 1.5759587287902832, 'chunks processed': 15, 'storage read (B)': 29686785, 'selection 2 time (s)': 1.5939390659332275}
{'args': ((24, 0, slice(0, 960, None), slice(None, None, None)),), 'dataset shape': (40, 11, 1921, 2560), 'dataset chunks': (7, 1, 385, 512), 'indexing time (s)': 9.5367431640625e-07, 'chunk number': 1650, 'reduction time (s)': 1.431823968887329, 'chunks processed': 15, 'storage read (B)': 29686785, 'selection 2 time (s)': 1.4399609565734863}
{'args': ((25, 0, slice(0, 960, None), slice(None, None, None)),), 'dataset shape': (40, 11, 1921, 2560), 'dataset chunks': (7, 1, 385, 512), 'indexing time (s)': 0.0, 'chunk number': 1650, 'reduction time (s)': 2.1060352325439453, 'chunks processed': 15, 'storage read (B)': 29686785, 'selection 2 time (s)': 2.1142148971557617}
{'args': ((26, 0, slice(0, 960, None), slice(None, None, None)),), 'dataset shape': (40, 11, 1921, 2560), 'dataset chunks': (7, 1, 385, 512), 'indexing time (s)': 0.0, 'chunk number': 1650, 'reduction time (s)': 2.0856471061706543, 'chunks processed': 15, 'storage read (B)': 29686785, 'selection 2 time (s)': 2.096179962158203}
{'args': ((27, 0, slice(0, 960, None), slice(None, None, None)),), 'dataset shape': (40, 11, 1921, 2560), 'dataset chunks': (7, 1, 385, 512), 'indexing time (s)': 9.5367431640625e-07, 'chunk number': 1650, 'reduction time (s)': 2.1117002964019775, 'chunks processed': 15, 'storage read (B)': 29686785, 'selection 2 time (s)': 2.1262519359588623}
{'args': ((28, 0, slice(0, 960, None), slice(None, None, None)),), 'dataset shape': (40, 11, 1921, 2560), 'dataset chunks': (7, 1, 385, 512), 'indexing time (s)': 0.0, 'chunk number': 1650, 'reduction time (s)': 1.982478141784668, 'chunks processed': 15, 'storage read (B)': 29670387, 'selection 2 time (s)': 1.9897310733795166}
{'args': ((29, 0, slice(0, 960, None), slice(None, None, None)),), 'dataset shape': (40, 11, 1921, 2560), 'dataset chunks': (7, 1, 385, 512), 'indexing time (s)': 1.1920928955078125e-06, 'chunk number': 1650, 'reduction time (s)': 2.1024088859558105, 'chunks processed': 15, 'storage read (B)': 29670387, 'selection 2 time (s)': 2.111342191696167}
{'args': ((30, 0, slice(0, 960, None), slice(None, None, None)),), 'dataset shape': (40, 11, 1921, 2560), 'dataset chunks': (7, 1, 385, 512), 'indexing time (s)': 9.5367431640625e-07, 'chunk number': 1650, 'reduction time (s)': 1.8121099472045898, 'chunks processed': 15, 'storage read (B)': 29670387, 'selection 2 time (s)': 1.8305621147155762}
{'args': ((31, 0, slice(0, 960, None), slice(None, None, None)),), 'dataset shape': (40, 11, 1921, 2560), 'dataset chunks': (7, 1, 385, 512), 'indexing time (s)': 9.5367431640625e-07, 'chunk number': 1650, 'reduction time (s)': 1.2785758972167969, 'chunks processed': 15, 'storage read (B)': 29670387, 'selection 2 time (s)': 1.2962658405303955}
{'args': ((32, 0, slice(0, 960, None), slice(None, None, None)),), 'dataset shape': (40, 11, 1921, 2560), 'dataset chunks': (7, 1, 385, 512), 'indexing time (s)': 9.5367431640625e-07, 'chunk number': 1650, 'reduction time (s)': 2.2323451042175293, 'chunks processed': 15, 'storage read (B)': 29670387, 'selection 2 time (s)': 2.245636224746704}
{'args': ((33, 0, slice(0, 960, None), slice(None, None, None)),), 'dataset shape': (40, 11, 1921, 2560), 'dataset chunks': (7, 1, 385, 512), 'indexing time (s)': 0.0, 'chunk number': 1650, 'reduction time (s)': 2.101253032684326, 'chunks processed': 15, 'storage read (B)': 29670387, 'selection 2 time (s)': 2.1188979148864746}
{'args': ((34, 0, slice(0, 960, None), slice(None, None, None)),), 'dataset shape': (40, 11, 1921, 2560), 'dataset chunks': (7, 1, 385, 512), 'indexing time (s)': 1.1920928955078125e-06, 'chunk number': 1650, 'reduction time (s)': 1.1756038665771484, 'chunks processed': 15, 'storage read (B)': 29670387, 'selection 2 time (s)': 1.1872808933258057}
{'args': ((35, 0, slice(0, 960, None), slice(None, None, None)),), 'dataset shape': (40, 11, 1921, 2560), 'dataset chunks': (7, 1, 385, 512), 'indexing time (s)': 1.1920928955078125e-06, 'chunk number': 1650, 'reduction time (s)': 1.8309359550476074, 'chunks processed': 15, 'storage read (B)': 21287473, 'selection 2 time (s)': 1.8415601253509521}
{'args': ((36, 0, slice(0, 960, None), slice(None, None, None)),), 'dataset shape': (40, 11, 1921, 2560), 'dataset chunks': (7, 1, 385, 512), 'indexing time (s)': 0.0, 'chunk number': 1650, 'reduction time (s)': 1.6899709701538086, 'chunks processed': 15, 'storage read (B)': 21287473, 'selection 2 time (s)': 1.7095561027526855}
{'args': ((37, 0, slice(0, 960, None), slice(None, None, None)),), 'dataset shape': (40, 11, 1921, 2560), 'dataset chunks': (7, 1, 385, 512), 'indexing time (s)': 1.9073486328125e-06, 'chunk number': 1650, 'reduction time (s)': 1.9544677734375, 'chunks processed': 15, 'storage read (B)': 21287473, 'selection 2 time (s)': 1.9676921367645264}
{'args': ((38, 0, slice(0, 960, None), slice(None, None, None)),), 'dataset shape': (40, 11, 1921, 2560), 'dataset chunks': (7, 1, 385, 512), 'indexing time (s)': 1.1920928955078125e-06, 'chunk number': 1650, 'reduction time (s)': 1.3208839893341064, 'chunks processed': 15, 'storage read (B)': 21287473, 'selection 2 time (s)': 1.3348720073699951}
{'args': ((39, 0, slice(0, 960, None), slice(None, None, None)),), 'dataset shape': (40, 11, 1921, 2560), 'dataset chunks': (7, 1, 385, 512), 'indexing time (s)': 1.1920928955078125e-06, 'chunk number': 1650, 'reduction time (s)': 2.1333539485931396, 'chunks processed': 15, 'storage read (B)': 21287473, 'selection 2 time (s)': 2.1493639945983887}
[[226.07822917]
 [226.0646875 ]
 [225.93776042]
 [225.90822917]
 [225.91736979]
 [225.88460937]
 [225.82078125]
 [225.85434896]
 [225.9834375 ]
 [226.03822917]
 [226.01320312]
 [226.02335938]
 [226.03768229]
 [226.00486979]
 [225.91776042]
 [225.94033854]
 [225.98726562]
 [225.91450521]
 [225.81236979]
 [225.81890625]
 [225.8453125 ]
 [225.785     ]
 [225.63645833]
 [225.5565625 ]
 [225.45744792]
 [225.32382813]
 [225.16335937]
 [225.07786458]
 [225.07846354]
 [225.10666667]
 [225.17609375]
 [225.36867187]
 [225.57924479]
 [225.69085938]
 [225.72221354]
 [225.82369792]
 [225.93640625]
 [225.96763021]
 [225.91872396]
 [225.92236979]]
Summary:  Hm1:Active (T100,BS5): 13.8s,70.23s,144.6s
