Dataset loaded from S3 with s3fs and Pyfive: bnl/ch330a.pc19790301-def.nc (0.2,4.7)
{'load nc time': 5.384765863418579, 'args': ((0, 0, slice(0, 960, None), slice(None, None, None)),), 'dataset shape': (40, 11, 1921, 2560), 'dataset chunks': (7, 1, 385, 512), 'indexing time (s)': 18.9978129863739, 'chunk number': 1650, 'reduction time (s)': 4.00058126449585, 'chunks processed': 15, 'storage read (B)': 29685482, 'selection 2 time (s)': 23.00072193145752}
{'args': ((1, 0, slice(0, 960, None), slice(None, None, None)),), 'dataset shape': (40, 11, 1921, 2560), 'dataset chunks': (7, 1, 385, 512), 'indexing time (s)': 9.5367431640625e-07, 'chunk number': 1650, 'reduction time (s)': 3.794193983078003, 'chunks processed': 15, 'storage read (B)': 29685482, 'selection 2 time (s)': 3.7966549396514893}
{'args': ((2, 0, slice(0, 960, None), slice(None, None, None)),), 'dataset shape': (40, 11, 1921, 2560), 'dataset chunks': (7, 1, 385, 512), 'indexing time (s)': 3.0994415283203125e-06, 'chunk number': 1650, 'reduction time (s)': 4.305057048797607, 'chunks processed': 15, 'storage read (B)': 29685482, 'selection 2 time (s)': 4.31047797203064}
{'args': ((3, 0, slice(0, 960, None), slice(None, None, None)),), 'dataset shape': (40, 11, 1921, 2560), 'dataset chunks': (7, 1, 385, 512), 'indexing time (s)': 1.9073486328125e-06, 'chunk number': 1650, 'reduction time (s)': 4.391796827316284, 'chunks processed': 15, 'storage read (B)': 29685482, 'selection 2 time (s)': 4.397480010986328}
{'args': ((4, 0, slice(0, 960, None), slice(None, None, None)),), 'dataset shape': (40, 11, 1921, 2560), 'dataset chunks': (7, 1, 385, 512), 'indexing time (s)': 9.5367431640625e-07, 'chunk number': 1650, 'reduction time (s)': 4.165866136550903, 'chunks processed': 15, 'storage read (B)': 29685482, 'selection 2 time (s)': 4.166953802108765}
{'args': ((5, 0, slice(0, 960, None), slice(None, None, None)),), 'dataset shape': (40, 11, 1921, 2560), 'dataset chunks': (7, 1, 385, 512), 'indexing time (s)': 9.5367431640625e-07, 'chunk number': 1650, 'reduction time (s)': 3.950733184814453, 'chunks processed': 15, 'storage read (B)': 29685482, 'selection 2 time (s)': 3.952571153640747}
{'args': ((6, 0, slice(0, 960, None), slice(None, None, None)),), 'dataset shape': (40, 11, 1921, 2560), 'dataset chunks': (7, 1, 385, 512), 'indexing time (s)': 1.9073486328125e-06, 'chunk number': 1650, 'reduction time (s)': 4.14648699760437, 'chunks processed': 15, 'storage read (B)': 29685482, 'selection 2 time (s)': 4.15082311630249}
{'args': ((7, 0, slice(0, 960, None), slice(None, None, None)),), 'dataset shape': (40, 11, 1921, 2560), 'dataset chunks': (7, 1, 385, 512), 'indexing time (s)': 2.1457672119140625e-06, 'chunk number': 1650, 'reduction time (s)': 4.113038063049316, 'chunks processed': 15, 'storage read (B)': 29701892, 'selection 2 time (s)': 4.116252899169922}
{'args': ((8, 0, slice(0, 960, None), slice(None, None, None)),), 'dataset shape': (40, 11, 1921, 2560), 'dataset chunks': (7, 1, 385, 512), 'indexing time (s)': 2.1457672119140625e-06, 'chunk number': 1650, 'reduction time (s)': 3.799320936203003, 'chunks processed': 15, 'storage read (B)': 29701892, 'selection 2 time (s)': 3.802280902862549}
{'args': ((9, 0, slice(0, 960, None), slice(None, None, None)),), 'dataset shape': (40, 11, 1921, 2560), 'dataset chunks': (7, 1, 385, 512), 'indexing time (s)': 2.1457672119140625e-06, 'chunk number': 1650, 'reduction time (s)': 4.485120058059692, 'chunks processed': 15, 'storage read (B)': 29701892, 'selection 2 time (s)': 4.489480972290039}
{'args': ((10, 0, slice(0, 960, None), slice(None, None, None)),), 'dataset shape': (40, 11, 1921, 2560), 'dataset chunks': (7, 1, 385, 512), 'indexing time (s)': 7.152557373046875e-07, 'chunk number': 1650, 'reduction time (s)': 3.803683042526245, 'chunks processed': 15, 'storage read (B)': 29701892, 'selection 2 time (s)': 3.808382987976074}
{'args': ((11, 0, slice(0, 960, None), slice(None, None, None)),), 'dataset shape': (40, 11, 1921, 2560), 'dataset chunks': (7, 1, 385, 512), 'indexing time (s)': 2.1457672119140625e-06, 'chunk number': 1650, 'reduction time (s)': 4.8392908573150635, 'chunks processed': 15, 'storage read (B)': 29701892, 'selection 2 time (s)': 4.841776132583618}
{'args': ((12, 0, slice(0, 960, None), slice(None, None, None)),), 'dataset shape': (40, 11, 1921, 2560), 'dataset chunks': (7, 1, 385, 512), 'indexing time (s)': 3.0994415283203125e-06, 'chunk number': 1650, 'reduction time (s)': 3.9116909503936768, 'chunks processed': 15, 'storage read (B)': 29701892, 'selection 2 time (s)': 3.9139232635498047}
{'args': ((13, 0, slice(0, 960, None), slice(None, None, None)),), 'dataset shape': (40, 11, 1921, 2560), 'dataset chunks': (7, 1, 385, 512), 'indexing time (s)': 9.5367431640625e-07, 'chunk number': 1650, 'reduction time (s)': 3.496440887451172, 'chunks processed': 15, 'storage read (B)': 29701892, 'selection 2 time (s)': 3.49904203414917}
{'args': ((14, 0, slice(0, 960, None), slice(None, None, None)),), 'dataset shape': (40, 11, 1921, 2560), 'dataset chunks': (7, 1, 385, 512), 'indexing time (s)': 9.5367431640625e-07, 'chunk number': 1650, 'reduction time (s)': 3.5868918895721436, 'chunks processed': 15, 'storage read (B)': 29733505, 'selection 2 time (s)': 3.5897231101989746}
{'args': ((15, 0, slice(0, 960, None), slice(None, None, None)),), 'dataset shape': (40, 11, 1921, 2560), 'dataset chunks': (7, 1, 385, 512), 'indexing time (s)': 2.1457672119140625e-06, 'chunk number': 1650, 'reduction time (s)': 3.587339162826538, 'chunks processed': 15, 'storage read (B)': 29733505, 'selection 2 time (s)': 3.590628147125244}
{'args': ((16, 0, slice(0, 960, None), slice(None, None, None)),), 'dataset shape': (40, 11, 1921, 2560), 'dataset chunks': (7, 1, 385, 512), 'indexing time (s)': 9.5367431640625e-07, 'chunk number': 1650, 'reduction time (s)': 3.8875510692596436, 'chunks processed': 15, 'storage read (B)': 29733505, 'selection 2 time (s)': 3.8896901607513428}
{'args': ((17, 0, slice(0, 960, None), slice(None, None, None)),), 'dataset shape': (40, 11, 1921, 2560), 'dataset chunks': (7, 1, 385, 512), 'indexing time (s)': 1.9073486328125e-06, 'chunk number': 1650, 'reduction time (s)': 3.8168129920959473, 'chunks processed': 15, 'storage read (B)': 29733505, 'selection 2 time (s)': 3.819409132003784}
{'args': ((18, 0, slice(0, 960, None), slice(None, None, None)),), 'dataset shape': (40, 11, 1921, 2560), 'dataset chunks': (7, 1, 385, 512), 'indexing time (s)': 9.5367431640625e-07, 'chunk number': 1650, 'reduction time (s)': 3.7722859382629395, 'chunks processed': 15, 'storage read (B)': 29733505, 'selection 2 time (s)': 3.7752389907836914}
{'args': ((19, 0, slice(0, 960, None), slice(None, None, None)),), 'dataset shape': (40, 11, 1921, 2560), 'dataset chunks': (7, 1, 385, 512), 'indexing time (s)': 2.1457672119140625e-06, 'chunk number': 1650, 'reduction time (s)': 3.769767999649048, 'chunks processed': 15, 'storage read (B)': 29733505, 'selection 2 time (s)': 3.772273063659668}
{'args': ((20, 0, slice(0, 960, None), slice(None, None, None)),), 'dataset shape': (40, 11, 1921, 2560), 'dataset chunks': (7, 1, 385, 512), 'indexing time (s)': 9.5367431640625e-07, 'chunk number': 1650, 'reduction time (s)': 3.730386972427368, 'chunks processed': 15, 'storage read (B)': 29733505, 'selection 2 time (s)': 3.7337958812713623}
{'args': ((21, 0, slice(0, 960, None), slice(None, None, None)),), 'dataset shape': (40, 11, 1921, 2560), 'dataset chunks': (7, 1, 385, 512), 'indexing time (s)': 2.1457672119140625e-06, 'chunk number': 1650, 'reduction time (s)': 4.111109733581543, 'chunks processed': 15, 'storage read (B)': 29686785, 'selection 2 time (s)': 4.115488052368164}
{'args': ((22, 0, slice(0, 960, None), slice(None, None, None)),), 'dataset shape': (40, 11, 1921, 2560), 'dataset chunks': (7, 1, 385, 512), 'indexing time (s)': 2.1457672119140625e-06, 'chunk number': 1650, 'reduction time (s)': 4.138876914978027, 'chunks processed': 15, 'storage read (B)': 29686785, 'selection 2 time (s)': 4.142480134963989}
{'args': ((23, 0, slice(0, 960, None), slice(None, None, None)),), 'dataset shape': (40, 11, 1921, 2560), 'dataset chunks': (7, 1, 385, 512), 'indexing time (s)': 2.1457672119140625e-06, 'chunk number': 1650, 'reduction time (s)': 3.669419050216675, 'chunks processed': 15, 'storage read (B)': 29686785, 'selection 2 time (s)': 3.67047119140625}
{'args': ((24, 0, slice(0, 960, None), slice(None, None, None)),), 'dataset shape': (40, 11, 1921, 2560), 'dataset chunks': (7, 1, 385, 512), 'indexing time (s)': 0.0, 'chunk number': 1650, 'reduction time (s)': 4.5128889083862305, 'chunks processed': 15, 'storage read (B)': 29686785, 'selection 2 time (s)': 4.515216112136841}
{'args': ((25, 0, slice(0, 960, None), slice(None, None, None)),), 'dataset shape': (40, 11, 1921, 2560), 'dataset chunks': (7, 1, 385, 512), 'indexing time (s)': 1.1920928955078125e-06, 'chunk number': 1650, 'reduction time (s)': 3.8195548057556152, 'chunks processed': 15, 'storage read (B)': 29686785, 'selection 2 time (s)': 3.822273015975952}
{'args': ((26, 0, slice(0, 960, None), slice(None, None, None)),), 'dataset shape': (40, 11, 1921, 2560), 'dataset chunks': (7, 1, 385, 512), 'indexing time (s)': 9.5367431640625e-07, 'chunk number': 1650, 'reduction time (s)': 4.013462066650391, 'chunks processed': 15, 'storage read (B)': 29686785, 'selection 2 time (s)': 4.015522003173828}
{'args': ((27, 0, slice(0, 960, None), slice(None, None, None)),), 'dataset shape': (40, 11, 1921, 2560), 'dataset chunks': (7, 1, 385, 512), 'indexing time (s)': 9.5367431640625e-07, 'chunk number': 1650, 'reduction time (s)': 3.749037742614746, 'chunks processed': 15, 'storage read (B)': 29686785, 'selection 2 time (s)': 3.7501630783081055}
{'args': ((28, 0, slice(0, 960, None), slice(None, None, None)),), 'dataset shape': (40, 11, 1921, 2560), 'dataset chunks': (7, 1, 385, 512), 'indexing time (s)': 0.0, 'chunk number': 1650, 'reduction time (s)': 3.966987133026123, 'chunks processed': 15, 'storage read (B)': 29670387, 'selection 2 time (s)': 3.969147205352783}
{'args': ((29, 0, slice(0, 960, None), slice(None, None, None)),), 'dataset shape': (40, 11, 1921, 2560), 'dataset chunks': (7, 1, 385, 512), 'indexing time (s)': 1.6689300537109375e-06, 'chunk number': 1650, 'reduction time (s)': 4.141024112701416, 'chunks processed': 15, 'storage read (B)': 29670387, 'selection 2 time (s)': 4.143738031387329}
{'args': ((30, 0, slice(0, 960, None), slice(None, None, None)),), 'dataset shape': (40, 11, 1921, 2560), 'dataset chunks': (7, 1, 385, 512), 'indexing time (s)': 9.5367431640625e-07, 'chunk number': 1650, 'reduction time (s)': 5.035457134246826, 'chunks processed': 15, 'storage read (B)': 29670387, 'selection 2 time (s)': 5.039041996002197}
{'args': ((31, 0, slice(0, 960, None), slice(None, None, None)),), 'dataset shape': (40, 11, 1921, 2560), 'dataset chunks': (7, 1, 385, 512), 'indexing time (s)': 9.5367431640625e-07, 'chunk number': 1650, 'reduction time (s)': 4.256946086883545, 'chunks processed': 15, 'storage read (B)': 29670387, 'selection 2 time (s)': 4.259378910064697}
{'args': ((32, 0, slice(0, 960, None), slice(None, None, None)),), 'dataset shape': (40, 11, 1921, 2560), 'dataset chunks': (7, 1, 385, 512), 'indexing time (s)': 1.1920928955078125e-06, 'chunk number': 1650, 'reduction time (s)': 4.067222833633423, 'chunks processed': 15, 'storage read (B)': 29670387, 'selection 2 time (s)': 4.070268869400024}
{'args': ((33, 0, slice(0, 960, None), slice(None, None, None)),), 'dataset shape': (40, 11, 1921, 2560), 'dataset chunks': (7, 1, 385, 512), 'indexing time (s)': 9.5367431640625e-07, 'chunk number': 1650, 'reduction time (s)': 4.369495153427124, 'chunks processed': 15, 'storage read (B)': 29670387, 'selection 2 time (s)': 4.372248888015747}
{'args': ((34, 0, slice(0, 960, None), slice(None, None, None)),), 'dataset shape': (40, 11, 1921, 2560), 'dataset chunks': (7, 1, 385, 512), 'indexing time (s)': 2.1457672119140625e-06, 'chunk number': 1650, 'reduction time (s)': 3.9935779571533203, 'chunks processed': 15, 'storage read (B)': 29670387, 'selection 2 time (s)': 3.9970896244049072}
{'args': ((35, 0, slice(0, 960, None), slice(None, None, None)),), 'dataset shape': (40, 11, 1921, 2560), 'dataset chunks': (7, 1, 385, 512), 'indexing time (s)': 2.1457672119140625e-06, 'chunk number': 1650, 'reduction time (s)': 4.128875017166138, 'chunks processed': 15, 'storage read (B)': 21287473, 'selection 2 time (s)': 4.131646156311035}
{'args': ((36, 0, slice(0, 960, None), slice(None, None, None)),), 'dataset shape': (40, 11, 1921, 2560), 'dataset chunks': (7, 1, 385, 512), 'indexing time (s)': 1.9073486328125e-06, 'chunk number': 1650, 'reduction time (s)': 3.469992160797119, 'chunks processed': 15, 'storage read (B)': 21287473, 'selection 2 time (s)': 3.4732778072357178}
{'args': ((37, 0, slice(0, 960, None), slice(None, None, None)),), 'dataset shape': (40, 11, 1921, 2560), 'dataset chunks': (7, 1, 385, 512), 'indexing time (s)': 9.5367431640625e-07, 'chunk number': 1650, 'reduction time (s)': 3.4529969692230225, 'chunks processed': 15, 'storage read (B)': 21287473, 'selection 2 time (s)': 3.4556210041046143}
{'args': ((38, 0, slice(0, 960, None), slice(None, None, None)),), 'dataset shape': (40, 11, 1921, 2560), 'dataset chunks': (7, 1, 385, 512), 'indexing time (s)': 9.5367431640625e-07, 'chunk number': 1650, 'reduction time (s)': 3.912855863571167, 'chunks processed': 15, 'storage read (B)': 21287473, 'selection 2 time (s)': 3.91579008102417}
{'args': ((39, 0, slice(0, 960, None), slice(None, None, None)),), 'dataset shape': (40, 11, 1921, 2560), 'dataset chunks': (7, 1, 385, 512), 'indexing time (s)': 2.1457672119140625e-06, 'chunk number': 1650, 'reduction time (s)': 4.403157949447632, 'chunks processed': 15, 'storage read (B)': 21287473, 'selection 2 time (s)': 4.405797958374023}
[[226.07820312]
 [226.0646875 ]
 [225.93776042]
 [225.90820312]
 [225.91739583]
 [225.88460937]
 [225.82080729]
 [225.85434896]
 [225.9834375 ]
 [226.03822917]
 [226.01317708]
 [226.02333333]
 [226.03765625]
 [226.00486979]
 [225.91778646]
 [225.9403125 ]
 [225.98729167]
 [225.91450521]
 [225.81239583]
 [225.81890625]
 [225.8453125 ]
 [225.785     ]
 [225.63648438]
 [225.5565625 ]
 [225.45744792]
 [225.32382813]
 [225.16335937]
 [225.07786458]
 [225.07846354]
 [225.10669271]
 [225.17606771]
 [225.36867187]
 [225.57927083]
 [225.69083333]
 [225.7221875 ]
 [225.82367188]
 [225.93640625]
 [225.96760417]
 [225.91875   ]
 [225.92236979]]
Summary:  Hm1:Active (T1,BS1): 5.38s,160.6s,185.1s
