Dataset loaded from S3 with s3fs and Pyfive: bnl/ch330a.pc19790301-def.nc (0.082,3.3)
Thread times [0.13091087341308594, 0.06497788429260254, 0.09639406204223633, 0.1817939281463623, 0.19140291213989258, 0.10655593872070312, 0.10713601112365723, 0.11928677558898926, 0.32244300842285156, 0.20333313941955566, 0.12081003189086914, 0.2286999225616455, 0.17524981498718262, 0.09856986999511719, 0.10857081413269043]
{'load nc time': 4.151505708694458, 'args': ((0, 0, slice(0, 960, None), slice(None, None, None)),), 'dataset shape': (40, 11, 1921, 2560), 'dataset chunks': (7, 1, 385, 512), 'indexing time (s)': 18.348317861557007, 'chunk number': 1650, 'reduction time (s)': 2.2576420307159424, 'chunks processed': 15, 'storage read (B)': 29685482, 'selection 2 time (s)': 20.608698844909668}
Thread times [0.1417086124420166, 0.06628775596618652, 0.10277676582336426, 0.08138227462768555, 0.12125325202941895, 0.09834599494934082, 0.12409210205078125, 0.09984374046325684, 0.78318190574646, 0.26454877853393555, 0.09389877319335938, 0.42938804626464844, 0.10212302207946777, 0.11741805076599121, 0.0906059741973877]
{'args': ((1, 0, slice(0, 960, None), slice(None, None, None)),), 'dataset shape': (40, 11, 1921, 2560), 'dataset chunks': (7, 1, 385, 512), 'indexing time (s)': 2.1457672119140625e-06, 'chunk number': 1650, 'reduction time (s)': 2.7185096740722656, 'chunks processed': 15, 'storage read (B)': 29685482, 'selection 2 time (s)': 2.7216241359710693}
Thread times [0.3106091022491455, 0.24689197540283203, 0.17685604095458984, 0.07666301727294922, 0.10527706146240234, 0.10184097290039062, 0.13031482696533203, 0.11052680015563965, 0.22383689880371094, 0.1049189567565918, 0.09003901481628418, 0.22672224044799805, 0.07997322082519531, 0.09638595581054688, 0.0878300666809082]
{'args': ((2, 0, slice(0, 960, None), slice(None, None, None)),), 'dataset shape': (40, 11, 1921, 2560), 'dataset chunks': (7, 1, 385, 512), 'indexing time (s)': 1.9073486328125e-06, 'chunk number': 1650, 'reduction time (s)': 2.170060634613037, 'chunks processed': 15, 'storage read (B)': 29685482, 'selection 2 time (s)': 2.172273874282837}
Thread times [0.20207500457763672, 0.07083487510681152, 0.08077001571655273, 0.08136105537414551, 0.08670425415039062, 0.13751602172851562, 0.09712696075439453, 0.09302568435668945, 0.3821980953216553, 0.17495083808898926, 0.30083417892456055, 0.22769999504089355, 0.09618878364562988, 0.19964599609375, 0.14522385597229004]
{'args': ((3, 0, slice(0, 960, None), slice(None, None, None)),), 'dataset shape': (40, 11, 1921, 2560), 'dataset chunks': (7, 1, 385, 512), 'indexing time (s)': 1.9073486328125e-06, 'chunk number': 1650, 'reduction time (s)': 2.3778040409088135, 'chunks processed': 15, 'storage read (B)': 29685482, 'selection 2 time (s)': 2.380566120147705}
Thread times [0.12405824661254883, 0.08866524696350098, 0.16346287727355957, 0.08065390586853027, 0.08783078193664551, 0.09280896186828613, 0.09174084663391113, 0.17008686065673828, 0.30534911155700684, 0.0917360782623291, 0.12818193435668945, 0.29199886322021484, 0.0976572036743164, 0.13323187828063965, 0.10035490989685059]
{'args': ((4, 0, slice(0, 960, None), slice(None, None, None)),), 'dataset shape': (40, 11, 1921, 2560), 'dataset chunks': (7, 1, 385, 512), 'indexing time (s)': 2.1457672119140625e-06, 'chunk number': 1650, 'reduction time (s)': 2.049398899078369, 'chunks processed': 15, 'storage read (B)': 29685482, 'selection 2 time (s)': 2.0517020225524902}
Thread times [0.13701200485229492, 0.06452012062072754, 0.07976984977722168, 0.13973712921142578, 0.14104509353637695, 0.09593319892883301, 0.09565281867980957, 0.1919240951538086, 0.2540402412414551, 0.26983094215393066, 0.09703803062438965, 0.24271607398986816, 0.18326807022094727, 0.09758496284484863, 0.09922909736633301]
{'args': ((5, 0, slice(0, 960, None), slice(None, None, None)),), 'dataset shape': (40, 11, 1921, 2560), 'dataset chunks': (7, 1, 385, 512), 'indexing time (s)': 2.86102294921875e-06, 'chunk number': 1650, 'reduction time (s)': 2.1908609867095947, 'chunks processed': 15, 'storage read (B)': 29685482, 'selection 2 time (s)': 2.1938390731811523}
Thread times [0.15569210052490234, 0.38840389251708984, 0.06925678253173828, 0.0831758975982666, 0.15164685249328613, 0.08962297439575195, 0.08968973159790039, 0.09861087799072266, 0.2679760456085205, 0.09064412117004395, 0.10173487663269043, 0.3095581531524658, 0.09765100479125977, 0.11315703392028809, 0.3138408660888672]
{'args': ((6, 0, slice(0, 960, None), slice(None, None, None)),), 'dataset shape': (40, 11, 1921, 2560), 'dataset chunks': (7, 1, 385, 512), 'indexing time (s)': 2.1457672119140625e-06, 'chunk number': 1650, 'reduction time (s)': 2.422126293182373, 'chunks processed': 15, 'storage read (B)': 29685482, 'selection 2 time (s)': 2.4242959022521973}
Thread times [0.1530470848083496, 0.07267093658447266, 0.2975592613220215, 0.0953669548034668, 0.09644412994384766, 0.14754581451416016, 0.18406081199645996, 0.10296511650085449, 0.2347562313079834, 0.0875999927520752, 0.0981287956237793, 0.09087681770324707, 0.07613229751586914, 0.08642411231994629, 0.0822288990020752]
{'args': ((7, 0, slice(0, 960, None), slice(None, None, None)),), 'dataset shape': (40, 11, 1921, 2560), 'dataset chunks': (7, 1, 385, 512), 'indexing time (s)': 2.1457672119140625e-06, 'chunk number': 1650, 'reduction time (s)': 1.9075238704681396, 'chunks processed': 15, 'storage read (B)': 29701892, 'selection 2 time (s)': 1.9098351001739502}
Thread times [0.18482518196105957, 0.06638002395629883, 0.10481095314025879, 0.09629702568054199, 0.0870060920715332, 0.16846227645874023, 0.09406805038452148, 0.1026461124420166, 0.3272099494934082, 0.11051273345947266, 0.12988686561584473, 0.09882998466491699, 0.1860349178314209, 0.1194758415222168, 0.13193869590759277]
{'args': ((8, 0, slice(0, 960, None), slice(None, None, None)),), 'dataset shape': (40, 11, 1921, 2560), 'dataset chunks': (7, 1, 385, 512), 'indexing time (s)': 1.9073486328125e-06, 'chunk number': 1650, 'reduction time (s)': 2.0100390911102295, 'chunks processed': 15, 'storage read (B)': 29701892, 'selection 2 time (s)': 2.013062000274658}
Thread times [0.1294269561767578, 0.1404712200164795, 0.10576319694519043, 0.09663105010986328, 0.13097691535949707, 0.09763216972351074, 0.18140196800231934, 0.09669899940490723, 0.3859100341796875, 0.11798596382141113, 0.08684706687927246, 0.0918118953704834, 0.17831707000732422, 0.09649991989135742, 0.17000913619995117]
{'args': ((9, 0, slice(0, 960, None), slice(None, None, None)),), 'dataset shape': (40, 11, 1921, 2560), 'dataset chunks': (7, 1, 385, 512), 'indexing time (s)': 2.1457672119140625e-06, 'chunk number': 1650, 'reduction time (s)': 2.107923984527588, 'chunks processed': 15, 'storage read (B)': 29701892, 'selection 2 time (s)': 2.110290050506592}
Thread times [0.12456083297729492, 0.1305251121520996, 0.09309697151184082, 0.12479710578918457, 0.0907430648803711, 0.10550093650817871, 0.10950303077697754, 0.10314393043518066, 0.31862783432006836, 0.10319113731384277, 0.0988771915435791, 0.14963793754577637, 0.11824417114257812, 0.15646910667419434, 0.10595417022705078]
{'args': ((10, 0, slice(0, 960, None), slice(None, None, None)),), 'dataset shape': (40, 11, 1921, 2560), 'dataset chunks': (7, 1, 385, 512), 'indexing time (s)': 2.1457672119140625e-06, 'chunk number': 1650, 'reduction time (s)': 1.9345500469207764, 'chunks processed': 15, 'storage read (B)': 29701892, 'selection 2 time (s)': 1.9372663497924805}
Thread times [0.12254023551940918, 0.06584286689758301, 0.0885319709777832, 0.13785791397094727, 0.21841907501220703, 0.09067487716674805, 0.0955801010131836, 0.12284994125366211, 0.24332594871520996, 0.08529305458068848, 0.09264087677001953, 0.1119222640991211, 0.10547828674316406, 0.09497714042663574, 0.10346412658691406]
{'args': ((11, 0, slice(0, 960, None), slice(None, None, None)),), 'dataset shape': (40, 11, 1921, 2560), 'dataset chunks': (7, 1, 385, 512), 'indexing time (s)': 1.9073486328125e-06, 'chunk number': 1650, 'reduction time (s)': 1.780932903289795, 'chunks processed': 15, 'storage read (B)': 29701892, 'selection 2 time (s)': 1.7832179069519043}
Thread times [0.20348691940307617, 0.07502508163452148, 0.14262700080871582, 0.09899282455444336, 0.09049701690673828, 0.11855411529541016, 0.10148191452026367, 0.11306190490722656, 0.31029677391052246, 0.12011313438415527, 0.12145328521728516, 0.10397911071777344, 0.17693400382995605, 0.09283995628356934, 0.09426379203796387]
{'args': ((12, 0, slice(0, 960, None), slice(None, None, None)),), 'dataset shape': (40, 11, 1921, 2560), 'dataset chunks': (7, 1, 385, 512), 'indexing time (s)': 2.1457672119140625e-06, 'chunk number': 1650, 'reduction time (s)': 1.9650640487670898, 'chunks processed': 15, 'storage read (B)': 29701892, 'selection 2 time (s)': 1.9668750762939453}
Thread times [0.11924600601196289, 0.06638193130493164, 0.1483778953552246, 0.10012483596801758, 0.08863711357116699, 0.09302783012390137, 0.09306788444519043, 0.14980125427246094, 0.23681092262268066, 0.08919119834899902, 0.08883500099182129, 0.10867786407470703, 0.1035761833190918, 0.09950900077819824, 0.10005617141723633]
{'args': ((13, 0, slice(0, 960, None), slice(None, None, None)),), 'dataset shape': (40, 11, 1921, 2560), 'dataset chunks': (7, 1, 385, 512), 'indexing time (s)': 0.0, 'chunk number': 1650, 'reduction time (s)': 1.6869080066680908, 'chunks processed': 15, 'storage read (B)': 29701892, 'selection 2 time (s)': 1.6897180080413818}
Thread times [0.2172081470489502, 0.0864400863647461, 0.0972599983215332, 0.09332704544067383, 0.08562588691711426, 0.16156506538391113, 0.11571097373962402, 0.09996414184570312, 0.30727601051330566, 0.14182400703430176, 0.09557294845581055, 0.1466519832611084, 0.1405959129333496, 0.11923098564147949, 0.09500288963317871]
{'args': ((14, 0, slice(0, 960, None), slice(None, None, None)),), 'dataset shape': (40, 11, 1921, 2560), 'dataset chunks': (7, 1, 385, 512), 'indexing time (s)': 1.9073486328125e-06, 'chunk number': 1650, 'reduction time (s)': 2.0042879581451416, 'chunks processed': 15, 'storage read (B)': 29733505, 'selection 2 time (s)': 2.006880044937134}
Thread times [0.11745119094848633, 0.07808589935302734, 0.11176180839538574, 0.09376096725463867, 0.09458780288696289, 0.0947418212890625, 0.10053586959838867, 0.1409459114074707, 0.22397279739379883, 0.10508608818054199, 0.19379091262817383, 0.0855717658996582, 0.09071087837219238, 0.09159612655639648, 0.09248208999633789]
{'args': ((15, 0, slice(0, 960, None), slice(None, None, None)),), 'dataset shape': (40, 11, 1921, 2560), 'dataset chunks': (7, 1, 385, 512), 'indexing time (s)': 9.5367431640625e-07, 'chunk number': 1650, 'reduction time (s)': 1.715914249420166, 'chunks processed': 15, 'storage read (B)': 29733505, 'selection 2 time (s)': 1.7169673442840576}
Thread times [0.16332507133483887, 0.08690404891967773, 0.22517895698547363, 0.08133888244628906, 0.12964129447937012, 0.0891730785369873, 0.0876469612121582, 0.09437918663024902, 0.2541050910949707, 0.1004490852355957, 0.1214590072631836, 0.09626913070678711, 0.09646821022033691, 0.13034605979919434, 0.1421666145324707]
{'args': ((16, 0, slice(0, 960, None), slice(None, None, None)),), 'dataset shape': (40, 11, 1921, 2560), 'dataset chunks': (7, 1, 385, 512), 'indexing time (s)': 9.5367431640625e-07, 'chunk number': 1650, 'reduction time (s)': 1.8997938632965088, 'chunks processed': 15, 'storage read (B)': 29733505, 'selection 2 time (s)': 1.901796817779541}
Thread times [0.16579508781433105, 0.08947873115539551, 0.10281682014465332, 0.08961606025695801, 0.15276479721069336, 0.09257197380065918, 0.09629583358764648, 0.09709286689758301, 0.31569790840148926, 0.20352602005004883, 0.09222102165222168, 0.09063410758972168, 0.09718775749206543, 0.13234591484069824, 0.11152911186218262]
{'args': ((17, 0, slice(0, 960, None), slice(None, None, None)),), 'dataset shape': (40, 11, 1921, 2560), 'dataset chunks': (7, 1, 385, 512), 'indexing time (s)': 2.1457672119140625e-06, 'chunk number': 1650, 'reduction time (s)': 1.9306597709655762, 'chunks processed': 15, 'storage read (B)': 29733505, 'selection 2 time (s)': 1.9316198825836182}
Thread times [0.1073000431060791, 0.0789480209350586, 0.07861924171447754, 0.15357279777526855, 0.10550594329833984, 0.10364913940429688, 0.10135412216186523, 0.10129404067993164, 0.26216697692871094, 0.10247516632080078, 0.09019613265991211, 0.10231614112854004, 0.18483185768127441, 0.1327519416809082, 0.08675694465637207]
{'args': ((18, 0, slice(0, 960, None), slice(None, None, None)),), 'dataset shape': (40, 11, 1921, 2560), 'dataset chunks': (7, 1, 385, 512), 'indexing time (s)': 0.0, 'chunk number': 1650, 'reduction time (s)': 1.7930018901824951, 'chunks processed': 15, 'storage read (B)': 29733505, 'selection 2 time (s)': 1.7958688735961914}
Thread times [0.1456618309020996, 0.1558997631072998, 0.10143899917602539, 0.14600515365600586, 0.09841299057006836, 0.17697834968566895, 0.23076868057250977, 0.2946350574493408, 0.29676294326782227, 0.22572898864746094, 0.5253047943115234, 0.11913013458251953, 0.2107250690460205, 0.19345498085021973, 0.10813212394714355]
{'args': ((19, 0, slice(0, 960, None), slice(None, None, None)),), 'dataset shape': (40, 11, 1921, 2560), 'dataset chunks': (7, 1, 385, 512), 'indexing time (s)': 1.9073486328125e-06, 'chunk number': 1650, 'reduction time (s)': 3.0300419330596924, 'chunks processed': 15, 'storage read (B)': 29733505, 'selection 2 time (s)': 3.031126022338867}
Thread times [0.10885810852050781, 0.1220250129699707, 0.07351493835449219, 0.1109628677368164, 0.10624098777770996, 0.11855101585388184, 0.11619424819946289, 0.1811227798461914, 0.2443537712097168, 0.10953903198242188, 0.1713268756866455, 0.14170217514038086, 0.09200620651245117, 0.09544801712036133, 0.1957392692565918]
{'args': ((20, 0, slice(0, 960, None), slice(None, None, None)),), 'dataset shape': (40, 11, 1921, 2560), 'dataset chunks': (7, 1, 385, 512), 'indexing time (s)': 9.5367431640625e-07, 'chunk number': 1650, 'reduction time (s)': 1.9881629943847656, 'chunks processed': 15, 'storage read (B)': 29733505, 'selection 2 time (s)': 1.989098072052002}
Thread times [0.19248509407043457, 0.07229113578796387, 0.2575821876525879, 0.08551621437072754, 0.07354116439819336, 0.10692882537841797, 0.10182809829711914, 0.15699195861816406, 0.1143941879272461, 0.09800577163696289, 0.09153604507446289, 0.09053993225097656, 0.22592496871948242, 0.2531399726867676, 0.17487597465515137]
{'args': ((21, 0, slice(0, 960, None), slice(None, None, None)),), 'dataset shape': (40, 11, 1921, 2560), 'dataset chunks': (7, 1, 385, 512), 'indexing time (s)': 9.5367431640625e-07, 'chunk number': 1650, 'reduction time (s)': 2.096215009689331, 'chunks processed': 15, 'storage read (B)': 29686785, 'selection 2 time (s)': 2.0971262454986572}
Thread times [0.10933923721313477, 0.06872177124023438, 0.08919978141784668, 0.08770871162414551, 0.06294703483581543, 0.12859272956848145, 0.1177668571472168, 0.11775994300842285, 0.10708475112915039, 0.15857481956481934, 0.09293699264526367, 0.09287214279174805, 0.38611388206481934, 0.2619338035583496, 0.09913396835327148]
{'args': ((22, 0, slice(0, 960, None), slice(None, None, None)),), 'dataset shape': (40, 11, 1921, 2560), 'dataset chunks': (7, 1, 385, 512), 'indexing time (s)': 0.0, 'chunk number': 1650, 'reduction time (s)': 1.9818120002746582, 'chunks processed': 15, 'storage read (B)': 29686785, 'selection 2 time (s)': 1.9841890335083008}
Thread times [0.1968061923980713, 0.06601762771606445, 0.0921468734741211, 0.1014261245727539, 0.07203888893127441, 0.10717272758483887, 0.09984707832336426, 0.09980106353759766, 0.11918282508850098, 0.09170222282409668, 0.11260771751403809, 0.09717893600463867, 0.5299539566040039, 0.22859597206115723, 0.19376277923583984]
{'args': ((23, 0, slice(0, 960, None), slice(None, None, None)),), 'dataset shape': (40, 11, 1921, 2560), 'dataset chunks': (7, 1, 385, 512), 'indexing time (s)': 1.6689300537109375e-06, 'chunk number': 1650, 'reduction time (s)': 2.209764242172241, 'chunks processed': 15, 'storage read (B)': 29686785, 'selection 2 time (s)': 2.2122209072113037}
Thread times [0.12401103973388672, 0.08350205421447754, 0.31392693519592285, 0.1148519515991211, 0.08209776878356934, 0.10594487190246582, 0.22058916091918945, 0.1080329418182373, 0.09824204444885254, 0.09541797637939453, 0.3142819404602051, 0.1428067684173584, 0.2888932228088379, 0.22902822494506836, 0.2954409122467041]
{'args': ((24, 0, slice(0, 960, None), slice(None, None, None)),), 'dataset shape': (40, 11, 1921, 2560), 'dataset chunks': (7, 1, 385, 512), 'indexing time (s)': 1.9073486328125e-06, 'chunk number': 1650, 'reduction time (s)': 2.618391752243042, 'chunks processed': 15, 'storage read (B)': 29686785, 'selection 2 time (s)': 2.6196210384368896}
Thread times [0.11403298377990723, 0.06661486625671387, 0.09425616264343262, 0.2491440773010254, 0.09795188903808594, 0.09236311912536621, 0.1056070327758789, 0.10790681838989258, 0.11808633804321289, 0.10348701477050781, 0.10918807983398438, 0.12048673629760742, 0.22975778579711914, 0.4880220890045166, 0.09654092788696289]
{'args': ((25, 0, slice(0, 960, None), slice(None, None, None)),), 'dataset shape': (40, 11, 1921, 2560), 'dataset chunks': (7, 1, 385, 512), 'indexing time (s)': 9.5367431640625e-07, 'chunk number': 1650, 'reduction time (s)': 2.194180727005005, 'chunks processed': 15, 'storage read (B)': 29686785, 'selection 2 time (s)': 2.1950321197509766}
Thread times [0.11367201805114746, 0.09233999252319336, 0.21828913688659668, 0.1473848819732666, 0.0753939151763916, 0.11576223373413086, 0.09127998352050781, 0.09340906143188477, 0.1045067310333252, 0.10073089599609375, 0.08974289894104004, 0.09458494186401367, 0.29940199851989746, 0.23629522323608398, 0.1238248348236084]
{'args': ((26, 0, slice(0, 960, None), slice(None, None, None)),), 'dataset shape': (40, 11, 1921, 2560), 'dataset chunks': (7, 1, 385, 512), 'indexing time (s)': 0.0, 'chunk number': 1650, 'reduction time (s)': 1.9976017475128174, 'chunks processed': 15, 'storage read (B)': 29686785, 'selection 2 time (s)': 2.0001678466796875}
Thread times [0.12390327453613281, 0.06674790382385254, 0.09970617294311523, 0.08661389350891113, 0.14301180839538574, 0.09370708465576172, 0.09287405014038086, 0.14983725547790527, 0.2043139934539795, 0.10791587829589844, 0.09340095520019531, 0.08241987228393555, 0.2461562156677246, 0.2820916175842285, 0.2204587459564209]
{'args': ((27, 0, slice(0, 960, None), slice(None, None, None)),), 'dataset shape': (40, 11, 1921, 2560), 'dataset chunks': (7, 1, 385, 512), 'indexing time (s)': 2.1457672119140625e-06, 'chunk number': 1650, 'reduction time (s)': 2.0945780277252197, 'chunks processed': 15, 'storage read (B)': 29686785, 'selection 2 time (s)': 2.097755193710327}
Thread times [0.14784789085388184, 0.158189058303833, 0.21434473991394043, 0.09591984748840332, 0.1514880657196045, 0.27695512771606445, 0.10155200958251953, 0.09496307373046875, 0.10082292556762695, 0.22612285614013672, 0.0857241153717041, 0.44057703018188477, 0.09538006782531738, 0.162308931350708, 0.10793900489807129]
{'args': ((28, 0, slice(0, 960, None), slice(None, None, None)),), 'dataset shape': (40, 11, 1921, 2560), 'dataset chunks': (7, 1, 385, 512), 'indexing time (s)': 2.1457672119140625e-06, 'chunk number': 1650, 'reduction time (s)': 2.4615671634674072, 'chunks processed': 15, 'storage read (B)': 29670387, 'selection 2 time (s)': 2.4637298583984375}
Thread times [0.31021904945373535, 0.1066889762878418, 0.2610621452331543, 0.525475025177002, 0.12425780296325684, 0.1271049976348877, 0.27109694480895996, 0.13933801651000977, 0.1756610870361328, 0.2098538875579834, 0.09586024284362793, 0.42882299423217773, 0.1453990936279297, 0.14244580268859863, 0.2345259189605713]
{'args': ((29, 0, slice(0, 960, None), slice(None, None, None)),), 'dataset shape': (40, 11, 1921, 2560), 'dataset chunks': (7, 1, 385, 512), 'indexing time (s)': 2.1457672119140625e-06, 'chunk number': 1650, 'reduction time (s)': 3.2991318702697754, 'chunks processed': 15, 'storage read (B)': 29670387, 'selection 2 time (s)': 3.3013298511505127}
Thread times [0.15335583686828613, 0.06689190864562988, 0.3030521869659424, 0.08453607559204102, 0.08336806297302246, 0.09560799598693848, 0.10092616081237793, 0.2667219638824463, 0.12080574035644531, 0.10880899429321289, 0.08531618118286133, 0.21760082244873047, 0.07491922378540039, 0.1205129623413086, 0.08853602409362793]
{'args': ((30, 0, slice(0, 960, None), slice(None, None, None)),), 'dataset shape': (40, 11, 1921, 2560), 'dataset chunks': (7, 1, 385, 512), 'indexing time (s)': 2.1457672119140625e-06, 'chunk number': 1650, 'reduction time (s)': 1.9719479084014893, 'chunks processed': 15, 'storage read (B)': 29670387, 'selection 2 time (s)': 1.973128080368042}
Thread times [0.19830012321472168, 0.06942391395568848, 0.09926414489746094, 0.0838170051574707, 0.09093713760375977, 0.10314702987670898, 0.10147404670715332, 0.09429097175598145, 0.09570002555847168, 0.0909419059753418, 0.14200186729431152, 0.28830909729003906, 0.09785294532775879, 0.13797593116760254, 0.10648488998413086]
{'args': ((31, 0, slice(0, 960, None), slice(None, None, None)),), 'dataset shape': (40, 11, 1921, 2560), 'dataset chunks': (7, 1, 385, 512), 'indexing time (s)': 0.0, 'chunk number': 1650, 'reduction time (s)': 1.800934076309204, 'chunks processed': 15, 'storage read (B)': 29670387, 'selection 2 time (s)': 1.8040509223937988}
Thread times [0.12221097946166992, 0.07697510719299316, 0.11186718940734863, 0.10338401794433594, 0.08213233947753906, 0.0976111888885498, 0.09619593620300293, 0.09673404693603516, 0.15094494819641113, 0.1046907901763916, 0.08733892440795898, 0.3316819667816162, 0.09616470336914062, 0.14204001426696777, 0.11700105667114258]
{'args': ((32, 0, slice(0, 960, None), slice(None, None, None)),), 'dataset shape': (40, 11, 1921, 2560), 'dataset chunks': (7, 1, 385, 512), 'indexing time (s)': 1.6689300537109375e-06, 'chunk number': 1650, 'reduction time (s)': 1.8181159496307373, 'chunks processed': 15, 'storage read (B)': 29670387, 'selection 2 time (s)': 1.8202080726623535}
Thread times [0.28993797302246094, 0.12146782875061035, 0.10235905647277832, 0.17914295196533203, 0.23566198348999023, 0.10337209701538086, 0.18306517601013184, 0.09403204917907715, 0.10533809661865234, 0.08781194686889648, 0.08756709098815918, 0.2482008934020996, 0.09230279922485352, 0.0922842025756836, 0.09834814071655273]
{'args': ((33, 0, slice(0, 960, None), slice(None, None, None)),), 'dataset shape': (40, 11, 1921, 2560), 'dataset chunks': (7, 1, 385, 512), 'indexing time (s)': 9.5367431640625e-07, 'chunk number': 1650, 'reduction time (s)': 2.1218690872192383, 'chunks processed': 15, 'storage read (B)': 29670387, 'selection 2 time (s)': 2.1249969005584717}
Thread times [0.20856285095214844, 0.07586407661437988, 0.09026408195495605, 0.08694195747375488, 0.10155010223388672, 0.10944199562072754, 0.12029170989990234, 0.09271788597106934, 0.09110784530639648, 0.10225987434387207, 0.16135692596435547, 0.30327701568603516, 0.16724300384521484, 0.09080982208251953, 0.09947371482849121]
{'args': ((34, 0, slice(0, 960, None), slice(None, None, None)),), 'dataset shape': (40, 11, 1921, 2560), 'dataset chunks': (7, 1, 385, 512), 'indexing time (s)': 2.1457672119140625e-06, 'chunk number': 1650, 'reduction time (s)': 1.9027698040008545, 'chunks processed': 15, 'storage read (B)': 29670387, 'selection 2 time (s)': 1.905332088470459}
Thread times [0.13582611083984375, 0.059896230697631836, 0.1345820426940918, 0.11982274055480957, 0.12489819526672363, 0.10136604309082031, 0.1789989471435547, 0.10951709747314453, 0.12939906120300293, 0.14048218727111816, 0.14481902122497559, 0.09891605377197266, 0.1804978847503662, 0.08959007263183594, 0.15398311614990234]
{'args': ((35, 0, slice(0, 960, None), slice(None, None, None)),), 'dataset shape': (40, 11, 1921, 2560), 'dataset chunks': (7, 1, 385, 512), 'indexing time (s)': 2.1457672119140625e-06, 'chunk number': 1650, 'reduction time (s)': 1.903993844985962, 'chunks processed': 15, 'storage read (B)': 21287473, 'selection 2 time (s)': 1.9064240455627441}
Thread times [0.13960814476013184, 0.06483721733093262, 0.07432389259338379, 0.10902118682861328, 0.13320207595825195, 0.09911084175109863, 0.09727883338928223, 0.10521483421325684, 0.13222789764404297, 0.2015221118927002, 0.1467418670654297, 0.11993217468261719, 0.1451549530029297, 0.10899901390075684, 0.0884101390838623]
{'args': ((36, 0, slice(0, 960, None), slice(None, None, None)),), 'dataset shape': (40, 11, 1921, 2560), 'dataset chunks': (7, 1, 385, 512), 'indexing time (s)': 2.1457672119140625e-06, 'chunk number': 1650, 'reduction time (s)': 1.7669808864593506, 'chunks processed': 15, 'storage read (B)': 21287473, 'selection 2 time (s)': 1.7680177688598633}
Thread times [0.14986538887023926, 0.06935906410217285, 0.10620808601379395, 0.08356714248657227, 0.07015395164489746, 0.1398789882659912, 0.10415792465209961, 0.126511812210083, 0.09595394134521484, 0.1539309024810791, 0.09220314025878906, 0.18224072456359863, 0.2002401351928711, 0.1067652702331543, 0.09826779365539551]
{'args': ((37, 0, slice(0, 960, None), slice(None, None, None)),), 'dataset shape': (40, 11, 1921, 2560), 'dataset chunks': (7, 1, 385, 512), 'indexing time (s)': 1.1920928955078125e-06, 'chunk number': 1650, 'reduction time (s)': 1.7799739837646484, 'chunks processed': 15, 'storage read (B)': 21287473, 'selection 2 time (s)': 1.7809131145477295}
Thread times [0.23822307586669922, 0.06720471382141113, 0.07277202606201172, 0.10475492477416992, 0.15895581245422363, 0.0982060432434082, 0.10803890228271484, 0.10990571975708008, 0.09165287017822266, 0.11606121063232422, 0.10209989547729492, 0.1782839298248291, 0.09282302856445312, 0.15078401565551758, 0.08015298843383789]
{'args': ((38, 0, slice(0, 960, None), slice(None, None, None)),), 'dataset shape': (40, 11, 1921, 2560), 'dataset chunks': (7, 1, 385, 512), 'indexing time (s)': 9.5367431640625e-07, 'chunk number': 1650, 'reduction time (s)': 1.7712147235870361, 'chunks processed': 15, 'storage read (B)': 21287473, 'selection 2 time (s)': 1.7734508514404297}
Thread times [0.14262604713439941, 0.06515288352966309, 0.08528614044189453, 0.14770078659057617, 0.0818030834197998, 0.0811610221862793, 0.08388423919677734, 0.2771029472351074, 0.09214186668395996, 0.0911407470703125, 0.09389495849609375, 0.0921628475189209, 0.1560828685760498, 0.10109090805053711, 0.09256291389465332]
{'args': ((39, 0, slice(0, 960, None), slice(None, None, None)),), 'dataset shape': (40, 11, 1921, 2560), 'dataset chunks': (7, 1, 385, 512), 'indexing time (s)': 1.9073486328125e-06, 'chunk number': 1650, 'reduction time (s)': 1.6852238178253174, 'chunks processed': 15, 'storage read (B)': 21287473, 'selection 2 time (s)': 1.6877110004425049}
[[226.07820312]
 [226.0646875 ]
 [225.93776042]
 [225.90820312]
 [225.91739583]
 [225.88460937]
 [225.82080729]
 [225.85434896]
 [225.9834375 ]
 [226.03822917]
 [226.01317708]
 [226.02333333]
 [226.03765625]
 [226.00486979]
 [225.91778646]
 [225.9403125 ]
 [225.98729167]
 [225.91450521]
 [225.81239583]
 [225.81890625]
 [225.8453125 ]
 [225.785     ]
 [225.63648438]
 [225.5565625 ]
 [225.45744792]
 [225.32382813]
 [225.16335937]
 [225.07786458]
 [225.07846354]
 [225.10669271]
 [225.17606771]
 [225.36867187]
 [225.57927083]
 [225.69083333]
 [225.7221875 ]
 [225.82367188]
 [225.93640625]
 [225.96760417]
 [225.91875   ]
 [225.92236979]]
Summary:  Hom24-np3:Active (T1,BS1): 4.15s,83.42s,106.0s
