Dataset loaded from S3 with s3fs and Pyfive: bnl/ch330a.pc19790301-def.nc (0.076,7.2)
Thread times [0.25403308868408203, 0.3171970844268799, 0.3581559658050537, 0.3729369640350342, 0.4725210666656494, 0.46588683128356934, 0.4652140140533447, 0.4664130210876465, 0.5400729179382324, 0.5352418422698975, 0.5484261512756348, 0.5564570426940918, 0.5924758911132812, 0.5936508178710938, 0.5949227809906006]
{'load nc time': 7.9043848514556885, 'args': ((0, 0, slice(0, 960, None), slice(None, None, None)),), 'dataset shape': (40, 11, 1921, 2560), 'dataset chunks': (7, 1, 385, 512), 'indexing time (s)': 20.746299982070923, 'chunk number': 1650, 'reduction time (s)': 0.603363037109375, 'chunks processed': 15, 'storage read (B)': 29685482, 'selection 2 time (s)': 21.360774993896484}
Thread times [0.22844791412353516, 0.23461604118347168, 0.3796689510345459, 0.38143420219421387, 0.3803420066833496, 0.38839101791381836, 0.39119911193847656, 0.41035008430480957, 0.4102778434753418, 0.41715097427368164, 0.42301487922668457, 0.4304070472717285, 0.4321608543395996, 0.436460018157959, 0.47103285789489746]
{'args': ((1, 0, slice(0, 960, None), slice(None, None, None)),), 'dataset shape': (40, 11, 1921, 2560), 'dataset chunks': (7, 1, 385, 512), 'indexing time (s)': 9.5367431640625e-07, 'chunk number': 1650, 'reduction time (s)': 0.47797203063964844, 'chunks processed': 15, 'storage read (B)': 29685482, 'selection 2 time (s)': 0.492095947265625}
Thread times [0.2509040832519531, 0.2788569927215576, 0.2960340976715088, 0.3217000961303711, 0.4123249053955078, 0.4111599922180176, 0.41221117973327637, 0.41490793228149414, 0.4147520065307617, 0.47945713996887207, 0.49137187004089355, 0.5075750350952148, 0.531033992767334, 0.5465033054351807, 0.559424877166748]
{'args': ((2, 0, slice(0, 960, None), slice(None, None, None)),), 'dataset shape': (40, 11, 1921, 2560), 'dataset chunks': (7, 1, 385, 512), 'indexing time (s)': 9.5367431640625e-07, 'chunk number': 1650, 'reduction time (s)': 0.5643551349639893, 'chunks processed': 15, 'storage read (B)': 29685482, 'selection 2 time (s)': 0.5781900882720947}
Thread times [0.1852860450744629, 0.3591742515563965, 0.4088749885559082, 0.4907710552215576, 0.4970109462738037, 0.5257730484008789, 0.5373439788818359, 0.5446410179138184, 0.5452439785003662, 0.5502259731292725, 0.5610768795013428, 0.5646359920501709, 0.5649538040161133, 0.595836877822876, 0.5972778797149658]
{'args': ((3, 0, slice(0, 960, None), slice(None, None, None)),), 'dataset shape': (40, 11, 1921, 2560), 'dataset chunks': (7, 1, 385, 512), 'indexing time (s)': 0.0, 'chunk number': 1650, 'reduction time (s)': 0.6022379398345947, 'chunks processed': 15, 'storage read (B)': 29685482, 'selection 2 time (s)': 0.6166839599609375}
Thread times [0.3581409454345703, 0.39183688163757324, 0.5289599895477295, 0.5890779495239258, 0.602593183517456, 0.6080093383789062, 0.609626054763794, 0.6156811714172363, 0.6134169101715088, 0.6126630306243896, 0.6226351261138916, 0.638779878616333, 0.6375229358673096, 0.6415941715240479, 0.7937819957733154]
{'args': ((4, 0, slice(0, 960, None), slice(None, None, None)),), 'dataset shape': (40, 11, 1921, 2560), 'dataset chunks': (7, 1, 385, 512), 'indexing time (s)': 0.0, 'chunk number': 1650, 'reduction time (s)': 0.7954187393188477, 'chunks processed': 15, 'storage read (B)': 29685482, 'selection 2 time (s)': 0.8096997737884521}
Thread times [0.1899399757385254, 0.20511603355407715, 0.21144890785217285, 0.367542028427124, 0.39725780487060547, 0.5461771488189697, 0.6050529479980469, 0.6060140132904053, 0.6671938896179199, 0.6689069271087646, 0.6739590167999268, 0.6734588146209717, 0.6773250102996826, 0.677614688873291, 0.6871528625488281]
{'args': ((5, 0, slice(0, 960, None), slice(None, None, None)),), 'dataset shape': (40, 11, 1921, 2560), 'dataset chunks': (7, 1, 385, 512), 'indexing time (s)': 9.5367431640625e-07, 'chunk number': 1650, 'reduction time (s)': 0.692018985748291, 'chunks processed': 15, 'storage read (B)': 29685482, 'selection 2 time (s)': 0.7030377388000488}
Thread times [0.321901798248291, 0.38782286643981934, 0.45263075828552246, 0.4849050045013428, 0.538597822189331, 0.5538539886474609, 0.5535669326782227, 0.5585372447967529, 0.5694088935852051, 0.5712528228759766, 0.587486982345581, 0.5919439792633057, 0.5919408798217773, 0.592951774597168, 0.6124148368835449]
{'args': ((6, 0, slice(0, 960, None), slice(None, None, None)),), 'dataset shape': (40, 11, 1921, 2560), 'dataset chunks': (7, 1, 385, 512), 'indexing time (s)': 0.0, 'chunk number': 1650, 'reduction time (s)': 0.6173450946807861, 'chunks processed': 15, 'storage read (B)': 29685482, 'selection 2 time (s)': 0.6265981197357178}
Thread times [0.418489933013916, 0.4443960189819336, 0.5093920230865479, 0.519705057144165, 0.5360550880432129, 0.5452442169189453, 0.5503847599029541, 0.5557460784912109, 0.5550656318664551, 0.5557529926300049, 0.5736489295959473, 0.5732560157775879, 0.5774319171905518, 0.5787320137023926, 0.5849981307983398]
{'args': ((7, 0, slice(0, 960, None), slice(None, None, None)),), 'dataset shape': (40, 11, 1921, 2560), 'dataset chunks': (7, 1, 385, 512), 'indexing time (s)': 9.5367431640625e-07, 'chunk number': 1650, 'reduction time (s)': 0.5886662006378174, 'chunks processed': 15, 'storage read (B)': 29701892, 'selection 2 time (s)': 0.6010427474975586}
Thread times [0.4868659973144531, 0.507404088973999, 0.548598051071167, 0.565565824508667, 0.5721547603607178, 0.5765128135681152, 0.5813639163970947, 0.6733629703521729, 0.671410083770752, 0.6746013164520264, 0.6776697635650635, 0.6813919544219971, 0.6814558506011963, 0.6841821670532227, 0.6841909885406494]
{'args': ((8, 0, slice(0, 960, None), slice(None, None, None)),), 'dataset shape': (40, 11, 1921, 2560), 'dataset chunks': (7, 1, 385, 512), 'indexing time (s)': 9.5367431640625e-07, 'chunk number': 1650, 'reduction time (s)': 0.6896498203277588, 'chunks processed': 15, 'storage read (B)': 29701892, 'selection 2 time (s)': 0.6972360610961914}
Thread times [0.24012184143066406, 0.2407388687133789, 0.2954220771789551, 0.3208470344543457, 0.4057328701019287, 0.49797606468200684, 0.5011579990386963, 0.5088000297546387, 0.5112931728363037, 0.5130653381347656, 0.5221660137176514, 0.5591669082641602, 0.5628209114074707, 0.5630569458007812, 0.5673527717590332]
{'args': ((9, 0, slice(0, 960, None), slice(None, None, None)),), 'dataset shape': (40, 11, 1921, 2560), 'dataset chunks': (7, 1, 385, 512), 'indexing time (s)': 1.1920928955078125e-06, 'chunk number': 1650, 'reduction time (s)': 0.5711710453033447, 'chunks processed': 15, 'storage read (B)': 29701892, 'selection 2 time (s)': 0.5811939239501953}
Thread times [0.22333216667175293, 0.24177098274230957, 0.4428880214691162, 0.4433450698852539, 0.5154590606689453, 0.5232739448547363, 0.5241689682006836, 0.5303997993469238, 0.5433382987976074, 0.5422940254211426, 0.549813985824585, 0.5502941608428955, 0.5506680011749268, 0.5539121627807617, 0.5702800750732422]
{'args': ((10, 0, slice(0, 960, None), slice(None, None, None)),), 'dataset shape': (40, 11, 1921, 2560), 'dataset chunks': (7, 1, 385, 512), 'indexing time (s)': 0.0, 'chunk number': 1650, 'reduction time (s)': 0.5739758014678955, 'chunks processed': 15, 'storage read (B)': 29701892, 'selection 2 time (s)': 0.5873007774353027}
Thread times [0.24515414237976074, 0.25449514389038086, 0.3801100254058838, 0.3811020851135254, 0.3776519298553467, 0.37984704971313477, 0.38239598274230957, 0.37859201431274414, 0.3812830448150635, 0.379504919052124, 0.38612985610961914, 0.38632798194885254, 0.387739896774292, 0.3914520740509033, 0.3916490077972412]
{'args': ((11, 0, slice(0, 960, None), slice(None, None, None)),), 'dataset shape': (40, 11, 1921, 2560), 'dataset chunks': (7, 1, 385, 512), 'indexing time (s)': 0.0, 'chunk number': 1650, 'reduction time (s)': 0.39547300338745117, 'chunks processed': 15, 'storage read (B)': 29701892, 'selection 2 time (s)': 0.4027090072631836}
Thread times [0.24089407920837402, 0.29024195671081543, 0.29152512550354004, 0.34616994857788086, 0.362659215927124, 0.5012280941009521, 0.5016191005706787, 0.5031538009643555, 0.5013039112091064, 0.5007600784301758, 0.5052239894866943, 0.5153508186340332, 0.5148401260375977, 0.5218472480773926, 0.5267109870910645]
{'args': ((12, 0, slice(0, 960, None), slice(None, None, None)),), 'dataset shape': (40, 11, 1921, 2560), 'dataset chunks': (7, 1, 385, 512), 'indexing time (s)': 7.152557373046875e-07, 'chunk number': 1650, 'reduction time (s)': 0.5309112071990967, 'chunks processed': 15, 'storage read (B)': 29701892, 'selection 2 time (s)': 0.5450911521911621}
Thread times [0.2272188663482666, 0.24843907356262207, 0.251539945602417, 0.3350043296813965, 0.33612704277038574, 0.3638579845428467, 0.479248046875, 0.4802870750427246, 0.48151111602783203, 0.48924708366394043, 0.4994080066680908, 0.5173699855804443, 0.5212500095367432, 0.5294589996337891, 0.6984407901763916]
{'args': ((13, 0, slice(0, 960, None), slice(None, None, None)),), 'dataset shape': (40, 11, 1921, 2560), 'dataset chunks': (7, 1, 385, 512), 'indexing time (s)': 0.0, 'chunk number': 1650, 'reduction time (s)': 0.7009661197662354, 'chunks processed': 15, 'storage read (B)': 29701892, 'selection 2 time (s)': 0.7089149951934814}
Thread times [0.2984347343444824, 0.3917367458343506, 0.40798306465148926, 0.41823267936706543, 0.4235539436340332, 0.43398213386535645, 0.43152713775634766, 0.43534088134765625, 0.4344029426574707, 0.4372599124908447, 0.44313502311706543, 0.44210100173950195, 0.4483661651611328, 0.44842100143432617, 0.4495370388031006]
{'args': ((14, 0, slice(0, 960, None), slice(None, None, None)),), 'dataset shape': (40, 11, 1921, 2560), 'dataset chunks': (7, 1, 385, 512), 'indexing time (s)': 9.5367431640625e-07, 'chunk number': 1650, 'reduction time (s)': 0.4571249485015869, 'chunks processed': 15, 'storage read (B)': 29733505, 'selection 2 time (s)': 0.46636319160461426}
Thread times [0.3537619113922119, 0.428955078125, 0.4670891761779785, 0.4833180904388428, 0.4947500228881836, 0.49524402618408203, 0.504497766494751, 0.508336067199707, 0.5108261108398438, 0.5100910663604736, 0.513653039932251, 0.5126118659973145, 0.5138227939605713, 0.5196139812469482, 0.5186071395874023]
{'args': ((15, 0, slice(0, 960, None), slice(None, None, None)),), 'dataset shape': (40, 11, 1921, 2560), 'dataset chunks': (7, 1, 385, 512), 'indexing time (s)': 0.0, 'chunk number': 1650, 'reduction time (s)': 0.5236008167266846, 'chunks processed': 15, 'storage read (B)': 29733505, 'selection 2 time (s)': 0.5305330753326416}
Thread times [0.4841592311859131, 0.5833909511566162, 0.5913510322570801, 0.6478331089019775, 0.6512010097503662, 0.6530539989471436, 0.6574468612670898, 0.6681077480316162, 0.6687569618225098, 0.6846446990966797, 0.6851620674133301, 0.6901638507843018, 0.6913397312164307, 0.6925499439239502, 0.6968557834625244]
{'args': ((16, 0, slice(0, 960, None), slice(None, None, None)),), 'dataset shape': (40, 11, 1921, 2560), 'dataset chunks': (7, 1, 385, 512), 'indexing time (s)': 0.0, 'chunk number': 1650, 'reduction time (s)': 0.7001900672912598, 'chunks processed': 15, 'storage read (B)': 29733505, 'selection 2 time (s)': 0.7083420753479004}
Thread times [0.20267701148986816, 0.6971631050109863, 0.6975858211517334, 0.6969730854034424, 0.6979010105133057, 0.6949329376220703, 0.6957941055297852, 0.6979110240936279, 0.6957390308380127, 0.6964490413665771, 0.701484203338623, 0.7047140598297119, 0.7049190998077393, 0.7085850238800049, 0.7097549438476562]
{'args': ((17, 0, slice(0, 960, None), slice(None, None, None)),), 'dataset shape': (40, 11, 1921, 2560), 'dataset chunks': (7, 1, 385, 512), 'indexing time (s)': 9.5367431640625e-07, 'chunk number': 1650, 'reduction time (s)': 0.7133519649505615, 'chunks processed': 15, 'storage read (B)': 29733505, 'selection 2 time (s)': 0.7206161022186279}
Thread times [0.39104294776916504, 0.5297682285308838, 0.5483219623565674, 0.5545830726623535, 0.5691490173339844, 0.5877668857574463, 0.5937910079956055, 0.5948479175567627, 0.6004431247711182, 0.603518009185791, 0.6083719730377197, 0.6242179870605469, 0.613867998123169, 0.6216111183166504, 0.6251420974731445]
{'args': ((18, 0, slice(0, 960, None), slice(None, None, None)),), 'dataset shape': (40, 11, 1921, 2560), 'dataset chunks': (7, 1, 385, 512), 'indexing time (s)': 0.0, 'chunk number': 1650, 'reduction time (s)': 0.6407568454742432, 'chunks processed': 15, 'storage read (B)': 29733505, 'selection 2 time (s)': 0.652569055557251}
Thread times [0.23831391334533691, 0.4222431182861328, 0.5019047260284424, 0.5116150379180908, 0.57765793800354, 0.5781769752502441, 0.5794229507446289, 0.5852859020233154, 0.5881249904632568, 0.5883877277374268, 0.5949208736419678, 0.5988540649414062, 0.6016907691955566, 0.6048948764801025, 0.612231969833374]
{'args': ((19, 0, slice(0, 960, None), slice(None, None, None)),), 'dataset shape': (40, 11, 1921, 2560), 'dataset chunks': (7, 1, 385, 512), 'indexing time (s)': 1.1920928955078125e-06, 'chunk number': 1650, 'reduction time (s)': 0.6160149574279785, 'chunks processed': 15, 'storage read (B)': 29733505, 'selection 2 time (s)': 0.6332380771636963}
Thread times [0.2543931007385254, 0.25507497787475586, 0.26576685905456543, 0.2675161361694336, 0.2726151943206787, 0.27654385566711426, 0.4209561347961426, 0.42589402198791504, 0.43164730072021484, 0.4265720844268799, 0.4292929172515869, 0.4315669536590576, 0.4309990406036377, 0.43488073348999023, 0.4370272159576416]
{'args': ((20, 0, slice(0, 960, None), slice(None, None, None)),), 'dataset shape': (40, 11, 1921, 2560), 'dataset chunks': (7, 1, 385, 512), 'indexing time (s)': 9.5367431640625e-07, 'chunk number': 1650, 'reduction time (s)': 0.4441373348236084, 'chunks processed': 15, 'storage read (B)': 29733505, 'selection 2 time (s)': 0.4513401985168457}
Thread times [0.1912682056427002, 0.21192693710327148, 0.2236342430114746, 0.23508191108703613, 0.3246500492095947, 0.3241846561431885, 0.4244832992553711, 0.4479091167449951, 0.4676651954650879, 0.46907496452331543, 0.4866030216217041, 0.49045705795288086, 0.4929049015045166, 0.4956810474395752, 0.4984269142150879]
{'args': ((21, 0, slice(0, 960, None), slice(None, None, None)),), 'dataset shape': (40, 11, 1921, 2560), 'dataset chunks': (7, 1, 385, 512), 'indexing time (s)': 1.1920928955078125e-06, 'chunk number': 1650, 'reduction time (s)': 0.5035820007324219, 'chunks processed': 15, 'storage read (B)': 29686785, 'selection 2 time (s)': 0.5192220211029053}
Thread times [0.19280004501342773, 0.19871091842651367, 0.20020198822021484, 0.19942808151245117, 0.36568498611450195, 0.5667519569396973, 0.6412661075592041, 0.6529810428619385, 0.6556253433227539, 0.6700239181518555, 0.6757259368896484, 0.6764178276062012, 0.6824259757995605, 0.6824960708618164, 0.6866459846496582]
{'args': ((22, 0, slice(0, 960, None), slice(None, None, None)),), 'dataset shape': (40, 11, 1921, 2560), 'dataset chunks': (7, 1, 385, 512), 'indexing time (s)': 9.5367431640625e-07, 'chunk number': 1650, 'reduction time (s)': 0.6945703029632568, 'chunks processed': 15, 'storage read (B)': 29686785, 'selection 2 time (s)': 0.7099967002868652}
Thread times [0.21455788612365723, 0.283344030380249, 0.3548910617828369, 0.38070011138916016, 0.3982381820678711, 0.4220421314239502, 0.669945240020752, 0.6697452068328857, 0.670910120010376, 0.6673359870910645, 0.6755752563476562, 0.6801230907440186, 0.6794741153717041, 0.6836509704589844, 0.6848540306091309]
{'args': ((23, 0, slice(0, 960, None), slice(None, None, None)),), 'dataset shape': (40, 11, 1921, 2560), 'dataset chunks': (7, 1, 385, 512), 'indexing time (s)': 1.1920928955078125e-06, 'chunk number': 1650, 'reduction time (s)': 0.6929190158843994, 'chunks processed': 15, 'storage read (B)': 29686785, 'selection 2 time (s)': 0.7064120769500732}
Thread times [0.15512299537658691, 0.1636030673980713, 0.1649768352508545, 0.4881281852722168, 0.6133291721343994, 0.6417169570922852, 0.6414670944213867, 0.6426560878753662, 0.6486642360687256, 0.6587650775909424, 0.6602978706359863, 0.6613919734954834, 0.6727049350738525, 0.6770100593566895, 0.6991689205169678]
{'args': ((24, 0, slice(0, 960, None), slice(None, None, None)),), 'dataset shape': (40, 11, 1921, 2560), 'dataset chunks': (7, 1, 385, 512), 'indexing time (s)': 9.5367431640625e-07, 'chunk number': 1650, 'reduction time (s)': 0.7111659049987793, 'chunks processed': 15, 'storage read (B)': 29686785, 'selection 2 time (s)': 0.7317900657653809}
Thread times [0.3421351909637451, 0.34006571769714355, 0.3486030101776123, 0.359555721282959, 0.40272998809814453, 0.4568030834197998, 0.457852840423584, 0.4861328601837158, 0.48474907875061035, 0.48839473724365234, 0.49440503120422363, 0.49659228324890137, 0.5012767314910889, 0.5020003318786621, 0.5067827701568604]
{'args': ((25, 0, slice(0, 960, None), slice(None, None, None)),), 'dataset shape': (40, 11, 1921, 2560), 'dataset chunks': (7, 1, 385, 512), 'indexing time (s)': 1.9073486328125e-06, 'chunk number': 1650, 'reduction time (s)': 0.5157160758972168, 'chunks processed': 15, 'storage read (B)': 29686785, 'selection 2 time (s)': 0.5320150852203369}
Thread times [0.48584914207458496, 0.4871647357940674, 0.5497851371765137, 0.5625200271606445, 0.5740108489990234, 0.5759239196777344, 0.5892970561981201, 0.5955398082733154, 0.6129992008209229, 0.6143286228179932, 0.6191420555114746, 0.6193110942840576, 0.6217663288116455, 0.6560521125793457, 0.6606631278991699]
{'args': ((26, 0, slice(0, 960, None), slice(None, None, None)),), 'dataset shape': (40, 11, 1921, 2560), 'dataset chunks': (7, 1, 385, 512), 'indexing time (s)': 1.1920928955078125e-06, 'chunk number': 1650, 'reduction time (s)': 0.6686100959777832, 'chunks processed': 15, 'storage read (B)': 29686785, 'selection 2 time (s)': 0.6886899471282959}
Thread times [0.28220224380493164, 0.41672587394714355, 0.5058021545410156, 0.6302578449249268, 0.6288301944732666, 0.6547718048095703, 0.6580090522766113, 0.6614890098571777, 0.665783166885376, 0.667985200881958, 0.6720309257507324, 0.69327712059021, 0.6988968849182129, 0.6985080242156982, 0.6978721618652344]
{'args': ((27, 0, slice(0, 960, None), slice(None, None, None)),), 'dataset shape': (40, 11, 1921, 2560), 'dataset chunks': (7, 1, 385, 512), 'indexing time (s)': 9.5367431640625e-07, 'chunk number': 1650, 'reduction time (s)': 0.7060842514038086, 'chunks processed': 15, 'storage read (B)': 29686785, 'selection 2 time (s)': 0.7164480686187744}
Thread times [0.1615757942199707, 0.23065686225891113, 0.23831987380981445, 0.2479839324951172, 0.4395902156829834, 0.4564228057861328, 0.49390625953674316, 0.4998807907104492, 0.5024819374084473, 0.5022227764129639, 0.5016152858734131, 0.5032780170440674, 0.5103549957275391, 0.509605884552002, 0.5240299701690674]
{'args': ((28, 0, slice(0, 960, None), slice(None, None, None)),), 'dataset shape': (40, 11, 1921, 2560), 'dataset chunks': (7, 1, 385, 512), 'indexing time (s)': 9.5367431640625e-07, 'chunk number': 1650, 'reduction time (s)': 0.5292949676513672, 'chunks processed': 15, 'storage read (B)': 29670387, 'selection 2 time (s)': 0.5384528636932373}
Thread times [0.19994473457336426, 0.2107710838317871, 0.23687100410461426, 0.24035310745239258, 0.24377703666687012, 0.24663496017456055, 0.4676797389984131, 0.5608119964599609, 0.5613431930541992, 0.5634231567382812, 0.5697231292724609, 0.5694379806518555, 0.5724160671234131, 0.5773050785064697, 0.5912680625915527]
{'args': ((29, 0, slice(0, 960, None), slice(None, None, None)),), 'dataset shape': (40, 11, 1921, 2560), 'dataset chunks': (7, 1, 385, 512), 'indexing time (s)': 0.0, 'chunk number': 1650, 'reduction time (s)': 0.5966498851776123, 'chunks processed': 15, 'storage read (B)': 29670387, 'selection 2 time (s)': 0.6153960227966309}
Thread times [0.2018718719482422, 0.32794189453125, 0.4131028652191162, 0.5221660137176514, 0.5221309661865234, 0.5273013114929199, 0.5340659618377686, 0.5305500030517578, 0.5315988063812256, 0.5323388576507568, 0.5442321300506592, 0.5710592269897461, 0.5725429058074951, 0.6008071899414062, 0.6005861759185791]
{'args': ((30, 0, slice(0, 960, None), slice(None, None, None)),), 'dataset shape': (40, 11, 1921, 2560), 'dataset chunks': (7, 1, 385, 512), 'indexing time (s)': 1.1920928955078125e-06, 'chunk number': 1650, 'reduction time (s)': 0.6095409393310547, 'chunks processed': 15, 'storage read (B)': 29670387, 'selection 2 time (s)': 0.6315603256225586}
Thread times [0.46877002716064453, 0.533581018447876, 0.655224084854126, 0.7512011528015137, 0.7482621669769287, 0.752753734588623, 0.7524080276489258, 0.7502501010894775, 0.7508230209350586, 0.7512381076812744, 0.7535932064056396, 0.7526190280914307, 0.7562062740325928, 0.7547309398651123, 0.7559108734130859]
{'args': ((31, 0, slice(0, 960, None), slice(None, None, None)),), 'dataset shape': (40, 11, 1921, 2560), 'dataset chunks': (7, 1, 385, 512), 'indexing time (s)': 9.5367431640625e-07, 'chunk number': 1650, 'reduction time (s)': 0.7600991725921631, 'chunks processed': 15, 'storage read (B)': 29670387, 'selection 2 time (s)': 0.7697999477386475}
Thread times [0.3117079734802246, 0.3123438358306885, 0.35872793197631836, 0.35750508308410645, 0.3600609302520752, 0.3639700412750244, 0.36370205879211426, 0.5058190822601318, 0.5044400691986084, 0.5058221817016602, 0.5075569152832031, 0.5054810047149658, 0.5074629783630371, 0.5098071098327637, 0.5090920925140381]
{'args': ((32, 0, slice(0, 960, None), slice(None, None, None)),), 'dataset shape': (40, 11, 1921, 2560), 'dataset chunks': (7, 1, 385, 512), 'indexing time (s)': 9.5367431640625e-07, 'chunk number': 1650, 'reduction time (s)': 0.5147488117218018, 'chunks processed': 15, 'storage read (B)': 29670387, 'selection 2 time (s)': 0.525120735168457}
Thread times [0.30664801597595215, 0.3689868450164795, 0.5031681060791016, 0.5045108795166016, 0.5010631084442139, 0.5070109367370605, 0.5137290954589844, 0.5234370231628418, 0.5227789878845215, 0.5210812091827393, 0.5256760120391846, 0.5237560272216797, 0.5279970169067383, 0.528975248336792, 0.5649139881134033]
{'args': ((33, 0, slice(0, 960, None), slice(None, None, None)),), 'dataset shape': (40, 11, 1921, 2560), 'dataset chunks': (7, 1, 385, 512), 'indexing time (s)': 9.5367431640625e-07, 'chunk number': 1650, 'reduction time (s)': 0.5700540542602539, 'chunks processed': 15, 'storage read (B)': 29670387, 'selection 2 time (s)': 0.5777280330657959}
Thread times [0.18143701553344727, 0.20841503143310547, 0.22656011581420898, 0.2386159896850586, 0.23970890045166016, 0.24412989616394043, 0.24536705017089844, 0.3036220073699951, 0.34072399139404297, 0.35276007652282715, 0.452728271484375, 0.4495859146118164, 0.45230579376220703, 0.45100903511047363, 0.4536559581756592]
{'args': ((34, 0, slice(0, 960, None), slice(None, None, None)),), 'dataset shape': (40, 11, 1921, 2560), 'dataset chunks': (7, 1, 385, 512), 'indexing time (s)': 9.5367431640625e-07, 'chunk number': 1650, 'reduction time (s)': 0.45882201194763184, 'chunks processed': 15, 'storage read (B)': 29670387, 'selection 2 time (s)': 0.4687619209289551}
Thread times [0.23236417770385742, 0.28699421882629395, 0.30159497261047363, 0.3420538902282715, 0.34723687171936035, 0.3502821922302246, 0.3573799133300781, 0.3588218688964844, 0.36075901985168457, 0.36231088638305664, 0.36542606353759766, 0.3690781593322754, 0.36931800842285156, 0.3696928024291992, 0.37311530113220215]
{'args': ((35, 0, slice(0, 960, None), slice(None, None, None)),), 'dataset shape': (40, 11, 1921, 2560), 'dataset chunks': (7, 1, 385, 512), 'indexing time (s)': 0.0, 'chunk number': 1650, 'reduction time (s)': 0.3799397945404053, 'chunks processed': 15, 'storage read (B)': 21287473, 'selection 2 time (s)': 0.3914308547973633}
Thread times [0.40332913398742676, 0.423065185546875, 0.42925286293029785, 0.4396040439605713, 0.47620296478271484, 0.4905538558959961, 0.49499988555908203, 0.5034210681915283, 0.5059289932250977, 0.5051488876342773, 0.5117237567901611, 0.5177900791168213, 0.6594159603118896, 0.8900759220123291, 0.9768550395965576]
{'args': ((36, 0, slice(0, 960, None), slice(None, None, None)),), 'dataset shape': (40, 11, 1921, 2560), 'dataset chunks': (7, 1, 385, 512), 'indexing time (s)': 9.5367431640625e-07, 'chunk number': 1650, 'reduction time (s)': 0.9812941551208496, 'chunks processed': 15, 'storage read (B)': 21287473, 'selection 2 time (s)': 0.9996500015258789}
Thread times [0.2801210880279541, 0.35820508003234863, 0.36171913146972656, 0.3993198871612549, 0.4158189296722412, 0.41261911392211914, 0.4214189052581787, 0.4235992431640625, 0.4244670867919922, 0.42778539657592773, 0.43494224548339844, 0.4342629909515381, 0.43494606018066406, 0.43831300735473633, 0.4434807300567627]
{'args': ((37, 0, slice(0, 960, None), slice(None, None, None)),), 'dataset shape': (40, 11, 1921, 2560), 'dataset chunks': (7, 1, 385, 512), 'indexing time (s)': 7.152557373046875e-07, 'chunk number': 1650, 'reduction time (s)': 0.4472181797027588, 'chunks processed': 15, 'storage read (B)': 21287473, 'selection 2 time (s)': 0.460249662399292}
Thread times [0.24506783485412598, 0.43238115310668945, 0.50677490234375, 0.5084569454193115, 0.506263017654419, 0.5100200176239014, 0.5047333240509033, 0.5130009651184082, 0.5095970630645752, 0.5231599807739258, 0.5201442241668701, 0.5231640338897705, 0.5256719589233398, 0.5320580005645752, 0.5307409763336182]
{'args': ((38, 0, slice(0, 960, None), slice(None, None, None)),), 'dataset shape': (40, 11, 1921, 2560), 'dataset chunks': (7, 1, 385, 512), 'indexing time (s)': 9.5367431640625e-07, 'chunk number': 1650, 'reduction time (s)': 0.5376603603363037, 'chunks processed': 15, 'storage read (B)': 21287473, 'selection 2 time (s)': 0.5451693534851074}
Thread times [0.3685319423675537, 0.3657510280609131, 0.36811113357543945, 0.36759281158447266, 0.3672170639038086, 0.3657231330871582, 0.36974310874938965, 0.38506603240966797, 0.3951747417449951, 0.39052915573120117, 0.3951389789581299, 0.3946659564971924, 0.39571404457092285, 0.3988058567047119, 0.3993220329284668]
{'args': ((39, 0, slice(0, 960, None), slice(None, None, None)),), 'dataset shape': (40, 11, 1921, 2560), 'dataset chunks': (7, 1, 385, 512), 'indexing time (s)': 0.0, 'chunk number': 1650, 'reduction time (s)': 0.40360188484191895, 'chunks processed': 15, 'storage read (B)': 21287473, 'selection 2 time (s)': 0.41465210914611816}
[[226.07820312]
 [226.0646875 ]
 [225.93776042]
 [225.90820312]
 [225.91739583]
 [225.88463542]
 [225.82083333]
 [225.85434896]
 [225.9834375 ]
 [226.03822917]
 [226.01317708]
 [226.02333333]
 [226.03765625]
 [226.00486979]
 [225.91776042]
 [225.94033854]
 [225.98726562]
 [225.91450521]
 [225.81239583]
 [225.81890625]
 [225.8453125 ]
 [225.785     ]
 [225.63648438]
 [225.5565625 ]
 [225.45747396]
 [225.32382813]
 [225.16335937]
 [225.07791667]
 [225.07846354]
 [225.10666667]
 [225.17609375]
 [225.36867187]
 [225.57927083]
 [225.69085938]
 [225.72221354]
 [225.82369792]
 [225.93640625]
 [225.96760417]
 [225.91872396]
 [225.92234375]]
Summary:  Hom24-np3:Active (T100,BS1): 7.9s,23.78s,52.92s
