Dataset loaded from S3 with s3fs and Pyfive: bnl/ch330a.pc19790301-def.nc (0.13,2.8)
Thread times [2.1188342571258545, 7.580278158187866, 9.471418857574463, 9.486302852630615, 12.262771368026733, 12.38503909111023, 13.111117839813232, 13.817610025405884, 14.120067119598389, 14.655306100845337, 15.2622971534729, 15.95659589767456, 16.47843909263611, 16.757694005966187, 17.002721071243286]
{'load nc time': 3.3564200401306152, 'args': ((0, 0, slice(0, 960, None), slice(None, None, None)),), 'dataset shape': (40, 11, 1921, 2560), 'dataset chunks': (7, 1, 385, 512), 'indexing time (s)': 16.599642038345337, 'chunk number': 1650, 'reduction time (s)': 17.015712022781372, 'chunks processed': 15, 'storage read (B)': 29685482, 'selection 1 time (s)': 33.615840911865234}
Thread times [0.018798112869262695, 6.5962700843811035, 7.811342716217041, 8.685030698776245, 8.727812051773071, 10.414361000061035, 10.995619058609009, 11.488241910934448, 11.534560918807983, 12.13960576057434, 12.78664493560791, 13.041337966918945, 14.055291891098022, 14.508646965026855, 14.915295124053955]
{'args': ((1, 0, slice(0, 960, None), slice(None, None, None)),), 'dataset shape': (40, 11, 1921, 2560), 'dataset chunks': (7, 1, 385, 512), 'indexing time (s)': 0.0, 'chunk number': 1650, 'reduction time (s)': 14.919760942459106, 'chunks processed': 15, 'storage read (B)': 29685482, 'selection 1 time (s)': 14.919901847839355}
Thread times [0.022149085998535156, 5.852406978607178, 5.907949209213257, 8.333635091781616, 8.35315990447998, 9.683320045471191, 10.488914012908936, 12.030427932739258, 12.701706886291504, 12.902735948562622, 12.941627025604248, 14.405318260192871, 14.802457094192505, 14.946987867355347, 14.957401037216187]
{'args': ((2, 0, slice(0, 960, None), slice(None, None, None)),), 'dataset shape': (40, 11, 1921, 2560), 'dataset chunks': (7, 1, 385, 512), 'indexing time (s)': 9.5367431640625e-07, 'chunk number': 1650, 'reduction time (s)': 14.96351408958435, 'chunks processed': 15, 'storage read (B)': 29685482, 'selection 1 time (s)': 14.963661909103394}
Thread times [0.019731998443603516, 7.1042962074279785, 8.32280421257019, 8.590224027633667, 9.00789213180542, 9.191311836242676, 10.961617231369019, 12.140514850616455, 12.845798969268799, 12.853707075119019, 12.906980991363525, 15.421648979187012, 15.621797323226929, 15.707651138305664, 15.724623203277588]
{'args': ((3, 0, slice(0, 960, None), slice(None, None, None)),), 'dataset shape': (40, 11, 1921, 2560), 'dataset chunks': (7, 1, 385, 512), 'indexing time (s)': 9.5367431640625e-07, 'chunk number': 1650, 'reduction time (s)': 15.73186206817627, 'chunks processed': 15, 'storage read (B)': 29685482, 'selection 1 time (s)': 15.731966972351074}
Thread times [0.021755218505859375, 6.83406400680542, 7.9391021728515625, 9.14111614227295, 9.854421854019165, 11.413147211074829, 12.259063959121704, 12.277248859405518, 12.304507970809937, 12.793009996414185, 13.129518985748291, 14.989275217056274, 15.746904850006104, 16.235352039337158, 16.428228855133057]
{'args': ((4, 0, slice(0, 960, None), slice(None, None, None)),), 'dataset shape': (40, 11, 1921, 2560), 'dataset chunks': (7, 1, 385, 512), 'indexing time (s)': 0.0, 'chunk number': 1650, 'reduction time (s)': 16.43378520011902, 'chunks processed': 15, 'storage read (B)': 29685482, 'selection 1 time (s)': 16.433890104293823}
Thread times [0.01989912986755371, 6.565103054046631, 8.055662155151367, 8.677325010299683, 11.004331827163696, 14.060333728790283, 15.771910190582275, 16.599972009658813, 16.81678795814514, 16.932465314865112, 17.07721710205078, 18.2057101726532, 18.754240036010742, 19.12191367149353, 19.159196138381958]
{'args': ((5, 0, slice(0, 960, None), slice(None, None, None)),), 'dataset shape': (40, 11, 1921, 2560), 'dataset chunks': (7, 1, 385, 512), 'indexing time (s)': 9.5367431640625e-07, 'chunk number': 1650, 'reduction time (s)': 19.163343906402588, 'chunks processed': 15, 'storage read (B)': 29685482, 'selection 1 time (s)': 19.16346764564514}
Thread times [0.02007293701171875, 6.582276821136475, 8.40744686126709, 9.014272928237915, 9.14632797241211, 10.809459924697876, 11.650450229644775, 13.336589097976685, 13.7344331741333, 13.761434078216553, 13.927948951721191, 15.560758829116821, 16.010364055633545, 16.145278930664062, 16.552438020706177]
{'args': ((6, 0, slice(0, 960, None), slice(None, None, None)),), 'dataset shape': (40, 11, 1921, 2560), 'dataset chunks': (7, 1, 385, 512), 'indexing time (s)': 9.5367431640625e-07, 'chunk number': 1650, 'reduction time (s)': 16.555718183517456, 'chunks processed': 15, 'storage read (B)': 29685482, 'selection 1 time (s)': 16.555877208709717}
Thread times [6.235015869140625, 7.365539789199829, 8.364465236663818, 8.379089117050171, 9.47099494934082, 12.192799091339111, 12.67945909500122, 13.066486120223999, 13.903685808181763, 14.473248958587646, 15.942789077758789, 16.722862005233765, 16.995482206344604, 17.12701416015625, 17.268013954162598]
{'args': ((7, 0, slice(0, 960, None), slice(None, None, None)),), 'dataset shape': (40, 11, 1921, 2560), 'dataset chunks': (7, 1, 385, 512), 'indexing time (s)': 9.5367431640625e-07, 'chunk number': 1650, 'reduction time (s)': 17.27590775489807, 'chunks processed': 15, 'storage read (B)': 29701892, 'selection 1 time (s)': 17.27610492706299}
Thread times [0.02202892303466797, 7.211403131484985, 8.057512044906616, 9.281009912490845, 9.748164892196655, 11.494978189468384, 12.653457164764404, 12.81364893913269, 13.266091108322144, 14.155263900756836, 14.218307971954346, 16.565428256988525, 16.751959800720215, 16.955503940582275, 17.06447410583496]
{'args': ((8, 0, slice(0, 960, None), slice(None, None, None)),), 'dataset shape': (40, 11, 1921, 2560), 'dataset chunks': (7, 1, 385, 512), 'indexing time (s)': 9.5367431640625e-07, 'chunk number': 1650, 'reduction time (s)': 17.072951078414917, 'chunks processed': 15, 'storage read (B)': 29701892, 'selection 1 time (s)': 17.073116064071655}
Thread times [0.02227187156677246, 6.248705863952637, 7.800196886062622, 8.222455978393555, 9.009104251861572, 9.700429916381836, 11.820272207260132, 12.32595705986023, 12.66097116470337, 13.352943897247314, 13.541353940963745, 15.081662893295288, 15.688660860061646, 15.817726135253906, 15.913948774337769]
{'args': ((9, 0, slice(0, 960, None), slice(None, None, None)),), 'dataset shape': (40, 11, 1921, 2560), 'dataset chunks': (7, 1, 385, 512), 'indexing time (s)': 7.152557373046875e-07, 'chunk number': 1650, 'reduction time (s)': 15.92078709602356, 'chunks processed': 15, 'storage read (B)': 29701892, 'selection 1 time (s)': 15.920962810516357}
Thread times [0.022411584854125977, 5.77204704284668, 9.03833293914795, 9.055771827697754, 11.21924090385437, 11.261666059494019, 12.115375995635986, 12.203049182891846, 12.251900911331177, 12.436331987380981, 12.6299467086792, 14.139678955078125, 15.350362777709961, 15.535878896713257, 15.91520094871521]
{'args': ((10, 0, slice(0, 960, None), slice(None, None, None)),), 'dataset shape': (40, 11, 1921, 2560), 'dataset chunks': (7, 1, 385, 512), 'indexing time (s)': 9.5367431640625e-07, 'chunk number': 1650, 'reduction time (s)': 15.920909881591797, 'chunks processed': 15, 'storage read (B)': 29701892, 'selection 1 time (s)': 15.921051740646362}
Thread times [0.020631074905395508, 8.37537693977356, 8.404350757598877, 9.840551853179932, 10.615736246109009, 11.940246820449829, 11.952133893966675, 12.063754081726074, 12.725361824035645, 13.128561973571777, 14.254968166351318, 15.6209716796875, 16.12140393257141, 16.36039710044861, 16.427911043167114]
{'args': ((11, 0, slice(0, 960, None), slice(None, None, None)),), 'dataset shape': (40, 11, 1921, 2560), 'dataset chunks': (7, 1, 385, 512), 'indexing time (s)': 9.5367431640625e-07, 'chunk number': 1650, 'reduction time (s)': 16.43164086341858, 'chunks processed': 15, 'storage read (B)': 29701892, 'selection 1 time (s)': 16.431759119033813}
Thread times [0.0212249755859375, 5.430660009384155, 6.771270751953125, 7.3728508949279785, 10.858144998550415, 11.881073951721191, 12.79305100440979, 12.833523035049438, 12.95012092590332, 13.275548219680786, 13.379767179489136, 14.568795204162598, 14.61353325843811, 14.918018102645874, 15.449046850204468]
{'args': ((12, 0, slice(0, 960, None), slice(None, None, None)),), 'dataset shape': (40, 11, 1921, 2560), 'dataset chunks': (7, 1, 385, 512), 'indexing time (s)': 1.1920928955078125e-06, 'chunk number': 1650, 'reduction time (s)': 15.456854581832886, 'chunks processed': 15, 'storage read (B)': 29701892, 'selection 1 time (s)': 15.456995964050293}
Thread times [0.023727893829345703, 8.289090156555176, 8.872799158096313, 9.03233003616333, 9.757393836975098, 9.903305053710938, 11.16865587234497, 12.767301082611084, 12.792784929275513, 13.531878232955933, 13.624090909957886, 15.944974184036255, 16.431816816329956, 16.75530505180359, 16.76435875892639]
{'args': ((13, 0, slice(0, 960, None), slice(None, None, None)),), 'dataset shape': (40, 11, 1921, 2560), 'dataset chunks': (7, 1, 385, 512), 'indexing time (s)': 2.1457672119140625e-06, 'chunk number': 1650, 'reduction time (s)': 16.77210021018982, 'chunks processed': 15, 'storage read (B)': 29701892, 'selection 1 time (s)': 16.772276878356934}
Thread times [5.204364061355591, 7.994462013244629, 9.389273166656494, 11.42105221748352, 11.752104997634888, 12.47462010383606, 13.541408061981201, 13.75053596496582, 14.084199905395508, 14.584434270858765, 14.613806962966919, 15.93079686164856, 16.70720601081848, 17.025346040725708, 17.32328701019287]
{'args': ((14, 0, slice(0, 960, None), slice(None, None, None)),), 'dataset shape': (40, 11, 1921, 2560), 'dataset chunks': (7, 1, 385, 512), 'indexing time (s)': 9.5367431640625e-07, 'chunk number': 1650, 'reduction time (s)': 17.330837965011597, 'chunks processed': 15, 'storage read (B)': 29733505, 'selection 1 time (s)': 17.330982208251953}
Thread times [0.01866292953491211, 7.236333131790161, 8.262854099273682, 8.471452713012695, 9.678501844406128, 11.442845344543457, 11.463624000549316, 12.049776315689087, 12.222804307937622, 12.875539064407349, 13.635206937789917, 15.70356822013855, 16.13737988471985, 16.310893774032593, 16.332177877426147]
{'args': ((15, 0, slice(0, 960, None), slice(None, None, None)),), 'dataset shape': (40, 11, 1921, 2560), 'dataset chunks': (7, 1, 385, 512), 'indexing time (s)': 9.5367431640625e-07, 'chunk number': 1650, 'reduction time (s)': 16.33643412590027, 'chunks processed': 15, 'storage read (B)': 29733505, 'selection 1 time (s)': 16.336551904678345}
Thread times [0.01936793327331543, 7.453870058059692, 9.215136051177979, 9.852845668792725, 10.396413803100586, 10.424488067626953, 12.2431800365448, 12.518856048583984, 12.988880157470703, 13.200896978378296, 13.729938983917236, 15.650573015213013, 15.806343793869019, 15.855272054672241, 16.263068914413452]
{'args': ((16, 0, slice(0, 960, None), slice(None, None, None)),), 'dataset shape': (40, 11, 1921, 2560), 'dataset chunks': (7, 1, 385, 512), 'indexing time (s)': 0.0, 'chunk number': 1650, 'reduction time (s)': 16.28685712814331, 'chunks processed': 15, 'storage read (B)': 29733505, 'selection 1 time (s)': 16.286974906921387}
Thread times [0.021813631057739258, 6.099258184432983, 6.106653928756714, 8.487830638885498, 9.178983211517334, 11.681985139846802, 12.048378229141235, 12.236841917037964, 12.393608808517456, 13.75233006477356, 14.245587348937988, 14.475543022155762, 15.508887767791748, 15.680052995681763, 15.901798963546753]
{'args': ((17, 0, slice(0, 960, None), slice(None, None, None)),), 'dataset shape': (40, 11, 1921, 2560), 'dataset chunks': (7, 1, 385, 512), 'indexing time (s)': 1.1920928955078125e-06, 'chunk number': 1650, 'reduction time (s)': 15.907847881317139, 'chunks processed': 15, 'storage read (B)': 29733505, 'selection 1 time (s)': 15.908025026321411}
Thread times [0.023270130157470703, 6.636146068572998, 7.190676927566528, 7.212599992752075, 8.807090997695923, 10.445122003555298, 12.4093177318573, 12.880681991577148, 13.478500127792358, 13.572463274002075, 13.748723030090332, 14.917304039001465, 16.03352689743042, 16.068671941757202, 16.076019287109375]
{'args': ((18, 0, slice(0, 960, None), slice(None, None, None)),), 'dataset shape': (40, 11, 1921, 2560), 'dataset chunks': (7, 1, 385, 512), 'indexing time (s)': 2.1457672119140625e-06, 'chunk number': 1650, 'reduction time (s)': 16.080649852752686, 'chunks processed': 15, 'storage read (B)': 29733505, 'selection 1 time (s)': 16.080803155899048}
Thread times [0.019402027130126953, 6.235203981399536, 6.347363233566284, 8.212767124176025, 9.803859949111938, 10.660731792449951, 10.96149492263794, 12.365819215774536, 12.526648044586182, 13.480462074279785, 13.954757928848267, 14.160706758499146, 14.78836989402771, 15.72033405303955, 15.81936001777649]
{'args': ((19, 0, slice(0, 960, None), slice(None, None, None)),), 'dataset shape': (40, 11, 1921, 2560), 'dataset chunks': (7, 1, 385, 512), 'indexing time (s)': 9.5367431640625e-07, 'chunk number': 1650, 'reduction time (s)': 15.825873851776123, 'chunks processed': 15, 'storage read (B)': 29733505, 'selection 1 time (s)': 15.826016902923584}
Thread times [0.02268218994140625, 3.9364960193634033, 6.569061994552612, 10.691236972808838, 11.393923997879028, 11.53761100769043, 12.027225971221924, 13.9968581199646, 14.076167821884155, 14.475951194763184, 14.943930864334106, 16.225545167922974, 16.30713415145874, 16.80941390991211, 17.304311990737915]
{'args': ((20, 0, slice(0, 960, None), slice(None, None, None)),), 'dataset shape': (40, 11, 1921, 2560), 'dataset chunks': (7, 1, 385, 512), 'indexing time (s)': 1.1920928955078125e-06, 'chunk number': 1650, 'reduction time (s)': 17.310864210128784, 'chunks processed': 15, 'storage read (B)': 29733505, 'selection 1 time (s)': 17.31104302406311}
Thread times [7.698539972305298, 8.021331787109375, 8.121912002563477, 8.923227787017822, 12.45209288597107, 12.466588973999023, 12.582518815994263, 12.774225234985352, 12.965394735336304, 12.968323945999146, 16.183284044265747, 16.593619108200073, 16.98736000061035, 17.016301155090332, 17.144379138946533]
{'args': ((21, 0, slice(0, 960, None), slice(None, None, None)),), 'dataset shape': (40, 11, 1921, 2560), 'dataset chunks': (7, 1, 385, 512), 'indexing time (s)': 9.5367431640625e-07, 'chunk number': 1650, 'reduction time (s)': 17.153200149536133, 'chunks processed': 15, 'storage read (B)': 29686785, 'selection 1 time (s)': 17.153350830078125}
Thread times [0.018759965896606445, 6.173158884048462, 8.685261964797974, 10.274104833602905, 10.938194036483765, 11.379897832870483, 12.551208972930908, 12.560767889022827, 13.254662275314331, 13.304734945297241, 13.509267091751099, 15.85382080078125, 16.02957320213318, 16.34966778755188, 16.447114944458008]
{'args': ((22, 0, slice(0, 960, None), slice(None, None, None)),), 'dataset shape': (40, 11, 1921, 2560), 'dataset chunks': (7, 1, 385, 512), 'indexing time (s)': 1.1920928955078125e-06, 'chunk number': 1650, 'reduction time (s)': 16.453139781951904, 'chunks processed': 15, 'storage read (B)': 29686785, 'selection 1 time (s)': 16.453262090682983}
Thread times [0.022199153900146484, 7.1164538860321045, 7.854253053665161, 10.235048055648804, 10.242778062820435, 10.961405992507935, 11.641600847244263, 13.000814199447632, 13.216810941696167, 13.407365083694458, 13.557503938674927, 14.295949935913086, 16.00954031944275, 16.575949668884277, 16.709951877593994]
{'args': ((23, 0, slice(0, 960, None), slice(None, None, None)),), 'dataset shape': (40, 11, 1921, 2560), 'dataset chunks': (7, 1, 385, 512), 'indexing time (s)': 9.5367431640625e-07, 'chunk number': 1650, 'reduction time (s)': 16.71752905845642, 'chunks processed': 15, 'storage read (B)': 29686785, 'selection 1 time (s)': 16.717684268951416}
Thread times [0.021888017654418945, 5.694889068603516, 8.753742694854736, 10.67310094833374, 11.959011793136597, 12.559607028961182, 12.736651182174683, 12.933718204498291, 13.310103178024292, 13.41898798942566, 15.108891010284424, 15.483139991760254, 15.78338098526001, 17.053268909454346, 17.185457229614258]
{'args': ((24, 0, slice(0, 960, None), slice(None, None, None)),), 'dataset shape': (40, 11, 1921, 2560), 'dataset chunks': (7, 1, 385, 512), 'indexing time (s)': 1.1920928955078125e-06, 'chunk number': 1650, 'reduction time (s)': 17.192234992980957, 'chunks processed': 15, 'storage read (B)': 29686785, 'selection 1 time (s)': 17.192389011383057}
Thread times [0.019748926162719727, 5.77036190032959, 7.6019041538238525, 9.999115943908691, 10.016922950744629, 10.38045597076416, 11.59398889541626, 13.135555028915405, 13.198822736740112, 13.246866226196289, 13.597962856292725, 14.826255798339844, 15.256899118423462, 15.30860710144043, 15.756650686264038]
{'args': ((25, 0, slice(0, 960, None), slice(None, None, None)),), 'dataset shape': (40, 11, 1921, 2560), 'dataset chunks': (7, 1, 385, 512), 'indexing time (s)': 0.0, 'chunk number': 1650, 'reduction time (s)': 15.761003017425537, 'chunks processed': 15, 'storage read (B)': 29686785, 'selection 1 time (s)': 15.761149883270264}
Thread times [0.026221036911010742, 6.634119987487793, 8.798757076263428, 9.329833984375, 10.815287828445435, 10.946918964385986, 11.140619993209839, 11.488862037658691, 12.060657024383545, 12.990221977233887, 13.24948501586914, 14.26090121269226, 15.523217916488647, 16.035955905914307, 16.26710820198059]
{'args': ((26, 0, slice(0, 960, None), slice(None, None, None)),), 'dataset shape': (40, 11, 1921, 2560), 'dataset chunks': (7, 1, 385, 512), 'indexing time (s)': 1.9073486328125e-06, 'chunk number': 1650, 'reduction time (s)': 16.27640175819397, 'chunks processed': 15, 'storage read (B)': 29686785, 'selection 1 time (s)': 16.276598930358887}
Thread times [0.025040864944458008, 7.145063877105713, 7.4222190380096436, 9.028939008712769, 9.637134075164795, 12.097638845443726, 12.381160020828247, 12.68243408203125, 12.69727897644043, 13.83660626411438, 14.127241849899292, 15.81611680984497, 15.932013034820557, 16.531343698501587, 16.55708384513855]
{'args': ((27, 0, slice(0, 960, None), slice(None, None, None)),), 'dataset shape': (40, 11, 1921, 2560), 'dataset chunks': (7, 1, 385, 512), 'indexing time (s)': 2.1457672119140625e-06, 'chunk number': 1650, 'reduction time (s)': 16.564844608306885, 'chunks processed': 15, 'storage read (B)': 29686785, 'selection 1 time (s)': 16.565025091171265}
Thread times [5.266052007675171, 6.719439268112183, 8.486589908599854, 10.250240802764893, 11.201573133468628, 12.382704019546509, 12.703029155731201, 13.093775033950806, 13.338456153869629, 13.54210901260376, 14.950169086456299, 16.00727915763855, 16.46660304069519, 16.856208086013794, 16.860354900360107]
{'args': ((28, 0, slice(0, 960, None), slice(None, None, None)),), 'dataset shape': (40, 11, 1921, 2560), 'dataset chunks': (7, 1, 385, 512), 'indexing time (s)': 1.1920928955078125e-06, 'chunk number': 1650, 'reduction time (s)': 16.866631984710693, 'chunks processed': 15, 'storage read (B)': 29670387, 'selection 1 time (s)': 16.866771936416626}
Thread times [0.01883387565612793, 6.158820152282715, 7.940904855728149, 9.77575397491455, 10.425799369812012, 10.648044109344482, 11.7654869556427, 12.40020203590393, 12.425909996032715, 12.78768515586853, 13.821514129638672, 14.580684661865234, 15.853965997695923, 15.949404954910278, 16.059072971343994]
{'args': ((29, 0, slice(0, 960, None), slice(None, None, None)),), 'dataset shape': (40, 11, 1921, 2560), 'dataset chunks': (7, 1, 385, 512), 'indexing time (s)': 9.5367431640625e-07, 'chunk number': 1650, 'reduction time (s)': 16.06296706199646, 'chunks processed': 15, 'storage read (B)': 29670387, 'selection 1 time (s)': 16.06311869621277}
Thread times [0.022225141525268555, 6.391871929168701, 7.0602569580078125, 10.386082172393799, 10.503362894058228, 10.642721891403198, 11.10633397102356, 11.432969093322754, 12.822019100189209, 12.978618860244751, 13.9561128616333, 14.417865991592407, 15.210764169692993, 16.066073179244995, 16.325425148010254]
{'args': ((30, 0, slice(0, 960, None), slice(None, None, None)),), 'dataset shape': (40, 11, 1921, 2560), 'dataset chunks': (7, 1, 385, 512), 'indexing time (s)': 0.0, 'chunk number': 1650, 'reduction time (s)': 16.331642866134644, 'chunks processed': 15, 'storage read (B)': 29670387, 'selection 1 time (s)': 16.331851959228516}
Thread times [0.023578166961669922, 7.284877777099609, 7.389549016952515, 8.530651807785034, 12.062271118164062, 13.069387912750244, 14.33399510383606, 14.50654673576355, 15.723957061767578, 16.703418016433716, 17.225932121276855, 19.21062397956848, 19.846140146255493, 20.73580002784729, 21.07729983329773]
{'args': ((31, 0, slice(0, 960, None), slice(None, None, None)),), 'dataset shape': (40, 11, 1921, 2560), 'dataset chunks': (7, 1, 385, 512), 'indexing time (s)': 7.152557373046875e-07, 'chunk number': 1650, 'reduction time (s)': 21.085427284240723, 'chunks processed': 15, 'storage read (B)': 29670387, 'selection 1 time (s)': 21.085623025894165}
Thread times [0.02285599708557129, 7.293915748596191, 8.614736080169678, 10.635832071304321, 11.116290807723999, 11.925111055374146, 12.901501893997192, 13.984951972961426, 14.210370063781738, 14.920094013214111, 15.235327005386353, 17.22870707511902, 18.407371997833252, 18.73844885826111, 19.01175594329834]
{'args': ((32, 0, slice(0, 960, None), slice(None, None, None)),), 'dataset shape': (40, 11, 1921, 2560), 'dataset chunks': (7, 1, 385, 512), 'indexing time (s)': 1.1920928955078125e-06, 'chunk number': 1650, 'reduction time (s)': 19.017641067504883, 'chunks processed': 15, 'storage read (B)': 29670387, 'selection 1 time (s)': 19.017825841903687}
Thread times [0.02222609519958496, 6.991633892059326, 8.392200946807861, 8.660104990005493, 10.707107067108154, 12.855977773666382, 13.691784143447876, 14.188212871551514, 14.193546056747437, 14.462023973464966, 16.025646924972534, 16.465224027633667, 17.860979080200195, 18.285140991210938, 18.606231212615967]
{'args': ((33, 0, slice(0, 960, None), slice(None, None, None)),), 'dataset shape': (40, 11, 1921, 2560), 'dataset chunks': (7, 1, 385, 512), 'indexing time (s)': 9.5367431640625e-07, 'chunk number': 1650, 'reduction time (s)': 18.61434006690979, 'chunks processed': 15, 'storage read (B)': 29670387, 'selection 1 time (s)': 18.61447024345398}
Thread times [0.019618988037109375, 6.0219199657440186, 9.459664106369019, 10.805745124816895, 11.102831840515137, 11.559112787246704, 12.535591840744019, 12.727366209030151, 13.031191110610962, 13.340183973312378, 14.487770080566406, 15.872612953186035, 17.81086802482605, 18.035542011260986, 18.52217125892639]
{'args': ((34, 0, slice(0, 960, None), slice(None, None, None)),), 'dataset shape': (40, 11, 1921, 2560), 'dataset chunks': (7, 1, 385, 512), 'indexing time (s)': 1.1920928955078125e-06, 'chunk number': 1650, 'reduction time (s)': 18.526490926742554, 'chunks processed': 15, 'storage read (B)': 29670387, 'selection 1 time (s)': 18.526618003845215}
Thread times [6.377829074859619, 7.421014785766602, 7.85382080078125, 9.021743059158325, 10.11382508277893, 10.757169723510742, 10.888914346694946, 11.859553098678589, 12.403311252593994, 14.025370121002197, 15.110970735549927, 15.596133947372437, 16.007529973983765, 16.132707118988037, 16.503196954727173]
{'args': ((35, 0, slice(0, 960, None), slice(None, None, None)),), 'dataset shape': (40, 11, 1921, 2560), 'dataset chunks': (7, 1, 385, 512), 'indexing time (s)': 9.5367431640625e-07, 'chunk number': 1650, 'reduction time (s)': 16.507161855697632, 'chunks processed': 15, 'storage read (B)': 21287473, 'selection 1 time (s)': 16.50728487968445}
Thread times [0.017303943634033203, 6.396570205688477, 7.974199056625366, 8.638859987258911, 9.856125116348267, 9.957768201828003, 10.117101192474365, 10.223803997039795, 10.265517234802246, 11.175724744796753, 11.280306816101074, 12.290725946426392, 13.235160827636719, 13.68424105644226, 13.839025974273682]
{'args': ((36, 0, slice(0, 960, None), slice(None, None, None)),), 'dataset shape': (40, 11, 1921, 2560), 'dataset chunks': (7, 1, 385, 512), 'indexing time (s)': 9.5367431640625e-07, 'chunk number': 1650, 'reduction time (s)': 13.844740867614746, 'chunks processed': 15, 'storage read (B)': 21287473, 'selection 1 time (s)': 13.844896078109741}
Thread times [0.018330812454223633, 5.31968879699707, 6.075978994369507, 7.355950832366943, 8.231619834899902, 9.95219612121582, 9.955588817596436, 10.821500778198242, 11.444847106933594, 11.661883354187012, 11.873298168182373, 12.616667032241821, 13.113255023956299, 13.225790023803711, 13.241432189941406]
{'args': ((37, 0, slice(0, 960, None), slice(None, None, None)),), 'dataset shape': (40, 11, 1921, 2560), 'dataset chunks': (7, 1, 385, 512), 'indexing time (s)': 9.5367431640625e-07, 'chunk number': 1650, 'reduction time (s)': 13.244871139526367, 'chunks processed': 15, 'storage read (B)': 21287473, 'selection 1 time (s)': 13.2450110912323}
Thread times [0.018207788467407227, 3.950500965118408, 6.268722057342529, 7.7034080028533936, 8.231523752212524, 10.745815992355347, 10.873980045318604, 11.31865406036377, 11.595521926879883, 11.742866277694702, 11.953354120254517, 11.956133842468262, 13.39946961402893, 13.60230803489685, 13.85394287109375]
{'args': ((38, 0, slice(0, 960, None), slice(None, None, None)),), 'dataset shape': (40, 11, 1921, 2560), 'dataset chunks': (7, 1, 385, 512), 'indexing time (s)': 1.9073486328125e-06, 'chunk number': 1650, 'reduction time (s)': 13.858077049255371, 'chunks processed': 15, 'storage read (B)': 21287473, 'selection 1 time (s)': 13.858248949050903}
Thread times [0.019055843353271484, 6.252201080322266, 6.2706990242004395, 6.298089981079102, 8.593528032302856, 8.9391348361969, 9.605146884918213, 9.702950954437256, 9.78770112991333, 10.180349349975586, 11.001747131347656, 12.132822036743164, 12.289463996887207, 12.384843826293945, 12.528197765350342]
{'args': ((39, 0, slice(0, 960, None), slice(None, None, None)),), 'dataset shape': (40, 11, 1921, 2560), 'dataset chunks': (7, 1, 385, 512), 'indexing time (s)': 1.1920928955078125e-06, 'chunk number': 1650, 'reduction time (s)': 12.534504890441895, 'chunks processed': 15, 'storage read (B)': 21287473, 'selection 1 time (s)': 12.53462815284729}
[[226.07815104]
 [226.06473958]
 [225.93765625]
 [225.90804687]
 [225.91736979]
 [225.88453125]
 [225.82075521]
 [225.85440104]
 [225.98325521]
 [226.03807292]
 [226.013125  ]
 [226.02330729]
 [226.03770833]
 [226.00476563]
 [225.91763021]
 [225.94033854]
 [225.98721354]
 [225.9146875 ]
 [225.81244792]
 [225.81869792]
 [225.84526042]
 [225.78497396]
 [225.63648438]
 [225.55653646]
 [225.45734375]
 [225.32369792]
 [225.16328125]
 [225.07796875]
 [225.0784375 ]
 [225.10664063]
 [225.17609375]
 [225.36875   ]
 [225.57911458]
 [225.69080729]
 [225.72229167]
 [225.82367188]
 [225.9365625 ]
 [225.96765625]
 [225.91864583]
 [225.9225    ]]
Summary:  Hom24-np3:Local (T100,BS1): 3.36s,657.3s,677.3s
