Dataset loaded from S3 with s3fs and Pyfive: bnl/ch330a.pc19790301-def.nc (0.053,3.9)
Thread times [5.894371032714844, 7.61027193069458, 8.995792865753174, 9.471909999847412, 10.02504301071167, 10.321130990982056, 12.862872123718262, 13.380609035491943, 13.508537769317627, 13.63166093826294, 15.937839984893799, 16.073621034622192, 16.29633927345276, 16.998684883117676, 17.116217136383057]
{'load nc time': 4.421056032180786, 'args': ((0, 0, slice(0, 960, None), slice(None, None, None)),), 'dataset shape': (40, 11, 1921, 2560), 'dataset chunks': (7, 1, 385, 512), 'indexing time (s)': 17.511645078659058, 'chunk number': 1650, 'reduction time (s)': 17.131391048431396, 'chunks processed': 15, 'storage read (B)': 29685482, 'selection 1 time (s)': 34.64316987991333}
Thread times [0.021450042724609375, 6.973162889480591, 7.78071928024292, 9.383511781692505, 10.419012069702148, 11.066574811935425, 12.33254599571228, 12.888499021530151, 13.353235960006714, 14.209369897842407, 15.185791969299316, 15.511873006820679, 15.713487148284912, 16.0466628074646, 16.47657084465027]
{'args': ((1, 0, slice(0, 960, None), slice(None, None, None)),), 'dataset shape': (40, 11, 1921, 2560), 'dataset chunks': (7, 1, 385, 512), 'indexing time (s)': 9.5367431640625e-07, 'chunk number': 1650, 'reduction time (s)': 16.481850147247314, 'chunks processed': 15, 'storage read (B)': 29685482, 'selection 1 time (s)': 16.4820339679718}
Thread times [0.024199962615966797, 7.883552074432373, 7.975681781768799, 8.492441177368164, 10.632015943527222, 10.705477237701416, 12.106988906860352, 12.2087242603302, 13.385810852050781, 13.415147066116333, 13.874148845672607, 14.860281944274902, 15.45517897605896, 15.856878995895386, 16.30734419822693]
{'args': ((2, 0, slice(0, 960, None), slice(None, None, None)),), 'dataset shape': (40, 11, 1921, 2560), 'dataset chunks': (7, 1, 385, 512), 'indexing time (s)': 1.9073486328125e-06, 'chunk number': 1650, 'reduction time (s)': 16.3181471824646, 'chunks processed': 15, 'storage read (B)': 29685482, 'selection 1 time (s)': 16.31838297843933}
Thread times [0.02255988121032715, 3.864605188369751, 7.545289993286133, 9.940765857696533, 10.737179279327393, 11.954118013381958, 12.756655931472778, 13.315843105316162, 13.639436960220337, 13.772708892822266, 13.799551963806152, 14.266914129257202, 15.701282978057861, 16.123773097991943, 16.634047985076904]
{'args': ((3, 0, slice(0, 960, None), slice(None, None, None)),), 'dataset shape': (40, 11, 1921, 2560), 'dataset chunks': (7, 1, 385, 512), 'indexing time (s)': 9.5367431640625e-07, 'chunk number': 1650, 'reduction time (s)': 16.644140005111694, 'chunks processed': 15, 'storage read (B)': 29685482, 'selection 1 time (s)': 16.644360065460205}
Thread times [0.022742748260498047, 5.994136810302734, 6.46208381652832, 9.67595887184143, 10.05870008468628, 11.147634983062744, 11.588242769241333, 11.664188861846924, 12.270917892456055, 12.734845876693726, 13.64520788192749, 13.99187421798706, 14.821223020553589, 15.556329011917114, 15.783047914505005]
{'args': ((4, 0, slice(0, 960, None), slice(None, None, None)),), 'dataset shape': (40, 11, 1921, 2560), 'dataset chunks': (7, 1, 385, 512), 'indexing time (s)': 2.1457672119140625e-06, 'chunk number': 1650, 'reduction time (s)': 15.791937112808228, 'chunks processed': 15, 'storage read (B)': 29685482, 'selection 1 time (s)': 15.792129039764404}
Thread times [0.023919105529785156, 4.687758207321167, 9.062270879745483, 9.735748052597046, 10.064058780670166, 11.754883050918579, 12.030250072479248, 12.364796876907349, 12.376175165176392, 12.856940984725952, 13.242975950241089, 13.383074045181274, 15.362396955490112, 15.964375019073486, 16.224093914031982]
{'args': ((5, 0, slice(0, 960, None), slice(None, None, None)),), 'dataset shape': (40, 11, 1921, 2560), 'dataset chunks': (7, 1, 385, 512), 'indexing time (s)': 1.9073486328125e-06, 'chunk number': 1650, 'reduction time (s)': 16.23122477531433, 'chunks processed': 15, 'storage read (B)': 29685482, 'selection 1 time (s)': 16.23142910003662}
Thread times [0.024379968643188477, 6.652395963668823, 7.287832975387573, 8.574361085891724, 11.518404006958008, 12.225413084030151, 12.380611896514893, 12.74595308303833, 12.848419189453125, 13.285438060760498, 14.23046088218689, 15.4239981174469, 15.563891410827637, 16.072489976882935, 16.418766975402832]
{'args': ((6, 0, slice(0, 960, None), slice(None, None, None)),), 'dataset shape': (40, 11, 1921, 2560), 'dataset chunks': (7, 1, 385, 512), 'indexing time (s)': 9.5367431640625e-07, 'chunk number': 1650, 'reduction time (s)': 16.429516077041626, 'chunks processed': 15, 'storage read (B)': 29685482, 'selection 1 time (s)': 16.42967200279236}
Thread times [7.720785140991211, 8.289397954940796, 9.483489751815796, 9.508450746536255, 10.837909936904907, 11.459878921508789, 11.989714860916138, 12.196173191070557, 12.2132408618927, 13.518105268478394, 15.789966106414795, 16.200525999069214, 16.69055199623108, 17.093355655670166, 17.278589963912964]
{'args': ((7, 0, slice(0, 960, None), slice(None, None, None)),), 'dataset shape': (40, 11, 1921, 2560), 'dataset chunks': (7, 1, 385, 512), 'indexing time (s)': 9.5367431640625e-07, 'chunk number': 1650, 'reduction time (s)': 17.287548065185547, 'chunks processed': 15, 'storage read (B)': 29701892, 'selection 1 time (s)': 17.287739992141724}
Thread times [0.023092031478881836, 5.673466920852661, 8.85031771659851, 8.949218034744263, 9.565477132797241, 10.814706325531006, 12.050396203994751, 12.055277109146118, 12.222413778305054, 12.949189186096191, 13.779232025146484, 14.23234510421753, 15.573263883590698, 15.757699728012085, 15.877394914627075]
{'args': ((8, 0, slice(0, 960, None), slice(None, None, None)),), 'dataset shape': (40, 11, 1921, 2560), 'dataset chunks': (7, 1, 385, 512), 'indexing time (s)': 2.1457672119140625e-06, 'chunk number': 1650, 'reduction time (s)': 15.885307788848877, 'chunks processed': 15, 'storage read (B)': 29701892, 'selection 1 time (s)': 15.885469913482666}
Thread times [0.0229339599609375, 6.7522969245910645, 8.050161838531494, 9.699168920516968, 10.272500991821289, 10.779952049255371, 11.293230056762695, 11.513704061508179, 11.792529344558716, 13.604459762573242, 13.882240056991577, 15.454544067382812, 15.651827335357666, 15.655371904373169, 16.045362949371338]
{'args': ((9, 0, slice(0, 960, None), slice(None, None, None)),), 'dataset shape': (40, 11, 1921, 2560), 'dataset chunks': (7, 1, 385, 512), 'indexing time (s)': 7.152557373046875e-07, 'chunk number': 1650, 'reduction time (s)': 16.051886081695557, 'chunks processed': 15, 'storage read (B)': 29701892, 'selection 1 time (s)': 16.052056074142456}
Thread times [0.023286104202270508, 4.89271092414856, 6.836595773696899, 7.69477915763855, 9.654402017593384, 12.47998595237732, 14.154292821884155, 15.135617733001709, 15.192443132400513, 15.364176273345947, 15.83088994026184, 15.837806224822998, 16.07784104347229, 16.314422130584717, 16.80190110206604]
{'args': ((10, 0, slice(0, 960, None), slice(None, None, None)),), 'dataset shape': (40, 11, 1921, 2560), 'dataset chunks': (7, 1, 385, 512), 'indexing time (s)': 1.1920928955078125e-06, 'chunk number': 1650, 'reduction time (s)': 16.810186862945557, 'chunks processed': 15, 'storage read (B)': 29701892, 'selection 1 time (s)': 16.81035304069519}
Thread times [0.021188974380493164, 4.854321002960205, 8.232539176940918, 9.738425016403198, 10.423496961593628, 10.651166915893555, 11.111255168914795, 11.34705114364624, 12.280111074447632, 12.755922794342041, 13.694647073745728, 14.31851077079773, 15.277871131896973, 15.909732103347778, 16.234323978424072]
{'args': ((11, 0, slice(0, 960, None), slice(None, None, None)),), 'dataset shape': (40, 11, 1921, 2560), 'dataset chunks': (7, 1, 385, 512), 'indexing time (s)': 1.9073486328125e-06, 'chunk number': 1650, 'reduction time (s)': 16.24348521232605, 'chunks processed': 15, 'storage read (B)': 29701892, 'selection 1 time (s)': 16.243664264678955}
Thread times [0.023933887481689453, 7.845577001571655, 7.970190048217773, 8.290302038192749, 9.879047870635986, 10.336879014968872, 10.798405885696411, 11.501144170761108, 12.506651878356934, 12.897690057754517, 12.938705921173096, 14.107533931732178, 15.553794860839844, 16.12075710296631, 16.13855290412903]
{'args': ((12, 0, slice(0, 960, None), slice(None, None, None)),), 'dataset shape': (40, 11, 1921, 2560), 'dataset chunks': (7, 1, 385, 512), 'indexing time (s)': 9.5367431640625e-07, 'chunk number': 1650, 'reduction time (s)': 16.14566922187805, 'chunks processed': 15, 'storage read (B)': 29701892, 'selection 1 time (s)': 16.145901203155518}
Thread times [0.022696256637573242, 7.0647783279418945, 8.925010919570923, 9.11595106124878, 9.347641706466675, 11.227620124816895, 12.061246871948242, 12.476269960403442, 13.074065923690796, 13.799101829528809, 14.078197002410889, 15.340298891067505, 15.633072137832642, 16.23125910758972, 16.31313681602478]
{'args': ((13, 0, slice(0, 960, None), slice(None, None, None)),), 'dataset shape': (40, 11, 1921, 2560), 'dataset chunks': (7, 1, 385, 512), 'indexing time (s)': 3.0994415283203125e-06, 'chunk number': 1650, 'reduction time (s)': 16.322962045669556, 'chunks processed': 15, 'storage read (B)': 29701892, 'selection 1 time (s)': 16.32318902015686}
Thread times [6.018019914627075, 7.016660928726196, 7.506525993347168, 11.150115966796875, 11.653549909591675, 11.902629137039185, 12.22455096244812, 14.107036113739014, 15.242305040359497, 15.315645933151245, 15.57384204864502, 16.431071996688843, 16.60107922554016, 17.4951069355011, 17.759119033813477]
{'args': ((14, 0, slice(0, 960, None), slice(None, None, None)),), 'dataset shape': (40, 11, 1921, 2560), 'dataset chunks': (7, 1, 385, 512), 'indexing time (s)': 4.0531158447265625e-06, 'chunk number': 1650, 'reduction time (s)': 17.765116930007935, 'chunks processed': 15, 'storage read (B)': 29733505, 'selection 1 time (s)': 17.765328884124756}
Thread times [0.023942947387695312, 7.109127044677734, 8.400107145309448, 11.005362033843994, 11.042176961898804, 11.338202238082886, 12.377765893936157, 12.742041826248169, 15.637000799179077, 15.687247037887573, 16.213760137557983, 16.67224407196045, 17.077276945114136, 17.267497062683105, 17.425894260406494]
{'args': ((15, 0, slice(0, 960, None), slice(None, None, None)),), 'dataset shape': (40, 11, 1921, 2560), 'dataset chunks': (7, 1, 385, 512), 'indexing time (s)': 9.5367431640625e-07, 'chunk number': 1650, 'reduction time (s)': 17.434600830078125, 'chunks processed': 15, 'storage read (B)': 29733505, 'selection 1 time (s)': 17.434789180755615}
Thread times [0.023073196411132812, 5.3963868618011475, 6.688246965408325, 9.565432786941528, 10.865799903869629, 11.824990272521973, 11.849569082260132, 13.083184957504272, 13.146981000900269, 13.264412879943848, 13.376935958862305, 15.01978588104248, 15.349555015563965, 15.59851598739624, 15.84447693824768]
{'args': ((16, 0, slice(0, 960, None), slice(None, None, None)),), 'dataset shape': (40, 11, 1921, 2560), 'dataset chunks': (7, 1, 385, 512), 'indexing time (s)': 2.1457672119140625e-06, 'chunk number': 1650, 'reduction time (s)': 15.85103178024292, 'chunks processed': 15, 'storage read (B)': 29733505, 'selection 1 time (s)': 15.851180076599121}
Thread times [0.018733978271484375, 6.247259140014648, 7.403846263885498, 8.203513145446777, 8.775569915771484, 10.779280185699463, 11.747438192367554, 12.847094774246216, 13.001923084259033, 13.627482175827026, 14.426033973693848, 15.226995944976807, 15.949198007583618, 16.24471402168274, 16.615155935287476]
{'args': ((17, 0, slice(0, 960, None), slice(None, None, None)),), 'dataset shape': (40, 11, 1921, 2560), 'dataset chunks': (7, 1, 385, 512), 'indexing time (s)': 0.0, 'chunk number': 1650, 'reduction time (s)': 16.62080693244934, 'chunks processed': 15, 'storage read (B)': 29733505, 'selection 1 time (s)': 16.620924949645996}
Thread times [0.024631261825561523, 6.985616683959961, 7.33864688873291, 7.73839807510376, 8.914744138717651, 11.144754886627197, 12.045587062835693, 12.610225915908813, 12.611520051956177, 14.071832180023193, 14.332220315933228, 15.329347848892212, 15.607358932495117, 15.845797777175903, 16.09667181968689]
{'args': ((18, 0, slice(0, 960, None), slice(None, None, None)),), 'dataset shape': (40, 11, 1921, 2560), 'dataset chunks': (7, 1, 385, 512), 'indexing time (s)': 0.0, 'chunk number': 1650, 'reduction time (s)': 16.101043939590454, 'chunks processed': 15, 'storage read (B)': 29733505, 'selection 1 time (s)': 16.101197004318237}
Thread times [0.024617910385131836, 4.914761781692505, 6.919257164001465, 9.087182998657227, 10.542731046676636, 10.848440170288086, 11.881111145019531, 12.06049370765686, 13.561835050582886, 14.445987701416016, 14.521538972854614, 14.776713371276855, 15.436817169189453, 15.505928993225098, 16.190451860427856]
{'args': ((19, 0, slice(0, 960, None), slice(None, None, None)),), 'dataset shape': (40, 11, 1921, 2560), 'dataset chunks': (7, 1, 385, 512), 'indexing time (s)': 1.9073486328125e-06, 'chunk number': 1650, 'reduction time (s)': 16.199499130249023, 'chunks processed': 15, 'storage read (B)': 29733505, 'selection 1 time (s)': 16.199676275253296}
Thread times [0.023476123809814453, 6.632753133773804, 10.042303085327148, 10.244159936904907, 10.559707880020142, 11.538695812225342, 12.314730882644653, 12.947942972183228, 13.324998140335083, 13.475718975067139, 13.918007850646973, 15.575713872909546, 16.10859203338623, 16.81714391708374, 16.841779947280884]
{'args': ((20, 0, slice(0, 960, None), slice(None, None, None)),), 'dataset shape': (40, 11, 1921, 2560), 'dataset chunks': (7, 1, 385, 512), 'indexing time (s)': 9.5367431640625e-07, 'chunk number': 1650, 'reduction time (s)': 16.84994411468506, 'chunks processed': 15, 'storage read (B)': 29733505, 'selection 1 time (s)': 16.850088834762573}
Thread times [5.695152997970581, 6.831872940063477, 7.980222940444946, 10.28736686706543, 11.11992597579956, 12.302273035049438, 14.323445081710815, 14.479480743408203, 14.60613203048706, 15.278033018112183, 15.659241914749146, 16.22761106491089, 17.227427005767822, 17.36010217666626, 17.598541021347046]
{'args': ((21, 0, slice(0, 960, None), slice(None, None, None)),), 'dataset shape': (40, 11, 1921, 2560), 'dataset chunks': (7, 1, 385, 512), 'indexing time (s)': 1.1920928955078125e-06, 'chunk number': 1650, 'reduction time (s)': 17.604185819625854, 'chunks processed': 15, 'storage read (B)': 29686785, 'selection 1 time (s)': 17.60430598258972}
Thread times [0.023587942123413086, 6.266973972320557, 6.863997220993042, 7.6181581020355225, 9.9571373462677, 10.781629085540771, 11.267657279968262, 13.57216215133667, 14.694756984710693, 14.696959972381592, 15.043873071670532, 15.064931869506836, 15.98037600517273, 16.62598705291748, 16.984213829040527]
{'args': ((22, 0, slice(0, 960, None), slice(None, None, None)),), 'dataset shape': (40, 11, 1921, 2560), 'dataset chunks': (7, 1, 385, 512), 'indexing time (s)': 7.152557373046875e-07, 'chunk number': 1650, 'reduction time (s)': 16.99226999282837, 'chunks processed': 15, 'storage read (B)': 29686785, 'selection 1 time (s)': 16.992423057556152}
Thread times [0.02428913116455078, 6.425307750701904, 6.514594793319702, 9.371553182601929, 9.765735864639282, 11.61161994934082, 11.653831005096436, 12.413524866104126, 12.883770942687988, 14.270914077758789, 14.444530963897705, 15.130328178405762, 15.258898973464966, 15.357444047927856, 15.713813781738281]
{'args': ((23, 0, slice(0, 960, None), slice(None, None, None)),), 'dataset shape': (40, 11, 1921, 2560), 'dataset chunks': (7, 1, 385, 512), 'indexing time (s)': 2.1457672119140625e-06, 'chunk number': 1650, 'reduction time (s)': 15.720496892929077, 'chunks processed': 15, 'storage read (B)': 29686785, 'selection 1 time (s)': 15.720696210861206}
Thread times [0.02308511734008789, 3.771470069885254, 7.904850006103516, 9.006417989730835, 9.985663890838623, 10.5487642288208, 11.322264194488525, 11.800074100494385, 12.172137975692749, 12.892001867294312, 13.71988296508789, 14.2640380859375, 15.664515733718872, 15.677696943283081, 15.890340089797974]
{'args': ((24, 0, slice(0, 960, None), slice(None, None, None)),), 'dataset shape': (40, 11, 1921, 2560), 'dataset chunks': (7, 1, 385, 512), 'indexing time (s)': 2.1457672119140625e-06, 'chunk number': 1650, 'reduction time (s)': 15.896353960037231, 'chunks processed': 15, 'storage read (B)': 29686785, 'selection 1 time (s)': 15.896533012390137}
Thread times [0.02301812171936035, 5.538885831832886, 6.25391411781311, 9.292728900909424, 10.107017040252686, 10.873388767242432, 12.56622314453125, 12.637740135192871, 12.756523847579956, 13.991935968399048, 14.569755792617798, 15.055423974990845, 15.275636911392212, 15.398040056228638, 16.117852210998535]
{'args': ((25, 0, slice(0, 960, None), slice(None, None, None)),), 'dataset shape': (40, 11, 1921, 2560), 'dataset chunks': (7, 1, 385, 512), 'indexing time (s)': 2.1457672119140625e-06, 'chunk number': 1650, 'reduction time (s)': 16.126298904418945, 'chunks processed': 15, 'storage read (B)': 29686785, 'selection 1 time (s)': 16.126492977142334}
Thread times [0.02092289924621582, 5.651238203048706, 7.517431020736694, 8.38310718536377, 8.527837991714478, 10.65562891960144, 11.25708794593811, 12.83061408996582, 12.866146087646484, 13.506760120391846, 13.549316883087158, 14.299340009689331, 14.79430866241455, 15.183665752410889, 15.311107873916626]
{'args': ((26, 0, slice(0, 960, None), slice(None, None, None)),), 'dataset shape': (40, 11, 1921, 2560), 'dataset chunks': (7, 1, 385, 512), 'indexing time (s)': 9.5367431640625e-07, 'chunk number': 1650, 'reduction time (s)': 15.337716102600098, 'chunks processed': 15, 'storage read (B)': 29686785, 'selection 1 time (s)': 15.33788800239563}
Thread times [0.023000240325927734, 6.975131034851074, 7.147253036499023, 11.022850036621094, 11.06196403503418, 11.317774772644043, 13.486668109893799, 13.530762195587158, 13.654785633087158, 14.443841934204102, 14.658825874328613, 15.125461101531982, 15.822412014007568, 16.773550987243652, 16.77611017227173]
{'args': ((27, 0, slice(0, 960, None), slice(None, None, None)),), 'dataset shape': (40, 11, 1921, 2560), 'dataset chunks': (7, 1, 385, 512), 'indexing time (s)': 9.5367431640625e-07, 'chunk number': 1650, 'reduction time (s)': 16.78381896018982, 'chunks processed': 15, 'storage read (B)': 29686785, 'selection 1 time (s)': 16.783987045288086}
Thread times [7.124542951583862, 8.140866756439209, 8.53886890411377, 8.731122255325317, 9.966270923614502, 10.473697900772095, 10.985743999481201, 11.439954042434692, 12.13862919807434, 12.216986179351807, 15.029658079147339, 15.071551084518433, 15.499639749526978, 16.059444904327393, 16.097208976745605]
{'args': ((28, 0, slice(0, 960, None), slice(None, None, None)),), 'dataset shape': (40, 11, 1921, 2560), 'dataset chunks': (7, 1, 385, 512), 'indexing time (s)': 9.5367431640625e-07, 'chunk number': 1650, 'reduction time (s)': 16.10348415374756, 'chunks processed': 15, 'storage read (B)': 29670387, 'selection 1 time (s)': 16.103646993637085}
Thread times [0.021368026733398438, 6.192931175231934, 6.917029142379761, 8.330103874206543, 8.876702070236206, 9.046004056930542, 11.098219871520996, 11.115196943283081, 11.53727912902832, 12.387301206588745, 13.233515739440918, 14.800801038742065, 15.107394933700562, 15.19406795501709, 15.62567400932312]
{'args': ((29, 0, slice(0, 960, None), slice(None, None, None)),), 'dataset shape': (40, 11, 1921, 2560), 'dataset chunks': (7, 1, 385, 512), 'indexing time (s)': 9.5367431640625e-07, 'chunk number': 1650, 'reduction time (s)': 15.632782936096191, 'chunks processed': 15, 'storage read (B)': 29670387, 'selection 1 time (s)': 15.63294005393982}
Thread times [0.024879932403564453, 5.277554035186768, 7.670212030410767, 7.6761932373046875, 8.291929960250854, 9.742022037506104, 11.0121169090271, 11.014217138290405, 11.799405097961426, 12.795114040374756, 12.825117826461792, 12.960904836654663, 14.282330989837646, 14.43118691444397, 14.860806941986084]
{'args': ((30, 0, slice(0, 960, None), slice(None, None, None)),), 'dataset shape': (40, 11, 1921, 2560), 'dataset chunks': (7, 1, 385, 512), 'indexing time (s)': 9.5367431640625e-07, 'chunk number': 1650, 'reduction time (s)': 14.868354082107544, 'chunks processed': 15, 'storage read (B)': 29670387, 'selection 1 time (s)': 14.868564128875732}
Thread times [0.02514815330505371, 6.315426826477051, 7.910291910171509, 8.72241497039795, 8.869355916976929, 9.909847736358643, 10.620345830917358, 10.860592126846313, 11.133998155593872, 12.002202033996582, 13.140016078948975, 14.552721977233887, 14.745054960250854, 14.748040914535522, 14.897200107574463]
{'args': ((31, 0, slice(0, 960, None), slice(None, None, None)),), 'dataset shape': (40, 11, 1921, 2560), 'dataset chunks': (7, 1, 385, 512), 'indexing time (s)': 3.0994415283203125e-06, 'chunk number': 1650, 'reduction time (s)': 14.907233953475952, 'chunks processed': 15, 'storage read (B)': 29670387, 'selection 1 time (s)': 14.907451152801514}
Thread times [0.02252793312072754, 4.877678871154785, 7.6759421825408936, 8.540654182434082, 9.959680080413818, 10.817918062210083, 12.165022850036621, 12.735992670059204, 12.890727996826172, 13.212159872055054, 13.894564151763916, 15.043029069900513, 15.069116115570068, 15.608320951461792, 15.92078709602356]
{'args': ((32, 0, slice(0, 960, None), slice(None, None, None)),), 'dataset shape': (40, 11, 1921, 2560), 'dataset chunks': (7, 1, 385, 512), 'indexing time (s)': 9.5367431640625e-07, 'chunk number': 1650, 'reduction time (s)': 15.928777933120728, 'chunks processed': 15, 'storage read (B)': 29670387, 'selection 1 time (s)': 15.928993940353394}
Thread times [0.023813962936401367, 6.96602988243103, 8.627060890197754, 9.861151933670044, 10.39503812789917, 10.449367046356201, 11.272730112075806, 11.518938064575195, 12.063428163528442, 12.78885817527771, 13.402791976928711, 14.616119146347046, 15.401745080947876, 15.729788303375244, 15.794353723526001]
{'args': ((33, 0, slice(0, 960, None), slice(None, None, None)),), 'dataset shape': (40, 11, 1921, 2560), 'dataset chunks': (7, 1, 385, 512), 'indexing time (s)': 1.9073486328125e-06, 'chunk number': 1650, 'reduction time (s)': 15.800390243530273, 'chunks processed': 15, 'storage read (B)': 29670387, 'selection 1 time (s)': 15.8006010055542}
Thread times [0.021152973175048828, 5.494343042373657, 7.543004751205444, 8.854465961456299, 10.405105113983154, 10.520221948623657, 10.518867015838623, 10.687561273574829, 11.167290925979614, 11.912171125411987, 12.539372682571411, 13.46552300453186, 14.262670993804932, 14.875294208526611, 15.064497232437134]
{'args': ((34, 0, slice(0, 960, None), slice(None, None, None)),), 'dataset shape': (40, 11, 1921, 2560), 'dataset chunks': (7, 1, 385, 512), 'indexing time (s)': 2.1457672119140625e-06, 'chunk number': 1650, 'reduction time (s)': 15.069517135620117, 'chunks processed': 15, 'storage read (B)': 29670387, 'selection 1 time (s)': 15.069666624069214}
Thread times [3.8585588932037354, 5.621156930923462, 6.778233766555786, 7.3638200759887695, 8.023300170898438, 8.077140092849731, 9.649309873580933, 9.805917739868164, 11.26025104522705, 11.77350401878357, 11.879400968551636, 12.14533805847168, 12.620140790939331, 13.250795841217041, 13.31754207611084]
{'args': ((35, 0, slice(0, 960, None), slice(None, None, None)),), 'dataset shape': (40, 11, 1921, 2560), 'dataset chunks': (7, 1, 385, 512), 'indexing time (s)': 9.5367431640625e-07, 'chunk number': 1650, 'reduction time (s)': 13.323966979980469, 'chunks processed': 15, 'storage read (B)': 21287473, 'selection 1 time (s)': 13.32409119606018}
Thread times [0.02092123031616211, 5.63291597366333, 5.6466522216796875, 6.43268609046936, 7.61333703994751, 7.681916236877441, 9.824831008911133, 10.014525890350342, 10.551088809967041, 10.787175178527832, 11.307634115219116, 11.511857032775879, 11.805147171020508, 12.470256805419922, 12.476363182067871]
{'args': ((36, 0, slice(0, 960, None), slice(None, None, None)),), 'dataset shape': (40, 11, 1921, 2560), 'dataset chunks': (7, 1, 385, 512), 'indexing time (s)': 1.1920928955078125e-06, 'chunk number': 1650, 'reduction time (s)': 12.48030686378479, 'chunks processed': 15, 'storage read (B)': 21287473, 'selection 1 time (s)': 12.480441093444824}
Thread times [0.020771026611328125, 4.259129762649536, 6.195204019546509, 6.2075183391571045, 7.262493848800659, 8.440737009048462, 9.151397705078125, 9.422717809677124, 9.601355791091919, 10.452623128890991, 10.461651086807251, 11.668652772903442, 12.057265996932983, 12.182371854782104, 12.282418251037598]
{'args': ((37, 0, slice(0, 960, None), slice(None, None, None)),), 'dataset shape': (40, 11, 1921, 2560), 'dataset chunks': (7, 1, 385, 512), 'indexing time (s)': 9.5367431640625e-07, 'chunk number': 1650, 'reduction time (s)': 12.291945934295654, 'chunks processed': 15, 'storage read (B)': 21287473, 'selection 1 time (s)': 12.292139053344727}
Thread times [0.01994013786315918, 6.300849199295044, 6.520779848098755, 6.533085107803345, 7.362397909164429, 8.625093936920166, 8.891693830490112, 9.185420036315918, 9.296133995056152, 9.88929295539856, 10.982282161712646, 12.254977941513062, 12.336101055145264, 12.534854888916016, 12.590175867080688]
{'args': ((38, 0, slice(0, 960, None), slice(None, None, None)),), 'dataset shape': (40, 11, 1921, 2560), 'dataset chunks': (7, 1, 385, 512), 'indexing time (s)': 2.1457672119140625e-06, 'chunk number': 1650, 'reduction time (s)': 12.595377922058105, 'chunks processed': 15, 'storage read (B)': 21287473, 'selection 1 time (s)': 12.595587968826294}
Thread times [0.02095794677734375, 5.143618822097778, 5.920169115066528, 6.992073059082031, 8.068412780761719, 8.306868076324463, 9.22316312789917, 9.769691944122314, 9.873760223388672, 10.113343000411987, 11.008033752441406, 11.65762710571289, 11.74475884437561, 11.900538206100464, 12.464298963546753]
{'args': ((39, 0, slice(0, 960, None), slice(None, None, None)),), 'dataset shape': (40, 11, 1921, 2560), 'dataset chunks': (7, 1, 385, 512), 'indexing time (s)': 1.9073486328125e-06, 'chunk number': 1650, 'reduction time (s)': 12.471892833709717, 'chunks processed': 15, 'storage read (B)': 21287473, 'selection 1 time (s)': 12.472057104110718}
[[226.07817708]
 [226.06473958]
 [225.93765625]
 [225.90807292]
 [225.91734375]
 [225.88455729]
 [225.82075521]
 [225.85440104]
 [225.98325521]
 [226.03804687]
 [226.01315104]
 [226.02330729]
 [226.03770833]
 [226.00479167]
 [225.91765625]
 [225.94033854]
 [225.98721354]
 [225.9146875 ]
 [225.81242188]
 [225.81869792]
 [225.84526042]
 [225.785     ]
 [225.63648438]
 [225.55653646]
 [225.45736979]
 [225.32369792]
 [225.16325521]
 [225.07794271]
 [225.0784375 ]
 [225.10664063]
 [225.17606771]
 [225.36877604]
 [225.57911458]
 [225.69080729]
 [225.72229167]
 [225.82367188]
 [225.93658854]
 [225.96765625]
 [225.91864583]
 [225.9225    ]]
Summary:  Hom24-np3:Local (T100,BS1): 4.42s,632.5s,654.5s
