Dataset loaded from S3 with s3fs and Pyfive: bnl/ch330a.pc19790301-def.nc (0.33,1.6e+01)
Thread times [2.372472047805786, 3.0006918907165527, 2.9875283241271973, 2.9771130084991455, 3.356574058532715, 3.3617520332336426, 2.8923561573028564, 3.7678780555725098, 3.3981339931488037, 3.376408100128174, 4.78938889503479, 3.0605061054229736, 3.6032838821411133, 3.559119701385498, 2.9203920364379883]
{'load nc time': 18.234473943710327, 'args': ((0, 0, slice(0, 960, None), slice(None, None, None)),), 'dataset shape': (40, 11, 1921, 2560), 'dataset chunks': (7, 1, 385, 512), 'indexing time (s)': 74.4303719997406, 'chunk number': 1650, 'reduction time (s)': 49.42491126060486, 'chunks processed': 15, 'storage read (B)': 29685482, 'selection 1 time (s)': 123.8556170463562}
Thread times [2.9742431640625, 2.7191810607910156, 3.2813796997070312, 3.067171096801758, 3.5137009620666504, 3.8310258388519287, 3.630331039428711, 2.9120588302612305, 3.4096288681030273, 4.1529741287231445, 3.5476198196411133, 2.9415509700775146, 3.3876900672912598, 4.463045120239258, 3.687731981277466]
{'args': ((1, 0, slice(0, 960, None), slice(None, None, None)),), 'dataset shape': (40, 11, 1921, 2560), 'dataset chunks': (7, 1, 385, 512), 'indexing time (s)': 1.1920928955078125e-06, 'chunk number': 1650, 'reduction time (s)': 51.5204598903656, 'chunks processed': 15, 'storage read (B)': 29685482, 'selection 1 time (s)': 51.5206241607666}
Thread times [2.8805997371673584, 2.8068690299987793, 4.328932762145996, 2.5175349712371826, 3.4793131351470947, 2.849029064178467, 3.696074962615967, 3.4371349811553955, 3.636930227279663, 3.292086124420166, 3.097033977508545, 3.395939826965332, 3.6220250129699707, 3.340589761734009, 2.9452028274536133]
{'args': ((2, 0, slice(0, 960, None), slice(None, None, None)),), 'dataset shape': (40, 11, 1921, 2560), 'dataset chunks': (7, 1, 385, 512), 'indexing time (s)': 9.5367431640625e-07, 'chunk number': 1650, 'reduction time (s)': 49.32646703720093, 'chunks processed': 15, 'storage read (B)': 29685482, 'selection 1 time (s)': 49.32659411430359}
Thread times [2.802345037460327, 2.306562900543213, 3.7139408588409424, 2.597362995147705, 3.1853158473968506, 3.1870310306549072, 3.0909619331359863, 3.5642497539520264, 3.0605478286743164, 3.624945878982544, 3.92031192779541, 5.553804159164429, 3.7755517959594727, 4.246384143829346, 3.524186134338379]
{'args': ((3, 0, slice(0, 960, None), slice(None, None, None)),), 'dataset shape': (40, 11, 1921, 2560), 'dataset chunks': (7, 1, 385, 512), 'indexing time (s)': 1.1920928955078125e-06, 'chunk number': 1650, 'reduction time (s)': 52.154520988464355, 'chunks processed': 15, 'storage read (B)': 29685482, 'selection 1 time (s)': 52.15468072891235}
Thread times [3.722886800765991, 3.1750648021698, 3.6126389503479004, 3.093596935272217, 3.332828998565674, 3.9840378761291504, 3.0047240257263184, 3.8267037868499756, 3.405366897583008, 3.768176317214966, 3.5022218227386475, 3.8226540088653564, 3.3741629123687744, 3.384453058242798, 2.8351409435272217]
{'args': ((4, 0, slice(0, 960, None), slice(None, None, None)),), 'dataset shape': (40, 11, 1921, 2560), 'dataset chunks': (7, 1, 385, 512), 'indexing time (s)': 0.0, 'chunk number': 1650, 'reduction time (s)': 51.84573221206665, 'chunks processed': 15, 'storage read (B)': 29685482, 'selection 1 time (s)': 51.84583282470703}
Thread times [2.740715980529785, 3.5078086853027344, 2.7482850551605225, 3.11962890625, 3.0542140007019043, 3.286695957183838, 4.094577789306641, 3.5058600902557373, 3.346301317214966, 3.368488311767578, 2.7210140228271484, 3.518015146255493, 3.2141597270965576, 3.142465114593506, 3.4125750064849854]
{'args': ((5, 0, slice(0, 960, None), slice(None, None, None)),), 'dataset shape': (40, 11, 1921, 2560), 'dataset chunks': (7, 1, 385, 512), 'indexing time (s)': 1.6689300537109375e-06, 'chunk number': 1650, 'reduction time (s)': 48.78205728530884, 'chunks processed': 15, 'storage read (B)': 29685482, 'selection 1 time (s)': 48.7821991443634}
Thread times [2.638479709625244, 5.681806802749634, 3.982936143875122, 3.2467448711395264, 4.145101070404053, 3.477559804916382, 3.8033058643341064, 3.245922803878784, 3.539638042449951, 3.4051730632781982, 3.3178160190582275, 3.499896764755249, 2.926121950149536, 4.531582832336426, 3.658320903778076]
{'args': ((6, 0, slice(0, 960, None), slice(None, None, None)),), 'dataset shape': (40, 11, 1921, 2560), 'dataset chunks': (7, 1, 385, 512), 'indexing time (s)': 1.9073486328125e-06, 'chunk number': 1650, 'reduction time (s)': 55.101564168930054, 'chunks processed': 15, 'storage read (B)': 29685482, 'selection 1 time (s)': 55.1017279624939}
Thread times [2.816084146499634, 2.6533291339874268, 3.138684034347534, 2.8691530227661133, 3.1679930686950684, 3.1334407329559326, 3.428884983062744, 3.333519220352173, 0.02342700958251953, 0.019407987594604492, 3.092651844024658, 3.3987672328948975, 2.8935739994049072, 3.6666548252105713, 3.3734710216522217]
{'args': ((7, 0, slice(0, 960, None), slice(None, None, None)),), 'dataset shape': (40, 11, 1921, 2560), 'dataset chunks': (7, 1, 385, 512), 'indexing time (s)': 9.5367431640625e-07, 'chunk number': 1650, 'reduction time (s)': 41.01013708114624, 'chunks processed': 15, 'storage read (B)': 29701892, 'selection 1 time (s)': 41.010262966156006}
Thread times [2.40140438079834, 2.8118019104003906, 3.241830825805664, 2.954028844833374, 2.6489946842193604, 3.4188408851623535, 3.507927894592285, 3.637509822845459, 0.023053884506225586, 0.01882004737854004, 2.7407917976379395, 3.070808172225952, 3.5981481075286865, 3.445194959640503, 2.8799917697906494]
{'args': ((8, 0, slice(0, 960, None), slice(None, None, None)),), 'dataset shape': (40, 11, 1921, 2560), 'dataset chunks': (7, 1, 385, 512), 'indexing time (s)': 9.5367431640625e-07, 'chunk number': 1650, 'reduction time (s)': 40.40017580986023, 'chunks processed': 15, 'storage read (B)': 29701892, 'selection 1 time (s)': 40.40028119087219}
Thread times [3.3079869747161865, 3.4179399013519287, 3.0501668453216553, 2.91858172416687, 2.9752209186553955, 3.3710269927978516, 3.101022958755493, 3.654108762741089, 0.01802682876586914, 0.016510963439941406, 3.0162689685821533, 3.4017038345336914, 4.276961088180542, 3.4178829193115234, 3.031852960586548]
{'args': ((9, 0, slice(0, 960, None), slice(None, None, None)),), 'dataset shape': (40, 11, 1921, 2560), 'dataset chunks': (7, 1, 385, 512), 'indexing time (s)': 9.5367431640625e-07, 'chunk number': 1650, 'reduction time (s)': 42.97639298439026, 'chunks processed': 15, 'storage read (B)': 29701892, 'selection 1 time (s)': 42.976542234420776}
Thread times [3.1198787689208984, 2.5798428058624268, 3.1937239170074463, 2.908013105392456, 3.1803138256073, 3.935107707977295, 4.005130052566528, 3.6689231395721436, 0.023834943771362305, 0.019284963607788086, 3.696406126022339, 3.3295369148254395, 4.028427839279175, 3.5797979831695557, 3.695991039276123]
{'args': ((10, 0, slice(0, 960, None), slice(None, None, None)),), 'dataset shape': (40, 11, 1921, 2560), 'dataset chunks': (7, 1, 385, 512), 'indexing time (s)': 2.1457672119140625e-06, 'chunk number': 1650, 'reduction time (s)': 44.96541690826416, 'chunks processed': 15, 'storage read (B)': 29701892, 'selection 1 time (s)': 44.96560573577881}
Thread times [2.4880788326263428, 2.2992160320281982, 3.1596322059631348, 3.1943202018737793, 5.005206108093262, 3.4847629070281982, 2.966214895248413, 3.5936319828033447, 0.020801067352294922, 0.019504785537719727, 2.7336061000823975, 4.739444971084595, 3.9904329776763916, 3.3380091190338135, 4.544997215270996]
{'args': ((11, 0, slice(0, 960, None), slice(None, None, None)),), 'dataset shape': (40, 11, 1921, 2560), 'dataset chunks': (7, 1, 385, 512), 'indexing time (s)': 1.9073486328125e-06, 'chunk number': 1650, 'reduction time (s)': 45.57891798019409, 'chunks processed': 15, 'storage read (B)': 29701892, 'selection 1 time (s)': 45.579097032547}
Thread times [2.785068988800049, 2.6291918754577637, 3.0334877967834473, 2.617794990539551, 3.095773935317993, 3.1257247924804688, 3.1270501613616943, 3.0704948902130127, 0.022777080535888672, 0.021314144134521484, 3.1985180377960205, 3.844923257827759, 3.0624630451202393, 3.3497791290283203, 3.4288229942321777]
{'args': ((12, 0, slice(0, 960, None), slice(None, None, None)),), 'dataset shape': (40, 11, 1921, 2560), 'dataset chunks': (7, 1, 385, 512), 'indexing time (s)': 9.5367431640625e-07, 'chunk number': 1650, 'reduction time (s)': 40.414133071899414, 'chunks processed': 15, 'storage read (B)': 29701892, 'selection 1 time (s)': 40.41422963142395}
Thread times [2.9882471561431885, 2.7353129386901855, 3.19439697265625, 3.0139272212982178, 2.8649160861968994, 3.0343360900878906, 3.1683239936828613, 3.339686155319214, 0.01783299446105957, 0.01732802391052246, 3.3976900577545166, 3.203883171081543, 3.305008888244629, 3.370474100112915, 3.8329718112945557]
{'args': ((13, 0, slice(0, 960, None), slice(None, None, None)),), 'dataset shape': (40, 11, 1921, 2560), 'dataset chunks': (7, 1, 385, 512), 'indexing time (s)': 1.1920928955078125e-06, 'chunk number': 1650, 'reduction time (s)': 41.48509192466736, 'chunks processed': 15, 'storage read (B)': 29701892, 'selection 1 time (s)': 41.48520803451538}
Thread times [2.6266539096832275, 2.7408127784729004, 3.66446590423584, 3.3224871158599854, 3.874199151992798, 3.127570867538452, 3.349571943283081, 3.1166019439697266, 0.022474050521850586, 3.075942039489746, 2.9391469955444336, 3.286076068878174, 3.4266209602355957, 3.0311999320983887, 3.674286127090454]
{'args': ((14, 0, slice(0, 960, None), slice(None, None, None)),), 'dataset shape': (40, 11, 1921, 2560), 'dataset chunks': (7, 1, 385, 512), 'indexing time (s)': 7.152557373046875e-07, 'chunk number': 1650, 'reduction time (s)': 45.27886629104614, 'chunks processed': 15, 'storage read (B)': 29733505, 'selection 1 time (s)': 45.278964042663574}
Thread times [2.880706787109375, 2.738525867462158, 3.151522159576416, 3.01664400100708, 3.5243167877197266, 2.8740198612213135, 3.5253469944000244, 3.281522274017334, 0.017679929733276367, 2.9961330890655518, 2.8441286087036133, 3.0792341232299805, 3.2493772506713867, 2.9425389766693115, 3.2548468112945557]
{'args': ((15, 0, slice(0, 960, None), slice(None, None, None)),), 'dataset shape': (40, 11, 1921, 2560), 'dataset chunks': (7, 1, 385, 512), 'indexing time (s)': 1.1920928955078125e-06, 'chunk number': 1650, 'reduction time (s)': 43.37733507156372, 'chunks processed': 15, 'storage read (B)': 29733505, 'selection 1 time (s)': 43.3774299621582}
Thread times [2.4289681911468506, 2.9366416931152344, 4.117044925689697, 2.575643301010132, 2.9499590396881104, 3.236812114715576, 3.303579092025757, 3.427335262298584, 0.01833510398864746, 3.4202492237091064, 3.0300087928771973, 3.9287819862365723, 3.0640759468078613, 3.4225358963012695, 3.0364887714385986]
{'args': ((16, 0, slice(0, 960, None), slice(None, None, None)),), 'dataset shape': (40, 11, 1921, 2560), 'dataset chunks': (7, 1, 385, 512), 'indexing time (s)': 9.5367431640625e-07, 'chunk number': 1650, 'reduction time (s)': 44.897367000579834, 'chunks processed': 15, 'storage read (B)': 29733505, 'selection 1 time (s)': 44.897480964660645}
Thread times [2.6864662170410156, 4.326839208602905, 2.8568809032440186, 3.30593204498291, 2.599555015563965, 3.1944382190704346, 3.212454080581665, 3.713231086730957, 0.0202481746673584, 2.860276937484741, 3.249613046646118, 3.367072820663452, 2.793473720550537, 3.385006904602051, 3.3315250873565674]
{'args': ((17, 0, slice(0, 960, None), slice(None, None, None)),), 'dataset shape': (40, 11, 1921, 2560), 'dataset chunks': (7, 1, 385, 512), 'indexing time (s)': 1.1920928955078125e-06, 'chunk number': 1650, 'reduction time (s)': 44.903810024261475, 'chunks processed': 15, 'storage read (B)': 29733505, 'selection 1 time (s)': 44.903950214385986}
Thread times [2.9486091136932373, 2.4350059032440186, 2.768588066101074, 3.0568342208862305, 2.774819850921631, 3.017707109451294, 3.337510824203491, 3.0510358810424805, 0.017746925354003906, 2.950911045074463, 3.3222782611846924, 2.9829330444335938, 3.098339080810547, 2.9442617893218994, 3.5638647079467773]
{'args': ((18, 0, slice(0, 960, None), slice(None, None, None)),), 'dataset shape': (40, 11, 1921, 2560), 'dataset chunks': (7, 1, 385, 512), 'indexing time (s)': 1.1920928955078125e-06, 'chunk number': 1650, 'reduction time (s)': 42.27131485939026, 'chunks processed': 15, 'storage read (B)': 29733505, 'selection 1 time (s)': 42.27143216133118}
Thread times [2.6843667030334473, 2.8700239658355713, 2.813081979751587, 2.554097890853882, 3.120682954788208, 3.1150429248809814, 2.8421430587768555, 3.479198932647705, 0.018545866012573242, 2.7980308532714844, 3.43988299369812, 2.8683080673217773, 2.980283260345459, 4.386628866195679, 2.9738287925720215]
{'args': ((19, 0, slice(0, 960, None), slice(None, None, None)),), 'dataset shape': (40, 11, 1921, 2560), 'dataset chunks': (7, 1, 385, 512), 'indexing time (s)': 9.5367431640625e-07, 'chunk number': 1650, 'reduction time (s)': 42.94497799873352, 'chunks processed': 15, 'storage read (B)': 29733505, 'selection 1 time (s)': 42.945131063461304}
Thread times [2.972370147705078, 2.406851053237915, 3.084604024887085, 3.77321195602417, 3.0914480686187744, 2.87666392326355, 3.1254310607910156, 3.123131036758423, 0.017940044403076172, 3.3214540481567383, 4.25391697883606, 4.724669933319092, 3.0318946838378906, 3.158812999725342, 3.228966236114502]
{'args': ((20, 0, slice(0, 960, None), slice(None, None, None)),), 'dataset shape': (40, 11, 1921, 2560), 'dataset chunks': (7, 1, 385, 512), 'indexing time (s)': 7.152557373046875e-07, 'chunk number': 1650, 'reduction time (s)': 46.19211721420288, 'chunks processed': 15, 'storage read (B)': 29733505, 'selection 1 time (s)': 46.192214012145996}
Thread times [3.087364912033081, 2.567355155944824, 2.6075479984283447, 0.01562190055847168, 0.015661239624023438, 3.4103569984436035, 3.133535861968994, 2.9449100494384766, 3.13904070854187, 2.9417097568511963, 3.3415021896362305, 3.307034969329834, 3.4100091457366943, 3.1590192317962646, 0.025371789932250977]
{'args': ((21, 0, slice(0, 960, None), slice(None, None, None)),), 'dataset shape': (40, 11, 1921, 2560), 'dataset chunks': (7, 1, 385, 512), 'indexing time (s)': 7.152557373046875e-07, 'chunk number': 1650, 'reduction time (s)': 37.10676121711731, 'chunks processed': 15, 'storage read (B)': 29686785, 'selection 1 time (s)': 37.106865882873535}
Thread times [3.8942699432373047, 2.851670026779175, 3.1903648376464844, 0.015636920928955078, 0.015720844268798828, 2.8543789386749268, 3.3015499114990234, 3.4662489891052246, 3.0641720294952393, 3.5292038917541504, 4.1830480098724365, 3.422142267227173, 2.883610963821411, 3.594264030456543, 0.023152828216552734]
{'args': ((22, 0, slice(0, 960, None), slice(None, None, None)),), 'dataset shape': (40, 11, 1921, 2560), 'dataset chunks': (7, 1, 385, 512), 'indexing time (s)': 9.5367431640625e-07, 'chunk number': 1650, 'reduction time (s)': 40.29032802581787, 'chunks processed': 15, 'storage read (B)': 29686785, 'selection 1 time (s)': 40.29042196273804}
Thread times [2.3788321018218994, 2.9955108165740967, 3.1972198486328125, 0.021749019622802734, 0.01804375648498535, 2.8735568523406982, 3.463825225830078, 3.2208807468414307, 3.1657660007476807, 4.0561370849609375, 3.0145819187164307, 3.2623989582061768, 4.190935134887695, 3.495466947555542, 0.02432703971862793]
{'args': ((23, 0, slice(0, 960, None), slice(None, None, None)),), 'dataset shape': (40, 11, 1921, 2560), 'dataset chunks': (7, 1, 385, 512), 'indexing time (s)': 9.5367431640625e-07, 'chunk number': 1650, 'reduction time (s)': 39.38017416000366, 'chunks processed': 15, 'storage read (B)': 29686785, 'selection 1 time (s)': 39.38027286529541}
Thread times [2.757723093032837, 2.7613699436187744, 3.1762640476226807, 0.02326178550720215, 0.018105030059814453, 3.300779104232788, 2.8551812171936035, 3.4597251415252686, 3.740633726119995, 3.5159101486206055, 3.1247012615203857, 3.5266988277435303, 2.8925857543945312, 5.264648199081421, 0.023031949996948242]
{'args': ((24, 0, slice(0, 960, None), slice(None, None, None)),), 'dataset shape': (40, 11, 1921, 2560), 'dataset chunks': (7, 1, 385, 512), 'indexing time (s)': 7.152557373046875e-07, 'chunk number': 1650, 'reduction time (s)': 40.44163918495178, 'chunks processed': 15, 'storage read (B)': 29686785, 'selection 1 time (s)': 40.44174003601074}
Thread times [2.3388538360595703, 3.251260995864868, 2.737433910369873, 0.01862502098083496, 0.01660895347595215, 3.6195309162139893, 3.683310031890869, 4.1256420612335205, 3.327759027481079, 3.8436949253082275, 3.0604300498962402, 3.0487148761749268, 3.583855152130127, 3.900613307952881, 0.023588895797729492]
{'args': ((25, 0, slice(0, 960, None), slice(None, None, None)),), 'dataset shape': (40, 11, 1921, 2560), 'dataset chunks': (7, 1, 385, 512), 'indexing time (s)': 9.5367431640625e-07, 'chunk number': 1650, 'reduction time (s)': 40.580893993377686, 'chunks processed': 15, 'storage read (B)': 29686785, 'selection 1 time (s)': 40.580995082855225}
Thread times [2.9234259128570557, 2.567044973373413, 2.5941669940948486, 0.023640155792236328, 0.01828289031982422, 3.4137392044067383, 4.648627996444702, 3.4176530838012695, 3.60355281829834, 3.535794973373413, 2.859734058380127, 3.2825701236724854, 3.7750630378723145, 2.907639980316162, 0.02348804473876953]
{'args': ((26, 0, slice(0, 960, None), slice(None, None, None)),), 'dataset shape': (40, 11, 1921, 2560), 'dataset chunks': (7, 1, 385, 512), 'indexing time (s)': 9.5367431640625e-07, 'chunk number': 1650, 'reduction time (s)': 39.595379114151, 'chunks processed': 15, 'storage read (B)': 29686785, 'selection 1 time (s)': 39.5954749584198}
Thread times [2.85311222076416, 2.8198206424713135, 2.6484968662261963, 0.023539066314697266, 0.01817798614501953, 3.8809778690338135, 3.5315279960632324, 3.009204149246216, 3.257864236831665, 3.719345808029175, 2.7499639987945557, 4.023844242095947, 3.1665141582489014, 3.5814192295074463, 0.02398514747619629]
{'args': ((27, 0, slice(0, 960, None), slice(None, None, None)),), 'dataset shape': (40, 11, 1921, 2560), 'dataset chunks': (7, 1, 385, 512), 'indexing time (s)': 0.0, 'chunk number': 1650, 'reduction time (s)': 39.30884003639221, 'chunks processed': 15, 'storage read (B)': 29686785, 'selection 1 time (s)': 39.30893635749817}
Thread times [2.7594618797302246, 2.35395884513855, 3.4350762367248535, 2.5332417488098145, 3.156946897506714, 3.0650577545166016, 0.021756887435913086, 3.4072420597076416, 0.02437877655029297, 2.846205949783325, 3.253525972366333, 3.7423057556152344, 2.902521848678589, 3.2634599208831787, 3.5772101879119873]
{'args': ((28, 0, slice(0, 960, None), slice(None, None, None)),), 'dataset shape': (40, 11, 1921, 2560), 'dataset chunks': (7, 1, 385, 512), 'indexing time (s)': 0.0, 'chunk number': 1650, 'reduction time (s)': 40.343376874923706, 'chunks processed': 15, 'storage read (B)': 29670387, 'selection 1 time (s)': 40.343505859375}
Thread times [2.6494100093841553, 2.3884239196777344, 3.8240768909454346, 2.5858709812164307, 3.3461742401123047, 3.252858877182007, 0.023555994033813477, 2.8420400619506836, 0.02429986000061035, 4.159908771514893, 3.1222639083862305, 3.5432069301605225, 2.923025131225586, 3.5864131450653076, 3.7068870067596436]
{'args': ((29, 0, slice(0, 960, None), slice(None, None, None)),), 'dataset shape': (40, 11, 1921, 2560), 'dataset chunks': (7, 1, 385, 512), 'indexing time (s)': 1.9073486328125e-06, 'chunk number': 1650, 'reduction time (s)': 41.979618072509766, 'chunks processed': 15, 'storage read (B)': 29670387, 'selection 1 time (s)': 41.97978973388672}
Thread times [3.0266361236572266, 2.459760904312134, 3.3844377994537354, 2.516780138015747, 2.978609085083008, 2.9220049381256104, 0.023578166961669922, 3.389802932739258, 0.022636890411376953, 3.322075843811035, 3.252485752105713, 3.141596794128418, 3.3140759468078613, 3.373857021331787, 3.6235079765319824]
{'args': ((30, 0, slice(0, 960, None), slice(None, None, None)),), 'dataset shape': (40, 11, 1921, 2560), 'dataset chunks': (7, 1, 385, 512), 'indexing time (s)': 9.5367431640625e-07, 'chunk number': 1650, 'reduction time (s)': 40.752989053726196, 'chunks processed': 15, 'storage read (B)': 29670387, 'selection 1 time (s)': 40.75316405296326}
Thread times [2.363996744155884, 2.8693418502807617, 2.848891258239746, 3.7531070709228516, 2.5493202209472656, 3.439594030380249, 0.023392915725708008, 3.428429126739502, 0.023829936981201172, 2.8185667991638184, 3.509368896484375, 3.090583086013794, 3.358588933944702, 3.8929240703582764, 3.8367056846618652]
{'args': ((31, 0, slice(0, 960, None), slice(None, None, None)),), 'dataset shape': (40, 11, 1921, 2560), 'dataset chunks': (7, 1, 385, 512), 'indexing time (s)': 2.86102294921875e-06, 'chunk number': 1650, 'reduction time (s)': 41.80774211883545, 'chunks processed': 15, 'storage read (B)': 29670387, 'selection 1 time (s)': 41.807908058166504}
Thread times [2.7810769081115723, 2.694136619567871, 2.6527559757232666, 3.3630259037017822, 2.8881638050079346, 3.636793851852417, 0.018009185791015625, 3.4728188514709473, 0.022481918334960938, 2.8611409664154053, 3.2583768367767334, 2.9413440227508545, 4.71299409866333, 3.302338123321533, 3.6863620281219482]
{'args': ((32, 0, slice(0, 960, None), slice(None, None, None)),), 'dataset shape': (40, 11, 1921, 2560), 'dataset chunks': (7, 1, 385, 512), 'indexing time (s)': 1.1920928955078125e-06, 'chunk number': 1650, 'reduction time (s)': 42.292855978012085, 'chunks processed': 15, 'storage read (B)': 29670387, 'selection 1 time (s)': 42.29298806190491}
Thread times [2.9193942546844482, 2.9291508197784424, 2.848320960998535, 3.3664209842681885, 3.254110097885132, 2.866269826889038, 0.023795127868652344, 3.4768409729003906, 0.023713111877441406, 3.0087523460388184, 3.1259078979492188, 3.1858482360839844, 3.1533329486846924, 4.500025033950806, 3.403193950653076]
{'args': ((33, 0, slice(0, 960, None), slice(None, None, None)),), 'dataset shape': (40, 11, 1921, 2560), 'dataset chunks': (7, 1, 385, 512), 'indexing time (s)': 9.5367431640625e-07, 'chunk number': 1650, 'reduction time (s)': 42.086138010025024, 'chunks processed': 15, 'storage read (B)': 29670387, 'selection 1 time (s)': 42.08626890182495}
Thread times [2.3819162845611572, 2.289572238922119, 3.158910036087036, 2.6192028522491455, 3.2043111324310303, 2.8152971267700195, 0.020663976669311523, 3.5911848545074463, 0.023452043533325195, 3.3617899417877197, 2.73764705657959, 3.404633045196533, 3.469632863998413, 2.8870482444763184, 3.3300600051879883]
{'args': ((34, 0, slice(0, 960, None), slice(None, None, None)),), 'dataset shape': (40, 11, 1921, 2560), 'dataset chunks': (7, 1, 385, 512), 'indexing time (s)': 1.1920928955078125e-06, 'chunk number': 1650, 'reduction time (s)': 39.296347856521606, 'chunks processed': 15, 'storage read (B)': 29670387, 'selection 1 time (s)': 39.29645323753357}
Thread times [2.4703662395477295, 2.6441988945007324, 4.50014591217041, 2.9090890884399414, 2.5110418796539307, 3.3018200397491455, 2.8871066570281982, 3.229123115539551, 3.1728909015655518, 2.9643800258636475, 3.4039831161499023, 2.6029739379882812, 2.9857709407806396, 2.583751916885376, 3.321418046951294]
{'args': ((35, 0, slice(0, 960, None), slice(None, None, None)),), 'dataset shape': (40, 11, 1921, 2560), 'dataset chunks': (7, 1, 385, 512), 'indexing time (s)': 9.5367431640625e-07, 'chunk number': 1650, 'reduction time (s)': 45.48922395706177, 'chunks processed': 15, 'storage read (B)': 21287473, 'selection 1 time (s)': 45.4893319606781}
Thread times [2.4678940773010254, 2.2456090450286865, 3.1683390140533447, 2.423103094100952, 3.2203009128570557, 3.2817180156707764, 2.710034132003784, 2.928299903869629, 3.1832330226898193, 2.848586082458496, 2.5661518573760986, 3.2255311012268066, 2.7832181453704834, 2.604602813720703, 2.9385361671447754]
{'args': ((36, 0, slice(0, 960, None), slice(None, None, None)),), 'dataset shape': (40, 11, 1921, 2560), 'dataset chunks': (7, 1, 385, 512), 'indexing time (s)': 7.152557373046875e-07, 'chunk number': 1650, 'reduction time (s)': 42.59638690948486, 'chunks processed': 15, 'storage read (B)': 21287473, 'selection 1 time (s)': 42.59652900695801}
Thread times [2.2588579654693604, 2.724844217300415, 2.6953070163726807, 2.4471187591552734, 2.4679958820343018, 3.293926239013672, 2.730404853820801, 2.77351975440979, 3.0779550075531006, 3.762282133102417, 2.615283966064453, 3.379910945892334, 3.2709832191467285, 3.0376338958740234, 3.276007890701294]
{'args': ((37, 0, slice(0, 960, None), slice(None, None, None)),), 'dataset shape': (40, 11, 1921, 2560), 'dataset chunks': (7, 1, 385, 512), 'indexing time (s)': 9.5367431640625e-07, 'chunk number': 1650, 'reduction time (s)': 43.81361794471741, 'chunks processed': 15, 'storage read (B)': 21287473, 'selection 1 time (s)': 43.81377720832825}
Thread times [2.689934253692627, 2.7211010456085205, 2.4546399116516113, 4.247766017913818, 3.0155701637268066, 3.295872688293457, 2.609755277633667, 4.206192970275879, 3.305047035217285, 3.8694839477539062, 3.3376760482788086, 3.147932291030884, 3.2765519618988037, 2.9907898902893066, 3.347410202026367]
{'args': ((38, 0, slice(0, 960, None), slice(None, None, None)),), 'dataset shape': (40, 11, 1921, 2560), 'dataset chunks': (7, 1, 385, 512), 'indexing time (s)': 9.5367431640625e-07, 'chunk number': 1650, 'reduction time (s)': 48.51689696311951, 'chunks processed': 15, 'storage read (B)': 21287473, 'selection 1 time (s)': 48.517061710357666}
Thread times [2.4241673946380615, 2.730461835861206, 2.9622962474823, 2.7760579586029053, 3.3847570419311523, 2.981879949569702, 3.077320098876953, 3.0929970741271973, 3.1069769859313965, 3.22072696685791, 2.9033069610595703, 3.3739099502563477, 4.113023042678833, 3.3767800331115723, 3.265841007232666]
{'args': ((39, 0, slice(0, 960, None), slice(None, None, None)),), 'dataset shape': (40, 11, 1921, 2560), 'dataset chunks': (7, 1, 385, 512), 'indexing time (s)': 2.1457672119140625e-06, 'chunk number': 1650, 'reduction time (s)': 46.791780948638916, 'chunks processed': 15, 'storage read (B)': 21287473, 'selection 1 time (s)': 46.79196786880493}
[[226.07817708]
 [226.06473958]
 [225.93765625]
 [225.90807292]
 [225.91734375]
 [225.88453125]
 [225.82075521]
 [225.85440104]
 [225.98328125]
 [226.03804687]
 [226.01315104]
 [226.02330729]
 [226.03770833]
 [226.00476563]
 [225.91765625]
 [225.94036458]
 [225.98721354]
 [225.9146875 ]
 [225.81242188]
 [225.81869792]
 [225.84526042]
 [225.78497396]
 [225.63651042]
 [225.55651042]
 [225.45734375]
 [225.32369792]
 [225.16325521]
 [225.07794271]
 [225.07846354]
 [225.10664063]
 [225.17609375]
 [225.36880208]
 [225.57911458]
 [225.69080729]
 [225.72229167]
 [225.82367188]
 [225.93658854]
 [225.96765625]
 [225.91861979]
 [225.9225    ]]
Summary:  Hom24-np3:Local (T1,BS5): 18.2s,1.757e+03s,1.85e+03s
