Dataset loaded from S3 with s3fs and Pyfive: bnl/ch330a.pc19790301-def.nc (0.037,1.3e+01)
Thread times [21.58964705467224, 24.995264053344727, 25.5593101978302, 27.029531955718994, 27.403421878814697, 27.879941701889038, 30.495140075683594, 33.05539512634277, 33.79583120346069, 34.462594985961914, 39.95261287689209, 41.72593832015991, 42.48320412635803, 43.4015429019928, 43.94339609146118]
{'load nc time': 127.91620087623596, 'args': ((0, 0, slice(0, 960, None), slice(None, None, None)),), 'dataset shape': (40, 11, 1921, 2560), 'dataset chunks': (7, 1, 385, 512), 'indexing time (s)': 74.752601146698, 'chunk number': 1650, 'reduction time (s)': 43.95870900154114, 'chunks processed': 15, 'storage read (B)': 29685482, 'selection 1 time (s)': 118.71163487434387}
Thread times [0.022670745849609375, 20.444963216781616, 22.50047492980957, 24.82146906852722, 26.74272894859314, 28.01077890396118, 30.706791877746582, 31.03760313987732, 31.23711895942688, 34.57078695297241, 35.4298312664032, 39.94936490058899, 41.37372326850891, 41.518431186676025, 42.42201614379883]
{'args': ((1, 0, slice(0, 960, None), slice(None, None, None)),), 'dataset shape': (40, 11, 1921, 2560), 'dataset chunks': (7, 1, 385, 512), 'indexing time (s)': 1.1920928955078125e-06, 'chunk number': 1650, 'reduction time (s)': 42.42900490760803, 'chunks processed': 15, 'storage read (B)': 29685482, 'selection 1 time (s)': 42.42919087409973}
Thread times [0.022384166717529297, 25.007221937179565, 25.62783408164978, 26.900259733200073, 27.624716997146606, 27.63404107093811, 29.295921087265015, 31.264312982559204, 31.458813905715942, 31.747665882110596, 32.83737516403198, 40.70638394355774, 41.13237404823303, 41.431926012039185, 41.63538193702698]
{'args': ((2, 0, slice(0, 960, None), slice(None, None, None)),), 'dataset shape': (40, 11, 1921, 2560), 'dataset chunks': (7, 1, 385, 512), 'indexing time (s)': 9.5367431640625e-07, 'chunk number': 1650, 'reduction time (s)': 41.642433881759644, 'chunks processed': 15, 'storage read (B)': 29685482, 'selection 1 time (s)': 41.64259314537048}
Thread times [0.02254796028137207, 24.65859889984131, 25.735400915145874, 26.652804851531982, 27.241368055343628, 27.86933922767639, 28.482703924179077, 29.559223651885986, 31.18638801574707, 32.420835971832275, 32.42924690246582, 38.08477711677551, 39.234148025512695, 40.49221205711365, 40.914113998413086]
{'args': ((3, 0, slice(0, 960, None), slice(None, None, None)),), 'dataset shape': (40, 11, 1921, 2560), 'dataset chunks': (7, 1, 385, 512), 'indexing time (s)': 9.5367431640625e-07, 'chunk number': 1650, 'reduction time (s)': 40.919267892837524, 'chunks processed': 15, 'storage read (B)': 29685482, 'selection 1 time (s)': 40.91940784454346}
Thread times [0.02639484405517578, 23.022547960281372, 24.530678033828735, 25.271574020385742, 26.82656192779541, 26.843136072158813, 27.441970825195312, 28.021837949752808, 29.12017512321472, 29.247915029525757, 30.36184310913086, 37.18328285217285, 37.28567624092102, 38.88799214363098, 39.112688302993774]
{'args': ((4, 0, slice(0, 960, None), slice(None, None, None)),), 'dataset shape': (40, 11, 1921, 2560), 'dataset chunks': (7, 1, 385, 512), 'indexing time (s)': 1.1920928955078125e-06, 'chunk number': 1650, 'reduction time (s)': 39.12108588218689, 'chunks processed': 15, 'storage read (B)': 29685482, 'selection 1 time (s)': 39.12128782272339}
Thread times [0.025603771209716797, 24.813167810440063, 25.255511045455933, 26.002686977386475, 26.621299266815186, 26.827495098114014, 29.313454151153564, 31.102638959884644, 31.95798683166504, 32.19738698005676, 34.241668939590454, 40.660598039627075, 40.80941581726074, 42.061121225357056, 42.163907051086426]
{'args': ((5, 0, slice(0, 960, None), slice(None, None, None)),), 'dataset shape': (40, 11, 1921, 2560), 'dataset chunks': (7, 1, 385, 512), 'indexing time (s)': 2.1457672119140625e-06, 'chunk number': 1650, 'reduction time (s)': 42.169843912124634, 'chunks processed': 15, 'storage read (B)': 29685482, 'selection 1 time (s)': 42.170003175735474}
Thread times [0.02141118049621582, 22.160497903823853, 23.286216020584106, 25.206339120864868, 27.218673706054688, 28.590436220169067, 30.348119020462036, 31.13736081123352, 32.37133288383484, 33.09189224243164, 33.115341901779175, 38.52708292007446, 39.827144145965576, 40.4905641078949, 41.50923013687134]
{'args': ((6, 0, slice(0, 960, None), slice(None, None, None)),), 'dataset shape': (40, 11, 1921, 2560), 'dataset chunks': (7, 1, 385, 512), 'indexing time (s)': 0.0, 'chunk number': 1650, 'reduction time (s)': 41.51736092567444, 'chunks processed': 15, 'storage read (B)': 29685482, 'selection 1 time (s)': 41.51751089096069}
Thread times [228.82866621017456, 229.30034923553467, 231.85829997062683, 242.4886462688446, 246.01592803001404, 256.971116065979, 258.0304169654846, 260.759724855423, 261.1701822280884, 262.0772268772125, 264.4945390224457, 264.69291496276855, 264.88651990890503, 265.43141198158264, 265.4749457836151]
{'args': ((7, 0, slice(0, 960, None), slice(None, None, None)),), 'dataset shape': (40, 11, 1921, 2560), 'dataset chunks': (7, 1, 385, 512), 'indexing time (s)': 1.1920928955078125e-06, 'chunk number': 1650, 'reduction time (s)': 265.4768879413605, 'chunks processed': 15, 'storage read (B)': 29701892, 'selection 1 time (s)': 265.4770498275757}
Thread times [0.019659042358398438, 22.846911907196045, 25.51202416419983, 28.25985288619995, 28.579389095306396, 29.14566993713379, 29.66618013381958, 30.18020725250244, 31.024336099624634, 31.497528076171875, 31.538908004760742, 43.43513512611389, 44.82937407493591, 45.38304090499878, 46.016745805740356]
{'args': ((8, 0, slice(0, 960, None), slice(None, None, None)),), 'dataset shape': (40, 11, 1921, 2560), 'dataset chunks': (7, 1, 385, 512), 'indexing time (s)': 1.1920928955078125e-06, 'chunk number': 1650, 'reduction time (s)': 46.022867918014526, 'chunks processed': 15, 'storage read (B)': 29701892, 'selection 1 time (s)': 46.0230598449707}
Thread times [0.025686025619506836, 21.104062795639038, 26.464462995529175, 26.593246936798096, 26.684767961502075, 27.144156217575073, 27.44413471221924, 29.002347946166992, 29.75295400619507, 31.830492973327637, 33.025765895843506, 38.13275384902954, 38.81779098510742, 39.6009259223938, 39.80791115760803]
{'args': ((9, 0, slice(0, 960, None), slice(None, None, None)),), 'dataset shape': (40, 11, 1921, 2560), 'dataset chunks': (7, 1, 385, 512), 'indexing time (s)': 1.1920928955078125e-06, 'chunk number': 1650, 'reduction time (s)': 39.813941955566406, 'chunks processed': 15, 'storage read (B)': 29701892, 'selection 1 time (s)': 39.81411814689636}
Thread times [0.023386001586914062, 22.998701095581055, 25.915502309799194, 26.943463802337646, 27.656854152679443, 29.49250602722168, 30.423139095306396, 31.115567922592163, 31.53843092918396, 34.394349098205566, 35.91057109832764, 132.9599928855896, 146.6388611793518, 146.75763320922852, 147.39788818359375]
{'args': ((10, 0, slice(0, 960, None), slice(None, None, None)),), 'dataset shape': (40, 11, 1921, 2560), 'dataset chunks': (7, 1, 385, 512), 'indexing time (s)': 2.1457672119140625e-06, 'chunk number': 1650, 'reduction time (s)': 147.4076178073883, 'chunks processed': 15, 'storage read (B)': 29701892, 'selection 1 time (s)': 147.40778493881226}
Thread times [0.022542715072631836, 23.945832014083862, 24.96130681037903, 25.809401035308838, 27.14614200592041, 27.554394245147705, 27.592010021209717, 28.414923906326294, 29.413862943649292, 31.07699203491211, 32.68521595001221, 36.540265798568726, 39.676777839660645, 40.376197814941406, 40.384849309921265]
{'args': ((11, 0, slice(0, 960, None), slice(None, None, None)),), 'dataset shape': (40, 11, 1921, 2560), 'dataset chunks': (7, 1, 385, 512), 'indexing time (s)': 9.5367431640625e-07, 'chunk number': 1650, 'reduction time (s)': 40.3934850692749, 'chunks processed': 15, 'storage read (B)': 29701892, 'selection 1 time (s)': 40.39362716674805}
Thread times [0.022726058959960938, 22.74515700340271, 26.467241764068604, 26.499923944473267, 27.991005897521973, 27.997894048690796, 29.208464860916138, 29.742090940475464, 30.011969089508057, 30.1055850982666, 32.0619580745697, 39.35174107551575, 42.02717113494873, 42.33501386642456, 42.50838088989258]
{'args': ((12, 0, slice(0, 960, None), slice(None, None, None)),), 'dataset shape': (40, 11, 1921, 2560), 'dataset chunks': (7, 1, 385, 512), 'indexing time (s)': 1.1920928955078125e-06, 'chunk number': 1650, 'reduction time (s)': 42.51667404174805, 'chunks processed': 15, 'storage read (B)': 29701892, 'selection 1 time (s)': 42.516804695129395}
Thread times [0.01979207992553711, 18.39682102203369, 22.838593006134033, 24.75096869468689, 28.00692629814148, 30.3247971534729, 30.735208988189697, 30.859027862548828, 33.59468626976013, 34.39233589172363, 35.13548016548157, 38.85560202598572, 40.539665937423706, 40.83753705024719, 41.45338201522827]
{'args': ((13, 0, slice(0, 960, None), slice(None, None, None)),), 'dataset shape': (40, 11, 1921, 2560), 'dataset chunks': (7, 1, 385, 512), 'indexing time (s)': 0.0, 'chunk number': 1650, 'reduction time (s)': 41.46111798286438, 'chunks processed': 15, 'storage read (B)': 29701892, 'selection 1 time (s)': 41.46125316619873}
Thread times [649.3608040809631, 653.7751240730286, 658.261843919754, 675.8994431495667, 679.239767074585, 681.312618970871, 682.9853339195251, 684.6204979419708, 685.0716848373413, 685.215343952179, 686.291553735733, 686.330048084259, 686.9053499698639, 689.2774012088776, 689.4184000492096]
{'args': ((14, 0, slice(0, 960, None), slice(None, None, None)),), 'dataset shape': (40, 11, 1921, 2560), 'dataset chunks': (7, 1, 385, 512), 'indexing time (s)': 1.9073486328125e-06, 'chunk number': 1650, 'reduction time (s)': 689.4230258464813, 'chunks processed': 15, 'storage read (B)': 29733505, 'selection 1 time (s)': 689.4231927394867}
Thread times [0.020294904708862305, 18.269583225250244, 20.935431003570557, 26.142489194869995, 26.531211853027344, 26.542123079299927, 26.66713809967041, 26.862318992614746, 27.508967876434326, 27.548572063446045, 28.216498136520386, 33.609769344329834, 35.56380915641785, 37.182294845581055, 37.552685022354126]
{'args': ((15, 0, slice(0, 960, None), slice(None, None, None)),), 'dataset shape': (40, 11, 1921, 2560), 'dataset chunks': (7, 1, 385, 512), 'indexing time (s)': 1.1920928955078125e-06, 'chunk number': 1650, 'reduction time (s)': 37.55921006202698, 'chunks processed': 15, 'storage read (B)': 29733505, 'selection 1 time (s)': 37.559431076049805}
Thread times [0.019600868225097656, 27.00289821624756, 27.268784046173096, 27.780330896377563, 28.435968160629272, 29.139831066131592, 29.991584062576294, 30.153979778289795, 31.43766713142395, 31.91306495666504, 32.1724009513855, 41.32633686065674, 43.129754066467285, 43.507381439208984, 44.003665924072266]
{'args': ((16, 0, slice(0, 960, None), slice(None, None, None)),), 'dataset shape': (40, 11, 1921, 2560), 'dataset chunks': (7, 1, 385, 512), 'indexing time (s)': 1.1920928955078125e-06, 'chunk number': 1650, 'reduction time (s)': 44.01229166984558, 'chunks processed': 15, 'storage read (B)': 29733505, 'selection 1 time (s)': 44.012410163879395}
Thread times [0.01936483383178711, 22.346383094787598, 27.2380428314209, 28.337063789367676, 28.544002056121826, 29.010072708129883, 29.20396375656128, 29.652993202209473, 30.347180128097534, 30.34984517097473, 31.121680736541748, 45.013187885284424, 45.283352851867676, 45.795177936553955, 46.73733305931091]
{'args': ((17, 0, slice(0, 960, None), slice(None, None, None)),), 'dataset shape': (40, 11, 1921, 2560), 'dataset chunks': (7, 1, 385, 512), 'indexing time (s)': 9.5367431640625e-07, 'chunk number': 1650, 'reduction time (s)': 46.742635011672974, 'chunks processed': 15, 'storage read (B)': 29733505, 'selection 1 time (s)': 46.74275517463684}
Thread times [0.020936965942382812, 26.594608068466187, 32.43152904510498, 33.40911912918091, 33.616132974624634, 34.206419944763184, 36.263421058654785, 36.343311071395874, 36.44610810279846, 36.73183608055115, 37.41461896896362, 48.779157638549805, 49.66101908683777, 50.22340798377991, 51.569944858551025]
{'args': ((18, 0, slice(0, 960, None), slice(None, None, None)),), 'dataset shape': (40, 11, 1921, 2560), 'dataset chunks': (7, 1, 385, 512), 'indexing time (s)': 9.5367431640625e-07, 'chunk number': 1650, 'reduction time (s)': 51.576858043670654, 'chunks processed': 15, 'storage read (B)': 29733505, 'selection 1 time (s)': 51.57699990272522}
Thread times [0.019334077835083008, 23.11623978614807, 26.420670986175537, 27.001454830169678, 27.829816102981567, 28.656774044036865, 29.60844111442566, 29.799798011779785, 29.864495754241943, 30.243016958236694, 31.375303983688354, 38.516254901885986, 39.58681297302246, 40.83860778808594, 41.157278060913086]
{'args': ((19, 0, slice(0, 960, None), slice(None, None, None)),), 'dataset shape': (40, 11, 1921, 2560), 'dataset chunks': (7, 1, 385, 512), 'indexing time (s)': 9.5367431640625e-07, 'chunk number': 1650, 'reduction time (s)': 41.16401815414429, 'chunks processed': 15, 'storage read (B)': 29733505, 'selection 1 time (s)': 41.16413378715515}
Thread times [0.022443056106567383, 22.884182929992676, 23.180227041244507, 24.13260006904602, 26.145287036895752, 26.49574613571167, 27.454380989074707, 28.246602058410645, 29.596561193466187, 31.598665952682495, 31.700321197509766, 37.23470187187195, 37.91500806808472, 39.77587890625, 40.439008951187134]
{'args': ((20, 0, slice(0, 960, None), slice(None, None, None)),), 'dataset shape': (40, 11, 1921, 2560), 'dataset chunks': (7, 1, 385, 512), 'indexing time (s)': 7.152557373046875e-07, 'chunk number': 1650, 'reduction time (s)': 40.44683003425598, 'chunks processed': 15, 'storage read (B)': 29733505, 'selection 1 time (s)': 40.44697904586792}
Thread times [22.240170001983643, 23.467384815216064, 23.74462103843689, 24.009337186813354, 27.654297828674316, 28.438582181930542, 28.94867205619812, 31.51454997062683, 32.004472732543945, 32.62248778343201, 41.87807631492615, 42.97812795639038, 43.726933002471924, 45.97635197639465, 46.717710971832275]
{'args': ((21, 0, slice(0, 960, None), slice(None, None, None)),), 'dataset shape': (40, 11, 1921, 2560), 'dataset chunks': (7, 1, 385, 512), 'indexing time (s)': 2.1457672119140625e-06, 'chunk number': 1650, 'reduction time (s)': 46.727566719055176, 'chunks processed': 15, 'storage read (B)': 29686785, 'selection 1 time (s)': 46.727739095687866}
Thread times [0.022370100021362305, 24.665784120559692, 25.209608793258667, 26.410868883132935, 28.763800144195557, 29.021061897277832, 29.130992889404297, 29.85089612007141, 32.09727191925049, 32.10898208618164, 32.639495849609375, 38.985116958618164, 42.32935285568237, 43.1594660282135, 45.16342902183533]
{'args': ((22, 0, slice(0, 960, None), slice(None, None, None)),), 'dataset shape': (40, 11, 1921, 2560), 'dataset chunks': (7, 1, 385, 512), 'indexing time (s)': 9.5367431640625e-07, 'chunk number': 1650, 'reduction time (s)': 45.170072078704834, 'chunks processed': 15, 'storage read (B)': 29686785, 'selection 1 time (s)': 45.17024898529053}
Thread times [0.022900819778442383, 23.60218596458435, 26.956132173538208, 27.825883150100708, 30.498871088027954, 30.85602617263794, 31.971644163131714, 33.86033391952515, 33.89358687400818, 34.51580333709717, 36.037734031677246, 41.87197017669678, 42.43668603897095, 43.95344877243042, 44.64055800437927]
{'args': ((23, 0, slice(0, 960, None), slice(None, None, None)),), 'dataset shape': (40, 11, 1921, 2560), 'dataset chunks': (7, 1, 385, 512), 'indexing time (s)': 3.0994415283203125e-06, 'chunk number': 1650, 'reduction time (s)': 44.65039801597595, 'chunks processed': 15, 'storage read (B)': 29686785, 'selection 1 time (s)': 44.6506290435791}
Thread times [0.022398948669433594, 21.35234785079956, 24.422688007354736, 25.51291275024414, 26.736309051513672, 27.789462089538574, 28.59844183921814, 30.012339115142822, 30.18603491783142, 31.129937171936035, 31.144555807113647, 36.54738473892212, 37.67814493179321, 38.075881004333496, 38.440650939941406]
{'args': ((24, 0, slice(0, 960, None), slice(None, None, None)),), 'dataset shape': (40, 11, 1921, 2560), 'dataset chunks': (7, 1, 385, 512), 'indexing time (s)': 9.5367431640625e-07, 'chunk number': 1650, 'reduction time (s)': 38.448466777801514, 'chunks processed': 15, 'storage read (B)': 29686785, 'selection 1 time (s)': 38.44864511489868}
Thread times [0.024031877517700195, 20.055520057678223, 22.21639585494995, 22.9081928730011, 23.4095139503479, 23.87665581703186, 25.640589714050293, 26.93651819229126, 26.978408813476562, 28.06440305709839, 28.903491973876953, 35.60338997840881, 37.04679036140442, 37.36794996261597, 37.393733978271484]
{'args': ((25, 0, slice(0, 960, None), slice(None, None, None)),), 'dataset shape': (40, 11, 1921, 2560), 'dataset chunks': (7, 1, 385, 512), 'indexing time (s)': 9.5367431640625e-07, 'chunk number': 1650, 'reduction time (s)': 37.40300798416138, 'chunks processed': 15, 'storage read (B)': 29686785, 'selection 1 time (s)': 37.40315294265747}
Thread times [0.019361019134521484, 20.94824481010437, 23.736022233963013, 24.473546981811523, 24.663017988204956, 25.461721181869507, 26.272953033447266, 26.277103900909424, 27.408177852630615, 28.181761980056763, 28.607666015625, 35.96512007713318, 37.24676990509033, 37.78547406196594, 37.81286001205444]
{'args': ((26, 0, slice(0, 960, None), slice(None, None, None)),), 'dataset shape': (40, 11, 1921, 2560), 'dataset chunks': (7, 1, 385, 512), 'indexing time (s)': 0.0, 'chunk number': 1650, 'reduction time (s)': 37.81955671310425, 'chunks processed': 15, 'storage read (B)': 29686785, 'selection 1 time (s)': 37.819677114486694}
Thread times [0.020676136016845703, 22.445438861846924, 22.769062042236328, 24.463430166244507, 24.918155193328857, 25.913655996322632, 28.159294843673706, 29.11992073059082, 30.30270290374756, 32.49448204040527, 32.73201012611389, 38.13763475418091, 38.380577087402344, 39.3131320476532, 39.59398818016052]
{'args': ((27, 0, slice(0, 960, None), slice(None, None, None)),), 'dataset shape': (40, 11, 1921, 2560), 'dataset chunks': (7, 1, 385, 512), 'indexing time (s)': 1.1920928955078125e-06, 'chunk number': 1650, 'reduction time (s)': 39.60123014450073, 'chunks processed': 15, 'storage read (B)': 29686785, 'selection 1 time (s)': 39.60137391090393}
Thread times [18.36555528640747, 21.61887001991272, 23.011693000793457, 23.852912187576294, 23.87595534324646, 25.342307806015015, 26.703969955444336, 29.82551884651184, 30.108394861221313, 31.188463926315308, 34.862268924713135, 37.56404113769531, 37.88836884498596, 39.26676797866821, 39.41726207733154]
{'args': ((28, 0, slice(0, 960, None), slice(None, None, None)),), 'dataset shape': (40, 11, 1921, 2560), 'dataset chunks': (7, 1, 385, 512), 'indexing time (s)': 9.5367431640625e-07, 'chunk number': 1650, 'reduction time (s)': 39.42556118965149, 'chunks processed': 15, 'storage read (B)': 29670387, 'selection 1 time (s)': 39.425776958465576}
Thread times [0.023161888122558594, 22.54600501060486, 24.27378821372986, 24.827067136764526, 25.032634019851685, 25.553265810012817, 26.335315942764282, 26.352147817611694, 27.34492015838623, 27.627588033676147, 28.15491032600403, 35.753499031066895, 36.15898108482361, 36.530802965164185, 36.85166120529175]
{'args': ((29, 0, slice(0, 960, None), slice(None, None, None)),), 'dataset shape': (40, 11, 1921, 2560), 'dataset chunks': (7, 1, 385, 512), 'indexing time (s)': 2.1457672119140625e-06, 'chunk number': 1650, 'reduction time (s)': 36.86053514480591, 'chunks processed': 15, 'storage read (B)': 29670387, 'selection 1 time (s)': 36.86070895195007}
Thread times [0.022804975509643555, 17.586580991744995, 22.403711318969727, 23.358333826065063, 27.073676824569702, 27.161510944366455, 27.218101978302002, 30.72721791267395, 30.851548194885254, 31.74290704727173, 32.40791702270508, 34.923951864242554, 37.5109498500824, 38.15533399581909, 38.17135000228882]
{'args': ((30, 0, slice(0, 960, None), slice(None, None, None)),), 'dataset shape': (40, 11, 1921, 2560), 'dataset chunks': (7, 1, 385, 512), 'indexing time (s)': 1.9073486328125e-06, 'chunk number': 1650, 'reduction time (s)': 38.17935514450073, 'chunks processed': 15, 'storage read (B)': 29670387, 'selection 1 time (s)': 38.17976117134094}
Thread times [0.03303813934326172, 20.26136612892151, 21.480339765548706, 24.26802396774292, 24.638213872909546, 25.42284107208252, 26.319459915161133, 26.336833715438843, 28.219536304473877, 28.41218090057373, 30.717554092407227, 35.15288805961609, 35.72977805137634, 36.66991901397705, 37.02945899963379]
{'args': ((31, 0, slice(0, 960, None), slice(None, None, None)),), 'dataset shape': (40, 11, 1921, 2560), 'dataset chunks': (7, 1, 385, 512), 'indexing time (s)': 0.0008327960968017578, 'chunk number': 1650, 'reduction time (s)': 37.06678795814514, 'chunks processed': 15, 'storage read (B)': 29670387, 'selection 1 time (s)': 37.07268500328064}
Thread times [0.023700952529907227, 21.724979877471924, 22.666526079177856, 23.18272876739502, 23.672348022460938, 25.09120011329651, 25.607152938842773, 26.23120093345642, 27.971694946289062, 28.08632206916809, 28.44235110282898, 34.790982246398926, 35.801981925964355, 36.20779585838318, 36.406494140625]
{'args': ((32, 0, slice(0, 960, None), slice(None, None, None)),), 'dataset shape': (40, 11, 1921, 2560), 'dataset chunks': (7, 1, 385, 512), 'indexing time (s)': 1.9073486328125e-06, 'chunk number': 1650, 'reduction time (s)': 36.41551899909973, 'chunks processed': 15, 'storage read (B)': 29670387, 'selection 1 time (s)': 36.41570782661438}
Thread times [0.02443695068359375, 19.916348218917847, 23.39470386505127, 23.895057201385498, 24.21764302253723, 26.83597993850708, 27.0168399810791, 27.54474115371704, 27.58055281639099, 28.13991618156433, 30.842857837677002, 34.80636286735535, 35.405765771865845, 36.56913208961487, 36.72904992103577]
{'args': ((33, 0, slice(0, 960, None), slice(None, None, None)),), 'dataset shape': (40, 11, 1921, 2560), 'dataset chunks': (7, 1, 385, 512), 'indexing time (s)': 1.1920928955078125e-06, 'chunk number': 1650, 'reduction time (s)': 36.73579001426697, 'chunks processed': 15, 'storage read (B)': 29670387, 'selection 1 time (s)': 36.73597002029419}
Thread times [0.023539304733276367, 21.90315890312195, 23.80942702293396, 24.514725923538208, 25.690375089645386, 26.73050618171692, 27.158299922943115, 27.258658170700073, 27.69023299217224, 28.48928689956665, 29.00083613395691, 36.65592813491821, 37.0337929725647, 37.59980916976929, 38.07181692123413]
{'args': ((34, 0, slice(0, 960, None), slice(None, None, None)),), 'dataset shape': (40, 11, 1921, 2560), 'dataset chunks': (7, 1, 385, 512), 'indexing time (s)': 9.5367431640625e-07, 'chunk number': 1650, 'reduction time (s)': 38.07992911338806, 'chunks processed': 15, 'storage read (B)': 29670387, 'selection 1 time (s)': 38.080101013183594}
Thread times [18.974008798599243, 22.94484519958496, 23.2168447971344, 23.52798581123352, 23.716166734695435, 26.349295139312744, 26.453656673431396, 26.794638872146606, 27.20688509941101, 27.31350302696228, 34.95596480369568, 36.424309968948364, 36.82848501205444, 36.86986184120178, 37.38439989089966]
{'args': ((35, 0, slice(0, 960, None), slice(None, None, None)),), 'dataset shape': (40, 11, 1921, 2560), 'dataset chunks': (7, 1, 385, 512), 'indexing time (s)': 9.5367431640625e-07, 'chunk number': 1650, 'reduction time (s)': 37.39219307899475, 'chunks processed': 15, 'storage read (B)': 21287473, 'selection 1 time (s)': 37.39237713813782}
Thread times [0.024442195892333984, 18.306954860687256, 19.620641231536865, 20.370391130447388, 22.41628885269165, 23.936837196350098, 24.8254611492157, 26.633307218551636, 26.982508182525635, 27.64859390258789, 27.98440980911255, 31.978689193725586, 33.58343815803528, 34.0647828578949, 34.38768911361694]
{'args': ((36, 0, slice(0, 960, None), slice(None, None, None)),), 'dataset shape': (40, 11, 1921, 2560), 'dataset chunks': (7, 1, 385, 512), 'indexing time (s)': 9.5367431640625e-07, 'chunk number': 1650, 'reduction time (s)': 34.39563798904419, 'chunks processed': 15, 'storage read (B)': 21287473, 'selection 1 time (s)': 34.3958101272583}
Thread times [0.02012777328491211, 17.986787796020508, 19.453922986984253, 20.307934999465942, 22.024603128433228, 23.166499137878418, 29.0969181060791, 29.22435188293457, 29.467834949493408, 29.473119974136353, 29.74630093574524, 40.08216977119446, 41.422889947891235, 41.639394760131836, 42.05560493469238]
{'args': ((37, 0, slice(0, 960, None), slice(None, None, None)),), 'dataset shape': (40, 11, 1921, 2560), 'dataset chunks': (7, 1, 385, 512), 'indexing time (s)': 1.1920928955078125e-06, 'chunk number': 1650, 'reduction time (s)': 42.06618785858154, 'chunks processed': 15, 'storage read (B)': 21287473, 'selection 1 time (s)': 42.066356897354126}
Thread times [0.02122187614440918, 40.256428956985474, 42.887632846832275, 42.90849685668945, 43.519760847091675, 44.463375091552734, 44.5944766998291, 45.35919380187988, 45.361932039260864, 46.208176136016846, 46.76924395561218, 59.71858620643616, 60.65942931175232, 60.757611989974976, 60.91421985626221]
{'args': ((38, 0, slice(0, 960, None), slice(None, None, None)),), 'dataset shape': (40, 11, 1921, 2560), 'dataset chunks': (7, 1, 385, 512), 'indexing time (s)': 1.9073486328125e-06, 'chunk number': 1650, 'reduction time (s)': 60.92371201515198, 'chunks processed': 15, 'storage read (B)': 21287473, 'selection 1 time (s)': 60.9239342212677}
Thread times [0.019943952560424805, 36.714277029037476, 36.727267026901245, 37.07171416282654, 38.212063789367676, 40.52771210670471, 41.150102853775024, 42.00467300415039, 42.14364314079285, 42.8578200340271, 45.75799918174744, 57.469125270843506, 58.41179704666138, 59.11387085914612, 59.16969704627991]
{'args': ((39, 0, slice(0, 960, None), slice(None, None, None)),), 'dataset shape': (40, 11, 1921, 2560), 'dataset chunks': (7, 1, 385, 512), 'indexing time (s)': 9.5367431640625e-07, 'chunk number': 1650, 'reduction time (s)': 59.182170152664185, 'chunks processed': 15, 'storage read (B)': 21287473, 'selection 1 time (s)': 59.18235802650452}
[[226.07815104]
 [226.06476563]
 [225.93765625]
 [225.90807292]
 [225.91736979]
 [225.88455729]
 [225.82075521]
 [225.85440104]
 [225.98325521]
 [226.03802083]
 [226.013125  ]
 [226.02333333]
 [226.03770833]
 [226.00476563]
 [225.91765625]
 [225.94033854]
 [225.9871875 ]
 [225.9146875 ]
 [225.81242188]
 [225.81869792]
 [225.84526042]
 [225.785     ]
 [225.63648438]
 [225.55651042]
 [225.45736979]
 [225.32369792]
 [225.16325521]
 [225.07794271]
 [225.0784375 ]
 [225.10666667]
 [225.17609375]
 [225.36875   ]
 [225.57911458]
 [225.69080729]
 [225.72231771]
 [225.82367188]
 [225.93658854]
 [225.96765625]
 [225.91864583]
 [225.92247396]]
Summary:  Hom24-np3:Local (T100,BS5): 1.28e+02s,2.652e+03s,2.855e+03s
