Dataset loaded from S3 with s3fs and Pyfive: bnl/ch330a.pc19790301-def.nc (0.071,4.0)
Thread times [0.8334147930145264, 0.7871840000152588, 1.566809892654419, 1.0334420204162598, 1.0834038257598877, 1.7599806785583496, 1.407397747039795, 1.5740220546722412, 1.6262149810791016, 1.3673288822174072, 1.6111140251159668, 1.8364508152008057, 1.9097349643707275, 1.2894999980926514, 1.301542043685913]
{'load nc time': 4.410389184951782, 'args': ((0, 0, slice(0, 960, None), slice(None, None, None)),), 'dataset shape': (40, 11, 1921, 2560), 'dataset chunks': (7, 1, 385, 512), 'indexing time (s)': 22.744040727615356, 'chunk number': 1650, 'reduction time (s)': 20.988769054412842, 'chunks processed': 15, 'storage read (B)': 29685482, 'selection 1 time (s)': 43.73293113708496}
Thread times [1.2477667331695557, 0.8397319316864014, 1.110276699066162, 1.2216529846191406, 1.1265909671783447, 1.3720579147338867, 2.1115121841430664, 1.4760751724243164, 2.000051975250244, 1.6211819648742676, 1.335967779159546, 2.40986704826355, 1.7648639678955078, 1.6271798610687256, 1.4487218856811523]
{'args': ((1, 0, slice(0, 960, None), slice(None, None, None)),), 'dataset shape': (40, 11, 1921, 2560), 'dataset chunks': (7, 1, 385, 512), 'indexing time (s)': 9.5367431640625e-07, 'chunk number': 1650, 'reduction time (s)': 22.714218139648438, 'chunks processed': 15, 'storage read (B)': 29685482, 'selection 1 time (s)': 22.71431803703308}
Thread times [1.328059196472168, 0.8059840202331543, 1.148252010345459, 1.1962471008300781, 1.376128911972046, 1.4278779029846191, 1.754321813583374, 1.389753818511963, 1.4642770290374756, 1.8627550601959229, 1.276719093322754, 1.8664538860321045, 1.319688081741333, 1.8697988986968994, 1.4452710151672363]
{'args': ((2, 0, slice(0, 960, None), slice(None, None, None)),), 'dataset shape': (40, 11, 1921, 2560), 'dataset chunks': (7, 1, 385, 512), 'indexing time (s)': 1.1920928955078125e-06, 'chunk number': 1650, 'reduction time (s)': 21.532384872436523, 'chunks processed': 15, 'storage read (B)': 29685482, 'selection 1 time (s)': 21.532471179962158}
Thread times [0.9175691604614258, 0.7663741111755371, 1.4834401607513428, 1.0394282341003418, 1.09965181350708, 1.8648147583007812, 1.3260202407836914, 1.9434161186218262, 1.6126539707183838, 1.398845911026001, 1.629199743270874, 1.5773589611053467, 1.6847658157348633, 1.3559200763702393, 1.2820558547973633]
{'args': ((3, 0, slice(0, 960, None), slice(None, None, None)),), 'dataset shape': (40, 11, 1921, 2560), 'dataset chunks': (7, 1, 385, 512), 'indexing time (s)': 0.0, 'chunk number': 1650, 'reduction time (s)': 20.9822940826416, 'chunks processed': 15, 'storage read (B)': 29685482, 'selection 1 time (s)': 20.98240089416504}
Thread times [1.9527277946472168, 0.748816728591919, 1.2115309238433838, 1.2225940227508545, 1.0895740985870361, 1.4358820915222168, 2.0220038890838623, 1.333055019378662, 1.8034062385559082, 1.324376106262207, 1.3914668560028076, 1.5655710697174072, 1.3360776901245117, 2.1322691440582275, 1.4306130409240723]
{'args': ((4, 0, slice(0, 960, None), slice(None, None, None)),), 'dataset shape': (40, 11, 1921, 2560), 'dataset chunks': (7, 1, 385, 512), 'indexing time (s)': 9.5367431640625e-07, 'chunk number': 1650, 'reduction time (s)': 22.000750064849854, 'chunks processed': 15, 'storage read (B)': 29685482, 'selection 1 time (s)': 22.000852823257446}
Thread times [0.9310801029205322, 1.5712518692016602, 1.2777631282806396, 2.1131420135498047, 2.0596096515655518, 3.393778085708618, 1.7190988063812256, 4.109559059143066, 1.6579928398132324, 1.5471832752227783, 1.560520887374878, 1.523536205291748, 1.6967222690582275, 1.6246888637542725, 1.5756118297576904]
{'args': ((5, 0, slice(0, 960, None), slice(None, None, None)),), 'dataset shape': (40, 11, 1921, 2560), 'dataset chunks': (7, 1, 385, 512), 'indexing time (s)': 9.5367431640625e-07, 'chunk number': 1650, 'reduction time (s)': 28.36243200302124, 'chunks processed': 15, 'storage read (B)': 29685482, 'selection 1 time (s)': 28.36253595352173}
Thread times [0.9209380149841309, 0.8575081825256348, 1.2351181507110596, 1.4984841346740723, 1.2024750709533691, 1.3642518520355225, 1.843574047088623, 1.5714139938354492, 2.6457009315490723, 1.3330779075622559, 1.6036348342895508, 1.6276319026947021, 1.553790807723999, 1.497771978378296, 1.3417770862579346]
{'args': ((6, 0, slice(0, 960, None), slice(None, None, None)),), 'dataset shape': (40, 11, 1921, 2560), 'dataset chunks': (7, 1, 385, 512), 'indexing time (s)': 1.1920928955078125e-06, 'chunk number': 1650, 'reduction time (s)': 22.09808373451233, 'chunks processed': 15, 'storage read (B)': 29685482, 'selection 1 time (s)': 22.098212957382202}
Thread times [1.5090141296386719, 0.9017870426177979, 1.1364927291870117, 1.879059076309204, 1.4874038696289062, 2.767012119293213, 1.4742329120635986, 2.639153003692627, 1.005223035812378, 0.8969669342041016, 1.9562079906463623, 1.4345240592956543, 2.009326934814453, 1.9284019470214844, 1.8625316619873047]
{'args': ((7, 0, slice(0, 960, None), slice(None, None, None)),), 'dataset shape': (40, 11, 1921, 2560), 'dataset chunks': (7, 1, 385, 512), 'indexing time (s)': 2.1457672119140625e-06, 'chunk number': 1650, 'reduction time (s)': 24.888242959976196, 'chunks processed': 15, 'storage read (B)': 29701892, 'selection 1 time (s)': 24.88841199874878}
Thread times [0.949211835861206, 1.2245020866394043, 1.7451190948486328, 5.120562791824341, 2.4357097148895264, 1.3521511554718018, 1.8253748416900635, 1.5501949787139893, 1.005129098892212, 1.3366131782531738, 1.3203201293945312, 1.682826042175293, 1.7238540649414062, 1.3481590747833252, 1.8510849475860596]
{'args': ((8, 0, slice(0, 960, None), slice(None, None, None)),), 'dataset shape': (40, 11, 1921, 2560), 'dataset chunks': (7, 1, 385, 512), 'indexing time (s)': 1.1920928955078125e-06, 'chunk number': 1650, 'reduction time (s)': 26.47166085243225, 'chunks processed': 15, 'storage read (B)': 29701892, 'selection 1 time (s)': 26.471767902374268}
Thread times [1.1762800216674805, 0.7870180606842041, 1.5925319194793701, 3.358041763305664, 3.8790290355682373, 3.2443177700042725, 1.8230819702148438, 1.8545820713043213, 1.0012061595916748, 1.0376250743865967, 1.9882171154022217, 1.4287302494049072, 1.6524338722229004, 2.1493308544158936, 1.7263329029083252]
{'args': ((9, 0, slice(0, 960, None), slice(None, None, None)),), 'dataset shape': (40, 11, 1921, 2560), 'dataset chunks': (7, 1, 385, 512), 'indexing time (s)': 9.5367431640625e-07, 'chunk number': 1650, 'reduction time (s)': 28.699517011642456, 'chunks processed': 15, 'storage read (B)': 29701892, 'selection 1 time (s)': 28.69961380958557}
Thread times [0.8985300064086914, 1.0883457660675049, 1.1295716762542725, 1.4543428421020508, 2.1699090003967285, 1.795353889465332, 1.4181272983551025, 2.555467128753662, 0.996971845626831, 1.0512068271636963, 1.4742228984832764, 1.660567045211792, 2.1966569423675537, 1.586277961730957, 1.9867210388183594]
{'args': ((10, 0, slice(0, 960, None), slice(None, None, None)),), 'dataset shape': (40, 11, 1921, 2560), 'dataset chunks': (7, 1, 385, 512), 'indexing time (s)': 9.5367431640625e-07, 'chunk number': 1650, 'reduction time (s)': 23.463084936141968, 'chunks processed': 15, 'storage read (B)': 29701892, 'selection 1 time (s)': 23.46320104598999}
Thread times [1.1033577919006348, 2.49233078956604, 3.287337064743042, 3.458700180053711, 3.1493289470672607, 1.678361177444458, 1.3662300109863281, 1.5677540302276611, 1.2614669799804688, 0.9621028900146484, 1.191972017288208, 1.9476680755615234, 1.38834810256958, 2.8278491497039795, 3.3515470027923584]
{'args': ((11, 0, slice(0, 960, None), slice(None, None, None)),), 'dataset shape': (40, 11, 1921, 2560), 'dataset chunks': (7, 1, 385, 512), 'indexing time (s)': 9.5367431640625e-07, 'chunk number': 1650, 'reduction time (s)': 31.035255193710327, 'chunks processed': 15, 'storage read (B)': 29701892, 'selection 1 time (s)': 31.035388708114624}
Thread times [0.8670790195465088, 0.9627420902252197, 2.344789981842041, 1.1628310680389404, 3.332141160964966, 2.827641010284424, 1.4479339122772217, 2.6812047958374023, 0.9948427677154541, 1.0194900035858154, 1.5579750537872314, 1.3449971675872803, 2.9359731674194336, 1.863002061843872, 1.8513648509979248]
{'args': ((12, 0, slice(0, 960, None), slice(None, None, None)),), 'dataset shape': (40, 11, 1921, 2560), 'dataset chunks': (7, 1, 385, 512), 'indexing time (s)': 7.152557373046875e-07, 'chunk number': 1650, 'reduction time (s)': 27.19512701034546, 'chunks processed': 15, 'storage read (B)': 29701892, 'selection 1 time (s)': 27.19524598121643}
Thread times [0.9010529518127441, 0.8275668621063232, 2.6513350009918213, 1.3323493003845215, 1.6734840869903564, 3.2539138793945312, 1.6491310596466064, 2.442650079727173, 1.0553672313690186, 1.0103089809417725, 3.590147018432617, 2.1025171279907227, 1.5414650440216064, 1.7094268798828125, 1.6246671676635742]
{'args': ((13, 0, slice(0, 960, None), slice(None, None, None)),), 'dataset shape': (40, 11, 1921, 2560), 'dataset chunks': (7, 1, 385, 512), 'indexing time (s)': 1.9073486328125e-06, 'chunk number': 1650, 'reduction time (s)': 27.366387128829956, 'chunks processed': 15, 'storage read (B)': 29701892, 'selection 1 time (s)': 27.366562843322754}
Thread times [0.9006609916687012, 0.9835608005523682, 1.27366304397583, 1.1025669574737549, 2.6201119422912598, 1.4937942028045654, 1.5665757656097412, 1.4174368381500244, 1.5877420902252197, 1.3388400077819824, 1.2793540954589844, 1.6294300556182861, 1.4060380458831787, 2.2147109508514404, 1.7970170974731445]
{'args': ((14, 0, slice(0, 960, None), slice(None, None, None)),), 'dataset shape': (40, 11, 1921, 2560), 'dataset chunks': (7, 1, 385, 512), 'indexing time (s)': 1.9073486328125e-06, 'chunk number': 1650, 'reduction time (s)': 22.612720251083374, 'chunks processed': 15, 'storage read (B)': 29733505, 'selection 1 time (s)': 22.612893104553223}
Thread times [0.8757522106170654, 0.8647360801696777, 1.0880908966064453, 1.4326989650726318, 1.2438061237335205, 1.3005061149597168, 2.1607208251953125, 1.4128239154815674, 1.5807037353515625, 2.021911144256592, 2.5531959533691406, 1.4791011810302734, 1.7402570247650146, 1.5575811862945557, 1.721142053604126]
{'args': ((15, 0, slice(0, 960, None), slice(None, None, None)),), 'dataset shape': (40, 11, 1921, 2560), 'dataset chunks': (7, 1, 385, 512), 'indexing time (s)': 3.0994415283203125e-06, 'chunk number': 1650, 'reduction time (s)': 23.03390908241272, 'chunks processed': 15, 'storage read (B)': 29733505, 'selection 1 time (s)': 23.03407621383667}
Thread times [0.9452452659606934, 1.896373987197876, 1.5362632274627686, 1.2041568756103516, 1.2342488765716553, 1.653041124343872, 1.778818130493164, 1.788607120513916, 1.0231759548187256, 1.8049681186676025, 1.4833881855010986, 1.4551570415496826, 1.8010168075561523, 1.4603097438812256, 1.8763010501861572]
{'args': ((16, 0, slice(0, 960, None), slice(None, None, None)),), 'dataset shape': (40, 11, 1921, 2560), 'dataset chunks': (7, 1, 385, 512), 'indexing time (s)': 9.5367431640625e-07, 'chunk number': 1650, 'reduction time (s)': 22.94193410873413, 'chunks processed': 15, 'storage read (B)': 29733505, 'selection 1 time (s)': 22.942049980163574}
Thread times [1.0425970554351807, 1.4007489681243896, 1.3657891750335693, 1.0793428421020508, 1.3423490524291992, 2.2983150482177734, 1.4279801845550537, 1.7186670303344727, 1.2691090106964111, 1.3330659866333008, 1.6095809936523438, 1.5548851490020752, 1.4208099842071533, 1.5644021034240723, 1.625514030456543]
{'args': ((17, 0, slice(0, 960, None), slice(None, None, None)),), 'dataset shape': (40, 11, 1921, 2560), 'dataset chunks': (7, 1, 385, 512), 'indexing time (s)': 2.1457672119140625e-06, 'chunk number': 1650, 'reduction time (s)': 22.05433487892151, 'chunks processed': 15, 'storage read (B)': 29733505, 'selection 1 time (s)': 22.054493188858032}
Thread times [1.3487491607666016, 0.8026919364929199, 1.4688303470611572, 1.661841869354248, 1.5338630676269531, 1.8879611492156982, 1.7467660903930664, 1.416254997253418, 1.4151968955993652, 1.4936237335205078, 1.9978067874908447, 1.4404711723327637, 1.328848123550415, 1.9632608890533447, 1.5000951290130615]
{'args': ((18, 0, slice(0, 960, None), slice(None, None, None)),), 'dataset shape': (40, 11, 1921, 2560), 'dataset chunks': (7, 1, 385, 512), 'indexing time (s)': 1.1920928955078125e-06, 'chunk number': 1650, 'reduction time (s)': 23.00728487968445, 'chunks processed': 15, 'storage read (B)': 29733505, 'selection 1 time (s)': 23.00748372077942}
Thread times [1.4927010536193848, 0.8121428489685059, 1.2727289199829102, 1.5729658603668213, 1.1312158107757568, 1.2988653182983398, 1.8280329704284668, 1.4158060550689697, 1.4059810638427734, 1.7532718181610107, 1.2354307174682617, 1.9751098155975342, 1.626039981842041, 1.7442989349365234, 1.4202141761779785]
{'args': ((19, 0, slice(0, 960, None), slice(None, None, None)),), 'dataset shape': (40, 11, 1921, 2560), 'dataset chunks': (7, 1, 385, 512), 'indexing time (s)': 3.0994415283203125e-06, 'chunk number': 1650, 'reduction time (s)': 21.985779762268066, 'chunks processed': 15, 'storage read (B)': 29733505, 'selection 1 time (s)': 21.985965251922607}
Thread times [0.9798238277435303, 1.6418240070343018, 1.1566441059112549, 1.1162230968475342, 1.9808361530303955, 1.4020717144012451, 1.7087740898132324, 1.5135629177093506, 1.1343441009521484, 1.6741199493408203, 1.3490962982177734, 1.686420202255249, 1.5394489765167236, 1.328390121459961, 1.8355798721313477]
{'args': ((20, 0, slice(0, 960, None), slice(None, None, None)),), 'dataset shape': (40, 11, 1921, 2560), 'dataset chunks': (7, 1, 385, 512), 'indexing time (s)': 1.9073486328125e-06, 'chunk number': 1650, 'reduction time (s)': 22.048238039016724, 'chunks processed': 15, 'storage read (B)': 29733505, 'selection 1 time (s)': 22.048412799835205}
Thread times [1.1116530895233154, 0.8530440330505371, 1.566368818283081, 0.8165812492370605, 0.7685360908508301, 1.7274720668792725, 1.999500036239624, 1.6109039783477783, 1.8610880374908447, 1.5556378364562988, 1.5406818389892578, 1.5926589965820312, 1.9314780235290527, 1.4573140144348145, 1.528808832168579]
{'args': ((21, 0, slice(0, 960, None), slice(None, None, None)),), 'dataset shape': (40, 11, 1921, 2560), 'dataset chunks': (7, 1, 385, 512), 'indexing time (s)': 1.9073486328125e-06, 'chunk number': 1650, 'reduction time (s)': 21.92261505126953, 'chunks processed': 15, 'storage read (B)': 29686785, 'selection 1 time (s)': 21.922775983810425}
Thread times [1.0096092224121094, 0.799159049987793, 1.1257047653198242, 0.9541680812835693, 1.1554508209228516, 1.5502610206604004, 1.8621320724487305, 1.6841001510620117, 2.2295279502868652, 1.3484430313110352, 1.5435447692871094, 1.7417700290679932, 1.3915770053863525, 2.7847888469696045, 1.0133700370788574]
{'args': ((22, 0, slice(0, 960, None), slice(None, None, None)),), 'dataset shape': (40, 11, 1921, 2560), 'dataset chunks': (7, 1, 385, 512), 'indexing time (s)': 9.5367431640625e-07, 'chunk number': 1650, 'reduction time (s)': 22.19447088241577, 'chunks processed': 15, 'storage read (B)': 29686785, 'selection 1 time (s)': 22.194565057754517}
Thread times [1.0186891555786133, 0.993412971496582, 1.247873067855835, 0.6720449924468994, 0.7500827312469482, 1.4880750179290771, 2.2429821491241455, 1.5034728050231934, 1.3845481872558594, 1.6415040493011475, 1.377676010131836, 1.4014079570770264, 2.167246103286743, 1.3906729221343994, 1.3393499851226807]
{'args': ((23, 0, slice(0, 960, None), slice(None, None, None)),), 'dataset shape': (40, 11, 1921, 2560), 'dataset chunks': (7, 1, 385, 512), 'indexing time (s)': 1.1920928955078125e-06, 'chunk number': 1650, 'reduction time (s)': 20.6198627948761, 'chunks processed': 15, 'storage read (B)': 29686785, 'selection 1 time (s)': 20.619986057281494}
Thread times [0.956967830657959, 0.8337869644165039, 1.1214609146118164, 1.0426743030548096, 0.6934480667114258, 1.7472610473632812, 1.9807469844818115, 1.451442003250122, 2.5234107971191406, 1.4259240627288818, 1.6552021503448486, 1.5321760177612305, 4.3750901222229, 7.199803113937378, 1.0801851749420166]
{'args': ((24, 0, slice(0, 960, None), slice(None, None, None)),), 'dataset shape': (40, 11, 1921, 2560), 'dataset chunks': (7, 1, 385, 512), 'indexing time (s)': 1.6689300537109375e-06, 'chunk number': 1650, 'reduction time (s)': 29.620720148086548, 'chunks processed': 15, 'storage read (B)': 29686785, 'selection 1 time (s)': 29.62088394165039}
Thread times [1.284811019897461, 0.8758933544158936, 1.2110137939453125, 1.5500800609588623, 3.4326260089874268, 7.455947160720825, 6.868502140045166, 6.517428874969482, 7.134346961975098, 8.298432111740112, 3.9888570308685303, 8.395577669143677, 7.490583896636963, 7.059252023696899, 1.1516268253326416]
{'args': ((25, 0, slice(0, 960, None), slice(None, None, None)),), 'dataset shape': (40, 11, 1921, 2560), 'dataset chunks': (7, 1, 385, 512), 'indexing time (s)': 1.6689300537109375e-06, 'chunk number': 1650, 'reduction time (s)': 72.71603035926819, 'chunks processed': 15, 'storage read (B)': 29686785, 'selection 1 time (s)': 72.71619892120361}
Thread times [1.3814117908477783, 1.1014728546142578, 1.0558440685272217, 0.6884779930114746, 1.1390140056610107, 1.4526278972625732, 1.409101963043213, 1.6117053031921387, 1.5710480213165283, 2.015515089035034, 1.6497159004211426, 2.907219409942627, 1.509138822555542, 2.538334846496582, 1.0135259628295898]
{'args': ((26, 0, slice(0, 960, None), slice(None, None, None)),), 'dataset shape': (40, 11, 1921, 2560), 'dataset chunks': (7, 1, 385, 512), 'indexing time (s)': 9.5367431640625e-07, 'chunk number': 1650, 'reduction time (s)': 23.045029878616333, 'chunks processed': 15, 'storage read (B)': 29686785, 'selection 1 time (s)': 23.045186042785645}
Thread times [1.2178878784179688, 0.7796847820281982, 1.2329590320587158, 0.6600661277770996, 1.0703370571136475, 1.4742841720581055, 1.4619688987731934, 1.9769008159637451, 1.412783145904541, 1.748816967010498, 1.515406847000122, 1.9459819793701172, 1.5627729892730713, 2.1738388538360596, 1.0483200550079346]
{'args': ((27, 0, slice(0, 960, None), slice(None, None, None)),), 'dataset shape': (40, 11, 1921, 2560), 'dataset chunks': (7, 1, 385, 512), 'indexing time (s)': 9.5367431640625e-07, 'chunk number': 1650, 'reduction time (s)': 21.28284001350403, 'chunks processed': 15, 'storage read (B)': 29686785, 'selection 1 time (s)': 21.282949209213257}
Thread times [1.98492431640625, 2.2248499393463135, 1.3518810272216797, 1.4723777770996094, 1.60634183883667, 1.2940497398376465, 2.11376690864563, 1.4543590545654297, 1.7329001426696777, 1.4329962730407715, 1.6976990699768066, 1.6052398681640625, 1.3519651889801025, 1.648972749710083, 1.4924578666687012]
{'args': ((28, 0, slice(0, 960, None), slice(None, None, None)),), 'dataset shape': (40, 11, 1921, 2560), 'dataset chunks': (7, 1, 385, 512), 'indexing time (s)': 1.1920928955078125e-06, 'chunk number': 1650, 'reduction time (s)': 24.465822219848633, 'chunks processed': 15, 'storage read (B)': 29670387, 'selection 1 time (s)': 24.4659640789032}
Thread times [0.952847957611084, 1.0251519680023193, 1.1540470123291016, 1.0300800800323486, 1.5904769897460938, 1.3257710933685303, 0.947965145111084, 2.004716157913208, 1.0134220123291016, 1.4010181427001953, 1.465608835220337, 1.5675537586212158, 4.118053197860718, 1.8035199642181396, 2.6771390438079834]
{'args': ((29, 0, slice(0, 960, None), slice(None, None, None)),), 'dataset shape': (40, 11, 1921, 2560), 'dataset chunks': (7, 1, 385, 512), 'indexing time (s)': 1.6689300537109375e-06, 'chunk number': 1650, 'reduction time (s)': 24.07821798324585, 'chunks processed': 15, 'storage read (B)': 29670387, 'selection 1 time (s)': 24.078414916992188}
Thread times [1.0332932472229004, 0.7611861228942871, 1.1352782249450684, 1.530238151550293, 1.0889639854431152, 1.340667963027954, 2.836796998977661, 7.494818925857544, 3.757913827896118, 1.722837209701538, 2.066041946411133, 1.5618078708648682, 1.6537048816680908, 1.3817579746246338, 1.5238828659057617]
{'args': ((30, 0, slice(0, 960, None), slice(None, None, None)),), 'dataset shape': (40, 11, 1921, 2560), 'dataset chunks': (7, 1, 385, 512), 'indexing time (s)': 9.5367431640625e-07, 'chunk number': 1650, 'reduction time (s)': 30.890223741531372, 'chunks processed': 15, 'storage read (B)': 29670387, 'selection 1 time (s)': 30.890352964401245}
Thread times [1.0815098285675049, 0.8263249397277832, 1.092468023300171, 1.9910879135131836, 1.1646490097045898, 1.6485209465026855, 1.3481619358062744, 1.6498100757598877, 1.86785888671875, 1.439089298248291, 2.1361658573150635, 1.5424842834472656, 2.1593029499053955, 1.6144039630889893, 1.7594268321990967]
{'args': ((31, 0, slice(0, 960, None), slice(None, None, None)),), 'dataset shape': (40, 11, 1921, 2560), 'dataset chunks': (7, 1, 385, 512), 'indexing time (s)': 1.9073486328125e-06, 'chunk number': 1650, 'reduction time (s)': 23.322407245635986, 'chunks processed': 15, 'storage read (B)': 29670387, 'selection 1 time (s)': 23.322594165802002}
Thread times [0.921151876449585, 1.0765252113342285, 1.1539061069488525, 1.509964942932129, 1.3338720798492432, 1.8138761520385742, 1.0746510028839111, 2.620943069458008, 1.0200021266937256, 1.419313907623291, 1.743495225906372, 1.5186350345611572, 1.3975739479064941, 1.7783119678497314, 1.586237907409668]
{'args': ((32, 0, slice(0, 960, None), slice(None, None, None)),), 'dataset shape': (40, 11, 1921, 2560), 'dataset chunks': (7, 1, 385, 512), 'indexing time (s)': 9.5367431640625e-07, 'chunk number': 1650, 'reduction time (s)': 21.969620943069458, 'chunks processed': 15, 'storage read (B)': 29670387, 'selection 1 time (s)': 21.96981406211853}
Thread times [1.5223979949951172, 0.9198930263519287, 1.141653060913086, 1.6679959297180176, 1.1638891696929932, 1.2958369255065918, 1.5799670219421387, 1.4772601127624512, 0.9016702175140381, 2.5038490295410156, 1.7370100021362305, 1.7848541736602783, 1.3025310039520264, 2.6231470108032227, 1.3625829219818115]
{'args': ((33, 0, slice(0, 960, None), slice(None, None, None)),), 'dataset shape': (40, 11, 1921, 2560), 'dataset chunks': (7, 1, 385, 512), 'indexing time (s)': 2.1457672119140625e-06, 'chunk number': 1650, 'reduction time (s)': 22.985552072525024, 'chunks processed': 15, 'storage read (B)': 29670387, 'selection 1 time (s)': 22.985706090927124}
Thread times [1.3034889698028564, 1.35772705078125, 1.172914981842041, 1.4104068279266357, 1.1913349628448486, 2.0777111053466797, 1.0750398635864258, 1.4069929122924805, 1.6902542114257812, 1.4317498207092285, 1.2775750160217285, 1.93660306930542, 1.3773300647735596, 1.5841567516326904, 1.751013994216919]
{'args': ((34, 0, slice(0, 960, None), slice(None, None, None)),), 'dataset shape': (40, 11, 1921, 2560), 'dataset chunks': (7, 1, 385, 512), 'indexing time (s)': 3.0994415283203125e-06, 'chunk number': 1650, 'reduction time (s)': 22.045156955718994, 'chunks processed': 15, 'storage read (B)': 29670387, 'selection 1 time (s)': 22.045273065567017}
Thread times [0.9977121353149414, 1.2219030857086182, 1.031322956085205, 1.1624481678009033, 1.0351479053497314, 1.3480892181396484, 1.0989959239959717, 1.3366799354553223, 1.2436408996582031, 1.101423978805542, 1.098952054977417, 1.5757648944854736, 1.1115632057189941, 1.0522212982177734, 1.9445080757141113]
{'args': ((35, 0, slice(0, 960, None), slice(None, None, None)),), 'dataset shape': (40, 11, 1921, 2560), 'dataset chunks': (7, 1, 385, 512), 'indexing time (s)': 9.5367431640625e-07, 'chunk number': 1650, 'reduction time (s)': 18.36111307144165, 'chunks processed': 15, 'storage read (B)': 21287473, 'selection 1 time (s)': 18.361207008361816}
Thread times [0.9024980068206787, 0.7042748928070068, 0.9815578460693359, 0.9352550506591797, 0.9891781806945801, 1.1086418628692627, 1.1776771545410156, 1.4051949977874756, 1.1685900688171387, 1.0807890892028809, 1.5105557441711426, 1.1374788284301758, 1.0977530479431152, 1.598501205444336, 1.1366539001464844]
{'args': ((36, 0, slice(0, 960, None), slice(None, None, None)),), 'dataset shape': (40, 11, 1921, 2560), 'dataset chunks': (7, 1, 385, 512), 'indexing time (s)': 9.5367431640625e-07, 'chunk number': 1650, 'reduction time (s)': 16.935631036758423, 'chunks processed': 15, 'storage read (B)': 21287473, 'selection 1 time (s)': 16.935743808746338}
Thread times [0.7793741226196289, 0.6891708374023438, 1.476449966430664, 0.9044420719146729, 0.914381742477417, 1.5387380123138428, 1.2193689346313477, 1.1588337421417236, 1.5579288005828857, 1.1141698360443115, 1.0556297302246094, 1.6090610027313232, 1.1088471412658691, 1.0959417819976807, 1.5446901321411133]
{'args': ((37, 0, slice(0, 960, None), slice(None, None, None)),), 'dataset shape': (40, 11, 1921, 2560), 'dataset chunks': (7, 1, 385, 512), 'indexing time (s)': 9.5367431640625e-07, 'chunk number': 1650, 'reduction time (s)': 17.768154859542847, 'chunks processed': 15, 'storage read (B)': 21287473, 'selection 1 time (s)': 17.768337965011597}
Thread times [0.8516180515289307, 0.7124950885772705, 0.9532289505004883, 1.477118968963623, 0.9606509208679199, 1.1366190910339355, 1.6675219535827637, 1.1995229721069336, 1.1231129169464111, 1.4900240898132324, 1.0179588794708252, 1.1301100254058838, 1.4896421432495117, 1.1323108673095703, 1.1943800449371338]
{'args': ((38, 0, slice(0, 960, None), slice(None, None, None)),), 'dataset shape': (40, 11, 1921, 2560), 'dataset chunks': (7, 1, 385, 512), 'indexing time (s)': 9.5367431640625e-07, 'chunk number': 1650, 'reduction time (s)': 17.537449836730957, 'chunks processed': 15, 'storage read (B)': 21287473, 'selection 1 time (s)': 17.53762698173523}
Thread times [1.0070970058441162, 0.8499987125396729, 0.958975076675415, 0.9069628715515137, 1.2984771728515625, 1.3838779926300049, 1.124596118927002, 1.6143128871917725, 1.1354670524597168, 1.0843489170074463, 1.2262558937072754, 1.1873040199279785, 1.1049010753631592, 1.5120670795440674, 1.1895289421081543]
{'args': ((39, 0, slice(0, 960, None), slice(None, None, None)),), 'dataset shape': (40, 11, 1921, 2560), 'dataset chunks': (7, 1, 385, 512), 'indexing time (s)': 9.5367431640625e-07, 'chunk number': 1650, 'reduction time (s)': 17.58520793914795, 'chunks processed': 15, 'storage read (B)': 21287473, 'selection 1 time (s)': 17.58537197113037}
[[226.07817708]
 [226.06473958]
 [225.93765625]
 [225.90807292]
 [225.91734375]
 [225.88453125]
 [225.82075521]
 [225.85440104]
 [225.98328125]
 [226.03804687]
 [226.01315104]
 [226.02330729]
 [226.03770833]
 [226.00476563]
 [225.91765625]
 [225.94036458]
 [225.98721354]
 [225.9146875 ]
 [225.81242188]
 [225.81869792]
 [225.84526042]
 [225.78497396]
 [225.63651042]
 [225.55651042]
 [225.45734375]
 [225.32369792]
 [225.16325521]
 [225.07794271]
 [225.07846354]
 [225.10664063]
 [225.17609375]
 [225.36880208]
 [225.57911458]
 [225.69080729]
 [225.72229167]
 [225.82367188]
 [225.93658854]
 [225.96765625]
 [225.91861979]
 [225.9225    ]]
Summary:  Hom24-np3:Local (T1,BS1): 4.41s,974.8s,1.002e+03s
