Dataset loaded from S3 with s3fs and Pyfive: bnl/ch330a.pc19790301-def.nc (0.09,1.2e+01)
Thread times [0.14564800262451172, 0.3479959964752197, 0.4929487705230713, 0.4949147701263428, 0.4975621700286865, 0.495621919631958, 0.5199539661407471, 0.6664152145385742, 0.6664917469024658, 0.6628196239471436, 0.6702430248260498, 0.6787729263305664, 0.6909210681915283, 0.7013678550720215, 0.7630441188812256]
{'load nc time': 14.539336919784546, 'args': ((0, 0, slice(0, 960, None), slice(None, None, None)),), 'dataset shape': (40, 11, 1921, 2560), 'dataset chunks': (7, 1, 385, 512), 'indexing time (s)': 68.44859004020691, 'chunk number': 1650, 'reduction time (s)': 0.7741129398345947, 'chunks processed': 15, 'storage read (B)': 29685482, 'selection 2 time (s)': 69.24488091468811}
Thread times [0.138153076171875, 0.1540851593017578, 0.19396686553955078, 0.2030940055847168, 0.2093360424041748, 0.26327085494995117, 0.26372814178466797, 0.38803577423095703, 0.3930850028991699, 0.3905649185180664, 0.39310383796691895, 0.39266324043273926, 0.39422059059143066, 0.39437198638916016, 0.3984551429748535]
{'args': ((1, 0, slice(0, 960, None), slice(None, None, None)),), 'dataset shape': (40, 11, 1921, 2560), 'dataset chunks': (7, 1, 385, 512), 'indexing time (s)': 9.5367431640625e-07, 'chunk number': 1650, 'reduction time (s)': 0.4044020175933838, 'chunks processed': 15, 'storage read (B)': 29685482, 'selection 2 time (s)': 0.4141819477081299}
Thread times [0.559851884841919, 0.5609641075134277, 0.5607900619506836, 0.5607202053070068, 0.5604829788208008, 0.5599009990692139, 0.5858278274536133, 0.5886919498443604, 0.5933129787445068, 0.591264009475708, 0.5976760387420654, 0.6029608249664307, 0.6047511100769043, 0.6088142395019531, 0.6101796627044678]
{'args': ((2, 0, slice(0, 960, None), slice(None, None, None)),), 'dataset shape': (40, 11, 1921, 2560), 'dataset chunks': (7, 1, 385, 512), 'indexing time (s)': 1.1920928955078125e-06, 'chunk number': 1650, 'reduction time (s)': 0.6156740188598633, 'chunks processed': 15, 'storage read (B)': 29685482, 'selection 2 time (s)': 0.6309731006622314}
Thread times [0.22515106201171875, 0.24361824989318848, 0.39899682998657227, 0.39455485343933105, 0.3946962356567383, 0.3962569236755371, 0.39918971061706543, 0.398576021194458, 0.4045600891113281, 0.40971803665161133, 0.4153108596801758, 0.4202601909637451, 0.43343305587768555, 0.4361989498138428, 0.45583200454711914]
{'args': ((3, 0, slice(0, 960, None), slice(None, None, None)),), 'dataset shape': (40, 11, 1921, 2560), 'dataset chunks': (7, 1, 385, 512), 'indexing time (s)': 1.9073486328125e-06, 'chunk number': 1650, 'reduction time (s)': 0.4615306854248047, 'chunks processed': 15, 'storage read (B)': 29685482, 'selection 2 time (s)': 0.48352575302124023}
Thread times [0.28691601753234863, 0.3424959182739258, 0.4777042865753174, 0.5290060043334961, 0.5481362342834473, 0.5699911117553711, 0.5758278369903564, 0.5815169811248779, 0.589592695236206, 0.5867700576782227, 0.5970571041107178, 0.603419303894043, 0.6047101020812988, 0.6344389915466309, 0.6488480567932129]
{'args': ((4, 0, slice(0, 960, None), slice(None, None, None)),), 'dataset shape': (40, 11, 1921, 2560), 'dataset chunks': (7, 1, 385, 512), 'indexing time (s)': 1.9073486328125e-06, 'chunk number': 1650, 'reduction time (s)': 0.657099723815918, 'chunks processed': 15, 'storage read (B)': 29685482, 'selection 2 time (s)': 0.6787300109863281}
Thread times [0.47943973541259766, 0.5021560192108154, 0.5508179664611816, 0.5558478832244873, 0.5760960578918457, 0.586616039276123, 0.5816061496734619, 0.6051900386810303, 0.6052749156951904, 0.6042618751525879, 0.611555814743042, 0.6125328540802002, 0.6126890182495117, 0.6196768283843994, 0.6194651126861572]
{'args': ((5, 0, slice(0, 960, None), slice(None, None, None)),), 'dataset shape': (40, 11, 1921, 2560), 'dataset chunks': (7, 1, 385, 512), 'indexing time (s)': 2.1457672119140625e-06, 'chunk number': 1650, 'reduction time (s)': 0.6272590160369873, 'chunks processed': 15, 'storage read (B)': 29685482, 'selection 2 time (s)': 0.6431128978729248}
Thread times [0.1675400733947754, 0.2815427780151367, 0.3354916572570801, 0.37512707710266113, 0.37949633598327637, 0.38353705406188965, 0.38439393043518066, 0.39661693572998047, 0.4236900806427002, 0.44956278800964355, 0.4600069522857666, 0.4620208740234375, 0.4674341678619385, 0.48783326148986816, 0.49198198318481445]
{'args': ((6, 0, slice(0, 960, None), slice(None, None, None)),), 'dataset shape': (40, 11, 1921, 2560), 'dataset chunks': (7, 1, 385, 512), 'indexing time (s)': 2.1457672119140625e-06, 'chunk number': 1650, 'reduction time (s)': 0.49752306938171387, 'chunks processed': 15, 'storage read (B)': 29685482, 'selection 2 time (s)': 0.5177228450775146}
Thread times [0.4204552173614502, 0.421267032623291, 0.4568309783935547, 0.4564628601074219, 0.4734039306640625, 0.47353196144104004, 0.482468843460083, 0.4882681369781494, 0.4852018356323242, 0.484144926071167, 0.49397993087768555, 0.49157190322875977, 0.499096155166626, 0.4983649253845215, 0.502082109451294]
{'args': ((7, 0, slice(0, 960, None), slice(None, None, None)),), 'dataset shape': (40, 11, 1921, 2560), 'dataset chunks': (7, 1, 385, 512), 'indexing time (s)': 1.6689300537109375e-06, 'chunk number': 1650, 'reduction time (s)': 0.5080411434173584, 'chunks processed': 15, 'storage read (B)': 29701892, 'selection 2 time (s)': 0.5202438831329346}
Thread times [0.21887683868408203, 0.21790599822998047, 0.3192582130432129, 0.4013957977294922, 0.47648119926452637, 0.4833049774169922, 0.4892611503601074, 0.49197983741760254, 0.49925708770751953, 0.5025429725646973, 0.5065910816192627, 0.5154218673706055, 0.5150783061981201, 0.5186712741851807, 0.5398547649383545]
{'args': ((8, 0, slice(0, 960, None), slice(None, None, None)),), 'dataset shape': (40, 11, 1921, 2560), 'dataset chunks': (7, 1, 385, 512), 'indexing time (s)': 1.9073486328125e-06, 'chunk number': 1650, 'reduction time (s)': 0.5450019836425781, 'chunks processed': 15, 'storage read (B)': 29701892, 'selection 2 time (s)': 0.5620119571685791}
Thread times [0.25699615478515625, 0.28078794479370117, 0.32927393913269043, 0.3412961959838867, 0.3496232032775879, 0.34778380393981934, 0.4054558277130127, 0.4252498149871826, 0.42559099197387695, 0.4324531555175781, 0.5237760543823242, 0.5263731479644775, 0.52907395362854, 0.5286650657653809, 0.5290431976318359]
{'args': ((9, 0, slice(0, 960, None), slice(None, None, None)),), 'dataset shape': (40, 11, 1921, 2560), 'dataset chunks': (7, 1, 385, 512), 'indexing time (s)': 1.1920928955078125e-06, 'chunk number': 1650, 'reduction time (s)': 0.5373678207397461, 'chunks processed': 15, 'storage read (B)': 29701892, 'selection 2 time (s)': 0.5541670322418213}
Thread times [0.28858017921447754, 0.32234716415405273, 0.33313775062561035, 0.3378000259399414, 0.34265899658203125, 0.3452439308166504, 0.41809916496276855, 0.503258228302002, 0.5354790687561035, 0.5328037738800049, 0.5351989269256592, 0.6329221725463867, 0.6406018733978271, 0.6417460441589355, 0.6447780132293701]
{'args': ((10, 0, slice(0, 960, None), slice(None, None, None)),), 'dataset shape': (40, 11, 1921, 2560), 'dataset chunks': (7, 1, 385, 512), 'indexing time (s)': 9.5367431640625e-07, 'chunk number': 1650, 'reduction time (s)': 0.6506376266479492, 'chunks processed': 15, 'storage read (B)': 29701892, 'selection 2 time (s)': 0.6681618690490723}
Thread times [0.5227839946746826, 0.5243129730224609, 0.519216775894165, 0.5232908725738525, 0.525252103805542, 0.5194249153137207, 0.5252170562744141, 0.5266058444976807, 0.5281667709350586, 0.5261411666870117, 0.535146951675415, 0.536344051361084, 0.5381622314453125, 0.5445308685302734, 0.5458927154541016]
{'args': ((11, 0, slice(0, 960, None), slice(None, None, None)),), 'dataset shape': (40, 11, 1921, 2560), 'dataset chunks': (7, 1, 385, 512), 'indexing time (s)': 1.6689300537109375e-06, 'chunk number': 1650, 'reduction time (s)': 0.5515649318695068, 'chunks processed': 15, 'storage read (B)': 29701892, 'selection 2 time (s)': 0.567126989364624}
Thread times [0.4639101028442383, 0.5034298896789551, 0.579340934753418, 0.5930869579315186, 0.6022570133209229, 0.6153521537780762, 0.6183528900146484, 0.6176278591156006, 0.6155757904052734, 0.6172678470611572, 0.6227891445159912, 0.6261179447174072, 0.6242082118988037, 0.6300289630889893, 0.6308207511901855]
{'args': ((12, 0, slice(0, 960, None), slice(None, None, None)),), 'dataset shape': (40, 11, 1921, 2560), 'dataset chunks': (7, 1, 385, 512), 'indexing time (s)': 1.1920928955078125e-06, 'chunk number': 1650, 'reduction time (s)': 0.6388869285583496, 'chunks processed': 15, 'storage read (B)': 29701892, 'selection 2 time (s)': 0.6514101028442383}
Thread times [0.3192942142486572, 0.3766930103302002, 0.5050356388092041, 0.5086567401885986, 0.5256640911102295, 0.5371556282043457, 0.5393199920654297, 0.5400509834289551, 0.5389299392700195, 0.5401298999786377, 0.546781063079834, 0.5476841926574707, 0.5498969554901123, 0.559920072555542, 0.5709991455078125]
{'args': ((13, 0, slice(0, 960, None), slice(None, None, None)),), 'dataset shape': (40, 11, 1921, 2560), 'dataset chunks': (7, 1, 385, 512), 'indexing time (s)': 2.1457672119140625e-06, 'chunk number': 1650, 'reduction time (s)': 0.5770907402038574, 'chunks processed': 15, 'storage read (B)': 29701892, 'selection 2 time (s)': 0.5851559638977051}
Thread times [0.2568840980529785, 0.2577078342437744, 0.2640650272369385, 0.2665250301361084, 0.26797008514404297, 0.3439297676086426, 0.3494300842285156, 0.352294921875, 0.3655691146850586, 0.3629121780395508, 0.3677208423614502, 0.39609193801879883, 0.397968053817749, 0.4190390110015869, 0.4232800006866455]
{'args': ((14, 0, slice(0, 960, None), slice(None, None, None)),), 'dataset shape': (40, 11, 1921, 2560), 'dataset chunks': (7, 1, 385, 512), 'indexing time (s)': 9.5367431640625e-07, 'chunk number': 1650, 'reduction time (s)': 0.4267909526824951, 'chunks processed': 15, 'storage read (B)': 29733505, 'selection 2 time (s)': 0.44578099250793457}
Thread times [0.4376237392425537, 0.5087599754333496, 0.5420222282409668, 0.5426528453826904, 0.5551979541778564, 0.5551798343658447, 0.5673398971557617, 0.5668530464172363, 0.5702331066131592, 0.5722100734710693, 0.5765790939331055, 0.5849220752716064, 0.5849127769470215, 0.5894038677215576, 0.5914881229400635]
{'args': ((15, 0, slice(0, 960, None), slice(None, None, None)),), 'dataset shape': (40, 11, 1921, 2560), 'dataset chunks': (7, 1, 385, 512), 'indexing time (s)': 9.5367431640625e-07, 'chunk number': 1650, 'reduction time (s)': 0.5973591804504395, 'chunks processed': 15, 'storage read (B)': 29733505, 'selection 2 time (s)': 0.6128659248352051}
Thread times [0.42436766624450684, 0.5220880508422852, 0.5792379379272461, 0.5817241668701172, 0.5820531845092773, 0.5901789665222168, 0.6060118675231934, 0.6078858375549316, 0.618333101272583, 0.6160340309143066, 0.6196069717407227, 0.6271052360534668, 0.627579927444458, 0.6317448616027832, 0.6389658451080322]
{'args': ((16, 0, slice(0, 960, None), slice(None, None, None)),), 'dataset shape': (40, 11, 1921, 2560), 'dataset chunks': (7, 1, 385, 512), 'indexing time (s)': 1.6689300537109375e-06, 'chunk number': 1650, 'reduction time (s)': 0.6445369720458984, 'chunks processed': 15, 'storage read (B)': 29733505, 'selection 2 time (s)': 0.6609330177307129}
Thread times [0.30976414680480957, 0.31136393547058105, 0.3239870071411133, 0.32604289054870605, 0.34635329246520996, 0.3464200496673584, 0.4808671474456787, 0.4969618320465088, 0.4994518756866455, 0.5184409618377686, 0.5202498435974121, 0.523637056350708, 0.5268580913543701, 0.5303881168365479, 0.633878231048584]
{'args': ((17, 0, slice(0, 960, None), slice(None, None, None)),), 'dataset shape': (40, 11, 1921, 2560), 'dataset chunks': (7, 1, 385, 512), 'indexing time (s)': 2.1457672119140625e-06, 'chunk number': 1650, 'reduction time (s)': 0.6397109031677246, 'chunks processed': 15, 'storage read (B)': 29733505, 'selection 2 time (s)': 0.6534130573272705}
Thread times [0.5425381660461426, 0.5424830913543701, 0.541985034942627, 0.5424940586090088, 0.5419929027557373, 0.566215991973877, 0.5706229209899902, 0.5676281452178955, 0.5731189250946045, 0.5708959102630615, 0.5773770809173584, 0.5923290252685547, 0.5954668521881104, 0.5974440574645996, 0.5957140922546387]
{'args': ((18, 0, slice(0, 960, None), slice(None, None, None)),), 'dataset shape': (40, 11, 1921, 2560), 'dataset chunks': (7, 1, 385, 512), 'indexing time (s)': 0.0, 'chunk number': 1650, 'reduction time (s)': 0.6020958423614502, 'chunks processed': 15, 'storage read (B)': 29733505, 'selection 2 time (s)': 0.6149649620056152}
Thread times [0.28072595596313477, 0.4659907817840576, 0.4764211177825928, 0.49210119247436523, 0.5160269737243652, 0.5131692886352539, 0.520514965057373, 0.5238409042358398, 0.5211381912231445, 0.5230939388275146, 0.5254101753234863, 0.5247030258178711, 0.5323989391326904, 0.5349602699279785, 0.5403659343719482]
{'args': ((19, 0, slice(0, 960, None), slice(None, None, None)),), 'dataset shape': (40, 11, 1921, 2560), 'dataset chunks': (7, 1, 385, 512), 'indexing time (s)': 9.5367431640625e-07, 'chunk number': 1650, 'reduction time (s)': 0.5447921752929688, 'chunks processed': 15, 'storage read (B)': 29733505, 'selection 2 time (s)': 0.5524787902832031}
Thread times [0.26427793502807617, 0.2870368957519531, 0.2900729179382324, 0.2906029224395752, 0.29299092292785645, 0.2926919460296631, 0.38918614387512207, 0.3886909484863281, 0.3950200080871582, 0.4074833393096924, 0.40583109855651855, 0.4106290340423584, 0.4150362014770508, 0.4231421947479248, 0.4290809631347656]
{'args': ((20, 0, slice(0, 960, None), slice(None, None, None)),), 'dataset shape': (40, 11, 1921, 2560), 'dataset chunks': (7, 1, 385, 512), 'indexing time (s)': 9.5367431640625e-07, 'chunk number': 1650, 'reduction time (s)': 0.43520593643188477, 'chunks processed': 15, 'storage read (B)': 29733505, 'selection 2 time (s)': 0.4514141082763672}
Thread times [0.4599111080169678, 0.5190901756286621, 0.5836598873138428, 0.6024830341339111, 0.6744301319122314, 0.7181861400604248, 0.7251660823822021, 0.7318341732025146, 0.7395429611206055, 0.7438311576843262, 0.7462542057037354, 0.7526037693023682, 0.7523980140686035, 0.7619791030883789, 0.7890560626983643]
{'args': ((21, 0, slice(0, 960, None), slice(None, None, None)),), 'dataset shape': (40, 11, 1921, 2560), 'dataset chunks': (7, 1, 385, 512), 'indexing time (s)': 9.5367431640625e-07, 'chunk number': 1650, 'reduction time (s)': 0.7973010540008545, 'chunks processed': 15, 'storage read (B)': 29686785, 'selection 2 time (s)': 0.8153479099273682}
Thread times [0.36098623275756836, 0.3613932132720947, 0.5656630992889404, 0.5681829452514648, 0.5616741180419922, 0.5690670013427734, 0.564852237701416, 0.5736329555511475, 0.5852999687194824, 0.5854427814483643, 0.5928988456726074, 0.5970089435577393, 0.5982990264892578, 0.6879942417144775, 0.6881499290466309]
{'args': ((22, 0, slice(0, 960, None), slice(None, None, None)),), 'dataset shape': (40, 11, 1921, 2560), 'dataset chunks': (7, 1, 385, 512), 'indexing time (s)': 1.1920928955078125e-06, 'chunk number': 1650, 'reduction time (s)': 0.696397066116333, 'chunks processed': 15, 'storage read (B)': 29686785, 'selection 2 time (s)': 0.7036771774291992}
Thread times [0.16151094436645508, 0.29070401191711426, 0.29418301582336426, 0.3076670169830322, 0.3128209114074707, 0.31738901138305664, 0.3482511043548584, 0.37201404571533203, 0.4220132827758789, 0.5110862255096436, 0.520266056060791, 0.5219199657440186, 0.5240318775177002, 0.5278172492980957, 0.5275492668151855]
{'args': ((23, 0, slice(0, 960, None), slice(None, None, None)),), 'dataset shape': (40, 11, 1921, 2560), 'dataset chunks': (7, 1, 385, 512), 'indexing time (s)': 9.5367431640625e-07, 'chunk number': 1650, 'reduction time (s)': 0.5327091217041016, 'chunks processed': 15, 'storage read (B)': 29686785, 'selection 2 time (s)': 0.5473079681396484}
Thread times [0.49254703521728516, 0.4940378665924072, 0.5502548217773438, 0.5525996685028076, 0.5933170318603516, 0.6010799407958984, 0.6276540756225586, 0.6307520866394043, 0.6325619220733643, 0.6329290866851807, 0.6381909847259521, 0.6424341201782227, 0.6586172580718994, 0.6586699485778809, 0.6647138595581055]
{'args': ((24, 0, slice(0, 960, None), slice(None, None, None)),), 'dataset shape': (40, 11, 1921, 2560), 'dataset chunks': (7, 1, 385, 512), 'indexing time (s)': 2.1457672119140625e-06, 'chunk number': 1650, 'reduction time (s)': 0.6729071140289307, 'chunks processed': 15, 'storage read (B)': 29686785, 'selection 2 time (s)': 0.6906919479370117}
Thread times [0.16867589950561523, 0.336118221282959, 0.3504340648651123, 0.4643387794494629, 0.5239818096160889, 0.5627028942108154, 0.5796141624450684, 0.5812032222747803, 0.5914020538330078, 0.5922880172729492, 0.5992059707641602, 0.6030957698822021, 0.6025443077087402, 0.6339209079742432, 0.6405112743377686]
{'args': ((25, 0, slice(0, 960, None), slice(None, None, None)),), 'dataset shape': (40, 11, 1921, 2560), 'dataset chunks': (7, 1, 385, 512), 'indexing time (s)': 9.5367431640625e-07, 'chunk number': 1650, 'reduction time (s)': 0.6483991146087646, 'chunks processed': 15, 'storage read (B)': 29686785, 'selection 2 time (s)': 0.6692399978637695}
Thread times [0.3001821041107178, 0.40193700790405273, 0.5207600593566895, 0.5358078479766846, 0.5506539344787598, 0.5617280006408691, 0.5607798099517822, 0.5880060195922852, 0.5973939895629883, 0.5992889404296875, 0.6047170162200928, 0.6071138381958008, 0.6059141159057617, 0.7021312713623047, 0.7060689926147461]
{'args': ((26, 0, slice(0, 960, None), slice(None, None, None)),), 'dataset shape': (40, 11, 1921, 2560), 'dataset chunks': (7, 1, 385, 512), 'indexing time (s)': 9.5367431640625e-07, 'chunk number': 1650, 'reduction time (s)': 0.7146191596984863, 'chunks processed': 15, 'storage read (B)': 29686785, 'selection 2 time (s)': 0.7342500686645508}
Thread times [0.22984790802001953, 0.24159622192382812, 0.24394702911376953, 0.238037109375, 0.24808597564697266, 0.25978708267211914, 0.26869702339172363, 0.4904749393463135, 0.4902501106262207, 0.4926326274871826, 0.4957282543182373, 0.5053308010101318, 0.5031788349151611, 0.5288660526275635, 0.5371770858764648]
{'args': ((27, 0, slice(0, 960, None), slice(None, None, None)),), 'dataset shape': (40, 11, 1921, 2560), 'dataset chunks': (7, 1, 385, 512), 'indexing time (s)': 9.5367431640625e-07, 'chunk number': 1650, 'reduction time (s)': 0.5460827350616455, 'chunks processed': 15, 'storage read (B)': 29686785, 'selection 2 time (s)': 0.5656468868255615}
Thread times [0.2778890132904053, 0.2797420024871826, 0.2876248359680176, 0.2853522300720215, 0.28547191619873047, 0.2863788604736328, 0.2900547981262207, 0.3141322135925293, 0.44980907440185547, 0.44649291038513184, 0.45630598068237305, 0.4592001438140869, 0.46158599853515625, 0.46790027618408203, 0.4791390895843506]
{'args': ((28, 0, slice(0, 960, None), slice(None, None, None)),), 'dataset shape': (40, 11, 1921, 2560), 'dataset chunks': (7, 1, 385, 512), 'indexing time (s)': 9.5367431640625e-07, 'chunk number': 1650, 'reduction time (s)': 0.4865529537200928, 'chunks processed': 15, 'storage read (B)': 29670387, 'selection 2 time (s)': 0.5033578872680664}
Thread times [0.26793694496154785, 0.3299109935760498, 0.47312498092651367, 0.47399330139160156, 0.4723048210144043, 0.47369813919067383, 0.4723381996154785, 0.46979212760925293, 0.4722709655761719, 0.47133898735046387, 0.4741349220275879, 0.4723470211029053, 0.4726710319519043, 0.4771559238433838, 0.4756278991699219]
{'args': ((29, 0, slice(0, 960, None), slice(None, None, None)),), 'dataset shape': (40, 11, 1921, 2560), 'dataset chunks': (7, 1, 385, 512), 'indexing time (s)': 9.5367431640625e-07, 'chunk number': 1650, 'reduction time (s)': 0.483975887298584, 'chunks processed': 15, 'storage read (B)': 29670387, 'selection 2 time (s)': 0.49300694465637207}
Thread times [0.18768882751464844, 0.23239707946777344, 0.25173091888427734, 0.2522420883178711, 0.25495409965515137, 0.25214099884033203, 0.25351715087890625, 0.25171899795532227, 0.32929110527038574, 0.32792210578918457, 0.3471999168395996, 0.3599710464477539, 0.36821579933166504, 0.37207794189453125, 0.3937087059020996]
{'args': ((30, 0, slice(0, 960, None), slice(None, None, None)),), 'dataset shape': (40, 11, 1921, 2560), 'dataset chunks': (7, 1, 385, 512), 'indexing time (s)': 1.1920928955078125e-06, 'chunk number': 1650, 'reduction time (s)': 0.4005858898162842, 'chunks processed': 15, 'storage read (B)': 29670387, 'selection 2 time (s)': 0.4223318099975586}
Thread times [0.25612592697143555, 0.3091468811035156, 0.3147420883178711, 0.3189091682434082, 0.3284931182861328, 0.33208584785461426, 0.33276867866516113, 0.45329999923706055, 0.4564990997314453, 0.46442103385925293, 0.4860060214996338, 0.505728006362915, 0.6067771911621094, 0.6083948612213135, 0.6126158237457275]
{'args': ((31, 0, slice(0, 960, None), slice(None, None, None)),), 'dataset shape': (40, 11, 1921, 2560), 'dataset chunks': (7, 1, 385, 512), 'indexing time (s)': 2.1457672119140625e-06, 'chunk number': 1650, 'reduction time (s)': 0.6198420524597168, 'chunks processed': 15, 'storage read (B)': 29670387, 'selection 2 time (s)': 0.63649582862854}
Thread times [0.16838407516479492, 0.17457079887390137, 0.21541619300842285, 0.2656881809234619, 0.2660810947418213, 0.28020191192626953, 0.2982499599456787, 0.3007659912109375, 0.30141687393188477, 0.30790090560913086, 0.30886411666870117, 0.3124399185180664, 0.3186309337615967, 0.32059216499328613, 0.36313390731811523]
{'args': ((32, 0, slice(0, 960, None), slice(None, None, None)),), 'dataset shape': (40, 11, 1921, 2560), 'dataset chunks': (7, 1, 385, 512), 'indexing time (s)': 9.5367431640625e-07, 'chunk number': 1650, 'reduction time (s)': 0.370913028717041, 'chunks processed': 15, 'storage read (B)': 29670387, 'selection 2 time (s)': 0.39183521270751953}
Thread times [0.2718348503112793, 0.30864882469177246, 0.3166358470916748, 0.312014102935791, 0.3144221305847168, 0.3908650875091553, 0.4604909420013428, 0.5247528553009033, 0.5309629440307617, 0.6183679103851318, 0.6258490085601807, 0.6248199939727783, 0.6299970149993896, 0.6296031475067139, 0.6323158740997314]
{'args': ((33, 0, slice(0, 960, None), slice(None, None, None)),), 'dataset shape': (40, 11, 1921, 2560), 'dataset chunks': (7, 1, 385, 512), 'indexing time (s)': 1.1920928955078125e-06, 'chunk number': 1650, 'reduction time (s)': 0.6387557983398438, 'chunks processed': 15, 'storage read (B)': 29670387, 'selection 2 time (s)': 0.6468760967254639}
Thread times [0.16808581352233887, 0.2166600227355957, 0.2559843063354492, 0.25885009765625, 0.27539777755737305, 0.2757439613342285, 0.27709007263183594, 0.2848520278930664, 0.2852160930633545, 0.3457069396972656, 0.35578489303588867, 0.3645169734954834, 0.374467134475708, 0.37897777557373047, 0.3994901180267334]
{'args': ((34, 0, slice(0, 960, None), slice(None, None, None)),), 'dataset shape': (40, 11, 1921, 2560), 'dataset chunks': (7, 1, 385, 512), 'indexing time (s)': 2.1457672119140625e-06, 'chunk number': 1650, 'reduction time (s)': 0.4068789482116699, 'chunks processed': 15, 'storage read (B)': 29670387, 'selection 2 time (s)': 0.4275939464569092}
Thread times [0.23726892471313477, 0.24031496047973633, 0.2398221492767334, 0.35955309867858887, 0.38164496421813965, 0.39169788360595703, 0.39748287200927734, 0.39452028274536133, 0.4038410186767578, 0.40129899978637695, 0.411391019821167, 0.416795015335083, 0.4174621105194092, 0.4190700054168701, 0.4258730411529541]
{'args': ((35, 0, slice(0, 960, None), slice(None, None, None)),), 'dataset shape': (40, 11, 1921, 2560), 'dataset chunks': (7, 1, 385, 512), 'indexing time (s)': 1.1920928955078125e-06, 'chunk number': 1650, 'reduction time (s)': 0.4300041198730469, 'chunks processed': 15, 'storage read (B)': 21287473, 'selection 2 time (s)': 0.4461979866027832}
Thread times [0.1619729995727539, 0.1624748706817627, 0.16498613357543945, 0.17552709579467773, 0.1802079677581787, 0.18622803688049316, 0.18802499771118164, 0.1867811679840088, 0.19320178031921387, 0.21819233894348145, 0.2228541374206543, 0.2185506820678711, 0.2228989601135254, 0.22568416595458984, 0.22756123542785645]
{'args': ((36, 0, slice(0, 960, None), slice(None, None, None)),), 'dataset shape': (40, 11, 1921, 2560), 'dataset chunks': (7, 1, 385, 512), 'indexing time (s)': 9.5367431640625e-07, 'chunk number': 1650, 'reduction time (s)': 0.23325610160827637, 'chunks processed': 15, 'storage read (B)': 21287473, 'selection 2 time (s)': 0.24288415908813477}
Thread times [0.15047287940979004, 0.2841012477874756, 0.3375208377838135, 0.43570780754089355, 0.4372720718383789, 0.4342029094696045, 0.43708109855651855, 0.4334261417388916, 0.43318605422973633, 0.4348931312561035, 0.44116902351379395, 0.44389891624450684, 0.44501471519470215, 0.44863080978393555, 0.4493699073791504]
{'args': ((37, 0, slice(0, 960, None), slice(None, None, None)),), 'dataset shape': (40, 11, 1921, 2560), 'dataset chunks': (7, 1, 385, 512), 'indexing time (s)': 1.1920928955078125e-06, 'chunk number': 1650, 'reduction time (s)': 0.4528059959411621, 'chunks processed': 15, 'storage read (B)': 21287473, 'selection 2 time (s)': 0.4673347473144531}
Thread times [0.23668503761291504, 0.29206085205078125, 0.29512906074523926, 0.30960631370544434, 0.34639620780944824, 0.3478982448577881, 0.358964204788208, 0.35192179679870605, 0.35488104820251465, 0.3578341007232666, 0.36262989044189453, 0.36487817764282227, 0.3663148880004883, 0.36881399154663086, 0.36719298362731934]
{'args': ((38, 0, slice(0, 960, None), slice(None, None, None)),), 'dataset shape': (40, 11, 1921, 2560), 'dataset chunks': (7, 1, 385, 512), 'indexing time (s)': 9.5367431640625e-07, 'chunk number': 1650, 'reduction time (s)': 0.3728640079498291, 'chunks processed': 15, 'storage read (B)': 21287473, 'selection 2 time (s)': 0.380817174911499}
Thread times [0.350172758102417, 0.37838172912597656, 0.4195289611816406, 0.46742701530456543, 0.47104501724243164, 0.47309303283691406, 0.4718642234802246, 0.47400975227355957, 0.4766871929168701, 0.4751241207122803, 0.4836690425872803, 0.4891378879547119, 0.48949384689331055, 0.491300106048584, 0.4962477684020996]
{'args': ((39, 0, slice(0, 960, None), slice(None, None, None)),), 'dataset shape': (40, 11, 1921, 2560), 'dataset chunks': (7, 1, 385, 512), 'indexing time (s)': 0.0, 'chunk number': 1650, 'reduction time (s)': 0.4996819496154785, 'chunks processed': 15, 'storage read (B)': 21287473, 'selection 2 time (s)': 0.5156421661376953}
[[226.07817708]
 [226.0646875 ]
 [225.93776042]
 [225.90822917]
 [225.91739583]
 [225.88460937]
 [225.82080729]
 [225.85434896]
 [225.98346354]
 [226.03822917]
 [226.01320312]
 [226.02335938]
 [226.03765625]
 [226.00486979]
 [225.91776042]
 [225.94033854]
 [225.98726562]
 [225.91450521]
 [225.81239583]
 [225.81890625]
 [225.84528646]
 [225.78502604]
 [225.63645833]
 [225.5565625 ]
 [225.45747396]
 [225.32385417]
 [225.16335937]
 [225.07789063]
 [225.07846354]
 [225.10666667]
 [225.17606771]
 [225.36869792]
 [225.57927083]
 [225.69083333]
 [225.72221354]
 [225.82367188]
 [225.93640625]
 [225.96760417]
 [225.91872396]
 [225.92236979]]
Summary:  Hom24-np3:Active (T100,BS5): 14.5s,21.94s,105.6s
