Dataset loaded from S3 with s3fs and Pyfive: bnl/ch330a.pc19790301-def.nc (0.037,1.5e+01)
Thread times [18.863163948059082, 25.84290099143982, 28.900052070617676, 29.24433732032776, 30.155560970306396, 30.27608609199524, 31.275516033172607, 31.771610736846924, 33.629600048065186, 35.44843077659607, 43.476816177368164, 44.62573599815369, 45.41080117225647, 45.51679611206055, 45.67474174499512]
{'load nc time': 17.329429864883423, 'args': ((0, 0, slice(0, 960, None), slice(None, None, None)),), 'dataset shape': (40, 11, 1921, 2560), 'dataset chunks': (7, 1, 385, 512), 'indexing time (s)': 70.98592686653137, 'chunk number': 1650, 'reduction time (s)': 45.687483072280884, 'chunks processed': 15, 'storage read (B)': 29685482, 'selection 1 time (s)': 116.67373895645142}
Thread times [0.024663925170898438, 23.16392207145691, 23.885695934295654, 26.242756128311157, 26.935665130615234, 28.028352975845337, 29.21179699897766, 32.20076084136963, 32.33358955383301, 33.46116089820862, 34.09263896942139, 41.268842935562134, 41.275187969207764, 41.65080809593201, 41.772231101989746]
{'args': ((1, 0, slice(0, 960, None), slice(None, None, None)),), 'dataset shape': (40, 11, 1921, 2560), 'dataset chunks': (7, 1, 385, 512), 'indexing time (s)': 1.6689300537109375e-06, 'chunk number': 1650, 'reduction time (s)': 41.77667307853699, 'chunks processed': 15, 'storage read (B)': 29685482, 'selection 1 time (s)': 41.776833057403564}
Thread times [0.022544145584106445, 0.023326873779296875, 23.77793264389038, 27.527261972427368, 28.148834943771362, 28.56563711166382, 28.75085711479187, 28.790268182754517, 29.77382183074951, 30.428625106811523, 32.34594106674194, 32.63798904418945, 38.63763618469238, 39.03817582130432, 39.27073812484741]
{'args': ((2, 0, slice(0, 960, None), slice(None, None, None)),), 'dataset shape': (40, 11, 1921, 2560), 'dataset chunks': (7, 1, 385, 512), 'indexing time (s)': 2.1457672119140625e-06, 'chunk number': 1650, 'reduction time (s)': 39.27770686149597, 'chunks processed': 15, 'storage read (B)': 29685482, 'selection 1 time (s)': 39.27787399291992}
Thread times [0.023906946182250977, 21.37448501586914, 27.457036018371582, 28.310247898101807, 28.334939002990723, 28.858994245529175, 29.949137926101685, 29.969514846801758, 30.443764209747314, 31.650207042694092, 33.15881013870239, 39.41091513633728, 40.50192904472351, 41.35101795196533, 41.672691822052]
{'args': ((3, 0, slice(0, 960, None), slice(None, None, None)),), 'dataset shape': (40, 11, 1921, 2560), 'dataset chunks': (7, 1, 385, 512), 'indexing time (s)': 9.5367431640625e-07, 'chunk number': 1650, 'reduction time (s)': 41.68167233467102, 'chunks processed': 15, 'storage read (B)': 29685482, 'selection 1 time (s)': 41.6818630695343}
Thread times [0.02304530143737793, 19.624337196350098, 24.58149290084839, 25.061254024505615, 25.538079977035522, 29.33602213859558, 29.35312795639038, 30.01811385154724, 30.590345859527588, 32.3569700717926, 32.422606229782104, 38.02409911155701, 39.53294610977173, 39.740450859069824, 40.6373507976532]
{'args': ((4, 0, slice(0, 960, None), slice(None, None, None)),), 'dataset shape': (40, 11, 1921, 2560), 'dataset chunks': (7, 1, 385, 512), 'indexing time (s)': 1.9073486328125e-06, 'chunk number': 1650, 'reduction time (s)': 40.64616394042969, 'chunks processed': 15, 'storage read (B)': 29685482, 'selection 1 time (s)': 40.6463508605957}
Thread times [0.02431941032409668, 22.42866277694702, 25.22466802597046, 25.954763889312744, 30.349616050720215, 30.35419487953186, 30.524184226989746, 30.97313094139099, 32.170939922332764, 33.59148120880127, 33.72736096382141, 38.312432050704956, 41.00779604911804, 41.49415993690491, 41.82281684875488]
{'args': ((5, 0, slice(0, 960, None), slice(None, None, None)),), 'dataset shape': (40, 11, 1921, 2560), 'dataset chunks': (7, 1, 385, 512), 'indexing time (s)': 1.1920928955078125e-06, 'chunk number': 1650, 'reduction time (s)': 41.82861804962158, 'chunks processed': 15, 'storage read (B)': 29685482, 'selection 1 time (s)': 41.82882308959961}
Thread times [0.023524045944213867, 19.987589120864868, 22.545495986938477, 25.28694987297058, 27.075212001800537, 29.608750104904175, 30.206297874450684, 31.217451810836792, 32.36946201324463, 33.19895005226135, 34.62399911880493, 37.93289613723755, 40.14827013015747, 40.52177119255066, 41.25583600997925]
{'args': ((6, 0, slice(0, 960, None), slice(None, None, None)),), 'dataset shape': (40, 11, 1921, 2560), 'dataset chunks': (7, 1, 385, 512), 'indexing time (s)': 2.1457672119140625e-06, 'chunk number': 1650, 'reduction time (s)': 41.265318870544434, 'chunks processed': 15, 'storage read (B)': 29685482, 'selection 1 time (s)': 41.26552200317383}
Thread times [21.24479913711548, 23.247488021850586, 24.88246512413025, 26.225808143615723, 27.0916428565979, 32.48675489425659, 33.1688277721405, 35.14595913887024, 35.98276209831238, 35.991816997528076, 41.699158906936646, 42.174700021743774, 43.67120623588562, 43.97394394874573, 44.89233899116516]
{'args': ((7, 0, slice(0, 960, None), slice(None, None, None)),), 'dataset shape': (40, 11, 1921, 2560), 'dataset chunks': (7, 1, 385, 512), 'indexing time (s)': 9.5367431640625e-07, 'chunk number': 1650, 'reduction time (s)': 44.89723992347717, 'chunks processed': 15, 'storage read (B)': 29701892, 'selection 1 time (s)': 44.89741587638855}
Thread times [0.023478984832763672, 0.024801969528198242, 0.02490401268005371, 16.56313395500183, 26.20599389076233, 27.901710033416748, 28.102903842926025, 29.45442295074463, 29.45763897895813, 29.56507706642151, 29.87817072868347, 30.840574264526367, 31.4031720161438, 34.21172523498535, 35.2161431312561]
{'args': ((8, 0, slice(0, 960, None), slice(None, None, None)),), 'dataset shape': (40, 11, 1921, 2560), 'dataset chunks': (7, 1, 385, 512), 'indexing time (s)': 9.5367431640625e-07, 'chunk number': 1650, 'reduction time (s)': 35.22430491447449, 'chunks processed': 15, 'storage read (B)': 29701892, 'selection 1 time (s)': 35.22445607185364}
Thread times [0.02027106285095215, 16.26677179336548, 24.40713405609131, 26.29409408569336, 26.61721706390381, 27.669412851333618, 30.71845507621765, 31.431373119354248, 31.569827795028687, 31.838014125823975, 33.78186321258545, 38.139792919158936, 39.29826378822327, 40.245276927948, 40.74283289909363]
{'args': ((9, 0, slice(0, 960, None), slice(None, None, None)),), 'dataset shape': (40, 11, 1921, 2560), 'dataset chunks': (7, 1, 385, 512), 'indexing time (s)': 9.5367431640625e-07, 'chunk number': 1650, 'reduction time (s)': 40.74852514266968, 'chunks processed': 15, 'storage read (B)': 29701892, 'selection 1 time (s)': 40.74864482879639}
Thread times [0.025263071060180664, 24.27416491508484, 25.56363010406494, 26.33242702484131, 27.2206609249115, 27.616923093795776, 28.737037897109985, 28.790876865386963, 29.332255125045776, 32.61826014518738, 34.50684976577759, 38.927520990371704, 39.22381377220154, 40.5664381980896, 41.26446175575256]
{'args': ((10, 0, slice(0, 960, None), slice(None, None, None)),), 'dataset shape': (40, 11, 1921, 2560), 'dataset chunks': (7, 1, 385, 512), 'indexing time (s)': 9.5367431640625e-07, 'chunk number': 1650, 'reduction time (s)': 41.27037000656128, 'chunks processed': 15, 'storage read (B)': 29701892, 'selection 1 time (s)': 41.270572900772095}
Thread times [0.023184776306152344, 23.908707857131958, 27.391562938690186, 27.661017894744873, 27.7625789642334, 28.99084997177124, 29.771373987197876, 31.49957036972046, 31.5832622051239, 32.156879901885986, 33.91669726371765, 40.93170499801636, 41.15872120857239, 41.516350984573364, 41.54036784172058]
{'args': ((11, 0, slice(0, 960, None), slice(None, None, None)),), 'dataset shape': (40, 11, 1921, 2560), 'dataset chunks': (7, 1, 385, 512), 'indexing time (s)': 1.9073486328125e-06, 'chunk number': 1650, 'reduction time (s)': 41.549838066101074, 'chunks processed': 15, 'storage read (B)': 29701892, 'selection 1 time (s)': 41.55001711845398}
Thread times [0.02039504051208496, 18.93854522705078, 22.030201196670532, 26.337764978408813, 26.586241006851196, 27.792628288269043, 27.974584102630615, 31.56542682647705, 31.588884115219116, 32.05425691604614, 32.66943001747131, 36.639585971832275, 38.18670105934143, 39.382116079330444, 39.44704484939575]
{'args': ((12, 0, slice(0, 960, None), slice(None, None, None)),), 'dataset shape': (40, 11, 1921, 2560), 'dataset chunks': (7, 1, 385, 512), 'indexing time (s)': 9.5367431640625e-07, 'chunk number': 1650, 'reduction time (s)': 39.45256590843201, 'chunks processed': 15, 'storage read (B)': 29701892, 'selection 1 time (s)': 39.452693939208984}
Thread times [0.022568941116333008, 19.265033960342407, 21.029842376708984, 25.999773740768433, 27.189007997512817, 28.32633113861084, 32.54364991188049, 34.86926317214966, 35.03066611289978, 35.09911823272705, 36.613605260849, 39.118086099624634, 39.23012900352478, 41.96278214454651, 42.17688703536987]
{'args': ((13, 0, slice(0, 960, None), slice(None, None, None)),), 'dataset shape': (40, 11, 1921, 2560), 'dataset chunks': (7, 1, 385, 512), 'indexing time (s)': 9.5367431640625e-07, 'chunk number': 1650, 'reduction time (s)': 42.18282413482666, 'chunks processed': 15, 'storage read (B)': 29701892, 'selection 1 time (s)': 42.18296790122986}
Thread times [23.068073987960815, 23.69932198524475, 26.358782052993774, 31.55862522125244, 33.94836902618408, 34.37603998184204, 35.311259031295776, 35.31346678733826, 35.85366606712341, 38.654202938079834, 46.17797517776489, 48.621906995773315, 50.100988149642944, 50.32654023170471, 51.99280405044556]
{'args': ((14, 0, slice(0, 960, None), slice(None, None, None)),), 'dataset shape': (40, 11, 1921, 2560), 'dataset chunks': (7, 1, 385, 512), 'indexing time (s)': 9.5367431640625e-07, 'chunk number': 1650, 'reduction time (s)': 52.002644300460815, 'chunks processed': 15, 'storage read (B)': 29733505, 'selection 1 time (s)': 52.00279903411865}
Thread times [0.022812843322753906, 23.569663047790527, 23.871608018875122, 24.91643190383911, 26.41249990463257, 26.45129108428955, 27.684754848480225, 30.53747820854187, 31.90739917755127, 33.27984404563904, 33.52359414100647, 39.10222601890564, 39.493303060531616, 40.65338087081909, 40.918370962142944]
{'args': ((15, 0, slice(0, 960, None), slice(None, None, None)),), 'dataset shape': (40, 11, 1921, 2560), 'dataset chunks': (7, 1, 385, 512), 'indexing time (s)': 9.5367431640625e-07, 'chunk number': 1650, 'reduction time (s)': 40.92635893821716, 'chunks processed': 15, 'storage read (B)': 29733505, 'selection 1 time (s)': 40.92655110359192}
Thread times [0.02321004867553711, 17.541752815246582, 23.97656798362732, 26.191497802734375, 27.887803077697754, 29.944156169891357, 30.504225969314575, 31.023408889770508, 31.5413339138031, 33.43488001823425, 33.562865018844604, 36.79353094100952, 40.265544176101685, 40.35827088356018, 40.917630195617676]
{'args': ((16, 0, slice(0, 960, None), slice(None, None, None)),), 'dataset shape': (40, 11, 1921, 2560), 'dataset chunks': (7, 1, 385, 512), 'indexing time (s)': 9.5367431640625e-07, 'chunk number': 1650, 'reduction time (s)': 40.92373204231262, 'chunks processed': 15, 'storage read (B)': 29733505, 'selection 1 time (s)': 40.92393517494202}
Thread times [0.022286176681518555, 22.01029872894287, 22.94131875038147, 24.627448081970215, 28.772353172302246, 29.413762092590332, 29.52250909805298, 29.590699195861816, 31.136394023895264, 32.76074814796448, 32.96600794792175, 38.72197914123535, 38.99241018295288, 40.743539333343506, 41.407727003097534]
{'args': ((17, 0, slice(0, 960, None), slice(None, None, None)),), 'dataset shape': (40, 11, 1921, 2560), 'dataset chunks': (7, 1, 385, 512), 'indexing time (s)': 9.5367431640625e-07, 'chunk number': 1650, 'reduction time (s)': 41.41592192649841, 'chunks processed': 15, 'storage read (B)': 29733505, 'selection 1 time (s)': 41.416094064712524}
Thread times [0.022526025772094727, 21.885327100753784, 24.016868829727173, 26.28751277923584, 27.679445028305054, 29.851514101028442, 30.241007328033447, 31.057118892669678, 32.34498119354248, 33.66907095909119, 37.62433886528015, 42.998387813568115, 43.56202006340027, 43.86884307861328, 45.08845400810242]
{'args': ((18, 0, slice(0, 960, None), slice(None, None, None)),), 'dataset shape': (40, 11, 1921, 2560), 'dataset chunks': (7, 1, 385, 512), 'indexing time (s)': 9.5367431640625e-07, 'chunk number': 1650, 'reduction time (s)': 45.09815692901611, 'chunks processed': 15, 'storage read (B)': 29733505, 'selection 1 time (s)': 45.0983407497406}
Thread times [0.022626638412475586, 22.249974012374878, 23.676761865615845, 23.93722701072693, 24.226341009140015, 25.128654956817627, 27.94905185699463, 30.125709056854248, 30.754786014556885, 31.02129888534546, 31.870664834976196, 39.14497900009155, 39.192790031433105, 39.35692477226257, 39.765464067459106]
{'args': ((19, 0, slice(0, 960, None), slice(None, None, None)),), 'dataset shape': (40, 11, 1921, 2560), 'dataset chunks': (7, 1, 385, 512), 'indexing time (s)': 1.6689300537109375e-06, 'chunk number': 1650, 'reduction time (s)': 39.77263116836548, 'chunks processed': 15, 'storage read (B)': 29733505, 'selection 1 time (s)': 39.772804975509644}
Thread times [0.02420783042907715, 20.338893175125122, 24.160495042800903, 26.70597195625305, 26.96146512031555, 28.778773069381714, 28.85133719444275, 30.49112820625305, 30.93191409111023, 31.631153345108032, 32.8113899230957, 36.963404178619385, 39.259878158569336, 39.38264298439026, 40.460108041763306]
{'args': ((20, 0, slice(0, 960, None), slice(None, None, None)),), 'dataset shape': (40, 11, 1921, 2560), 'dataset chunks': (7, 1, 385, 512), 'indexing time (s)': 9.5367431640625e-07, 'chunk number': 1650, 'reduction time (s)': 40.469632148742676, 'chunks processed': 15, 'storage read (B)': 29733505, 'selection 1 time (s)': 40.46981501579285}
Thread times [21.618293046951294, 24.79101014137268, 28.35454297065735, 29.759059190750122, 32.294381856918335, 32.4593391418457, 34.64281105995178, 34.943400859832764, 35.224143266677856, 37.94018793106079, 44.70616602897644, 46.450109004974365, 46.556976079940796, 47.12788510322571, 48.10523080825806]
{'args': ((21, 0, slice(0, 960, None), slice(None, None, None)),), 'dataset shape': (40, 11, 1921, 2560), 'dataset chunks': (7, 1, 385, 512), 'indexing time (s)': 1.9073486328125e-06, 'chunk number': 1650, 'reduction time (s)': 48.112980127334595, 'chunks processed': 15, 'storage read (B)': 29686785, 'selection 1 time (s)': 48.113176107406616}
Thread times [0.023276090621948242, 23.500593900680542, 23.639595985412598, 25.353105783462524, 26.11919403076172, 28.32934594154358, 30.84163188934326, 31.42417597770691, 31.664827823638916, 31.704834938049316, 32.27097535133362, 38.8116660118103, 39.95702505111694, 40.65684700012207, 41.73040580749512]
{'args': ((22, 0, slice(0, 960, None), slice(None, None, None)),), 'dataset shape': (40, 11, 1921, 2560), 'dataset chunks': (7, 1, 385, 512), 'indexing time (s)': 1.9073486328125e-06, 'chunk number': 1650, 'reduction time (s)': 41.73967409133911, 'chunks processed': 15, 'storage read (B)': 29686785, 'selection 1 time (s)': 41.73987007141113}
Thread times [0.024734020233154297, 0.024540185928344727, 18.980086088180542, 21.182597160339355, 23.88379716873169, 26.127519130706787, 29.142596006393433, 29.575050115585327, 29.74233603477478, 29.888423204421997, 31.323715209960938, 31.768221855163574, 34.78892779350281, 36.69664406776428, 36.977707862854004]
{'args': ((23, 0, slice(0, 960, None), slice(None, None, None)),), 'dataset shape': (40, 11, 1921, 2560), 'dataset chunks': (7, 1, 385, 512), 'indexing time (s)': 7.152557373046875e-07, 'chunk number': 1650, 'reduction time (s)': 36.986093044281006, 'chunks processed': 15, 'storage read (B)': 29686785, 'selection 1 time (s)': 36.98626685142517}
Thread times [0.023682117462158203, 21.3727068901062, 22.89286994934082, 27.129547834396362, 27.83362913131714, 30.90165686607361, 31.01093602180481, 31.060465097427368, 31.14413094520569, 31.559355974197388, 33.278366804122925, 38.80601906776428, 39.211649894714355, 40.98747110366821, 41.25863766670227]
{'args': ((24, 0, slice(0, 960, None), slice(None, None, None)),), 'dataset shape': (40, 11, 1921, 2560), 'dataset chunks': (7, 1, 385, 512), 'indexing time (s)': 9.5367431640625e-07, 'chunk number': 1650, 'reduction time (s)': 41.26788282394409, 'chunks processed': 15, 'storage read (B)': 29686785, 'selection 1 time (s)': 41.26805400848389}
Thread times [0.0228421688079834, 0.02349710464477539, 21.05119299888611, 24.8333261013031, 24.92427110671997, 26.889190196990967, 27.489733934402466, 28.062780141830444, 28.463740825653076, 28.612238883972168, 28.836962938308716, 30.468021154403687, 33.72065210342407, 34.93319296836853, 35.61983799934387]
{'args': ((25, 0, slice(0, 960, None), slice(None, None, None)),), 'dataset shape': (40, 11, 1921, 2560), 'dataset chunks': (7, 1, 385, 512), 'indexing time (s)': 1.1920928955078125e-06, 'chunk number': 1650, 'reduction time (s)': 35.62754702568054, 'chunks processed': 15, 'storage read (B)': 29686785, 'selection 1 time (s)': 35.627705097198486}
Thread times [0.024463891983032227, 18.068861961364746, 21.37018084526062, 27.053668975830078, 27.91206669807434, 29.59515905380249, 29.60722303390503, 29.901363134384155, 30.54289221763611, 30.923039197921753, 32.33906936645508, 36.40701103210449, 39.205817222595215, 39.305052042007446, 39.66786599159241]
{'args': ((26, 0, slice(0, 960, None), slice(None, None, None)),), 'dataset shape': (40, 11, 1921, 2560), 'dataset chunks': (7, 1, 385, 512), 'indexing time (s)': 1.9073486328125e-06, 'chunk number': 1650, 'reduction time (s)': 39.67610502243042, 'chunks processed': 15, 'storage read (B)': 29686785, 'selection 1 time (s)': 39.676267862319946}
Thread times [0.023752927780151367, 0.023700952529907227, 21.456130027770996, 24.52678418159485, 24.996162176132202, 25.70664095878601, 27.505836963653564, 27.810287952423096, 28.67398190498352, 28.769011974334717, 29.38846707344055, 29.607208013534546, 35.84824895858765, 36.23727011680603, 36.695574045181274]
{'args': ((27, 0, slice(0, 960, None), slice(None, None, None)),), 'dataset shape': (40, 11, 1921, 2560), 'dataset chunks': (7, 1, 385, 512), 'indexing time (s)': 1.1920928955078125e-06, 'chunk number': 1650, 'reduction time (s)': 36.70295286178589, 'chunks processed': 15, 'storage read (B)': 29686785, 'selection 1 time (s)': 36.70310711860657}
Thread times [24.395299911499023, 24.99397897720337, 25.400955200195312, 25.694562673568726, 26.753180027008057, 27.493282079696655, 27.72641110420227, 28.026973962783813, 30.56879687309265, 31.63718605041504, 40.75395894050598, 41.171958923339844, 41.82125401496887, 42.16378116607666, 42.37552094459534]
{'args': ((28, 0, slice(0, 960, None), slice(None, None, None)),), 'dataset shape': (40, 11, 1921, 2560), 'dataset chunks': (7, 1, 385, 512), 'indexing time (s)': 1.1920928955078125e-06, 'chunk number': 1650, 'reduction time (s)': 42.38332796096802, 'chunks processed': 15, 'storage read (B)': 29670387, 'selection 1 time (s)': 42.383508920669556}
Thread times [0.02321791648864746, 21.001925945281982, 24.009137868881226, 24.21911883354187, 25.08980393409729, 25.29467797279358, 27.123167991638184, 27.373056173324585, 29.998316049575806, 30.1249098777771, 30.14493227005005, 34.400593757629395, 36.59772610664368, 37.81082487106323, 38.052083015441895]
{'args': ((29, 0, slice(0, 960, None), slice(None, None, None)),), 'dataset shape': (40, 11, 1921, 2560), 'dataset chunks': (7, 1, 385, 512), 'indexing time (s)': 1.9073486328125e-06, 'chunk number': 1650, 'reduction time (s)': 38.062100887298584, 'chunks processed': 15, 'storage read (B)': 29670387, 'selection 1 time (s)': 38.062302112579346}
Thread times [0.021311044692993164, 19.65215015411377, 22.36068606376648, 22.992338180541992, 27.724046230316162, 28.318593978881836, 30.530466079711914, 32.190566062927246, 32.597618103027344, 32.76443529129028, 33.87227702140808, 40.72783803939819, 41.19088697433472, 41.22740602493286, 41.89184379577637]
{'args': ((30, 0, slice(0, 960, None), slice(None, None, None)),), 'dataset shape': (40, 11, 1921, 2560), 'dataset chunks': (7, 1, 385, 512), 'indexing time (s)': 2.1457672119140625e-06, 'chunk number': 1650, 'reduction time (s)': 41.89554190635681, 'chunks processed': 15, 'storage read (B)': 29670387, 'selection 1 time (s)': 41.895740032196045}
Thread times [0.02650904655456543, 0.026530027389526367, 0.023335933685302734, 24.479274034500122, 24.650240898132324, 25.442641019821167, 26.43135380744934, 27.060004949569702, 27.830901622772217, 28.438066959381104, 29.167751789093018, 30.06823182106018, 30.587033987045288, 34.270748138427734, 34.87238669395447]
{'args': ((31, 0, slice(0, 960, None), slice(None, None, None)),), 'dataset shape': (40, 11, 1921, 2560), 'dataset chunks': (7, 1, 385, 512), 'indexing time (s)': 2.1457672119140625e-06, 'chunk number': 1650, 'reduction time (s)': 34.88145303726196, 'chunks processed': 15, 'storage read (B)': 29670387, 'selection 1 time (s)': 34.88166904449463}
Thread times [0.024387121200561523, 22.841264247894287, 25.582618951797485, 26.4847571849823, 27.69694471359253, 27.753880977630615, 30.508267879486084, 31.224630117416382, 31.239239931106567, 32.27274298667908, 33.89942193031311, 40.404109954833984, 40.62263321876526, 40.78445529937744, 41.41317915916443]
{'args': ((32, 0, slice(0, 960, None), slice(None, None, None)),), 'dataset shape': (40, 11, 1921, 2560), 'dataset chunks': (7, 1, 385, 512), 'indexing time (s)': 1.6689300537109375e-06, 'chunk number': 1650, 'reduction time (s)': 41.42055702209473, 'chunks processed': 15, 'storage read (B)': 29670387, 'selection 1 time (s)': 41.42074203491211}
Thread times [0.022974014282226562, 23.429575204849243, 25.956829071044922, 27.46793293952942, 28.288228034973145, 28.557478189468384, 29.080633878707886, 29.72122812271118, 30.216240167617798, 30.293071031570435, 32.22655010223389, 40.603574991226196, 40.81757712364197, 40.86858010292053, 41.185755252838135]
{'args': ((33, 0, slice(0, 960, None), slice(None, None, None)),), 'dataset shape': (40, 11, 1921, 2560), 'dataset chunks': (7, 1, 385, 512), 'indexing time (s)': 9.5367431640625e-07, 'chunk number': 1650, 'reduction time (s)': 41.19418907165527, 'chunks processed': 15, 'storage read (B)': 29670387, 'selection 1 time (s)': 41.19436073303223}
Thread times [0.025752782821655273, 26.91040802001953, 27.210063934326172, 29.07349419593811, 29.873186111450195, 32.18829703330994, 32.48585915565491, 32.528011083602905, 32.88769483566284, 33.158689975738525, 34.585683822631836, 41.48723101615906, 42.37335395812988, 42.93076300621033, 43.12860298156738]
{'args': ((34, 0, slice(0, 960, None), slice(None, None, None)),), 'dataset shape': (40, 11, 1921, 2560), 'dataset chunks': (7, 1, 385, 512), 'indexing time (s)': 9.5367431640625e-07, 'chunk number': 1650, 'reduction time (s)': 43.13506007194519, 'chunks processed': 15, 'storage read (B)': 29670387, 'selection 1 time (s)': 43.13527297973633}
Thread times [18.38034677505493, 22.49713921546936, 25.380590200424194, 26.68520188331604, 27.16852307319641, 28.747309923171997, 29.276869297027588, 29.383808851242065, 29.987545013427734, 33.11494421958923, 39.4124870300293, 40.102951765060425, 40.41148781776428, 41.25986385345459, 41.28507399559021]
{'args': ((35, 0, slice(0, 960, None), slice(None, None, None)),), 'dataset shape': (40, 11, 1921, 2560), 'dataset chunks': (7, 1, 385, 512), 'indexing time (s)': 2.1457672119140625e-06, 'chunk number': 1650, 'reduction time (s)': 41.29540777206421, 'chunks processed': 15, 'storage read (B)': 21287473, 'selection 1 time (s)': 41.295572996139526}
Thread times [0.019788026809692383, 17.849404096603394, 20.53273868560791, 21.71055006980896, 23.05285096168518, 26.143954038619995, 27.204751014709473, 27.71319079399109, 28.95325803756714, 31.9655020236969, 32.85247492790222, 35.218966007232666, 36.5352988243103, 36.80584383010864, 37.05541110038757]
{'args': ((36, 0, slice(0, 960, None), slice(None, None, None)),), 'dataset shape': (40, 11, 1921, 2560), 'dataset chunks': (7, 1, 385, 512), 'indexing time (s)': 9.5367431640625e-07, 'chunk number': 1650, 'reduction time (s)': 37.058998107910156, 'chunks processed': 15, 'storage read (B)': 21287473, 'selection 1 time (s)': 37.05915594100952}
Thread times [0.022305011749267578, 0.02072882652282715, 17.83821392059326, 24.138399124145508, 25.881133794784546, 26.771053075790405, 27.48586916923523, 28.808876752853394, 28.811190843582153, 29.08852982521057, 29.553981065750122, 30.176383018493652, 35.09609508514404, 35.73983120918274, 36.146453857421875]
{'args': ((37, 0, slice(0, 960, None), slice(None, None, None)),), 'dataset shape': (40, 11, 1921, 2560), 'dataset chunks': (7, 1, 385, 512), 'indexing time (s)': 1.6689300537109375e-06, 'chunk number': 1650, 'reduction time (s)': 36.154924154281616, 'chunks processed': 15, 'storage read (B)': 21287473, 'selection 1 time (s)': 36.15511465072632}
Thread times [0.02185821533203125, 20.86240816116333, 21.48029065132141, 22.94520902633667, 27.321967124938965, 27.57122302055359, 28.09972310066223, 28.98685598373413, 29.410971879959106, 29.62743878364563, 31.4812331199646, 37.78777289390564, 37.80984807014465, 38.501123905181885, 38.52494430541992]
{'args': ((38, 0, slice(0, 960, None), slice(None, None, None)),), 'dataset shape': (40, 11, 1921, 2560), 'dataset chunks': (7, 1, 385, 512), 'indexing time (s)': 2.86102294921875e-06, 'chunk number': 1650, 'reduction time (s)': 38.5331711769104, 'chunks processed': 15, 'storage read (B)': 21287473, 'selection 1 time (s)': 38.53337216377258}
Thread times [0.019353151321411133, 22.659456729888916, 23.321654081344604, 23.37499213218689, 23.639572858810425, 24.585060119628906, 25.774317026138306, 25.945324182510376, 26.588418006896973, 27.79346489906311, 28.96628999710083, 34.39282488822937, 35.41725301742554, 36.22414302825928, 36.7314658164978]
{'args': ((39, 0, slice(0, 960, None), slice(None, None, None)),), 'dataset shape': (40, 11, 1921, 2560), 'dataset chunks': (7, 1, 385, 512), 'indexing time (s)': 0.0, 'chunk number': 1650, 'reduction time (s)': 36.736600160598755, 'chunks processed': 15, 'storage read (B)': 21287473, 'selection 1 time (s)': 36.73673915863037}
[[226.07815104]
 [226.06473958]
 [225.93768229]
 [225.90804687]
 [225.91736979]
 [225.88455729]
 [225.82075521]
 [225.85440104]
 [225.98325521]
 [226.03804687]
 [226.013125  ]
 [226.02330729]
 [226.03768229]
 [226.00476563]
 [225.91765625]
 [225.94036458]
 [225.98721354]
 [225.91466146]
 [225.81242188]
 [225.81869792]
 [225.84526042]
 [225.785     ]
 [225.63648438]
 [225.55651042]
 [225.45734375]
 [225.32369792]
 [225.16325521]
 [225.07796875]
 [225.0784375 ]
 [225.10664063]
 [225.17609375]
 [225.36877604]
 [225.57911458]
 [225.69080729]
 [225.72229167]
 [225.82367188]
 [225.93658854]
 [225.96765625]
 [225.91861979]
 [225.92247396]]
Summary:  Hom24-np3:Local (T100,BS5): 17.3s,1.631e+03s,1.719e+03s
