Dataset loaded from S3 with s3fs and Pyfive: bnl/ch330a.pc19790301-def.nc (0.13,3.2)
Thread times [0.8324599266052246, 0.9575169086456299, 1.3633108139038086, 1.0472350120544434, 1.1232378482818604, 1.580259084701538, 1.334773063659668, 1.7329599857330322, 1.6407480239868164, 1.3173072338104248, 1.8619310855865479, 1.5372018814086914, 1.7905662059783936, 1.4057841300964355, 1.486987829208374]
{'load nc time': 3.8322298526763916, 'args': ((0, 0, slice(0, 960, None), slice(None, None, None)),), 'dataset shape': (40, 11, 1921, 2560), 'dataset chunks': (7, 1, 385, 512), 'indexing time (s)': 18.8250629901886, 'chunk number': 1650, 'reduction time (s)': 21.013628005981445, 'chunks processed': 15, 'storage read (B)': 29685482, 'selection 1 time (s)': 39.83880972862244}
Thread times [1.074808120727539, 0.8374509811401367, 1.0682802200317383, 1.5020439624786377, 1.1389389038085938, 1.7054951190948486, 1.681981086730957, 1.442124843597412, 1.9707252979278564, 1.4226429462432861, 1.585442066192627, 1.545078992843628, 1.4972851276397705, 2.0648651123046875, 1.649669885635376]
{'args': ((1, 0, slice(0, 960, None), slice(None, None, None)),), 'dataset shape': (40, 11, 1921, 2560), 'dataset chunks': (7, 1, 385, 512), 'indexing time (s)': 9.5367431640625e-07, 'chunk number': 1650, 'reduction time (s)': 22.187762022018433, 'chunks processed': 15, 'storage read (B)': 29685482, 'selection 1 time (s)': 22.187906980514526}
Thread times [0.9960072040557861, 0.9809079170227051, 2.190218210220337, 1.4470562934875488, 1.1046721935272217, 1.4660310745239258, 1.6872079372406006, 1.3381438255310059, 1.9663269519805908, 1.5046091079711914, 1.25872802734375, 2.0647850036621094, 1.3610260486602783, 1.8011269569396973, 1.4048948287963867]
{'args': ((2, 0, slice(0, 960, None), slice(None, None, None)),), 'dataset shape': (40, 11, 1921, 2560), 'dataset chunks': (7, 1, 385, 512), 'indexing time (s)': 9.5367431640625e-07, 'chunk number': 1650, 'reduction time (s)': 22.572723150253296, 'chunks processed': 15, 'storage read (B)': 29685482, 'selection 1 time (s)': 22.5728280544281}
Thread times [1.1628098487854004, 0.9561851024627686, 1.1679680347442627, 0.9686939716339111, 1.6599760055541992, 1.391132116317749, 1.6643800735473633, 1.5572130680084229, 2.4020979404449463, 2.3633031845092773, 2.2904961109161377, 1.6375620365142822, 1.7811498641967773, 2.2091259956359863, 2.0158510208129883]
{'args': ((3, 0, slice(0, 960, None), slice(None, None, None)),), 'dataset shape': (40, 11, 1921, 2560), 'dataset chunks': (7, 1, 385, 512), 'indexing time (s)': 9.5367431640625e-07, 'chunk number': 1650, 'reduction time (s)': 25.22897481918335, 'chunks processed': 15, 'storage read (B)': 29685482, 'selection 1 time (s)': 25.2291100025177}
Thread times [0.9218251705169678, 0.7762877941131592, 1.366501808166504, 1.1750898361206055, 1.0793709754943848, 1.475989818572998, 1.5034260749816895, 1.438868761062622, 2.160968780517578, 1.329695224761963, 1.576573133468628, 1.7016937732696533, 1.345306158065796, 2.00211501121521, 1.457167148590088]
{'args': ((4, 0, slice(0, 960, None), slice(None, None, None)),), 'dataset shape': (40, 11, 1921, 2560), 'dataset chunks': (7, 1, 385, 512), 'indexing time (s)': 1.1920928955078125e-06, 'chunk number': 1650, 'reduction time (s)': 21.3119637966156, 'chunks processed': 15, 'storage read (B)': 29685482, 'selection 1 time (s)': 21.31211519241333}
Thread times [0.9561188220977783, 1.150373935699463, 1.1603362560272217, 1.0320210456848145, 1.5720388889312744, 1.4832818508148193, 1.9784960746765137, 1.3782708644866943, 1.4586138725280762, 1.662945032119751, 1.326874017715454, 2.02793025970459, 1.8923752307891846, 2.4511539936065674, 1.4225339889526367]
{'args': ((5, 0, slice(0, 960, None), slice(None, None, None)),), 'dataset shape': (40, 11, 1921, 2560), 'dataset chunks': (7, 1, 385, 512), 'indexing time (s)': 1.9073486328125e-06, 'chunk number': 1650, 'reduction time (s)': 22.954519987106323, 'chunks processed': 15, 'storage read (B)': 29685482, 'selection 1 time (s)': 22.95470404624939}
Thread times [1.0423471927642822, 1.1534337997436523, 1.1325287818908691, 1.0252292156219482, 2.6960740089416504, 2.0079779624938965, 1.462061882019043, 1.426314115524292, 2.0434839725494385, 1.3762061595916748, 1.6393818855285645, 1.5435757637023926, 1.4513578414916992, 1.5534799098968506, 1.3351328372955322]
{'args': ((6, 0, slice(0, 960, None), slice(None, None, None)),), 'dataset shape': (40, 11, 1921, 2560), 'dataset chunks': (7, 1, 385, 512), 'indexing time (s)': 2.1457672119140625e-06, 'chunk number': 1650, 'reduction time (s)': 22.889684915542603, 'chunks processed': 15, 'storage read (B)': 29685482, 'selection 1 time (s)': 22.88987708091736}
Thread times [0.8622021675109863, 1.3071799278259277, 1.223172903060913, 1.0703201293945312, 1.5286903381347656, 1.2970530986785889, 1.8672146797180176, 1.6108908653259277, 0.9934468269348145, 1.2137210369110107, 1.4023017883300781, 1.3412649631500244, 2.8479418754577637, 2.263828992843628, 1.480248212814331]
{'args': ((7, 0, slice(0, 960, None), slice(None, None, None)),), 'dataset shape': (40, 11, 1921, 2560), 'dataset chunks': (7, 1, 385, 512), 'indexing time (s)': 1.9073486328125e-06, 'chunk number': 1650, 'reduction time (s)': 22.310532093048096, 'chunks processed': 15, 'storage read (B)': 29701892, 'selection 1 time (s)': 22.310685873031616}
Thread times [0.8359143733978271, 0.8712079524993896, 1.1187140941619873, 1.0507290363311768, 1.3634839057922363, 1.4631669521331787, 1.3564338684082031, 1.4279489517211914, 0.9616639614105225, 0.9740090370178223, 1.2159819602966309, 1.4032878875732422, 1.340754747390747, 1.3542869091033936, 1.500697135925293]
{'args': ((8, 0, slice(0, 960, None), slice(None, None, None)),), 'dataset shape': (40, 11, 1921, 2560), 'dataset chunks': (7, 1, 385, 512), 'indexing time (s)': 1.9073486328125e-06, 'chunk number': 1650, 'reduction time (s)': 18.239362001419067, 'chunks processed': 15, 'storage read (B)': 29701892, 'selection 1 time (s)': 18.239506721496582}
Thread times [0.9031150341033936, 0.7547168731689453, 1.1800439357757568, 1.0402600765228271, 1.049246072769165, 1.2443609237670898, 1.3715052604675293, 2.818459987640381, 1.0680880546569824, 1.2255210876464844, 1.2693099975585938, 1.4235858917236328, 1.4750120639801025, 1.2661411762237549, 1.4896109104156494]
{'args': ((9, 0, slice(0, 960, None), slice(None, None, None)),), 'dataset shape': (40, 11, 1921, 2560), 'dataset chunks': (7, 1, 385, 512), 'indexing time (s)': 1.9073486328125e-06, 'chunk number': 1650, 'reduction time (s)': 19.580103874206543, 'chunks processed': 15, 'storage read (B)': 29701892, 'selection 1 time (s)': 19.58029294013977}
Thread times [0.857079029083252, 0.7803289890289307, 1.0716512203216553, 1.052541732788086, 1.10276198387146, 1.3060410022735596, 1.2933530807495117, 1.3435561656951904, 1.0325777530670166, 0.9678599834442139, 1.3603556156158447, 1.5446059703826904, 1.5623528957366943, 3.8200631141662598, 2.887376070022583]
{'args': ((10, 0, slice(0, 960, None), slice(None, None, None)),), 'dataset shape': (40, 11, 1921, 2560), 'dataset chunks': (7, 1, 385, 512), 'indexing time (s)': 1.6689300537109375e-06, 'chunk number': 1650, 'reduction time (s)': 21.98355007171631, 'chunks processed': 15, 'storage read (B)': 29701892, 'selection 1 time (s)': 21.983718872070312}
Thread times [2.040524959564209, 2.2255778312683105, 1.2845089435577393, 1.2593286037445068, 1.668241262435913, 1.414700984954834, 1.7697808742523193, 1.7006583213806152, 1.026266098022461, 1.6276710033416748, 1.2756989002227783, 1.8730089664459229, 1.8205680847167969, 1.8692328929901123, 3.6763668060302734]
{'args': ((11, 0, slice(0, 960, None), slice(None, None, None)),), 'dataset shape': (40, 11, 1921, 2560), 'dataset chunks': (7, 1, 385, 512), 'indexing time (s)': 1.9073486328125e-06, 'chunk number': 1650, 'reduction time (s)': 26.533246994018555, 'chunks processed': 15, 'storage read (B)': 29701892, 'selection 1 time (s)': 26.533411026000977}
Thread times [3.3549208641052246, 1.4556679725646973, 1.69045090675354, 1.5864250659942627, 1.128497838973999, 1.3399250507354736, 2.0030460357666016, 1.498189926147461, 1.4278039932250977, 0.973912239074707, 1.3158228397369385, 1.810513973236084, 1.499248743057251, 2.477847099304199, 1.3502190113067627]
{'args': ((12, 0, slice(0, 960, None), slice(None, None, None)),), 'dataset shape': (40, 11, 1921, 2560), 'dataset chunks': (7, 1, 385, 512), 'indexing time (s)': 1.9073486328125e-06, 'chunk number': 1650, 'reduction time (s)': 24.917423009872437, 'chunks processed': 15, 'storage read (B)': 29701892, 'selection 1 time (s)': 24.917579889297485}
Thread times [0.8667211532592773, 1.2341790199279785, 1.0933849811553955, 1.0545120239257812, 1.2661449909210205, 1.517582893371582, 1.3104948997497559, 1.401181936264038, 2.0639488697052, 0.9831161499023438, 1.2167952060699463, 1.412520170211792, 1.407796859741211, 1.376772165298462, 1.36063814163208]
{'args': ((13, 0, slice(0, 960, None), slice(None, None, None)),), 'dataset shape': (40, 11, 1921, 2560), 'dataset chunks': (7, 1, 385, 512), 'indexing time (s)': 9.5367431640625e-07, 'chunk number': 1650, 'reduction time (s)': 19.56685781478882, 'chunks processed': 15, 'storage read (B)': 29701892, 'selection 1 time (s)': 19.56703281402588}
Thread times [0.8207690715789795, 0.8423202037811279, 1.0965912342071533, 1.0424559116363525, 2.4795868396759033, 1.2922251224517822, 1.3831801414489746, 1.5888371467590332, 1.143500804901123, 1.4082081317901611, 1.3621599674224854, 1.6029438972473145, 1.378368616104126, 2.025057792663574, 1.3554327487945557]
{'args': ((14, 0, slice(0, 960, None), slice(None, None, None)),), 'dataset shape': (40, 11, 1921, 2560), 'dataset chunks': (7, 1, 385, 512), 'indexing time (s)': 1.9073486328125e-06, 'chunk number': 1650, 'reduction time (s)': 20.822679042816162, 'chunks processed': 15, 'storage read (B)': 29733505, 'selection 1 time (s)': 20.8228600025177}
Thread times [1.1866052150726318, 1.158571720123291, 1.1337699890136719, 1.4620671272277832, 1.345818042755127, 1.3282711505889893, 1.8121869564056396, 1.354576826095581, 1.24491286277771, 2.0056419372558594, 1.319645881652832, 1.7938849925994873, 2.1630373001098633, 1.8414158821105957, 1.3764019012451172]
{'args': ((15, 0, slice(0, 960, None), slice(None, None, None)),), 'dataset shape': (40, 11, 1921, 2560), 'dataset chunks': (7, 1, 385, 512), 'indexing time (s)': 1.1920928955078125e-06, 'chunk number': 1650, 'reduction time (s)': 22.527827978134155, 'chunks processed': 15, 'storage read (B)': 29733505, 'selection 1 time (s)': 22.527961015701294}
Thread times [1.004256010055542, 1.3270678520202637, 1.212001085281372, 1.0510380268096924, 1.6316611766815186, 1.458143949508667, 2.565556287765503, 1.5902669429779053, 1.1911590099334717, 1.595428228378296, 1.3126368522644043, 1.713663101196289, 1.409895896911621, 1.5317320823669434, 1.7158010005950928]
{'args': ((16, 0, slice(0, 960, None), slice(None, None, None)),), 'dataset shape': (40, 11, 1921, 2560), 'dataset chunks': (7, 1, 385, 512), 'indexing time (s)': 0.0, 'chunk number': 1650, 'reduction time (s)': 22.311067819595337, 'chunks processed': 15, 'storage read (B)': 29733505, 'selection 1 time (s)': 22.311161279678345}
Thread times [1.0241889953613281, 1.0549778938293457, 1.458400011062622, 1.3778109550476074, 1.470533847808838, 2.503373146057129, 2.128632068634033, 1.4544892311096191, 1.150317907333374, 1.7684731483459473, 1.31239914894104, 1.8539860248565674, 1.3825688362121582, 1.427232027053833, 1.746122121810913]
{'args': ((17, 0, slice(0, 960, None), slice(None, None, None)),), 'dataset shape': (40, 11, 1921, 2560), 'dataset chunks': (7, 1, 385, 512), 'indexing time (s)': 0.0, 'chunk number': 1650, 'reduction time (s)': 23.114398956298828, 'chunks processed': 15, 'storage read (B)': 29733505, 'selection 1 time (s)': 23.114493131637573}
Thread times [0.9055049419403076, 0.7965338230133057, 1.495201826095581, 1.0602831840515137, 1.083484172821045, 1.7057909965515137, 1.4608302116394043, 1.8445138931274414, 1.1615750789642334, 1.316329002380371, 1.713773250579834, 1.3542590141296387, 1.3241548538208008, 1.7760729789733887, 1.4098961353302002]
{'args': ((18, 0, slice(0, 960, None), slice(None, None, None)),), 'dataset shape': (40, 11, 1921, 2560), 'dataset chunks': (7, 1, 385, 512), 'indexing time (s)': 0.0, 'chunk number': 1650, 'reduction time (s)': 20.40931510925293, 'chunks processed': 15, 'storage read (B)': 29733505, 'selection 1 time (s)': 20.40943479537964}
Thread times [1.058716058731079, 1.0596659183502197, 1.129384994506836, 1.051604986190796, 1.5024440288543701, 1.3976960182189941, 1.323674201965332, 2.4656949043273926, 1.2791080474853516, 1.8124890327453613, 1.3082356452941895, 1.8747069835662842, 1.4706590175628662, 1.320775032043457, 1.6280393600463867]
{'args': ((19, 0, slice(0, 960, None), slice(None, None, None)),), 'dataset shape': (40, 11, 1921, 2560), 'dataset chunks': (7, 1, 385, 512), 'indexing time (s)': 1.9073486328125e-06, 'chunk number': 1650, 'reduction time (s)': 21.684004306793213, 'chunks processed': 15, 'storage read (B)': 29733505, 'selection 1 time (s)': 21.68419599533081}
Thread times [0.9107232093811035, 0.850369930267334, 2.2336578369140625, 1.6309258937835693, 1.5169990062713623, 1.2966129779815674, 1.5763111114501953, 1.6119670867919922, 1.1732451915740967, 1.7746069431304932, 1.9476861953735352, 2.096388101577759, 1.3132836818695068, 1.3414990901947021, 2.2960309982299805]
{'args': ((20, 0, slice(0, 960, None), slice(None, None, None)),), 'dataset shape': (40, 11, 1921, 2560), 'dataset chunks': (7, 1, 385, 512), 'indexing time (s)': 2.86102294921875e-06, 'chunk number': 1650, 'reduction time (s)': 23.57136607170105, 'chunks processed': 15, 'storage read (B)': 29733505, 'selection 1 time (s)': 23.57154607772827}
Thread times [0.9206981658935547, 0.8681850433349609, 1.2953238487243652, 0.6242237091064453, 0.7983510494232178, 3.049086093902588, 1.379927158355713, 1.6426551342010498, 1.4416499137878418, 1.4759981632232666, 1.6138410568237305, 1.4254119396209717, 1.8350110054016113, 1.3615360260009766, 0.9827110767364502]
{'args': ((21, 0, slice(0, 960, None), slice(None, None, None)),), 'dataset shape': (40, 11, 1921, 2560), 'dataset chunks': (7, 1, 385, 512), 'indexing time (s)': 9.5367431640625e-07, 'chunk number': 1650, 'reduction time (s)': 20.71544885635376, 'chunks processed': 15, 'storage read (B)': 29686785, 'selection 1 time (s)': 20.715606927871704}
Thread times [1.1958699226379395, 0.8758542537689209, 1.1299970149993896, 0.8237571716308594, 0.928325891494751, 1.3985316753387451, 1.4723198413848877, 1.5866148471832275, 1.3208770751953125, 1.6594548225402832, 1.2253620624542236, 1.3031620979309082, 1.6504409313201904, 1.395495891571045, 0.9584999084472656]
{'args': ((22, 0, slice(0, 960, None), slice(None, None, None)),), 'dataset shape': (40, 11, 1921, 2560), 'dataset chunks': (7, 1, 385, 512), 'indexing time (s)': 9.5367431640625e-07, 'chunk number': 1650, 'reduction time (s)': 18.925349712371826, 'chunks processed': 15, 'storage read (B)': 29686785, 'selection 1 time (s)': 18.92545199394226}
Thread times [1.3309462070465088, 0.7966129779815674, 1.128957986831665, 0.646291971206665, 1.2936580181121826, 1.38145112991333, 1.3990387916564941, 1.6649169921875, 1.4141349792480469, 1.7611501216888428, 1.3218591213226318, 1.3309218883514404, 1.8524391651153564, 1.4996039867401123, 1.0091588497161865]
{'args': ((23, 0, slice(0, 960, None), slice(None, None, None)),), 'dataset shape': (40, 11, 1921, 2560), 'dataset chunks': (7, 1, 385, 512), 'indexing time (s)': 1.1920928955078125e-06, 'chunk number': 1650, 'reduction time (s)': 19.832133054733276, 'chunks processed': 15, 'storage read (B)': 29686785, 'selection 1 time (s)': 19.83224606513977}
Thread times [1.117278814315796, 0.7754349708557129, 1.1018860340118408, 0.5578618049621582, 0.9753179550170898, 1.3541219234466553, 1.4644458293914795, 1.5828559398651123, 1.3082249164581299, 1.5488131046295166, 1.3505699634552002, 1.400587797164917, 1.9669301509857178, 1.4266271591186523, 1.0126709938049316]
{'args': ((24, 0, slice(0, 960, None), slice(None, None, None)),), 'dataset shape': (40, 11, 1921, 2560), 'dataset chunks': (7, 1, 385, 512), 'indexing time (s)': 9.5367431640625e-07, 'chunk number': 1650, 'reduction time (s)': 18.944559812545776, 'chunks processed': 15, 'storage read (B)': 29686785, 'selection 1 time (s)': 18.944696187973022}
Thread times [1.0324819087982178, 0.7830679416656494, 1.092926025390625, 0.5565309524536133, 0.9929530620574951, 1.4588689804077148, 1.40805983543396, 1.8390557765960693, 1.3916122913360596, 1.7712440490722656, 1.293837070465088, 1.333885908126831, 1.85227632522583, 1.569267988204956, 1.0202221870422363]
{'args': ((25, 0, slice(0, 960, None), slice(None, None, None)),), 'dataset shape': (40, 11, 1921, 2560), 'dataset chunks': (7, 1, 385, 512), 'indexing time (s)': 9.5367431640625e-07, 'chunk number': 1650, 'reduction time (s)': 19.39719295501709, 'chunks processed': 15, 'storage read (B)': 29686785, 'selection 1 time (s)': 19.39730215072632}
Thread times [1.0526299476623535, 0.777641773223877, 1.1087150573730469, 0.7049739360809326, 1.0940449237823486, 1.463658094406128, 1.3919780254364014, 1.7560639381408691, 1.3239259719848633, 2.089493989944458, 2.7122669219970703, 3.5933969020843506, 2.501283884048462, 3.2220170497894287, 2.1362359523773193]
{'args': ((26, 0, slice(0, 960, None), slice(None, None, None)),), 'dataset shape': (40, 11, 1921, 2560), 'dataset chunks': (7, 1, 385, 512), 'indexing time (s)': 7.152557373046875e-07, 'chunk number': 1650, 'reduction time (s)': 26.929238080978394, 'chunks processed': 15, 'storage read (B)': 29686785, 'selection 1 time (s)': 26.92936611175537}
Thread times [0.9601402282714844, 0.942857027053833, 1.549365758895874, 0.6209769248962402, 0.7603490352630615, 1.4300191402435303, 1.721149206161499, 1.976301908493042, 3.0853981971740723, 2.0332889556884766, 1.5497758388519287, 1.6959991455078125, 1.4560089111328125, 1.4882018566131592, 1.3562438488006592]
{'args': ((27, 0, slice(0, 960, None), slice(None, None, None)),), 'dataset shape': (40, 11, 1921, 2560), 'dataset chunks': (7, 1, 385, 512), 'indexing time (s)': 7.152557373046875e-07, 'chunk number': 1650, 'reduction time (s)': 22.626864194869995, 'chunks processed': 15, 'storage read (B)': 29686785, 'selection 1 time (s)': 22.626981019973755}
Thread times [0.8944120407104492, 0.8617141246795654, 1.2161009311676025, 1.1535532474517822, 1.0979750156402588, 1.8792738914489746, 2.8271169662475586, 2.1358609199523926, 1.2073297500610352, 1.6436901092529297, 1.260099172592163, 1.456639051437378, 1.9116318225860596, 1.32169508934021, 1.5847790241241455]
{'args': ((28, 0, slice(0, 960, None), slice(None, None, None)),), 'dataset shape': (40, 11, 1921, 2560), 'dataset chunks': (7, 1, 385, 512), 'indexing time (s)': 3.814697265625e-06, 'chunk number': 1650, 'reduction time (s)': 22.45271587371826, 'chunks processed': 15, 'storage read (B)': 29670387, 'selection 1 time (s)': 22.4528169631958}
Thread times [0.9886219501495361, 0.8698229789733887, 1.1250791549682617, 1.3113231658935547, 1.0893480777740479, 1.3334572315216064, 1.4424569606781006, 1.6421291828155518, 1.0566110610961914, 1.7180712223052979, 1.549262285232544, 1.938744068145752, 1.3487091064453125, 1.3774662017822266, 1.6367292404174805]
{'args': ((29, 0, slice(0, 960, None), slice(None, None, None)),), 'dataset shape': (40, 11, 1921, 2560), 'dataset chunks': (7, 1, 385, 512), 'indexing time (s)': 9.5367431640625e-07, 'chunk number': 1650, 'reduction time (s)': 20.42861819267273, 'chunks processed': 15, 'storage read (B)': 29670387, 'selection 1 time (s)': 20.428712844848633}
Thread times [0.8769681453704834, 0.7732648849487305, 1.506870985031128, 1.0490281581878662, 1.0909409523010254, 2.537260055541992, 1.0165910720825195, 1.9466798305511475, 1.0965569019317627, 1.6692378520965576, 1.5494980812072754, 1.5536060333251953, 1.7617120742797852, 1.4187369346618652, 1.391814947128296]
{'args': ((30, 0, slice(0, 960, None), slice(None, None, None)),), 'dataset shape': (40, 11, 1921, 2560), 'dataset chunks': (7, 1, 385, 512), 'indexing time (s)': 0.0, 'chunk number': 1650, 'reduction time (s)': 21.239564895629883, 'chunks processed': 15, 'storage read (B)': 29670387, 'selection 1 time (s)': 21.239675998687744}
Thread times [1.2423491477966309, 0.9039421081542969, 1.3230199813842773, 1.7618019580841064, 1.3076999187469482, 1.9643890857696533, 1.0096478462219238, 1.3498046398162842, 1.2522330284118652, 1.3395378589630127, 1.2538931369781494, 1.883066177368164, 1.3381321430206299, 1.625657081604004, 1.429711103439331]
{'args': ((31, 0, slice(0, 960, None), slice(None, None, None)),), 'dataset shape': (40, 11, 1921, 2560), 'dataset chunks': (7, 1, 385, 512), 'indexing time (s)': 1.1920928955078125e-06, 'chunk number': 1650, 'reduction time (s)': 20.98566484451294, 'chunks processed': 15, 'storage read (B)': 29670387, 'selection 1 time (s)': 20.985824823379517}
Thread times [0.82981276512146, 0.8382351398468018, 1.57492995262146, 1.438324213027954, 1.2656049728393555, 4.056056976318359, 1.6145210266113281, 1.538727045059204, 1.2962007522583008, 1.389341115951538, 1.2296080589294434, 1.7981722354888916, 1.3128070831298828, 1.6794917583465576, 1.3668992519378662]
{'args': ((32, 0, slice(0, 960, None), slice(None, None, None)),), 'dataset shape': (40, 11, 1921, 2560), 'dataset chunks': (7, 1, 385, 512), 'indexing time (s)': 9.5367431640625e-07, 'chunk number': 1650, 'reduction time (s)': 23.229617834091187, 'chunks processed': 15, 'storage read (B)': 29670387, 'selection 1 time (s)': 23.229737758636475}
Thread times [0.9661920070648193, 0.7751297950744629, 1.56886887550354, 1.0286788940429688, 1.2472288608551025, 1.578063726425171, 0.9549679756164551, 1.6926748752593994, 1.0131080150604248, 1.3054521083831787, 1.387450933456421, 1.527383804321289, 1.3009352684020996, 2.378268003463745, 1.849855899810791]
{'args': ((33, 0, slice(0, 960, None), slice(None, None, None)),), 'dataset shape': (40, 11, 1921, 2560), 'dataset chunks': (7, 1, 385, 512), 'indexing time (s)': 3.0994415283203125e-06, 'chunk number': 1650, 'reduction time (s)': 20.57529306411743, 'chunks processed': 15, 'storage read (B)': 29670387, 'selection 1 time (s)': 20.575472116470337}
Thread times [1.5488309860229492, 0.888031005859375, 1.1201388835906982, 1.7052199840545654, 1.3272860050201416, 2.544187068939209, 1.7908239364624023, 2.7042760848999023, 0.9938502311706543, 1.6847262382507324, 1.263970136642456, 1.7477428913116455, 1.7386329174041748, 1.3873119354248047, 1.8738949298858643]
{'args': ((34, 0, slice(0, 960, None), slice(None, None, None)),), 'dataset shape': (40, 11, 1921, 2560), 'dataset chunks': (7, 1, 385, 512), 'indexing time (s)': 1.9073486328125e-06, 'chunk number': 1650, 'reduction time (s)': 24.31983208656311, 'chunks processed': 15, 'storage read (B)': 29670387, 'selection 1 time (s)': 24.31999897956848}
Thread times [0.779559850692749, 0.703721284866333, 0.9560303688049316, 1.3431849479675293, 0.9717628955841064, 1.0942339897155762, 1.0873291492462158, 1.0797309875488281, 1.1000628471374512, 1.0563652515411377, 1.016376256942749, 1.1118919849395752, 1.1742956638336182, 2.090893030166626, 1.0384941101074219]
{'args': ((35, 0, slice(0, 960, None), slice(None, None, None)),), 'dataset shape': (40, 11, 1921, 2560), 'dataset chunks': (7, 1, 385, 512), 'indexing time (s)': 1.1920928955078125e-06, 'chunk number': 1650, 'reduction time (s)': 16.604713916778564, 'chunks processed': 15, 'storage read (B)': 21287473, 'selection 1 time (s)': 16.604817867279053}
Thread times [1.0095298290252686, 0.8407778739929199, 1.0085489749908447, 0.8698818683624268, 1.0723488330841064, 1.251373052597046, 1.080578088760376, 1.1019539833068848, 1.1205875873565674, 1.079345941543579, 1.0452229976654053, 1.1008102893829346, 1.0629079341888428, 1.0208179950714111, 1.0589509010314941]
{'args': ((36, 0, slice(0, 960, None), slice(None, None, None)),), 'dataset shape': (40, 11, 1921, 2560), 'dataset chunks': (7, 1, 385, 512), 'indexing time (s)': 1.1920928955078125e-06, 'chunk number': 1650, 'reduction time (s)': 15.724432945251465, 'chunks processed': 15, 'storage read (B)': 21287473, 'selection 1 time (s)': 15.72452712059021}
Thread times [0.8702750205993652, 0.6827812194824219, 0.9454538822174072, 0.8486001491546631, 0.8316328525543213, 1.0580286979675293, 1.0948090553283691, 1.0414018630981445, 1.0207641124725342, 1.0452091693878174, 0.9994869232177734, 1.0763051509857178, 1.057405948638916, 1.0612969398498535, 1.0643441677093506]
{'args': ((37, 0, slice(0, 960, None), slice(None, None, None)),), 'dataset shape': (40, 11, 1921, 2560), 'dataset chunks': (7, 1, 385, 512), 'indexing time (s)': 0.0, 'chunk number': 1650, 'reduction time (s)': 14.698616027832031, 'chunks processed': 15, 'storage read (B)': 21287473, 'selection 1 time (s)': 14.698716163635254}
Thread times [0.7698979377746582, 0.6822760105133057, 0.9256746768951416, 0.8016140460968018, 0.847459077835083, 1.2191970348358154, 1.0635120868682861, 1.0427639484405518, 1.0476999282836914, 1.0895228385925293, 1.177941083908081, 1.2080168724060059, 1.1739301681518555, 1.0980589389801025, 1.063777208328247]
{'args': ((38, 0, slice(0, 960, None), slice(None, None, None)),), 'dataset shape': (40, 11, 1921, 2560), 'dataset chunks': (7, 1, 385, 512), 'indexing time (s)': 9.5367431640625e-07, 'chunk number': 1650, 'reduction time (s)': 15.212148904800415, 'chunks processed': 15, 'storage read (B)': 21287473, 'selection 1 time (s)': 15.21227216720581}
Thread times [0.7574710845947266, 0.7031691074371338, 0.9223048686981201, 0.9081621170043945, 0.8728480339050293, 1.036996841430664, 1.074660062789917, 1.0491371154785156, 1.0533759593963623, 1.2271080017089844, 1.0247859954833984, 1.0659010410308838, 1.0591058731079102, 1.0598680973052979, 1.0681500434875488]
{'args': ((39, 0, slice(0, 960, None), slice(None, None, None)),), 'dataset shape': (40, 11, 1921, 2560), 'dataset chunks': (7, 1, 385, 512), 'indexing time (s)': 0.0, 'chunk number': 1650, 'reduction time (s)': 14.883849143981934, 'chunks processed': 15, 'storage read (B)': 21287473, 'selection 1 time (s)': 14.883947134017944}
[[226.07817708]
 [226.06473958]
 [225.93765625]
 [225.90807292]
 [225.91734375]
 [225.88453125]
 [225.82075521]
 [225.85440104]
 [225.98328125]
 [226.03804687]
 [226.01315104]
 [226.02330729]
 [226.03770833]
 [226.00476563]
 [225.91765625]
 [225.94036458]
 [225.98721354]
 [225.9146875 ]
 [225.81242188]
 [225.81869792]
 [225.84526042]
 [225.78497396]
 [225.63651042]
 [225.55651042]
 [225.45734375]
 [225.32369792]
 [225.16325521]
 [225.07794271]
 [225.07846354]
 [225.10664063]
 [225.17609375]
 [225.36880208]
 [225.57911458]
 [225.69080729]
 [225.72229167]
 [225.82367188]
 [225.93658854]
 [225.96765625]
 [225.91861979]
 [225.9225    ]]
Summary:  Hom24-np3:Local (T1,BS1): 3.83s,843.5s,866.1s
