Dataset loaded from S3 with s3fs and Pyfive: bnl/ch330a.pc19790301-def.nc (0.16,1.3e+01)
Thread times [0.21176600456237793, 0.2127680778503418, 0.22246599197387695, 0.22184181213378906, 0.22376489639282227, 0.4542238712310791, 0.46374082565307617, 0.5041379928588867, 0.5412449836730957, 0.5619518756866455, 0.5622220039367676, 0.5987820625305176, 0.5996847152709961, 0.6561040878295898, 0.670032262802124]
{'load nc time': 15.140244007110596, 'args': ((0, 0, slice(0, 960, None), slice(None, None, None)),), 'dataset shape': (40, 11, 1921, 2560), 'dataset chunks': (7, 1, 385, 512), 'indexing time (s)': 75.75320792198181, 'chunk number': 1650, 'reduction time (s)': 0.6824188232421875, 'chunks processed': 15, 'storage read (B)': 29685482, 'selection 2 time (s)': 76.45698928833008}
Thread times [0.37320995330810547, 0.4042978286743164, 0.492199182510376, 0.500176191329956, 0.5741519927978516, 0.5804963111877441, 0.6009268760681152, 0.6112017631530762, 0.6132233142852783, 0.6226708889007568, 0.6303417682647705, 0.6314902305603027, 0.6361889839172363, 0.6700007915496826, 0.677595853805542]
{'args': ((1, 0, slice(0, 960, None), slice(None, None, None)),), 'dataset shape': (40, 11, 1921, 2560), 'dataset chunks': (7, 1, 385, 512), 'indexing time (s)': 1.1920928955078125e-06, 'chunk number': 1650, 'reduction time (s)': 0.6857547760009766, 'chunks processed': 15, 'storage read (B)': 29685482, 'selection 2 time (s)': 0.7049961090087891}
Thread times [0.255465030670166, 0.27670812606811523, 0.3404850959777832, 0.34271907806396484, 0.3500237464904785, 0.3490602970123291, 0.35381102561950684, 0.35517096519470215, 0.42987918853759766, 0.4451289176940918, 0.6076440811157227, 0.6163032054901123, 0.6159181594848633, 0.6455390453338623, 0.6700870990753174]
{'args': ((2, 0, slice(0, 960, None), slice(None, None, None)),), 'dataset shape': (40, 11, 1921, 2560), 'dataset chunks': (7, 1, 385, 512), 'indexing time (s)': 2.1457672119140625e-06, 'chunk number': 1650, 'reduction time (s)': 0.677886962890625, 'chunks processed': 15, 'storage read (B)': 29685482, 'selection 2 time (s)': 0.6987388134002686}
Thread times [0.2548961639404297, 0.26786303520202637, 0.27045297622680664, 0.3158290386199951, 0.343670129776001, 0.4323887825012207, 0.4299759864807129, 0.43221306800842285, 0.43329906463623047, 0.4326450824737549, 0.4365520477294922, 0.4368600845336914, 0.43959689140319824, 0.441986083984375, 0.4464128017425537]
{'args': ((3, 0, slice(0, 960, None), slice(None, None, None)),), 'dataset shape': (40, 11, 1921, 2560), 'dataset chunks': (7, 1, 385, 512), 'indexing time (s)': 1.1920928955078125e-06, 'chunk number': 1650, 'reduction time (s)': 0.45325493812561035, 'chunks processed': 15, 'storage read (B)': 29685482, 'selection 2 time (s)': 0.4678840637207031}
Thread times [0.1741931438446045, 0.3995940685272217, 0.5110251903533936, 0.5195107460021973, 0.5612978935241699, 0.5661098957061768, 0.5801072120666504, 0.5772197246551514, 0.5916657447814941, 0.6006228923797607, 0.6137139797210693, 0.6192910671234131, 0.6182258129119873, 0.6449201107025146, 0.6495640277862549]
{'args': ((4, 0, slice(0, 960, None), slice(None, None, None)),), 'dataset shape': (40, 11, 1921, 2560), 'dataset chunks': (7, 1, 385, 512), 'indexing time (s)': 9.5367431640625e-07, 'chunk number': 1650, 'reduction time (s)': 0.656386137008667, 'chunks processed': 15, 'storage read (B)': 29685482, 'selection 2 time (s)': 0.6755049228668213}
Thread times [0.17554616928100586, 0.22244977951049805, 0.3438248634338379, 0.3374209403991699, 0.3385179042816162, 0.34186601638793945, 0.4303882122039795, 0.4320647716522217, 0.455902099609375, 0.5262336730957031, 0.5229027271270752, 0.5274670124053955, 0.5295209884643555, 0.5541951656341553, 0.5612518787384033]
{'args': ((5, 0, slice(0, 960, None), slice(None, None, None)),), 'dataset shape': (40, 11, 1921, 2560), 'dataset chunks': (7, 1, 385, 512), 'indexing time (s)': 1.1920928955078125e-06, 'chunk number': 1650, 'reduction time (s)': 0.5686709880828857, 'chunks processed': 15, 'storage read (B)': 29685482, 'selection 2 time (s)': 0.5776841640472412}
Thread times [0.16036295890808105, 0.2860870361328125, 0.2867100238800049, 0.28726887702941895, 0.28751683235168457, 0.2857847213745117, 0.2852437496185303, 0.29065489768981934, 0.38417530059814453, 0.43024206161499023, 0.483004093170166, 0.5045380592346191, 0.5079700946807861, 0.5258419513702393, 0.5284311771392822]
{'args': ((6, 0, slice(0, 960, None), slice(None, None, None)),), 'dataset shape': (40, 11, 1921, 2560), 'dataset chunks': (7, 1, 385, 512), 'indexing time (s)': 0.0, 'chunk number': 1650, 'reduction time (s)': 0.5335559844970703, 'chunks processed': 15, 'storage read (B)': 29685482, 'selection 2 time (s)': 0.5521221160888672}
Thread times [0.25452184677124023, 0.3410980701446533, 0.3735649585723877, 0.4734048843383789, 0.4752190113067627, 0.47963905334472656, 0.49062013626098633, 0.49590611457824707, 0.49354076385498047, 0.4990990161895752, 0.5009539127349854, 0.518747091293335, 0.526249885559082, 0.5246531963348389, 0.5307199954986572]
{'args': ((7, 0, slice(0, 960, None), slice(None, None, None)),), 'dataset shape': (40, 11, 1921, 2560), 'dataset chunks': (7, 1, 385, 512), 'indexing time (s)': 9.5367431640625e-07, 'chunk number': 1650, 'reduction time (s)': 0.5366308689117432, 'chunks processed': 15, 'storage read (B)': 29701892, 'selection 2 time (s)': 0.5526471138000488}
Thread times [0.29805898666381836, 0.35080909729003906, 0.4649050235748291, 0.46766066551208496, 0.4747178554534912, 0.47095823287963867, 0.47699403762817383, 0.47651195526123047, 0.47359180450439453, 0.4812331199645996, 0.48613667488098145, 0.4920179843902588, 0.49527502059936523, 0.49903106689453125, 0.5167841911315918]
{'args': ((8, 0, slice(0, 960, None), slice(None, None, None)),), 'dataset shape': (40, 11, 1921, 2560), 'dataset chunks': (7, 1, 385, 512), 'indexing time (s)': 1.1920928955078125e-06, 'chunk number': 1650, 'reduction time (s)': 0.5220561027526855, 'chunks processed': 15, 'storage read (B)': 29701892, 'selection 2 time (s)': 0.5358068943023682}
Thread times [0.2151801586151123, 0.21967792510986328, 0.21710991859436035, 0.4703531265258789, 0.5831680297851562, 0.5806832313537598, 0.5975680351257324, 0.6006309986114502, 0.6080772876739502, 0.6141388416290283, 0.6143100261688232, 0.6141378879547119, 0.6162266731262207, 0.6194162368774414, 0.6370320320129395]
{'args': ((9, 0, slice(0, 960, None), slice(None, None, None)),), 'dataset shape': (40, 11, 1921, 2560), 'dataset chunks': (7, 1, 385, 512), 'indexing time (s)': 9.5367431640625e-07, 'chunk number': 1650, 'reduction time (s)': 0.6424741744995117, 'chunks processed': 15, 'storage read (B)': 29701892, 'selection 2 time (s)': 0.652545690536499}
Thread times [0.4106152057647705, 0.4357771873474121, 0.6136260032653809, 0.6138942241668701, 0.6113531589508057, 0.6165499687194824, 0.611860990524292, 0.614875316619873, 0.6123428344726562, 0.6145951747894287, 0.6213529109954834, 0.622992992401123, 0.6234438419342041, 0.6249148845672607, 0.6281611919403076]
{'args': ((10, 0, slice(0, 960, None), slice(None, None, None)),), 'dataset shape': (40, 11, 1921, 2560), 'dataset chunks': (7, 1, 385, 512), 'indexing time (s)': 1.1920928955078125e-06, 'chunk number': 1650, 'reduction time (s)': 0.6325159072875977, 'chunks processed': 15, 'storage read (B)': 29701892, 'selection 2 time (s)': 0.6470527648925781}
Thread times [0.3117251396179199, 0.4917619228363037, 0.49906206130981445, 0.5317859649658203, 0.5372657775878906, 0.5365769863128662, 0.5447931289672852, 0.5450069904327393, 0.5452959537506104, 0.5496988296508789, 0.5569920539855957, 0.5583789348602295, 0.5638909339904785, 0.5701470375061035, 0.5782549381256104]
{'args': ((11, 0, slice(0, 960, None), slice(None, None, None)),), 'dataset shape': (40, 11, 1921, 2560), 'dataset chunks': (7, 1, 385, 512), 'indexing time (s)': 1.1920928955078125e-06, 'chunk number': 1650, 'reduction time (s)': 0.5835490226745605, 'chunks processed': 15, 'storage read (B)': 29701892, 'selection 2 time (s)': 0.5991060733795166}
Thread times [0.41655397415161133, 0.4169750213623047, 0.5178289413452148, 0.5384790897369385, 0.5469276905059814, 0.550717830657959, 0.5531258583068848, 0.55159592628479, 0.5586109161376953, 0.5607521533966064, 0.5677189826965332, 0.5859470367431641, 0.5875589847564697, 0.5860919952392578, 0.59912109375]
{'args': ((12, 0, slice(0, 960, None), slice(None, None, None)),), 'dataset shape': (40, 11, 1921, 2560), 'dataset chunks': (7, 1, 385, 512), 'indexing time (s)': 9.5367431640625e-07, 'chunk number': 1650, 'reduction time (s)': 0.6045050621032715, 'chunks processed': 15, 'storage read (B)': 29701892, 'selection 2 time (s)': 0.6121599674224854}
Thread times [0.32856011390686035, 0.3819119930267334, 0.4047269821166992, 0.4133901596069336, 0.4764730930328369, 0.4789450168609619, 0.4764139652252197, 0.47928333282470703, 0.4777252674102783, 0.48054003715515137, 0.48367786407470703, 0.48816728591918945, 0.4913747310638428, 0.4912147521972656, 0.4946410655975342]
{'args': ((13, 0, slice(0, 960, None), slice(None, None, None)),), 'dataset shape': (40, 11, 1921, 2560), 'dataset chunks': (7, 1, 385, 512), 'indexing time (s)': 0.0, 'chunk number': 1650, 'reduction time (s)': 0.4987959861755371, 'chunks processed': 15, 'storage read (B)': 29701892, 'selection 2 time (s)': 0.5135958194732666}
Thread times [0.4584629535675049, 0.5188038349151611, 0.618405818939209, 0.6191401481628418, 0.623668909072876, 0.6202249526977539, 0.6231591701507568, 0.6293456554412842, 0.6312351226806641, 0.6315031051635742, 0.6318809986114502, 0.6563279628753662, 0.6581666469573975, 0.6597259044647217, 0.6610598564147949]
{'args': ((14, 0, slice(0, 960, None), slice(None, None, None)),), 'dataset shape': (40, 11, 1921, 2560), 'dataset chunks': (7, 1, 385, 512), 'indexing time (s)': 9.5367431640625e-07, 'chunk number': 1650, 'reduction time (s)': 0.6684672832489014, 'chunks processed': 15, 'storage read (B)': 29733505, 'selection 2 time (s)': 0.6854569911956787}
Thread times [0.22099804878234863, 0.2164161205291748, 0.22812104225158691, 0.238800048828125, 0.2389669418334961, 0.24364805221557617, 0.2417128086090088, 0.24227571487426758, 0.29031801223754883, 0.29429078102111816, 0.3013150691986084, 0.30720090866088867, 0.3107869625091553, 0.3232300281524658, 0.3715848922729492]
{'args': ((15, 0, slice(0, 960, None), slice(None, None, None)),), 'dataset shape': (40, 11, 1921, 2560), 'dataset chunks': (7, 1, 385, 512), 'indexing time (s)': 2.1457672119140625e-06, 'chunk number': 1650, 'reduction time (s)': 0.3789210319519043, 'chunks processed': 15, 'storage read (B)': 29733505, 'selection 2 time (s)': 0.3988988399505615}
Thread times [0.18076181411743164, 0.3025028705596924, 0.36080408096313477, 0.3985252380371094, 0.44110584259033203, 0.47333192825317383, 0.4862692356109619, 0.4919469356536865, 0.48864197731018066, 0.49010705947875977, 0.49652099609375, 0.5113921165466309, 0.5123679637908936, 0.5105061531066895, 0.5151848793029785]
{'args': ((16, 0, slice(0, 960, None), slice(None, None, None)),), 'dataset shape': (40, 11, 1921, 2560), 'dataset chunks': (7, 1, 385, 512), 'indexing time (s)': 2.1457672119140625e-06, 'chunk number': 1650, 'reduction time (s)': 0.5208098888397217, 'chunks processed': 15, 'storage read (B)': 29733505, 'selection 2 time (s)': 0.5285079479217529}
Thread times [0.30159521102905273, 0.49479198455810547, 0.5515336990356445, 0.5493309497833252, 0.5548419952392578, 0.5527541637420654, 0.5574100017547607, 0.5614097118377686, 0.5661959648132324, 0.5699031352996826, 0.5760462284088135, 0.5786378383636475, 0.5835988521575928, 0.5849950313568115, 0.5968501567840576]
{'args': ((17, 0, slice(0, 960, None), slice(None, None, None)),), 'dataset shape': (40, 11, 1921, 2560), 'dataset chunks': (7, 1, 385, 512), 'indexing time (s)': 9.5367431640625e-07, 'chunk number': 1650, 'reduction time (s)': 0.6020591259002686, 'chunks processed': 15, 'storage read (B)': 29733505, 'selection 2 time (s)': 0.6186611652374268}
Thread times [0.3495450019836426, 0.43709707260131836, 0.4599428176879883, 0.49716973304748535, 0.5080671310424805, 0.5104713439941406, 0.5225729942321777, 0.5329530239105225, 0.5314550399780273, 0.5324890613555908, 0.5386788845062256, 0.5380780696868896, 0.5423548221588135, 0.5422799587249756, 0.5536420345306396]
{'args': ((18, 0, slice(0, 960, None), slice(None, None, None)),), 'dataset shape': (40, 11, 1921, 2560), 'dataset chunks': (7, 1, 385, 512), 'indexing time (s)': 1.6689300537109375e-06, 'chunk number': 1650, 'reduction time (s)': 0.5591301918029785, 'chunks processed': 15, 'storage read (B)': 29733505, 'selection 2 time (s)': 0.5710799694061279}
Thread times [0.4004378318786621, 0.4738810062408447, 0.4956791400909424, 0.5014219284057617, 0.5062739849090576, 0.5088849067687988, 0.5094449520111084, 0.5154240131378174, 0.5238330364227295, 0.5218467712402344, 0.5289568901062012, 0.5306680202484131, 0.5345747470855713, 0.535085916519165, 0.5447390079498291]
{'args': ((19, 0, slice(0, 960, None), slice(None, None, None)),), 'dataset shape': (40, 11, 1921, 2560), 'dataset chunks': (7, 1, 385, 512), 'indexing time (s)': 1.1920928955078125e-06, 'chunk number': 1650, 'reduction time (s)': 0.5496220588684082, 'chunks processed': 15, 'storage read (B)': 29733505, 'selection 2 time (s)': 0.5658018589019775}
Thread times [0.3602309226989746, 0.3542919158935547, 0.3572542667388916, 0.36476612091064453, 0.3669447898864746, 0.3625218868255615, 0.365109920501709, 0.36436009407043457, 0.38411617279052734, 0.4031031131744385, 0.4652590751647949, 0.47066617012023926, 0.48099589347839355, 0.4815349578857422, 0.4974489212036133]
{'args': ((20, 0, slice(0, 960, None), slice(None, None, None)),), 'dataset shape': (40, 11, 1921, 2560), 'dataset chunks': (7, 1, 385, 512), 'indexing time (s)': 2.1457672119140625e-06, 'chunk number': 1650, 'reduction time (s)': 0.5039811134338379, 'chunks processed': 15, 'storage read (B)': 29733505, 'selection 2 time (s)': 0.5169858932495117}
Thread times [0.26526808738708496, 0.2732381820678711, 0.2966291904449463, 0.2972133159637451, 0.296828031539917, 0.4979860782623291, 0.4979248046875, 0.648561954498291, 0.6468653678894043, 0.6484768390655518, 0.6498739719390869, 0.6550989151000977, 0.6668779850006104, 0.6703617572784424, 0.6798510551452637]
{'args': ((21, 0, slice(0, 960, None), slice(None, None, None)),), 'dataset shape': (40, 11, 1921, 2560), 'dataset chunks': (7, 1, 385, 512), 'indexing time (s)': 1.1920928955078125e-06, 'chunk number': 1650, 'reduction time (s)': 0.6857337951660156, 'chunks processed': 15, 'storage read (B)': 29686785, 'selection 2 time (s)': 0.7018811702728271}
Thread times [0.26129794120788574, 0.3722209930419922, 0.5078129768371582, 0.5362148284912109, 0.5388989448547363, 0.5474579334259033, 0.5678279399871826, 0.5675499439239502, 0.5666780471801758, 0.5712761878967285, 0.5756781101226807, 0.5783789157867432, 0.5908148288726807, 0.6069109439849854, 0.6106607913970947]
{'args': ((22, 0, slice(0, 960, None), slice(None, None, None)),), 'dataset shape': (40, 11, 1921, 2560), 'dataset chunks': (7, 1, 385, 512), 'indexing time (s)': 1.1920928955078125e-06, 'chunk number': 1650, 'reduction time (s)': 0.6184279918670654, 'chunks processed': 15, 'storage read (B)': 29686785, 'selection 2 time (s)': 0.6360690593719482}
Thread times [0.44631409645080566, 0.4740869998931885, 0.5619049072265625, 0.5791890621185303, 0.5791490077972412, 0.5854198932647705, 0.6117370128631592, 0.6256060600280762, 0.6361451148986816, 0.6384251117706299, 0.6514718532562256, 0.6520676612854004, 0.658649206161499, 0.6578431129455566, 0.6612758636474609]
{'args': ((23, 0, slice(0, 960, None), slice(None, None, None)),), 'dataset shape': (40, 11, 1921, 2560), 'dataset chunks': (7, 1, 385, 512), 'indexing time (s)': 9.5367431640625e-07, 'chunk number': 1650, 'reduction time (s)': 0.6698470115661621, 'chunks processed': 15, 'storage read (B)': 29686785, 'selection 2 time (s)': 0.6862373352050781}
Thread times [0.30246615409851074, 0.41829609870910645, 0.486083984375, 0.5265681743621826, 0.5441951751708984, 0.564943790435791, 0.5678999423980713, 0.5681548118591309, 0.5703370571136475, 0.5848939418792725, 0.5896778106689453, 0.5901780128479004, 0.6146879196166992, 0.6185128688812256, 0.7194631099700928]
{'args': ((24, 0, slice(0, 960, None), slice(None, None, None)),), 'dataset shape': (40, 11, 1921, 2560), 'dataset chunks': (7, 1, 385, 512), 'indexing time (s)': 9.5367431640625e-07, 'chunk number': 1650, 'reduction time (s)': 0.7278780937194824, 'chunks processed': 15, 'storage read (B)': 29686785, 'selection 2 time (s)': 0.7498619556427002}
Thread times [0.538881778717041, 0.5401709079742432, 0.5380563735961914, 0.5571918487548828, 0.5885560512542725, 0.60713791847229, 0.6042568683624268, 0.6055679321289062, 0.6041579246520996, 0.6228909492492676, 0.625866174697876, 0.631561279296875, 0.6339640617370605, 0.6369547843933105, 0.6355857849121094]
{'args': ((25, 0, slice(0, 960, None), slice(None, None, None)),), 'dataset shape': (40, 11, 1921, 2560), 'dataset chunks': (7, 1, 385, 512), 'indexing time (s)': 7.152557373046875e-07, 'chunk number': 1650, 'reduction time (s)': 0.6441233158111572, 'chunks processed': 15, 'storage read (B)': 29686785, 'selection 2 time (s)': 0.6583168506622314}
Thread times [0.3592090606689453, 0.49246788024902344, 0.541269063949585, 0.5753588676452637, 0.6031210422515869, 0.6050012111663818, 0.6103169918060303, 0.6237671375274658, 0.6218647956848145, 0.6225812435150146, 0.6294300556182861, 0.6353261470794678, 0.638092041015625, 0.6373920440673828, 0.6517288684844971]
{'args': ((26, 0, slice(0, 960, None), slice(None, None, None)),), 'dataset shape': (40, 11, 1921, 2560), 'dataset chunks': (7, 1, 385, 512), 'indexing time (s)': 9.5367431640625e-07, 'chunk number': 1650, 'reduction time (s)': 0.659276008605957, 'chunks processed': 15, 'storage read (B)': 29686785, 'selection 2 time (s)': 0.67519211769104}
Thread times [0.21283698081970215, 0.21318387985229492, 0.21180415153503418, 0.2142329216003418, 0.21251773834228516, 0.2080681324005127, 0.5176379680633545, 0.5856418609619141, 0.5883080959320068, 0.5872271060943604, 0.5915331840515137, 0.5976147651672363, 0.5977089405059814, 0.6009969711303711, 0.6050519943237305]
{'args': ((27, 0, slice(0, 960, None), slice(None, None, None)),), 'dataset shape': (40, 11, 1921, 2560), 'dataset chunks': (7, 1, 385, 512), 'indexing time (s)': 9.5367431640625e-07, 'chunk number': 1650, 'reduction time (s)': 0.6108400821685791, 'chunks processed': 15, 'storage read (B)': 29686785, 'selection 2 time (s)': 0.6262481212615967}
Thread times [0.46814894676208496, 0.6325109004974365, 0.6323730945587158, 0.6324729919433594, 0.6343202590942383, 0.6283011436462402, 0.632443904876709, 0.6297242641448975, 0.6341109275817871, 0.6315662860870361, 0.6372671127319336, 0.6417379379272461, 0.6411738395690918, 0.646414041519165, 0.6465809345245361]
{'args': ((28, 0, slice(0, 960, None), slice(None, None, None)),), 'dataset shape': (40, 11, 1921, 2560), 'dataset chunks': (7, 1, 385, 512), 'indexing time (s)': 9.5367431640625e-07, 'chunk number': 1650, 'reduction time (s)': 0.6535930633544922, 'chunks processed': 15, 'storage read (B)': 29670387, 'selection 2 time (s)': 0.6679999828338623}
Thread times [0.24106764793395996, 0.24646496772766113, 0.25293493270874023, 0.3923299312591553, 0.48656630516052246, 0.48488783836364746, 0.4870290756225586, 0.48419880867004395, 0.4860038757324219, 0.48304271697998047, 0.48438596725463867, 0.4861750602722168, 0.4886472225189209, 0.4885411262512207, 0.4907388687133789]
{'args': ((29, 0, slice(0, 960, None), slice(None, None, None)),), 'dataset shape': (40, 11, 1921, 2560), 'dataset chunks': (7, 1, 385, 512), 'indexing time (s)': 9.5367431640625e-07, 'chunk number': 1650, 'reduction time (s)': 0.49560022354125977, 'chunks processed': 15, 'storage read (B)': 29670387, 'selection 2 time (s)': 0.5036160945892334}
Thread times [0.25392985343933105, 0.37244296073913574, 0.510167121887207, 0.5110328197479248, 0.5089540481567383, 0.5105371475219727, 0.511929988861084, 0.5112228393554688, 0.5173859596252441, 0.5157358646392822, 0.5231869220733643, 0.5244491100311279, 0.5268690586090088, 0.5301780700683594, 0.5452160835266113]
{'args': ((30, 0, slice(0, 960, None), slice(None, None, None)),), 'dataset shape': (40, 11, 1921, 2560), 'dataset chunks': (7, 1, 385, 512), 'indexing time (s)': 9.5367431640625e-07, 'chunk number': 1650, 'reduction time (s)': 0.5501651763916016, 'chunks processed': 15, 'storage read (B)': 29670387, 'selection 2 time (s)': 0.565784215927124}
Thread times [0.276782751083374, 0.28875017166137695, 0.3090038299560547, 0.4672739505767822, 0.4676051139831543, 0.4675567150115967, 0.46521496772766113, 0.4670379161834717, 0.4684910774230957, 0.46848297119140625, 0.4707908630371094, 0.47220492362976074, 0.47556304931640625, 0.47635889053344727, 0.47969484329223633]
{'args': ((31, 0, slice(0, 960, None), slice(None, None, None)),), 'dataset shape': (40, 11, 1921, 2560), 'dataset chunks': (7, 1, 385, 512), 'indexing time (s)': 9.5367431640625e-07, 'chunk number': 1650, 'reduction time (s)': 0.48641109466552734, 'chunks processed': 15, 'storage read (B)': 29670387, 'selection 2 time (s)': 0.5010502338409424}
Thread times [0.38013195991516113, 0.38155698776245117, 0.4892880916595459, 0.4863107204437256, 0.5081520080566406, 0.5249981880187988, 0.5272157192230225, 0.530137300491333, 0.5299899578094482, 0.531062126159668, 0.5399150848388672, 0.5416970252990723, 0.5471339225769043, 0.5486960411071777, 0.5522139072418213]
{'args': ((32, 0, slice(0, 960, None), slice(None, None, None)),), 'dataset shape': (40, 11, 1921, 2560), 'dataset chunks': (7, 1, 385, 512), 'indexing time (s)': 2.1457672119140625e-06, 'chunk number': 1650, 'reduction time (s)': 0.5589189529418945, 'chunks processed': 15, 'storage read (B)': 29670387, 'selection 2 time (s)': 0.5752289295196533}
Thread times [0.11890673637390137, 0.1349499225616455, 0.29688000679016113, 0.3279299736022949, 0.33110594749450684, 0.33201098442077637, 0.3327460289001465, 0.3355839252471924, 0.3397970199584961, 0.3376882076263428, 0.3430640697479248, 0.43240976333618164, 0.4355292320251465, 0.435258150100708, 0.43793702125549316]
{'args': ((33, 0, slice(0, 960, None), slice(None, None, None)),), 'dataset shape': (40, 11, 1921, 2560), 'dataset chunks': (7, 1, 385, 512), 'indexing time (s)': 9.5367431640625e-07, 'chunk number': 1650, 'reduction time (s)': 0.44263291358947754, 'chunks processed': 15, 'storage read (B)': 29670387, 'selection 2 time (s)': 0.44992518424987793}
Thread times [0.28977489471435547, 0.3274250030517578, 0.5137460231781006, 0.5139310359954834, 0.5150542259216309, 0.5189549922943115, 0.5217936038970947, 0.5246350765228271, 0.5241649150848389, 0.5255377292633057, 0.529803991317749, 0.5326991081237793, 0.5380377769470215, 0.5386061668395996, 0.5442590713500977]
{'args': ((34, 0, slice(0, 960, None), slice(None, None, None)),), 'dataset shape': (40, 11, 1921, 2560), 'dataset chunks': (7, 1, 385, 512), 'indexing time (s)': 9.5367431640625e-07, 'chunk number': 1650, 'reduction time (s)': 0.5492160320281982, 'chunks processed': 15, 'storage read (B)': 29670387, 'selection 2 time (s)': 0.5644242763519287}
Thread times [0.29608821868896484, 0.32982516288757324, 0.332507848739624, 0.3350830078125, 0.33707380294799805, 0.3373408317565918, 0.34176087379455566, 0.3404858112335205, 0.37571096420288086, 0.4743778705596924, 0.4766991138458252, 0.4828169345855713, 0.4817490577697754, 0.48573803901672363, 0.48854708671569824]
{'args': ((35, 0, slice(0, 960, None), slice(None, None, None)),), 'dataset shape': (40, 11, 1921, 2560), 'dataset chunks': (7, 1, 385, 512), 'indexing time (s)': 1.9073486328125e-06, 'chunk number': 1650, 'reduction time (s)': 0.4927940368652344, 'chunks processed': 15, 'storage read (B)': 21287473, 'selection 2 time (s)': 0.5091018676757812}
Thread times [0.19369792938232422, 0.21578121185302734, 0.23299193382263184, 0.2402048110961914, 0.2837190628051758, 0.28739500045776367, 0.2913808822631836, 0.2966620922088623, 0.3083531856536865, 0.3128230571746826, 0.31789183616638184, 0.32196879386901855, 0.3291819095611572, 0.327664852142334, 0.32958006858825684]
{'args': ((36, 0, slice(0, 960, None), slice(None, None, None)),), 'dataset shape': (40, 11, 1921, 2560), 'dataset chunks': (7, 1, 385, 512), 'indexing time (s)': 1.6689300537109375e-06, 'chunk number': 1650, 'reduction time (s)': 0.33843183517456055, 'chunks processed': 15, 'storage read (B)': 21287473, 'selection 2 time (s)': 0.354672908782959}
Thread times [0.3552110195159912, 0.3548119068145752, 0.3575150966644287, 0.3571913242340088, 0.35695719718933105, 0.36138105392456055, 0.3845229148864746, 0.3879282474517822, 0.39148592948913574, 0.3906419277191162, 0.3979959487915039, 0.4054100513458252, 0.40564680099487305, 0.4061408042907715, 0.40929102897644043]
{'args': ((37, 0, slice(0, 960, None), slice(None, None, None)),), 'dataset shape': (40, 11, 1921, 2560), 'dataset chunks': (7, 1, 385, 512), 'indexing time (s)': 1.9073486328125e-06, 'chunk number': 1650, 'reduction time (s)': 0.4159409999847412, 'chunks processed': 15, 'storage read (B)': 21287473, 'selection 2 time (s)': 0.43123316764831543}
Thread times [0.21819400787353516, 0.23986315727233887, 0.2672278881072998, 0.2901880741119385, 0.29558396339416504, 0.3001432418823242, 0.297943115234375, 0.30277299880981445, 0.3027303218841553, 0.30291008949279785, 0.31269192695617676, 0.33806419372558594, 0.34616804122924805, 0.3445618152618408, 0.34973883628845215]
{'args': ((38, 0, slice(0, 960, None), slice(None, None, None)),), 'dataset shape': (40, 11, 1921, 2560), 'dataset chunks': (7, 1, 385, 512), 'indexing time (s)': 1.1920928955078125e-06, 'chunk number': 1650, 'reduction time (s)': 0.35485100746154785, 'chunks processed': 15, 'storage read (B)': 21287473, 'selection 2 time (s)': 0.3717379570007324}
Thread times [0.3795289993286133, 0.39200901985168457, 0.4095630645751953, 0.42345499992370605, 0.4280130863189697, 0.4302401542663574, 0.43022894859313965, 0.4335291385650635, 0.4295787811279297, 0.4337019920349121, 0.43665099143981934, 0.4414219856262207, 0.4454610347747803, 0.4453239440917969, 0.4466869831085205]
{'args': ((39, 0, slice(0, 960, None), slice(None, None, None)),), 'dataset shape': (40, 11, 1921, 2560), 'dataset chunks': (7, 1, 385, 512), 'indexing time (s)': 2.1457672119140625e-06, 'chunk number': 1650, 'reduction time (s)': 0.45540523529052734, 'chunks processed': 15, 'storage read (B)': 21287473, 'selection 2 time (s)': 0.47136712074279785}
[[226.07820312]
 [226.0646875 ]
 [225.93776042]
 [225.90822917]
 [225.91736979]
 [225.88463542]
 [225.82080729]
 [225.85434896]
 [225.98346354]
 [226.03822917]
 [226.01317708]
 [226.02333333]
 [226.03768229]
 [226.00486979]
 [225.91776042]
 [225.94033854]
 [225.98726562]
 [225.91450521]
 [225.81239583]
 [225.81890625]
 [225.8453125 ]
 [225.785     ]
 [225.63648438]
 [225.5565625 ]
 [225.45747396]
 [225.32380208]
 [225.16335937]
 [225.07789063]
 [225.07846354]
 [225.10666667]
 [225.17609375]
 [225.36869792]
 [225.57927083]
 [225.69083333]
 [225.72221354]
 [225.82369792]
 [225.93640625]
 [225.96760417]
 [225.91872396]
 [225.92234375]]
Summary:  Hom24-np3:Active (T100,BS5): 15.1s,22.47s,114.0s
