Dataset loaded from S3 with s3fs and Pyfive: bnl/ch330a.pc19790301-def.nc (0.081,1.4e+01)
Thread times [0.19696593284606934, 0.24929380416870117, 0.2490382194519043, 0.2408459186553955, 0.23778104782104492, 0.25206565856933594, 0.26397180557250977, 0.26727914810180664, 0.365462064743042, 0.3633561134338379, 0.36406517028808594, 0.38190579414367676, 0.39448094367980957, 0.42098307609558105, 0.4225809574127197]
{'load nc time': 15.88143014907837, 'args': ((0, 0, slice(0, 960, None), slice(None, None, None)),), 'dataset shape': (40, 11, 1921, 2560), 'dataset chunks': (7, 1, 385, 512), 'indexing time (s)': 71.29559183120728, 'chunk number': 1650, 'reduction time (s)': 0.43586087226867676, 'chunks processed': 15, 'storage read (B)': 29685482, 'selection 2 time (s)': 71.74818468093872}
Thread times [0.4577138423919678, 0.5167069435119629, 0.524954080581665, 0.6027069091796875, 0.6374011039733887, 0.6392390727996826, 0.6414730548858643, 0.6397931575775146, 0.6411890983581543, 0.646909236907959, 0.648040771484375, 0.6466169357299805, 0.6536769866943359, 0.6559920310974121, 0.6605010032653809]
{'args': ((1, 0, slice(0, 960, None), slice(None, None, None)),), 'dataset shape': (40, 11, 1921, 2560), 'dataset chunks': (7, 1, 385, 512), 'indexing time (s)': 2.1457672119140625e-06, 'chunk number': 1650, 'reduction time (s)': 0.6669981479644775, 'chunks processed': 15, 'storage read (B)': 29685482, 'selection 2 time (s)': 0.675621747970581}
Thread times [0.5520079135894775, 0.5526196956634521, 0.6169769763946533, 0.6411340236663818, 0.6500308513641357, 0.6495349407196045, 0.665715217590332, 0.6786680221557617, 0.6886332035064697, 0.6896800994873047, 0.6983020305633545, 0.7168440818786621, 0.7167837619781494, 0.7222118377685547, 0.8141658306121826]
{'args': ((2, 0, slice(0, 960, None), slice(None, None, None)),), 'dataset shape': (40, 11, 1921, 2560), 'dataset chunks': (7, 1, 385, 512), 'indexing time (s)': 1.1920928955078125e-06, 'chunk number': 1650, 'reduction time (s)': 0.819868803024292, 'chunks processed': 15, 'storage read (B)': 29685482, 'selection 2 time (s)': 0.8413450717926025}
Thread times [0.5309371948242188, 0.5326540470123291, 0.5323929786682129, 0.5324130058288574, 0.5767238140106201, 0.5852231979370117, 0.6025331020355225, 0.6036276817321777, 0.6076090335845947, 0.6135611534118652, 0.6184120178222656, 0.6188819408416748, 0.6230452060699463, 0.6376349925994873, 0.6638960838317871]
{'args': ((3, 0, slice(0, 960, None), slice(None, None, None)),), 'dataset shape': (40, 11, 1921, 2560), 'dataset chunks': (7, 1, 385, 512), 'indexing time (s)': 7.152557373046875e-07, 'chunk number': 1650, 'reduction time (s)': 0.6722650527954102, 'chunks processed': 15, 'storage read (B)': 29685482, 'selection 2 time (s)': 0.6933870315551758}
Thread times [0.1379549503326416, 0.358997106552124, 0.46172308921813965, 0.5025463104248047, 0.5366647243499756, 0.5636191368103027, 0.5677311420440674, 0.5766489505767822, 0.5775458812713623, 0.5922188758850098, 0.5985641479492188, 0.5985450744628906, 0.6180171966552734, 0.6205430030822754, 0.6273438930511475]
{'args': ((4, 0, slice(0, 960, None), slice(None, None, None)),), 'dataset shape': (40, 11, 1921, 2560), 'dataset chunks': (7, 1, 385, 512), 'indexing time (s)': 2.1457672119140625e-06, 'chunk number': 1650, 'reduction time (s)': 0.6351659297943115, 'chunks processed': 15, 'storage read (B)': 29685482, 'selection 2 time (s)': 0.6535499095916748}
Thread times [0.19977092742919922, 0.20021390914916992, 0.19978904724121094, 0.20122122764587402, 0.5152108669281006, 0.5135781764984131, 0.5309851169586182, 0.5284497737884521, 0.5266191959381104, 0.5324139595031738, 0.53312087059021, 0.541409969329834, 0.5423550605773926, 0.5428512096405029, 0.5585808753967285]
{'args': ((5, 0, slice(0, 960, None), slice(None, None, None)),), 'dataset shape': (40, 11, 1921, 2560), 'dataset chunks': (7, 1, 385, 512), 'indexing time (s)': 9.5367431640625e-07, 'chunk number': 1650, 'reduction time (s)': 0.5664551258087158, 'chunks processed': 15, 'storage read (B)': 29685482, 'selection 2 time (s)': 0.5825169086456299}
Thread times [0.1555798053741455, 0.16690492630004883, 0.2697720527648926, 0.4862027168273926, 0.5217580795288086, 0.6650629043579102, 0.6627418994903564, 0.6663529872894287, 0.6646389961242676, 0.6630148887634277, 0.6695001125335693, 0.6746811866760254, 0.6756718158721924, 0.6788280010223389, 0.6777410507202148]
{'args': ((6, 0, slice(0, 960, None), slice(None, None, None)),), 'dataset shape': (40, 11, 1921, 2560), 'dataset chunks': (7, 1, 385, 512), 'indexing time (s)': 9.5367431640625e-07, 'chunk number': 1650, 'reduction time (s)': 0.6852469444274902, 'chunks processed': 15, 'storage read (B)': 29685482, 'selection 2 time (s)': 0.6999309062957764}
Thread times [0.33296680450439453, 0.35117197036743164, 0.3356809616088867, 0.34145092964172363, 0.3749542236328125, 0.4911971092224121, 0.5085132122039795, 0.4945669174194336, 0.5222210884094238, 0.4923999309539795, 0.49622607231140137, 0.5007779598236084, 0.50372314453125, 0.5035459995269775, 0.5200698375701904]
{'args': ((7, 0, slice(0, 960, None), slice(None, None, None)),), 'dataset shape': (40, 11, 1921, 2560), 'dataset chunks': (7, 1, 385, 512), 'indexing time (s)': 1.6689300537109375e-06, 'chunk number': 1650, 'reduction time (s)': 0.5514140129089355, 'chunks processed': 15, 'storage read (B)': 29701892, 'selection 2 time (s)': 0.5671641826629639}
Thread times [0.28900980949401855, 0.3235921859741211, 0.3271160125732422, 0.3491060733795166, 0.44599413871765137, 0.44638800621032715, 0.4467170238494873, 0.44484996795654297, 0.4411909580230713, 0.447314977645874, 0.44803500175476074, 0.44695401191711426, 0.45096278190612793, 0.45457887649536133, 0.4538588523864746]
{'args': ((8, 0, slice(0, 960, None), slice(None, None, None)),), 'dataset shape': (40, 11, 1921, 2560), 'dataset chunks': (7, 1, 385, 512), 'indexing time (s)': 2.1457672119140625e-06, 'chunk number': 1650, 'reduction time (s)': 0.46112704277038574, 'chunks processed': 15, 'storage read (B)': 29701892, 'selection 2 time (s)': 0.4747481346130371}
Thread times [0.2298431396484375, 0.273792028427124, 0.27529072761535645, 0.2940530776977539, 0.33963489532470703, 0.342242956161499, 0.34898805618286133, 0.3805360794067383, 0.37944912910461426, 0.3843400478363037, 0.3892970085144043, 0.3963301181793213, 0.396543025970459, 0.4005420207977295, 0.49259114265441895]
{'args': ((9, 0, slice(0, 960, None), slice(None, None, None)),), 'dataset shape': (40, 11, 1921, 2560), 'dataset chunks': (7, 1, 385, 512), 'indexing time (s)': 9.5367431640625e-07, 'chunk number': 1650, 'reduction time (s)': 0.49750494956970215, 'chunks processed': 15, 'storage read (B)': 29701892, 'selection 2 time (s)': 0.5058157444000244}
Thread times [0.1904737949371338, 0.19307899475097656, 0.1956789493560791, 0.28434205055236816, 0.3204219341278076, 0.5127899646759033, 0.5126688480377197, 0.5149927139282227, 0.5150108337402344, 0.5126802921295166, 0.518625020980835, 0.5214612483978271, 0.5248801708221436, 0.5232152938842773, 0.5275859832763672]
{'args': ((10, 0, slice(0, 960, None), slice(None, None, None)),), 'dataset shape': (40, 11, 1921, 2560), 'dataset chunks': (7, 1, 385, 512), 'indexing time (s)': 9.5367431640625e-07, 'chunk number': 1650, 'reduction time (s)': 0.5311319828033447, 'chunks processed': 15, 'storage read (B)': 29701892, 'selection 2 time (s)': 0.545072078704834}
Thread times [0.385883092880249, 0.49165916442871094, 0.49305295944213867, 0.4949002265930176, 0.49686574935913086, 0.5144603252410889, 0.5228331089019775, 0.522252082824707, 0.5217328071594238, 0.524486780166626, 0.5302729606628418, 0.5291929244995117, 0.5330579280853271, 0.5394377708435059, 0.5507590770721436]
{'args': ((11, 0, slice(0, 960, None), slice(None, None, None)),), 'dataset shape': (40, 11, 1921, 2560), 'dataset chunks': (7, 1, 385, 512), 'indexing time (s)': 1.9073486328125e-06, 'chunk number': 1650, 'reduction time (s)': 0.5562272071838379, 'chunks processed': 15, 'storage read (B)': 29701892, 'selection 2 time (s)': 0.5737519264221191}
Thread times [0.34032201766967773, 0.34180116653442383, 0.47930073738098145, 0.49886107444763184, 0.5179550647735596, 0.5179979801177979, 0.5207440853118896, 0.5212039947509766, 0.5239949226379395, 0.5234470367431641, 0.5294840335845947, 0.5313971042633057, 0.539280891418457, 0.5424208641052246, 0.5514800548553467]
{'args': ((12, 0, slice(0, 960, None), slice(None, None, None)),), 'dataset shape': (40, 11, 1921, 2560), 'dataset chunks': (7, 1, 385, 512), 'indexing time (s)': 1.1920928955078125e-06, 'chunk number': 1650, 'reduction time (s)': 0.5581340789794922, 'chunks processed': 15, 'storage read (B)': 29701892, 'selection 2 time (s)': 0.5742759704589844}
Thread times [0.3952028751373291, 0.39723896980285645, 0.47708892822265625, 0.48900723457336426, 0.4913451671600342, 0.4993867874145508, 0.4966421127319336, 0.49848031997680664, 0.5008492469787598, 0.503939151763916, 0.50400710105896, 0.5076858997344971, 0.5087029933929443, 0.5166351795196533, 0.5297086238861084]
{'args': ((13, 0, slice(0, 960, None), slice(None, None, None)),), 'dataset shape': (40, 11, 1921, 2560), 'dataset chunks': (7, 1, 385, 512), 'indexing time (s)': 9.5367431640625e-07, 'chunk number': 1650, 'reduction time (s)': 0.5359210968017578, 'chunks processed': 15, 'storage read (B)': 29701892, 'selection 2 time (s)': 0.5516600608825684}
Thread times [0.1334547996520996, 0.13991189002990723, 0.2711360454559326, 0.3631620407104492, 0.3628659248352051, 0.3646268844604492, 0.36284708976745605, 0.3679468631744385, 0.3625960350036621, 0.3660149574279785, 0.36572694778442383, 0.3711066246032715, 0.3735008239746094, 0.3762691020965576, 0.37697887420654297]
{'args': ((14, 0, slice(0, 960, None), slice(None, None, None)),), 'dataset shape': (40, 11, 1921, 2560), 'dataset chunks': (7, 1, 385, 512), 'indexing time (s)': 9.5367431640625e-07, 'chunk number': 1650, 'reduction time (s)': 0.38504886627197266, 'chunks processed': 15, 'storage read (B)': 29733505, 'selection 2 time (s)': 0.39922285079956055}
Thread times [0.1966102123260498, 0.3368110656738281, 0.4900932312011719, 0.48995208740234375, 0.48955297470092773, 0.49220895767211914, 0.49004197120666504, 0.48993802070617676, 0.48889613151550293, 0.4878060817718506, 0.49293994903564453, 0.4938952922821045, 0.49548912048339844, 0.499835729598999, 0.5024981498718262]
{'args': ((15, 0, slice(0, 960, None), slice(None, None, None)),), 'dataset shape': (40, 11, 1921, 2560), 'dataset chunks': (7, 1, 385, 512), 'indexing time (s)': 1.9073486328125e-06, 'chunk number': 1650, 'reduction time (s)': 0.507580041885376, 'chunks processed': 15, 'storage read (B)': 29733505, 'selection 2 time (s)': 0.5203239917755127}
Thread times [0.24524688720703125, 0.24356794357299805, 0.2466127872467041, 0.2523319721221924, 0.36399316787719727, 0.39777302742004395, 0.49495697021484375, 0.49005675315856934, 0.49364495277404785, 0.4938337802886963, 0.5019972324371338, 0.5007829666137695, 0.5048110485076904, 0.5061371326446533, 0.5058150291442871]
{'args': ((16, 0, slice(0, 960, None), slice(None, None, None)),), 'dataset shape': (40, 11, 1921, 2560), 'dataset chunks': (7, 1, 385, 512), 'indexing time (s)': 9.5367431640625e-07, 'chunk number': 1650, 'reduction time (s)': 0.514246940612793, 'chunks processed': 15, 'storage read (B)': 29733505, 'selection 2 time (s)': 0.5289878845214844}
Thread times [0.4905869960784912, 0.49103307723999023, 0.5096900463104248, 0.5128352642059326, 0.535114049911499, 0.5365488529205322, 0.5332808494567871, 0.5378649234771729, 0.5383479595184326, 0.5443201065063477, 0.5495660305023193, 0.554481029510498, 0.5598509311676025, 0.5632929801940918, 0.5641400814056396]
{'args': ((17, 0, slice(0, 960, None), slice(None, None, None)),), 'dataset shape': (40, 11, 1921, 2560), 'dataset chunks': (7, 1, 385, 512), 'indexing time (s)': 2.1457672119140625e-06, 'chunk number': 1650, 'reduction time (s)': 0.5698978900909424, 'chunks processed': 15, 'storage read (B)': 29733505, 'selection 2 time (s)': 0.5849611759185791}
Thread times [0.43025684356689453, 0.4721691608428955, 0.48511219024658203, 0.4983229637145996, 0.49840211868286133, 0.49946117401123047, 0.49838995933532715, 0.4980897903442383, 0.49972987174987793, 0.501298189163208, 0.5058140754699707, 0.5072729587554932, 0.5135409832000732, 0.5120441913604736, 0.5196220874786377]
{'args': ((18, 0, slice(0, 960, None), slice(None, None, None)),), 'dataset shape': (40, 11, 1921, 2560), 'dataset chunks': (7, 1, 385, 512), 'indexing time (s)': 1.1920928955078125e-06, 'chunk number': 1650, 'reduction time (s)': 0.5238730907440186, 'chunks processed': 15, 'storage read (B)': 29733505, 'selection 2 time (s)': 0.5396909713745117}
Thread times [0.23659491539001465, 0.24371719360351562, 0.24280595779418945, 0.2430877685546875, 0.24824285507202148, 0.291057825088501, 0.3205139636993408, 0.41312384605407715, 0.40741491317749023, 0.4139530658721924, 0.41643691062927246, 0.4208338260650635, 0.421846866607666, 0.42345404624938965, 0.4249598979949951]
{'args': ((19, 0, slice(0, 960, None), slice(None, None, None)),), 'dataset shape': (40, 11, 1921, 2560), 'dataset chunks': (7, 1, 385, 512), 'indexing time (s)': 1.1920928955078125e-06, 'chunk number': 1650, 'reduction time (s)': 0.4328010082244873, 'chunks processed': 15, 'storage read (B)': 29733505, 'selection 2 time (s)': 0.44829630851745605}
Thread times [0.22898101806640625, 0.23913073539733887, 0.24239206314086914, 0.3268568515777588, 0.48894309997558594, 0.48904871940612793, 0.48769116401672363, 0.486037015914917, 0.49129223823547363, 0.4904329776763916, 0.4923431873321533, 0.49432992935180664, 0.4997279644012451, 0.49714183807373047, 0.5008971691131592]
{'args': ((20, 0, slice(0, 960, None), slice(None, None, None)),), 'dataset shape': (40, 11, 1921, 2560), 'dataset chunks': (7, 1, 385, 512), 'indexing time (s)': 9.5367431640625e-07, 'chunk number': 1650, 'reduction time (s)': 0.5064020156860352, 'chunks processed': 15, 'storage read (B)': 29733505, 'selection 2 time (s)': 0.5216538906097412}
Thread times [0.3063840866088867, 0.32917094230651855, 0.4882538318634033, 0.5046131610870361, 0.549393892288208, 0.560478925704956, 0.5624699592590332, 0.5694169998168945, 0.5665278434753418, 0.5647640228271484, 0.5764038562774658, 0.5958178043365479, 0.5982699394226074, 0.5995728969573975, 0.6021528244018555]
{'args': ((21, 0, slice(0, 960, None), slice(None, None, None)),), 'dataset shape': (40, 11, 1921, 2560), 'dataset chunks': (7, 1, 385, 512), 'indexing time (s)': 1.1920928955078125e-06, 'chunk number': 1650, 'reduction time (s)': 0.6098060607910156, 'chunks processed': 15, 'storage read (B)': 29686785, 'selection 2 time (s)': 0.6257050037384033}
Thread times [0.16573476791381836, 0.168381929397583, 0.3892998695373535, 0.3897378444671631, 0.508634090423584, 0.5092337131500244, 0.51603102684021, 0.5460553169250488, 0.5442399978637695, 0.5723662376403809, 0.57853102684021, 0.5827317237854004, 0.5868380069732666, 0.6094369888305664, 0.6129329204559326]
{'args': ((22, 0, slice(0, 960, None), slice(None, None, None)),), 'dataset shape': (40, 11, 1921, 2560), 'dataset chunks': (7, 1, 385, 512), 'indexing time (s)': 2.1457672119140625e-06, 'chunk number': 1650, 'reduction time (s)': 0.6210470199584961, 'chunks processed': 15, 'storage read (B)': 29686785, 'selection 2 time (s)': 0.631948709487915}
Thread times [0.16134023666381836, 0.18387198448181152, 0.281221866607666, 0.2833578586578369, 0.2792398929595947, 0.282818078994751, 0.27933192253112793, 0.28665900230407715, 0.45291590690612793, 0.45244693756103516, 0.46574902534484863, 0.48517513275146484, 0.4977452754974365, 0.4994618892669678, 0.5042979717254639]
{'args': ((23, 0, slice(0, 960, None), slice(None, None, None)),), 'dataset shape': (40, 11, 1921, 2560), 'dataset chunks': (7, 1, 385, 512), 'indexing time (s)': 9.5367431640625e-07, 'chunk number': 1650, 'reduction time (s)': 0.5149290561676025, 'chunks processed': 15, 'storage read (B)': 29686785, 'selection 2 time (s)': 0.5342860221862793}
Thread times [0.26400303840637207, 0.2663991451263428, 0.2770979404449463, 0.2776362895965576, 0.3351607322692871, 0.3643810749053955, 0.4109177589416504, 0.43117213249206543, 0.4327540397644043, 0.4447500705718994, 0.45644211769104004, 0.4586641788482666, 0.46314287185668945, 0.46612095832824707, 0.47194504737854004]
{'args': ((24, 0, slice(0, 960, None), slice(None, None, None)),), 'dataset shape': (40, 11, 1921, 2560), 'dataset chunks': (7, 1, 385, 512), 'indexing time (s)': 2.1457672119140625e-06, 'chunk number': 1650, 'reduction time (s)': 0.4809889793395996, 'chunks processed': 15, 'storage read (B)': 29686785, 'selection 2 time (s)': 0.4975607395172119}
Thread times [0.3315432071685791, 0.4336421489715576, 0.4654510021209717, 0.5112130641937256, 0.576653003692627, 0.57688307762146, 0.575455904006958, 0.5774228572845459, 0.5786798000335693, 0.5806868076324463, 0.5894889831542969, 0.5890669822692871, 0.624993085861206, 0.6281008720397949, 0.633965253829956]
{'args': ((25, 0, slice(0, 960, None), slice(None, None, None)),), 'dataset shape': (40, 11, 1921, 2560), 'dataset chunks': (7, 1, 385, 512), 'indexing time (s)': 2.1457672119140625e-06, 'chunk number': 1650, 'reduction time (s)': 0.6399648189544678, 'chunks processed': 15, 'storage read (B)': 29686785, 'selection 2 time (s)': 0.65761399269104}
Thread times [0.3579838275909424, 0.3908219337463379, 0.41269588470458984, 0.4301121234893799, 0.5125629901885986, 0.5669190883636475, 0.6884441375732422, 0.6878998279571533, 0.690453052520752, 0.688208818435669, 0.6971478462219238, 0.6960508823394775, 0.6997008323669434, 0.6986532211303711, 0.7002880573272705]
{'args': ((26, 0, slice(0, 960, None), slice(None, None, None)),), 'dataset shape': (40, 11, 1921, 2560), 'dataset chunks': (7, 1, 385, 512), 'indexing time (s)': 2.1457672119140625e-06, 'chunk number': 1650, 'reduction time (s)': 0.7081899642944336, 'chunks processed': 15, 'storage read (B)': 29686785, 'selection 2 time (s)': 0.7247128486633301}
Thread times [0.3825380802154541, 0.4886620044708252, 0.48754000663757324, 0.5284700393676758, 0.6320888996124268, 0.6363892555236816, 0.6439008712768555, 0.6460487842559814, 0.6480710506439209, 0.6466109752655029, 0.6522281169891357, 0.6976161003112793, 0.6981182098388672, 0.7050433158874512, 0.7038428783416748]
{'args': ((27, 0, slice(0, 960, None), slice(None, None, None)),), 'dataset shape': (40, 11, 1921, 2560), 'dataset chunks': (7, 1, 385, 512), 'indexing time (s)': 9.5367431640625e-07, 'chunk number': 1650, 'reduction time (s)': 0.7117002010345459, 'chunks processed': 15, 'storage read (B)': 29686785, 'selection 2 time (s)': 0.7273411750793457}
Thread times [0.19300198554992676, 0.2862069606781006, 0.2828030586242676, 0.2870602607727051, 0.2930271625518799, 0.29866862297058105, 0.29866695404052734, 0.3805980682373047, 0.3880786895751953, 0.38970375061035156, 0.40963196754455566, 0.406649112701416, 0.4111189842224121, 0.4228169918060303, 0.42519307136535645]
{'args': ((28, 0, slice(0, 960, None), slice(None, None, None)),), 'dataset shape': (40, 11, 1921, 2560), 'dataset chunks': (7, 1, 385, 512), 'indexing time (s)': 9.5367431640625e-07, 'chunk number': 1650, 'reduction time (s)': 0.4320969581604004, 'chunks processed': 15, 'storage read (B)': 29670387, 'selection 2 time (s)': 0.44835400581359863}
Thread times [0.18058419227600098, 0.42484474182128906, 0.4268486499786377, 0.4992988109588623, 0.5114932060241699, 0.5160577297210693, 0.5235059261322021, 0.5228259563446045, 0.5244936943054199, 0.5236420631408691, 0.5302419662475586, 0.53121018409729, 0.5348849296569824, 0.5426428318023682, 0.5497479438781738]
{'args': ((29, 0, slice(0, 960, None), slice(None, None, None)),), 'dataset shape': (40, 11, 1921, 2560), 'dataset chunks': (7, 1, 385, 512), 'indexing time (s)': 1.9073486328125e-06, 'chunk number': 1650, 'reduction time (s)': 0.5578269958496094, 'chunks processed': 15, 'storage read (B)': 29670387, 'selection 2 time (s)': 0.5684032440185547}
Thread times [0.3188040256500244, 0.4291079044342041, 0.4404149055480957, 0.44485974311828613, 0.4517800807952881, 0.4714491367340088, 0.4838597774505615, 0.4931938648223877, 0.48994898796081543, 0.4903068542480469, 0.49739909172058105, 0.5034492015838623, 0.5078110694885254, 0.5090281963348389, 0.5099630355834961]
{'args': ((30, 0, slice(0, 960, None), slice(None, None, None)),), 'dataset shape': (40, 11, 1921, 2560), 'dataset chunks': (7, 1, 385, 512), 'indexing time (s)': 9.5367431640625e-07, 'chunk number': 1650, 'reduction time (s)': 0.5194571018218994, 'chunks processed': 15, 'storage read (B)': 29670387, 'selection 2 time (s)': 0.5360510349273682}
Thread times [0.38129520416259766, 0.3873000144958496, 0.42389917373657227, 0.45694684982299805, 0.47476816177368164, 0.4892737865447998, 0.4901261329650879, 0.49553513526916504, 0.4952821731567383, 0.5014407634735107, 0.5028588771820068, 0.5090208053588867, 0.5097529888153076, 0.5136940479278564, 0.5160987377166748]
{'args': ((31, 0, slice(0, 960, None), slice(None, None, None)),), 'dataset shape': (40, 11, 1921, 2560), 'dataset chunks': (7, 1, 385, 512), 'indexing time (s)': 9.5367431640625e-07, 'chunk number': 1650, 'reduction time (s)': 0.5238029956817627, 'chunks processed': 15, 'storage read (B)': 29670387, 'selection 2 time (s)': 0.5394487380981445}
Thread times [0.13556480407714844, 0.1963329315185547, 0.19280791282653809, 0.28588199615478516, 0.2908780574798584, 0.4147930145263672, 0.4192371368408203, 0.4352538585662842, 0.4469788074493408, 0.44977688789367676, 0.45662808418273926, 0.4576382637023926, 0.4639737606048584, 0.46380114555358887, 0.484544038772583]
{'args': ((32, 0, slice(0, 960, None), slice(None, None, None)),), 'dataset shape': (40, 11, 1921, 2560), 'dataset chunks': (7, 1, 385, 512), 'indexing time (s)': 9.5367431640625e-07, 'chunk number': 1650, 'reduction time (s)': 0.4915931224822998, 'chunks processed': 15, 'storage read (B)': 29670387, 'selection 2 time (s)': 0.5111370086669922}
Thread times [0.327221155166626, 0.447861909866333, 0.49728894233703613, 0.5017678737640381, 0.5043070316314697, 0.5428471565246582, 0.5425848960876465, 0.5551269054412842, 0.556102991104126, 0.5547239780426025, 0.56007981300354, 0.5623438358306885, 0.5637218952178955, 0.5686028003692627, 0.5844452381134033]
{'args': ((33, 0, slice(0, 960, None), slice(None, None, None)),), 'dataset shape': (40, 11, 1921, 2560), 'dataset chunks': (7, 1, 385, 512), 'indexing time (s)': 9.5367431640625e-07, 'chunk number': 1650, 'reduction time (s)': 0.591911792755127, 'chunks processed': 15, 'storage read (B)': 29670387, 'selection 2 time (s)': 0.5999722480773926}
Thread times [0.11351299285888672, 0.22903919219970703, 0.22298908233642578, 0.23046398162841797, 0.22541475296020508, 0.28650879859924316, 0.29146337509155273, 0.28916001319885254, 0.2927360534667969, 0.29149484634399414, 0.2954423427581787, 0.2979731559753418, 0.31206607818603516, 0.3107600212097168, 0.3274679183959961]
{'args': ((34, 0, slice(0, 960, None), slice(None, None, None)),), 'dataset shape': (40, 11, 1921, 2560), 'dataset chunks': (7, 1, 385, 512), 'indexing time (s)': 0.0, 'chunk number': 1650, 'reduction time (s)': 0.33490800857543945, 'chunks processed': 15, 'storage read (B)': 29670387, 'selection 2 time (s)': 0.35273075103759766}
Thread times [0.14457082748413086, 0.15314602851867676, 0.22124004364013672, 0.23601102828979492, 0.24129796028137207, 0.27463698387145996, 0.2912008762359619, 0.39835286140441895, 0.3935551643371582, 0.4021110534667969, 0.4011228084564209, 0.409501314163208, 0.4104499816894531, 0.41076207160949707, 0.41262006759643555]
{'args': ((35, 0, slice(0, 960, None), slice(None, None, None)),), 'dataset shape': (40, 11, 1921, 2560), 'dataset chunks': (7, 1, 385, 512), 'indexing time (s)': 2.86102294921875e-06, 'chunk number': 1650, 'reduction time (s)': 0.4190561771392822, 'chunks processed': 15, 'storage read (B)': 21287473, 'selection 2 time (s)': 0.43476295471191406}
Thread times [0.15347790718078613, 0.2091820240020752, 0.21267914772033691, 0.21412420272827148, 0.21484017372131348, 0.3174111843109131, 0.3180429935455322, 0.3561420440673828, 0.36465883255004883, 0.3674049377441406, 0.3692748546600342, 0.3761751651763916, 0.37818217277526855, 0.3798329830169678, 0.38170695304870605]
{'args': ((36, 0, slice(0, 960, None), slice(None, None, None)),), 'dataset shape': (40, 11, 1921, 2560), 'dataset chunks': (7, 1, 385, 512), 'indexing time (s)': 1.9073486328125e-06, 'chunk number': 1650, 'reduction time (s)': 0.38785672187805176, 'chunks processed': 15, 'storage read (B)': 21287473, 'selection 2 time (s)': 0.40391016006469727}
Thread times [0.3333113193511963, 0.4177889823913574, 0.4423179626464844, 0.4963247776031494, 0.49533891677856445, 0.4922318458557129, 0.48995184898376465, 0.48964405059814453, 0.4940309524536133, 0.4915337562561035, 0.49622201919555664, 0.49572086334228516, 0.49776315689086914, 0.4983088970184326, 0.502065896987915]
{'args': ((37, 0, slice(0, 960, None), slice(None, None, None)),), 'dataset shape': (40, 11, 1921, 2560), 'dataset chunks': (7, 1, 385, 512), 'indexing time (s)': 1.1920928955078125e-06, 'chunk number': 1650, 'reduction time (s)': 0.5055222511291504, 'chunks processed': 15, 'storage read (B)': 21287473, 'selection 2 time (s)': 0.5169789791107178}
Thread times [0.2970402240753174, 0.32503604888916016, 0.32838988304138184, 0.3463559150695801, 0.3772239685058594, 0.37719011306762695, 0.3984231948852539, 0.41075611114501953, 0.41142773628234863, 0.41532087326049805, 0.42265892028808594, 0.42466187477111816, 0.42756199836730957, 0.4310600757598877, 0.4346349239349365]
{'args': ((38, 0, slice(0, 960, None), slice(None, None, None)),), 'dataset shape': (40, 11, 1921, 2560), 'dataset chunks': (7, 1, 385, 512), 'indexing time (s)': 9.5367431640625e-07, 'chunk number': 1650, 'reduction time (s)': 0.43935370445251465, 'chunks processed': 15, 'storage read (B)': 21287473, 'selection 2 time (s)': 0.45527005195617676}
Thread times [0.21775007247924805, 0.2246108055114746, 0.23004984855651855, 0.23247790336608887, 0.23639512062072754, 0.2350749969482422, 0.23427915573120117, 0.2514379024505615, 0.28403210639953613, 0.2813138961791992, 0.28810596466064453, 0.290114164352417, 0.2961599826812744, 0.30029797554016113, 0.2990100383758545]
{'args': ((39, 0, slice(0, 960, None), slice(None, None, None)),), 'dataset shape': (40, 11, 1921, 2560), 'dataset chunks': (7, 1, 385, 512), 'indexing time (s)': 9.5367431640625e-07, 'chunk number': 1650, 'reduction time (s)': 0.30615687370300293, 'chunks processed': 15, 'storage read (B)': 21287473, 'selection 2 time (s)': 0.3215048313140869}
[[226.07820312]
 [226.0646875 ]
 [225.93776042]
 [225.90822917]
 [225.91739583]
 [225.88460937]
 [225.82080729]
 [225.85434896]
 [225.98346354]
 [226.03822917]
 [226.01317708]
 [226.02335938]
 [226.03765625]
 [226.00486979]
 [225.91776042]
 [225.94033854]
 [225.98729167]
 [225.91450521]
 [225.81239583]
 [225.81888021]
 [225.8453125 ]
 [225.78502604]
 [225.63648438]
 [225.5565625 ]
 [225.45744792]
 [225.32382813]
 [225.16338542]
 [225.07786458]
 [225.07846354]
 [225.10666667]
 [225.17609375]
 [225.36869792]
 [225.57927083]
 [225.69083333]
 [225.72221354]
 [225.82367188]
 [225.93640625]
 [225.96760417]
 [225.91872396]
 [225.92234375]]
Summary:  Hom24-np3:Active (T100,BS5): 15.9s,21.41s,109.2s
