Dataset loaded from S3 with s3fs and Pyfive: bnl/ch330a.pc19790301-def.nc (0.14,1.2e+01)
Thread times [0.1312417984008789, 0.06830286979675293, 0.10118985176086426, 0.12373590469360352, 0.09724211692810059, 0.0956428050994873, 0.10061001777648926, 0.10689997673034668, 0.2375810146331787, 0.12196803092956543, 0.10042595863342285, 0.2566509246826172, 0.09835696220397949, 0.11560988426208496, 0.23863697052001953]
{'load nc time': 14.390298128128052, 'args': ((0, 0, slice(0, 960, None), slice(None, None, None)),), 'dataset shape': (40, 11, 1921, 2560), 'dataset chunks': (7, 1, 385, 512), 'indexing time (s)': 62.39560604095459, 'chunk number': 1650, 'reduction time (s)': 1.9962708950042725, 'chunks processed': 15, 'storage read (B)': 29685482, 'selection 2 time (s)': 64.3934531211853}
Thread times [0.16844534873962402, 0.06549310684204102, 0.0791161060333252, 0.2113170623779297, 0.09519600868225098, 0.17104578018188477, 0.09841108322143555, 0.1591169834136963, 0.3350358009338379, 0.18816184997558594, 0.11607718467712402, 0.4079899787902832, 0.09058308601379395, 0.10416388511657715, 0.1421060562133789]
{'args': ((1, 0, slice(0, 960, None), slice(None, None, None)),), 'dataset shape': (40, 11, 1921, 2560), 'dataset chunks': (7, 1, 385, 512), 'indexing time (s)': 9.5367431640625e-07, 'chunk number': 1650, 'reduction time (s)': 2.4347028732299805, 'chunks processed': 15, 'storage read (B)': 29685482, 'selection 2 time (s)': 2.4391469955444336}
Thread times [0.2990100383758545, 0.0921640396118164, 0.07923579216003418, 0.07233190536499023, 0.16112112998962402, 0.09315705299377441, 0.09745097160339355, 0.0987699031829834, 0.24584197998046875, 0.10798311233520508, 0.08867287635803223, 0.37298107147216797, 0.10192394256591797, 0.08870196342468262, 0.09171605110168457]
{'args': ((2, 0, slice(0, 960, None), slice(None, None, None)),), 'dataset shape': (40, 11, 1921, 2560), 'dataset chunks': (7, 1, 385, 512), 'indexing time (s)': 5.0067901611328125e-06, 'chunk number': 1650, 'reduction time (s)': 2.0932562351226807, 'chunks processed': 15, 'storage read (B)': 29685482, 'selection 2 time (s)': 2.096680164337158}
Thread times [0.18283486366271973, 0.08375692367553711, 0.08460593223571777, 0.07280492782592773, 0.08944106101989746, 0.10349917411804199, 0.18007779121398926, 0.09970498085021973, 0.3555939197540283, 0.09039998054504395, 0.08482670783996582, 0.3262820243835449, 0.10502290725708008, 0.09699416160583496, 0.08764481544494629]
{'args': ((3, 0, slice(0, 960, None), slice(None, None, None)),), 'dataset shape': (40, 11, 1921, 2560), 'dataset chunks': (7, 1, 385, 512), 'indexing time (s)': 2.1457672119140625e-06, 'chunk number': 1650, 'reduction time (s)': 2.0459370613098145, 'chunks processed': 15, 'storage read (B)': 29685482, 'selection 2 time (s)': 2.0500471591949463}
Thread times [0.1228492259979248, 0.10482668876647949, 0.07747197151184082, 0.08225703239440918, 0.08556175231933594, 0.08632898330688477, 0.19310784339904785, 0.12842416763305664, 0.2651669979095459, 0.13208508491516113, 0.09523200988769531, 0.4270820617675781, 0.13359880447387695, 0.11369705200195312, 0.10523080825805664]
{'args': ((4, 0, slice(0, 960, None), slice(None, None, None)),), 'dataset shape': (40, 11, 1921, 2560), 'dataset chunks': (7, 1, 385, 512), 'indexing time (s)': 2.1457672119140625e-06, 'chunk number': 1650, 'reduction time (s)': 2.1556830406188965, 'chunks processed': 15, 'storage read (B)': 29685482, 'selection 2 time (s)': 2.160122871398926}
Thread times [0.288254976272583, 0.06051301956176758, 0.08781313896179199, 0.07111907005310059, 0.09127092361450195, 0.18260717391967773, 0.1018838882446289, 0.09845519065856934, 0.32686901092529297, 0.08750319480895996, 0.09752082824707031, 0.2650489807128906, 0.09125804901123047, 0.09729528427124023, 0.10112285614013672]
{'args': ((5, 0, slice(0, 960, None), slice(None, None, None)),), 'dataset shape': (40, 11, 1921, 2560), 'dataset chunks': (7, 1, 385, 512), 'indexing time (s)': 5.9604644775390625e-06, 'chunk number': 1650, 'reduction time (s)': 2.0511372089385986, 'chunks processed': 15, 'storage read (B)': 29685482, 'selection 2 time (s)': 2.055769205093384}
Thread times [0.2072131633758545, 0.0831911563873291, 0.07790112495422363, 0.07658600807189941, 0.0899360179901123, 0.09379410743713379, 0.1033012866973877, 0.09960222244262695, 0.296231746673584, 0.1262500286102295, 0.10923910140991211, 0.2804710865020752, 0.132659912109375, 0.09638285636901855, 0.11296820640563965]
{'args': ((6, 0, slice(0, 960, None), slice(None, None, None)),), 'dataset shape': (40, 11, 1921, 2560), 'dataset chunks': (7, 1, 385, 512), 'indexing time (s)': 5.245208740234375e-06, 'chunk number': 1650, 'reduction time (s)': 1.9887759685516357, 'chunks processed': 15, 'storage read (B)': 29685482, 'selection 2 time (s)': 1.9933362007141113}
Thread times [0.12706494331359863, 0.07217597961425781, 0.11178398132324219, 0.11492204666137695, 0.13704538345336914, 0.13019490242004395, 0.14027190208435059, 0.09485197067260742, 0.24389982223510742, 0.1842501163482666, 0.09446501731872559, 0.09260988235473633, 0.09131789207458496, 0.24777007102966309, 0.10663414001464844]
{'args': ((7, 0, slice(0, 960, None), slice(None, None, None)),), 'dataset shape': (40, 11, 1921, 2560), 'dataset chunks': (7, 1, 385, 512), 'indexing time (s)': 4.0531158447265625e-06, 'chunk number': 1650, 'reduction time (s)': 1.991575002670288, 'chunks processed': 15, 'storage read (B)': 29701892, 'selection 2 time (s)': 1.9956111907958984}
Thread times [0.15648174285888672, 0.09389209747314453, 0.1623859405517578, 0.08857131004333496, 0.08994007110595703, 0.09268879890441895, 0.10042119026184082, 0.15108394622802734, 0.29883384704589844, 0.10004210472106934, 0.12552690505981445, 0.08420085906982422, 0.09226012229919434, 0.08067893981933594, 0.09224081039428711]
{'args': ((8, 0, slice(0, 960, None), slice(None, None, None)),), 'dataset shape': (40, 11, 1921, 2560), 'dataset chunks': (7, 1, 385, 512), 'indexing time (s)': 3.0994415283203125e-06, 'chunk number': 1650, 'reduction time (s)': 1.81184983253479, 'chunks processed': 15, 'storage read (B)': 29701892, 'selection 2 time (s)': 1.815737009048462}
Thread times [0.16879796981811523, 0.07026982307434082, 0.12949299812316895, 0.08758997917175293, 0.12180304527282715, 0.11512589454650879, 0.1035008430480957, 0.11306905746459961, 0.30925917625427246, 0.10246396064758301, 0.09908771514892578, 0.09782981872558594, 0.22169184684753418, 0.10696220397949219, 0.1165151596069336]
{'args': ((9, 0, slice(0, 960, None), slice(None, None, None)),), 'dataset shape': (40, 11, 1921, 2560), 'dataset chunks': (7, 1, 385, 512), 'indexing time (s)': 2.86102294921875e-06, 'chunk number': 1650, 'reduction time (s)': 1.9656720161437988, 'chunks processed': 15, 'storage read (B)': 29701892, 'selection 2 time (s)': 1.967085599899292}
Thread times [0.13164496421813965, 0.16887903213500977, 0.08656716346740723, 0.09027504920959473, 0.1063699722290039, 0.09145116806030273, 0.14665007591247559, 0.10060906410217285, 0.5481269359588623, 0.14118599891662598, 0.25984692573547363, 0.09668517112731934, 0.11448216438293457, 0.3137800693511963, 0.5235331058502197]
{'args': ((10, 0, slice(0, 960, None), slice(None, None, None)),), 'dataset shape': (40, 11, 1921, 2560), 'dataset chunks': (7, 1, 385, 512), 'indexing time (s)': 0.0, 'chunk number': 1650, 'reduction time (s)': 2.9220950603485107, 'chunks processed': 15, 'storage read (B)': 29701892, 'selection 2 time (s)': 2.925938844680786}
Thread times [0.13431096076965332, 0.11552786827087402, 0.2701890468597412, 0.09053897857666016, 0.09335494041442871, 0.12572908401489258, 0.2128312587738037, 0.0997927188873291, 0.4240152835845947, 0.11266183853149414, 0.09518218040466309, 0.10438680648803711, 0.21332883834838867, 0.09427595138549805, 0.10032987594604492]
{'args': ((11, 0, slice(0, 960, None), slice(None, None, None)),), 'dataset shape': (40, 11, 1921, 2560), 'dataset chunks': (7, 1, 385, 512), 'indexing time (s)': 8.344650268554688e-06, 'chunk number': 1650, 'reduction time (s)': 2.2894062995910645, 'chunks processed': 15, 'storage read (B)': 29701892, 'selection 2 time (s)': 2.2940728664398193}
Thread times [0.142258882522583, 0.07791280746459961, 0.10119414329528809, 0.08836078643798828, 0.09520268440246582, 0.08396601676940918, 0.09589886665344238, 0.15911865234375, 0.24707484245300293, 0.10497713088989258, 0.17170310020446777, 0.09621405601501465, 0.09726309776306152, 0.09492111206054688, 0.0919041633605957]
{'args': ((12, 0, slice(0, 960, None), slice(None, None, None)),), 'dataset shape': (40, 11, 1921, 2560), 'dataset chunks': (7, 1, 385, 512), 'indexing time (s)': 5.245208740234375e-06, 'chunk number': 1650, 'reduction time (s)': 1.7507479190826416, 'chunks processed': 15, 'storage read (B)': 29701892, 'selection 2 time (s)': 1.7552502155303955}
Thread times [0.21809005737304688, 0.07296085357666016, 0.10016584396362305, 0.09219884872436523, 0.17890191078186035, 0.11588811874389648, 0.08372998237609863, 0.09685420989990234, 0.26358914375305176, 0.09625768661499023, 0.09142017364501953, 0.30026912689208984, 0.09833288192749023, 0.1006619930267334, 0.09984898567199707]
{'args': ((13, 0, slice(0, 960, None), slice(None, None, None)),), 'dataset shape': (40, 11, 1921, 2560), 'dataset chunks': (7, 1, 385, 512), 'indexing time (s)': 4.0531158447265625e-06, 'chunk number': 1650, 'reduction time (s)': 2.0115180015563965, 'chunks processed': 15, 'storage read (B)': 29701892, 'selection 2 time (s)': 2.014596939086914}
Thread times [0.292651891708374, 0.09658026695251465, 0.10107898712158203, 0.09363389015197754, 0.16088390350341797, 0.1000359058380127, 0.10219526290893555, 0.10703206062316895, 0.2589278221130371, 0.10234498977661133, 0.09369659423828125, 0.14063787460327148, 0.14260625839233398, 0.10071897506713867, 0.2003471851348877]
{'args': ((14, 0, slice(0, 960, None), slice(None, None, None)),), 'dataset shape': (40, 11, 1921, 2560), 'dataset chunks': (7, 1, 385, 512), 'indexing time (s)': 2.1457672119140625e-06, 'chunk number': 1650, 'reduction time (s)': 2.0960140228271484, 'chunks processed': 15, 'storage read (B)': 29733505, 'selection 2 time (s)': 2.1004738807678223}
Thread times [0.1252589225769043, 0.17435002326965332, 0.08418011665344238, 0.09102511405944824, 0.09408926963806152, 0.17214703559875488, 0.13758635520935059, 0.1075739860534668, 0.27951908111572266, 0.08958721160888672, 0.10553908348083496, 0.10618019104003906, 0.09966516494750977, 0.12154603004455566, 0.10395312309265137]
{'args': ((15, 0, slice(0, 960, None), slice(None, None, None)),), 'dataset shape': (40, 11, 1921, 2560), 'dataset chunks': (7, 1, 385, 512), 'indexing time (s)': 8.344650268554688e-06, 'chunk number': 1650, 'reduction time (s)': 1.8949120044708252, 'chunks processed': 15, 'storage read (B)': 29733505, 'selection 2 time (s)': 1.899806022644043}
Thread times [0.12115216255187988, 0.08028483390808105, 0.08193302154541016, 0.13083887100219727, 0.08815598487854004, 0.08921289443969727, 0.09542489051818848, 0.1041867733001709, 0.21194911003112793, 0.10559201240539551, 0.0970151424407959, 0.11650800704956055, 0.13721489906311035, 0.10418891906738281, 0.08903789520263672]
{'args': ((16, 0, slice(0, 960, None), slice(None, None, None)),), 'dataset shape': (40, 11, 1921, 2560), 'dataset chunks': (7, 1, 385, 512), 'indexing time (s)': 7.867813110351562e-06, 'chunk number': 1650, 'reduction time (s)': 1.6552128791809082, 'chunks processed': 15, 'storage read (B)': 29733505, 'selection 2 time (s)': 1.659134864807129}
Thread times [0.11897087097167969, 0.09474897384643555, 0.12529206275939941, 0.10813498497009277, 0.09327507019042969, 0.09654974937438965, 0.10947513580322266, 0.10656404495239258, 0.27828383445739746, 0.24460911750793457, 0.09086799621582031, 0.10374879837036133, 0.09741592407226562, 0.23068904876708984, 0.09514713287353516]
{'args': ((17, 0, slice(0, 960, None), slice(None, None, None)),), 'dataset shape': (40, 11, 1921, 2560), 'dataset chunks': (7, 1, 385, 512), 'indexing time (s)': 1.9073486328125e-06, 'chunk number': 1650, 'reduction time (s)': 1.996039867401123, 'chunks processed': 15, 'storage read (B)': 29733505, 'selection 2 time (s)': 1.9988739490509033}
Thread times [0.15010619163513184, 0.10948300361633301, 0.16708612442016602, 0.0950460433959961, 0.09731197357177734, 0.11215996742248535, 0.10642194747924805, 0.11313605308532715, 0.5224850177764893, 0.11005592346191406, 0.14699101448059082, 0.09877300262451172, 0.1665349006652832, 0.12494397163391113, 0.10292911529541016]
{'args': ((18, 0, slice(0, 960, None), slice(None, None, None)),), 'dataset shape': (40, 11, 1921, 2560), 'dataset chunks': (7, 1, 385, 512), 'indexing time (s)': 2.1457672119140625e-06, 'chunk number': 1650, 'reduction time (s)': 2.22602915763855, 'chunks processed': 15, 'storage read (B)': 29733505, 'selection 2 time (s)': 2.229990005493164}
Thread times [0.12809324264526367, 0.1646409034729004, 0.09314513206481934, 0.08771300315856934, 0.08846426010131836, 0.09701299667358398, 0.15803289413452148, 0.12044286727905273, 0.40183496475219727, 0.10402297973632812, 0.09865331649780273, 0.09773802757263184, 0.2231159210205078, 0.20051193237304688, 0.15769600868225098]
{'args': ((19, 0, slice(0, 960, None), slice(None, None, None)),), 'dataset shape': (40, 11, 1921, 2560), 'dataset chunks': (7, 1, 385, 512), 'indexing time (s)': 5.245208740234375e-06, 'chunk number': 1650, 'reduction time (s)': 2.2236320972442627, 'chunks processed': 15, 'storage read (B)': 29733505, 'selection 2 time (s)': 2.2272660732269287}
Thread times [0.1633598804473877, 0.110504150390625, 0.10302305221557617, 0.09206509590148926, 0.09588289260864258, 0.12196898460388184, 0.10775303840637207, 0.1724410057067871, 0.2440779209136963, 0.10306310653686523, 0.0940089225769043, 0.1095130443572998, 0.09633398056030273, 0.19534778594970703, 0.1090230941772461]
{'args': ((20, 0, slice(0, 960, None), slice(None, None, None)),), 'dataset shape': (40, 11, 1921, 2560), 'dataset chunks': (7, 1, 385, 512), 'indexing time (s)': 3.0994415283203125e-06, 'chunk number': 1650, 'reduction time (s)': 1.9210350513458252, 'chunks processed': 15, 'storage read (B)': 29733505, 'selection 2 time (s)': 1.9255921840667725}
Thread times [0.12679576873779297, 0.07342410087585449, 0.1457982063293457, 0.09679508209228516, 0.07802319526672363, 0.09040427207946777, 0.10413432121276855, 0.1422278881072998, 0.10342884063720703, 0.09650373458862305, 0.13421010971069336, 0.18959808349609375, 0.2629117965698242, 0.26209521293640137, 0.09906411170959473]
{'args': ((21, 0, slice(0, 960, None), slice(None, None, None)),), 'dataset shape': (40, 11, 1921, 2560), 'dataset chunks': (7, 1, 385, 512), 'indexing time (s)': 3.814697265625e-06, 'chunk number': 1650, 'reduction time (s)': 2.0084547996520996, 'chunks processed': 15, 'storage read (B)': 29686785, 'selection 2 time (s)': 2.0129668712615967}
Thread times [0.15095973014831543, 0.07707810401916504, 0.09865808486938477, 0.17845392227172852, 0.08177304267883301, 0.15384197235107422, 0.20067405700683594, 0.10599899291992188, 0.10704612731933594, 0.09870171546936035, 0.09812688827514648, 0.11381411552429199, 0.25269412994384766, 0.27266502380371094, 0.10268187522888184]
{'args': ((22, 0, slice(0, 960, None), slice(None, None, None)),), 'dataset shape': (40, 11, 1921, 2560), 'dataset chunks': (7, 1, 385, 512), 'indexing time (s)': 2.86102294921875e-06, 'chunk number': 1650, 'reduction time (s)': 2.0958008766174316, 'chunks processed': 15, 'storage read (B)': 29686785, 'selection 2 time (s)': 2.1004650592803955}
Thread times [0.1250772476196289, 0.07829713821411133, 0.09273910522460938, 0.12775897979736328, 0.08594107627868652, 0.09304594993591309, 0.09757208824157715, 0.13194918632507324, 0.11789178848266602, 0.11881899833679199, 0.09931588172912598, 0.0963430404663086, 0.31342005729675293, 0.21657991409301758, 0.08699393272399902]
{'args': ((23, 0, slice(0, 960, None), slice(None, None, None)),), 'dataset shape': (40, 11, 1921, 2560), 'dataset chunks': (7, 1, 385, 512), 'indexing time (s)': 2.86102294921875e-06, 'chunk number': 1650, 'reduction time (s)': 1.8840131759643555, 'chunks processed': 15, 'storage read (B)': 29686785, 'selection 2 time (s)': 1.886617660522461}
Thread times [0.20245909690856934, 0.07305598258972168, 0.09755277633666992, 0.11164307594299316, 0.14064788818359375, 0.11047792434692383, 0.08681273460388184, 0.09588217735290527, 0.10881376266479492, 0.1963672637939453, 0.08657526969909668, 0.10513997077941895, 0.2685661315917969, 0.2220759391784668, 0.08542990684509277]
{'args': ((24, 0, slice(0, 960, None), slice(None, None, None)),), 'dataset shape': (40, 11, 1921, 2560), 'dataset chunks': (7, 1, 385, 512), 'indexing time (s)': 2.1457672119140625e-06, 'chunk number': 1650, 'reduction time (s)': 1.9955439567565918, 'chunks processed': 15, 'storage read (B)': 29686785, 'selection 2 time (s)': 1.9966809749603271}
Thread times [0.2022860050201416, 0.07125997543334961, 0.0944068431854248, 0.10348320007324219, 0.07786321640014648, 0.17636418342590332, 0.10674095153808594, 0.10384082794189453, 0.10817980766296387, 0.09673213958740234, 0.10684013366699219, 0.1381382942199707, 0.2619800567626953, 0.21161699295043945, 0.10005927085876465]
{'args': ((25, 0, slice(0, 960, None), slice(None, None, None)),), 'dataset shape': (40, 11, 1921, 2560), 'dataset chunks': (7, 1, 385, 512), 'indexing time (s)': 9.5367431640625e-07, 'chunk number': 1650, 'reduction time (s)': 1.9627127647399902, 'chunks processed': 15, 'storage read (B)': 29686785, 'selection 2 time (s)': 1.9650352001190186}
Thread times [0.12743020057678223, 0.06961774826049805, 0.1377701759338379, 0.08505821228027344, 0.08516716957092285, 0.09637784957885742, 0.10726499557495117, 0.14875388145446777, 0.1287250518798828, 0.1017160415649414, 0.10522198677062988, 0.18944787979125977, 0.24107599258422852, 0.2831587791442871, 0.09420990943908691]
{'args': ((26, 0, slice(0, 960, None), slice(None, None, None)),), 'dataset shape': (40, 11, 1921, 2560), 'dataset chunks': (7, 1, 385, 512), 'indexing time (s)': 2.1457672119140625e-06, 'chunk number': 1650, 'reduction time (s)': 2.0035839080810547, 'chunks processed': 15, 'storage read (B)': 29686785, 'selection 2 time (s)': 2.007852077484131}
Thread times [0.12969613075256348, 0.06682801246643066, 0.1055150032043457, 0.1220998764038086, 0.08121109008789062, 0.09235095977783203, 0.13532686233520508, 0.09857678413391113, 0.11442995071411133, 0.11304998397827148, 0.10444784164428711, 0.10494327545166016, 0.24578380584716797, 0.20792794227600098, 0.2714419364929199]
{'args': ((27, 0, slice(0, 960, None), slice(None, None, None)),), 'dataset shape': (40, 11, 1921, 2560), 'dataset chunks': (7, 1, 385, 512), 'indexing time (s)': 4.76837158203125e-06, 'chunk number': 1650, 'reduction time (s)': 1.995999813079834, 'chunks processed': 15, 'storage read (B)': 29686785, 'selection 2 time (s)': 2.000688076019287}
Thread times [0.1568310260772705, 0.06528186798095703, 0.0894019603729248, 0.20694899559020996, 0.10371279716491699, 0.11388802528381348, 0.1226358413696289, 0.18445706367492676, 0.0951089859008789, 0.11483907699584961, 0.08975577354431152, 0.2387099266052246, 0.12587714195251465, 0.09532690048217773, 0.10755777359008789]
{'args': ((28, 0, slice(0, 960, None), slice(None, None, None)),), 'dataset shape': (40, 11, 1921, 2560), 'dataset chunks': (7, 1, 385, 512), 'indexing time (s)': 4.0531158447265625e-06, 'chunk number': 1650, 'reduction time (s)': 1.9125969409942627, 'chunks processed': 15, 'storage read (B)': 29670387, 'selection 2 time (s)': 1.9166080951690674}
Thread times [0.17439723014831543, 0.06751608848571777, 0.22519207000732422, 0.13713788986206055, 0.17990398406982422, 0.11692285537719727, 0.09886884689331055, 0.09656906127929688, 0.13960981369018555, 0.09764719009399414, 0.09736394882202148, 0.3140299320220947, 0.09060311317443848, 0.09220218658447266, 0.10010695457458496]
{'args': ((29, 0, slice(0, 960, None), slice(None, None, None)),), 'dataset shape': (40, 11, 1921, 2560), 'dataset chunks': (7, 1, 385, 512), 'indexing time (s)': 2.86102294921875e-06, 'chunk number': 1650, 'reduction time (s)': 2.0304019451141357, 'chunks processed': 15, 'storage read (B)': 29670387, 'selection 2 time (s)': 2.0343198776245117}
Thread times [0.13051867485046387, 0.10702109336853027, 0.20633602142333984, 0.08798694610595703, 0.0920860767364502, 0.13803815841674805, 0.10299277305603027, 0.0942380428314209, 0.10173583030700684, 0.10205984115600586, 0.18647289276123047, 0.22936177253723145, 0.12175989151000977, 0.11201620101928711, 0.10436010360717773]
{'args': ((30, 0, slice(0, 960, None), slice(None, None, None)),), 'dataset shape': (40, 11, 1921, 2560), 'dataset chunks': (7, 1, 385, 512), 'indexing time (s)': 3.814697265625e-06, 'chunk number': 1650, 'reduction time (s)': 1.919862985610962, 'chunks processed': 15, 'storage read (B)': 29670387, 'selection 2 time (s)': 1.9242558479309082}
Thread times [0.12828397750854492, 0.07656598091125488, 0.09950900077819824, 0.10465192794799805, 0.08739089965820312, 0.10008716583251953, 0.09262895584106445, 0.10633993148803711, 0.13724422454833984, 0.0999898910522461, 0.10536599159240723, 0.3349878787994385, 0.09532594680786133, 0.09719181060791016, 0.10754609107971191]
{'args': ((31, 0, slice(0, 960, None), slice(None, None, None)),), 'dataset shape': (40, 11, 1921, 2560), 'dataset chunks': (7, 1, 385, 512), 'indexing time (s)': 5.245208740234375e-06, 'chunk number': 1650, 'reduction time (s)': 1.7757089138031006, 'chunks processed': 15, 'storage read (B)': 29670387, 'selection 2 time (s)': 1.778871774673462}
Thread times [0.20341777801513672, 0.07595300674438477, 0.09328699111938477, 0.09472393989562988, 0.09619569778442383, 0.17315983772277832, 0.13180327415466309, 0.09831714630126953, 0.08324313163757324, 0.08205294609069824, 0.12186813354492188, 0.21573305130004883, 0.09096622467041016, 0.1060481071472168, 0.1149299144744873]
{'args': ((32, 0, slice(0, 960, None), slice(None, None, None)),), 'dataset shape': (40, 11, 1921, 2560), 'dataset chunks': (7, 1, 385, 512), 'indexing time (s)': 9.5367431640625e-07, 'chunk number': 1650, 'reduction time (s)': 1.7836339473724365, 'chunks processed': 15, 'storage read (B)': 29670387, 'selection 2 time (s)': 1.7874231338500977}
Thread times [0.12621378898620605, 0.07369494438171387, 0.15736818313598633, 0.15494990348815918, 0.09744787216186523, 0.1064450740814209, 0.09392690658569336, 0.09924101829528809, 0.12680411338806152, 0.1025228500366211, 0.10516595840454102, 0.3170890808105469, 0.14964723587036133, 0.10224103927612305, 0.10308027267456055]
{'args': ((33, 0, slice(0, 960, None), slice(None, None, None)),), 'dataset shape': (40, 11, 1921, 2560), 'dataset chunks': (7, 1, 385, 512), 'indexing time (s)': 3.0994415283203125e-06, 'chunk number': 1650, 'reduction time (s)': 1.9182028770446777, 'chunks processed': 15, 'storage read (B)': 29670387, 'selection 2 time (s)': 1.921936273574829}
Thread times [0.16390728950500488, 0.07724285125732422, 0.11850523948669434, 0.08872795104980469, 0.09046387672424316, 0.14929676055908203, 0.09601807594299316, 0.0962820053100586, 0.14993977546691895, 0.17852401733398438, 0.09277701377868652, 0.31502199172973633, 0.11956620216369629, 0.10078597068786621, 0.09833693504333496]
{'args': ((34, 0, slice(0, 960, None), slice(None, None, None)),), 'dataset shape': (40, 11, 1921, 2560), 'dataset chunks': (7, 1, 385, 512), 'indexing time (s)': 4.0531158447265625e-06, 'chunk number': 1650, 'reduction time (s)': 1.9380290508270264, 'chunks processed': 15, 'storage read (B)': 29670387, 'selection 2 time (s)': 1.9424450397491455}
Thread times [0.14199495315551758, 0.07054591178894043, 0.1042780876159668, 0.08542394638061523, 0.08813977241516113, 0.09145808219909668, 0.09768199920654297, 0.1630561351776123, 0.09648513793945312, 0.09078502655029297, 0.10619401931762695, 0.13647985458374023, 0.18391084671020508, 0.13847136497497559, 0.10611414909362793]
{'args': ((35, 0, slice(0, 960, None), slice(None, None, None)),), 'dataset shape': (40, 11, 1921, 2560), 'dataset chunks': (7, 1, 385, 512), 'indexing time (s)': 7.867813110351562e-06, 'chunk number': 1650, 'reduction time (s)': 1.7033438682556152, 'chunks processed': 15, 'storage read (B)': 21287473, 'selection 2 time (s)': 1.7076711654663086}
Thread times [0.18431711196899414, 0.07035017013549805, 0.07271218299865723, 0.1007840633392334, 0.09959673881530762, 0.1802070140838623, 0.15578222274780273, 0.08833909034729004, 0.27990007400512695, 0.09231209754943848, 0.09179377555847168, 0.09703397750854492, 0.23999309539794922, 0.08770418167114258, 0.08650612831115723]
{'args': ((36, 0, slice(0, 960, None), slice(None, None, None)),), 'dataset shape': (40, 11, 1921, 2560), 'dataset chunks': (7, 1, 385, 512), 'indexing time (s)': 2.1457672119140625e-06, 'chunk number': 1650, 'reduction time (s)': 1.9310712814331055, 'chunks processed': 15, 'storage read (B)': 21287473, 'selection 2 time (s)': 1.9352540969848633}
Thread times [0.1607959270477295, 0.18386507034301758, 0.10058712959289551, 0.08543992042541504, 0.08973121643066406, 0.10174298286437988, 0.1471548080444336, 0.09103727340698242, 0.09806418418884277, 0.09391307830810547, 0.09044289588928223, 0.15215086936950684, 0.09572792053222656, 0.08919405937194824, 0.0807030200958252]
{'args': ((37, 0, slice(0, 960, None), slice(None, None, None)),), 'dataset shape': (40, 11, 1921, 2560), 'dataset chunks': (7, 1, 385, 512), 'indexing time (s)': 5.0067901611328125e-06, 'chunk number': 1650, 'reduction time (s)': 1.6627209186553955, 'chunks processed': 15, 'storage read (B)': 21287473, 'selection 2 time (s)': 1.664046049118042}
Thread times [0.16171789169311523, 0.15124797821044922, 0.13199710845947266, 0.09176301956176758, 0.08230924606323242, 0.1588730812072754, 0.08113884925842285, 0.089385986328125, 0.08836889266967773, 0.09010076522827148, 0.17614006996154785, 0.08952927589416504, 0.08821392059326172, 0.0932931900024414, 0.1042020320892334]
{'args': ((38, 0, slice(0, 960, None), slice(None, None, None)),), 'dataset shape': (40, 11, 1921, 2560), 'dataset chunks': (7, 1, 385, 512), 'indexing time (s)': 1.1920928955078125e-06, 'chunk number': 1650, 'reduction time (s)': 1.6805939674377441, 'chunks processed': 15, 'storage read (B)': 21287473, 'selection 2 time (s)': 1.6838629245758057}
Thread times [0.2309131622314453, 0.08711504936218262, 0.08034110069274902, 0.13012099266052246, 0.13707995414733887, 0.09854507446289062, 0.08876729011535645, 0.08308100700378418, 0.09245800971984863, 0.16375112533569336, 0.10476016998291016, 0.09495019912719727, 0.09125709533691406, 0.09499406814575195, 0.13620400428771973]
{'args': ((39, 0, slice(0, 960, None), slice(None, None, None)),), 'dataset shape': (40, 11, 1921, 2560), 'dataset chunks': (7, 1, 385, 512), 'indexing time (s)': 4.0531158447265625e-06, 'chunk number': 1650, 'reduction time (s)': 1.7167680263519287, 'chunks processed': 15, 'storage read (B)': 21287473, 'selection 2 time (s)': 1.7204711437225342}
[[226.07820312]
 [226.0646875 ]
 [225.93776042]
 [225.90820312]
 [225.91739583]
 [225.88460937]
 [225.82080729]
 [225.85434896]
 [225.9834375 ]
 [226.03822917]
 [226.01317708]
 [226.02333333]
 [226.03765625]
 [226.00486979]
 [225.91778646]
 [225.9403125 ]
 [225.98729167]
 [225.91450521]
 [225.81239583]
 [225.81890625]
 [225.8453125 ]
 [225.785     ]
 [225.63648438]
 [225.5565625 ]
 [225.45744792]
 [225.32382813]
 [225.16335937]
 [225.07786458]
 [225.07846354]
 [225.10669271]
 [225.17606771]
 [225.36867187]
 [225.57927083]
 [225.69083333]
 [225.7221875 ]
 [225.82367188]
 [225.93640625]
 [225.96760417]
 [225.91875   ]
 [225.92236979]]
Summary:  Hom24-np3:Active (T1,BS5): 14.4s,79.44s,156.4s
