Dataset loaded from S3 with s3fs and Pyfive: bnl/ch330a.pc19790301-def.nc (0.08,3.0)
Thread times [3.7630269527435303, 7.910165786743164, 9.636896133422852, 10.420174837112427, 12.24729871749878, 12.883131265640259, 13.381081819534302, 14.041284799575806, 14.795917272567749, 15.864274024963379, 16.31780195236206, 16.78203320503235, 17.19628882408142, 17.74898910522461, 17.89406108856201]
{'load nc time': 3.724308967590332, 'args': ((0, 0, slice(0, 960, None), slice(None, None, None)),), 'dataset shape': (40, 11, 1921, 2560), 'dataset chunks': (7, 1, 385, 512), 'indexing time (s)': 16.83612585067749, 'chunk number': 1650, 'reduction time (s)': 17.900469064712524, 'chunks processed': 15, 'storage read (B)': 29685482, 'selection 1 time (s)': 34.73683404922485}
Thread times [0.02380990982055664, 5.777679920196533, 6.737560033798218, 7.211787939071655, 10.112971067428589, 10.199604988098145, 11.714850187301636, 12.701961278915405, 12.798097133636475, 13.60142207145691, 14.210466861724854, 15.21543002128601, 15.617614030838013, 15.624753952026367, 15.802977085113525]
{'args': ((1, 0, slice(0, 960, None), slice(None, None, None)),), 'dataset shape': (40, 11, 1921, 2560), 'dataset chunks': (7, 1, 385, 512), 'indexing time (s)': 1.9073486328125e-06, 'chunk number': 1650, 'reduction time (s)': 15.811906099319458, 'chunks processed': 15, 'storage read (B)': 29685482, 'selection 1 time (s)': 15.81207823753357}
Thread times [0.023751020431518555, 6.023437261581421, 6.773019075393677, 7.600232839584351, 9.905059099197388, 11.556063175201416, 12.635602235794067, 12.878372192382812, 12.880199909210205, 13.363197088241577, 13.887069940567017, 15.533998012542725, 15.665493965148926, 16.13171410560608, 16.254117012023926]
{'args': ((2, 0, slice(0, 960, None), slice(None, None, None)),), 'dataset shape': (40, 11, 1921, 2560), 'dataset chunks': (7, 1, 385, 512), 'indexing time (s)': 9.5367431640625e-07, 'chunk number': 1650, 'reduction time (s)': 16.26213502883911, 'chunks processed': 15, 'storage read (B)': 29685482, 'selection 1 time (s)': 16.26229500770569}
Thread times [0.02129507064819336, 5.133102893829346, 6.881083011627197, 8.349861145019531, 11.046459913253784, 11.291419982910156, 11.933740139007568, 12.033576011657715, 13.443711042404175, 13.613043785095215, 14.063105821609497, 14.762596130371094, 15.846705913543701, 16.3240168094635, 16.50491690635681]
{'args': ((3, 0, slice(0, 960, None), slice(None, None, None)),), 'dataset shape': (40, 11, 1921, 2560), 'dataset chunks': (7, 1, 385, 512), 'indexing time (s)': 9.5367431640625e-07, 'chunk number': 1650, 'reduction time (s)': 16.510719060897827, 'chunks processed': 15, 'storage read (B)': 29685482, 'selection 1 time (s)': 16.51084589958191}
Thread times [0.02126002311706543, 6.292676687240601, 8.985846042633057, 9.793508052825928, 10.180845737457275, 11.130882024765015, 11.6388840675354, 12.274482011795044, 12.390677213668823, 12.867608070373535, 13.445441722869873, 15.518142938613892, 15.578564882278442, 16.05930185317993, 16.400513887405396]
{'args': ((4, 0, slice(0, 960, None), slice(None, None, None)),), 'dataset shape': (40, 11, 1921, 2560), 'dataset chunks': (7, 1, 385, 512), 'indexing time (s)': 0.0, 'chunk number': 1650, 'reduction time (s)': 16.406728267669678, 'chunks processed': 15, 'storage read (B)': 29685482, 'selection 1 time (s)': 16.4068820476532}
Thread times [0.02440786361694336, 5.133803844451904, 7.361464023590088, 9.061604261398315, 9.066190958023071, 10.69881296157837, 12.462175130844116, 13.178929090499878, 13.321066856384277, 13.502413988113403, 13.555757761001587, 14.510974884033203, 15.558523178100586, 15.631210088729858, 15.939918041229248]
{'args': ((5, 0, slice(0, 960, None), slice(None, None, None)),), 'dataset shape': (40, 11, 1921, 2560), 'dataset chunks': (7, 1, 385, 512), 'indexing time (s)': 9.5367431640625e-07, 'chunk number': 1650, 'reduction time (s)': 15.946980953216553, 'chunks processed': 15, 'storage read (B)': 29685482, 'selection 1 time (s)': 15.947166919708252}
Thread times [0.021942853927612305, 7.458885908126831, 7.848962783813477, 10.664533138275146, 10.760181188583374, 11.46346116065979, 11.679701089859009, 14.175256967544556, 14.900729179382324, 14.918761253356934, 15.142061948776245, 16.20181393623352, 16.36566996574402, 17.53889799118042, 17.647181034088135]
{'args': ((6, 0, slice(0, 960, None), slice(None, None, None)),), 'dataset shape': (40, 11, 1921, 2560), 'dataset chunks': (7, 1, 385, 512), 'indexing time (s)': 9.5367431640625e-07, 'chunk number': 1650, 'reduction time (s)': 17.65476393699646, 'chunks processed': 15, 'storage read (B)': 29685482, 'selection 1 time (s)': 17.654949188232422}
Thread times [6.436310052871704, 7.182513952255249, 8.153060913085938, 9.48439908027649, 10.98719596862793, 11.399569034576416, 11.859453916549683, 12.878567934036255, 13.735091924667358, 14.850518941879272, 15.381669044494629, 16.261335134506226, 16.34290623664856, 17.18116593360901, 17.2046160697937]
{'args': ((7, 0, slice(0, 960, None), slice(None, None, None)),), 'dataset shape': (40, 11, 1921, 2560), 'dataset chunks': (7, 1, 385, 512), 'indexing time (s)': 9.5367431640625e-07, 'chunk number': 1650, 'reduction time (s)': 17.212964057922363, 'chunks processed': 15, 'storage read (B)': 29701892, 'selection 1 time (s)': 17.213109016418457}
Thread times [0.020235061645507812, 6.508945941925049, 7.71973729133606, 9.455156087875366, 10.382231712341309, 10.413108110427856, 12.065715789794922, 12.123761177062988, 13.0902681350708, 13.093318939208984, 13.907520771026611, 14.58746886253357, 16.109145164489746, 16.184889793395996, 16.625247955322266]
{'args': ((8, 0, slice(0, 960, None), slice(None, None, None)),), 'dataset shape': (40, 11, 1921, 2560), 'dataset chunks': (7, 1, 385, 512), 'indexing time (s)': 9.5367431640625e-07, 'chunk number': 1650, 'reduction time (s)': 16.630431175231934, 'chunks processed': 15, 'storage read (B)': 29701892, 'selection 1 time (s)': 16.630554914474487}
Thread times [0.019245147705078125, 6.864031076431274, 7.61070990562439, 9.533244848251343, 9.746793270111084, 10.921510219573975, 12.337367057800293, 12.715286016464233, 13.34501600265503, 13.383681058883667, 14.08114504814148, 15.606044054031372, 16.118468046188354, 16.14328694343567, 16.323478937149048]
{'args': ((9, 0, slice(0, 960, None), slice(None, None, None)),), 'dataset shape': (40, 11, 1921, 2560), 'dataset chunks': (7, 1, 385, 512), 'indexing time (s)': 9.5367431640625e-07, 'chunk number': 1650, 'reduction time (s)': 16.331278085708618, 'chunks processed': 15, 'storage read (B)': 29701892, 'selection 1 time (s)': 16.331403970718384}
Thread times [0.02328014373779297, 6.503476858139038, 7.118190765380859, 8.088994979858398, 9.66505479812622, 10.664405822753906, 11.474601030349731, 11.995731830596924, 12.852739810943604, 12.866322040557861, 13.904778957366943, 14.717024087905884, 15.442111015319824, 15.682584047317505, 15.929653882980347]
{'args': ((10, 0, slice(0, 960, None), slice(None, None, None)),), 'dataset shape': (40, 11, 1921, 2560), 'dataset chunks': (7, 1, 385, 512), 'indexing time (s)': 2.1457672119140625e-06, 'chunk number': 1650, 'reduction time (s)': 15.936609029769897, 'chunks processed': 15, 'storage read (B)': 29701892, 'selection 1 time (s)': 15.936784267425537}
Thread times [0.024070262908935547, 5.917335271835327, 6.772589921951294, 11.790851831436157, 11.871494054794312, 12.179379940032959, 12.190613031387329, 12.51760196685791, 13.210284948348999, 14.4542977809906, 15.013435125350952, 15.976417779922485, 16.086440324783325, 16.84959626197815, 17.284653902053833]
{'args': ((11, 0, slice(0, 960, None), slice(None, None, None)),), 'dataset shape': (40, 11, 1921, 2560), 'dataset chunks': (7, 1, 385, 512), 'indexing time (s)': 9.5367431640625e-07, 'chunk number': 1650, 'reduction time (s)': 17.295013904571533, 'chunks processed': 15, 'storage read (B)': 29701892, 'selection 1 time (s)': 17.295202255249023}
Thread times [0.02297806739807129, 5.09429407119751, 7.2025251388549805, 8.493285894393921, 9.9376699924469, 10.23995590209961, 11.053894996643066, 12.605901002883911, 13.249466896057129, 13.252095222473145, 13.379279136657715, 13.452245950698853, 15.031340837478638, 15.477368116378784, 16.144259929656982]
{'args': ((12, 0, slice(0, 960, None), slice(None, None, None)),), 'dataset shape': (40, 11, 1921, 2560), 'dataset chunks': (7, 1, 385, 512), 'indexing time (s)': 4.76837158203125e-06, 'chunk number': 1650, 'reduction time (s)': 16.151085138320923, 'chunks processed': 15, 'storage read (B)': 29701892, 'selection 1 time (s)': 16.151289224624634}
Thread times [0.024518966674804688, 7.276968955993652, 8.256728887557983, 8.844820022583008, 11.2758469581604, 11.501863956451416, 11.89535903930664, 11.929231882095337, 12.078023910522461, 12.326517105102539, 12.827861070632935, 15.337912797927856, 15.608855962753296, 15.855606079101562, 16.271917819976807]
{'args': ((13, 0, slice(0, 960, None), slice(None, None, None)),), 'dataset shape': (40, 11, 1921, 2560), 'dataset chunks': (7, 1, 385, 512), 'indexing time (s)': 2.1457672119140625e-06, 'chunk number': 1650, 'reduction time (s)': 16.279366970062256, 'chunks processed': 15, 'storage read (B)': 29701892, 'selection 1 time (s)': 16.279578924179077}
Thread times [7.864643812179565, 8.035152912139893, 8.472980976104736, 10.427595138549805, 10.647785902023315, 13.144840002059937, 13.440008878707886, 13.724701881408691, 14.09204888343811, 14.285814046859741, 16.643281936645508, 17.33356213569641, 17.45362377166748, 17.686151027679443, 17.83373212814331]
{'args': ((14, 0, slice(0, 960, None), slice(None, None, None)),), 'dataset shape': (40, 11, 1921, 2560), 'dataset chunks': (7, 1, 385, 512), 'indexing time (s)': 9.5367431640625e-07, 'chunk number': 1650, 'reduction time (s)': 17.840862274169922, 'chunks processed': 15, 'storage read (B)': 29733505, 'selection 1 time (s)': 17.841042041778564}
Thread times [0.02081584930419922, 5.970613956451416, 6.634791374206543, 8.59046196937561, 9.961249113082886, 10.258460998535156, 12.137638092041016, 12.792552947998047, 12.794917821884155, 13.15056300163269, 14.192049026489258, 14.349038124084473, 15.621316909790039, 15.876489877700806, 16.0466570854187]
{'args': ((15, 0, slice(0, 960, None), slice(None, None, None)),), 'dataset shape': (40, 11, 1921, 2560), 'dataset chunks': (7, 1, 385, 512), 'indexing time (s)': 9.5367431640625e-07, 'chunk number': 1650, 'reduction time (s)': 16.05282688140869, 'chunks processed': 15, 'storage read (B)': 29733505, 'selection 1 time (s)': 16.05295991897583}
Thread times [0.019282102584838867, 6.349400758743286, 7.230270147323608, 8.409170150756836, 8.98642086982727, 10.262022972106934, 12.239791870117188, 12.875187873840332, 12.926231861114502, 13.822633981704712, 14.343450784683228, 15.563658952713013, 16.07627582550049, 16.312026977539062, 16.427613735198975]
{'args': ((16, 0, slice(0, 960, None), slice(None, None, None)),), 'dataset shape': (40, 11, 1921, 2560), 'dataset chunks': (7, 1, 385, 512), 'indexing time (s)': 1.1920928955078125e-06, 'chunk number': 1650, 'reduction time (s)': 16.43233585357666, 'chunks processed': 15, 'storage read (B)': 29733505, 'selection 1 time (s)': 16.432451963424683}
Thread times [0.021353960037231445, 6.2744481563568115, 7.776525020599365, 8.4758620262146, 10.836076021194458, 11.488495111465454, 12.009099006652832, 12.120419025421143, 13.239244937896729, 13.513266801834106, 13.832688093185425, 15.156759023666382, 15.618207931518555, 15.962803840637207, 16.18581199645996]
{'args': ((17, 0, slice(0, 960, None), slice(None, None, None)),), 'dataset shape': (40, 11, 1921, 2560), 'dataset chunks': (7, 1, 385, 512), 'indexing time (s)': 9.5367431640625e-07, 'chunk number': 1650, 'reduction time (s)': 16.191843032836914, 'chunks processed': 15, 'storage read (B)': 29733505, 'selection 1 time (s)': 16.192008018493652}
Thread times [0.021834850311279297, 6.465095043182373, 7.596636772155762, 7.822634935379028, 10.415175914764404, 11.031205177307129, 11.731544256210327, 12.45610499382019, 13.039525032043457, 13.212713956832886, 13.534918785095215, 14.43651008605957, 15.647567749023438, 15.744776964187622, 15.860103130340576]
{'args': ((18, 0, slice(0, 960, None), slice(None, None, None)),), 'dataset shape': (40, 11, 1921, 2560), 'dataset chunks': (7, 1, 385, 512), 'indexing time (s)': 9.5367431640625e-07, 'chunk number': 1650, 'reduction time (s)': 15.867738008499146, 'chunks processed': 15, 'storage read (B)': 29733505, 'selection 1 time (s)': 15.867897033691406}
Thread times [0.01974797248840332, 6.963897943496704, 8.373008012771606, 9.258382797241211, 9.678301095962524, 10.94907283782959, 13.054756879806519, 13.472707033157349, 13.596106052398682, 13.91573190689087, 14.070680141448975, 16.03765082359314, 16.219097137451172, 16.302063703536987, 16.736928939819336]
{'args': ((19, 0, slice(0, 960, None), slice(None, None, None)),), 'dataset shape': (40, 11, 1921, 2560), 'dataset chunks': (7, 1, 385, 512), 'indexing time (s)': 9.5367431640625e-07, 'chunk number': 1650, 'reduction time (s)': 16.74286413192749, 'chunks processed': 15, 'storage read (B)': 29733505, 'selection 1 time (s)': 16.74298119544983}
Thread times [0.019490718841552734, 4.5416259765625, 6.395525932312012, 9.630856990814209, 10.062451839447021, 12.152914762496948, 12.167978048324585, 13.205825090408325, 13.401011943817139, 13.553947925567627, 13.656544208526611, 13.97657585144043, 15.015388250350952, 15.680151224136353, 16.057610750198364]
{'args': ((20, 0, slice(0, 960, None), slice(None, None, None)),), 'dataset shape': (40, 11, 1921, 2560), 'dataset chunks': (7, 1, 385, 512), 'indexing time (s)': 9.5367431640625e-07, 'chunk number': 1650, 'reduction time (s)': 16.063026905059814, 'chunks processed': 15, 'storage read (B)': 29733505, 'selection 1 time (s)': 16.063185214996338}
Thread times [7.450768232345581, 7.535144090652466, 7.548063039779663, 7.905402898788452, 11.860393047332764, 12.041652917861938, 12.183548927307129, 13.421535968780518, 13.722129821777344, 14.1479012966156, 16.44168710708618, 16.87950110435486, 16.969521045684814, 17.255619049072266, 17.890793800354004]
{'args': ((21, 0, slice(0, 960, None), slice(None, None, None)),), 'dataset shape': (40, 11, 1921, 2560), 'dataset chunks': (7, 1, 385, 512), 'indexing time (s)': 1.6689300537109375e-06, 'chunk number': 1650, 'reduction time (s)': 17.918736219406128, 'chunks processed': 15, 'storage read (B)': 29686785, 'selection 1 time (s)': 17.91893196105957}
Thread times [0.020091772079467773, 4.172514915466309, 9.071735143661499, 9.096877813339233, 10.162835121154785, 10.574180126190186, 11.491208791732788, 12.068519115447998, 12.581587076187134, 12.955452919006348, 13.101133108139038, 14.28226900100708, 15.587928056716919, 15.714654922485352, 15.92732286453247]
{'args': ((22, 0, slice(0, 960, None), slice(None, None, None)),), 'dataset shape': (40, 11, 1921, 2560), 'dataset chunks': (7, 1, 385, 512), 'indexing time (s)': 0.0, 'chunk number': 1650, 'reduction time (s)': 15.933069944381714, 'chunks processed': 15, 'storage read (B)': 29686785, 'selection 1 time (s)': 15.93323302268982}
Thread times [0.023707151412963867, 7.584863901138306, 7.859700918197632, 8.823609828948975, 9.619208812713623, 10.023033857345581, 11.323621034622192, 11.937539100646973, 12.240031957626343, 12.478677034378052, 12.993086099624634, 13.983659744262695, 15.960688829421997, 15.969738960266113, 16.069702863693237]
{'args': ((23, 0, slice(0, 960, None), slice(None, None, None)),), 'dataset shape': (40, 11, 1921, 2560), 'dataset chunks': (7, 1, 385, 512), 'indexing time (s)': 2.1457672119140625e-06, 'chunk number': 1650, 'reduction time (s)': 16.07826805114746, 'chunks processed': 15, 'storage read (B)': 29686785, 'selection 1 time (s)': 16.078428268432617}
Thread times [0.02220296859741211, 7.851964712142944, 8.967254877090454, 9.269911050796509, 11.374567747116089, 11.78116226196289, 12.219996929168701, 13.512709856033325, 13.63554310798645, 13.777984619140625, 14.11401891708374, 15.557446956634521, 15.889153003692627, 16.3276469707489, 16.70331072807312]
{'args': ((24, 0, slice(0, 960, None), slice(None, None, None)),), 'dataset shape': (40, 11, 1921, 2560), 'dataset chunks': (7, 1, 385, 512), 'indexing time (s)': 9.5367431640625e-07, 'chunk number': 1650, 'reduction time (s)': 16.71073603630066, 'chunks processed': 15, 'storage read (B)': 29686785, 'selection 1 time (s)': 16.710888862609863}
Thread times [0.02377486228942871, 6.184602975845337, 9.084241151809692, 9.587811946868896, 9.968789100646973, 10.724244832992554, 11.430105924606323, 11.616902351379395, 13.245434045791626, 13.325103998184204, 13.940681219100952, 14.037750005722046, 14.422375917434692, 15.410006046295166, 15.598241090774536]
{'args': ((25, 0, slice(0, 960, None), slice(None, None, None)),), 'dataset shape': (40, 11, 1921, 2560), 'dataset chunks': (7, 1, 385, 512), 'indexing time (s)': 2.1457672119140625e-06, 'chunk number': 1650, 'reduction time (s)': 15.604989051818848, 'chunks processed': 15, 'storage read (B)': 29686785, 'selection 1 time (s)': 15.605164051055908}
Thread times [0.018934965133666992, 5.457777976989746, 6.673972845077515, 9.062224864959717, 11.10471487045288, 11.399111032485962, 11.73053503036499, 11.856176853179932, 13.290240049362183, 13.33122992515564, 14.285933017730713, 14.42976713180542, 15.499215126037598, 15.820863008499146, 16.032071828842163]
{'args': ((26, 0, slice(0, 960, None), slice(None, None, None)),), 'dataset shape': (40, 11, 1921, 2560), 'dataset chunks': (7, 1, 385, 512), 'indexing time (s)': 0.0, 'chunk number': 1650, 'reduction time (s)': 16.036779165267944, 'chunks processed': 15, 'storage read (B)': 29686785, 'selection 1 time (s)': 16.036900758743286}
Thread times [0.024934768676757812, 4.78645920753479, 6.151762008666992, 7.5798659324646, 10.045904159545898, 10.347438097000122, 11.08470106124878, 11.372934103012085, 13.512073993682861, 13.535011053085327, 13.698982954025269, 13.98818588256836, 14.53181791305542, 15.082576274871826, 15.237643003463745]
{'args': ((27, 0, slice(0, 960, None), slice(None, None, None)),), 'dataset shape': (40, 11, 1921, 2560), 'dataset chunks': (7, 1, 385, 512), 'indexing time (s)': 0.0, 'chunk number': 1650, 'reduction time (s)': 15.245414733886719, 'chunks processed': 15, 'storage read (B)': 29686785, 'selection 1 time (s)': 15.245556831359863}
Thread times [4.081866979598999, 7.088517904281616, 10.53036904335022, 10.981552124023438, 11.809898138046265, 12.940515041351318, 14.227679967880249, 14.420780181884766, 15.487143278121948, 17.117547750473022, 17.761790990829468, 18.41453719139099, 18.750670194625854, 18.81912875175476, 18.84671187400818]
{'args': ((28, 0, slice(0, 960, None), slice(None, None, None)),), 'dataset shape': (40, 11, 1921, 2560), 'dataset chunks': (7, 1, 385, 512), 'indexing time (s)': 1.1920928955078125e-06, 'chunk number': 1650, 'reduction time (s)': 18.85185194015503, 'chunks processed': 15, 'storage read (B)': 29670387, 'selection 1 time (s)': 18.85196280479431}
Thread times [0.019688844680786133, 7.246355056762695, 7.282974004745483, 9.540676832199097, 10.890667915344238, 10.961350917816162, 11.215080976486206, 11.507344722747803, 12.483240842819214, 12.79253602027893, 13.054879426956177, 14.671442747116089, 15.478222846984863, 16.162462949752808, 16.26695704460144]
{'args': ((29, 0, slice(0, 960, None), slice(None, None, None)),), 'dataset shape': (40, 11, 1921, 2560), 'dataset chunks': (7, 1, 385, 512), 'indexing time (s)': 1.1920928955078125e-06, 'chunk number': 1650, 'reduction time (s)': 16.27312994003296, 'chunks processed': 15, 'storage read (B)': 29670387, 'selection 1 time (s)': 16.273250102996826}
Thread times [0.020628929138183594, 6.568101167678833, 7.5325608253479, 8.58048939704895, 10.361534118652344, 10.37721586227417, 11.713123083114624, 11.742419004440308, 12.113946914672852, 12.880836009979248, 13.00541090965271, 13.714632987976074, 15.392335176467896, 15.634397029876709, 15.8318350315094]
{'args': ((30, 0, slice(0, 960, None), slice(None, None, None)),), 'dataset shape': (40, 11, 1921, 2560), 'dataset chunks': (7, 1, 385, 512), 'indexing time (s)': 9.5367431640625e-07, 'chunk number': 1650, 'reduction time (s)': 15.838807106018066, 'chunks processed': 15, 'storage read (B)': 29670387, 'selection 1 time (s)': 15.838938236236572}
Thread times [0.021949291229248047, 6.113466262817383, 8.529177904129028, 8.60646915435791, 10.040555953979492, 12.18149471282959, 12.18638300895691, 13.068962097167969, 13.369652032852173, 13.744256973266602, 14.794427156448364, 14.980846881866455, 15.63063097000122, 15.790210008621216, 16.451946020126343]
{'args': ((31, 0, slice(0, 960, None), slice(None, None, None)),), 'dataset shape': (40, 11, 1921, 2560), 'dataset chunks': (7, 1, 385, 512), 'indexing time (s)': 1.1920928955078125e-06, 'chunk number': 1650, 'reduction time (s)': 16.458173036575317, 'chunks processed': 15, 'storage read (B)': 29670387, 'selection 1 time (s)': 16.45832085609436}
Thread times [0.02739405632019043, 5.958668947219849, 7.244220018386841, 8.26470685005188, 10.634902000427246, 11.53066897392273, 11.7359139919281, 12.137614011764526, 12.871787071228027, 12.97516679763794, 13.565497159957886, 15.310303926467896, 15.438068389892578, 15.699305057525635, 15.982904195785522]
{'args': ((32, 0, slice(0, 960, None), slice(None, None, None)),), 'dataset shape': (40, 11, 1921, 2560), 'dataset chunks': (7, 1, 385, 512), 'indexing time (s)': 1.9073486328125e-06, 'chunk number': 1650, 'reduction time (s)': 15.99175500869751, 'chunks processed': 15, 'storage read (B)': 29670387, 'selection 1 time (s)': 15.991939783096313}
Thread times [0.02403712272644043, 7.546813011169434, 7.598972797393799, 8.81558084487915, 10.175278902053833, 10.925165176391602, 10.940708875656128, 14.104803085327148, 14.164402961730957, 14.638110876083374, 14.811992883682251, 16.61415386199951, 16.785300254821777, 16.954000234603882, 17.33200716972351]
{'args': ((33, 0, slice(0, 960, None), slice(None, None, None)),), 'dataset shape': (40, 11, 1921, 2560), 'dataset chunks': (7, 1, 385, 512), 'indexing time (s)': 2.1457672119140625e-06, 'chunk number': 1650, 'reduction time (s)': 17.34008288383484, 'chunks processed': 15, 'storage read (B)': 29670387, 'selection 1 time (s)': 17.340312719345093}
Thread times [0.02371692657470703, 5.434462070465088, 6.921910762786865, 8.371335983276367, 10.128509998321533, 12.040759086608887, 12.560333013534546, 12.858447074890137, 13.56235384941101, 13.727638244628906, 14.046539068222046, 15.15459418296814, 15.43987512588501, 15.452615976333618, 16.201063871383667]
{'args': ((34, 0, slice(0, 960, None), slice(None, None, None)),), 'dataset shape': (40, 11, 1921, 2560), 'dataset chunks': (7, 1, 385, 512), 'indexing time (s)': 2.1457672119140625e-06, 'chunk number': 1650, 'reduction time (s)': 16.2080659866333, 'chunks processed': 15, 'storage read (B)': 29670387, 'selection 1 time (s)': 16.208258152008057}
Thread times [6.76842188835144, 7.584556818008423, 7.607679843902588, 8.002241849899292, 8.343935251235962, 9.433369874954224, 9.77533221244812, 9.851787805557251, 10.262509107589722, 10.709073066711426, 12.914312362670898, 13.549391031265259, 13.572174072265625, 13.793998003005981, 14.126288890838623]
{'args': ((35, 0, slice(0, 960, None), slice(None, None, None)),), 'dataset shape': (40, 11, 1921, 2560), 'dataset chunks': (7, 1, 385, 512), 'indexing time (s)': 1.1920928955078125e-06, 'chunk number': 1650, 'reduction time (s)': 14.13279676437378, 'chunks processed': 15, 'storage read (B)': 21287473, 'selection 1 time (s)': 14.132958889007568}
Thread times [0.017990827560424805, 5.142826080322266, 6.976022958755493, 6.987144947052002, 8.067788124084473, 8.611413955688477, 9.133458137512207, 9.681441068649292, 9.936121225357056, 10.478676080703735, 11.251531600952148, 11.472602844238281, 12.429021835327148, 13.858566045761108, 13.946003198623657]
{'args': ((36, 0, slice(0, 960, None), slice(None, None, None)),), 'dataset shape': (40, 11, 1921, 2560), 'dataset chunks': (7, 1, 385, 512), 'indexing time (s)': 9.5367431640625e-07, 'chunk number': 1650, 'reduction time (s)': 13.949322938919067, 'chunks processed': 15, 'storage read (B)': 21287473, 'selection 1 time (s)': 13.94948697090149}
Thread times [0.02048325538635254, 4.140989065170288, 7.300436973571777, 7.781651020050049, 8.378870010375977, 9.348005056381226, 10.993147850036621, 11.195101976394653, 11.447840929031372, 11.64054822921753, 11.979098081588745, 12.030921936035156, 13.313624620437622, 13.47086477279663, 13.549729108810425]
{'args': ((37, 0, slice(0, 960, None), slice(None, None, None)),), 'dataset shape': (40, 11, 1921, 2560), 'dataset chunks': (7, 1, 385, 512), 'indexing time (s)': 2.1457672119140625e-06, 'chunk number': 1650, 'reduction time (s)': 13.556206703186035, 'chunks processed': 15, 'storage read (B)': 21287473, 'selection 1 time (s)': 13.556401014328003}
Thread times [0.02033710479736328, 6.34803032875061, 6.387911319732666, 6.59460186958313, 7.6644158363342285, 8.17516016960144, 9.666324853897095, 9.948783874511719, 10.403206825256348, 10.81329607963562, 10.826878070831299, 12.09328818321228, 12.565469026565552, 13.025925874710083, 13.057609796524048]
{'args': ((38, 0, slice(0, 960, None), slice(None, None, None)),), 'dataset shape': (40, 11, 1921, 2560), 'dataset chunks': (7, 1, 385, 512), 'indexing time (s)': 1.9073486328125e-06, 'chunk number': 1650, 'reduction time (s)': 13.064257860183716, 'chunks processed': 15, 'storage read (B)': 21287473, 'selection 1 time (s)': 13.064424991607666}
Thread times [0.02113199234008789, 4.878852844238281, 5.395020008087158, 7.634115934371948, 8.056983947753906, 8.673274993896484, 8.869477033615112, 9.726094007492065, 10.730130910873413, 11.187618017196655, 11.324379205703735, 11.657664060592651, 12.2587308883667, 12.925465106964111, 13.15379810333252]
{'args': ((39, 0, slice(0, 960, None), slice(None, None, None)),), 'dataset shape': (40, 11, 1921, 2560), 'dataset chunks': (7, 1, 385, 512), 'indexing time (s)': 9.5367431640625e-07, 'chunk number': 1650, 'reduction time (s)': 13.161752939224243, 'chunks processed': 15, 'storage read (B)': 21287473, 'selection 1 time (s)': 13.16190505027771}
[[226.07817708]
 [226.06476563]
 [225.93765625]
 [225.90807292]
 [225.91736979]
 [225.88453125]
 [225.82075521]
 [225.85440104]
 [225.98325521]
 [226.03804687]
 [226.013125  ]
 [226.02330729]
 [226.03770833]
 [226.00476563]
 [225.91765625]
 [225.94033854]
 [225.98721354]
 [225.9146875 ]
 [225.81244792]
 [225.81869792]
 [225.84526042]
 [225.785     ]
 [225.63648438]
 [225.55653646]
 [225.45736979]
 [225.32369792]
 [225.16325521]
 [225.07796875]
 [225.07846354]
 [225.10664063]
 [225.17609375]
 [225.36877604]
 [225.57911458]
 [225.69080729]
 [225.72231771]
 [225.82369792]
 [225.93658854]
 [225.96765625]
 [225.91861979]
 [225.92247396]]
Summary:  Hom24-np3:Local (T100,BS1): 3.72s,645.9s,666.4s
