Dataset loaded from S3 with s3fs and Pyfive: bnl/ch330a.pc19790301-def.nc (0.097,3.1)
Thread times [0.1603081226348877, 0.18210792541503906, 0.3176560401916504, 0.4075298309326172, 0.5812358856201172, 0.5812010765075684, 0.6084489822387695, 0.612720251083374, 0.6149709224700928, 0.6162619590759277, 0.6214020252227783, 0.6245162487030029, 0.6243579387664795, 0.6292450428009033, 0.6297318935394287]
{'load nc time': 3.733804702758789, 'args': ((0, 0, slice(0, 960, None), slice(None, None, None)),), 'dataset shape': (40, 11, 1921, 2560), 'dataset chunks': (7, 1, 385, 512), 'indexing time (s)': 22.486639976501465, 'chunk number': 1650, 'reduction time (s)': 0.6347646713256836, 'chunks processed': 15, 'storage read (B)': 29685482, 'selection 2 time (s)': 23.12976098060608}
Thread times [0.2901148796081543, 0.290233850479126, 0.2896289825439453, 0.2906379699707031, 0.2900981903076172, 0.2896862030029297, 0.2896449565887451, 0.2875349521636963, 0.28748512268066406, 0.2886168956756592, 0.43094897270202637, 0.44037818908691406, 0.44507598876953125, 0.5123298168182373, 0.5169398784637451]
{'args': ((1, 0, slice(0, 960, None), slice(None, None, None)),), 'dataset shape': (40, 11, 1921, 2560), 'dataset chunks': (7, 1, 385, 512), 'indexing time (s)': 0.0, 'chunk number': 1650, 'reduction time (s)': 0.521312952041626, 'chunks processed': 15, 'storage read (B)': 29685482, 'selection 2 time (s)': 0.528296947479248}
Thread times [0.1867058277130127, 0.18928003311157227, 0.2809431552886963, 0.2855679988861084, 0.30591320991516113, 0.32665491104125977, 0.3649299144744873, 0.3973269462585449, 0.4332706928253174, 0.4350168704986572, 0.4383366107940674, 0.45189499855041504, 0.45320892333984375, 0.46912503242492676, 0.49289703369140625]
{'args': ((2, 0, slice(0, 960, None), slice(None, None, None)),), 'dataset shape': (40, 11, 1921, 2560), 'dataset chunks': (7, 1, 385, 512), 'indexing time (s)': 9.5367431640625e-07, 'chunk number': 1650, 'reduction time (s)': 0.4979259967803955, 'chunks processed': 15, 'storage read (B)': 29685482, 'selection 2 time (s)': 0.5114719867706299}
Thread times [0.17090725898742676, 0.1710338592529297, 0.2964060306549072, 0.29900598526000977, 0.5985410213470459, 0.5981900691986084, 0.5956668853759766, 0.5989172458648682, 0.597639799118042, 0.5991427898406982, 0.6014251708984375, 0.604435920715332, 0.606982946395874, 0.6083657741546631, 0.6088190078735352]
{'args': ((3, 0, slice(0, 960, None), slice(None, None, None)),), 'dataset shape': (40, 11, 1921, 2560), 'dataset chunks': (7, 1, 385, 512), 'indexing time (s)': 9.5367431640625e-07, 'chunk number': 1650, 'reduction time (s)': 0.6132850646972656, 'chunks processed': 15, 'storage read (B)': 29685482, 'selection 2 time (s)': 0.620753288269043}
Thread times [0.23274588584899902, 0.2761349678039551, 0.3531830310821533, 0.3509089946746826, 0.3600900173187256, 0.385390043258667, 0.3961207866668701, 0.4029381275177002, 0.41234707832336426, 0.41449499130249023, 0.4203968048095703, 0.42275476455688477, 0.42658185958862305, 0.4307572841644287, 0.43175601959228516]
{'args': ((4, 0, slice(0, 960, None), slice(None, None, None)),), 'dataset shape': (40, 11, 1921, 2560), 'dataset chunks': (7, 1, 385, 512), 'indexing time (s)': 0.0, 'chunk number': 1650, 'reduction time (s)': 0.4355130195617676, 'chunks processed': 15, 'storage read (B)': 29685482, 'selection 2 time (s)': 0.44448399543762207}
Thread times [0.370272159576416, 0.4346811771392822, 0.44849109649658203, 0.5101211071014404, 0.528670072555542, 0.5735681056976318, 0.5777909755706787, 0.5836610794067383, 0.5835790634155273, 0.586033821105957, 0.5970139503479004, 0.5976278781890869, 0.6000540256500244, 0.6054797172546387, 0.6089119911193848]
{'args': ((5, 0, slice(0, 960, None), slice(None, None, None)),), 'dataset shape': (40, 11, 1921, 2560), 'dataset chunks': (7, 1, 385, 512), 'indexing time (s)': 9.5367431640625e-07, 'chunk number': 1650, 'reduction time (s)': 0.6138820648193359, 'chunks processed': 15, 'storage read (B)': 29685482, 'selection 2 time (s)': 0.6220059394836426}
Thread times [0.3848130702972412, 0.45045995712280273, 0.5158536434173584, 0.545853853225708, 0.5545210838317871, 0.5669159889221191, 0.5933549404144287, 0.5960948467254639, 0.598095178604126, 0.598778247833252, 0.6033899784088135, 0.6051030158996582, 0.6071648597717285, 0.614224910736084, 0.7068541049957275]
{'args': ((6, 0, slice(0, 960, None), slice(None, None, None)),), 'dataset shape': (40, 11, 1921, 2560), 'dataset chunks': (7, 1, 385, 512), 'indexing time (s)': 9.5367431640625e-07, 'chunk number': 1650, 'reduction time (s)': 0.7119021415710449, 'chunks processed': 15, 'storage read (B)': 29685482, 'selection 2 time (s)': 0.7264940738677979}
Thread times [0.5389719009399414, 0.5400991439819336, 0.5495429039001465, 0.5637948513031006, 0.568734884262085, 0.5771610736846924, 0.576915979385376, 0.597949743270874, 0.5991699695587158, 0.6003448963165283, 0.602564811706543, 0.6065077781677246, 0.606652021408081, 0.6076648235321045, 0.6121010780334473]
{'args': ((7, 0, slice(0, 960, None), slice(None, None, None)),), 'dataset shape': (40, 11, 1921, 2560), 'dataset chunks': (7, 1, 385, 512), 'indexing time (s)': 7.152557373046875e-07, 'chunk number': 1650, 'reduction time (s)': 0.6157591342926025, 'chunks processed': 15, 'storage read (B)': 29701892, 'selection 2 time (s)': 0.624547004699707}
Thread times [0.40371108055114746, 0.4730198383331299, 0.5317540168762207, 0.5717360973358154, 0.5768518447875977, 0.5779340267181396, 0.5807223320007324, 0.580284833908081, 0.5834472179412842, 0.5844459533691406, 0.5860028266906738, 0.5898537635803223, 0.5969080924987793, 0.5980978012084961, 0.6150720119476318]
{'args': ((8, 0, slice(0, 960, None), slice(None, None, None)),), 'dataset shape': (40, 11, 1921, 2560), 'dataset chunks': (7, 1, 385, 512), 'indexing time (s)': 9.5367431640625e-07, 'chunk number': 1650, 'reduction time (s)': 0.6193039417266846, 'chunks processed': 15, 'storage read (B)': 29701892, 'selection 2 time (s)': 0.632209062576294}
Thread times [0.19985008239746094, 0.2937321662902832, 0.29376792907714844, 0.2958559989929199, 0.2979106903076172, 0.31812405586242676, 0.3191537857055664, 0.3277881145477295, 0.33083224296569824, 0.3349189758300781, 0.33726000785827637, 0.3424370288848877, 0.36409783363342285, 0.3651256561279297, 0.3810899257659912]
{'args': ((9, 0, slice(0, 960, None), slice(None, None, None)),), 'dataset shape': (40, 11, 1921, 2560), 'dataset chunks': (7, 1, 385, 512), 'indexing time (s)': 9.5367431640625e-07, 'chunk number': 1650, 'reduction time (s)': 0.3857121467590332, 'chunks processed': 15, 'storage read (B)': 29701892, 'selection 2 time (s)': 0.4000577926635742}
Thread times [0.18083977699279785, 0.32122015953063965, 0.4196810722351074, 0.4331338405609131, 0.43999385833740234, 0.4516716003417969, 0.4753758907318115, 0.4795079231262207, 0.4785442352294922, 0.4797639846801758, 0.4831058979034424, 0.48399782180786133, 0.48696398735046387, 0.49011707305908203, 0.49277424812316895]
{'args': ((10, 0, slice(0, 960, None), slice(None, None, None)),), 'dataset shape': (40, 11, 1921, 2560), 'dataset chunks': (7, 1, 385, 512), 'indexing time (s)': 9.5367431640625e-07, 'chunk number': 1650, 'reduction time (s)': 0.4980340003967285, 'chunks processed': 15, 'storage read (B)': 29701892, 'selection 2 time (s)': 0.5051100254058838}
Thread times [0.4412729740142822, 0.4763050079345703, 0.5798840522766113, 0.5849730968475342, 0.587615966796875, 0.611703634262085, 0.614915132522583, 0.61586594581604, 0.6163380146026611, 0.620758056640625, 0.623784065246582, 0.6283588409423828, 0.6287448406219482, 0.6335010528564453, 0.6589150428771973]
{'args': ((11, 0, slice(0, 960, None), slice(None, None, None)),), 'dataset shape': (40, 11, 1921, 2560), 'dataset chunks': (7, 1, 385, 512), 'indexing time (s)': 9.5367431640625e-07, 'chunk number': 1650, 'reduction time (s)': 0.6628909111022949, 'chunks processed': 15, 'storage read (B)': 29701892, 'selection 2 time (s)': 0.6776168346405029}
Thread times [0.15739011764526367, 0.2848649024963379, 0.28638696670532227, 0.28429293632507324, 0.28842806816101074, 0.28645992279052734, 0.28568506240844727, 0.28844594955444336, 0.2909119129180908, 0.33910298347473145, 0.3582730293273926, 0.36731386184692383, 0.36543798446655273, 0.3689448833465576, 0.3765528202056885]
{'args': ((12, 0, slice(0, 960, None), slice(None, None, None)),), 'dataset shape': (40, 11, 1921, 2560), 'dataset chunks': (7, 1, 385, 512), 'indexing time (s)': 9.5367431640625e-07, 'chunk number': 1650, 'reduction time (s)': 0.379986047744751, 'chunks processed': 15, 'storage read (B)': 29701892, 'selection 2 time (s)': 0.3874087333679199}
Thread times [0.15294885635375977, 0.20782709121704102, 0.21240496635437012, 0.33061814308166504, 0.4496607780456543, 0.4906649589538574, 0.49399900436401367, 0.5079448223114014, 0.5069730281829834, 0.5080859661102295, 0.512019157409668, 0.5385270118713379, 0.5424249172210693, 0.5422170162200928, 0.5469009876251221]
{'args': ((13, 0, slice(0, 960, None), slice(None, None, None)),), 'dataset shape': (40, 11, 1921, 2560), 'dataset chunks': (7, 1, 385, 512), 'indexing time (s)': 0.0, 'chunk number': 1650, 'reduction time (s)': 0.5494599342346191, 'chunks processed': 15, 'storage read (B)': 29701892, 'selection 2 time (s)': 0.5574562549591064}
Thread times [0.16594409942626953, 0.18807029724121094, 0.23471617698669434, 0.23125004768371582, 0.23478007316589355, 0.24224615097045898, 0.24985003471374512, 0.2471160888671875, 0.25660109519958496, 0.390078067779541, 0.3933439254760742, 0.39365291595458984, 0.39791202545166016, 0.39888429641723633, 0.40308189392089844]
{'args': ((14, 0, slice(0, 960, None), slice(None, None, None)),), 'dataset shape': (40, 11, 1921, 2560), 'dataset chunks': (7, 1, 385, 512), 'indexing time (s)': 9.5367431640625e-07, 'chunk number': 1650, 'reduction time (s)': 0.40491819381713867, 'chunks processed': 15, 'storage read (B)': 29733505, 'selection 2 time (s)': 0.4132091999053955}
Thread times [0.26170873641967773, 0.3030879497528076, 0.3675987720489502, 0.5017726421356201, 0.49957776069641113, 0.5012929439544678, 0.5072321891784668, 0.5049788951873779, 0.5065891742706299, 0.5055279731750488, 0.5089879035949707, 0.5109131336212158, 0.5147907733917236, 0.5172767639160156, 0.5296449661254883]
{'args': ((15, 0, slice(0, 960, None), slice(None, None, None)),), 'dataset shape': (40, 11, 1921, 2560), 'dataset chunks': (7, 1, 385, 512), 'indexing time (s)': 0.0, 'chunk number': 1650, 'reduction time (s)': 0.5338718891143799, 'chunks processed': 15, 'storage read (B)': 29733505, 'selection 2 time (s)': 0.5420827865600586}
Thread times [0.508887767791748, 0.5267760753631592, 0.5543501377105713, 0.5568580627441406, 0.5654647350311279, 0.583043098449707, 0.5925650596618652, 0.5946199893951416, 0.5953521728515625, 0.5975050926208496, 0.6054480075836182, 0.605323076248169, 0.6064069271087646, 0.6066298484802246, 0.6164939403533936]
{'args': ((16, 0, slice(0, 960, None), slice(None, None, None)),), 'dataset shape': (40, 11, 1921, 2560), 'dataset chunks': (7, 1, 385, 512), 'indexing time (s)': 9.5367431640625e-07, 'chunk number': 1650, 'reduction time (s)': 0.6214370727539062, 'chunks processed': 15, 'storage read (B)': 29733505, 'selection 2 time (s)': 0.6283919811248779}
Thread times [0.2428131103515625, 0.37783074378967285, 0.37686800956726074, 0.37519097328186035, 0.37655186653137207, 0.375744104385376, 0.37621474266052246, 0.3805708885192871, 0.38041067123413086, 0.379321813583374, 0.3796248435974121, 0.38213586807250977, 0.3799149990081787, 0.3832218647003174, 0.40480995178222656]
{'args': ((17, 0, slice(0, 960, None), slice(None, None, None)),), 'dataset shape': (40, 11, 1921, 2560), 'dataset chunks': (7, 1, 385, 512), 'indexing time (s)': 7.152557373046875e-07, 'chunk number': 1650, 'reduction time (s)': 0.40827012062072754, 'chunks processed': 15, 'storage read (B)': 29733505, 'selection 2 time (s)': 0.41610002517700195}
Thread times [0.48881101608276367, 0.5155398845672607, 0.5181369781494141, 0.5213422775268555, 0.5261850357055664, 0.5338950157165527, 0.5384602546691895, 0.5490787029266357, 0.5468871593475342, 0.5482139587402344, 0.5514471530914307, 0.5541019439697266, 0.5565042495727539, 0.56479811668396, 0.5711758136749268]
{'args': ((18, 0, slice(0, 960, None), slice(None, None, None)),), 'dataset shape': (40, 11, 1921, 2560), 'dataset chunks': (7, 1, 385, 512), 'indexing time (s)': 1.1920928955078125e-06, 'chunk number': 1650, 'reduction time (s)': 0.577023983001709, 'chunks processed': 15, 'storage read (B)': 29733505, 'selection 2 time (s)': 0.5841178894042969}
Thread times [0.24596714973449707, 0.2458038330078125, 0.24740195274353027, 0.24584221839904785, 0.29006314277648926, 0.42669177055358887, 0.4275360107421875, 0.4279332160949707, 0.42687201499938965, 0.426069974899292, 0.4666929244995117, 0.46730804443359375, 0.4664299488067627, 0.46872591972351074, 0.46925902366638184]
{'args': ((19, 0, slice(0, 960, None), slice(None, None, None)),), 'dataset shape': (40, 11, 1921, 2560), 'dataset chunks': (7, 1, 385, 512), 'indexing time (s)': 9.5367431640625e-07, 'chunk number': 1650, 'reduction time (s)': 0.4727048873901367, 'chunks processed': 15, 'storage read (B)': 29733505, 'selection 2 time (s)': 0.4800071716308594}
Thread times [0.3229818344116211, 0.3251972198486328, 0.32771801948547363, 0.32823705673217773, 0.4731121063232422, 0.5067040920257568, 0.5155673027038574, 0.5156412124633789, 0.5270450115203857, 0.5420668125152588, 0.5542199611663818, 0.5559070110321045, 0.5575847625732422, 0.5577998161315918, 0.5671846866607666]
{'args': ((20, 0, slice(0, 960, None), slice(None, None, None)),), 'dataset shape': (40, 11, 1921, 2560), 'dataset chunks': (7, 1, 385, 512), 'indexing time (s)': 9.5367431640625e-07, 'chunk number': 1650, 'reduction time (s)': 0.570734977722168, 'chunks processed': 15, 'storage read (B)': 29733505, 'selection 2 time (s)': 0.5803749561309814}
Thread times [0.4158029556274414, 0.4162712097167969, 0.5257890224456787, 0.5415740013122559, 0.5448179244995117, 0.5484929084777832, 0.5541403293609619, 0.5528759956359863, 0.5552151203155518, 0.5615007877349854, 0.5676717758178711, 0.584749698638916, 0.5844440460205078, 0.6249699592590332, 0.6315929889678955]
{'args': ((21, 0, slice(0, 960, None), slice(None, None, None)),), 'dataset shape': (40, 11, 1921, 2560), 'dataset chunks': (7, 1, 385, 512), 'indexing time (s)': 9.5367431640625e-07, 'chunk number': 1650, 'reduction time (s)': 0.6366300582885742, 'chunks processed': 15, 'storage read (B)': 29686785, 'selection 2 time (s)': 0.6437280178070068}
Thread times [0.5557303428649902, 0.5567679405212402, 0.5863261222839355, 0.6058030128479004, 0.6295549869537354, 0.6397871971130371, 0.6603879928588867, 0.6584291458129883, 0.6599218845367432, 0.6634180545806885, 0.670759916305542, 0.670795202255249, 0.6740508079528809, 0.6754710674285889, 0.6789660453796387]
{'args': ((22, 0, slice(0, 960, None), slice(None, None, None)),), 'dataset shape': (40, 11, 1921, 2560), 'dataset chunks': (7, 1, 385, 512), 'indexing time (s)': 1.1920928955078125e-06, 'chunk number': 1650, 'reduction time (s)': 0.6844279766082764, 'chunks processed': 15, 'storage read (B)': 29686785, 'selection 2 time (s)': 0.6926510334014893}
Thread times [0.31879305839538574, 0.3393697738647461, 0.34924983978271484, 0.3545050621032715, 0.4286630153656006, 0.42899203300476074, 0.4386129379272461, 0.4455142021179199, 0.4469258785247803, 0.4512898921966553, 0.45206689834594727, 0.45395612716674805, 0.4705688953399658, 0.47763514518737793, 0.48940491676330566]
{'args': ((23, 0, slice(0, 960, None), slice(None, None, None)),), 'dataset shape': (40, 11, 1921, 2560), 'dataset chunks': (7, 1, 385, 512), 'indexing time (s)': 9.5367431640625e-07, 'chunk number': 1650, 'reduction time (s)': 0.49499082565307617, 'chunks processed': 15, 'storage read (B)': 29686785, 'selection 2 time (s)': 0.5092339515686035}
Thread times [0.14471983909606934, 0.21178889274597168, 0.28436803817749023, 0.48903703689575195, 0.5282611846923828, 0.6674602031707764, 0.664513111114502, 0.665820837020874, 0.6682569980621338, 0.6682522296905518, 0.6711411476135254, 0.6738448143005371, 0.6744358539581299, 0.6772081851959229, 0.6772112846374512]
{'args': ((24, 0, slice(0, 960, None), slice(None, None, None)),), 'dataset shape': (40, 11, 1921, 2560), 'dataset chunks': (7, 1, 385, 512), 'indexing time (s)': 1.1920928955078125e-06, 'chunk number': 1650, 'reduction time (s)': 0.682466983795166, 'chunks processed': 15, 'storage read (B)': 29686785, 'selection 2 time (s)': 0.6899619102478027}
Thread times [0.1578998565673828, 0.1591789722442627, 0.2135307788848877, 0.22596287727355957, 0.23075103759765625, 0.2290019989013672, 0.23203706741333008, 0.23116588592529297, 0.23543500900268555, 0.23867487907409668, 0.23845195770263672, 0.23888111114501953, 0.3089890480041504, 0.3460819721221924, 0.39650607109069824]
{'args': ((25, 0, slice(0, 960, None), slice(None, None, None)),), 'dataset shape': (40, 11, 1921, 2560), 'dataset chunks': (7, 1, 385, 512), 'indexing time (s)': 0.0, 'chunk number': 1650, 'reduction time (s)': 0.40179014205932617, 'chunks processed': 15, 'storage read (B)': 29686785, 'selection 2 time (s)': 0.4153730869293213}
Thread times [0.3658289909362793, 0.38588690757751465, 0.4247012138366699, 0.4346442222595215, 0.4423041343688965, 0.44538116455078125, 0.4472780227661133, 0.4493391513824463, 0.45668792724609375, 0.46491312980651855, 0.48949503898620605, 0.48898911476135254, 0.5008809566497803, 0.6077837944030762, 0.606088399887085]
{'args': ((26, 0, slice(0, 960, None), slice(None, None, None)),), 'dataset shape': (40, 11, 1921, 2560), 'dataset chunks': (7, 1, 385, 512), 'indexing time (s)': 1.1920928955078125e-06, 'chunk number': 1650, 'reduction time (s)': 0.6112790107727051, 'chunks processed': 15, 'storage read (B)': 29686785, 'selection 2 time (s)': 0.6185078620910645}
Thread times [0.11400485038757324, 0.4131500720977783, 0.5530030727386475, 0.654473066329956, 0.666640043258667, 0.6648142337799072, 0.6702461242675781, 0.679091215133667, 0.7323367595672607, 0.7368898391723633, 0.7389020919799805, 0.738070011138916, 0.7396180629730225, 0.7616467475891113, 0.787261962890625]
{'args': ((27, 0, slice(0, 960, None), slice(None, None, None)),), 'dataset shape': (40, 11, 1921, 2560), 'dataset chunks': (7, 1, 385, 512), 'indexing time (s)': 9.5367431640625e-07, 'chunk number': 1650, 'reduction time (s)': 0.7923250198364258, 'chunks processed': 15, 'storage read (B)': 29686785, 'selection 2 time (s)': 0.800447940826416}
Thread times [0.41299986839294434, 0.4128692150115967, 0.6180081367492676, 0.6165928840637207, 0.6187059879302979, 0.6142799854278564, 0.6172211170196533, 0.6166248321533203, 0.6188368797302246, 0.6160120964050293, 0.6188061237335205, 0.6184649467468262, 0.622168779373169, 0.6217038631439209, 0.6213119029998779]
{'args': ((28, 0, slice(0, 960, None), slice(None, None, None)),), 'dataset shape': (40, 11, 1921, 2560), 'dataset chunks': (7, 1, 385, 512), 'indexing time (s)': 1.1920928955078125e-06, 'chunk number': 1650, 'reduction time (s)': 0.625917911529541, 'chunks processed': 15, 'storage read (B)': 29670387, 'selection 2 time (s)': 0.6335318088531494}
Thread times [0.550835132598877, 0.6537330150604248, 0.6536250114440918, 0.6777350902557373, 0.6825642585754395, 0.6856060028076172, 0.6832590103149414, 0.6832480430603027, 0.6853489875793457, 0.6874771118164062, 0.687507152557373, 0.6917018890380859, 0.6966876983642578, 0.6993358135223389, 0.6994979381561279]
{'args': ((29, 0, slice(0, 960, None), slice(None, None, None)),), 'dataset shape': (40, 11, 1921, 2560), 'dataset chunks': (7, 1, 385, 512), 'indexing time (s)': 9.5367431640625e-07, 'chunk number': 1650, 'reduction time (s)': 0.7046761512756348, 'chunks processed': 15, 'storage read (B)': 29670387, 'selection 2 time (s)': 0.713444709777832}
Thread times [0.23094892501831055, 0.22987699508666992, 0.23169898986816406, 0.232435941696167, 0.23256921768188477, 0.23260998725891113, 0.4656403064727783, 0.46589088439941406, 0.46572065353393555, 0.46492791175842285, 0.46842408180236816, 0.47319602966308594, 0.47206711769104004, 0.4743161201477051, 0.4766209125518799]
{'args': ((30, 0, slice(0, 960, None), slice(None, None, None)),), 'dataset shape': (40, 11, 1921, 2560), 'dataset chunks': (7, 1, 385, 512), 'indexing time (s)': 7.152557373046875e-07, 'chunk number': 1650, 'reduction time (s)': 0.480999231338501, 'chunks processed': 15, 'storage read (B)': 29670387, 'selection 2 time (s)': 0.48822808265686035}
Thread times [0.22936224937438965, 0.25297093391418457, 0.2979886531829834, 0.30623483657836914, 0.3171579837799072, 0.3185563087463379, 0.32358717918395996, 0.3194742202758789, 0.3253011703491211, 0.32853221893310547, 0.3338508605957031, 0.3372230529785156, 0.3398928642272949, 0.3423919677734375, 0.34740400314331055]
{'args': ((31, 0, slice(0, 960, None), slice(None, None, None)),), 'dataset shape': (40, 11, 1921, 2560), 'dataset chunks': (7, 1, 385, 512), 'indexing time (s)': 9.5367431640625e-07, 'chunk number': 1650, 'reduction time (s)': 0.3527510166168213, 'chunks processed': 15, 'storage read (B)': 29670387, 'selection 2 time (s)': 0.3615610599517822}
Thread times [0.1405949592590332, 0.1415729522705078, 0.14390325546264648, 0.17348003387451172, 0.2388448715209961, 0.5717570781707764, 0.5710437297821045, 0.5685579776763916, 0.5703771114349365, 0.571502685546875, 0.5767529010772705, 0.5771470069885254, 0.581352949142456, 0.5836031436920166, 0.5834078788757324]
{'args': ((32, 0, slice(0, 960, None), slice(None, None, None)),), 'dataset shape': (40, 11, 1921, 2560), 'dataset chunks': (7, 1, 385, 512), 'indexing time (s)': 1.1920928955078125e-06, 'chunk number': 1650, 'reduction time (s)': 0.5880608558654785, 'chunks processed': 15, 'storage read (B)': 29670387, 'selection 2 time (s)': 0.5958478450775146}
Thread times [0.24603605270385742, 0.24782371520996094, 0.3269181251525879, 0.3375680446624756, 0.3388490676879883, 0.34038496017456055, 0.343203067779541, 0.41930699348449707, 0.45498013496398926, 0.45706868171691895, 0.4610161781311035, 0.4638960361480713, 0.46891188621520996, 0.4702582359313965, 0.471160888671875]
{'args': ((33, 0, slice(0, 960, None), slice(None, None, None)),), 'dataset shape': (40, 11, 1921, 2560), 'dataset chunks': (7, 1, 385, 512), 'indexing time (s)': 9.5367431640625e-07, 'chunk number': 1650, 'reduction time (s)': 0.47580504417419434, 'chunks processed': 15, 'storage read (B)': 29670387, 'selection 2 time (s)': 0.4833378791809082}
Thread times [0.4141077995300293, 0.4424717426300049, 0.6324300765991211, 0.6317539215087891, 0.6483058929443359, 0.6483180522918701, 0.6520178318023682, 0.660571813583374, 0.6657888889312744, 0.6667559146881104, 0.6737768650054932, 0.6728219985961914, 0.6768670082092285, 0.6772851943969727, 0.6805768013000488]
{'args': ((34, 0, slice(0, 960, None), slice(None, None, None)),), 'dataset shape': (40, 11, 1921, 2560), 'dataset chunks': (7, 1, 385, 512), 'indexing time (s)': 1.1920928955078125e-06, 'chunk number': 1650, 'reduction time (s)': 0.685467004776001, 'chunks processed': 15, 'storage read (B)': 29670387, 'selection 2 time (s)': 0.6943380832672119}
Thread times [0.34990525245666504, 0.3507571220397949, 0.46312904357910156, 0.46358799934387207, 0.46233391761779785, 0.45888781547546387, 0.4619619846343994, 0.45889997482299805, 0.46164393424987793, 0.4606778621673584, 0.4617300033569336, 0.4646799564361572, 0.4630599021911621, 0.4656991958618164, 0.46748900413513184]
{'args': ((35, 0, slice(0, 960, None), slice(None, None, None)),), 'dataset shape': (40, 11, 1921, 2560), 'dataset chunks': (7, 1, 385, 512), 'indexing time (s)': 9.5367431640625e-07, 'chunk number': 1650, 'reduction time (s)': 0.47135114669799805, 'chunks processed': 15, 'storage read (B)': 21287473, 'selection 2 time (s)': 0.4790458679199219}
Thread times [0.33878111839294434, 0.3537271022796631, 0.36807775497436523, 0.3805379867553711, 0.388746976852417, 0.3942241668701172, 0.39755797386169434, 0.3966703414916992, 0.39690303802490234, 0.39612698554992676, 0.40158724784851074, 0.40143418312072754, 0.40718722343444824, 0.4054436683654785, 0.4093787670135498]
{'args': ((36, 0, slice(0, 960, None), slice(None, None, None)),), 'dataset shape': (40, 11, 1921, 2560), 'dataset chunks': (7, 1, 385, 512), 'indexing time (s)': 0.0, 'chunk number': 1650, 'reduction time (s)': 0.413560152053833, 'chunks processed': 15, 'storage read (B)': 21287473, 'selection 2 time (s)': 0.4232621192932129}
Thread times [0.3610379695892334, 0.44489407539367676, 0.4528210163116455, 0.4861788749694824, 0.4837968349456787, 0.48897886276245117, 0.4907960891723633, 0.4893770217895508, 0.49344897270202637, 0.49010491371154785, 0.49372076988220215, 0.4965507984161377, 0.4995391368865967, 0.5025999546051025, 0.5056772232055664]
{'args': ((37, 0, slice(0, 960, None), slice(None, None, None)),), 'dataset shape': (40, 11, 1921, 2560), 'dataset chunks': (7, 1, 385, 512), 'indexing time (s)': 9.5367431640625e-07, 'chunk number': 1650, 'reduction time (s)': 0.5107462406158447, 'chunks processed': 15, 'storage read (B)': 21287473, 'selection 2 time (s)': 0.5196638107299805}
Thread times [0.3247518539428711, 0.3320169448852539, 0.3525409698486328, 0.3565859794616699, 0.3618340492248535, 0.3608279228210449, 0.36203908920288086, 0.3632209300994873, 0.38524794578552246, 0.39093017578125, 0.38924503326416016, 0.39273595809936523, 0.3970479965209961, 0.39600110054016113, 0.40143728256225586]
{'args': ((38, 0, slice(0, 960, None), slice(None, None, None)),), 'dataset shape': (40, 11, 1921, 2560), 'dataset chunks': (7, 1, 385, 512), 'indexing time (s)': 0.0, 'chunk number': 1650, 'reduction time (s)': 0.40491390228271484, 'chunks processed': 15, 'storage read (B)': 21287473, 'selection 2 time (s)': 0.41284990310668945}
Thread times [0.27796125411987305, 0.37734007835388184, 0.3834958076477051, 0.38787102699279785, 0.3921961784362793, 0.39668893814086914, 0.39821791648864746, 0.3994109630584717, 0.4002819061279297, 0.40016984939575195, 0.40364789962768555, 0.4050099849700928, 0.4061732292175293, 0.4120330810546875, 0.41190600395202637]
{'args': ((39, 0, slice(0, 960, None), slice(None, None, None)),), 'dataset shape': (40, 11, 1921, 2560), 'dataset chunks': (7, 1, 385, 512), 'indexing time (s)': 9.5367431640625e-07, 'chunk number': 1650, 'reduction time (s)': 0.41711902618408203, 'chunks processed': 15, 'storage read (B)': 21287473, 'selection 2 time (s)': 0.4289379119873047}
[[226.07820312]
 [226.06471354]
 [225.93776042]
 [225.90822917]
 [225.91739583]
 [225.88460937]
 [225.82080729]
 [225.854375  ]
 [225.98346354]
 [226.03822917]
 [226.01317708]
 [226.02333333]
 [226.03768229]
 [226.00486979]
 [225.91776042]
 [225.94036458]
 [225.98729167]
 [225.91450521]
 [225.81239583]
 [225.81888021]
 [225.8453125 ]
 [225.785     ]
 [225.63648438]
 [225.5565625 ]
 [225.45744792]
 [225.32385417]
 [225.16338542]
 [225.07789063]
 [225.07846354]
 [225.10666667]
 [225.17609375]
 [225.36869792]
 [225.57927083]
 [225.69083333]
 [225.72221354]
 [225.82369792]
 [225.93640625]
 [225.96760417]
 [225.91872396]
 [225.92236979]]
Summary:  Hom24-np3:Active (T100,BS1): 3.73s,21.76s,48.35s
