Dataset loaded from S3 with s3fs and Pyfive: bnl/ch330a.pc19790301-def.nc (0.035,3.5)
Thread times [0.9218602180480957, 0.8595292568206787, 1.1229667663574219, 1.714108943939209, 1.1353039741516113, 1.3664767742156982, 1.8076250553131104, 1.3989927768707275, 1.966562032699585, 1.3197200298309326, 1.7264976501464844, 1.608288049697876, 1.7010858058929443, 2.2253708839416504, 1.5479481220245361]
{'load nc time': 4.016980171203613, 'args': ((0, 0, slice(0, 960, None), slice(None, None, None)),), 'dataset shape': (40, 11, 1921, 2560), 'dataset chunks': (7, 1, 385, 512), 'indexing time (s)': 18.079975128173828, 'chunk number': 1650, 'reduction time (s)': 22.42343807220459, 'chunks processed': 15, 'storage read (B)': 29685482, 'selection 1 time (s)': 40.50389003753662}
Thread times [1.359490156173706, 0.990361213684082, 1.575725793838501, 1.3153049945831299, 1.6708159446716309, 1.8654050827026367, 1.5897159576416016, 1.6947579383850098, 1.4806931018829346, 1.4050688743591309, 2.1261179447174072, 1.625204086303711, 1.8496191501617432, 1.3313727378845215, 1.313857078552246]
{'args': ((1, 0, slice(0, 960, None), slice(None, None, None)),), 'dataset shape': (40, 11, 1921, 2560), 'dataset chunks': (7, 1, 385, 512), 'indexing time (s)': 1.9073486328125e-06, 'chunk number': 1650, 'reduction time (s)': 23.194452047348022, 'chunks processed': 15, 'storage read (B)': 29685482, 'selection 1 time (s)': 23.19458317756653}
Thread times [1.1760687828063965, 0.8226661682128906, 1.0994598865509033, 1.4110121726989746, 1.4779682159423828, 1.5365161895751953, 2.2446792125701904, 1.4589920043945312, 2.5334179401397705, 1.4064929485321045, 2.057577133178711, 1.4907629489898682, 1.710371732711792, 1.3167660236358643, 1.7369301319122314]
{'args': ((2, 0, slice(0, 960, None), slice(None, None, None)),), 'dataset shape': (40, 11, 1921, 2560), 'dataset chunks': (7, 1, 385, 512), 'indexing time (s)': 9.5367431640625e-07, 'chunk number': 1650, 'reduction time (s)': 23.480435848236084, 'chunks processed': 15, 'storage read (B)': 29685482, 'selection 1 time (s)': 23.48055601119995}
Thread times [0.9099938869476318, 0.7740638256072998, 1.196599006652832, 1.3518998622894287, 1.110084056854248, 1.3603570461273193, 1.7841663360595703, 1.3562400341033936, 1.9954750537872314, 1.796308994293213, 1.4778881072998047, 1.5638341903686523, 1.3877780437469482, 1.7270960807800293, 1.3982551097869873]
{'args': ((3, 0, slice(0, 960, None), slice(None, None, None)),), 'dataset shape': (40, 11, 1921, 2560), 'dataset chunks': (7, 1, 385, 512), 'indexing time (s)': 9.5367431640625e-07, 'chunk number': 1650, 'reduction time (s)': 21.190727949142456, 'chunks processed': 15, 'storage read (B)': 29685482, 'selection 1 time (s)': 21.19081687927246}
Thread times [0.7953319549560547, 1.0560550689697266, 1.3237950801849365, 1.0395619869232178, 1.338135004043579, 1.4813320636749268, 1.4538109302520752, 2.1182188987731934, 2.5304698944091797, 4.474920988082886, 3.5731568336486816, 3.0012741088867188, 1.3846240043640137, 1.2871983051300049, 1.711524248123169]
{'args': ((4, 0, slice(0, 960, None), slice(None, None, None)),), 'dataset shape': (40, 11, 1921, 2560), 'dataset chunks': (7, 1, 385, 512), 'indexing time (s)': 9.5367431640625e-07, 'chunk number': 1650, 'reduction time (s)': 28.57022500038147, 'chunks processed': 15, 'storage read (B)': 29685482, 'selection 1 time (s)': 28.570311069488525}
Thread times [0.9085612297058105, 1.0428130626678467, 1.2370798587799072, 1.1362249851226807, 1.0382871627807617, 1.430100917816162, 1.5818719863891602, 1.4025490283966064, 1.9108638763427734, 1.4278759956359863, 1.3192319869995117, 1.7231099605560303, 1.3061323165893555, 1.8161396980285645, 1.5779521465301514]
{'args': ((5, 0, slice(0, 960, None), slice(None, None, None)),), 'dataset shape': (40, 11, 1921, 2560), 'dataset chunks': (7, 1, 385, 512), 'indexing time (s)': 1.1920928955078125e-06, 'chunk number': 1650, 'reduction time (s)': 20.859560012817383, 'chunks processed': 15, 'storage read (B)': 29685482, 'selection 1 time (s)': 20.85966420173645}
Thread times [0.9440581798553467, 1.2180919647216797, 1.1177537441253662, 1.0136961936950684, 1.3480198383331299, 1.5954718589782715, 1.3384449481964111, 1.8546788692474365, 1.4972810745239258, 1.842231035232544, 1.3057630062103271, 1.658060073852539, 1.6451990604400635, 1.5702979564666748, 1.9804470539093018]
{'args': ((6, 0, slice(0, 960, None), slice(None, None, None)),), 'dataset shape': (40, 11, 1921, 2560), 'dataset chunks': (7, 1, 385, 512), 'indexing time (s)': 9.5367431640625e-07, 'chunk number': 1650, 'reduction time (s)': 21.930258989334106, 'chunks processed': 15, 'storage read (B)': 29685482, 'selection 1 time (s)': 21.93036723136902}
Thread times [0.8276870250701904, 0.8195488452911377, 1.5084428787231445, 1.071302890777588, 1.1137661933898926, 1.5849699974060059, 1.5823049545288086, 1.4783799648284912, 0.9782140254974365, 1.1701366901397705, 1.236109972000122, 1.8194119930267334, 1.627319097518921, 1.7703402042388916, 1.427983283996582]
{'args': ((7, 0, slice(0, 960, None), slice(None, None, None)),), 'dataset shape': (40, 11, 1921, 2560), 'dataset chunks': (7, 1, 385, 512), 'indexing time (s)': 1.1920928955078125e-06, 'chunk number': 1650, 'reduction time (s)': 20.016650915145874, 'chunks processed': 15, 'storage read (B)': 29701892, 'selection 1 time (s)': 20.016753911972046}
Thread times [0.907261848449707, 0.9214887619018555, 1.345170021057129, 1.0481479167938232, 1.1802399158477783, 1.6740338802337646, 1.3989577293395996, 1.7847330570220947, 0.9594099521636963, 0.9424829483032227, 1.447432041168213, 1.627528190612793, 1.746617078781128, 1.5677287578582764, 1.3766231536865234]
{'args': ((8, 0, slice(0, 960, None), slice(None, None, None)),), 'dataset shape': (40, 11, 1921, 2560), 'dataset chunks': (7, 1, 385, 512), 'indexing time (s)': 7.152557373046875e-07, 'chunk number': 1650, 'reduction time (s)': 19.928791999816895, 'chunks processed': 15, 'storage read (B)': 29701892, 'selection 1 time (s)': 19.9289288520813}
Thread times [0.9461190700531006, 1.080183982849121, 1.1064341068267822, 1.0559937953948975, 1.5542469024658203, 1.4334959983825684, 1.7488219738006592, 1.631289005279541, 1.0220091342926025, 2.0328528881073, 1.4830420017242432, 1.8082029819488525, 1.4701950550079346, 1.2908360958099365, 1.9114370346069336]
{'args': ((9, 0, slice(0, 960, None), slice(None, None, None)),), 'dataset shape': (40, 11, 1921, 2560), 'dataset chunks': (7, 1, 385, 512), 'indexing time (s)': 9.5367431640625e-07, 'chunk number': 1650, 'reduction time (s)': 21.576103925704956, 'chunks processed': 15, 'storage read (B)': 29701892, 'selection 1 time (s)': 21.5762460231781}
Thread times [0.9204628467559814, 0.7895348072052002, 1.5789141654968262, 1.0363919734954834, 1.0804698467254639, 2.036947011947632, 1.4289512634277344, 1.9238510131835938, 1.0551698207855225, 1.1445529460906982, 1.6342909336090088, 1.461672306060791, 1.3660237789154053, 1.6343770027160645, 1.3617968559265137]
{'args': ((10, 0, slice(0, 960, None), slice(None, None, None)),), 'dataset shape': (40, 11, 1921, 2560), 'dataset chunks': (7, 1, 385, 512), 'indexing time (s)': 2.1457672119140625e-06, 'chunk number': 1650, 'reduction time (s)': 20.45428204536438, 'chunks processed': 15, 'storage read (B)': 29701892, 'selection 1 time (s)': 20.454401969909668}
Thread times [0.886681079864502, 1.1024391651153564, 1.1310019493103027, 1.04764723777771, 1.4605858325958252, 1.2788379192352295, 1.3983511924743652, 2.079861879348755, 1.208465337753296, 1.3098702430725098, 1.293675184249878, 1.4201571941375732, 1.7963240146636963, 1.3699581623077393, 1.320673942565918]
{'args': ((11, 0, slice(0, 960, None), slice(None, None, None)),), 'dataset shape': (40, 11, 1921, 2560), 'dataset chunks': (7, 1, 385, 512), 'indexing time (s)': 9.5367431640625e-07, 'chunk number': 1650, 'reduction time (s)': 20.105669021606445, 'chunks processed': 15, 'storage read (B)': 29701892, 'selection 1 time (s)': 20.10579824447632}
Thread times [1.2349989414215088, 0.8307900428771973, 1.0883536338806152, 1.4254777431488037, 1.1628973484039307, 1.3029797077178955, 1.8349230289459229, 1.420213222503662, 1.14970064163208, 1.803839921951294, 1.3241982460021973, 1.9753267765045166, 1.5192317962646484, 1.4677870273590088, 1.80629301071167]
{'args': ((12, 0, slice(0, 960, None), slice(None, None, None)),), 'dataset shape': (40, 11, 1921, 2560), 'dataset chunks': (7, 1, 385, 512), 'indexing time (s)': 4.0531158447265625e-06, 'chunk number': 1650, 'reduction time (s)': 21.348484754562378, 'chunks processed': 15, 'storage read (B)': 29701892, 'selection 1 time (s)': 21.34868812561035}
Thread times [0.8863329887390137, 0.7722978591918945, 1.4816980361938477, 1.0583479404449463, 1.0902049541473389, 1.9533329010009766, 1.620244026184082, 2.1734068393707275, 1.0007269382476807, 0.9847640991210938, 1.8326029777526855, 1.4084081649780273, 1.7546601295471191, 1.361462116241455, 1.4193432331085205]
{'args': ((13, 0, slice(0, 960, None), slice(None, None, None)),), 'dataset shape': (40, 11, 1921, 2560), 'dataset chunks': (7, 1, 385, 512), 'indexing time (s)': 9.5367431640625e-07, 'chunk number': 1650, 'reduction time (s)': 20.79867386817932, 'chunks processed': 15, 'storage read (B)': 29701892, 'selection 1 time (s)': 20.798816919326782}
Thread times [1.1930968761444092, 0.8793668746948242, 1.1334729194641113, 1.1281709671020508, 1.5105910301208496, 1.5613632202148438, 1.7361199855804443, 1.4142069816589355, 1.3233070373535156, 1.5365839004516602, 1.5196118354797363, 1.9006829261779785, 1.5308828353881836, 1.7141940593719482, 1.5499870777130127]
{'args': ((14, 0, slice(0, 960, None), slice(None, None, None)),), 'dataset shape': (40, 11, 1921, 2560), 'dataset chunks': (7, 1, 385, 512), 'indexing time (s)': 9.5367431640625e-07, 'chunk number': 1650, 'reduction time (s)': 21.632681131362915, 'chunks processed': 15, 'storage read (B)': 29733505, 'selection 1 time (s)': 21.63280987739563}
Thread times [1.0689399242401123, 1.2016408443450928, 1.8058359622955322, 1.2531929016113281, 1.5064630508422852, 1.4132239818572998, 1.6890099048614502, 1.469698190689087, 1.1258618831634521, 1.818397045135498, 1.321213960647583, 1.694159984588623, 1.4735307693481445, 1.5091168880462646, 1.8318650722503662]
{'args': ((15, 0, slice(0, 960, None), slice(None, None, None)),), 'dataset shape': (40, 11, 1921, 2560), 'dataset chunks': (7, 1, 385, 512), 'indexing time (s)': 1.1920928955078125e-06, 'chunk number': 1650, 'reduction time (s)': 22.183223962783813, 'chunks processed': 15, 'storage read (B)': 29733505, 'selection 1 time (s)': 22.183396816253662}
Thread times [0.8641049861907959, 0.8580658435821533, 1.7793910503387451, 1.0727379322052002, 1.0846540927886963, 1.6760189533233643, 1.4040799140930176, 1.4143149852752686, 1.549868106842041, 1.3258461952209473, 2.396010160446167, 1.333172082901001, 1.6165528297424316, 1.4928920269012451, 1.5296292304992676]
{'args': ((16, 0, slice(0, 960, None), slice(None, None, None)),), 'dataset shape': (40, 11, 1921, 2560), 'dataset chunks': (7, 1, 385, 512), 'indexing time (s)': 1.1920928955078125e-06, 'chunk number': 1650, 'reduction time (s)': 21.398417949676514, 'chunks processed': 15, 'storage read (B)': 29733505, 'selection 1 time (s)': 21.398550033569336}
Thread times [1.3323869705200195, 0.7887821197509766, 1.1458039283752441, 1.4447898864746094, 1.1225218772888184, 1.3236920833587646, 1.731222152709961, 1.422132968902588, 1.104753017425537, 1.732517957687378, 1.3247253894805908, 1.6164190769195557, 1.33243989944458, 1.5512959957122803, 1.8841700553894043]
{'args': ((17, 0, slice(0, 960, None), slice(None, None, None)),), 'dataset shape': (40, 11, 1921, 2560), 'dataset chunks': (7, 1, 385, 512), 'indexing time (s)': 9.5367431640625e-07, 'chunk number': 1650, 'reduction time (s)': 20.858685970306396, 'chunks processed': 15, 'storage read (B)': 29733505, 'selection 1 time (s)': 20.858811855316162}
Thread times [0.914639949798584, 0.7955737113952637, 1.4648101329803467, 1.1591360569000244, 1.1252343654632568, 1.8373291492462158, 1.5349760055541992, 1.4935107231140137, 1.2871630191802979, 1.389401912689209, 1.8297829627990723, 1.4810130596160889, 2.088007926940918, 1.6559700965881348, 1.393435001373291]
{'args': ((18, 0, slice(0, 960, None), slice(None, None, None)),), 'dataset shape': (40, 11, 1921, 2560), 'dataset chunks': (7, 1, 385, 512), 'indexing time (s)': 1.9073486328125e-06, 'chunk number': 1650, 'reduction time (s)': 21.45112705230713, 'chunks processed': 15, 'storage read (B)': 29733505, 'selection 1 time (s)': 21.45129704475403}
Thread times [1.2887358665466309, 0.8447260856628418, 1.1290748119354248, 1.4506158828735352, 1.1577861309051514, 1.3507750034332275, 1.9283337593078613, 1.3872969150543213, 1.5266098976135254, 1.5490448474884033, 1.2390477657318115, 2.0256540775299072, 1.3928768634796143, 1.671138048171997, 1.436168909072876]
{'args': ((19, 0, slice(0, 960, None), slice(None, None, None)),), 'dataset shape': (40, 11, 1921, 2560), 'dataset chunks': (7, 1, 385, 512), 'indexing time (s)': 9.5367431640625e-07, 'chunk number': 1650, 'reduction time (s)': 21.37906789779663, 'chunks processed': 15, 'storage read (B)': 29733505, 'selection 1 time (s)': 21.379222869873047}
Thread times [0.8373050689697266, 1.062972068786621, 1.2624289989471436, 1.0633761882781982, 1.1013407707214355, 1.8945801258087158, 1.4221162796020508, 2.0587570667266846, 1.1471376419067383, 1.6219220161437988, 1.3244431018829346, 1.331031084060669, 1.751297950744629, 1.3935160636901855, 1.4104650020599365]
{'args': ((20, 0, slice(0, 960, None), slice(None, None, None)),), 'dataset shape': (40, 11, 1921, 2560), 'dataset chunks': (7, 1, 385, 512), 'indexing time (s)': 1.9073486328125e-06, 'chunk number': 1650, 'reduction time (s)': 20.683727025985718, 'chunks processed': 15, 'storage read (B)': 29733505, 'selection 1 time (s)': 20.683892250061035}
Thread times [1.3559129238128662, 0.779498815536499, 1.135793924331665, 0.678617000579834, 1.0797619819641113, 1.4318068027496338, 1.4406993389129639, 1.9378440380096436, 1.3623039722442627, 1.9040098190307617, 1.4277420043945312, 1.3287818431854248, 1.5944528579711914, 1.5185770988464355, 0.9553508758544922]
{'args': ((21, 0, slice(0, 960, None), slice(None, None, None)),), 'dataset shape': (40, 11, 1921, 2560), 'dataset chunks': (7, 1, 385, 512), 'indexing time (s)': 1.9073486328125e-06, 'chunk number': 1650, 'reduction time (s)': 19.932241201400757, 'chunks processed': 15, 'storage read (B)': 29686785, 'selection 1 time (s)': 19.93238925933838}
Thread times [1.1195228099822998, 0.8382861614227295, 1.2212121486663818, 0.9711349010467529, 0.852175235748291, 1.3855412006378174, 1.8560791015625, 1.4715850353240967, 1.9041550159454346, 1.5586390495300293, 1.314769983291626, 1.7762372493743896, 1.450138807296753, 1.8539352416992188, 1.1965508460998535]
{'args': ((22, 0, slice(0, 960, None), slice(None, None, None)),), 'dataset shape': (40, 11, 1921, 2560), 'dataset chunks': (7, 1, 385, 512), 'indexing time (s)': 7.152557373046875e-07, 'chunk number': 1650, 'reduction time (s)': 20.77102518081665, 'chunks processed': 15, 'storage read (B)': 29686785, 'selection 1 time (s)': 20.771179914474487}
Thread times [0.8446438312530518, 0.8059000968933105, 1.6404778957366943, 0.6151268482208252, 0.7547109127044678, 1.8168201446533203, 1.453948974609375, 1.5484471321105957, 1.6209139823913574, 1.330489158630371, 1.5660831928253174, 1.4277281761169434, 1.413478136062622, 1.7749018669128418, 0.993433952331543]
{'args': ((23, 0, slice(0, 960, None), slice(None, None, None)),), 'dataset shape': (40, 11, 1921, 2560), 'dataset chunks': (7, 1, 385, 512), 'indexing time (s)': 1.9073486328125e-06, 'chunk number': 1650, 'reduction time (s)': 19.608246088027954, 'chunks processed': 15, 'storage read (B)': 29686785, 'selection 1 time (s)': 19.60842514038086}
Thread times [0.8945231437683105, 1.2017590999603271, 1.214885950088501, 0.6817371845245361, 0.6899592876434326, 1.9839401245117188, 1.346458911895752, 1.9321951866149902, 1.434014081954956, 1.355393886566162, 1.6838939189910889, 1.3566370010375977, 1.85624098777771, 1.6033031940460205, 1.0039749145507812]
{'args': ((24, 0, slice(0, 960, None), slice(None, None, None)),), 'dataset shape': (40, 11, 1921, 2560), 'dataset chunks': (7, 1, 385, 512), 'indexing time (s)': 1.9073486328125e-06, 'chunk number': 1650, 'reduction time (s)': 20.240020990371704, 'chunks processed': 15, 'storage read (B)': 29686785, 'selection 1 time (s)': 20.24021315574646}
Thread times [1.2321131229400635, 0.895291805267334, 1.1339800357818604, 0.72170090675354, 1.0734260082244873, 1.541006088256836, 1.3568639755249023, 1.817190170288086, 1.3388628959655762, 1.7733798027038574, 1.3053321838378906, 1.355898141860962, 1.846076250076294, 1.497014045715332, 1.3913698196411133]
{'args': ((25, 0, slice(0, 960, None), slice(None, None, None)),), 'dataset shape': (40, 11, 1921, 2560), 'dataset chunks': (7, 1, 385, 512), 'indexing time (s)': 1.1920928955078125e-06, 'chunk number': 1650, 'reduction time (s)': 20.28070306777954, 'chunks processed': 15, 'storage read (B)': 29686785, 'selection 1 time (s)': 20.28088092803955}
Thread times [0.9612348079681396, 0.8575930595397949, 1.1269280910491943, 0.8453559875488281, 1.623213768005371, 1.4001107215881348, 2.03340482711792, 1.382030963897705, 1.7648248672485352, 1.4014859199523926, 1.3928630352020264, 1.8062689304351807, 1.4675371646881104, 1.7790989875793457, 0.9856760501861572]
{'args': ((26, 0, slice(0, 960, None), slice(None, None, None)),), 'dataset shape': (40, 11, 1921, 2560), 'dataset chunks': (7, 1, 385, 512), 'indexing time (s)': 1.9073486328125e-06, 'chunk number': 1650, 'reduction time (s)': 20.8288152217865, 'chunks processed': 15, 'storage read (B)': 29686785, 'selection 1 time (s)': 20.828988790512085}
Thread times [0.9021017551422119, 1.120419979095459, 1.231055736541748, 0.6644840240478516, 1.4736559391021729, 4.296911954879761, 3.6893599033355713, 3.4570891857147217, 1.4378759860992432, 2.0077550411224365, 1.2566280364990234, 1.409358024597168, 1.7887217998504639, 1.5387370586395264, 1.3694219589233398]
{'args': ((27, 0, slice(0, 960, None), slice(None, None, None)),), 'dataset shape': (40, 11, 1921, 2560), 'dataset chunks': (7, 1, 385, 512), 'indexing time (s)': 1.6689300537109375e-06, 'chunk number': 1650, 'reduction time (s)': 27.644540309906006, 'chunks processed': 15, 'storage read (B)': 29686785, 'selection 1 time (s)': 27.64470911026001}
Thread times [0.9418551921844482, 0.7852461338043213, 1.1081180572509766, 1.4088411331176758, 1.1099779605865479, 1.362720012664795, 1.3301277160644531, 1.4295732975006104, 1.022306203842163, 1.6988537311553955, 1.3213670253753662, 1.686661958694458, 1.546097993850708, 1.3249080181121826, 1.8134987354278564]
{'args': ((28, 0, slice(0, 960, None), slice(None, None, None)),), 'dataset shape': (40, 11, 1921, 2560), 'dataset chunks': (7, 1, 385, 512), 'indexing time (s)': 9.5367431640625e-07, 'chunk number': 1650, 'reduction time (s)': 19.89113712310791, 'chunks processed': 15, 'storage read (B)': 29670387, 'selection 1 time (s)': 19.89123296737671}
Thread times [0.8216991424560547, 0.8566510677337646, 1.5902421474456787, 1.1206552982330322, 1.1029109954833984, 1.8131709098815918, 1.2585978507995605, 1.4553031921386719, 1.4155728816986084, 1.3489680290222168, 1.2695059776306152, 1.6882891654968262, 1.3318638801574707, 1.9708027839660645, 1.4104549884796143]
{'args': ((29, 0, slice(0, 960, None), slice(None, None, None)),), 'dataset shape': (40, 11, 1921, 2560), 'dataset chunks': (7, 1, 385, 512), 'indexing time (s)': 9.5367431640625e-07, 'chunk number': 1650, 'reduction time (s)': 20.455729961395264, 'chunks processed': 15, 'storage read (B)': 29670387, 'selection 1 time (s)': 20.455868244171143}
Thread times [0.8244979381561279, 1.2018318176269531, 1.2285020351409912, 2.719844102859497, 1.3572430610656738, 1.293734073638916, 1.3232240676879883, 1.4958772659301758, 1.0534119606018066, 1.7691428661346436, 1.3502769470214844, 2.1564149856567383, 1.3256840705871582, 1.7879509925842285, 1.8166799545288086]
{'args': ((30, 0, slice(0, 960, None), slice(None, None, None)),), 'dataset shape': (40, 11, 1921, 2560), 'dataset chunks': (7, 1, 385, 512), 'indexing time (s)': 1.9073486328125e-06, 'chunk number': 1650, 'reduction time (s)': 22.70546007156372, 'chunks processed': 15, 'storage read (B)': 29670387, 'selection 1 time (s)': 22.705650091171265}
Thread times [0.8943228721618652, 0.9802219867706299, 1.2880761623382568, 1.0262110233306885, 1.0837788581848145, 1.8639750480651855, 1.0446372032165527, 1.762814998626709, 1.019261360168457, 1.3950631618499756, 1.8504838943481445, 1.4536619186401367, 1.448246717453003, 1.5630877017974854, 1.3135647773742676]
{'args': ((31, 0, slice(0, 960, None), slice(None, None, None)),), 'dataset shape': (40, 11, 1921, 2560), 'dataset chunks': (7, 1, 385, 512), 'indexing time (s)': 2.1457672119140625e-06, 'chunk number': 1650, 'reduction time (s)': 19.988415956497192, 'chunks processed': 15, 'storage read (B)': 29670387, 'selection 1 time (s)': 19.988603830337524}
Thread times [1.2391347885131836, 0.817802906036377, 1.1392178535461426, 0.959367036819458, 1.4527852535247803, 1.4280633926391602, 1.0153379440307617, 1.7798478603363037, 1.0043740272521973, 1.406243085861206, 1.6022520065307617, 1.4209070205688477, 1.7843167781829834, 1.358091115951538, 1.4098691940307617]
{'args': ((32, 0, slice(0, 960, None), slice(None, None, None)),), 'dataset shape': (40, 11, 1921, 2560), 'dataset chunks': (7, 1, 385, 512), 'indexing time (s)': 1.6689300537109375e-06, 'chunk number': 1650, 'reduction time (s)': 19.818616151809692, 'chunks processed': 15, 'storage read (B)': 29670387, 'selection 1 time (s)': 19.818782091140747}
Thread times [1.3420259952545166, 0.9126429557800293, 1.2532072067260742, 1.3917629718780518, 1.1983122825622559, 1.3357551097869873, 1.4782578945159912, 1.4593288898468018, 0.9915668964385986, 1.8262321949005127, 1.3083109855651855, 1.797875165939331, 1.4024720191955566, 1.3397338390350342, 1.8912417888641357]
{'args': ((33, 0, slice(0, 960, None), slice(None, None, None)),), 'dataset shape': (40, 11, 1921, 2560), 'dataset chunks': (7, 1, 385, 512), 'indexing time (s)': 1.9073486328125e-06, 'chunk number': 1650, 'reduction time (s)': 20.929809093475342, 'chunks processed': 15, 'storage read (B)': 29670387, 'selection 1 time (s)': 20.92994999885559}
Thread times [0.9044971466064453, 0.7937459945678711, 1.518784999847412, 1.0436530113220215, 1.1046011447906494, 1.7842650413513184, 0.9506282806396484, 1.3812830448150635, 1.1339800357818604, 1.7733840942382812, 1.2677021026611328, 1.9867098331451416, 1.329024076461792, 1.7789397239685059, 1.3574838638305664]
{'args': ((34, 0, slice(0, 960, None), slice(None, None, None)),), 'dataset shape': (40, 11, 1921, 2560), 'dataset chunks': (7, 1, 385, 512), 'indexing time (s)': 2.1457672119140625e-06, 'chunk number': 1650, 'reduction time (s)': 20.1097469329834, 'chunks processed': 15, 'storage read (B)': 29670387, 'selection 1 time (s)': 20.10993194580078}
Thread times [0.7577219009399414, 0.7627959251403809, 1.3807120323181152, 0.9260900020599365, 0.870250940322876, 1.623967170715332, 1.2324612140655518, 1.1182880401611328, 1.7559013366699219, 1.1019551753997803, 0.9878101348876953, 1.5531961917877197, 1.1362707614898682, 1.067101001739502, 1.578935146331787]
{'args': ((35, 0, slice(0, 960, None), slice(None, None, None)),), 'dataset shape': (40, 11, 1921, 2560), 'dataset chunks': (7, 1, 385, 512), 'indexing time (s)': 1.9073486328125e-06, 'chunk number': 1650, 'reduction time (s)': 17.854620933532715, 'chunks processed': 15, 'storage read (B)': 21287473, 'selection 1 time (s)': 17.85480785369873}
Thread times [0.8258302211761475, 0.7439429759979248, 0.9832918643951416, 1.5252718925476074, 2.068203926086426, 1.5280990600585938, 1.1205031871795654, 1.1087570190429688, 1.3528130054473877, 1.2500197887420654, 1.0458500385284424, 1.4738361835479736, 1.1471607685089111, 1.0809962749481201, 1.3874797821044922]
{'args': ((36, 0, slice(0, 960, None), slice(None, None, None)),), 'dataset shape': (40, 11, 1921, 2560), 'dataset chunks': (7, 1, 385, 512), 'indexing time (s)': 9.5367431640625e-07, 'chunk number': 1650, 'reduction time (s)': 18.64313507080078, 'chunks processed': 15, 'storage read (B)': 21287473, 'selection 1 time (s)': 18.643309116363525}
Thread times [0.8599178791046143, 0.728306770324707, 0.9624288082122803, 1.1173231601715088, 1.0383529663085938, 1.1265077590942383, 1.0866501331329346, 1.6863510608673096, 1.2378838062286377, 1.0930240154266357, 1.6057803630828857, 1.1691417694091797, 1.1295108795166016, 1.6182129383087158, 1.0574548244476318]
{'args': ((37, 0, slice(0, 960, None), slice(None, None, None)),), 'dataset shape': (40, 11, 1921, 2560), 'dataset chunks': (7, 1, 385, 512), 'indexing time (s)': 1.1920928955078125e-06, 'chunk number': 1650, 'reduction time (s)': 17.517903804779053, 'chunks processed': 15, 'storage read (B)': 21287473, 'selection 1 time (s)': 17.518055200576782}
Thread times [0.8331949710845947, 1.1001369953155518, 1.0071320533752441, 0.9135527610778809, 0.8519139289855957, 1.5292999744415283, 1.1153819561004639, 1.1892971992492676, 1.3216099739074707, 1.131235122680664, 0.9896349906921387, 1.9072229862213135, 1.1928150653839111, 1.0971667766571045, 1.530397891998291]
{'args': ((38, 0, slice(0, 960, None), slice(None, None, None)),), 'dataset shape': (40, 11, 1921, 2560), 'dataset chunks': (7, 1, 385, 512), 'indexing time (s)': 1.9073486328125e-06, 'chunk number': 1650, 'reduction time (s)': 17.710962295532227, 'chunks processed': 15, 'storage read (B)': 21287473, 'selection 1 time (s)': 17.711100101470947}
Thread times [0.861565351486206, 0.7161920070648193, 0.9852781295776367, 1.354158878326416, 0.8787539005279541, 1.0455689430236816, 1.2115252017974854, 1.31290864944458, 1.1713948249816895, 1.207062005996704, 1.306771993637085, 1.161430835723877, 1.2261512279510498, 1.3114800453186035, 1.1228458881378174]
{'args': ((39, 0, slice(0, 960, None), slice(None, None, None)),), 'dataset shape': (40, 11, 1921, 2560), 'dataset chunks': (7, 1, 385, 512), 'indexing time (s)': 1.1920928955078125e-06, 'chunk number': 1650, 'reduction time (s)': 16.87404489517212, 'chunks processed': 15, 'storage read (B)': 21287473, 'selection 1 time (s)': 16.87415385246277}
[[226.07817708]
 [226.06473958]
 [225.93765625]
 [225.90807292]
 [225.91734375]
 [225.88453125]
 [225.82075521]
 [225.85440104]
 [225.98328125]
 [226.03804687]
 [226.01315104]
 [226.02330729]
 [226.03770833]
 [226.00476563]
 [225.91765625]
 [225.94036458]
 [225.98721354]
 [225.9146875 ]
 [225.81242188]
 [225.81869792]
 [225.84526042]
 [225.78497396]
 [225.63651042]
 [225.55651042]
 [225.45734375]
 [225.32369792]
 [225.16325521]
 [225.07794271]
 [225.07846354]
 [225.10664063]
 [225.17609375]
 [225.36880208]
 [225.57911458]
 [225.69080729]
 [225.72229167]
 [225.82367188]
 [225.93658854]
 [225.96765625]
 [225.91861979]
 [225.9225    ]]
Summary:  Hom24-np3:Local (T1,BS1): 4.02s,837.3s,859.4s
