Dataset loaded from S3 with s3fs and Pyfive: bnl/ch330a.pc19790301-def.nc (0.16,3.3)
Thread times [0.11892127990722656, 0.21290802955627441, 0.1560211181640625, 0.10622596740722656, 0.09127998352050781, 0.15435409545898438, 0.17260503768920898, 0.09621000289916992, 0.24628782272338867, 0.08391380310058594, 0.09913921356201172, 0.26442813873291016, 0.10245966911315918, 0.1550290584564209, 0.11389708518981934]
{'load nc time': 3.8718011379241943, 'args': ((0, 0, slice(0, 960, None), slice(None, None, None)),), 'dataset shape': (40, 11, 1921, 2560), 'dataset chunks': (7, 1, 385, 512), 'indexing time (s)': 19.38812804222107, 'chunk number': 1650, 'reduction time (s)': 2.174711227416992, 'chunks processed': 15, 'storage read (B)': 29685482, 'selection 2 time (s)': 21.563747882843018}
Thread times [0.12913107872009277, 0.08054804801940918, 0.08322882652282715, 0.11614680290222168, 0.13924098014831543, 0.09928584098815918, 0.1190190315246582, 0.16682791709899902, 0.2541649341583252, 0.10037827491760254, 0.16853594779968262, 0.24536776542663574, 0.11115694046020508, 0.16840338706970215, 0.13296103477478027]
{'args': ((1, 0, slice(0, 960, None), slice(None, None, None)),), 'dataset shape': (40, 11, 1921, 2560), 'dataset chunks': (7, 1, 385, 512), 'indexing time (s)': 9.5367431640625e-07, 'chunk number': 1650, 'reduction time (s)': 2.1151862144470215, 'chunks processed': 15, 'storage read (B)': 29685482, 'selection 2 time (s)': 2.1173877716064453}
Thread times [0.18146896362304688, 0.09809613227844238, 0.10813498497009277, 0.07358002662658691, 0.09148287773132324, 0.11885333061218262, 0.11026215553283691, 0.13117218017578125, 0.28218698501586914, 0.1356661319732666, 0.10530877113342285, 0.2705819606781006, 0.2533078193664551, 0.09241700172424316, 0.0882871150970459]
{'args': ((2, 0, slice(0, 960, None), slice(None, None, None)),), 'dataset shape': (40, 11, 1921, 2560), 'dataset chunks': (7, 1, 385, 512), 'indexing time (s)': 1.9073486328125e-06, 'chunk number': 1650, 'reduction time (s)': 2.1418616771698, 'chunks processed': 15, 'storage read (B)': 29685482, 'selection 2 time (s)': 2.142904043197632}
Thread times [0.16905999183654785, 0.17431092262268066, 0.07712197303771973, 0.08467602729797363, 0.10218405723571777, 0.10435199737548828, 0.1541149616241455, 0.14922785758972168, 0.3933579921722412, 0.1369328498840332, 0.12351107597351074, 0.2460780143737793, 0.08454489707946777, 0.14385771751403809, 0.10319304466247559]
{'args': ((3, 0, slice(0, 960, None), slice(None, None, None)),), 'dataset shape': (40, 11, 1921, 2560), 'dataset chunks': (7, 1, 385, 512), 'indexing time (s)': 9.5367431640625e-07, 'chunk number': 1650, 'reduction time (s)': 2.247119188308716, 'chunks processed': 15, 'storage read (B)': 29685482, 'selection 2 time (s)': 2.2481460571289062}
Thread times [0.26215410232543945, 0.08543705940246582, 0.10339212417602539, 0.08147978782653809, 0.09024214744567871, 0.09387421607971191, 0.08929014205932617, 0.10473990440368652, 0.21619701385498047, 0.11309313774108887, 0.0874640941619873, 0.28971028327941895, 0.1468958854675293, 0.17325091361999512, 0.0959320068359375]
{'args': ((4, 0, slice(0, 960, None), slice(None, None, None)),), 'dataset shape': (40, 11, 1921, 2560), 'dataset chunks': (7, 1, 385, 512), 'indexing time (s)': 9.5367431640625e-07, 'chunk number': 1650, 'reduction time (s)': 2.0345237255096436, 'chunks processed': 15, 'storage read (B)': 29685482, 'selection 2 time (s)': 2.0369839668273926}
Thread times [0.1266038417816162, 0.12455081939697266, 0.08335494995117188, 0.12609624862670898, 0.13947796821594238, 0.17572903633117676, 0.09518170356750488, 0.11124396324157715, 0.31687498092651367, 0.12963509559631348, 0.09984493255615234, 0.2947568893432617, 0.10640287399291992, 0.0980536937713623, 0.09286808967590332]
{'args': ((5, 0, slice(0, 960, None), slice(None, None, None)),), 'dataset shape': (40, 11, 1921, 2560), 'dataset chunks': (7, 1, 385, 512), 'indexing time (s)': 1.6689300537109375e-06, 'chunk number': 1650, 'reduction time (s)': 2.1215102672576904, 'chunks processed': 15, 'storage read (B)': 29685482, 'selection 2 time (s)': 2.122657060623169}
Thread times [0.11138725280761719, 0.11545181274414062, 0.07378673553466797, 0.0667428970336914, 0.08529090881347656, 0.08657598495483398, 0.10838007926940918, 0.10315108299255371, 0.3934497833251953, 0.1318061351776123, 0.09384489059448242, 0.22630667686462402, 0.20219111442565918, 0.10536074638366699, 0.10098409652709961]
{'args': ((6, 0, slice(0, 960, None), slice(None, None, None)),), 'dataset shape': (40, 11, 1921, 2560), 'dataset chunks': (7, 1, 385, 512), 'indexing time (s)': 9.5367431640625e-07, 'chunk number': 1650, 'reduction time (s)': 2.0057880878448486, 'chunks processed': 15, 'storage read (B)': 29685482, 'selection 2 time (s)': 2.0088770389556885}
Thread times [0.11571097373962402, 0.1985628604888916, 0.0903480052947998, 0.09301877021789551, 0.08919405937194824, 0.10204792022705078, 0.1491258144378662, 0.1298532485961914, 0.23565292358398438, 0.15864086151123047, 0.09587383270263672, 0.0908200740814209, 0.09394717216491699, 0.24275708198547363, 0.09322404861450195]
{'args': ((7, 0, slice(0, 960, None), slice(None, None, None)),), 'dataset shape': (40, 11, 1921, 2560), 'dataset chunks': (7, 1, 385, 512), 'indexing time (s)': 1.9073486328125e-06, 'chunk number': 1650, 'reduction time (s)': 1.9797451496124268, 'chunks processed': 15, 'storage read (B)': 29701892, 'selection 2 time (s)': 1.980848789215088}
Thread times [0.16354608535766602, 0.0841679573059082, 0.18185186386108398, 0.08422088623046875, 0.15385699272155762, 0.10475993156433105, 0.18179011344909668, 0.09234094619750977, 0.3055408000946045, 0.12581396102905273, 0.09394192695617676, 0.09975004196166992, 0.1104881763458252, 0.09660696983337402, 0.12331390380859375]
{'args': ((8, 0, slice(0, 960, None), slice(None, None, None)),), 'dataset shape': (40, 11, 1921, 2560), 'dataset chunks': (7, 1, 385, 512), 'indexing time (s)': 1.1920928955078125e-06, 'chunk number': 1650, 'reduction time (s)': 2.002732992172241, 'chunks processed': 15, 'storage read (B)': 29701892, 'selection 2 time (s)': 2.0036418437957764}
Thread times [0.11078715324401855, 0.0670320987701416, 0.0842890739440918, 0.0951690673828125, 0.16639995574951172, 0.11138582229614258, 0.10025691986083984, 0.11725497245788574, 0.25815296173095703, 0.11694908142089844, 0.09566116333007812, 0.09177970886230469, 0.15575599670410156, 0.09295320510864258, 0.09549784660339355]
{'args': ((9, 0, slice(0, 960, None), slice(None, None, None)),), 'dataset shape': (40, 11, 1921, 2560), 'dataset chunks': (7, 1, 385, 512), 'indexing time (s)': 0.0, 'chunk number': 1650, 'reduction time (s)': 1.7601642608642578, 'chunks processed': 15, 'storage read (B)': 29701892, 'selection 2 time (s)': 1.7610819339752197}
Thread times [0.10780787467956543, 0.06602287292480469, 0.16094589233398438, 0.08272504806518555, 0.11705398559570312, 0.09586691856384277, 0.09439516067504883, 0.13358616828918457, 0.21955204010009766, 0.10544991493225098, 0.20144987106323242, 0.09808993339538574, 0.11746788024902344, 0.13814282417297363, 0.17019271850585938]
{'args': ((10, 0, slice(0, 960, None), slice(None, None, None)),), 'dataset shape': (40, 11, 1921, 2560), 'dataset chunks': (7, 1, 385, 512), 'indexing time (s)': 1.1920928955078125e-06, 'chunk number': 1650, 'reduction time (s)': 1.9093470573425293, 'chunks processed': 15, 'storage read (B)': 29701892, 'selection 2 time (s)': 1.9101910591125488}
Thread times [0.11812090873718262, 0.09015488624572754, 0.12921404838562012, 0.1837630271911621, 0.11581778526306152, 0.1188499927520752, 0.12362122535705566, 0.16661405563354492, 0.26715087890625, 0.256119966506958, 0.09484624862670898, 0.43187665939331055, 0.09550595283508301, 0.09887194633483887, 0.32926416397094727]
{'args': ((11, 0, slice(0, 960, None), slice(None, None, None)),), 'dataset shape': (40, 11, 1921, 2560), 'dataset chunks': (7, 1, 385, 512), 'indexing time (s)': 0.0, 'chunk number': 1650, 'reduction time (s)': 2.6205251216888428, 'chunks processed': 15, 'storage read (B)': 29701892, 'selection 2 time (s)': 2.6214070320129395}
Thread times [0.13797402381896973, 0.061605215072631836, 0.09891772270202637, 0.22339200973510742, 0.09516787528991699, 0.10105085372924805, 0.0991051197052002, 0.13739299774169922, 0.396104097366333, 0.1039130687713623, 0.11520218849182129, 0.11858630180358887, 0.09798002243041992, 0.1023249626159668, 0.20566105842590332]
{'args': ((12, 0, slice(0, 960, None), slice(None, None, None)),), 'dataset shape': (40, 11, 1921, 2560), 'dataset chunks': (7, 1, 385, 512), 'indexing time (s)': 1.1920928955078125e-06, 'chunk number': 1650, 'reduction time (s)': 2.095209836959839, 'chunks processed': 15, 'storage read (B)': 29701892, 'selection 2 time (s)': 2.0961568355560303}
Thread times [0.19536495208740234, 0.10555315017700195, 0.22155189514160156, 0.09373903274536133, 0.08912420272827148, 0.1111440658569336, 0.10108470916748047, 0.12908005714416504, 0.21616101264953613, 0.08750009536743164, 0.09496593475341797, 0.12512803077697754, 0.09031820297241211, 0.11168193817138672, 0.0989539623260498]
{'args': ((13, 0, slice(0, 960, None), slice(None, None, None)),), 'dataset shape': (40, 11, 1921, 2560), 'dataset chunks': (7, 1, 385, 512), 'indexing time (s)': 9.5367431640625e-07, 'chunk number': 1650, 'reduction time (s)': 1.8720877170562744, 'chunks processed': 15, 'storage read (B)': 29701892, 'selection 2 time (s)': 1.8731887340545654}
Thread times [0.10931086540222168, 0.11342692375183105, 0.07563090324401855, 0.09718823432922363, 0.0910489559173584, 0.08779001235961914, 0.17181396484375, 0.10202527046203613, 0.22972393035888672, 0.19380521774291992, 0.11515116691589355, 0.10248017311096191, 0.09931302070617676, 0.20539402961730957, 0.09981274604797363]
{'args': ((14, 0, slice(0, 960, None), slice(None, None, None)),), 'dataset shape': (40, 11, 1921, 2560), 'dataset chunks': (7, 1, 385, 512), 'indexing time (s)': 1.1920928955078125e-06, 'chunk number': 1650, 'reduction time (s)': 1.8949997425079346, 'chunks processed': 15, 'storage read (B)': 29733505, 'selection 2 time (s)': 1.898183822631836}
Thread times [0.1738600730895996, 0.09327316284179688, 0.1536409854888916, 0.09088492393493652, 0.1201632022857666, 0.09585690498352051, 0.10687112808227539, 0.10932779312133789, 0.27245020866394043, 0.09682893753051758, 0.21561288833618164, 0.09717202186584473, 0.09245586395263672, 0.08958911895751953, 0.09238815307617188]
{'args': ((15, 0, slice(0, 960, None), slice(None, None, None)),), 'dataset shape': (40, 11, 1921, 2560), 'dataset chunks': (7, 1, 385, 512), 'indexing time (s)': 1.9073486328125e-06, 'chunk number': 1650, 'reduction time (s)': 1.9018747806549072, 'chunks processed': 15, 'storage read (B)': 29733505, 'selection 2 time (s)': 1.9029192924499512}
Thread times [0.1935727596282959, 0.07698988914489746, 0.0727386474609375, 0.08706474304199219, 0.09081602096557617, 0.09380984306335449, 0.1042320728302002, 0.10215497016906738, 0.3174259662628174, 0.10408306121826172, 0.09098196029663086, 0.09432768821716309, 0.10618114471435547, 0.1284651756286621, 0.12592411041259766]
{'args': ((16, 0, slice(0, 960, None), slice(None, None, None)),), 'dataset shape': (40, 11, 1921, 2560), 'dataset chunks': (7, 1, 385, 512), 'indexing time (s)': 9.5367431640625e-07, 'chunk number': 1650, 'reduction time (s)': 1.7897298336029053, 'chunks processed': 15, 'storage read (B)': 29733505, 'selection 2 time (s)': 1.7906739711761475}
Thread times [0.17912697792053223, 0.09993481636047363, 0.11789321899414062, 0.0947110652923584, 0.08533573150634766, 0.10234808921813965, 0.11444425582885742, 0.12804102897644043, 0.390017032623291, 0.13528776168823242, 0.08840799331665039, 0.1021428108215332, 0.12247014045715332, 0.20998620986938477, 0.10071611404418945]
{'args': ((17, 0, slice(0, 960, None), slice(None, None, None)),), 'dataset shape': (40, 11, 1921, 2560), 'dataset chunks': (7, 1, 385, 512), 'indexing time (s)': 1.1920928955078125e-06, 'chunk number': 1650, 'reduction time (s)': 2.0718109607696533, 'chunks processed': 15, 'storage read (B)': 29733505, 'selection 2 time (s)': 2.074007034301758}
Thread times [0.12344193458557129, 0.08329510688781738, 0.08054304122924805, 0.13503503799438477, 0.16053009033203125, 0.09456491470336914, 0.11040425300598145, 0.15683722496032715, 0.3409299850463867, 0.09280514717102051, 0.18074774742126465, 0.10660505294799805, 0.3273019790649414, 0.13123607635498047, 0.10179591178894043]
{'args': ((18, 0, slice(0, 960, None), slice(None, None, None)),), 'dataset shape': (40, 11, 1921, 2560), 'dataset chunks': (7, 1, 385, 512), 'indexing time (s)': 1.1920928955078125e-06, 'chunk number': 1650, 'reduction time (s)': 2.2268049716949463, 'chunks processed': 15, 'storage read (B)': 29733505, 'selection 2 time (s)': 2.227713108062744}
Thread times [0.10677886009216309, 0.18354105949401855, 0.0954740047454834, 0.08967995643615723, 0.08398580551147461, 0.0902252197265625, 0.1635582447052002, 0.11188483238220215, 0.412916898727417, 0.11007094383239746, 0.09038209915161133, 0.10165095329284668, 0.08967232704162598, 0.13184499740600586, 0.09985089302062988]
{'args': ((19, 0, slice(0, 960, None), slice(None, None, None)),), 'dataset shape': (40, 11, 1921, 2560), 'dataset chunks': (7, 1, 385, 512), 'indexing time (s)': 0.0, 'chunk number': 1650, 'reduction time (s)': 1.9623229503631592, 'chunks processed': 15, 'storage read (B)': 29733505, 'selection 2 time (s)': 1.9632081985473633}
Thread times [0.1068568229675293, 0.0815880298614502, 0.07834672927856445, 0.15644502639770508, 0.08327794075012207, 0.08559799194335938, 0.09904694557189941, 0.09251689910888672, 0.23432493209838867, 0.1199953556060791, 0.1297309398651123, 0.10936784744262695, 0.13824105262756348, 0.11350297927856445, 0.11612582206726074]
{'args': ((20, 0, slice(0, 960, None), slice(None, None, None)),), 'dataset shape': (40, 11, 1921, 2560), 'dataset chunks': (7, 1, 385, 512), 'indexing time (s)': 0.0, 'chunk number': 1650, 'reduction time (s)': 1.7461090087890625, 'chunks processed': 15, 'storage read (B)': 29733505, 'selection 2 time (s)': 1.7482471466064453}
Thread times [0.3392658233642578, 0.0824580192565918, 0.08868718147277832, 0.26090383529663086, 0.07410502433776855, 0.10529208183288574, 0.11250090599060059, 0.12617111206054688, 0.148468017578125, 0.09739279747009277, 0.09940695762634277, 0.08428812026977539, 0.23165416717529297, 0.24917364120483398, 0.24569916725158691]
{'args': ((21, 0, slice(0, 960, None), slice(None, None, None)),), 'dataset shape': (40, 11, 1921, 2560), 'dataset chunks': (7, 1, 385, 512), 'indexing time (s)': 2.1457672119140625e-06, 'chunk number': 1650, 'reduction time (s)': 2.3462700843811035, 'chunks processed': 15, 'storage read (B)': 29686785, 'selection 2 time (s)': 2.3472771644592285}
Thread times [0.12646126747131348, 0.06914901733398438, 0.0955190658569336, 0.2319810390472412, 0.0920097827911377, 0.09012317657470703, 0.17273402214050293, 0.16737103462219238, 0.10784912109375, 0.09873008728027344, 0.11138296127319336, 0.11131715774536133, 0.23048901557922363, 0.388948917388916, 0.10341501235961914]
{'args': ((22, 0, slice(0, 960, None), slice(None, None, None)),), 'dataset shape': (40, 11, 1921, 2560), 'dataset chunks': (7, 1, 385, 512), 'indexing time (s)': 9.5367431640625e-07, 'chunk number': 1650, 'reduction time (s)': 2.1987967491149902, 'chunks processed': 15, 'storage read (B)': 29686785, 'selection 2 time (s)': 2.2012240886688232}
Thread times [0.1508769989013672, 0.08737468719482422, 0.1790759563446045, 0.09077882766723633, 0.07424116134643555, 0.09461188316345215, 0.09804797172546387, 0.167039155960083, 0.10947322845458984, 0.09383702278137207, 0.08727478981018066, 0.10452127456665039, 0.23975491523742676, 0.41231608390808105, 0.09743094444274902]
{'args': ((23, 0, slice(0, 960, None), slice(None, None, None)),), 'dataset shape': (40, 11, 1921, 2560), 'dataset chunks': (7, 1, 385, 512), 'indexing time (s)': 2.1457672119140625e-06, 'chunk number': 1650, 'reduction time (s)': 2.0883679389953613, 'chunks processed': 15, 'storage read (B)': 29686785, 'selection 2 time (s)': 2.0911762714385986}
Thread times [0.1215522289276123, 0.07758593559265137, 0.22294402122497559, 0.11173892021179199, 0.09730315208435059, 0.14665508270263672, 0.17116427421569824, 0.09671401977539062, 0.1409158706665039, 0.09497499465942383, 0.09247589111328125, 0.14259624481201172, 0.4803152084350586, 0.5339462757110596, 0.12096810340881348]
{'args': ((24, 0, slice(0, 960, None), slice(None, None, None)),), 'dataset shape': (40, 11, 1921, 2560), 'dataset chunks': (7, 1, 385, 512), 'indexing time (s)': 2.1457672119140625e-06, 'chunk number': 1650, 'reduction time (s)': 2.652851104736328, 'chunks processed': 15, 'storage read (B)': 29686785, 'selection 2 time (s)': 2.653895854949951}
Thread times [0.11228394508361816, 0.2783198356628418, 0.1396951675415039, 0.10078620910644531, 0.08499813079833984, 0.19890689849853516, 0.09094500541687012, 0.11878395080566406, 0.3168492317199707, 0.10161590576171875, 0.1302950382232666, 0.11819100379943848, 0.39705705642700195, 0.2982609272003174, 0.11802077293395996]
{'args': ((25, 0, slice(0, 960, None), slice(None, None, None)),), 'dataset shape': (40, 11, 1921, 2560), 'dataset chunks': (7, 1, 385, 512), 'indexing time (s)': 9.5367431640625e-07, 'chunk number': 1650, 'reduction time (s)': 2.6061367988586426, 'chunks processed': 15, 'storage read (B)': 29686785, 'selection 2 time (s)': 2.6083760261535645}
Thread times [0.15527820587158203, 0.25038695335388184, 0.09139609336853027, 0.0849769115447998, 0.08463311195373535, 0.09099602699279785, 0.17026472091674805, 0.1239919662475586, 0.09870696067810059, 0.0945441722869873, 0.10323286056518555, 0.10286784172058105, 0.2290668487548828, 0.19495415687561035, 0.09974908828735352]
{'args': ((26, 0, slice(0, 960, None), slice(None, None, None)),), 'dataset shape': (40, 11, 1921, 2560), 'dataset chunks': (7, 1, 385, 512), 'indexing time (s)': 2.1457672119140625e-06, 'chunk number': 1650, 'reduction time (s)': 1.9766910076141357, 'chunks processed': 15, 'storage read (B)': 29686785, 'selection 2 time (s)': 1.979964017868042}
Thread times [0.12062406539916992, 0.06572198867797852, 0.08921337127685547, 0.10582923889160156, 0.139617919921875, 0.08272385597229004, 0.10015487670898438, 0.1013948917388916, 0.09256505966186523, 0.14759492874145508, 0.0865640640258789, 0.10549020767211914, 0.33681797981262207, 0.22048282623291016, 0.09169888496398926]
{'args': ((27, 0, slice(0, 960, None), slice(None, None, None)),), 'dataset shape': (40, 11, 1921, 2560), 'dataset chunks': (7, 1, 385, 512), 'indexing time (s)': 3.0994415283203125e-06, 'chunk number': 1650, 'reduction time (s)': 1.8880369663238525, 'chunks processed': 15, 'storage read (B)': 29686785, 'selection 2 time (s)': 1.8907599449157715}
Thread times [0.3346288204193115, 0.07242584228515625, 0.1286630630493164, 0.19318604469299316, 0.10406208038330078, 0.1045229434967041, 0.15829777717590332, 0.2120649814605713, 0.14025306701660156, 0.13287591934204102, 0.09188508987426758, 0.23319292068481445, 0.08650493621826172, 0.09781694412231445, 0.20856189727783203]
{'args': ((28, 0, slice(0, 960, None), slice(None, None, None)),), 'dataset shape': (40, 11, 1921, 2560), 'dataset chunks': (7, 1, 385, 512), 'indexing time (s)': 9.5367431640625e-07, 'chunk number': 1650, 'reduction time (s)': 2.3002259731292725, 'chunks processed': 15, 'storage read (B)': 29670387, 'selection 2 time (s)': 2.3033628463745117}
Thread times [0.12546992301940918, 0.07146430015563965, 0.0933539867401123, 0.2299330234527588, 0.09644603729248047, 0.12259292602539062, 0.11990690231323242, 0.18539905548095703, 0.135300874710083, 0.09527277946472168, 0.11201596260070801, 0.24040603637695312, 0.08548998832702637, 0.1018519401550293, 0.2787010669708252]
{'args': ((29, 0, slice(0, 960, None), slice(None, None, None)),), 'dataset shape': (40, 11, 1921, 2560), 'dataset chunks': (7, 1, 385, 512), 'indexing time (s)': 2.1457672119140625e-06, 'chunk number': 1650, 'reduction time (s)': 2.0951411724090576, 'chunks processed': 15, 'storage read (B)': 29670387, 'selection 2 time (s)': 2.098449230194092}
Thread times [0.17662620544433594, 0.07585000991821289, 0.2664968967437744, 0.0924527645111084, 0.08659601211547852, 0.1762700080871582, 0.16945290565490723, 0.1141200065612793, 0.1006629467010498, 0.11103701591491699, 0.10150790214538574, 0.3007838726043701, 0.08068704605102539, 0.23967289924621582, 0.09580016136169434]
{'args': ((30, 0, slice(0, 960, None), slice(None, None, None)),), 'dataset shape': (40, 11, 1921, 2560), 'dataset chunks': (7, 1, 385, 512), 'indexing time (s)': 2.1457672119140625e-06, 'chunk number': 1650, 'reduction time (s)': 2.189084768295288, 'chunks processed': 15, 'storage read (B)': 29670387, 'selection 2 time (s)': 2.192534923553467}
Thread times [0.13318681716918945, 0.0640561580657959, 0.22463488578796387, 0.09713196754455566, 0.12541580200195312, 0.11683368682861328, 0.18428516387939453, 0.09857487678527832, 0.0939338207244873, 0.09784770011901855, 0.09305191040039062, 0.25241804122924805, 0.0798957347869873, 0.0892331600189209, 0.0914909839630127]
{'args': ((31, 0, slice(0, 960, None), slice(None, None, None)),), 'dataset shape': (40, 11, 1921, 2560), 'dataset chunks': (7, 1, 385, 512), 'indexing time (s)': 0.00011515617370605469, 'chunk number': 1650, 'reduction time (s)': 1.8439576625823975, 'chunks processed': 15, 'storage read (B)': 29670387, 'selection 2 time (s)': 1.8465969562530518}
Thread times [0.1499950885772705, 0.06685519218444824, 0.2138690948486328, 0.09323000907897949, 0.15306782722473145, 0.1076970100402832, 0.10280990600585938, 0.09169197082519531, 0.09167003631591797, 0.12711501121520996, 0.09733009338378906, 0.2497720718383789, 0.08541393280029297, 0.20336103439331055, 0.08901095390319824]
{'args': ((32, 0, slice(0, 960, None), slice(None, None, None)),), 'dataset shape': (40, 11, 1921, 2560), 'dataset chunks': (7, 1, 385, 512), 'indexing time (s)': 2.1457672119140625e-06, 'chunk number': 1650, 'reduction time (s)': 1.9237141609191895, 'chunks processed': 15, 'storage read (B)': 29670387, 'selection 2 time (s)': 1.9248239994049072}
Thread times [0.11394929885864258, 0.07845520973205566, 0.12833714485168457, 0.11747479438781738, 0.11308598518371582, 0.0998678207397461, 0.10132884979248047, 0.10892486572265625, 0.1621229648590088, 0.14216113090515137, 0.20413613319396973, 0.23853182792663574, 0.0925297737121582, 0.19352006912231445, 0.10262012481689453]
{'args': ((33, 0, slice(0, 960, None), slice(None, None, None)),), 'dataset shape': (40, 11, 1921, 2560), 'dataset chunks': (7, 1, 385, 512), 'indexing time (s)': 9.5367431640625e-07, 'chunk number': 1650, 'reduction time (s)': 1.9984500408172607, 'chunks processed': 15, 'storage read (B)': 29670387, 'selection 2 time (s)': 2.001329183578491}
Thread times [0.12454509735107422, 0.0699620246887207, 0.08698916435241699, 0.13843917846679688, 0.08961796760559082, 0.10600709915161133, 0.08603501319885254, 0.09207296371459961, 0.14812421798706055, 0.08947110176086426, 0.09225797653198242, 0.34165406227111816, 0.08334898948669434, 0.0949702262878418, 0.10122489929199219]
{'args': ((34, 0, slice(0, 960, None), slice(None, None, None)),), 'dataset shape': (40, 11, 1921, 2560), 'dataset chunks': (7, 1, 385, 512), 'indexing time (s)': 2.1457672119140625e-06, 'chunk number': 1650, 'reduction time (s)': 1.7459819316864014, 'chunks processed': 15, 'storage read (B)': 29670387, 'selection 2 time (s)': 1.7485318183898926}
Thread times [0.24208879470825195, 0.0655829906463623, 0.08820724487304688, 0.10100007057189941, 0.09848904609680176, 0.16997075080871582, 0.10921502113342285, 0.0764169692993164, 0.08173727989196777, 0.09451699256896973, 0.16245293617248535, 0.09073996543884277, 0.12920188903808594, 0.10980701446533203, 0.10146379470825195]
{'args': ((35, 0, slice(0, 960, None), slice(None, None, None)),), 'dataset shape': (40, 11, 1921, 2560), 'dataset chunks': (7, 1, 385, 512), 'indexing time (s)': 1.9073486328125e-06, 'chunk number': 1650, 'reduction time (s)': 1.7224488258361816, 'chunks processed': 15, 'storage read (B)': 21287473, 'selection 2 time (s)': 1.7250239849090576}
Thread times [0.21695590019226074, 0.08228087425231934, 0.07096409797668457, 0.08977484703063965, 0.15398287773132324, 0.10138797760009766, 0.0859520435333252, 0.08206391334533691, 0.08765482902526855, 0.16645503044128418, 0.09536194801330566, 0.0951840877532959, 0.0894467830657959, 0.11270689964294434, 0.13081979751586914]
{'args': ((36, 0, slice(0, 960, None), slice(None, None, None)),), 'dataset shape': (40, 11, 1921, 2560), 'dataset chunks': (7, 1, 385, 512), 'indexing time (s)': 9.5367431640625e-07, 'chunk number': 1650, 'reduction time (s)': 1.6619648933410645, 'chunks processed': 15, 'storage read (B)': 21287473, 'selection 2 time (s)': 1.663038969039917}
Thread times [0.1156930923461914, 0.06803107261657715, 0.07898068428039551, 0.07359123229980469, 0.06970000267028809, 0.11750197410583496, 0.08382511138916016, 0.07987689971923828, 0.09478497505187988, 0.0896756649017334, 0.17454099655151367, 0.10582709312438965, 0.10550594329833984, 0.11760187149047852, 0.08033204078674316]
{'args': ((37, 0, slice(0, 960, None), slice(None, None, None)),), 'dataset shape': (40, 11, 1921, 2560), 'dataset chunks': (7, 1, 385, 512), 'indexing time (s)': 0.0, 'chunk number': 1650, 'reduction time (s)': 1.4561820030212402, 'chunks processed': 15, 'storage read (B)': 21287473, 'selection 2 time (s)': 1.4570300579071045}
Thread times [0.19777989387512207, 0.0645749568939209, 0.07176804542541504, 0.08239507675170898, 0.06545615196228027, 0.15831589698791504, 0.13195514678955078, 0.08285212516784668, 0.08432269096374512, 0.10624408721923828, 0.11775588989257812, 0.09453415870666504, 0.08847403526306152, 0.11628508567810059, 0.08682107925415039]
{'args': ((38, 0, slice(0, 960, None), slice(None, None, None)),), 'dataset shape': (40, 11, 1921, 2560), 'dataset chunks': (7, 1, 385, 512), 'indexing time (s)': 0.0, 'chunk number': 1650, 'reduction time (s)': 1.5508840084075928, 'chunks processed': 15, 'storage read (B)': 21287473, 'selection 2 time (s)': 1.5535919666290283}
Thread times [0.22518491744995117, 0.10948300361633301, 0.07488107681274414, 0.09204673767089844, 0.15668106079101562, 0.10217499732971191, 0.09946084022521973, 0.10789179801940918, 0.09366106986999512, 0.12113213539123535, 0.08633780479431152, 0.09231305122375488, 0.0831449031829834, 0.261394739151001, 0.08626008033752441]
{'args': ((39, 0, slice(0, 960, None), slice(None, None, None)),), 'dataset shape': (40, 11, 1921, 2560), 'dataset chunks': (7, 1, 385, 512), 'indexing time (s)': 1.9073486328125e-06, 'chunk number': 1650, 'reduction time (s)': 1.7935700416564941, 'chunks processed': 15, 'storage read (B)': 21287473, 'selection 2 time (s)': 1.7962019443511963}
[[226.07820312]
 [226.0646875 ]
 [225.93776042]
 [225.90820312]
 [225.91739583]
 [225.88460937]
 [225.82080729]
 [225.85434896]
 [225.9834375 ]
 [226.03822917]
 [226.01317708]
 [226.02333333]
 [226.03765625]
 [226.00486979]
 [225.91778646]
 [225.9403125 ]
 [225.98729167]
 [225.91450521]
 [225.81239583]
 [225.81890625]
 [225.8453125 ]
 [225.785     ]
 [225.63648438]
 [225.5565625 ]
 [225.45744792]
 [225.32382813]
 [225.16335937]
 [225.07786458]
 [225.07846354]
 [225.10669271]
 [225.17606771]
 [225.36867187]
 [225.57927083]
 [225.69083333]
 [225.7221875 ]
 [225.82367188]
 [225.93640625]
 [225.96760417]
 [225.91875   ]
 [225.92236979]]
Summary:  Hom24-np3:Active (T1,BS1): 3.87s,80.71s,104.0s
