Dataset loaded from S3 with s3fs and Pyfive: bnl/ch330a.pc19790301-def.nc (0.076,1.2e+01)
Thread times [0.14434599876403809, 0.06773090362548828, 0.17586112022399902, 0.07991504669189453, 0.09750008583068848, 0.10239267349243164, 0.1594090461730957, 0.09940075874328613, 0.4552631378173828, 0.10136699676513672, 0.08893084526062012, 0.3050351142883301, 0.1058359146118164, 0.153825044631958, 0.2637169361114502]
{'load nc time': 14.26717209815979, 'args': ((0, 0, slice(0, 960, None), slice(None, None, None)),), 'dataset shape': (40, 11, 1921, 2560), 'dataset chunks': (7, 1, 385, 512), 'indexing time (s)': 65.53701305389404, 'chunk number': 1650, 'reduction time (s)': 2.402884006500244, 'chunks processed': 15, 'storage read (B)': 29685482, 'selection 2 time (s)': 67.94350218772888}
Thread times [0.1552739143371582, 0.08217501640319824, 0.0972898006439209, 0.18347406387329102, 0.08810615539550781, 0.09980916976928711, 0.11056804656982422, 0.10238265991210938, 0.3288588523864746, 0.3195347785949707, 0.0873870849609375, 0.24941396713256836, 0.18768692016601562, 0.10074925422668457, 0.0999150276184082]
{'args': ((1, 0, slice(0, 960, None), slice(None, None, None)),), 'dataset shape': (40, 11, 1921, 2560), 'dataset chunks': (7, 1, 385, 512), 'indexing time (s)': 3.0994415283203125e-06, 'chunk number': 1650, 'reduction time (s)': 2.295085906982422, 'chunks processed': 15, 'storage read (B)': 29685482, 'selection 2 time (s)': 2.2998039722442627}
Thread times [0.15458202362060547, 0.05820107460021973, 0.10177183151245117, 0.07922029495239258, 0.10721397399902344, 0.09276294708251953, 0.15633893013000488, 0.18528294563293457, 0.33977603912353516, 0.20034313201904297, 0.09455585479736328, 0.31838393211364746, 0.09705901145935059, 0.1156010627746582, 0.31002211570739746]
{'args': ((2, 0, slice(0, 960, None), slice(None, None, None)),), 'dataset shape': (40, 11, 1921, 2560), 'dataset chunks': (7, 1, 385, 512), 'indexing time (s)': 5.245208740234375e-06, 'chunk number': 1650, 'reduction time (s)': 2.4131710529327393, 'chunks processed': 15, 'storage read (B)': 29685482, 'selection 2 time (s)': 2.4162650108337402}
Thread times [0.139113187789917, 0.07923507690429688, 0.10278105735778809, 0.20143485069274902, 0.09671497344970703, 0.11258912086486816, 0.12992000579833984, 0.18541908264160156, 0.23660802841186523, 0.0964350700378418, 0.09745931625366211, 0.35765504837036133, 0.2586359977722168, 0.11993598937988281, 0.10657310485839844]
{'args': ((3, 0, slice(0, 960, None), slice(None, None, None)),), 'dataset shape': (40, 11, 1921, 2560), 'dataset chunks': (7, 1, 385, 512), 'indexing time (s)': 2.1457672119140625e-06, 'chunk number': 1650, 'reduction time (s)': 2.323280096054077, 'chunks processed': 15, 'storage read (B)': 29685482, 'selection 2 time (s)': 2.3277440071105957}
Thread times [0.29329419136047363, 0.07030701637268066, 0.0862281322479248, 0.06988120079040527, 0.12600493431091309, 0.16979408264160156, 0.23547697067260742, 0.10728025436401367, 0.24180102348327637, 0.09743309020996094, 0.10694479942321777, 0.2582859992980957, 0.0873270034790039, 0.0959770679473877, 0.10022926330566406]
{'args': ((4, 0, slice(0, 960, None), slice(None, None, None)),), 'dataset shape': (40, 11, 1921, 2560), 'dataset chunks': (7, 1, 385, 512), 'indexing time (s)': 5.0067901611328125e-06, 'chunk number': 1650, 'reduction time (s)': 2.149289846420288, 'chunks processed': 15, 'storage read (B)': 29685482, 'selection 2 time (s)': 2.1540720462799072}
Thread times [0.12112617492675781, 0.11353111267089844, 0.08858180046081543, 0.08275389671325684, 0.0937950611114502, 0.1233680248260498, 0.13492703437805176, 0.12453508377075195, 0.26082801818847656, 0.13899707794189453, 0.09946012496948242, 0.4238450527191162, 0.09760427474975586, 0.18518280982971191, 0.24124383926391602]
{'args': ((5, 0, slice(0, 960, None), slice(None, None, None)),), 'dataset shape': (40, 11, 1921, 2560), 'dataset chunks': (7, 1, 385, 512), 'indexing time (s)': 5.0067901611328125e-06, 'chunk number': 1650, 'reduction time (s)': 2.33257794380188, 'chunks processed': 15, 'storage read (B)': 29685482, 'selection 2 time (s)': 2.3368799686431885}
Thread times [0.13078904151916504, 0.0880739688873291, 0.13055729866027832, 0.06840991973876953, 0.1013786792755127, 0.11141610145568848, 0.09300899505615234, 0.0986471176147461, 0.22571325302124023, 0.09285807609558105, 0.10117101669311523, 0.3242638111114502, 0.09983682632446289, 0.12751293182373047, 0.10305094718933105]
{'args': ((6, 0, slice(0, 960, None), slice(None, None, None)),), 'dataset shape': (40, 11, 1921, 2560), 'dataset chunks': (7, 1, 385, 512), 'indexing time (s)': 5.0067901611328125e-06, 'chunk number': 1650, 'reduction time (s)': 1.8993489742279053, 'chunks processed': 15, 'storage read (B)': 29685482, 'selection 2 time (s)': 1.903512954711914}
Thread times [0.28319692611694336, 0.11338496208190918, 0.13164424896240234, 0.09526610374450684, 0.17638278007507324, 0.12142205238342285, 0.1032571792602539, 0.09999799728393555, 0.256389856338501, 0.12877225875854492, 0.0992577075958252, 0.1515352725982666, 0.09717798233032227, 0.10016679763793945, 0.09897184371948242]
{'args': ((7, 0, slice(0, 960, None), slice(None, None, None)),), 'dataset shape': (40, 11, 1921, 2560), 'dataset chunks': (7, 1, 385, 512), 'indexing time (s)': 9.5367431640625e-07, 'chunk number': 1650, 'reduction time (s)': 2.0590977668762207, 'chunks processed': 15, 'storage read (B)': 29701892, 'selection 2 time (s)': 2.0636348724365234}
Thread times [0.1237950325012207, 0.09657812118530273, 0.09180617332458496, 0.10233592987060547, 0.1553661823272705, 0.17761683464050293, 0.09621405601501465, 0.09807085990905762, 0.34761977195739746, 0.0906221866607666, 0.15438294410705566, 0.25833582878112793, 0.08943986892700195, 0.09453201293945312, 0.09608912467956543]
{'args': ((8, 0, slice(0, 960, None), slice(None, None, None)),), 'dataset shape': (40, 11, 1921, 2560), 'dataset chunks': (7, 1, 385, 512), 'indexing time (s)': 5.7220458984375e-06, 'chunk number': 1650, 'reduction time (s)': 2.075057029724121, 'chunks processed': 15, 'storage read (B)': 29701892, 'selection 2 time (s)': 2.0778889656066895}
Thread times [0.23903608322143555, 0.06842994689941406, 0.12434697151184082, 0.14652585983276367, 0.18749189376831055, 0.09530878067016602, 0.09723806381225586, 0.10248208045959473, 0.2274329662322998, 0.09990119934082031, 0.0916900634765625, 0.12163305282592773, 0.21157503128051758, 0.09918379783630371, 0.09434795379638672]
{'args': ((9, 0, slice(0, 960, None), slice(None, None, None)),), 'dataset shape': (40, 11, 1921, 2560), 'dataset chunks': (7, 1, 385, 512), 'indexing time (s)': 2.1457672119140625e-06, 'chunk number': 1650, 'reduction time (s)': 2.009131908416748, 'chunks processed': 15, 'storage read (B)': 29701892, 'selection 2 time (s)': 2.0134382247924805}
Thread times [0.14825177192687988, 0.17591500282287598, 0.0977637767791748, 0.11276698112487793, 0.14631986618041992, 0.16700482368469238, 0.10205483436584473, 0.10033464431762695, 0.3225409984588623, 0.10417985916137695, 0.08803892135620117, 0.13678383827209473, 0.19211435317993164, 0.09517693519592285, 0.10227417945861816]
{'args': ((10, 0, slice(0, 960, None), slice(None, None, None)),), 'dataset shape': (40, 11, 1921, 2560), 'dataset chunks': (7, 1, 385, 512), 'indexing time (s)': 5.245208740234375e-06, 'chunk number': 1650, 'reduction time (s)': 2.0942468643188477, 'chunks processed': 15, 'storage read (B)': 29701892, 'selection 2 time (s)': 2.0989620685577393}
Thread times [0.12352108955383301, 0.09934878349304199, 0.10816097259521484, 0.09703326225280762, 0.1634199619293213, 0.10039210319519043, 0.15290188789367676, 0.09404993057250977, 0.3053569793701172, 0.12530517578125, 0.09444403648376465, 0.22308611869812012, 0.20709919929504395, 0.09760379791259766, 0.10105013847351074]
{'args': ((11, 0, slice(0, 960, None), slice(None, None, None)),), 'dataset shape': (40, 11, 1921, 2560), 'dataset chunks': (7, 1, 385, 512), 'indexing time (s)': 6.198883056640625e-06, 'chunk number': 1650, 'reduction time (s)': 2.0948679447174072, 'chunks processed': 15, 'storage read (B)': 29701892, 'selection 2 time (s)': 2.096593141555786}
Thread times [0.11237215995788574, 0.2106189727783203, 0.1105341911315918, 0.0937809944152832, 0.15046286582946777, 0.16901588439941406, 0.10242605209350586, 0.09997701644897461, 0.32199788093566895, 0.10761809349060059, 0.09049820899963379, 0.09085273742675781, 0.23487210273742676, 0.09421205520629883, 0.09601783752441406]
{'args': ((12, 0, slice(0, 960, None), slice(None, None, None)),), 'dataset shape': (40, 11, 1921, 2560), 'dataset chunks': (7, 1, 385, 512), 'indexing time (s)': 7.152557373046875e-07, 'chunk number': 1650, 'reduction time (s)': 2.08783221244812, 'chunks processed': 15, 'storage read (B)': 29701892, 'selection 2 time (s)': 2.093764305114746}
Thread times [0.16749787330627441, 0.22052979469299316, 0.09026288986206055, 0.1156010627746582, 0.08973193168640137, 0.1658177375793457, 0.10097408294677734, 0.09706711769104004, 0.32572412490844727, 0.10829806327819824, 0.18397903442382812, 0.10066890716552734, 0.13089895248413086, 0.09716510772705078, 0.10695791244506836]
{'args': ((13, 0, slice(0, 960, None), slice(None, None, None)),), 'dataset shape': (40, 11, 1921, 2560), 'dataset chunks': (7, 1, 385, 512), 'indexing time (s)': 7.152557373046875e-07, 'chunk number': 1650, 'reduction time (s)': 2.1036741733551025, 'chunks processed': 15, 'storage read (B)': 29701892, 'selection 2 time (s)': 2.1073760986328125}
Thread times [0.13065814971923828, 0.0799400806427002, 0.10529279708862305, 0.09791898727416992, 0.09169912338256836, 0.09656977653503418, 0.11140990257263184, 0.12308597564697266, 0.2530078887939453, 0.8200068473815918, 0.12674307823181152, 0.37519216537475586, 0.12935280799865723, 0.10708284378051758, 0.28731393814086914]
{'args': ((14, 0, slice(0, 960, None), slice(None, None, None)),), 'dataset shape': (40, 11, 1921, 2560), 'dataset chunks': (7, 1, 385, 512), 'indexing time (s)': 3.0994415283203125e-06, 'chunk number': 1650, 'reduction time (s)': 2.937849760055542, 'chunks processed': 15, 'storage read (B)': 29733505, 'selection 2 time (s)': 2.942577362060547}
Thread times [0.14847517013549805, 0.10740303993225098, 0.2610490322113037, 0.09033966064453125, 0.08422017097473145, 0.09960103034973145, 0.09423303604125977, 0.15678691864013672, 0.2791459560394287, 0.11284112930297852, 0.13121795654296875, 0.1024470329284668, 0.09254598617553711, 0.09903812408447266, 0.09447598457336426]
{'args': ((15, 0, slice(0, 960, None), slice(None, None, None)),), 'dataset shape': (40, 11, 1921, 2560), 'dataset chunks': (7, 1, 385, 512), 'indexing time (s)': 5.7220458984375e-06, 'chunk number': 1650, 'reduction time (s)': 1.95625901222229, 'chunks processed': 15, 'storage read (B)': 29733505, 'selection 2 time (s)': 1.9608142375946045}
Thread times [0.20634078979492188, 0.12151288986206055, 0.08314085006713867, 0.08477091789245605, 0.15713715553283691, 0.1000220775604248, 0.11140584945678711, 0.10702013969421387, 0.24322795867919922, 0.1541297435760498, 0.10354089736938477, 0.10000205039978027, 0.12966609001159668, 0.09601688385009766, 0.09508776664733887]
{'args': ((16, 0, slice(0, 960, None), slice(None, None, None)),), 'dataset shape': (40, 11, 1921, 2560), 'dataset chunks': (7, 1, 385, 512), 'indexing time (s)': 4.0531158447265625e-06, 'chunk number': 1650, 'reduction time (s)': 1.89573073387146, 'chunks processed': 15, 'storage read (B)': 29733505, 'selection 2 time (s)': 1.9001879692077637}
Thread times [0.13008832931518555, 0.08600616455078125, 0.11115097999572754, 0.08891081809997559, 0.13543033599853516, 0.09593796730041504, 0.10571813583374023, 0.11932373046875, 0.2694549560546875, 0.23125791549682617, 0.15410089492797852, 0.10098099708557129, 0.09625601768493652, 0.1738908290863037, 0.09988784790039062]
{'args': ((17, 0, slice(0, 960, None), slice(None, None, None)),), 'dataset shape': (40, 11, 1921, 2560), 'dataset chunks': (7, 1, 385, 512), 'indexing time (s)': 5.9604644775390625e-06, 'chunk number': 1650, 'reduction time (s)': 2.001209020614624, 'chunks processed': 15, 'storage read (B)': 29733505, 'selection 2 time (s)': 2.005728006362915}
Thread times [0.1310741901397705, 0.09108090400695801, 0.07975983619689941, 0.11644291877746582, 0.09900498390197754, 0.09336996078491211, 0.1068410873413086, 0.2224891185760498, 0.22794294357299805, 0.09864211082458496, 0.1011500358581543, 0.0994417667388916, 0.11340522766113281, 0.10542821884155273, 0.10161304473876953]
{'args': ((18, 0, slice(0, 960, None), slice(None, None, None)),), 'dataset shape': (40, 11, 1921, 2560), 'dataset chunks': (7, 1, 385, 512), 'indexing time (s)': 5.0067901611328125e-06, 'chunk number': 1650, 'reduction time (s)': 1.7901270389556885, 'chunks processed': 15, 'storage read (B)': 29733505, 'selection 2 time (s)': 1.7945311069488525}
Thread times [0.19518709182739258, 0.08449888229370117, 0.07700419425964355, 0.09370899200439453, 0.0904231071472168, 0.18059706687927246, 0.11260104179382324, 0.1669008731842041, 0.32018399238586426, 0.12461304664611816, 0.11690402030944824, 0.20654511451721191, 0.10203194618225098, 0.10295486450195312, 0.10260415077209473]
{'args': ((19, 0, slice(0, 960, None), slice(None, None, None)),), 'dataset shape': (40, 11, 1921, 2560), 'dataset chunks': (7, 1, 385, 512), 'indexing time (s)': 7.152557373046875e-07, 'chunk number': 1650, 'reduction time (s)': 2.079061985015869, 'chunks processed': 15, 'storage read (B)': 29733505, 'selection 2 time (s)': 2.083427906036377}
Thread times [0.2766740322113037, 0.11209797859191895, 0.12093520164489746, 0.12294602394104004, 0.12106585502624512, 0.1146249771118164, 0.10613393783569336, 0.12563800811767578, 0.23374485969543457, 0.16195321083068848, 0.09806513786315918, 0.09028410911560059, 0.10844588279724121, 0.1022799015045166, 0.09702134132385254]
{'args': ((20, 0, slice(0, 960, None), slice(None, None, None)),), 'dataset shape': (40, 11, 1921, 2560), 'dataset chunks': (7, 1, 385, 512), 'indexing time (s)': 5.245208740234375e-06, 'chunk number': 1650, 'reduction time (s)': 1.994865894317627, 'chunks processed': 15, 'storage read (B)': 29733505, 'selection 2 time (s)': 1.9996602535247803}
Thread times [0.12032485008239746, 0.07367396354675293, 0.11200404167175293, 0.09490203857421875, 0.08106303215026855, 0.12583398818969727, 0.10328507423400879, 0.11821103096008301, 0.12833094596862793, 0.09510612487792969, 0.09392094612121582, 0.09172177314758301, 0.31913304328918457, 0.3220970630645752, 0.11292290687561035]
{'args': ((21, 0, slice(0, 960, None), slice(None, None, None)),), 'dataset shape': (40, 11, 1921, 2560), 'dataset chunks': (7, 1, 385, 512), 'indexing time (s)': 5.245208740234375e-06, 'chunk number': 1650, 'reduction time (s)': 1.9950449466705322, 'chunks processed': 15, 'storage read (B)': 29686785, 'selection 2 time (s)': 1.99983811378479}
Thread times [0.13147807121276855, 0.06916403770446777, 0.20326566696166992, 0.09748196601867676, 0.10979104042053223, 0.1308140754699707, 0.18642878532409668, 0.10329771041870117, 0.11846208572387695, 0.10046792030334473, 0.1079859733581543, 0.1939377784729004, 0.5677399635314941, 0.3796658515930176, 0.09863781929016113]
{'args': ((22, 0, slice(0, 960, None), slice(None, None, None)),), 'dataset shape': (40, 11, 1921, 2560), 'dataset chunks': (7, 1, 385, 512), 'indexing time (s)': 6.198883056640625e-06, 'chunk number': 1650, 'reduction time (s)': 2.6013870239257812, 'chunks processed': 15, 'storage read (B)': 29686785, 'selection 2 time (s)': 2.605893135070801}
Thread times [0.15137505531311035, 0.26793885231018066, 0.14520692825317383, 0.10950994491577148, 0.07612895965576172, 0.19272089004516602, 0.09466981887817383, 0.18842506408691406, 0.24175405502319336, 0.11187195777893066, 0.1125650405883789, 0.09604406356811523, 0.24581503868103027, 0.22188210487365723, 0.26152920722961426]
{'args': ((23, 0, slice(0, 960, None), slice(None, None, None)),), 'dataset shape': (40, 11, 1921, 2560), 'dataset chunks': (7, 1, 385, 512), 'indexing time (s)': 4.76837158203125e-06, 'chunk number': 1650, 'reduction time (s)': 2.520005226135254, 'chunks processed': 15, 'storage read (B)': 29686785, 'selection 2 time (s)': 2.5249571800231934}
Thread times [0.15970802307128906, 0.09265780448913574, 0.10315275192260742, 0.2473130226135254, 0.09010720252990723, 0.10158419609069824, 0.09972405433654785, 0.14596915245056152, 0.10071396827697754, 0.0946800708770752, 0.10077691078186035, 0.09789109230041504, 0.3648250102996826, 0.28864407539367676, 0.09780097007751465]
{'args': ((24, 0, slice(0, 960, None), slice(None, None, None)),), 'dataset shape': (40, 11, 1921, 2560), 'dataset chunks': (7, 1, 385, 512), 'indexing time (s)': 2.86102294921875e-06, 'chunk number': 1650, 'reduction time (s)': 2.188284158706665, 'chunks processed': 15, 'storage read (B)': 29686785, 'selection 2 time (s)': 2.193023920059204}
Thread times [0.13685393333435059, 0.06605815887451172, 0.2165968418121338, 0.18949604034423828, 0.07457280158996582, 0.11922621726989746, 0.1390998363494873, 0.10036897659301758, 0.10254311561584473, 0.09433293342590332, 0.09070897102355957, 0.13579010963439941, 0.23233294486999512, 0.2944610118865967, 0.09957504272460938]
{'args': ((25, 0, slice(0, 960, None), slice(None, None, None)),), 'dataset shape': (40, 11, 1921, 2560), 'dataset chunks': (7, 1, 385, 512), 'indexing time (s)': 5.245208740234375e-06, 'chunk number': 1650, 'reduction time (s)': 2.0945019721984863, 'chunks processed': 15, 'storage read (B)': 29686785, 'selection 2 time (s)': 2.0991880893707275}
Thread times [0.13410305976867676, 0.06331181526184082, 0.21999907493591309, 0.1080479621887207, 0.08594107627868652, 0.0946359634399414, 0.23465609550476074, 0.10207700729370117, 0.10563111305236816, 0.10128116607666016, 0.09688282012939453, 0.11895132064819336, 0.5230400562286377, 0.5334687232971191, 0.09395194053649902]
{'args': ((26, 0, slice(0, 960, None), slice(None, None, None)),), 'dataset shape': (40, 11, 1921, 2560), 'dataset chunks': (7, 1, 385, 512), 'indexing time (s)': 5.0067901611328125e-06, 'chunk number': 1650, 'reduction time (s)': 2.618459939956665, 'chunks processed': 15, 'storage read (B)': 29686785, 'selection 2 time (s)': 2.6216650009155273}
Thread times [0.145035982131958, 0.08693718910217285, 0.18462371826171875, 0.09125709533691406, 0.12842702865600586, 0.09829592704772949, 0.09840583801269531, 0.10880494117736816, 0.10607790946960449, 0.10019087791442871, 0.09328413009643555, 0.08619403839111328, 0.23989415168762207, 0.21604299545288086, 0.0858612060546875]
{'args': ((27, 0, slice(0, 960, None), slice(None, None, None)),), 'dataset shape': (40, 11, 1921, 2560), 'dataset chunks': (7, 1, 385, 512), 'indexing time (s)': 1.9073486328125e-06, 'chunk number': 1650, 'reduction time (s)': 1.8718018531799316, 'chunks processed': 15, 'storage read (B)': 29686785, 'selection 2 time (s)': 1.8757569789886475}
Thread times [0.21101999282836914, 0.08315873146057129, 0.4356119632720947, 0.10931992530822754, 0.10310125350952148, 0.2215869426727295, 0.09263277053833008, 0.09653997421264648, 0.09726691246032715, 0.1117391586303711, 0.12283802032470703, 0.22777175903320312, 0.1298067569732666, 0.1677088737487793, 0.10836005210876465]
{'args': ((28, 0, slice(0, 960, None), slice(None, None, None)),), 'dataset shape': (40, 11, 1921, 2560), 'dataset chunks': (7, 1, 385, 512), 'indexing time (s)': 3.814697265625e-06, 'chunk number': 1650, 'reduction time (s)': 2.320794105529785, 'chunks processed': 15, 'storage read (B)': 29670387, 'selection 2 time (s)': 2.3251960277557373}
Thread times [0.23159313201904297, 0.1781759262084961, 0.10670995712280273, 0.10903000831604004, 0.1454169750213623, 0.16258025169372559, 0.13910984992980957, 0.10493278503417969, 0.2816920280456543, 0.10681414604187012, 0.09553194046020508, 0.32006406784057617, 0.09706783294677734, 0.10960197448730469, 0.31821298599243164]
{'args': ((29, 0, slice(0, 960, None), slice(None, None, None)),), 'dataset shape': (40, 11, 1921, 2560), 'dataset chunks': (7, 1, 385, 512), 'indexing time (s)': 3.814697265625e-06, 'chunk number': 1650, 'reduction time (s)': 2.509131908416748, 'chunks processed': 15, 'storage read (B)': 29670387, 'selection 2 time (s)': 2.513406991958618}
Thread times [0.1712183952331543, 0.06738114356994629, 0.0933990478515625, 0.18527722358703613, 0.09370708465576172, 0.11325788497924805, 0.0950460433959961, 0.12247490882873535, 0.1940910816192627, 0.09297490119934082, 0.08881211280822754, 0.24748730659484863, 0.09539103507995605, 0.09853315353393555, 0.09438705444335938]
{'args': ((30, 0, slice(0, 960, None), slice(None, None, None)),), 'dataset shape': (40, 11, 1921, 2560), 'dataset chunks': (7, 1, 385, 512), 'indexing time (s)': 2.86102294921875e-06, 'chunk number': 1650, 'reduction time (s)': 1.8558640480041504, 'chunks processed': 15, 'storage read (B)': 29670387, 'selection 2 time (s)': 1.86039400100708}
Thread times [0.11553001403808594, 0.11533308029174805, 0.0886540412902832, 0.08932614326477051, 0.0883941650390625, 0.11782693862915039, 0.13862085342407227, 0.10584783554077148, 0.15247726440429688, 0.10139799118041992, 0.16433191299438477, 0.23286986351013184, 0.08663105964660645, 0.1017611026763916, 0.10196280479431152]
{'args': ((31, 0, slice(0, 960, None), slice(None, None, None)),), 'dataset shape': (40, 11, 1921, 2560), 'dataset chunks': (7, 1, 385, 512), 'indexing time (s)': 4.0531158447265625e-06, 'chunk number': 1650, 'reduction time (s)': 1.8034236431121826, 'chunks processed': 15, 'storage read (B)': 29670387, 'selection 2 time (s)': 1.8070068359375}
Thread times [0.12471127510070801, 0.14723801612854004, 0.09445309638977051, 0.15396714210510254, 0.09035706520080566, 0.10461974143981934, 0.09630012512207031, 0.10001993179321289, 0.1325078010559082, 0.1029500961303711, 0.09808206558227539, 0.35674095153808594, 0.08210015296936035, 0.09610700607299805, 0.09447097778320312]
{'args': ((32, 0, slice(0, 960, None), slice(None, None, None)),), 'dataset shape': (40, 11, 1921, 2560), 'dataset chunks': (7, 1, 385, 512), 'indexing time (s)': 2.1457672119140625e-06, 'chunk number': 1650, 'reduction time (s)': 1.876857042312622, 'chunks processed': 15, 'storage read (B)': 29670387, 'selection 2 time (s)': 1.8804008960723877}
Thread times [0.1215059757232666, 0.19066596031188965, 0.0883798599243164, 0.09267973899841309, 0.10695028305053711, 0.13579797744750977, 0.09043407440185547, 0.11030197143554688, 0.09863686561584473, 0.10150814056396484, 0.12252330780029297, 0.23896121978759766, 0.08409810066223145, 0.09054994583129883, 0.12552309036254883]
{'args': ((33, 0, slice(0, 960, None), slice(None, None, None)),), 'dataset shape': (40, 11, 1921, 2560), 'dataset chunks': (7, 1, 385, 512), 'indexing time (s)': 3.0994415283203125e-06, 'chunk number': 1650, 'reduction time (s)': 1.8007609844207764, 'chunks processed': 15, 'storage read (B)': 29670387, 'selection 2 time (s)': 1.8023219108581543}
Thread times [0.1133260726928711, 0.07207584381103516, 0.0930168628692627, 0.12838292121887207, 0.11001110076904297, 0.09847712516784668, 0.10002923011779785, 0.12019681930541992, 0.19576096534729004, 0.1028909683227539, 0.09229588508605957, 0.23362493515014648, 0.18967676162719727, 0.12005996704101562, 0.10158896446228027]
{'args': ((34, 0, slice(0, 960, None), slice(None, None, None)),), 'dataset shape': (40, 11, 1921, 2560), 'dataset chunks': (7, 1, 385, 512), 'indexing time (s)': 9.5367431640625e-07, 'chunk number': 1650, 'reduction time (s)': 1.8737130165100098, 'chunks processed': 15, 'storage read (B)': 29670387, 'selection 2 time (s)': 1.8773744106292725}
Thread times [0.21964025497436523, 0.0659337043762207, 0.06972169876098633, 0.08464217185974121, 0.07513999938964844, 0.21117401123046875, 0.09523797035217285, 0.0799570083618164, 0.09717702865600586, 0.143341064453125, 0.10772418975830078, 0.08479905128479004, 0.11268877983093262, 0.11612319946289062, 0.08952593803405762]
{'args': ((35, 0, slice(0, 960, None), slice(None, None, None)),), 'dataset shape': (40, 11, 1921, 2560), 'dataset chunks': (7, 1, 385, 512), 'indexing time (s)': 4.0531158447265625e-06, 'chunk number': 1650, 'reduction time (s)': 1.6546869277954102, 'chunks processed': 15, 'storage read (B)': 21287473, 'selection 2 time (s)': 1.6587042808532715}
Thread times [0.22206592559814453, 0.08997297286987305, 0.0736548900604248, 0.0863790512084961, 0.07745885848999023, 0.16638994216918945, 0.0968172550201416, 0.07979130744934082, 0.0907900333404541, 0.09117269515991211, 0.17178106307983398, 0.09963583946228027, 0.1336679458618164, 0.09047913551330566, 0.16335797309875488]
{'args': ((36, 0, slice(0, 960, None), slice(None, None, None)),), 'dataset shape': (40, 11, 1921, 2560), 'dataset chunks': (7, 1, 385, 512), 'indexing time (s)': 3.0994415283203125e-06, 'chunk number': 1650, 'reduction time (s)': 1.7375612258911133, 'chunks processed': 15, 'storage read (B)': 21287473, 'selection 2 time (s)': 1.7418441772460938}
Thread times [0.1306922435760498, 0.07658910751342773, 0.11846303939819336, 0.14574003219604492, 0.15187883377075195, 0.1078791618347168, 0.1358189582824707, 0.12703680992126465, 0.09007000923156738, 0.08521080017089844, 0.1691749095916748, 0.18066978454589844, 0.09184527397155762, 0.10202193260192871, 0.0906670093536377]
{'args': ((37, 0, slice(0, 960, None), slice(None, None, None)),), 'dataset shape': (40, 11, 1921, 2560), 'dataset chunks': (7, 1, 385, 512), 'indexing time (s)': 8.821487426757812e-06, 'chunk number': 1650, 'reduction time (s)': 1.806142807006836, 'chunks processed': 15, 'storage read (B)': 21287473, 'selection 2 time (s)': 1.8092041015625}
Thread times [0.23619508743286133, 0.06895899772644043, 0.07911300659179688, 0.09980201721191406, 0.07710814476013184, 0.08678507804870605, 0.11124587059020996, 0.08465409278869629, 0.10301375389099121, 0.0879359245300293, 0.09779191017150879, 0.14745807647705078, 0.11638975143432617, 0.09369802474975586, 0.10503602027893066]
{'args': ((38, 0, slice(0, 960, None), slice(None, None, None)),), 'dataset shape': (40, 11, 1921, 2560), 'dataset chunks': (7, 1, 385, 512), 'indexing time (s)': 2.1457672119140625e-06, 'chunk number': 1650, 'reduction time (s)': 1.5975158214569092, 'chunks processed': 15, 'storage read (B)': 21287473, 'selection 2 time (s)': 1.6018362045288086}
Thread times [0.2059929370880127, 0.07858109474182129, 0.08491230010986328, 0.13191890716552734, 0.07383918762207031, 0.15450501441955566, 0.08913087844848633, 0.08201813697814941, 0.10875201225280762, 0.09834694862365723, 0.14513301849365234, 0.11003899574279785, 0.08683395385742188, 0.08750009536743164, 0.09144186973571777]
{'args': ((39, 0, slice(0, 960, None), slice(None, None, None)),), 'dataset shape': (40, 11, 1921, 2560), 'dataset chunks': (7, 1, 385, 512), 'indexing time (s)': 5.9604644775390625e-06, 'chunk number': 1650, 'reduction time (s)': 1.6314291954040527, 'chunks processed': 15, 'storage read (B)': 21287473, 'selection 2 time (s)': 1.6334428787231445}
[[226.07820312]
 [226.0646875 ]
 [225.93776042]
 [225.90820312]
 [225.91739583]
 [225.88460937]
 [225.82080729]
 [225.85434896]
 [225.9834375 ]
 [226.03822917]
 [226.01317708]
 [226.02333333]
 [226.03765625]
 [226.00486979]
 [225.91778646]
 [225.9403125 ]
 [225.98729167]
 [225.91450521]
 [225.81239583]
 [225.81890625]
 [225.8453125 ]
 [225.785     ]
 [225.63648438]
 [225.5565625 ]
 [225.45744792]
 [225.32382813]
 [225.16335937]
 [225.07786458]
 [225.07846354]
 [225.10669271]
 [225.17606771]
 [225.36867187]
 [225.57927083]
 [225.69083333]
 [225.7221875 ]
 [225.82367188]
 [225.93640625]
 [225.96760417]
 [225.91875   ]
 [225.92236979]]
Summary:  Hom24-np3:Active (T1,BS5): 14.3s,83.35s,163.3s
