Dataset loaded from S3 with s3fs and Pyfive: bnl/ch330a.pc19790301-def.nc (0.073,1.3e+01)
Thread times [2.783729076385498, 2.5087249279022217, 2.7025599479675293, 2.6616508960723877, 3.290942907333374, 4.1348371505737305, 3.795224189758301, 3.2700388431549072, 2.9412059783935547, 4.081293106079102, 3.0050299167633057, 3.1281931400299072, 2.9799869060516357, 4.296029090881348, 3.0276038646698]
{'load nc time': 14.981069087982178, 'args': ((0, 0, slice(0, 960, None), slice(None, None, None)),), 'dataset shape': (40, 11, 1921, 2560), 'dataset chunks': (7, 1, 385, 512), 'indexing time (s)': 66.77888679504395, 'chunk number': 1650, 'reduction time (s)': 48.60853385925293, 'chunks processed': 15, 'storage read (B)': 29685482, 'selection 1 time (s)': 115.38778710365295}
Thread times [2.4696297645568848, 2.375012159347534, 2.74503493309021, 3.028475761413574, 3.1733901500701904, 2.91951584815979, 2.807666063308716, 2.861004114151001, 3.089509963989258, 2.8365659713745117, 2.8299200534820557, 3.309643030166626, 2.9420719146728516, 2.8050103187561035, 2.988497018814087]
{'args': ((1, 0, slice(0, 960, None), slice(None, None, None)),), 'dataset shape': (40, 11, 1921, 2560), 'dataset chunks': (7, 1, 385, 512), 'indexing time (s)': 9.5367431640625e-07, 'chunk number': 1650, 'reduction time (s)': 43.182218074798584, 'chunks processed': 15, 'storage read (B)': 29685482, 'selection 1 time (s)': 43.18237090110779}
Thread times [2.767594814300537, 3.10508394241333, 3.688961982727051, 2.6978139877319336, 2.629142999649048, 2.862076997756958, 2.7920279502868652, 2.9597301483154297, 2.915241003036499, 2.9550540447235107, 2.7628142833709717, 2.9547970294952393, 2.8373780250549316, 3.0003020763397217, 3.226799964904785]
{'args': ((2, 0, slice(0, 960, None), slice(None, None, None)),), 'dataset shape': (40, 11, 1921, 2560), 'dataset chunks': (7, 1, 385, 512), 'indexing time (s)': 1.9073486328125e-06, 'chunk number': 1650, 'reduction time (s)': 44.15604305267334, 'chunks processed': 15, 'storage read (B)': 29685482, 'selection 1 time (s)': 44.15620398521423}
Thread times [2.4229838848114014, 2.5047049522399902, 2.7667529582977295, 2.46270489692688, 3.0730581283569336, 3.232522964477539, 3.5324769020080566, 3.4974827766418457, 3.4553730487823486, 3.0638580322265625, 2.8174960613250732, 3.746011257171631, 3.385923147201538, 3.211761236190796, 3.0666229724884033]
{'args': ((3, 0, slice(0, 960, None), slice(None, None, None)),), 'dataset shape': (40, 11, 1921, 2560), 'dataset chunks': (7, 1, 385, 512), 'indexing time (s)': 9.5367431640625e-07, 'chunk number': 1650, 'reduction time (s)': 46.24087381362915, 'chunks processed': 15, 'storage read (B)': 29685482, 'selection 1 time (s)': 46.241021156311035}
Thread times [2.4677019119262695, 2.376866102218628, 2.716503143310547, 2.7526609897613525, 2.7466800212860107, 2.9808881282806396, 4.391189098358154, 3.409437894821167, 3.3127667903900146, 3.0959842205047607, 2.813721179962158, 2.9421868324279785, 3.0134520530700684, 2.7744669914245605, 2.8044321537017822]
{'args': ((4, 0, slice(0, 960, None), slice(None, None, None)),), 'dataset shape': (40, 11, 1921, 2560), 'dataset chunks': (7, 1, 385, 512), 'indexing time (s)': 3.0994415283203125e-06, 'chunk number': 1650, 'reduction time (s)': 44.60014319419861, 'chunks processed': 15, 'storage read (B)': 29685482, 'selection 1 time (s)': 44.600316762924194}
Thread times [2.4817981719970703, 2.2862439155578613, 2.758568048477173, 2.4814913272857666, 2.5067009925842285, 2.770057201385498, 3.9684841632843018, 3.0366199016571045, 2.88799786567688, 2.882869005203247, 2.7600619792938232, 2.962571144104004, 4.869609355926514, 3.3051350116729736, 3.193267822265625]
{'args': ((5, 0, slice(0, 960, None), slice(None, None, None)),), 'dataset shape': (40, 11, 1921, 2560), 'dataset chunks': (7, 1, 385, 512), 'indexing time (s)': 9.5367431640625e-07, 'chunk number': 1650, 'reduction time (s)': 45.15261125564575, 'chunks processed': 15, 'storage read (B)': 29685482, 'selection 1 time (s)': 45.1527681350708}
Thread times [2.399365186691284, 2.2869951725006104, 2.597180128097534, 2.4597580432891846, 4.61375617980957, 4.314655065536499, 4.0558249950408936, 3.794490098953247, 3.529999017715454, 3.0978639125823975, 3.224076986312866, 3.3349828720092773, 3.2843289375305176, 3.059969186782837, 3.0933711528778076]
{'args': ((6, 0, slice(0, 960, None), slice(None, None, None)),), 'dataset shape': (40, 11, 1921, 2560), 'dataset chunks': (7, 1, 385, 512), 'indexing time (s)': 9.5367431640625e-07, 'chunk number': 1650, 'reduction time (s)': 49.147748708724976, 'chunks processed': 15, 'storage read (B)': 29685482, 'selection 1 time (s)': 49.14790391921997}
Thread times [2.445256233215332, 2.5848708152770996, 2.597321033477783, 2.6289899349212646, 2.799398183822632, 2.9348888397216797, 2.8649742603302, 2.9119420051574707, 0.023996829986572266, 0.01912689208984375, 3.1403820514678955, 3.3471760749816895, 3.1699399948120117, 3.1200568675994873, 3.070250988006592]
{'args': ((7, 0, slice(0, 960, None), slice(None, None, None)),), 'dataset shape': (40, 11, 1921, 2560), 'dataset chunks': (7, 1, 385, 512), 'indexing time (s)': 1.9073486328125e-06, 'chunk number': 1650, 'reduction time (s)': 37.65977072715759, 'chunks processed': 15, 'storage read (B)': 29701892, 'selection 1 time (s)': 37.659948110580444}
Thread times [2.328618049621582, 2.3431413173675537, 2.882033348083496, 2.5817649364471436, 3.8320629596710205, 4.033359050750732, 4.8800060749053955, 3.145717144012451, 0.024163007736206055, 0.019228219985961914, 2.929556131362915, 2.850795030593872, 3.9520158767700195, 2.8281290531158447, 2.873948097229004]
{'args': ((8, 0, slice(0, 960, None), slice(None, None, None)),), 'dataset shape': (40, 11, 1921, 2560), 'dataset chunks': (7, 1, 385, 512), 'indexing time (s)': 1.9073486328125e-06, 'chunk number': 1650, 'reduction time (s)': 41.50558114051819, 'chunks processed': 15, 'storage read (B)': 29701892, 'selection 1 time (s)': 41.505730867385864}
Thread times [2.4763293266296387, 2.280134916305542, 2.56591796875, 2.578902006149292, 2.643105983734131, 2.729313850402832, 2.8509938716888428, 3.1525633335113525, 0.022948026657104492, 0.01876091957092285, 2.7470340728759766, 2.903762102127075, 2.966470241546631, 2.8466711044311523, 2.9752399921417236]
{'args': ((9, 0, slice(0, 960, None), slice(None, None, None)),), 'dataset shape': (40, 11, 1921, 2560), 'dataset chunks': (7, 1, 385, 512), 'indexing time (s)': 2.1457672119140625e-06, 'chunk number': 1650, 'reduction time (s)': 35.75931692123413, 'chunks processed': 15, 'storage read (B)': 29701892, 'selection 1 time (s)': 35.75947403907776}
Thread times [2.3127810955047607, 2.2841038703918457, 2.6178929805755615, 2.881649971008301, 2.6954472064971924, 2.830784797668457, 3.2965359687805176, 2.947213649749756, 0.020781993865966797, 0.01797318458557129, 2.7460248470306396, 2.961282730102539, 2.930422067642212, 2.795356273651123, 2.784640073776245]
{'args': ((10, 0, slice(0, 960, None), slice(None, None, None)),), 'dataset shape': (40, 11, 1921, 2560), 'dataset chunks': (7, 1, 385, 512), 'indexing time (s)': 1.6689300537109375e-06, 'chunk number': 1650, 'reduction time (s)': 36.124014139175415, 'chunks processed': 15, 'storage read (B)': 29701892, 'selection 1 time (s)': 36.12418985366821}
Thread times [2.834829092025757, 2.3302688598632812, 2.6287832260131836, 2.6445679664611816, 2.567209005355835, 2.789191246032715, 3.0659749507904053, 3.4301493167877197, 0.024126052856445312, 0.019042015075683594, 2.740394115447998, 2.974066972732544, 2.932023048400879, 3.1865837574005127, 3.958250045776367]
{'args': ((11, 0, slice(0, 960, None), slice(None, None, None)),), 'dataset shape': (40, 11, 1921, 2560), 'dataset chunks': (7, 1, 385, 512), 'indexing time (s)': 9.5367431640625e-07, 'chunk number': 1650, 'reduction time (s)': 38.126463174819946, 'chunks processed': 15, 'storage read (B)': 29701892, 'selection 1 time (s)': 38.12660312652588}
Thread times [2.7157559394836426, 2.40362811088562, 2.885850191116333, 3.432245969772339, 2.931602954864502, 2.867540121078491, 3.097409963607788, 3.318513870239258, 0.024208784103393555, 0.019180774688720703, 2.8356590270996094, 3.416929244995117, 2.9358370304107666, 3.0961568355560303, 3.2452542781829834]
{'args': ((12, 0, slice(0, 960, None), slice(None, None, None)),), 'dataset shape': (40, 11, 1921, 2560), 'dataset chunks': (7, 1, 385, 512), 'indexing time (s)': 1.1920928955078125e-06, 'chunk number': 1650, 'reduction time (s)': 39.2269811630249, 'chunks processed': 15, 'storage read (B)': 29701892, 'selection 1 time (s)': 39.22714972496033}
Thread times [2.7263119220733643, 2.9255080223083496, 2.665893793106079, 2.603104829788208, 2.6372790336608887, 2.77278208732605, 4.214057922363281, 3.533376932144165, 0.024859905242919922, 0.019311904907226562, 3.563347816467285, 2.846898317337036, 3.0194380283355713, 2.8363542556762695, 2.847214937210083]
{'args': ((13, 0, slice(0, 960, None), slice(None, None, None)),), 'dataset shape': (40, 11, 1921, 2560), 'dataset chunks': (7, 1, 385, 512), 'indexing time (s)': 1.9073486328125e-06, 'chunk number': 1650, 'reduction time (s)': 39.23711395263672, 'chunks processed': 15, 'storage read (B)': 29701892, 'selection 1 time (s)': 39.23731708526611}
Thread times [3.8879265785217285, 2.7831761837005615, 3.1733999252319336, 3.9059410095214844, 3.175903797149658, 3.087122917175293, 3.1544127464294434, 3.0313608646392822, 0.024079084396362305, 3.4570748805999756, 3.0306639671325684, 2.939518928527832, 2.810368061065674, 4.180124044418335, 3.763720989227295]
{'args': ((14, 0, slice(0, 960, None), slice(None, None, None)),), 'dataset shape': (40, 11, 1921, 2560), 'dataset chunks': (7, 1, 385, 512), 'indexing time (s)': 9.5367431640625e-07, 'chunk number': 1650, 'reduction time (s)': 46.405921936035156, 'chunks processed': 15, 'storage read (B)': 29733505, 'selection 1 time (s)': 46.40609884262085}
Thread times [2.6698269844055176, 2.5648460388183594, 2.600715160369873, 2.584228038787842, 2.6717870235443115, 3.1704509258270264, 3.0466110706329346, 3.7855541706085205, 0.024548053741455078, 3.048516035079956, 2.971345901489258, 3.410323143005371, 3.1768670082092285, 2.822969913482666, 2.896547794342041]
{'args': ((15, 0, slice(0, 960, None), slice(None, None, None)),), 'dataset shape': (40, 11, 1921, 2560), 'dataset chunks': (7, 1, 385, 512), 'indexing time (s)': 1.1920928955078125e-06, 'chunk number': 1650, 'reduction time (s)': 41.44642090797424, 'chunks processed': 15, 'storage read (B)': 29733505, 'selection 1 time (s)': 41.44658589363098}
Thread times [2.4556379318237305, 3.5538511276245117, 2.6343560218811035, 2.557101249694824, 2.510225296020508, 2.881057024002075, 2.837070941925049, 3.0050110816955566, 0.024016857147216797, 2.7916200160980225, 2.7916159629821777, 3.123831033706665, 3.310732126235962, 3.14202618598938, 3.2249338626861572]
{'args': ((16, 0, slice(0, 960, None), slice(None, None, None)),), 'dataset shape': (40, 11, 1921, 2560), 'dataset chunks': (7, 1, 385, 512), 'indexing time (s)': 2.1457672119140625e-06, 'chunk number': 1650, 'reduction time (s)': 40.84407186508179, 'chunks processed': 15, 'storage read (B)': 29733505, 'selection 1 time (s)': 40.8442280292511}
Thread times [2.397735118865967, 2.349414348602295, 2.5812020301818848, 2.569573163986206, 2.5601139068603516, 2.8409688472747803, 3.0382368564605713, 3.819520950317383, 0.02240777015686035, 3.9192991256713867, 2.8686349391937256, 2.9472930431365967, 3.172093152999878, 3.0563440322875977, 3.016063928604126]
{'args': ((17, 0, slice(0, 960, None), slice(None, None, None)),), 'dataset shape': (40, 11, 1921, 2560), 'dataset chunks': (7, 1, 385, 512), 'indexing time (s)': 9.5367431640625e-07, 'chunk number': 1650, 'reduction time (s)': 41.15992593765259, 'chunks processed': 15, 'storage read (B)': 29733505, 'selection 1 time (s)': 41.16004776954651}
Thread times [2.2984979152679443, 2.2028119564056396, 2.880189895629883, 7.49819803237915, 3.1717512607574463, 3.4529101848602295, 3.1056630611419678, 2.9924559593200684, 0.02245926856994629, 2.7683169841766357, 2.701279878616333, 3.432250738143921, 3.373577833175659, 3.0655550956726074, 2.9978890419006348]
{'args': ((18, 0, slice(0, 960, None), slice(None, None, None)),), 'dataset shape': (40, 11, 1921, 2560), 'dataset chunks': (7, 1, 385, 512), 'indexing time (s)': 2.1457672119140625e-06, 'chunk number': 1650, 'reduction time (s)': 45.96491098403931, 'chunks processed': 15, 'storage read (B)': 29733505, 'selection 1 time (s)': 45.965089082717896}
Thread times [2.30770206451416, 3.4971959590911865, 2.902176856994629, 2.6419498920440674, 144.1439871788025, 3.523514986038208, 3.640522003173828, 3.235708236694336, 0.020627975463867188, 3.0513617992401123, 2.852012872695923, 2.893545150756836, 2.839247941970825, 2.9078009128570557, 2.904005765914917]
{'args': ((19, 0, slice(0, 960, None), slice(None, None, None)),), 'dataset shape': (40, 11, 1921, 2560), 'dataset chunks': (7, 1, 385, 512), 'indexing time (s)': 9.5367431640625e-07, 'chunk number': 1650, 'reduction time (s)': 183.36243104934692, 'chunks processed': 15, 'storage read (B)': 29733505, 'selection 1 time (s)': 183.3626172542572}
Thread times [2.4369699954986572, 2.5157063007354736, 2.5209150314331055, 2.518341064453125, 2.5285120010375977, 919.7981140613556, 3.9552650451660156, 3.625657796859741, 0.023930072784423828, 5.274191856384277, 3.016558885574341, 3.0478527545928955, 3.063244104385376, 3.013972043991089, 3.282867908477783]
{'args': ((20, 0, slice(0, 960, None), slice(None, None, None)),), 'dataset shape': (40, 11, 1921, 2560), 'dataset chunks': (7, 1, 385, 512), 'indexing time (s)': 1.9073486328125e-06, 'chunk number': 1650, 'reduction time (s)': 960.6232089996338, 'chunks processed': 15, 'storage read (B)': 29733505, 'selection 1 time (s)': 960.6233901977539}
Thread times [2.3066160678863525, 2.6018741130828857, 3.0019781589508057, 0.020370006561279297, 0.017319202423095703, 3.3141989707946777, 659.9857220649719, 5.0779290199279785, 3.6802430152893066, 4.402358055114746, 2.9182629585266113, 3.3821938037872314, 4.135957956314087, 3.131777763366699, 0.018681764602661133]
{'args': ((21, 0, slice(0, 960, None), slice(None, None, None)),), 'dataset shape': (40, 11, 1921, 2560), 'dataset chunks': (7, 1, 385, 512), 'indexing time (s)': 1.9073486328125e-06, 'chunk number': 1650, 'reduction time (s)': 697.9965131282806, 'chunks processed': 15, 'storage read (B)': 29686785, 'selection 1 time (s)': 697.9966669082642}
Thread times [2.6710469722747803, 2.354907989501953, 3.1570842266082764, 0.019893884658813477, 0.018085956573486328, 7.980558156967163, 3.8832740783691406, 3.8222038745880127, 2.878208875656128, 3.0720369815826416, 3.230564832687378, 6.89940881729126, 4.224107980728149, 4.108843803405762, 0.024606943130493164]
{'args': ((22, 0, slice(0, 960, None), slice(None, None, None)),), 'dataset shape': (40, 11, 1921, 2560), 'dataset chunks': (7, 1, 385, 512), 'indexing time (s)': 2.1457672119140625e-06, 'chunk number': 1650, 'reduction time (s)': 48.345901012420654, 'chunks processed': 15, 'storage read (B)': 29686785, 'selection 1 time (s)': 48.34600877761841}
Thread times [2.4296061992645264, 2.811018943786621, 3.122054100036621, 0.021186113357543945, 0.01778101921081543, 3.010183811187744, 2.812741756439209, 3.0633347034454346, 3.180689811706543, 3.497624158859253, 4.000010967254639, 3.205181837081909, 3.286237955093384, 2.9137158393859863, 0.02324199676513672]
{'args': ((23, 0, slice(0, 960, None), slice(None, None, None)),), 'dataset shape': (40, 11, 1921, 2560), 'dataset chunks': (7, 1, 385, 512), 'indexing time (s)': 7.152557373046875e-07, 'chunk number': 1650, 'reduction time (s)': 37.395583152770996, 'chunks processed': 15, 'storage read (B)': 29686785, 'selection 1 time (s)': 37.39569425582886}
Thread times [2.4277989864349365, 2.2600178718566895, 2.662992238998413, 0.02094292640686035, 0.017674922943115234, 3.016713857650757, 4.000025033950806, 3.1595938205718994, 2.7962300777435303, 2.8687758445739746, 2.856314182281494, 4.018702030181885, 3.6825931072235107, 3.6006999015808105, 0.024534225463867188]
{'args': ((24, 0, slice(0, 960, None), slice(None, None, None)),), 'dataset shape': (40, 11, 1921, 2560), 'dataset chunks': (7, 1, 385, 512), 'indexing time (s)': 9.5367431640625e-07, 'chunk number': 1650, 'reduction time (s)': 37.414586782455444, 'chunks processed': 15, 'storage read (B)': 29686785, 'selection 1 time (s)': 37.414692878723145}
Thread times [3.879578113555908, 2.5861740112304688, 2.8387250900268555, 0.021769046783447266, 0.018158912658691406, 3.446141004562378, 3.0036799907684326, 3.123494863510132, 2.9193339347839355, 3.489057779312134, 3.6397511959075928, 3.0614659786224365, 2.973428964614868, 3.4316787719726562, 0.024448871612548828]
{'args': ((25, 0, slice(0, 960, None), slice(None, None, None)),), 'dataset shape': (40, 11, 1921, 2560), 'dataset chunks': (7, 1, 385, 512), 'indexing time (s)': 1.1920928955078125e-06, 'chunk number': 1650, 'reduction time (s)': 38.457858085632324, 'chunks processed': 15, 'storage read (B)': 29686785, 'selection 1 time (s)': 38.45797300338745}
Thread times [2.8048200607299805, 2.5421221256256104, 2.9753899574279785, 0.016145944595336914, 0.016292095184326172, 3.092755079269409, 3.313850164413452, 3.372385025024414, 3.0116631984710693, 3.27761173248291, 2.9352450370788574, 3.1597037315368652, 3.0461108684539795, 4.225898027420044, 0.024777889251708984]
{'args': ((26, 0, slice(0, 960, None), slice(None, None, None)),), 'dataset shape': (40, 11, 1921, 2560), 'dataset chunks': (7, 1, 385, 512), 'indexing time (s)': 9.5367431640625e-07, 'chunk number': 1650, 'reduction time (s)': 37.815815925598145, 'chunks processed': 15, 'storage read (B)': 29686785, 'selection 1 time (s)': 37.815943002700806}
Thread times [3.9033987522125244, 2.459049940109253, 2.9407858848571777, 0.02259993553161621, 0.01821589469909668, 3.2187211513519287, 3.496018886566162, 3.9911551475524902, 3.912788152694702, 3.4152469635009766, 3.4041218757629395, 3.2879021167755127, 3.033914089202881, 3.1632261276245117, 0.023385047912597656]
{'args': ((27, 0, slice(0, 960, None), slice(None, None, None)),), 'dataset shape': (40, 11, 1921, 2560), 'dataset chunks': (7, 1, 385, 512), 'indexing time (s)': 2.1457672119140625e-06, 'chunk number': 1650, 'reduction time (s)': 40.29160690307617, 'chunks processed': 15, 'storage read (B)': 29686785, 'selection 1 time (s)': 40.291754961013794}
Thread times [2.5109822750091553, 2.543782949447632, 2.6820638179779053, 3.2593019008636475, 4.924665927886963, 3.6245040893554688, 0.024636030197143555, 3.5148329734802246, 0.023459196090698242, 3.0606510639190674, 2.8640968799591064, 4.113133192062378, 3.0478172302246094, 3.1803112030029297, 3.556359052658081]
{'args': ((28, 0, slice(0, 960, None), slice(None, None, None)),), 'dataset shape': (40, 11, 1921, 2560), 'dataset chunks': (7, 1, 385, 512), 'indexing time (s)': 0.0, 'chunk number': 1650, 'reduction time (s)': 42.931758880615234, 'chunks processed': 15, 'storage read (B)': 29670387, 'selection 1 time (s)': 42.93188214302063}
Thread times [2.729400634765625, 2.7770438194274902, 5.205986022949219, 3.182969808578491, 2.9647738933563232, 3.0919480323791504, 0.024720191955566406, 2.994818925857544, 0.023186922073364258, 2.9639699459075928, 2.8088817596435547, 2.9295480251312256, 3.059523105621338, 2.8748888969421387, 2.8769431114196777]
{'args': ((29, 0, slice(0, 960, None), slice(None, None, None)),), 'dataset shape': (40, 11, 1921, 2560), 'dataset chunks': (7, 1, 385, 512), 'indexing time (s)': 2.1457672119140625e-06, 'chunk number': 1650, 'reduction time (s)': 40.509838819503784, 'chunks processed': 15, 'storage read (B)': 29670387, 'selection 1 time (s)': 40.51001501083374}
Thread times [2.436366081237793, 2.5700340270996094, 2.682681083679199, 3.9096100330352783, 3.059190034866333, 2.9428207874298096, 0.025162935256958008, 2.8977129459381104, 0.023971080780029297, 3.8866679668426514, 2.843116044998169, 2.9168739318847656, 3.153202772140503, 3.895378828048706, 3.108344078063965]
{'args': ((30, 0, slice(0, 960, None), slice(None, None, None)),), 'dataset shape': (40, 11, 1921, 2560), 'dataset chunks': (7, 1, 385, 512), 'indexing time (s)': 1.6689300537109375e-06, 'chunk number': 1650, 'reduction time (s)': 40.352365255355835, 'chunks processed': 15, 'storage read (B)': 29670387, 'selection 1 time (s)': 40.35253572463989}
Thread times [2.409170150756836, 2.4553420543670654, 2.6143710613250732, 2.7820472717285156, 2.581170082092285, 3.8851659297943115, 0.025202274322509766, 3.053225040435791, 0.024270296096801758, 2.807751178741455, 2.987818956375122, 3.1007840633392334, 2.9788119792938232, 3.3407740592956543, 3.204677104949951]
{'args': ((31, 0, slice(0, 960, None), slice(None, None, None)),), 'dataset shape': (40, 11, 1921, 2560), 'dataset chunks': (7, 1, 385, 512), 'indexing time (s)': 2.1457672119140625e-06, 'chunk number': 1650, 'reduction time (s)': 38.25179886817932, 'chunks processed': 15, 'storage read (B)': 29670387, 'selection 1 time (s)': 38.251970052719116}
Thread times [2.467360019683838, 2.5143988132476807, 2.807710886001587, 2.6817331314086914, 2.6310741901397705, 3.1365299224853516, 0.025308847427368164, 3.934584140777588, 0.023099899291992188, 2.800753116607666, 2.9304049015045166, 2.9958431720733643, 2.8109121322631836, 2.944262981414795, 2.959959030151367]
{'args': ((32, 0, slice(0, 960, None), slice(None, None, None)),), 'dataset shape': (40, 11, 1921, 2560), 'dataset chunks': (7, 1, 385, 512), 'indexing time (s)': 1.1920928955078125e-06, 'chunk number': 1650, 'reduction time (s)': 37.66521692276001, 'chunks processed': 15, 'storage read (B)': 29670387, 'selection 1 time (s)': 37.665411949157715}
Thread times [2.312278985977173, 6.413501024246216, 4.94635796546936, 3.542487144470215, 3.079630136489868, 3.1454389095306396, 0.024930238723754883, 2.897681713104248, 0.024593114852905273, 3.0499141216278076, 3.0995709896087646, 5.676995038986206, 4.830121040344238, 4.534420967102051, 4.034699201583862]
{'args': ((33, 0, slice(0, 960, None), slice(None, None, None)),), 'dataset shape': (40, 11, 1921, 2560), 'dataset chunks': (7, 1, 385, 512), 'indexing time (s)': 2.1457672119140625e-06, 'chunk number': 1650, 'reduction time (s)': 51.613929986953735, 'chunks processed': 15, 'storage read (B)': 29670387, 'selection 1 time (s)': 51.61411690711975}
Thread times [2.7953901290893555, 3.1071689128875732, 3.784271717071533, 2.996439218521118, 2.637998104095459, 2.8765060901641846, 0.01906418800354004, 2.9186418056488037, 0.018903732299804688, 2.9379172325134277, 2.7481331825256348, 2.855132818222046, 2.9305760860443115, 3.1528849601745605, 4.741517066955566]
{'args': ((34, 0, slice(0, 960, None), slice(None, None, None)),), 'dataset shape': (40, 11, 1921, 2560), 'dataset chunks': (7, 1, 385, 512), 'indexing time (s)': 4.0531158447265625e-06, 'chunk number': 1650, 'reduction time (s)': 40.52136826515198, 'chunks processed': 15, 'storage read (B)': 29670387, 'selection 1 time (s)': 40.52154994010925}
Thread times [3.950749158859253, 2.478165864944458, 2.4688880443573, 2.3773701190948486, 2.4811909198760986, 2.6959731578826904, 3.834453821182251, 2.7638509273529053, 3.887939214706421, 2.686073064804077, 2.5206589698791504, 2.6036651134490967, 2.6556379795074463, 2.57089900970459, 2.594862937927246]
{'args': ((35, 0, slice(0, 960, None), slice(None, None, None)),), 'dataset shape': (40, 11, 1921, 2560), 'dataset chunks': (7, 1, 385, 512), 'indexing time (s)': 1.1920928955078125e-06, 'chunk number': 1650, 'reduction time (s)': 42.57112383842468, 'chunks processed': 15, 'storage read (B)': 21287473, 'selection 1 time (s)': 42.5712251663208}
Thread times [2.2839598655700684, 2.167778253555298, 2.469069004058838, 2.3603930473327637, 3.3026652336120605, 3.051996946334839, 3.1387531757354736, 2.939603805541992, 3.4525482654571533, 4.066470146179199, 2.961601972579956, 3.0453648567199707, 2.8888700008392334, 2.947700023651123, 2.653533935546875]
{'args': ((36, 0, slice(0, 960, None), slice(None, None, None)),), 'dataset shape': (40, 11, 1921, 2560), 'dataset chunks': (7, 1, 385, 512), 'indexing time (s)': 9.5367431640625e-07, 'chunk number': 1650, 'reduction time (s)': 43.73109698295593, 'chunks processed': 15, 'storage read (B)': 21287473, 'selection 1 time (s)': 43.731204986572266}
Thread times [3.3701350688934326, 2.2172327041625977, 2.7936911582946777, 2.4565179347991943, 2.623634099960327, 2.7301580905914307, 2.864532947540283, 3.11678409576416, 3.146109104156494, 2.9261600971221924, 2.5671989917755127, 2.946972131729126, 2.6835436820983887, 2.878124952316284, 2.9679811000823975]
{'args': ((37, 0, slice(0, 960, None), slice(None, None, None)),), 'dataset shape': (40, 11, 1921, 2560), 'dataset chunks': (7, 1, 385, 512), 'indexing time (s)': 0.0, 'chunk number': 1650, 'reduction time (s)': 42.28949999809265, 'chunks processed': 15, 'storage read (B)': 21287473, 'selection 1 time (s)': 42.28958797454834}
Thread times [2.3003227710723877, 2.264443874359131, 2.427711009979248, 2.326810836791992, 2.662078857421875, 2.7776267528533936, 3.5867462158203125, 2.7075958251953125, 2.5897889137268066, 2.737974166870117, 2.627736806869507, 2.611173152923584, 2.8073699474334717, 2.8111190795898438, 2.620755910873413]
{'args': ((38, 0, slice(0, 960, None), slice(None, None, None)),), 'dataset shape': (40, 11, 1921, 2560), 'dataset chunks': (7, 1, 385, 512), 'indexing time (s)': 9.5367431640625e-07, 'chunk number': 1650, 'reduction time (s)': 39.860122203826904, 'chunks processed': 15, 'storage read (B)': 21287473, 'selection 1 time (s)': 39.86021399497986}
Thread times [2.2138376235961914, 2.452862024307251, 5.1467180252075195, 2.6064488887786865, 2.614565849304199, 2.617888927459717, 2.6009931564331055, 2.632209062576294, 2.5972468852996826, 2.794281005859375, 2.5378549098968506, 2.612945079803467, 2.810241937637329, 2.6940348148345947, 2.6451940536499023]
{'args': ((39, 0, slice(0, 960, None), slice(None, None, None)),), 'dataset shape': (40, 11, 1921, 2560), 'dataset chunks': (7, 1, 385, 512), 'indexing time (s)': 9.5367431640625e-07, 'chunk number': 1650, 'reduction time (s)': 41.5781672000885, 'chunks processed': 15, 'storage read (B)': 21287473, 'selection 1 time (s)': 41.578269720077515}
[[226.07817708]
 [226.06473958]
 [225.93765625]
 [225.90807292]
 [225.91734375]
 [225.88453125]
 [225.82075521]
 [225.85440104]
 [225.98328125]
 [226.03804687]
 [226.01315104]
 [226.02330729]
 [226.03770833]
 [226.00476563]
 [225.91765625]
 [225.94036458]
 [225.98721354]
 [225.9146875 ]
 [225.81242188]
 [225.81869792]
 [225.84526042]
 [225.78497396]
 [225.63651042]
 [225.55651042]
 [225.45734375]
 [225.32369792]
 [225.16325521]
 [225.07794271]
 [225.07846354]
 [225.10664063]
 [225.17609375]
 [225.36880208]
 [225.57911458]
 [225.69080729]
 [225.72229167]
 [225.82367188]
 [225.93658854]
 [225.96765625]
 [225.91861979]
 [225.9225    ]]
Summary:  Hom24-np3:Local (T1,BS5): 15.0s,3.388e+03s,3.47e+03s
