Dataset loaded from S3 with s3fs and Pyfive: bnl/ch330a.pc19790301-def.nc (0.27,1.2e+01)
Thread times [0.23340702056884766, 0.07027077674865723, 0.08520126342773438, 0.08008289337158203, 0.179779052734375, 0.10397791862487793, 0.1415109634399414, 0.1537630558013916, 0.3211781978607178, 0.09456014633178711, 0.11783194541931152, 0.23913311958312988, 0.1032252311706543, 0.10269784927368164, 0.2803528308868408]
{'load nc time': 14.570630073547363, 'args': ((0, 0, slice(0, 960, None), slice(None, None, None)),), 'dataset shape': (40, 11, 1921, 2560), 'dataset chunks': (7, 1, 385, 512), 'indexing time (s)': 65.1903748512268, 'chunk number': 1650, 'reduction time (s)': 2.3094022274017334, 'chunks processed': 15, 'storage read (B)': 29685482, 'selection 2 time (s)': 67.50419402122498}
Thread times [0.2735731601715088, 0.22429919242858887, 0.0954279899597168, 0.10315299034118652, 0.09484004974365234, 0.16466522216796875, 0.12360405921936035, 0.09241199493408203, 0.30585217475891113, 0.0977940559387207, 0.09674692153930664, 0.333575963973999, 0.12132096290588379, 0.10305523872375488, 0.10930871963500977]
{'args': ((1, 0, slice(0, 960, None), slice(None, None, None)),), 'dataset shape': (40, 11, 1921, 2560), 'dataset chunks': (7, 1, 385, 512), 'indexing time (s)': 4.0531158447265625e-06, 'chunk number': 1650, 'reduction time (s)': 2.3424439430236816, 'chunks processed': 15, 'storage read (B)': 29685482, 'selection 2 time (s)': 2.3486692905426025}
Thread times [0.2917311191558838, 0.10242509841918945, 0.14108800888061523, 0.16599106788635254, 0.0890800952911377, 0.11053824424743652, 0.10000395774841309, 0.11047601699829102, 0.2873508930206299, 0.11793303489685059, 0.23527908325195312, 0.32766008377075195, 0.19594526290893555, 0.10060405731201172, 0.09790802001953125]
{'args': ((2, 0, slice(0, 960, None), slice(None, None, None)),), 'dataset shape': (40, 11, 1921, 2560), 'dataset chunks': (7, 1, 385, 512), 'indexing time (s)': 4.0531158447265625e-06, 'chunk number': 1650, 'reduction time (s)': 2.4763269424438477, 'chunks processed': 15, 'storage read (B)': 29685482, 'selection 2 time (s)': 2.480626106262207}
Thread times [0.32002711296081543, 0.09480810165405273, 0.08229374885559082, 0.07843494415283203, 0.0884249210357666, 0.2834470272064209, 0.13981413841247559, 0.28241801261901855, 0.2917139530181885, 0.22926688194274902, 0.22312307357788086, 0.300915002822876, 0.09139895439147949, 0.11633896827697754, 0.1034548282623291]
{'args': ((3, 0, slice(0, 960, None), slice(None, None, None)),), 'dataset shape': (40, 11, 1921, 2560), 'dataset chunks': (7, 1, 385, 512), 'indexing time (s)': 3.814697265625e-06, 'chunk number': 1650, 'reduction time (s)': 2.728372097015381, 'chunks processed': 15, 'storage read (B)': 29685482, 'selection 2 time (s)': 2.7328851222991943}
Thread times [0.3392660617828369, 0.06958675384521484, 0.09677004814147949, 0.08251214027404785, 0.14403080940246582, 0.09799385070800781, 0.09925413131713867, 0.09710478782653809, 0.24520611763000488, 0.0920248031616211, 0.09364604949951172, 0.22962212562561035, 0.18343424797058105, 0.09735894203186035, 0.0958259105682373]
{'args': ((4, 0, slice(0, 960, None), slice(None, None, None)),), 'dataset shape': (40, 11, 1921, 2560), 'dataset chunks': (7, 1, 385, 512), 'indexing time (s)': 7.867813110351562e-06, 'chunk number': 1650, 'reduction time (s)': 2.0661909580230713, 'chunks processed': 15, 'storage read (B)': 29685482, 'selection 2 time (s)': 2.070995807647705}
Thread times [0.12899518013000488, 0.10515809059143066, 0.08209514617919922, 0.07778215408325195, 0.09138202667236328, 0.10111689567565918, 0.1713428497314453, 0.09499979019165039, 0.2452709674835205, 0.09447693824768066, 0.2045438289642334, 0.4088108539581299, 0.11199188232421875, 0.13410377502441406, 0.27756214141845703]
{'args': ((5, 0, slice(0, 960, None), slice(None, None, None)),), 'dataset shape': (40, 11, 1921, 2560), 'dataset chunks': (7, 1, 385, 512), 'indexing time (s)': 5.0067901611328125e-06, 'chunk number': 1650, 'reduction time (s)': 2.332465171813965, 'chunks processed': 15, 'storage read (B)': 29685482, 'selection 2 time (s)': 2.336958885192871}
Thread times [0.12061786651611328, 0.08449888229370117, 0.07510805130004883, 0.12568116188049316, 0.11200904846191406, 0.09116411209106445, 0.10514402389526367, 0.0935361385345459, 0.24271583557128906, 0.11022281646728516, 0.14488911628723145, 0.2588517665863037, 0.08572196960449219, 0.09550166130065918, 0.1013028621673584]
{'args': ((6, 0, slice(0, 960, None), slice(None, None, None)),), 'dataset shape': (40, 11, 1921, 2560), 'dataset chunks': (7, 1, 385, 512), 'indexing time (s)': 3.814697265625e-06, 'chunk number': 1650, 'reduction time (s)': 1.8495049476623535, 'chunks processed': 15, 'storage read (B)': 29685482, 'selection 2 time (s)': 1.8537349700927734}
Thread times [0.23975706100463867, 0.06981301307678223, 0.09437179565429688, 0.10799002647399902, 0.10960507392883301, 0.14080214500427246, 0.10586190223693848, 0.09438300132751465, 0.3228590488433838, 0.10404300689697266, 0.11201190948486328, 0.09813714027404785, 0.20811986923217773, 0.09629607200622559, 0.11993885040283203]
{'args': ((7, 0, slice(0, 960, None), slice(None, None, None)),), 'dataset shape': (40, 11, 1921, 2560), 'dataset chunks': (7, 1, 385, 512), 'indexing time (s)': 3.814697265625e-06, 'chunk number': 1650, 'reduction time (s)': 2.0265681743621826, 'chunks processed': 15, 'storage read (B)': 29701892, 'selection 2 time (s)': 2.029639959335327}
Thread times [0.14511609077453613, 0.22852706909179688, 0.11385393142700195, 0.15696215629577637, 0.18386197090148926, 0.09459519386291504, 0.10161495208740234, 0.14225101470947266, 0.2433757781982422, 0.1562819480895996, 0.09259295463562012, 0.09985613822937012, 0.11701202392578125, 0.25112199783325195, 0.11509490013122559]
{'args': ((8, 0, slice(0, 960, None), slice(None, None, None)),), 'dataset shape': (40, 11, 1921, 2560), 'dataset chunks': (7, 1, 385, 512), 'indexing time (s)': 2.1457672119140625e-06, 'chunk number': 1650, 'reduction time (s)': 2.244328022003174, 'chunks processed': 15, 'storage read (B)': 29701892, 'selection 2 time (s)': 2.2475709915161133}
Thread times [0.15425491333007812, 0.08271121978759766, 0.1401829719543457, 0.09069204330444336, 0.10603499412536621, 0.10614895820617676, 0.11500811576843262, 0.1054680347442627, 0.3023381233215332, 0.11008262634277344, 0.10652422904968262, 0.09477710723876953, 0.21186137199401855, 0.09839081764221191, 0.12253093719482422]
{'args': ((9, 0, slice(0, 960, None), slice(None, None, None)),), 'dataset shape': (40, 11, 1921, 2560), 'dataset chunks': (7, 1, 385, 512), 'indexing time (s)': 1.9073486328125e-06, 'chunk number': 1650, 'reduction time (s)': 1.949608325958252, 'chunks processed': 15, 'storage read (B)': 29701892, 'selection 2 time (s)': 1.9539940357208252}
Thread times [0.12703418731689453, 0.17029905319213867, 0.12446308135986328, 0.09160900115966797, 0.12245464324951172, 0.18546795845031738, 0.14408493041992188, 0.1017160415649414, 0.2767653465270996, 0.09521913528442383, 0.12249541282653809, 0.09369492530822754, 0.08864784240722656, 0.13198089599609375, 0.12101197242736816]
{'args': ((10, 0, slice(0, 960, None), slice(None, None, None)),), 'dataset shape': (40, 11, 1921, 2560), 'dataset chunks': (7, 1, 385, 512), 'indexing time (s)': 4.291534423828125e-06, 'chunk number': 1650, 'reduction time (s)': 1.9998531341552734, 'chunks processed': 15, 'storage read (B)': 29701892, 'selection 2 time (s)': 2.0049147605895996}
Thread times [0.13060593605041504, 0.07619309425354004, 0.1815938949584961, 0.08499002456665039, 0.09787487983703613, 0.09320688247680664, 0.10140180587768555, 0.14719009399414062, 0.3322620391845703, 0.19220995903015137, 0.09889364242553711, 0.09700608253479004, 0.131361722946167, 0.31766605377197266, 0.11130976676940918]
{'args': ((11, 0, slice(0, 960, None), slice(None, None, None)),), 'dataset shape': (40, 11, 1921, 2560), 'dataset chunks': (7, 1, 385, 512), 'indexing time (s)': 4.76837158203125e-06, 'chunk number': 1650, 'reduction time (s)': 2.1966640949249268, 'chunks processed': 15, 'storage read (B)': 29701892, 'selection 2 time (s)': 2.2013628482818604}
Thread times [0.12305521965026855, 0.22269535064697266, 0.08824801445007324, 0.11257815361022949, 0.09386396408081055, 0.1686568260192871, 0.09467697143554688, 0.10338401794433594, 0.39177489280700684, 0.10872387886047363, 0.09426307678222656, 0.08371686935424805, 0.17137718200683594, 0.10129594802856445, 0.0981590747833252]
{'args': ((12, 0, slice(0, 960, None), slice(None, None, None)),), 'dataset shape': (40, 11, 1921, 2560), 'dataset chunks': (7, 1, 385, 512), 'indexing time (s)': 5.0067901611328125e-06, 'chunk number': 1650, 'reduction time (s)': 2.059601068496704, 'chunks processed': 15, 'storage read (B)': 29701892, 'selection 2 time (s)': 2.064210891723633}
Thread times [0.1273500919342041, 0.07119989395141602, 0.11992812156677246, 0.0885319709777832, 0.08986496925354004, 0.1010291576385498, 0.09395909309387207, 0.15031766891479492, 0.29901695251464844, 0.10408711433410645, 0.1199960708618164, 0.13153290748596191, 0.09612083435058594, 0.09795594215393066, 0.1964740753173828]
{'args': ((13, 0, slice(0, 960, None), slice(None, None, None)),), 'dataset shape': (40, 11, 1921, 2560), 'dataset chunks': (7, 1, 385, 512), 'indexing time (s)': 5.0067901611328125e-06, 'chunk number': 1650, 'reduction time (s)': 1.8896238803863525, 'chunks processed': 15, 'storage read (B)': 29701892, 'selection 2 time (s)': 1.8928380012512207}
Thread times [0.12522411346435547, 0.11709308624267578, 0.1460411548614502, 0.1344928741455078, 0.09024786949157715, 0.09632158279418945, 0.10551285743713379, 0.10638427734375, 0.310136079788208, 0.11474990844726562, 0.09382486343383789, 0.13041210174560547, 0.10020184516906738, 0.14279985427856445, 0.08881211280822754]
{'args': ((14, 0, slice(0, 960, None), slice(None, None, None)),), 'dataset shape': (40, 11, 1921, 2560), 'dataset chunks': (7, 1, 385, 512), 'indexing time (s)': 9.5367431640625e-07, 'chunk number': 1650, 'reduction time (s)': 1.9039978981018066, 'chunks processed': 15, 'storage read (B)': 29733505, 'selection 2 time (s)': 1.9065861701965332}
Thread times [0.18847990036010742, 0.09530878067016602, 0.07675409317016602, 0.08852910995483398, 0.0937340259552002, 0.1688220500946045, 0.1340010166168213, 0.10161995887756348, 0.28872203826904297, 0.11537718772888184, 0.09508299827575684, 0.09557294845581055, 0.21940994262695312, 0.09639501571655273, 0.10369396209716797]
{'args': ((15, 0, slice(0, 960, None), slice(None, None, None)),), 'dataset shape': (40, 11, 1921, 2560), 'dataset chunks': (7, 1, 385, 512), 'indexing time (s)': 1.9073486328125e-06, 'chunk number': 1650, 'reduction time (s)': 1.9634575843811035, 'chunks processed': 15, 'storage read (B)': 29733505, 'selection 2 time (s)': 1.9644553661346436}
Thread times [0.11764407157897949, 0.08399295806884766, 0.11880183219909668, 0.08941388130187988, 0.13798809051513672, 0.08879685401916504, 0.1060190200805664, 0.1041412353515625, 0.24080586433410645, 0.28279876708984375, 0.09003114700317383, 0.1168670654296875, 0.11962008476257324, 0.19450807571411133, 0.1184091567993164]
{'args': ((16, 0, slice(0, 960, None), slice(None, None, None)),), 'dataset shape': (40, 11, 1921, 2560), 'dataset chunks': (7, 1, 385, 512), 'indexing time (s)': 9.5367431640625e-07, 'chunk number': 1650, 'reduction time (s)': 2.0116710662841797, 'chunks processed': 15, 'storage read (B)': 29733505, 'selection 2 time (s)': 2.012723922729492}
Thread times [0.11497306823730469, 0.1054999828338623, 0.08274102210998535, 0.10258316993713379, 0.12291193008422852, 0.10497784614562988, 0.10674309730529785, 0.1891460418701172, 0.2549011707305908, 0.14742112159729004, 0.12143898010253906, 0.10906410217285156, 0.1380460262298584, 0.10490083694458008, 0.17293810844421387]
{'args': ((17, 0, slice(0, 960, None), slice(None, None, None)),), 'dataset shape': (40, 11, 1921, 2560), 'dataset chunks': (7, 1, 385, 512), 'indexing time (s)': 0.0, 'chunk number': 1650, 'reduction time (s)': 1.9807441234588623, 'chunks processed': 15, 'storage read (B)': 29733505, 'selection 2 time (s)': 1.9844608306884766}
Thread times [0.1216270923614502, 0.08975696563720703, 0.08205509185791016, 0.09583616256713867, 0.1278400421142578, 0.10227084159851074, 0.11416506767272949, 0.11055684089660645, 0.21341395378112793, 0.13414382934570312, 0.11109089851379395, 0.26291489601135254, 0.09380578994750977, 0.09125900268554688, 0.12758088111877441]
{'args': ((18, 0, slice(0, 960, None), slice(None, None, None)),), 'dataset shape': (40, 11, 1921, 2560), 'dataset chunks': (7, 1, 385, 512), 'indexing time (s)': 4.0531158447265625e-06, 'chunk number': 1650, 'reduction time (s)': 1.8805508613586426, 'chunks processed': 15, 'storage read (B)': 29733505, 'selection 2 time (s)': 1.8840529918670654}
Thread times [0.30257177352905273, 0.07927703857421875, 0.0794379711151123, 0.13729119300842285, 0.13242077827453613, 0.09792208671569824, 0.13195586204528809, 0.11698198318481445, 0.25092625617980957, 0.09131908416748047, 0.18254590034484863, 0.17525362968444824, 0.12854790687561035, 0.1100621223449707, 0.10251688957214355]
{'args': ((19, 0, slice(0, 960, None), slice(None, None, None)),), 'dataset shape': (40, 11, 1921, 2560), 'dataset chunks': (7, 1, 385, 512), 'indexing time (s)': 1.9073486328125e-06, 'chunk number': 1650, 'reduction time (s)': 2.121142864227295, 'chunks processed': 15, 'storage read (B)': 29733505, 'selection 2 time (s)': 2.1248507499694824}
Thread times [0.17638802528381348, 0.08743786811828613, 0.08256697654724121, 0.09389019012451172, 0.09816884994506836, 0.1648709774017334, 0.10440492630004883, 0.10661196708679199, 0.31133389472961426, 0.1214900016784668, 0.12955021858215332, 0.2750382423400879, 0.10171103477478027, 0.11373186111450195, 0.10291671752929688]
{'args': ((20, 0, slice(0, 960, None), slice(None, None, None)),), 'dataset shape': (40, 11, 1921, 2560), 'dataset chunks': (7, 1, 385, 512), 'indexing time (s)': 4.76837158203125e-06, 'chunk number': 1650, 'reduction time (s)': 2.0727908611297607, 'chunks processed': 15, 'storage read (B)': 29733505, 'selection 2 time (s)': 2.077471971511841}
Thread times [0.2951700687408447, 0.06969213485717773, 0.09177970886230469, 0.09141874313354492, 0.1739499568939209, 0.11470603942871094, 0.10895991325378418, 0.09722495079040527, 0.10906076431274414, 0.18889522552490234, 0.10790491104125977, 0.319472074508667, 0.2251877784729004, 0.2982919216156006, 0.09685397148132324]
{'args': ((21, 0, slice(0, 960, None), slice(None, None, None)),), 'dataset shape': (40, 11, 1921, 2560), 'dataset chunks': (7, 1, 385, 512), 'indexing time (s)': 5.0067901611328125e-06, 'chunk number': 1650, 'reduction time (s)': 2.390626907348633, 'chunks processed': 15, 'storage read (B)': 29686785, 'selection 2 time (s)': 2.3938639163970947}
Thread times [0.1600790023803711, 0.26641392707824707, 0.15157389640808105, 0.10503792762756348, 0.08213615417480469, 0.18427491188049316, 0.18588805198669434, 0.15674495697021484, 0.18058395385742188, 0.10033774375915527, 0.10525393486022949, 0.10343217849731445, 0.25411486625671387, 0.48629307746887207, 0.09853601455688477]
{'args': ((22, 0, slice(0, 960, None), slice(None, None, None)),), 'dataset shape': (40, 11, 1921, 2560), 'dataset chunks': (7, 1, 385, 512), 'indexing time (s)': 2.1457672119140625e-06, 'chunk number': 1650, 'reduction time (s)': 2.6231749057769775, 'chunks processed': 15, 'storage read (B)': 29686785, 'selection 2 time (s)': 2.6268599033355713}
Thread times [0.12524008750915527, 0.0732109546661377, 0.22203588485717773, 0.09085392951965332, 0.09145402908325195, 0.15681099891662598, 0.18446898460388184, 0.10122895240783691, 0.11911511421203613, 0.10610318183898926, 0.1952991485595703, 0.10895800590515137, 0.41724181175231934, 0.23059582710266113, 0.09442305564880371]
{'args': ((23, 0, slice(0, 960, None), slice(None, None, None)),), 'dataset shape': (40, 11, 1921, 2560), 'dataset chunks': (7, 1, 385, 512), 'indexing time (s)': 4.0531158447265625e-06, 'chunk number': 1650, 'reduction time (s)': 2.3196229934692383, 'chunks processed': 15, 'storage read (B)': 29686785, 'selection 2 time (s)': 2.3248488903045654}
Thread times [0.2922708988189697, 0.07432413101196289, 0.09590601921081543, 0.09134173393249512, 0.1614670753479004, 0.10057306289672852, 0.1370069980621338, 0.09943914413452148, 0.18623614311218262, 0.09634113311767578, 0.10335302352905273, 0.09803605079650879, 0.24900484085083008, 0.22405505180358887, 0.08137798309326172]
{'args': ((24, 0, slice(0, 960, None), slice(None, None, None)),), 'dataset shape': (40, 11, 1921, 2560), 'dataset chunks': (7, 1, 385, 512), 'indexing time (s)': 3.814697265625e-06, 'chunk number': 1650, 'reduction time (s)': 2.0936989784240723, 'chunks processed': 15, 'storage read (B)': 29686785, 'selection 2 time (s)': 2.0984246730804443}
Thread times [0.28774476051330566, 0.07594919204711914, 0.12269330024719238, 0.22722816467285156, 0.09044313430786133, 0.09872889518737793, 0.11067318916320801, 0.09856200218200684, 0.18438506126403809, 0.10124397277832031, 0.09946107864379883, 0.08209896087646484, 0.2197561264038086, 0.5045580863952637, 0.09667205810546875]
{'args': ((25, 0, slice(0, 960, None), slice(None, None, None)),), 'dataset shape': (40, 11, 1921, 2560), 'dataset chunks': (7, 1, 385, 512), 'indexing time (s)': 4.0531158447265625e-06, 'chunk number': 1650, 'reduction time (s)': 2.402294158935547, 'chunks processed': 15, 'storage read (B)': 29686785, 'selection 2 time (s)': 2.404433012008667}
Thread times [0.12342000007629395, 0.07126092910766602, 0.10242986679077148, 0.11002588272094727, 0.08815908432006836, 0.09204792976379395, 0.10784196853637695, 0.10257363319396973, 0.1339728832244873, 0.10173392295837402, 0.09380412101745605, 0.10011887550354004, 0.22765803337097168, 0.26283693313598633, 0.0973057746887207]
{'args': ((26, 0, slice(0, 960, None), slice(None, None, None)),), 'dataset shape': (40, 11, 1921, 2560), 'dataset chunks': (7, 1, 385, 512), 'indexing time (s)': 1.6689300537109375e-06, 'chunk number': 1650, 'reduction time (s)': 1.8175292015075684, 'chunks processed': 15, 'storage read (B)': 29686785, 'selection 2 time (s)': 1.8211710453033447}
Thread times [0.16111397743225098, 0.06893181800842285, 0.13027286529541016, 0.08720898628234863, 0.07908296585083008, 0.15601205825805664, 0.11318612098693848, 0.1029510498046875, 0.16645193099975586, 0.14096784591674805, 0.10025691986083984, 0.10159111022949219, 0.3614640235900879, 0.2425699234008789, 0.08362603187561035]
{'args': ((27, 0, slice(0, 960, None), slice(None, None, None)),), 'dataset shape': (40, 11, 1921, 2560), 'dataset chunks': (7, 1, 385, 512), 'indexing time (s)': 5.0067901611328125e-06, 'chunk number': 1650, 'reduction time (s)': 2.0982577800750732, 'chunks processed': 15, 'storage read (B)': 29686785, 'selection 2 time (s)': 2.1015360355377197}
Thread times [0.15546822547912598, 0.07337188720703125, 0.10566878318786621, 0.09505510330200195, 0.10005712509155273, 0.14868497848510742, 0.09438109397888184, 0.09119486808776855, 0.22655177116394043, 0.11135077476501465, 0.09525203704833984, 0.23211073875427246, 0.2877798080444336, 0.1452927589416504, 0.09665894508361816]
{'args': ((28, 0, slice(0, 960, None), slice(None, None, None)),), 'dataset shape': (40, 11, 1921, 2560), 'dataset chunks': (7, 1, 385, 512), 'indexing time (s)': 1.9073486328125e-06, 'chunk number': 1650, 'reduction time (s)': 2.0615668296813965, 'chunks processed': 15, 'storage read (B)': 29670387, 'selection 2 time (s)': 2.066390037536621}
Thread times [0.3186318874359131, 0.07529711723327637, 0.12931203842163086, 0.08786988258361816, 0.10604310035705566, 0.09197211265563965, 0.1035618782043457, 0.11881804466247559, 0.19989609718322754, 0.1011350154876709, 0.09387683868408203, 0.2188887596130371, 0.11177706718444824, 0.09924197196960449, 0.10633492469787598]
{'args': ((29, 0, slice(0, 960, None), slice(None, None, None)),), 'dataset shape': (40, 11, 1921, 2560), 'dataset chunks': (7, 1, 385, 512), 'indexing time (s)': 4.0531158447265625e-06, 'chunk number': 1650, 'reduction time (s)': 1.9654221534729004, 'chunks processed': 15, 'storage read (B)': 29670387, 'selection 2 time (s)': 1.9700288772583008}
Thread times [0.14339995384216309, 0.06805300712585449, 0.09992098808288574, 0.09780287742614746, 0.10327816009521484, 0.1360950469970703, 0.18682599067687988, 0.11915183067321777, 0.11348986625671387, 0.09910917282104492, 0.19285798072814941, 0.30896806716918945, 0.2145249843597412, 0.1560230255126953, 0.09826302528381348]
{'args': ((30, 0, slice(0, 960, None), slice(None, None, None)),), 'dataset shape': (40, 11, 1921, 2560), 'dataset chunks': (7, 1, 385, 512), 'indexing time (s)': 4.0531158447265625e-06, 'chunk number': 1650, 'reduction time (s)': 2.140488862991333, 'chunks processed': 15, 'storage read (B)': 29670387, 'selection 2 time (s)': 2.1451292037963867}
Thread times [0.26378917694091797, 0.09594583511352539, 0.11297082901000977, 0.317730188369751, 0.12059187889099121, 0.10098981857299805, 0.13946104049682617, 0.25557827949523926, 0.10528683662414551, 0.09474515914916992, 0.2307720184326172, 0.26473093032836914, 0.2571570873260498, 0.15774106979370117, 0.10912394523620605]
{'args': ((31, 0, slice(0, 960, None), slice(None, None, None)),), 'dataset shape': (40, 11, 1921, 2560), 'dataset chunks': (7, 1, 385, 512), 'indexing time (s)': 8.106231689453125e-06, 'chunk number': 1650, 'reduction time (s)': 2.629445791244507, 'chunks processed': 15, 'storage read (B)': 29670387, 'selection 2 time (s)': 2.6341700553894043}
Thread times [0.35007166862487793, 0.0674750804901123, 0.0961599349975586, 0.0877838134765625, 0.1744997501373291, 0.12623095512390137, 0.1380019187927246, 0.10244083404541016, 0.15631699562072754, 0.1014409065246582, 0.1031951904296875, 0.404400110244751, 0.10171127319335938, 0.10111308097839355, 0.23549985885620117]
{'args': ((32, 0, slice(0, 960, None), slice(None, None, None)),), 'dataset shape': (40, 11, 1921, 2560), 'dataset chunks': (7, 1, 385, 512), 'indexing time (s)': 5.9604644775390625e-06, 'chunk number': 1650, 'reduction time (s)': 2.3488051891326904, 'chunks processed': 15, 'storage read (B)': 29670387, 'selection 2 time (s)': 2.353158950805664}
Thread times [0.1493518352508545, 0.1087348461151123, 0.08895206451416016, 0.17233729362487793, 0.1412038803100586, 0.11016702651977539, 0.12851786613464355, 0.14362812042236328, 0.11235833168029785, 0.11696887016296387, 0.10271596908569336, 0.26054811477661133, 0.11628985404968262, 0.0999612808227539, 0.09473276138305664]
{'args': ((33, 0, slice(0, 960, None), slice(None, None, None)),), 'dataset shape': (40, 11, 1921, 2560), 'dataset chunks': (7, 1, 385, 512), 'indexing time (s)': 3.814697265625e-06, 'chunk number': 1650, 'reduction time (s)': 1.9491772651672363, 'chunks processed': 15, 'storage read (B)': 29670387, 'selection 2 time (s)': 1.9537849426269531}
Thread times [0.21080684661865234, 0.06682491302490234, 0.08576416969299316, 0.08228302001953125, 0.11538290977478027, 0.1126861572265625, 0.09845113754272461, 0.09694385528564453, 0.11106491088867188, 0.09431004524230957, 0.11219000816345215, 0.30561208724975586, 0.10842585563659668, 0.10742807388305664, 0.10629582405090332]
{'args': ((34, 0, slice(0, 960, None), slice(None, None, None)),), 'dataset shape': (40, 11, 1921, 2560), 'dataset chunks': (7, 1, 385, 512), 'indexing time (s)': 4.76837158203125e-06, 'chunk number': 1650, 'reduction time (s)': 1.8169450759887695, 'chunks processed': 15, 'storage read (B)': 29670387, 'selection 2 time (s)': 1.8214800357818604}
Thread times [0.18246126174926758, 0.0655670166015625, 0.16415786743164062, 0.08112406730651855, 0.06984496116638184, 0.09054398536682129, 0.09870290756225586, 0.1835341453552246, 0.09904003143310547, 0.11626696586608887, 0.09015178680419922, 0.08710122108459473, 0.132432222366333, 0.09218311309814453, 0.10950779914855957]
{'args': ((35, 0, slice(0, 960, None), slice(None, None, None)),), 'dataset shape': (40, 11, 1921, 2560), 'dataset chunks': (7, 1, 385, 512), 'indexing time (s)': 5.0067901611328125e-06, 'chunk number': 1650, 'reduction time (s)': 1.6650629043579102, 'chunks processed': 15, 'storage read (B)': 21287473, 'selection 2 time (s)': 1.6697897911071777}
Thread times [0.14206814765930176, 0.07246708869934082, 0.14147496223449707, 0.08637809753417969, 0.06857585906982422, 0.08775210380554199, 0.11123418807983398, 0.12822699546813965, 0.08681273460388184, 0.09240579605102539, 0.08959484100341797, 0.2903432846069336, 0.09723377227783203, 0.09010577201843262, 0.3051340579986572]
{'args': ((36, 0, slice(0, 960, None), slice(None, None, None)),), 'dataset shape': (40, 11, 1921, 2560), 'dataset chunks': (7, 1, 385, 512), 'indexing time (s)': 5.245208740234375e-06, 'chunk number': 1650, 'reduction time (s)': 1.8925819396972656, 'chunks processed': 15, 'storage read (B)': 21287473, 'selection 2 time (s)': 1.897075891494751}
Thread times [0.14893388748168945, 0.3676302433013916, 0.09925603866577148, 0.11099910736083984, 0.07481527328491211, 0.09804201126098633, 0.13779592514038086, 0.10175585746765137, 0.0861063003540039, 0.10808801651000977, 0.23066115379333496, 0.09590792655944824, 0.09088778495788574, 0.09422826766967773, 0.10230898857116699]
{'args': ((37, 0, slice(0, 960, None), slice(None, None, None)),), 'dataset shape': (40, 11, 1921, 2560), 'dataset chunks': (7, 1, 385, 512), 'indexing time (s)': 3.0994415283203125e-06, 'chunk number': 1650, 'reduction time (s)': 1.9500269889831543, 'chunks processed': 15, 'storage read (B)': 21287473, 'selection 2 time (s)': 1.9546570777893066}
Thread times [0.23601078987121582, 0.08092212677001953, 0.0991518497467041, 0.11223316192626953, 0.12878680229187012, 0.12793397903442383, 0.18511700630187988, 0.08633708953857422, 0.12446093559265137, 0.08476495742797852, 0.09099221229553223, 0.10226202011108398, 0.09843802452087402, 0.14812898635864258, 0.09828829765319824]
{'args': ((38, 0, slice(0, 960, None), slice(None, None, None)),), 'dataset shape': (40, 11, 1921, 2560), 'dataset chunks': (7, 1, 385, 512), 'indexing time (s)': 8.106231689453125e-06, 'chunk number': 1650, 'reduction time (s)': 1.806185245513916, 'chunks processed': 15, 'storage read (B)': 21287473, 'selection 2 time (s)': 1.810877799987793}
Thread times [0.14182710647583008, 0.06525993347167969, 0.06920814514160156, 0.14302396774291992, 0.0961160659790039, 0.08852291107177734, 0.08729004859924316, 0.07849502563476562, 0.1732618808746338, 0.09263730049133301, 0.09314799308776855, 0.08955812454223633, 0.08736991882324219, 0.15967798233032227, 0.0980837345123291]
{'args': ((39, 0, slice(0, 960, None), slice(None, None, None)),), 'dataset shape': (40, 11, 1921, 2560), 'dataset chunks': (7, 1, 385, 512), 'indexing time (s)': 2.6226043701171875e-06, 'chunk number': 1650, 'reduction time (s)': 1.565690040588379, 'chunks processed': 15, 'storage read (B)': 21287473, 'selection 2 time (s)': 1.5688509941101074}
[[226.07820312]
 [226.0646875 ]
 [225.93776042]
 [225.90820312]
 [225.91739583]
 [225.88460937]
 [225.82080729]
 [225.85434896]
 [225.9834375 ]
 [226.03822917]
 [226.01317708]
 [226.02333333]
 [226.03765625]
 [226.00486979]
 [225.91778646]
 [225.9403125 ]
 [225.98729167]
 [225.91450521]
 [225.81239583]
 [225.81890625]
 [225.8453125 ]
 [225.785     ]
 [225.63648438]
 [225.5565625 ]
 [225.45744792]
 [225.32382813]
 [225.16335937]
 [225.07786458]
 [225.07846354]
 [225.10669271]
 [225.17606771]
 [225.36867187]
 [225.57927083]
 [225.69083333]
 [225.7221875 ]
 [225.82367188]
 [225.93640625]
 [225.96760417]
 [225.91875   ]
 [225.92236979]]
Summary:  Hom24-np3:Active (T1,BS5): 14.6s,83.94s,163.9s
