Dataset loaded from S3 with s3fs and Pyfive: bnl/ch330a.pc19790301-def.nc (0.085,3.2)
Thread times [0.32921481132507324, 0.41794610023498535, 0.4225449562072754, 0.44246673583984375, 0.49315905570983887, 0.6305689811706543, 0.628485918045044, 0.6238322257995605, 0.6255049705505371, 0.6256000995635986, 0.6324470043182373, 0.6356549263000488, 0.634681224822998, 0.6359579563140869, 0.6407990455627441]
{'load nc time': 3.7001209259033203, 'args': ((0, 0, slice(0, 960, None), slice(None, None, None)),), 'dataset shape': (40, 11, 1921, 2560), 'dataset chunks': (7, 1, 385, 512), 'indexing time (s)': 16.960967779159546, 'chunk number': 1650, 'reduction time (s)': 0.6476621627807617, 'chunks processed': 15, 'storage read (B)': 29685482, 'selection 2 time (s)': 17.616547107696533}
Thread times [0.1973569393157959, 0.2164311408996582, 0.22720789909362793, 0.2695460319519043, 0.3460249900817871, 0.35151100158691406, 0.501605749130249, 0.5017061233520508, 0.500396728515625, 0.5003848075866699, 0.5025961399078369, 0.5069339275360107, 0.5067939758300781, 0.5101370811462402, 0.5091552734375]
{'args': ((1, 0, slice(0, 960, None), slice(None, None, None)),), 'dataset shape': (40, 11, 1921, 2560), 'dataset chunks': (7, 1, 385, 512), 'indexing time (s)': 1.1920928955078125e-06, 'chunk number': 1650, 'reduction time (s)': 0.5138387680053711, 'chunks processed': 15, 'storage read (B)': 29685482, 'selection 2 time (s)': 0.5214676856994629}
Thread times [0.2298741340637207, 0.2635002136230469, 0.3133969306945801, 0.32287073135375977, 0.33870410919189453, 0.34252190589904785, 0.3522341251373291, 0.3530151844024658, 0.375643253326416, 0.39730405807495117, 0.40337371826171875, 0.40514588356018066, 0.40552520751953125, 0.5023279190063477, 0.5022037029266357]
{'args': ((2, 0, slice(0, 960, None), slice(None, None, None)),), 'dataset shape': (40, 11, 1921, 2560), 'dataset chunks': (7, 1, 385, 512), 'indexing time (s)': 0.0, 'chunk number': 1650, 'reduction time (s)': 0.5064821243286133, 'chunks processed': 15, 'storage read (B)': 29685482, 'selection 2 time (s)': 0.5138158798217773}
Thread times [0.16331911087036133, 0.21315217018127441, 0.2518889904022217, 0.2671973705291748, 0.2734830379486084, 0.27378201484680176, 0.27748775482177734, 0.27690696716308594, 0.27815794944763184, 0.32094502449035645, 0.5173909664154053, 0.5166568756103516, 0.5209629535675049, 0.5213420391082764, 0.5241992473602295]
{'args': ((3, 0, slice(0, 960, None), slice(None, None, None)),), 'dataset shape': (40, 11, 1921, 2560), 'dataset chunks': (7, 1, 385, 512), 'indexing time (s)': 9.5367431640625e-07, 'chunk number': 1650, 'reduction time (s)': 0.5277290344238281, 'chunks processed': 15, 'storage read (B)': 29685482, 'selection 2 time (s)': 0.5370349884033203}
Thread times [0.10265517234802246, 0.17802214622497559, 0.28815197944641113, 0.31696510314941406, 0.33269190788269043, 0.3324878215789795, 0.3184010982513428, 0.32306694984436035, 0.327009916305542, 0.3856658935546875, 0.5028162002563477, 0.4864940643310547, 0.48908424377441406, 0.5415298938751221, 0.5423219203948975]
{'args': ((4, 0, slice(0, 960, None), slice(None, None, None)),), 'dataset shape': (40, 11, 1921, 2560), 'dataset chunks': (7, 1, 385, 512), 'indexing time (s)': 9.5367431640625e-07, 'chunk number': 1650, 'reduction time (s)': 0.5618419647216797, 'chunks processed': 15, 'storage read (B)': 29685482, 'selection 2 time (s)': 0.5740799903869629}
Thread times [0.20497703552246094, 0.20714378356933594, 0.21518778800964355, 0.21667909622192383, 0.21552729606628418, 0.2523229122161865, 0.3236567974090576, 0.5298748016357422, 0.5515849590301514, 0.5625810623168945, 0.5695979595184326, 0.5780408382415771, 0.5804316997528076, 0.6050639152526855, 0.6270139217376709]
{'args': ((5, 0, slice(0, 960, None), slice(None, None, None)),), 'dataset shape': (40, 11, 1921, 2560), 'dataset chunks': (7, 1, 385, 512), 'indexing time (s)': 9.5367431640625e-07, 'chunk number': 1650, 'reduction time (s)': 0.6318080425262451, 'chunks processed': 15, 'storage read (B)': 29685482, 'selection 2 time (s)': 0.6456019878387451}
Thread times [0.21318912506103516, 0.3286430835723877, 0.4447190761566162, 0.46413683891296387, 0.4678981304168701, 0.4795267581939697, 0.4936940670013428, 0.5093538761138916, 0.5164868831634521, 0.5186460018157959, 0.5390739440917969, 0.5481500625610352, 0.5578939914703369, 0.5585720539093018, 0.5599539279937744]
{'args': ((6, 0, slice(0, 960, None), slice(None, None, None)),), 'dataset shape': (40, 11, 1921, 2560), 'dataset chunks': (7, 1, 385, 512), 'indexing time (s)': 1.1920928955078125e-06, 'chunk number': 1650, 'reduction time (s)': 0.5647628307342529, 'chunks processed': 15, 'storage read (B)': 29685482, 'selection 2 time (s)': 0.576524019241333}
Thread times [0.27220702171325684, 0.33989500999450684, 0.35309696197509766, 0.35770606994628906, 0.3638427257537842, 0.37066006660461426, 0.3673129081726074, 0.4186539649963379, 0.4218580722808838, 0.4215688705444336, 0.42570972442626953, 0.4680778980255127, 0.4698209762573242, 0.4698052406311035, 0.5499351024627686]
{'args': ((7, 0, slice(0, 960, None), slice(None, None, None)),), 'dataset shape': (40, 11, 1921, 2560), 'dataset chunks': (7, 1, 385, 512), 'indexing time (s)': 9.5367431640625e-07, 'chunk number': 1650, 'reduction time (s)': 0.5551960468292236, 'chunks processed': 15, 'storage read (B)': 29701892, 'selection 2 time (s)': 0.5700838565826416}
Thread times [0.23187494277954102, 0.22969508171081543, 0.22896814346313477, 0.2300426959991455, 0.308413028717041, 0.3356819152832031, 0.35883402824401855, 0.3710899353027344, 0.5051770210266113, 0.5096383094787598, 0.5116910934448242, 0.5100719928741455, 0.5143780708312988, 0.5173549652099609, 0.5876028537750244]
{'args': ((8, 0, slice(0, 960, None), slice(None, None, None)),), 'dataset shape': (40, 11, 1921, 2560), 'dataset chunks': (7, 1, 385, 512), 'indexing time (s)': 9.5367431640625e-07, 'chunk number': 1650, 'reduction time (s)': 0.5896639823913574, 'chunks processed': 15, 'storage read (B)': 29701892, 'selection 2 time (s)': 0.6038880348205566}
Thread times [0.18875813484191895, 0.186859130859375, 0.2125241756439209, 0.2608780860900879, 0.3004441261291504, 0.3069331645965576, 0.3125269412994385, 0.3748290538787842, 0.395266056060791, 0.3960578441619873, 0.3990809917449951, 0.41052699089050293, 0.4108130931854248, 0.4153881072998047, 0.4229590892791748]
{'args': ((9, 0, slice(0, 960, None), slice(None, None, None)),), 'dataset shape': (40, 11, 1921, 2560), 'dataset chunks': (7, 1, 385, 512), 'indexing time (s)': 1.1920928955078125e-06, 'chunk number': 1650, 'reduction time (s)': 0.42684292793273926, 'chunks processed': 15, 'storage read (B)': 29701892, 'selection 2 time (s)': 0.4374427795410156}
Thread times [0.2360978126525879, 0.39087510108947754, 0.4088399410247803, 0.5366871356964111, 0.553642988204956, 0.576674222946167, 0.5786707401275635, 0.5792901515960693, 0.5782761573791504, 0.5829710960388184, 0.5851140022277832, 0.5853829383850098, 0.5850529670715332, 0.5880029201507568, 0.5924031734466553]
{'args': ((10, 0, slice(0, 960, None), slice(None, None, None)),), 'dataset shape': (40, 11, 1921, 2560), 'dataset chunks': (7, 1, 385, 512), 'indexing time (s)': 9.5367431640625e-07, 'chunk number': 1650, 'reduction time (s)': 0.5958728790283203, 'chunks processed': 15, 'storage read (B)': 29701892, 'selection 2 time (s)': 0.6036310195922852}
Thread times [0.22930002212524414, 0.3385899066925049, 0.372866153717041, 0.6825511455535889, 0.6827969551086426, 0.6844980716705322, 0.6836957931518555, 0.681452751159668, 0.6828951835632324, 0.6826658248901367, 0.6851010322570801, 0.6896700859069824, 0.6895489692687988, 0.6923649311065674, 0.6947979927062988]
{'args': ((11, 0, slice(0, 960, None), slice(None, None, None)),), 'dataset shape': (40, 11, 1921, 2560), 'dataset chunks': (7, 1, 385, 512), 'indexing time (s)': 7.152557373046875e-07, 'chunk number': 1650, 'reduction time (s)': 0.6982052326202393, 'chunks processed': 15, 'storage read (B)': 29701892, 'selection 2 time (s)': 0.7067339420318604}
Thread times [0.3704969882965088, 0.5008599758148193, 0.5104680061340332, 0.5294840335845947, 0.5383350849151611, 0.5419597625732422, 0.5437350273132324, 0.5469970703125, 0.551048994064331, 0.5498359203338623, 0.5532910823822021, 0.5759618282318115, 0.5767600536346436, 0.5800819396972656, 0.5835418701171875]
{'args': ((12, 0, slice(0, 960, None), slice(None, None, None)),), 'dataset shape': (40, 11, 1921, 2560), 'dataset chunks': (7, 1, 385, 512), 'indexing time (s)': 1.6689300537109375e-06, 'chunk number': 1650, 'reduction time (s)': 0.5877301692962646, 'chunks processed': 15, 'storage read (B)': 29701892, 'selection 2 time (s)': 0.597456693649292}
Thread times [0.18331694602966309, 0.28777003288269043, 0.48170995712280273, 0.5049669742584229, 0.507775068283081, 0.5275499820709229, 0.5456662178039551, 0.5449261665344238, 0.5448751449584961, 0.5455851554870605, 0.5500919818878174, 0.5505080223083496, 0.5536839962005615, 0.552656888961792, 0.5592339038848877]
{'args': ((13, 0, slice(0, 960, None), slice(None, None, None)),), 'dataset shape': (40, 11, 1921, 2560), 'dataset chunks': (7, 1, 385, 512), 'indexing time (s)': 0.0, 'chunk number': 1650, 'reduction time (s)': 0.562474250793457, 'chunks processed': 15, 'storage read (B)': 29701892, 'selection 2 time (s)': 0.5703489780426025}
Thread times [0.3921647071838379, 0.49966883659362793, 0.5179538726806641, 0.5291547775268555, 0.5515949726104736, 0.5522000789642334, 0.5515718460083008, 0.553048849105835, 0.5556588172912598, 0.559272050857544, 0.5616629123687744, 0.5708239078521729, 0.575718879699707, 0.5748038291931152, 0.5777039527893066]
{'args': ((14, 0, slice(0, 960, None), slice(None, None, None)),), 'dataset shape': (40, 11, 1921, 2560), 'dataset chunks': (7, 1, 385, 512), 'indexing time (s)': 1.1920928955078125e-06, 'chunk number': 1650, 'reduction time (s)': 0.5812327861785889, 'chunks processed': 15, 'storage read (B)': 29733505, 'selection 2 time (s)': 0.5886459350585938}
Thread times [0.3490560054779053, 0.45571208000183105, 0.4658050537109375, 0.4654700756072998, 0.4837503433227539, 0.4880208969116211, 0.49201321601867676, 0.49456214904785156, 0.4973771572113037, 0.4980132579803467, 0.5032460689544678, 0.506417989730835, 0.513178825378418, 0.5140590667724609, 0.5133640766143799]
{'args': ((15, 0, slice(0, 960, None), slice(None, None, None)),), 'dataset shape': (40, 11, 1921, 2560), 'dataset chunks': (7, 1, 385, 512), 'indexing time (s)': 1.1920928955078125e-06, 'chunk number': 1650, 'reduction time (s)': 0.5185637474060059, 'chunks processed': 15, 'storage read (B)': 29733505, 'selection 2 time (s)': 0.5282602310180664}
Thread times [0.4282698631286621, 0.4775729179382324, 0.48727989196777344, 0.524177074432373, 0.5296120643615723, 0.5373420715332031, 0.5476949214935303, 0.5556128025054932, 0.5578007698059082, 0.5617191791534424, 0.5607099533081055, 0.5622498989105225, 0.5647499561309814, 0.5639619827270508, 0.5818641185760498]
{'args': ((16, 0, slice(0, 960, None), slice(None, None, None)),), 'dataset shape': (40, 11, 1921, 2560), 'dataset chunks': (7, 1, 385, 512), 'indexing time (s)': 7.152557373046875e-07, 'chunk number': 1650, 'reduction time (s)': 0.5860893726348877, 'chunks processed': 15, 'storage read (B)': 29733505, 'selection 2 time (s)': 0.593541145324707}
Thread times [0.24358916282653809, 0.24408388137817383, 0.35833001136779785, 0.5390899181365967, 0.5380830764770508, 0.539802074432373, 0.5415186882019043, 0.5394220352172852, 0.5444679260253906, 0.5420711040496826, 0.5447421073913574, 0.5495390892028809, 0.5502829551696777, 0.5524880886077881, 0.5609488487243652]
{'args': ((17, 0, slice(0, 960, None), slice(None, None, None)),), 'dataset shape': (40, 11, 1921, 2560), 'dataset chunks': (7, 1, 385, 512), 'indexing time (s)': 0.0, 'chunk number': 1650, 'reduction time (s)': 0.5645718574523926, 'chunks processed': 15, 'storage read (B)': 29733505, 'selection 2 time (s)': 0.57265305519104}
Thread times [0.20264291763305664, 0.4411599636077881, 0.4782600402832031, 0.49445390701293945, 0.5231571197509766, 0.5247039794921875, 0.5240108966827393, 0.5324690341949463, 0.5505740642547607, 0.5491688251495361, 0.5546391010284424, 0.5580790042877197, 0.5579259395599365, 0.5618748664855957, 0.610684871673584]
{'args': ((18, 0, slice(0, 960, None), slice(None, None, None)),), 'dataset shape': (40, 11, 1921, 2560), 'dataset chunks': (7, 1, 385, 512), 'indexing time (s)': 9.5367431640625e-07, 'chunk number': 1650, 'reduction time (s)': 0.6148171424865723, 'chunks processed': 15, 'storage read (B)': 29733505, 'selection 2 time (s)': 0.6296079158782959}
Thread times [0.24789881706237793, 0.3121771812438965, 0.30866003036499023, 0.3174920082092285, 0.5231490135192871, 0.6139750480651855, 0.6124269962310791, 0.6139907836914062, 0.6149570941925049, 0.614142894744873, 0.6157131195068359, 0.6169500350952148, 0.6203420162200928, 0.6226973533630371, 0.6585259437561035]
{'args': ((19, 0, slice(0, 960, None), slice(None, None, None)),), 'dataset shape': (40, 11, 1921, 2560), 'dataset chunks': (7, 1, 385, 512), 'indexing time (s)': 9.5367431640625e-07, 'chunk number': 1650, 'reduction time (s)': 0.662559986114502, 'chunks processed': 15, 'storage read (B)': 29733505, 'selection 2 time (s)': 0.676771879196167}
Thread times [0.25974392890930176, 0.3211188316345215, 0.46149420738220215, 0.4619152545928955, 0.4772908687591553, 0.487224817276001, 0.5009701251983643, 0.5038211345672607, 0.5128271579742432, 0.515329122543335, 0.5186138153076172, 0.5221419334411621, 0.5247249603271484, 0.5260820388793945, 0.5289609432220459]
{'args': ((20, 0, slice(0, 960, None), slice(None, None, None)),), 'dataset shape': (40, 11, 1921, 2560), 'dataset chunks': (7, 1, 385, 512), 'indexing time (s)': 1.9073486328125e-06, 'chunk number': 1650, 'reduction time (s)': 0.5327010154724121, 'chunks processed': 15, 'storage read (B)': 29733505, 'selection 2 time (s)': 0.5410761833190918}
Thread times [0.5127742290496826, 0.5137920379638672, 0.5129611492156982, 0.5296859741210938, 0.5659160614013672, 0.5837001800537109, 0.6042349338531494, 0.6058528423309326, 0.6103658676147461, 0.61635422706604, 0.6219220161437988, 0.6244571208953857, 0.627403974533081, 0.6535229682922363, 0.6773700714111328]
{'args': ((21, 0, slice(0, 960, None), slice(None, None, None)),), 'dataset shape': (40, 11, 1921, 2560), 'dataset chunks': (7, 1, 385, 512), 'indexing time (s)': 0.0, 'chunk number': 1650, 'reduction time (s)': 0.6831150054931641, 'chunks processed': 15, 'storage read (B)': 29686785, 'selection 2 time (s)': 0.6979210376739502}
Thread times [0.3583199977874756, 0.3701331615447998, 0.44580984115600586, 0.5156080722808838, 0.52767014503479, 0.5652720928192139, 0.5668649673461914, 0.5680670738220215, 0.5713398456573486, 0.5745022296905518, 0.5764470100402832, 0.5812208652496338, 0.6000850200653076, 0.6161608695983887, 0.6219310760498047]
{'args': ((22, 0, slice(0, 960, None), slice(None, None, None)),), 'dataset shape': (40, 11, 1921, 2560), 'dataset chunks': (7, 1, 385, 512), 'indexing time (s)': 0.0, 'chunk number': 1650, 'reduction time (s)': 0.6273641586303711, 'chunks processed': 15, 'storage read (B)': 29686785, 'selection 2 time (s)': 0.6402549743652344}
Thread times [0.21815204620361328, 0.2682778835296631, 0.2753870487213135, 0.2751271724700928, 0.2770838737487793, 0.27638816833496094, 0.27721071243286133, 0.3897080421447754, 0.4676520824432373, 0.5259411334991455, 0.5317742824554443, 0.5414390563964844, 0.548015832901001, 0.9147682189941406, 0.9173600673675537]
{'args': ((23, 0, slice(0, 960, None), slice(None, None, None)),), 'dataset shape': (40, 11, 1921, 2560), 'dataset chunks': (7, 1, 385, 512), 'indexing time (s)': 9.5367431640625e-07, 'chunk number': 1650, 'reduction time (s)': 0.9226071834564209, 'chunks processed': 15, 'storage read (B)': 29686785, 'selection 2 time (s)': 0.9346847534179688}
Thread times [0.4402930736541748, 0.4757730960845947, 0.5934019088745117, 0.5989508628845215, 0.6227872371673584, 0.6283361911773682, 0.636174201965332, 0.6478750705718994, 0.6550021171569824, 0.6597058773040771, 0.6670272350311279, 0.6678309440612793, 0.6686761379241943, 0.6806020736694336, 0.6912350654602051]
{'args': ((24, 0, slice(0, 960, None), slice(None, None, None)),), 'dataset shape': (40, 11, 1921, 2560), 'dataset chunks': (7, 1, 385, 512), 'indexing time (s)': 9.5367431640625e-07, 'chunk number': 1650, 'reduction time (s)': 0.6965889930725098, 'chunks processed': 15, 'storage read (B)': 29686785, 'selection 2 time (s)': 0.7113418579101562}
Thread times [0.27092504501342773, 0.26889801025390625, 0.30419278144836426, 0.32578611373901367, 0.3251020908355713, 0.3650169372558594, 0.4542968273162842, 0.6060242652893066, 0.6040658950805664, 0.60774827003479, 0.6097588539123535, 0.6112289428710938, 0.6122910976409912, 0.6140990257263184, 0.6176362037658691]
{'args': ((25, 0, slice(0, 960, None), slice(None, None, None)),), 'dataset shape': (40, 11, 1921, 2560), 'dataset chunks': (7, 1, 385, 512), 'indexing time (s)': 9.5367431640625e-07, 'chunk number': 1650, 'reduction time (s)': 0.6208879947662354, 'chunks processed': 15, 'storage read (B)': 29686785, 'selection 2 time (s)': 0.6283340454101562}
Thread times [0.29659104347229004, 0.30707216262817383, 0.30919504165649414, 0.3842036724090576, 0.502885103225708, 0.5027732849121094, 0.5023281574249268, 0.5006349086761475, 0.5019092559814453, 0.5032038688659668, 0.5047838687896729, 0.507828950881958, 0.5102739334106445, 0.5136189460754395, 0.5124950408935547]
{'args': ((26, 0, slice(0, 960, None), slice(None, None, None)),), 'dataset shape': (40, 11, 1921, 2560), 'dataset chunks': (7, 1, 385, 512), 'indexing time (s)': 9.5367431640625e-07, 'chunk number': 1650, 'reduction time (s)': 0.5172858238220215, 'chunks processed': 15, 'storage read (B)': 29686785, 'selection 2 time (s)': 0.5246658325195312}
Thread times [0.15443706512451172, 0.24941205978393555, 0.28176116943359375, 0.29386377334594727, 0.30025815963745117, 0.3377718925476074, 0.3412208557128906, 0.34543681144714355, 0.38521909713745117, 0.38482189178466797, 0.3890650272369385, 0.39465904235839844, 0.3954010009765625, 0.39776015281677246, 0.4071159362792969]
{'args': ((27, 0, slice(0, 960, None), slice(None, None, None)),), 'dataset shape': (40, 11, 1921, 2560), 'dataset chunks': (7, 1, 385, 512), 'indexing time (s)': 1.1920928955078125e-06, 'chunk number': 1650, 'reduction time (s)': 0.41238975524902344, 'chunks processed': 15, 'storage read (B)': 29686785, 'selection 2 time (s)': 0.4241049289703369}
Thread times [0.6626908779144287, 0.6637170314788818, 0.6634659767150879, 0.6632719039916992, 0.6618058681488037, 0.6626558303833008, 0.6652400493621826, 0.6637551784515381, 0.6611762046813965, 0.6650118827819824, 0.6666953563690186, 0.6677789688110352, 0.6712229251861572, 0.6717338562011719, 0.6719460487365723]
{'args': ((28, 0, slice(0, 960, None), slice(None, None, None)),), 'dataset shape': (40, 11, 1921, 2560), 'dataset chunks': (7, 1, 385, 512), 'indexing time (s)': 9.5367431640625e-07, 'chunk number': 1650, 'reduction time (s)': 0.6773507595062256, 'chunks processed': 15, 'storage read (B)': 29670387, 'selection 2 time (s)': 0.6858601570129395}
Thread times [0.18587517738342285, 0.24465632438659668, 0.2545199394226074, 0.2596590518951416, 0.2588002681732178, 0.2624509334564209, 0.4390418529510498, 0.4428098201751709, 0.4432201385498047, 0.4443819522857666, 0.4462168216705322, 0.4475588798522949, 0.4504079818725586, 0.48062896728515625, 0.4841899871826172]
{'args': ((29, 0, slice(0, 960, None), slice(None, None, None)),), 'dataset shape': (40, 11, 1921, 2560), 'dataset chunks': (7, 1, 385, 512), 'indexing time (s)': 9.5367431640625e-07, 'chunk number': 1650, 'reduction time (s)': 0.48805999755859375, 'chunks processed': 15, 'storage read (B)': 29670387, 'selection 2 time (s)': 0.4964170455932617}
Thread times [0.2639498710632324, 0.2658097743988037, 0.28679704666137695, 0.29000091552734375, 0.2985270023345947, 0.2962517738342285, 0.29901909828186035, 0.30667877197265625, 0.3040027618408203, 0.3273160457611084, 0.3712801933288574, 0.36843395233154297, 0.3688669204711914, 0.37549591064453125, 0.4622180461883545]
{'args': ((30, 0, slice(0, 960, None), slice(None, None, None)),), 'dataset shape': (40, 11, 1921, 2560), 'dataset chunks': (7, 1, 385, 512), 'indexing time (s)': 1.1920928955078125e-06, 'chunk number': 1650, 'reduction time (s)': 0.4710838794708252, 'chunks processed': 15, 'storage read (B)': 29670387, 'selection 2 time (s)': 0.48565196990966797}
Thread times [0.2162790298461914, 0.28711700439453125, 0.3008880615234375, 0.3069648742675781, 0.311445951461792, 0.31844592094421387, 0.3193349838256836, 0.324146032333374, 0.3640172481536865, 0.3696320056915283, 0.37433695793151855, 0.3773539066314697, 0.3810460567474365, 0.381911039352417, 0.3832409381866455]
{'args': ((31, 0, slice(0, 960, None), slice(None, None, None)),), 'dataset shape': (40, 11, 1921, 2560), 'dataset chunks': (7, 1, 385, 512), 'indexing time (s)': 9.5367431640625e-07, 'chunk number': 1650, 'reduction time (s)': 0.38841915130615234, 'chunks processed': 15, 'storage read (B)': 29670387, 'selection 2 time (s)': 0.39553284645080566}
Thread times [0.4111039638519287, 0.4846940040588379, 0.5360827445983887, 0.6356878280639648, 0.6348538398742676, 0.6361830234527588, 0.6333911418914795, 0.6354680061340332, 0.6364700794219971, 0.6380889415740967, 0.639085054397583, 0.6433680057525635, 0.6450979709625244, 0.6456990242004395, 0.647697925567627]
{'args': ((32, 0, slice(0, 960, None), slice(None, None, None)),), 'dataset shape': (40, 11, 1921, 2560), 'dataset chunks': (7, 1, 385, 512), 'indexing time (s)': 9.5367431640625e-07, 'chunk number': 1650, 'reduction time (s)': 0.651846170425415, 'chunks processed': 15, 'storage read (B)': 29670387, 'selection 2 time (s)': 0.6590189933776855}
Thread times [0.5117588043212891, 0.5852022171020508, 0.6035652160644531, 0.6083409786224365, 0.6149358749389648, 0.6434760093688965, 0.6400339603424072, 0.6457982063293457, 0.646439790725708, 0.6494438648223877, 0.6485130786895752, 0.6514348983764648, 0.6518568992614746, 0.6561048030853271, 0.6705739498138428]
{'args': ((33, 0, slice(0, 960, None), slice(None, None, None)),), 'dataset shape': (40, 11, 1921, 2560), 'dataset chunks': (7, 1, 385, 512), 'indexing time (s)': 1.1920928955078125e-06, 'chunk number': 1650, 'reduction time (s)': 0.6750237941741943, 'chunks processed': 15, 'storage read (B)': 29670387, 'selection 2 time (s)': 0.6821732521057129}
Thread times [0.3410317897796631, 0.341480016708374, 0.44803714752197266, 0.4551091194152832, 0.46187782287597656, 0.4716510772705078, 0.471142053604126, 0.479708194732666, 0.48263096809387207, 0.48984289169311523, 0.49210619926452637, 0.4944798946380615, 0.4963243007659912, 0.4946258068084717, 0.5120937824249268]
{'args': ((34, 0, slice(0, 960, None), slice(None, None, None)),), 'dataset shape': (40, 11, 1921, 2560), 'dataset chunks': (7, 1, 385, 512), 'indexing time (s)': 9.5367431640625e-07, 'chunk number': 1650, 'reduction time (s)': 0.5162510871887207, 'chunks processed': 15, 'storage read (B)': 29670387, 'selection 2 time (s)': 0.5238418579101562}
Thread times [0.17910194396972656, 0.2495279312133789, 0.2504613399505615, 0.34345126152038574, 0.33893489837646484, 0.34264492988586426, 0.34120965003967285, 0.3404819965362549, 0.33888792991638184, 0.3421971797943115, 0.34055089950561523, 0.3438739776611328, 0.3427848815917969, 0.34387779235839844, 0.3453812599182129]
{'args': ((35, 0, slice(0, 960, None), slice(None, None, None)),), 'dataset shape': (40, 11, 1921, 2560), 'dataset chunks': (7, 1, 385, 512), 'indexing time (s)': 0.0, 'chunk number': 1650, 'reduction time (s)': 0.34895801544189453, 'chunks processed': 15, 'storage read (B)': 21287473, 'selection 2 time (s)': 0.3561580181121826}
Thread times [0.2320866584777832, 0.2919189929962158, 0.30680179595947266, 0.33655619621276855, 0.34204602241516113, 0.3525068759918213, 0.35063767433166504, 0.3495779037475586, 0.35306763648986816, 0.35610294342041016, 0.35916996002197266, 0.3599071502685547, 0.3653678894042969, 0.36646080017089844, 0.3678410053253174]
{'args': ((36, 0, slice(0, 960, None), slice(None, None, None)),), 'dataset shape': (40, 11, 1921, 2560), 'dataset chunks': (7, 1, 385, 512), 'indexing time (s)': 9.5367431640625e-07, 'chunk number': 1650, 'reduction time (s)': 0.37296319007873535, 'chunks processed': 15, 'storage read (B)': 21287473, 'selection 2 time (s)': 0.3811769485473633}
Thread times [0.36942410469055176, 0.4119837284088135, 0.41921496391296387, 0.4683849811553955, 0.47833800315856934, 0.4780411720275879, 0.47603893280029297, 0.4796910285949707, 0.47725415229797363, 0.4805488586425781, 0.48192811012268066, 0.48245716094970703, 0.48240089416503906, 0.48508787155151367, 0.49108028411865234]
{'args': ((37, 0, slice(0, 960, None), slice(None, None, None)),), 'dataset shape': (40, 11, 1921, 2560), 'dataset chunks': (7, 1, 385, 512), 'indexing time (s)': 7.152557373046875e-07, 'chunk number': 1650, 'reduction time (s)': 0.494509220123291, 'chunks processed': 15, 'storage read (B)': 21287473, 'selection 2 time (s)': 0.5018520355224609}
Thread times [0.20197224617004395, 0.37073802947998047, 0.3792228698730469, 0.3902549743652344, 0.3951098918914795, 0.3985569477081299, 0.4023287296295166, 0.40176892280578613, 0.40210819244384766, 0.4014871120452881, 0.4067399501800537, 0.4099912643432617, 0.40918588638305664, 0.4130561351776123, 0.41706418991088867]
{'args': ((38, 0, slice(0, 960, None), slice(None, None, None)),), 'dataset shape': (40, 11, 1921, 2560), 'dataset chunks': (7, 1, 385, 512), 'indexing time (s)': 0.0, 'chunk number': 1650, 'reduction time (s)': 0.41955089569091797, 'chunks processed': 15, 'storage read (B)': 21287473, 'selection 2 time (s)': 0.42695069313049316}
Thread times [0.24919795989990234, 0.25776004791259766, 0.2645690441131592, 0.26758885383605957, 0.26732897758483887, 0.26801109313964844, 0.2720510959625244, 0.27193689346313477, 0.3112502098083496, 0.3155488967895508, 0.33127593994140625, 0.33196401596069336, 0.33466506004333496, 0.3348100185394287, 0.3394439220428467]
{'args': ((39, 0, slice(0, 960, None), slice(None, None, None)),), 'dataset shape': (40, 11, 1921, 2560), 'dataset chunks': (7, 1, 385, 512), 'indexing time (s)': 1.1920928955078125e-06, 'chunk number': 1650, 'reduction time (s)': 0.34403395652770996, 'chunks processed': 15, 'storage read (B)': 21287473, 'selection 2 time (s)': 0.35444188117980957}
[[226.07820312]
 [226.0646875 ]
 [225.93776042]
 [225.90822917]
 [225.91739583]
 [225.88460937]
 [225.82083333]
 [225.85434896]
 [225.98346354]
 [226.03820312]
 [226.01317708]
 [226.02333333]
 [226.03765625]
 [226.00486979]
 [225.91776042]
 [225.94033854]
 [225.98726562]
 [225.91450521]
 [225.81239583]
 [225.81888021]
 [225.8453125 ]
 [225.785     ]
 [225.63648438]
 [225.5565625 ]
 [225.45747396]
 [225.32382813]
 [225.16335937]
 [225.07789063]
 [225.07846354]
 [225.10666667]
 [225.17609375]
 [225.36867187]
 [225.57927083]
 [225.69083333]
 [225.72221354]
 [225.82367188]
 [225.93640625]
 [225.96760417]
 [225.91872396]
 [225.92236979]]
Summary:  Hom24-np3:Active (T100,BS1): 3.7s,22.36s,43.42s
