Dataset loaded from S3 with s3fs and Pyfive: bnl/ch330a.pc19790301-def.nc (0.028,0.51)
Thread times [0.10759472846984863, 0.09192180633544922, 0.21722626686096191, 0.08778953552246094, 0.07810544967651367, 0.1926271915435791, 0.08132195472717285, 0.18802857398986816, 0.20773601531982422, 0.0860605239868164, 0.08685183525085449, 0.17865443229675293, 0.181868314743042, 0.08697342872619629, 0.09504890441894531]
{'load nc time': 0.6365106105804443, 'args': ((0, 0, slice(0, 960, None), slice(None, None, None)),), 'dataset shape': (40, 11, 1921, 2560), 'dataset chunks': (7, 1, 385, 512), 'indexing time (s)': 3.2326486110687256, 'chunk number': 1650, 'reduction time (s)': 1.9694390296936035, 'chunks processed': 15, 'storage read (B)': 29685482, 'selection 1 time (s)': 5.202362060546875}
Thread times [0.10447955131530762, 0.07798504829406738, 0.25843238830566406, 0.1274409294128418, 0.08792591094970703, 0.29668259620666504, 0.10590696334838867, 0.20088458061218262, 0.18267226219177246, 0.1365509033203125, 0.12850117683410645, 0.17533230781555176, 0.17740368843078613, 0.0838468074798584, 0.11116552352905273]
{'args': ((1, 0, slice(0, 960, None), slice(None, None, None)),), 'dataset shape': (40, 11, 1921, 2560), 'dataset chunks': (7, 1, 385, 512), 'indexing time (s)': 1.9073486328125e-06, 'chunk number': 1650, 'reduction time (s)': 2.256638765335083, 'chunks processed': 15, 'storage read (B)': 29685482, 'selection 1 time (s)': 2.256875514984131}
Thread times [0.18729114532470703, 0.1625220775604248, 0.2204608917236328, 0.14839386940002441, 0.09280848503112793, 0.24068331718444824, 0.08663201332092285, 0.20714211463928223, 0.21739745140075684, 0.13836979866027832, 0.09251260757446289, 0.23087310791015625, 0.2832460403442383, 0.12143421173095703, 0.10061168670654297]
{'args': ((2, 0, slice(0, 960, None), slice(None, None, None)),), 'dataset shape': (40, 11, 1921, 2560), 'dataset chunks': (7, 1, 385, 512), 'indexing time (s)': 1.430511474609375e-06, 'chunk number': 1650, 'reduction time (s)': 2.5320053100585938, 'chunks processed': 15, 'storage read (B)': 29685482, 'selection 1 time (s)': 2.5322279930114746}
Thread times [0.09304380416870117, 0.10167956352233887, 0.22103261947631836, 0.08263397216796875, 0.13461971282958984, 0.20743560791015625, 0.08470726013183594, 0.19386506080627441, 0.21125221252441406, 0.13819408416748047, 0.14473533630371094, 0.20795083045959473, 0.19179391860961914, 0.07878971099853516, 0.08751916885375977]
{'args': ((3, 0, slice(0, 960, None), slice(None, None, None)),), 'dataset shape': (40, 11, 1921, 2560), 'dataset chunks': (7, 1, 385, 512), 'indexing time (s)': 1.6689300537109375e-06, 'chunk number': 1650, 'reduction time (s)': 2.1807849407196045, 'chunks processed': 15, 'storage read (B)': 29685482, 'selection 1 time (s)': 2.181015968322754}
Thread times [0.0980076789855957, 0.09796452522277832, 0.21267104148864746, 0.07593154907226562, 0.08894062042236328, 0.20278549194335938, 0.08265399932861328, 0.21962618827819824, 0.1890406608581543, 0.12804245948791504, 0.12721586227416992, 0.18317556381225586, 0.1807997226715088, 0.07648134231567383, 0.08441901206970215]
{'args': ((4, 0, slice(0, 960, None), slice(None, None, None)),), 'dataset shape': (40, 11, 1921, 2560), 'dataset chunks': (7, 1, 385, 512), 'indexing time (s)': 1.430511474609375e-06, 'chunk number': 1650, 'reduction time (s)': 2.0492634773254395, 'chunks processed': 15, 'storage read (B)': 29685482, 'selection 1 time (s)': 2.0494801998138428}
Thread times [0.0971231460571289, 0.08470392227172852, 0.28095579147338867, 0.08458852767944336, 0.12815189361572266, 0.21004128456115723, 0.08497190475463867, 0.20152640342712402, 0.1899106502532959, 0.09141349792480469, 0.09849119186401367, 0.19244813919067383, 0.19774818420410156, 0.08703470230102539, 0.08941292762756348]
{'args': ((5, 0, slice(0, 960, None), slice(None, None, None)),), 'dataset shape': (40, 11, 1921, 2560), 'dataset chunks': (7, 1, 385, 512), 'indexing time (s)': 2.1457672119140625e-06, 'chunk number': 1650, 'reduction time (s)': 2.120011329650879, 'chunks processed': 15, 'storage read (B)': 29685482, 'selection 1 time (s)': 2.1202268600463867}
Thread times [0.09074783325195312, 0.08884859085083008, 0.21027588844299316, 0.13498759269714355, 0.09844493865966797, 0.2094414234161377, 0.10158085823059082, 0.19786381721496582, 0.18896007537841797, 0.10571861267089844, 0.10102987289428711, 0.20604443550109863, 0.19861149787902832, 0.1386709213256836, 0.10989189147949219]
{'args': ((6, 0, slice(0, 960, None), slice(None, None, None)),), 'dataset shape': (40, 11, 1921, 2560), 'dataset chunks': (7, 1, 385, 512), 'indexing time (s)': 2.1457672119140625e-06, 'chunk number': 1650, 'reduction time (s)': 2.182589530944824, 'chunks processed': 15, 'storage read (B)': 29685482, 'selection 1 time (s)': 2.182814836502075}
Thread times [0.09668421745300293, 0.11444449424743652, 0.09367752075195312, 0.18260908126831055, 0.2243330478668213, 0.11346936225891113, 0.1081089973449707, 0.2185359001159668, 0.021646976470947266, 0.02109694480895996, 0.09022712707519531, 0.11068296432495117, 0.20306110382080078, 0.12855863571166992, 0.12874555587768555]
{'args': ((7, 0, slice(0, 960, None), slice(None, None, None)),), 'dataset shape': (40, 11, 1921, 2560), 'dataset chunks': (7, 1, 385, 512), 'indexing time (s)': 2.1457672119140625e-06, 'chunk number': 1650, 'reduction time (s)': 1.8574364185333252, 'chunks processed': 15, 'storage read (B)': 29701892, 'selection 1 time (s)': 1.8576641082763672}
Thread times [0.0998687744140625, 0.09649491310119629, 0.10127496719360352, 0.16750049591064453, 0.18627262115478516, 0.09455227851867676, 0.09147143363952637, 0.19170451164245605, 0.022170305252075195, 0.022157907485961914, 0.09813165664672852, 0.15155696868896484, 0.18496012687683105, 0.09430694580078125, 0.09000396728515625]
{'args': ((8, 0, slice(0, 960, None), slice(None, None, None)),), 'dataset shape': (40, 11, 1921, 2560), 'dataset chunks': (7, 1, 385, 512), 'indexing time (s)': 1.9073486328125e-06, 'chunk number': 1650, 'reduction time (s)': 1.6946697235107422, 'chunks processed': 15, 'storage read (B)': 29701892, 'selection 1 time (s)': 1.694883108139038}
Thread times [0.12688517570495605, 0.09387969970703125, 0.09665608406066895, 0.17839956283569336, 0.1576089859008789, 0.08602547645568848, 0.11956357955932617, 0.28264832496643066, 0.022124767303466797, 0.021671772003173828, 0.1167304515838623, 0.16674208641052246, 0.2128293514251709, 0.14037299156188965, 0.09527134895324707]
{'args': ((9, 0, slice(0, 960, None), slice(None, None, None)),), 'dataset shape': (40, 11, 1921, 2560), 'dataset chunks': (7, 1, 385, 512), 'indexing time (s)': 1.6689300537109375e-06, 'chunk number': 1650, 'reduction time (s)': 1.9187424182891846, 'chunks processed': 15, 'storage read (B)': 29701892, 'selection 1 time (s)': 1.9189579486846924}
Thread times [0.2159416675567627, 0.09482860565185547, 0.10962867736816406, 0.2761876583099365, 0.15442466735839844, 0.0814974308013916, 0.09098172187805176, 0.20287871360778809, 0.02161884307861328, 0.02241683006286621, 0.075042724609375, 0.13046646118164062, 0.20920324325561523, 0.13957715034484863, 0.09400796890258789]
{'args': ((10, 0, slice(0, 960, None), slice(None, None, None)),), 'dataset shape': (40, 11, 1921, 2560), 'dataset chunks': (7, 1, 385, 512), 'indexing time (s)': 1.430511474609375e-06, 'chunk number': 1650, 'reduction time (s)': 1.9200825691223145, 'chunks processed': 15, 'storage read (B)': 29701892, 'selection 1 time (s)': 1.9202728271484375}
Thread times [0.15019750595092773, 0.14813685417175293, 0.11462140083312988, 0.20025277137756348, 0.1620948314666748, 0.08900284767150879, 0.14693284034729004, 0.21750402450561523, 0.022060394287109375, 0.0211029052734375, 0.09373164176940918, 0.13906335830688477, 0.20696640014648438, 0.13118863105773926, 0.12476396560668945]
{'args': ((11, 0, slice(0, 960, None), slice(None, None, None)),), 'dataset shape': (40, 11, 1921, 2560), 'dataset chunks': (7, 1, 385, 512), 'indexing time (s)': 1.430511474609375e-06, 'chunk number': 1650, 'reduction time (s)': 1.9692723751068115, 'chunks processed': 15, 'storage read (B)': 29701892, 'selection 1 time (s)': 1.9694621562957764}
Thread times [0.11001777648925781, 0.1500682830810547, 0.09476137161254883, 0.23381495475769043, 0.1564040184020996, 0.07728791236877441, 0.08400964736938477, 0.20686912536621094, 0.02166271209716797, 0.0213623046875, 0.07780122756958008, 0.10088229179382324, 0.19693303108215332, 0.12123537063598633, 0.08036184310913086]
{'args': ((12, 0, slice(0, 960, None), slice(None, None, None)),), 'dataset shape': (40, 11, 1921, 2560), 'dataset chunks': (7, 1, 385, 512), 'indexing time (s)': 2.1457672119140625e-06, 'chunk number': 1650, 'reduction time (s)': 1.735004186630249, 'chunks processed': 15, 'storage read (B)': 29701892, 'selection 1 time (s)': 1.7352213859558105}
Thread times [0.07988095283508301, 0.08454656600952148, 0.08347964286804199, 0.33490991592407227, 0.18219828605651855, 0.10741901397705078, 0.10306692123413086, 0.2050001621246338, 0.021711349487304688, 0.02245330810546875, 0.1273212432861328, 0.10238480567932129, 0.20284247398376465, 0.14798188209533691, 0.07914352416992188]
{'args': ((13, 0, slice(0, 960, None), slice(None, None, None)),), 'dataset shape': (40, 11, 1921, 2560), 'dataset chunks': (7, 1, 385, 512), 'indexing time (s)': 2.384185791015625e-06, 'chunk number': 1650, 'reduction time (s)': 1.8858063220977783, 'chunks processed': 15, 'storage read (B)': 29701892, 'selection 1 time (s)': 1.8860392570495605}
Thread times [0.12944483757019043, 0.2530341148376465, 0.07466483116149902, 0.09232306480407715, 0.11137771606445312, 0.2254347801208496, 0.18713617324829102, 0.18033194541931152, 0.022883176803588867, 0.09025955200195312, 0.09891223907470703, 0.21411371231079102, 0.09239506721496582, 0.10905241966247559, 0.2117621898651123]
{'args': ((14, 0, slice(0, 960, None), slice(None, None, None)),), 'dataset shape': (40, 11, 1921, 2560), 'dataset chunks': (7, 1, 385, 512), 'indexing time (s)': 2.384185791015625e-06, 'chunk number': 1650, 'reduction time (s)': 2.0945794582366943, 'chunks processed': 15, 'storage read (B)': 29733505, 'selection 1 time (s)': 2.0948243141174316}
Thread times [0.07967495918273926, 0.2658059597015381, 0.07959723472595215, 0.11186504364013672, 0.07777237892150879, 0.21889662742614746, 0.19892358779907227, 0.173828125, 0.02192521095275879, 0.0878911018371582, 0.086669921875, 0.22061491012573242, 0.26053524017333984, 0.10058903694152832, 0.21444296836853027]
{'args': ((15, 0, slice(0, 960, None), slice(None, None, None)),), 'dataset shape': (40, 11, 1921, 2560), 'dataset chunks': (7, 1, 385, 512), 'indexing time (s)': 1.9073486328125e-06, 'chunk number': 1650, 'reduction time (s)': 2.200429677963257, 'chunks processed': 15, 'storage read (B)': 29733505, 'selection 1 time (s)': 2.200627088546753}
Thread times [0.07480502128601074, 0.18653106689453125, 0.08211731910705566, 0.10251379013061523, 0.08485841751098633, 0.21138858795166016, 0.1877760887145996, 0.17686247825622559, 0.022110700607299805, 0.12807655334472656, 0.07611656188964844, 0.17734098434448242, 0.10141921043395996, 0.09012842178344727, 0.17806339263916016]
{'args': ((16, 0, slice(0, 960, None), slice(None, None, None)),), 'dataset shape': (40, 11, 1921, 2560), 'dataset chunks': (7, 1, 385, 512), 'indexing time (s)': 1.6689300537109375e-06, 'chunk number': 1650, 'reduction time (s)': 1.8814756870269775, 'chunks processed': 15, 'storage read (B)': 29733505, 'selection 1 time (s)': 1.881687879562378}
Thread times [0.1054229736328125, 0.1798419952392578, 0.07935404777526855, 0.0954442024230957, 0.07776188850402832, 0.18861865997314453, 0.19322776794433594, 0.17801165580749512, 0.021537065505981445, 0.23643088340759277, 0.09796452522277832, 0.22976970672607422, 0.0923469066619873, 0.08918905258178711, 0.19041776657104492]
{'args': ((17, 0, slice(0, 960, None), slice(None, None, None)),), 'dataset shape': (40, 11, 1921, 2560), 'dataset chunks': (7, 1, 385, 512), 'indexing time (s)': 1.9073486328125e-06, 'chunk number': 1650, 'reduction time (s)': 2.0568363666534424, 'chunks processed': 15, 'storage read (B)': 29733505, 'selection 1 time (s)': 2.0570478439331055}
Thread times [0.10940146446228027, 0.21976637840270996, 0.08980035781860352, 0.09925675392150879, 0.12262439727783203, 0.24198484420776367, 0.1791820526123047, 0.18181705474853516, 0.02239060401916504, 0.09421205520629883, 0.09708476066589355, 0.20436954498291016, 0.12148833274841309, 0.1114194393157959, 0.22764992713928223]
{'args': ((18, 0, slice(0, 960, None), slice(None, None, None)),), 'dataset shape': (40, 11, 1921, 2560), 'dataset chunks': (7, 1, 385, 512), 'indexing time (s)': 2.1457672119140625e-06, 'chunk number': 1650, 'reduction time (s)': 2.1239659786224365, 'chunks processed': 15, 'storage read (B)': 29733505, 'selection 1 time (s)': 2.1243979930877686}
Thread times [0.07509064674377441, 0.18554353713989258, 0.1769263744354248, 0.10921049118041992, 0.11330914497375488, 0.21373510360717773, 0.28992629051208496, 0.289442777633667, 0.022120952606201172, 0.09439420700073242, 0.08885550498962402, 0.1983497142791748, 0.09718990325927734, 0.13069415092468262, 0.2174835205078125]
{'args': ((19, 0, slice(0, 960, None), slice(None, None, None)),), 'dataset shape': (40, 11, 1921, 2560), 'dataset chunks': (7, 1, 385, 512), 'indexing time (s)': 1.430511474609375e-06, 'chunk number': 1650, 'reduction time (s)': 2.3038253784179688, 'chunks processed': 15, 'storage read (B)': 29733505, 'selection 1 time (s)': 2.3040664196014404}
Thread times [0.0782015323638916, 0.20670580863952637, 0.1342601776123047, 0.1087045669555664, 0.0935521125793457, 0.22670197486877441, 0.19481205940246582, 0.17398953437805176, 0.02148151397705078, 0.09231305122375488, 0.08979439735412598, 0.19845032691955566, 0.09366512298583984, 0.09341144561767578, 0.2291097640991211]
{'args': ((20, 0, slice(0, 960, None), slice(None, None, None)),), 'dataset shape': (40, 11, 1921, 2560), 'dataset chunks': (7, 1, 385, 512), 'indexing time (s)': 1.9073486328125e-06, 'chunk number': 1650, 'reduction time (s)': 2.036682367324829, 'chunks processed': 15, 'storage read (B)': 29733505, 'selection 1 time (s)': 2.036926031112671}
Thread times [0.1508193016052246, 0.25063514709472656, 0.11601591110229492, 0.021598339080810547, 0.020932674407958984, 0.231367826461792, 0.21951985359191895, 0.21438121795654297, 0.09675312042236328, 0.20482587814331055, 0.10122990608215332, 0.08972930908203125, 0.21024751663208008, 0.19077062606811523, 0.022142410278320312]
{'args': ((21, 0, slice(0, 960, None), slice(None, None, None)),), 'dataset shape': (40, 11, 1921, 2560), 'dataset chunks': (7, 1, 385, 512), 'indexing time (s)': 2.384185791015625e-06, 'chunk number': 1650, 'reduction time (s)': 2.1425418853759766, 'chunks processed': 15, 'storage read (B)': 29686785, 'selection 1 time (s)': 2.1427760124206543}
Thread times [0.07694673538208008, 0.12523961067199707, 0.1664416790008545, 0.01989889144897461, 0.021685361862182617, 0.20569515228271484, 0.16472744941711426, 0.18181300163269043, 0.09214186668395996, 0.17812085151672363, 0.09161543846130371, 0.08168220520019531, 0.23061728477478027, 0.18852591514587402, 0.022472143173217773]
{'args': ((22, 0, slice(0, 960, None), slice(None, None, None)),), 'dataset shape': (40, 11, 1921, 2560), 'dataset chunks': (7, 1, 385, 512), 'indexing time (s)': 1.9073486328125e-06, 'chunk number': 1650, 'reduction time (s)': 1.848853588104248, 'chunks processed': 15, 'storage read (B)': 29686785, 'selection 1 time (s)': 1.8490450382232666}
Thread times [0.0798940658569336, 0.0807332992553711, 0.13498783111572266, 0.020004987716674805, 0.020244598388671875, 0.2595186233520508, 0.10996556282043457, 0.22964048385620117, 0.1441943645477295, 0.19302010536193848, 0.10438227653503418, 0.08568835258483887, 0.2252657413482666, 0.19806265830993652, 0.022319555282592773]
{'args': ((23, 0, slice(0, 960, None), slice(None, None, None)),), 'dataset shape': (40, 11, 1921, 2560), 'dataset chunks': (7, 1, 385, 512), 'indexing time (s)': 2.1457672119140625e-06, 'chunk number': 1650, 'reduction time (s)': 1.909231185913086, 'chunks processed': 15, 'storage read (B)': 29686785, 'selection 1 time (s)': 1.909414529800415}
Thread times [0.10324740409851074, 0.09567642211914062, 0.09642457962036133, 0.022338390350341797, 0.02611994743347168, 0.22952771186828613, 0.1280372142791748, 0.17944765090942383, 0.08226132392883301, 0.17160916328430176, 0.0880274772644043, 0.0838310718536377, 0.1872546672821045, 0.19159555435180664, 0.021738767623901367]
{'args': ((24, 0, slice(0, 960, None), slice(None, None, None)),), 'dataset shape': (40, 11, 1921, 2560), 'dataset chunks': (7, 1, 385, 512), 'indexing time (s)': 1.9073486328125e-06, 'chunk number': 1650, 'reduction time (s)': 1.7086336612701416, 'chunks processed': 15, 'storage read (B)': 29686785, 'selection 1 time (s)': 1.7088396549224854}
Thread times [0.13401556015014648, 0.10578227043151855, 0.15201425552368164, 0.019858598709106445, 0.02032017707824707, 0.21168017387390137, 0.09520792961120605, 0.21432209014892578, 0.1412031650543213, 0.190032958984375, 0.12303018569946289, 0.14599061012268066, 0.22414898872375488, 0.1866624355316162, 0.02204155921936035]
{'args': ((25, 0, slice(0, 960, None), slice(None, None, None)),), 'dataset shape': (40, 11, 1921, 2560), 'dataset chunks': (7, 1, 385, 512), 'indexing time (s)': 1.6689300537109375e-06, 'chunk number': 1650, 'reduction time (s)': 1.9877231121063232, 'chunks processed': 15, 'storage read (B)': 29686785, 'selection 1 time (s)': 1.9879341125488281}
Thread times [0.07988357543945312, 0.09014415740966797, 0.1462998390197754, 0.01949334144592285, 0.02095961570739746, 0.22944951057434082, 0.09692597389221191, 0.19403576850891113, 0.09797811508178711, 0.2081894874572754, 0.09106588363647461, 0.08345293998718262, 0.21175432205200195, 0.18636584281921387, 0.021714210510253906]
{'args': ((26, 0, slice(0, 960, None), slice(None, None, None)),), 'dataset shape': (40, 11, 1921, 2560), 'dataset chunks': (7, 1, 385, 512), 'indexing time (s)': 2.384185791015625e-06, 'chunk number': 1650, 'reduction time (s)': 1.7792396545410156, 'chunks processed': 15, 'storage read (B)': 29686785, 'selection 1 time (s)': 1.7795023918151855}
Thread times [0.07020211219787598, 0.08436441421508789, 0.11390829086303711, 0.01952815055847168, 0.01962590217590332, 0.21956992149353027, 0.12414717674255371, 0.24833083152770996, 0.20222949981689453, 0.19020628929138184, 0.1020810604095459, 0.08860254287719727, 0.243300199508667, 0.1874380111694336, 0.021726369857788086]
{'args': ((27, 0, slice(0, 960, None), slice(None, None, None)),), 'dataset shape': (40, 11, 1921, 2560), 'dataset chunks': (7, 1, 385, 512), 'indexing time (s)': 1.9073486328125e-06, 'chunk number': 1650, 'reduction time (s)': 1.9366722106933594, 'chunks processed': 15, 'storage read (B)': 29686785, 'selection 1 time (s)': 1.936899185180664}
Thread times [0.07988286018371582, 0.11236095428466797, 0.10909914970397949, 0.08947610855102539, 0.10763835906982422, 0.1302661895751953, 0.022601604461669922, 0.2055189609527588, 0.022372007369995117, 0.12370920181274414, 0.1789233684539795, 0.19798898696899414, 0.09077787399291992, 0.12149810791015625, 0.22325706481933594]
{'args': ((28, 0, slice(0, 960, None), slice(None, None, None)),), 'dataset shape': (40, 11, 1921, 2560), 'dataset chunks': (7, 1, 385, 512), 'indexing time (s)': 1.9073486328125e-06, 'chunk number': 1650, 'reduction time (s)': 1.8166477680206299, 'chunks processed': 15, 'storage read (B)': 29670387, 'selection 1 time (s)': 1.816870927810669}
Thread times [0.08237051963806152, 0.0988469123840332, 0.09442973136901855, 0.08445024490356445, 0.10817742347717285, 0.1462254524230957, 0.022017717361450195, 0.09074926376342773, 0.0216977596282959, 0.16077446937561035, 0.09977531433105469, 0.19063186645507812, 0.09137964248657227, 0.17225217819213867, 0.19270825386047363]
{'args': ((29, 0, slice(0, 960, None), slice(None, None, None)),), 'dataset shape': (40, 11, 1921, 2560), 'dataset chunks': (7, 1, 385, 512), 'indexing time (s)': 1.9073486328125e-06, 'chunk number': 1650, 'reduction time (s)': 1.6579945087432861, 'chunks processed': 15, 'storage read (B)': 29670387, 'selection 1 time (s)': 1.658210039138794}
Thread times [0.07062482833862305, 0.07891082763671875, 0.09192252159118652, 0.08162450790405273, 0.10196232795715332, 0.1451101303100586, 0.022210121154785156, 0.09876298904418945, 0.02218174934387207, 0.1145181655883789, 0.09810805320739746, 0.2031550407409668, 0.08678317070007324, 0.09895801544189453, 0.20162749290466309]
{'args': ((30, 0, slice(0, 960, None), slice(None, None, None)),), 'dataset shape': (40, 11, 1921, 2560), 'dataset chunks': (7, 1, 385, 512), 'indexing time (s)': 1.9073486328125e-06, 'chunk number': 1650, 'reduction time (s)': 1.5179100036621094, 'chunks processed': 15, 'storage read (B)': 29670387, 'selection 1 time (s)': 1.5181348323822021}
Thread times [0.07493138313293457, 0.09578442573547363, 0.09299588203430176, 0.0903933048248291, 0.1177678108215332, 0.11569380760192871, 0.022141695022583008, 0.1524498462677002, 0.022084951400756836, 0.14880609512329102, 0.1703341007232666, 0.20438551902770996, 0.15048599243164062, 0.09302830696105957, 0.20435714721679688]
{'args': ((31, 0, slice(0, 960, None), slice(None, None, None)),), 'dataset shape': (40, 11, 1921, 2560), 'dataset chunks': (7, 1, 385, 512), 'indexing time (s)': 2.384185791015625e-06, 'chunk number': 1650, 'reduction time (s)': 1.7570514678955078, 'chunks processed': 15, 'storage read (B)': 29670387, 'selection 1 time (s)': 1.757279872894287}
Thread times [0.22622895240783691, 0.09311604499816895, 0.17169666290283203, 0.09635758399963379, 0.09051513671875, 0.11896395683288574, 0.022464990615844727, 0.09435343742370605, 0.021943330764770508, 0.1571502685546875, 0.31060338020324707, 0.24293112754821777, 0.09023118019104004, 0.13303756713867188, 0.17935800552368164]
{'args': ((32, 0, slice(0, 960, None), slice(None, None, None)),), 'dataset shape': (40, 11, 1921, 2560), 'dataset chunks': (7, 1, 385, 512), 'indexing time (s)': 1.9073486328125e-06, 'chunk number': 1650, 'reduction time (s)': 2.0503625869750977, 'chunks processed': 15, 'storage read (B)': 29670387, 'selection 1 time (s)': 2.0505728721618652}
Thread times [0.08860063552856445, 0.0817861557006836, 0.1072845458984375, 0.09271717071533203, 0.08940911293029785, 0.1073157787322998, 0.02246570587158203, 0.09933757781982422, 0.02237844467163086, 0.11169552803039551, 0.09383654594421387, 0.2307600975036621, 0.08638334274291992, 0.09377193450927734, 0.20708775520324707]
{'args': ((33, 0, slice(0, 960, None), slice(None, None, None)),), 'dataset shape': (40, 11, 1921, 2560), 'dataset chunks': (7, 1, 385, 512), 'indexing time (s)': 2.1457672119140625e-06, 'chunk number': 1650, 'reduction time (s)': 1.536353588104248, 'chunks processed': 15, 'storage read (B)': 29670387, 'selection 1 time (s)': 1.536569356918335}
Thread times [0.07873654365539551, 0.08721542358398438, 0.1499931812286377, 0.1136472225189209, 0.0984952449798584, 0.16308021545410156, 0.024143218994140625, 0.10204625129699707, 0.02277207374572754, 0.12189078330993652, 0.1045527458190918, 0.2152543067932129, 0.1925373077392578, 0.16280746459960938, 0.21449780464172363]
{'args': ((34, 0, slice(0, 960, None), slice(None, None, None)),), 'dataset shape': (40, 11, 1921, 2560), 'dataset chunks': (7, 1, 385, 512), 'indexing time (s)': 2.1457672119140625e-06, 'chunk number': 1650, 'reduction time (s)': 1.853208065032959, 'chunks processed': 15, 'storage read (B)': 29670387, 'selection 1 time (s)': 1.8534138202667236}
Thread times [0.082855224609375, 0.07703447341918945, 0.21852445602416992, 0.12871050834655762, 0.23295831680297852, 0.08103418350219727, 0.11940789222717285, 0.22803378105163574, 0.16793417930603027, 0.23147296905517578, 0.09966731071472168, 0.1439063549041748, 0.22235441207885742, 0.13117146492004395, 0.0867462158203125]
{'args': ((35, 0, slice(0, 960, None), slice(None, None, None)),), 'dataset shape': (40, 11, 1921, 2560), 'dataset chunks': (7, 1, 385, 512), 'indexing time (s)': 1.9073486328125e-06, 'chunk number': 1650, 'reduction time (s)': 2.2532684803009033, 'chunks processed': 15, 'storage read (B)': 21287473, 'selection 1 time (s)': 2.2534918785095215}
Thread times [0.09155893325805664, 0.10866403579711914, 0.08422422409057617, 0.10416555404663086, 0.2288811206817627, 0.08673930168151855, 0.0746457576751709, 0.0863497257232666, 0.09225034713745117, 0.250713586807251, 0.0893867015838623, 0.08128523826599121, 0.26664113998413086, 0.07982969284057617, 0.11111640930175781]
{'args': ((36, 0, slice(0, 960, None), slice(None, None, None)),), 'dataset shape': (40, 11, 1921, 2560), 'dataset chunks': (7, 1, 385, 512), 'indexing time (s)': 1.9073486328125e-06, 'chunk number': 1650, 'reduction time (s)': 1.837986707687378, 'chunks processed': 15, 'storage read (B)': 21287473, 'selection 1 time (s)': 1.8381919860839844}
Thread times [0.08584356307983398, 0.12521624565124512, 0.19240880012512207, 0.09943675994873047, 0.2073047161102295, 0.08495092391967773, 0.0789346694946289, 0.08390974998474121, 0.1329789161682129, 0.23302364349365234, 0.08416461944580078, 0.07961845397949219, 0.1799473762512207, 0.07706546783447266, 0.08685088157653809]
{'args': ((37, 0, slice(0, 960, None), slice(None, None, None)),), 'dataset shape': (40, 11, 1921, 2560), 'dataset chunks': (7, 1, 385, 512), 'indexing time (s)': 1.9073486328125e-06, 'chunk number': 1650, 'reduction time (s)': 1.8330373764038086, 'chunks processed': 15, 'storage read (B)': 21287473, 'selection 1 time (s)': 1.833216667175293}
Thread times [0.08421659469604492, 0.1189119815826416, 0.1196138858795166, 0.09499549865722656, 0.21657872200012207, 0.10114622116088867, 0.08627009391784668, 0.08640909194946289, 0.09264802932739258, 0.1933610439300537, 0.10848498344421387, 0.08538675308227539, 0.20768523216247559, 0.07828903198242188, 0.0967099666595459]
{'args': ((38, 0, slice(0, 960, None), slice(None, None, None)),), 'dataset shape': (40, 11, 1921, 2560), 'dataset chunks': (7, 1, 385, 512), 'indexing time (s)': 1.6689300537109375e-06, 'chunk number': 1650, 'reduction time (s)': 1.772096872329712, 'chunks processed': 15, 'storage read (B)': 21287473, 'selection 1 time (s)': 1.7722854614257812}
Thread times [0.07798457145690918, 0.1029348373413086, 0.09447050094604492, 0.11574196815490723, 0.25425219535827637, 0.18688464164733887, 0.14396381378173828, 0.09682965278625488, 0.15693879127502441, 0.21006083488464355, 0.07573366165161133, 0.08992481231689453, 0.19066786766052246, 0.07172942161560059, 0.07740402221679688]
{'args': ((39, 0, slice(0, 960, None), slice(None, None, None)),), 'dataset shape': (40, 11, 1921, 2560), 'dataset chunks': (7, 1, 385, 512), 'indexing time (s)': 1.9073486328125e-06, 'chunk number': 1650, 'reduction time (s)': 1.9469757080078125, 'chunks processed': 15, 'storage read (B)': 21287473, 'selection 1 time (s)': 1.9471702575683594}
[[226.07817708]
 [226.06473958]
 [225.93765625]
 [225.90807292]
 [225.91734375]
 [225.88453125]
 [225.82075521]
 [225.85440104]
 [225.98328125]
 [226.03804687]
 [226.01315104]
 [226.02330729]
 [226.03770833]
 [226.00476563]
 [225.91765625]
 [225.94036458]
 [225.98721354]
 [225.9146875 ]
 [225.81242188]
 [225.81869792]
 [225.84526042]
 [225.78497396]
 [225.63651042]
 [225.55651042]
 [225.45734375]
 [225.32369792]
 [225.16325521]
 [225.07794271]
 [225.07846354]
 [225.10664063]
 [225.17609375]
 [225.36880208]
 [225.57911458]
 [225.69080729]
 [225.72229167]
 [225.82367188]
 [225.93658854]
 [225.96765625]
 [225.91861979]
 [225.9225    ]]
Summary:  sci6-in1:Local (T1,BS5): 0.637s,78.12s,82.0s
