Dataset loaded from S3 with s3fs and Pyfive: bnl/ch330a.pc19790301-def.nc (0.86,0.56)
Thread times [0.08012866973876953, 0.07767701148986816, 0.08469343185424805, 0.08312821388244629, 0.10324621200561523, 0.26538729667663574, 0.2771601676940918, 0.09799337387084961, 0.24766755104064941, 0.0824747085571289, 0.10761451721191406, 0.24996018409729004, 0.08366131782531738, 0.38481879234313965, 0.08627843856811523]
{'load nc time': 1.584069013595581, 'args': ((0, 0, slice(0, 960, None), slice(None, None, None)),), 'dataset shape': (40, 11, 1921, 2560), 'dataset chunks': (7, 1, 385, 512), 'indexing time (s)': 2.8245270252227783, 'chunk number': 1650, 'reduction time (s)': 2.3133926391601562, 'chunks processed': 15, 'storage read (B)': 29685482, 'selection 1 time (s)': 5.138192892074585}
Thread times [0.07810068130493164, 0.08733105659484863, 0.08660292625427246, 0.10247182846069336, 0.08016443252563477, 0.19820737838745117, 0.0771329402923584, 0.0950167179107666, 0.19183897972106934, 0.07503843307495117, 0.08730506896972656, 0.2190074920654297, 0.08289670944213867, 0.08442473411560059, 0.08471846580505371]
{'args': ((1, 0, slice(0, 960, None), slice(None, None, None)),), 'dataset shape': (40, 11, 1921, 2560), 'dataset chunks': (7, 1, 385, 512), 'indexing time (s)': 2.384185791015625e-06, 'chunk number': 1650, 'reduction time (s)': 1.6314611434936523, 'chunks processed': 15, 'storage read (B)': 29685482, 'selection 1 time (s)': 1.6316816806793213}
Thread times [0.08089303970336914, 0.0761861801147461, 0.3642709255218506, 0.10004830360412598, 0.08291745185852051, 0.3699181079864502, 0.0742344856262207, 0.08782505989074707, 0.24021196365356445, 0.09293699264526367, 0.09867215156555176, 0.23991847038269043, 0.0948939323425293, 0.08547019958496094, 0.08483505249023438]
{'args': ((2, 0, slice(0, 960, None), slice(None, None, None)),), 'dataset shape': (40, 11, 1921, 2560), 'dataset chunks': (7, 1, 385, 512), 'indexing time (s)': 2.1457672119140625e-06, 'chunk number': 1650, 'reduction time (s)': 2.1747093200683594, 'chunks processed': 15, 'storage read (B)': 29685482, 'selection 1 time (s)': 2.174908399581909}
Thread times [0.08143949508666992, 0.0872488021850586, 0.08530569076538086, 0.10523581504821777, 0.08259224891662598, 0.21555590629577637, 0.0753941535949707, 0.09288454055786133, 0.44003844261169434, 0.08333849906921387, 0.08893513679504395, 0.26903820037841797, 0.10016179084777832, 0.08806371688842773, 0.09481072425842285]
{'args': ((3, 0, slice(0, 960, None), slice(None, None, None)),), 'dataset shape': (40, 11, 1921, 2560), 'dataset chunks': (7, 1, 385, 512), 'indexing time (s)': 1.9073486328125e-06, 'chunk number': 1650, 'reduction time (s)': 1.9913017749786377, 'chunks processed': 15, 'storage read (B)': 29685482, 'selection 1 time (s)': 1.9915056228637695}
Thread times [0.4216160774230957, 0.08449125289916992, 0.08616948127746582, 0.08505082130432129, 0.0851907730102539, 0.21956801414489746, 0.07534933090209961, 0.4004018306732178, 0.2312629222869873, 0.09284067153930664, 0.09351301193237305, 0.2343289852142334, 0.09533810615539551, 0.08848834037780762, 0.08378720283508301]
{'args': ((4, 0, slice(0, 960, None), slice(None, None, None)),), 'dataset shape': (40, 11, 1921, 2560), 'dataset chunks': (7, 1, 385, 512), 'indexing time (s)': 1.430511474609375e-06, 'chunk number': 1650, 'reduction time (s)': 2.3787124156951904, 'chunks processed': 15, 'storage read (B)': 29685482, 'selection 1 time (s)': 2.3788957595825195}
Thread times [0.08417320251464844, 0.07742595672607422, 0.09137487411499023, 0.09526205062866211, 0.09152412414550781, 0.22339320182800293, 0.22385239601135254, 0.09570455551147461, 0.22447490692138672, 0.19845938682556152, 0.11985230445861816, 0.25043559074401855, 0.07229828834533691, 0.09140658378601074, 0.09052443504333496]
{'args': ((5, 0, slice(0, 960, None), slice(None, None, None)),), 'dataset shape': (40, 11, 1921, 2560), 'dataset chunks': (7, 1, 385, 512), 'indexing time (s)': 2.1457672119140625e-06, 'chunk number': 1650, 'reduction time (s)': 2.031623601913452, 'chunks processed': 15, 'storage read (B)': 29685482, 'selection 1 time (s)': 2.0318517684936523}
Thread times [0.0790565013885498, 0.06961679458618164, 0.078460693359375, 0.09487700462341309, 0.09868049621582031, 0.21759438514709473, 0.07731294631958008, 0.08782005310058594, 0.21184873580932617, 0.1470937728881836, 0.1399235725402832, 0.24547314643859863, 0.08451700210571289, 0.0846865177154541, 0.08857917785644531]
{'args': ((6, 0, slice(0, 960, None), slice(None, None, None)),), 'dataset shape': (40, 11, 1921, 2560), 'dataset chunks': (7, 1, 385, 512), 'indexing time (s)': 2.384185791015625e-06, 'chunk number': 1650, 'reduction time (s)': 1.8075015544891357, 'chunks processed': 15, 'storage read (B)': 29685482, 'selection 1 time (s)': 1.8077731132507324}
Thread times [0.08079957962036133, 0.09300088882446289, 0.0946342945098877, 0.09618043899536133, 0.09717583656311035, 0.09051108360290527, 0.08831357955932617, 0.2218327522277832, 0.08889889717102051, 0.08856511116027832, 0.14306139945983887, 0.11271071434020996, 0.19905591011047363, 0.08543992042541504, 0.10618305206298828]
{'args': ((7, 0, slice(0, 960, None), slice(None, None, None)),), 'dataset shape': (40, 11, 1921, 2560), 'dataset chunks': (7, 1, 385, 512), 'indexing time (s)': 1.9073486328125e-06, 'chunk number': 1650, 'reduction time (s)': 1.6876590251922607, 'chunks processed': 15, 'storage read (B)': 29701892, 'selection 1 time (s)': 1.6879076957702637}
Thread times [0.0828554630279541, 0.07424664497375488, 0.09563350677490234, 0.11330342292785645, 0.0917825698852539, 0.10463976860046387, 0.08962488174438477, 0.23251962661743164, 0.08094429969787598, 0.0778965950012207, 0.08544731140136719, 0.10182857513427734, 0.2235565185546875, 0.11387062072753906, 0.11021900177001953]
{'args': ((8, 0, slice(0, 960, None), slice(None, None, None)),), 'dataset shape': (40, 11, 1921, 2560), 'dataset chunks': (7, 1, 385, 512), 'indexing time (s)': 1.6689300537109375e-06, 'chunk number': 1650, 'reduction time (s)': 1.6797442436218262, 'chunks processed': 15, 'storage read (B)': 29701892, 'selection 1 time (s)': 1.6799530982971191}
Thread times [0.08303570747375488, 0.07477664947509766, 0.09668183326721191, 0.08910632133483887, 0.09033584594726562, 0.08510494232177734, 0.14478588104248047, 0.22948360443115234, 0.07235240936279297, 0.08968472480773926, 0.0929253101348877, 0.1085972785949707, 0.2254776954650879, 0.11526179313659668, 0.09443926811218262]
{'args': ((9, 0, slice(0, 960, None), slice(None, None, None)),), 'dataset shape': (40, 11, 1921, 2560), 'dataset chunks': (7, 1, 385, 512), 'indexing time (s)': 1.6689300537109375e-06, 'chunk number': 1650, 'reduction time (s)': 1.6934490203857422, 'chunks processed': 15, 'storage read (B)': 29701892, 'selection 1 time (s)': 1.693671703338623}
Thread times [0.07668423652648926, 0.07439517974853516, 0.08777952194213867, 0.08890652656555176, 0.11971521377563477, 0.08918046951293945, 0.1566908359527588, 0.24744725227355957, 0.07458782196044922, 0.091217041015625, 0.07579302787780762, 0.1416628360748291, 0.22072839736938477, 0.11282134056091309, 0.12648344039916992]
{'args': ((10, 0, slice(0, 960, None), slice(None, None, None)),), 'dataset shape': (40, 11, 1921, 2560), 'dataset chunks': (7, 1, 385, 512), 'indexing time (s)': 1.9073486328125e-06, 'chunk number': 1650, 'reduction time (s)': 1.7854022979736328, 'chunks processed': 15, 'storage read (B)': 29701892, 'selection 1 time (s)': 1.7856800556182861}
Thread times [0.08967041969299316, 0.08861470222473145, 0.07405900955200195, 0.18656182289123535, 0.12276577949523926, 0.09631586074829102, 0.11158943176269531, 0.2178804874420166, 0.07411766052246094, 0.0912930965423584, 0.08268976211547852, 0.09997940063476562, 0.23200678825378418, 0.08639168739318848, 0.09546875953674316]
{'args': ((11, 0, slice(0, 960, None), slice(None, None, None)),), 'dataset shape': (40, 11, 1921, 2560), 'dataset chunks': (7, 1, 385, 512), 'indexing time (s)': 2.384185791015625e-06, 'chunk number': 1650, 'reduction time (s)': 1.7509057521820068, 'chunks processed': 15, 'storage read (B)': 29701892, 'selection 1 time (s)': 1.7511751651763916}
Thread times [0.08303380012512207, 0.06803107261657715, 0.10575580596923828, 0.1031961441040039, 0.1022481918334961, 0.08876180648803711, 0.10958576202392578, 0.24796509742736816, 0.10795164108276367, 0.08251285552978516, 0.0902395248413086, 0.10427212715148926, 0.25003957748413086, 0.08625435829162598, 0.14042401313781738]
{'args': ((12, 0, slice(0, 960, None), slice(None, None, None)),), 'dataset shape': (40, 11, 1921, 2560), 'dataset chunks': (7, 1, 385, 512), 'indexing time (s)': 1.430511474609375e-06, 'chunk number': 1650, 'reduction time (s)': 1.7717006206512451, 'chunks processed': 15, 'storage read (B)': 29701892, 'selection 1 time (s)': 1.7719159126281738}
Thread times [0.08688068389892578, 0.08176851272583008, 0.10683655738830566, 0.098724365234375, 0.10753607749938965, 0.145554780960083, 0.11156773567199707, 0.26418519020080566, 0.09850859642028809, 0.09026360511779785, 0.10354924201965332, 0.14203906059265137, 0.2404003143310547, 0.12362384796142578, 0.09785699844360352]
{'args': ((13, 0, slice(0, 960, None), slice(None, None, None)),), 'dataset shape': (40, 11, 1921, 2560), 'dataset chunks': (7, 1, 385, 512), 'indexing time (s)': 1.9073486328125e-06, 'chunk number': 1650, 'reduction time (s)': 1.900618314743042, 'chunks processed': 15, 'storage read (B)': 29701892, 'selection 1 time (s)': 1.900831699371338}
Thread times [0.11994147300720215, 0.07992815971374512, 0.09046316146850586, 0.09457015991210938, 0.09428763389587402, 0.10188794136047363, 0.13041114807128906, 0.09602999687194824, 0.2623331546783447, 0.09494304656982422, 0.07902741432189941, 0.0929408073425293, 0.09026098251342773, 0.11197662353515625, 0.09752345085144043]
{'args': ((14, 0, slice(0, 960, None), slice(None, None, None)),), 'dataset shape': (40, 11, 1921, 2560), 'dataset chunks': (7, 1, 385, 512), 'indexing time (s)': 1.1920928955078125e-06, 'chunk number': 1650, 'reduction time (s)': 1.637873649597168, 'chunks processed': 15, 'storage read (B)': 29733505, 'selection 1 time (s)': 1.6380817890167236}
Thread times [0.08031988143920898, 0.11522674560546875, 0.09054803848266602, 0.11888265609741211, 0.08147382736206055, 0.09859871864318848, 0.11151123046875, 0.1309812068939209, 0.2373368740081787, 0.08820772171020508, 0.08197784423828125, 0.10323858261108398, 0.1199498176574707, 0.0981299877166748, 0.09032320976257324]
{'args': ((15, 0, slice(0, 960, None), slice(None, None, None)),), 'dataset shape': (40, 11, 1921, 2560), 'dataset chunks': (7, 1, 385, 512), 'indexing time (s)': 1.6689300537109375e-06, 'chunk number': 1650, 'reduction time (s)': 1.6479847431182861, 'chunks processed': 15, 'storage read (B)': 29733505, 'selection 1 time (s)': 1.648207187652588}
Thread times [0.09518194198608398, 0.07767510414123535, 0.08971667289733887, 0.09523582458496094, 0.0843498706817627, 0.09263730049133301, 0.09623980522155762, 0.09748268127441406, 0.22400593757629395, 0.07587885856628418, 0.11062836647033691, 0.11530351638793945, 0.09518241882324219, 0.08747267723083496, 0.08295249938964844]
{'args': ((16, 0, slice(0, 960, None), slice(None, None, None)),), 'dataset shape': (40, 11, 1921, 2560), 'dataset chunks': (7, 1, 385, 512), 'indexing time (s)': 1.6689300537109375e-06, 'chunk number': 1650, 'reduction time (s)': 1.5215075016021729, 'chunks processed': 15, 'storage read (B)': 29733505, 'selection 1 time (s)': 1.5217647552490234}
Thread times [0.08259248733520508, 0.0792696475982666, 0.11278247833251953, 0.08997011184692383, 0.08211255073547363, 0.09882903099060059, 0.1192772388458252, 0.0923302173614502, 0.23789286613464355, 0.07962346076965332, 0.08461236953735352, 0.09887504577636719, 0.09441089630126953, 0.11244440078735352, 0.0831153392791748]
{'args': ((17, 0, slice(0, 960, None), slice(None, None, None)),), 'dataset shape': (40, 11, 1921, 2560), 'dataset chunks': (7, 1, 385, 512), 'indexing time (s)': 1.430511474609375e-06, 'chunk number': 1650, 'reduction time (s)': 1.5496032238006592, 'chunks processed': 15, 'storage read (B)': 29733505, 'selection 1 time (s)': 1.5498244762420654}
Thread times [0.08280634880065918, 0.08459591865539551, 0.08611249923706055, 0.0983436107635498, 0.09847354888916016, 0.14906859397888184, 0.10706639289855957, 0.09753084182739258, 0.24267578125, 0.07910418510437012, 0.1062476634979248, 0.11206221580505371, 0.1298692226409912, 0.10307431221008301, 0.11107397079467773]
{'args': ((18, 0, slice(0, 960, None), slice(None, None, None)),), 'dataset shape': (40, 11, 1921, 2560), 'dataset chunks': (7, 1, 385, 512), 'indexing time (s)': 1.430511474609375e-06, 'chunk number': 1650, 'reduction time (s)': 1.6896116733551025, 'chunks processed': 15, 'storage read (B)': 29733505, 'selection 1 time (s)': 1.6898386478424072}
Thread times [0.09023666381835938, 0.07810497283935547, 0.07819271087646484, 0.10783958435058594, 0.07677698135375977, 0.08944106101989746, 0.23575782775878906, 0.09015893936157227, 0.23760271072387695, 0.09910988807678223, 0.07903599739074707, 0.11779284477233887, 0.13559389114379883, 0.1218266487121582, 0.08552026748657227]
{'args': ((19, 0, slice(0, 960, None), slice(None, None, None)),), 'dataset shape': (40, 11, 1921, 2560), 'dataset chunks': (7, 1, 385, 512), 'indexing time (s)': 1.9073486328125e-06, 'chunk number': 1650, 'reduction time (s)': 1.7243702411651611, 'chunks processed': 15, 'storage read (B)': 29733505, 'selection 1 time (s)': 1.7246243953704834}
Thread times [0.0782463550567627, 0.08745002746582031, 0.08017969131469727, 0.08881068229675293, 0.08978009223937988, 0.11594343185424805, 0.10349559783935547, 0.09898567199707031, 0.20734405517578125, 0.08025956153869629, 0.09257078170776367, 0.1942276954650879, 0.09004759788513184, 0.11906242370605469, 0.11397743225097656]
{'args': ((20, 0, slice(0, 960, None), slice(None, None, None)),), 'dataset shape': (40, 11, 1921, 2560), 'dataset chunks': (7, 1, 385, 512), 'indexing time (s)': 1.6689300537109375e-06, 'chunk number': 1650, 'reduction time (s)': 1.641775369644165, 'chunks processed': 15, 'storage read (B)': 29733505, 'selection 1 time (s)': 1.6421830654144287}
Thread times [0.08757829666137695, 0.07777953147888184, 0.09268999099731445, 0.067230224609375, 0.07497930526733398, 0.23630094528198242, 0.09747815132141113, 0.23173928260803223, 0.09856700897216797, 0.10237479209899902, 0.10210824012756348, 0.09070062637329102, 0.22705841064453125, 0.2415163516998291, 0.09456253051757812]
{'args': ((21, 0, slice(0, 960, None), slice(None, None, None)),), 'dataset shape': (40, 11, 1921, 2560), 'dataset chunks': (7, 1, 385, 512), 'indexing time (s)': 9.5367431640625e-07, 'chunk number': 1650, 'reduction time (s)': 1.924027919769287, 'chunks processed': 15, 'storage read (B)': 29686785, 'selection 1 time (s)': 1.924208164215088}
Thread times [0.0756525993347168, 0.07161760330200195, 0.0905909538269043, 0.06950855255126953, 0.07829427719116211, 0.24694561958312988, 0.09559488296508789, 0.1190025806427002, 0.08341765403747559, 0.11043524742126465, 0.09455561637878418, 0.09317660331726074, 0.2302718162536621, 0.21451544761657715, 0.09853553771972656]
{'args': ((22, 0, slice(0, 960, None), slice(None, None, None)),), 'dataset shape': (40, 11, 1921, 2560), 'dataset chunks': (7, 1, 385, 512), 'indexing time (s)': 2.1457672119140625e-06, 'chunk number': 1650, 'reduction time (s)': 1.7735538482666016, 'chunks processed': 15, 'storage read (B)': 29686785, 'selection 1 time (s)': 1.7737650871276855}
Thread times [0.07608962059020996, 0.07850170135498047, 0.10203671455383301, 0.06254053115844727, 0.07999825477600098, 0.22289657592773438, 0.13763856887817383, 0.11267709732055664, 0.09661197662353516, 0.12228202819824219, 0.09867620468139648, 0.09428834915161133, 0.22487545013427734, 0.19257497787475586, 0.12081122398376465]
{'args': ((23, 0, slice(0, 960, None), slice(None, None, None)),), 'dataset shape': (40, 11, 1921, 2560), 'dataset chunks': (7, 1, 385, 512), 'indexing time (s)': 1.9073486328125e-06, 'chunk number': 1650, 'reduction time (s)': 1.8241891860961914, 'chunks processed': 15, 'storage read (B)': 29686785, 'selection 1 time (s)': 1.824397325515747}
Thread times [0.08021163940429688, 0.09891939163208008, 0.10188460350036621, 0.0722198486328125, 0.08091163635253906, 0.22652912139892578, 0.10772418975830078, 0.0946664810180664, 0.1016392707824707, 0.09002947807312012, 0.12365889549255371, 0.09101605415344238, 0.2124462127685547, 0.18368935585021973, 0.06620383262634277]
{'args': ((24, 0, slice(0, 960, None), slice(None, None, None)),), 'dataset shape': (40, 11, 1921, 2560), 'dataset chunks': (7, 1, 385, 512), 'indexing time (s)': 1.430511474609375e-06, 'chunk number': 1650, 'reduction time (s)': 1.7331252098083496, 'chunks processed': 15, 'storage read (B)': 29686785, 'selection 1 time (s)': 1.7333173751831055}
Thread times [0.1133875846862793, 0.07166528701782227, 0.09684133529663086, 0.06099224090576172, 0.10576224327087402, 0.2082674503326416, 0.07804632186889648, 0.08861708641052246, 0.09854435920715332, 0.1292421817779541, 0.09828305244445801, 0.11882209777832031, 0.20534300804138184, 0.18172526359558105, 0.07067370414733887]
{'args': ((25, 0, slice(0, 960, None), slice(None, None, None)),), 'dataset shape': (40, 11, 1921, 2560), 'dataset chunks': (7, 1, 385, 512), 'indexing time (s)': 1.1920928955078125e-06, 'chunk number': 1650, 'reduction time (s)': 1.7275469303131104, 'chunks processed': 15, 'storage read (B)': 29686785, 'selection 1 time (s)': 1.7277336120605469}
Thread times [0.06991410255432129, 0.07074832916259766, 0.11194491386413574, 0.07019853591918945, 0.0776064395904541, 0.22777509689331055, 0.09334397315979004, 0.14252924919128418, 0.09646058082580566, 0.15829777717590332, 0.10487079620361328, 0.09383916854858398, 0.24412083625793457, 0.25638318061828613, 0.06608366966247559]
{'args': ((26, 0, slice(0, 960, None), slice(None, None, None)),), 'dataset shape': (40, 11, 1921, 2560), 'dataset chunks': (7, 1, 385, 512), 'indexing time (s)': 1.6689300537109375e-06, 'chunk number': 1650, 'reduction time (s)': 1.88551926612854, 'chunks processed': 15, 'storage read (B)': 29686785, 'selection 1 time (s)': 1.88572096824646}
Thread times [0.08694005012512207, 0.07421469688415527, 0.09488916397094727, 0.0686941146850586, 0.11242175102233887, 0.23617053031921387, 0.16762900352478027, 0.10291147232055664, 0.1149141788482666, 0.11114692687988281, 0.09776544570922852, 0.09380984306335449, 0.2611820697784424, 0.18773770332336426, 0.11018013954162598]
{'args': ((27, 0, slice(0, 960, None), slice(None, None, None)),), 'dataset shape': (40, 11, 1921, 2560), 'dataset chunks': (7, 1, 385, 512), 'indexing time (s)': 1.9073486328125e-06, 'chunk number': 1650, 'reduction time (s)': 1.9222960472106934, 'chunks processed': 15, 'storage read (B)': 29686785, 'selection 1 time (s)': 1.9225471019744873}
Thread times [0.08137369155883789, 0.07892799377441406, 0.09816932678222656, 0.08767294883728027, 0.0799412727355957, 0.09147214889526367, 0.07980203628540039, 0.08326172828674316, 0.08814716339111328, 0.09302163124084473, 0.0994408130645752, 0.23616576194763184, 0.08339309692382812, 0.1416764259338379, 0.16818690299987793]
{'args': ((28, 0, slice(0, 960, None), slice(None, None, None)),), 'dataset shape': (40, 11, 1921, 2560), 'dataset chunks': (7, 1, 385, 512), 'indexing time (s)': 1.6689300537109375e-06, 'chunk number': 1650, 'reduction time (s)': 1.5919394493103027, 'chunks processed': 15, 'storage read (B)': 29670387, 'selection 1 time (s)': 1.592130422592163}
Thread times [0.07458066940307617, 0.09309959411621094, 0.09574413299560547, 0.08318305015563965, 0.08027839660644531, 0.0948796272277832, 0.08273625373840332, 0.09338855743408203, 0.10069513320922852, 0.1335139274597168, 0.09408760070800781, 0.2191486358642578, 0.07732033729553223, 0.08077335357666016, 0.08313894271850586]
{'args': ((29, 0, slice(0, 960, None), slice(None, None, None)),), 'dataset shape': (40, 11, 1921, 2560), 'dataset chunks': (7, 1, 385, 512), 'indexing time (s)': 1.6689300537109375e-06, 'chunk number': 1650, 'reduction time (s)': 1.4879357814788818, 'chunks processed': 15, 'storage read (B)': 29670387, 'selection 1 time (s)': 1.4881150722503662}
Thread times [0.15393424034118652, 0.07388520240783691, 0.1161794662475586, 0.11401152610778809, 0.08955645561218262, 0.1338183879852295, 0.13183999061584473, 0.09589076042175293, 0.0863344669342041, 0.15244174003601074, 0.09018659591674805, 0.23354840278625488, 0.09426665306091309, 0.09342265129089355, 0.10169315338134766]
{'args': ((30, 0, slice(0, 960, None), slice(None, None, None)),), 'dataset shape': (40, 11, 1921, 2560), 'dataset chunks': (7, 1, 385, 512), 'indexing time (s)': 1.430511474609375e-06, 'chunk number': 1650, 'reduction time (s)': 1.7624342441558838, 'chunks processed': 15, 'storage read (B)': 29670387, 'selection 1 time (s)': 1.7626159191131592}
Thread times [0.07520294189453125, 0.09322428703308105, 0.08701658248901367, 0.08653020858764648, 0.08306503295898438, 0.15173697471618652, 0.10557341575622559, 0.10706377029418945, 0.09560704231262207, 0.12260890007019043, 0.11362481117248535, 0.2526969909667969, 0.22051477432250977, 0.12231564521789551, 0.08625340461730957]
{'args': ((31, 0, slice(0, 960, None), slice(None, None, None)),), 'dataset shape': (40, 11, 1921, 2560), 'dataset chunks': (7, 1, 385, 512), 'indexing time (s)': 1.6689300537109375e-06, 'chunk number': 1650, 'reduction time (s)': 1.804525375366211, 'chunks processed': 15, 'storage read (B)': 29670387, 'selection 1 time (s)': 1.8047471046447754}
Thread times [0.0724799633026123, 0.0737764835357666, 0.13546037673950195, 0.0870063304901123, 0.10156941413879395, 0.09651446342468262, 0.08207583427429199, 0.14889216423034668, 0.08532857894897461, 0.0972592830657959, 0.15938568115234375, 0.2256016731262207, 0.10507392883300781, 0.10082697868347168, 0.14156508445739746]
{'args': ((32, 0, slice(0, 960, None), slice(None, None, None)),), 'dataset shape': (40, 11, 1921, 2560), 'dataset chunks': (7, 1, 385, 512), 'indexing time (s)': 2.1457672119140625e-06, 'chunk number': 1650, 'reduction time (s)': 1.7143399715423584, 'chunks processed': 15, 'storage read (B)': 29670387, 'selection 1 time (s)': 1.714576005935669}
Thread times [0.07024884223937988, 0.07375907897949219, 0.09769082069396973, 0.10380077362060547, 0.07950568199157715, 0.09604954719543457, 0.0801386833190918, 0.08750486373901367, 0.08932971954345703, 0.10486221313476562, 0.1515045166015625, 0.23918485641479492, 0.08213162422180176, 0.11119580268859863, 0.08983421325683594]
{'args': ((33, 0, slice(0, 960, None), slice(None, None, None)),), 'dataset shape': (40, 11, 1921, 2560), 'dataset chunks': (7, 1, 385, 512), 'indexing time (s)': 2.1457672119140625e-06, 'chunk number': 1650, 'reduction time (s)': 1.5582165718078613, 'chunks processed': 15, 'storage read (B)': 29670387, 'selection 1 time (s)': 1.5584442615509033}
Thread times [0.0717918872833252, 0.18682432174682617, 0.0934751033782959, 0.1748497486114502, 0.09340238571166992, 0.14168357849121094, 0.0922696590423584, 0.08948493003845215, 0.09155535697937012, 0.11869072914123535, 0.09750533103942871, 0.3019134998321533, 0.08864259719848633, 0.13742852210998535, 0.10953521728515625]
{'args': ((34, 0, slice(0, 960, None), slice(None, None, None)),), 'dataset shape': (40, 11, 1921, 2560), 'dataset chunks': (7, 1, 385, 512), 'indexing time (s)': 2.1457672119140625e-06, 'chunk number': 1650, 'reduction time (s)': 1.8904955387115479, 'chunks processed': 15, 'storage read (B)': 29670387, 'selection 1 time (s)': 1.8907215595245361}
Thread times [0.07570791244506836, 0.07602167129516602, 0.07485604286193848, 0.0768270492553711, 0.07480502128601074, 0.09293818473815918, 0.08146333694458008, 0.12897181510925293, 0.09311079978942871, 0.08265066146850586, 0.10885381698608398, 0.08179855346679688, 0.0790562629699707, 0.07584667205810547, 0.08017802238464355]
{'args': ((35, 0, slice(0, 960, None), slice(None, None, None)),), 'dataset shape': (40, 11, 1921, 2560), 'dataset chunks': (7, 1, 385, 512), 'indexing time (s)': 2.1457672119140625e-06, 'chunk number': 1650, 'reduction time (s)': 1.284522294998169, 'chunks processed': 15, 'storage read (B)': 21287473, 'selection 1 time (s)': 1.2847647666931152}
Thread times [0.07517409324645996, 0.07215118408203125, 0.11573386192321777, 0.07846784591674805, 0.08115220069885254, 0.09979367256164551, 0.09073662757873535, 0.0809638500213623, 0.14964938163757324, 0.08293724060058594, 0.10552835464477539, 0.11443161964416504, 0.08122754096984863, 0.1256253719329834, 0.08687067031860352]
{'args': ((36, 0, slice(0, 960, None), slice(None, None, None)),), 'dataset shape': (40, 11, 1921, 2560), 'dataset chunks': (7, 1, 385, 512), 'indexing time (s)': 2.6226043701171875e-06, 'chunk number': 1650, 'reduction time (s)': 1.4418697357177734, 'chunks processed': 15, 'storage read (B)': 21287473, 'selection 1 time (s)': 1.4421381950378418}
Thread times [0.10504865646362305, 0.07300519943237305, 0.08937954902648926, 0.09415197372436523, 0.08607697486877441, 0.09965634346008301, 0.07686805725097656, 0.17087411880493164, 0.10408568382263184, 0.0844733715057373, 0.11649394035339355, 0.09198951721191406, 0.0910029411315918, 0.08208155632019043, 0.07986974716186523]
{'args': ((37, 0, slice(0, 960, None), slice(None, None, None)),), 'dataset shape': (40, 11, 1921, 2560), 'dataset chunks': (7, 1, 385, 512), 'indexing time (s)': 1.9073486328125e-06, 'chunk number': 1650, 'reduction time (s)': 1.4464876651763916, 'chunks processed': 15, 'storage read (B)': 21287473, 'selection 1 time (s)': 1.446732521057129}
Thread times [0.13497018814086914, 0.08702254295349121, 0.08077144622802734, 0.08162426948547363, 0.07587885856628418, 0.09104084968566895, 0.10338902473449707, 0.08578252792358398, 0.11967015266418457, 0.11735916137695312, 0.09319925308227539, 0.08223438262939453, 0.08156895637512207, 0.0958709716796875, 0.09107708930969238]
{'args': ((38, 0, slice(0, 960, None), slice(None, None, None)),), 'dataset shape': (40, 11, 1921, 2560), 'dataset chunks': (7, 1, 385, 512), 'indexing time (s)': 2.1457672119140625e-06, 'chunk number': 1650, 'reduction time (s)': 1.422961950302124, 'chunks processed': 15, 'storage read (B)': 21287473, 'selection 1 time (s)': 1.4232690334320068}
Thread times [0.08665108680725098, 0.07889080047607422, 0.08575320243835449, 0.08027768135070801, 0.08008885383605957, 0.08766365051269531, 0.08521676063537598, 0.08109688758850098, 0.12627840042114258, 0.07961797714233398, 0.08591866493225098, 0.11119604110717773, 0.08103728294372559, 0.08488798141479492, 0.0798344612121582]
{'args': ((39, 0, slice(0, 960, None), slice(None, None, None)),), 'dataset shape': (40, 11, 1921, 2560), 'dataset chunks': (7, 1, 385, 512), 'indexing time (s)': 2.1457672119140625e-06, 'chunk number': 1650, 'reduction time (s)': 1.315889835357666, 'chunks processed': 15, 'storage read (B)': 21287473, 'selection 1 time (s)': 1.3162915706634521}
[[226.07817708]
 [226.06473958]
 [225.93765625]
 [225.90807292]
 [225.91734375]
 [225.88453125]
 [225.82075521]
 [225.85440104]
 [225.98328125]
 [226.03804687]
 [226.01315104]
 [226.02330729]
 [226.03770833]
 [226.00476563]
 [225.91765625]
 [225.94036458]
 [225.98721354]
 [225.9146875 ]
 [225.81242188]
 [225.81869792]
 [225.84526042]
 [225.78497396]
 [225.63651042]
 [225.55651042]
 [225.45734375]
 [225.32369792]
 [225.16325521]
 [225.07794271]
 [225.07846354]
 [225.10664063]
 [225.17609375]
 [225.36880208]
 [225.57911458]
 [225.69080729]
 [225.72229167]
 [225.82367188]
 [225.93658854]
 [225.96765625]
 [225.91861979]
 [225.9225    ]]
Summary:  sci6-in1:Local (T1,BS1): 1.58s,69.52s,73.94s
