Dataset loaded from S3 with s3fs and Pyfive: bnl/ch330a.pc19790301-def.nc (0.021,0.5)
Thread times [0.0730593204498291, 0.09309267997741699, 0.18424582481384277, 0.14268922805786133, 0.10979628562927246, 0.21157407760620117, 0.09354877471923828, 0.21088051795959473, 0.17808270454406738, 0.08996701240539551, 0.14617061614990234, 0.1936202049255371, 0.2806510925292969, 0.10998392105102539, 0.12571930885314941]
{'load nc time': 0.5669052600860596, 'args': ((0, 0, slice(0, 960, None), slice(None, None, None)),), 'dataset shape': (40, 11, 1921, 2560), 'dataset chunks': (7, 1, 385, 512), 'indexing time (s)': 2.6475980281829834, 'chunk number': 1650, 'reduction time (s)': 2.2446091175079346, 'chunks processed': 15, 'storage read (B)': 29685482, 'selection 1 time (s)': 4.892394065856934}
Thread times [0.10586667060852051, 0.09551453590393066, 0.24642229080200195, 0.0813596248626709, 0.07575488090515137, 0.1830604076385498, 0.0810399055480957, 0.20577430725097656, 0.17737984657287598, 0.09086060523986816, 0.12086701393127441, 0.17541742324829102, 0.182999849319458, 0.07328271865844727, 0.07616281509399414]
{'args': ((1, 0, slice(0, 960, None), slice(None, None, None)),), 'dataset shape': (40, 11, 1921, 2560), 'dataset chunks': (7, 1, 385, 512), 'indexing time (s)': 1.430511474609375e-06, 'chunk number': 1650, 'reduction time (s)': 1.973271131515503, 'chunks processed': 15, 'storage read (B)': 29685482, 'selection 1 time (s)': 1.9735107421875}
Thread times [0.12089657783508301, 0.09444761276245117, 0.20556259155273438, 0.11254453659057617, 0.09133696556091309, 0.21282505989074707, 0.12632322311401367, 0.221480131149292, 0.1808640956878662, 0.20314669609069824, 0.17331171035766602, 0.20060133934020996, 0.18757081031799316, 0.07926154136657715, 0.08807516098022461]
{'args': ((2, 0, slice(0, 960, None), slice(None, None, None)),), 'dataset shape': (40, 11, 1921, 2560), 'dataset chunks': (7, 1, 385, 512), 'indexing time (s)': 1.6689300537109375e-06, 'chunk number': 1650, 'reduction time (s)': 2.299730062484741, 'chunks processed': 15, 'storage read (B)': 29685482, 'selection 1 time (s)': 2.299921751022339}
Thread times [0.10652399063110352, 0.1211709976196289, 0.21534156799316406, 0.08283758163452148, 0.08873176574707031, 0.1935725212097168, 0.09433245658874512, 0.19188547134399414, 0.18683147430419922, 0.0853428840637207, 0.1253201961517334, 0.24114251136779785, 0.18215274810791016, 0.1227259635925293, 0.09819602966308594]
{'args': ((3, 0, slice(0, 960, None), slice(None, None, None)),), 'dataset shape': (40, 11, 1921, 2560), 'dataset chunks': (7, 1, 385, 512), 'indexing time (s)': 1.6689300537109375e-06, 'chunk number': 1650, 'reduction time (s)': 2.1374130249023438, 'chunks processed': 15, 'storage read (B)': 29685482, 'selection 1 time (s)': 2.1375908851623535}
Thread times [0.14623379707336426, 0.08784222602844238, 0.25659799575805664, 0.10055208206176758, 0.13108205795288086, 0.2499074935913086, 0.0746607780456543, 0.1926271915435791, 0.17394590377807617, 0.08720254898071289, 0.1254715919494629, 0.19949126243591309, 0.20724058151245117, 0.10124063491821289, 0.0913846492767334]
{'args': ((4, 0, slice(0, 960, None), slice(None, None, None)),), 'dataset shape': (40, 11, 1921, 2560), 'dataset chunks': (7, 1, 385, 512), 'indexing time (s)': 1.9073486328125e-06, 'chunk number': 1650, 'reduction time (s)': 2.226909875869751, 'chunks processed': 15, 'storage read (B)': 29685482, 'selection 1 time (s)': 2.2270994186401367}
Thread times [0.09756922721862793, 0.11455535888671875, 0.2525649070739746, 0.07881402969360352, 0.1117699146270752, 0.20698285102844238, 0.08856391906738281, 0.2031846046447754, 0.18655014038085938, 0.09148907661437988, 0.13154363632202148, 0.18203258514404297, 0.18041753768920898, 0.07805967330932617, 0.0832068920135498]
{'args': ((5, 0, slice(0, 960, None), slice(None, None, None)),), 'dataset shape': (40, 11, 1921, 2560), 'dataset chunks': (7, 1, 385, 512), 'indexing time (s)': 2.1457672119140625e-06, 'chunk number': 1650, 'reduction time (s)': 2.0886480808258057, 'chunks processed': 15, 'storage read (B)': 29685482, 'selection 1 time (s)': 2.088846445083618}
Thread times [0.08160877227783203, 0.08553099632263184, 0.21598124504089355, 0.07490062713623047, 0.0820016860961914, 0.19695329666137695, 0.08935785293579102, 0.2214183807373047, 0.24287033081054688, 0.11824250221252441, 0.15917491912841797, 0.19843697547912598, 0.17659306526184082, 0.08495545387268066, 0.07646656036376953]
{'args': ((6, 0, slice(0, 960, None), slice(None, None, None)),), 'dataset shape': (40, 11, 1921, 2560), 'dataset chunks': (7, 1, 385, 512), 'indexing time (s)': 1.6689300537109375e-06, 'chunk number': 1650, 'reduction time (s)': 2.1059043407440186, 'chunks processed': 15, 'storage read (B)': 29685482, 'selection 1 time (s)': 2.106086492538452}
Thread times [0.11923456192016602, 0.09988069534301758, 0.10705137252807617, 0.24772119522094727, 0.27892446517944336, 0.07772064208984375, 0.17828702926635742, 0.20035886764526367, 0.021985530853271484, 0.021683692932128906, 0.09064745903015137, 0.10675954818725586, 0.1975405216217041, 0.1639232635498047, 0.11461567878723145]
{'args': ((7, 0, slice(0, 960, None), slice(None, None, None)),), 'dataset shape': (40, 11, 1921, 2560), 'dataset chunks': (7, 1, 385, 512), 'indexing time (s)': 2.1457672119140625e-06, 'chunk number': 1650, 'reduction time (s)': 2.0279431343078613, 'chunks processed': 15, 'storage read (B)': 29701892, 'selection 1 time (s)': 2.0281524658203125}
Thread times [0.09592151641845703, 0.10535168647766113, 0.12778472900390625, 0.20598053932189941, 0.18559956550598145, 0.08003711700439453, 0.0969688892364502, 0.29970598220825195, 0.022835731506347656, 0.025205135345458984, 0.0904388427734375, 0.17674946784973145, 0.20063567161560059, 0.12973809242248535, 0.07910013198852539]
{'args': ((8, 0, slice(0, 960, None), slice(None, None, None)),), 'dataset shape': (40, 11, 1921, 2560), 'dataset chunks': (7, 1, 385, 512), 'indexing time (s)': 1.9073486328125e-06, 'chunk number': 1650, 'reduction time (s)': 1.9236536026000977, 'chunks processed': 15, 'storage read (B)': 29701892, 'selection 1 time (s)': 1.923844337463379}
Thread times [0.08758997917175293, 0.10385870933532715, 0.10465860366821289, 0.20154452323913574, 0.1505272388458252, 0.0879812240600586, 0.16905832290649414, 0.21564602851867676, 0.022704362869262695, 0.02206134796142578, 0.09863090515136719, 0.11180710792541504, 0.1933135986328125, 0.12332773208618164, 0.15459036827087402]
{'args': ((9, 0, slice(0, 960, None), slice(None, None, None)),), 'dataset shape': (40, 11, 1921, 2560), 'dataset chunks': (7, 1, 385, 512), 'indexing time (s)': 1.6689300537109375e-06, 'chunk number': 1650, 'reduction time (s)': 1.8486151695251465, 'chunks processed': 15, 'storage read (B)': 29701892, 'selection 1 time (s)': 1.8488044738769531}
Thread times [0.15337753295898438, 0.09063053131103516, 0.10546636581420898, 0.20731806755065918, 0.19475173950195312, 0.17020678520202637, 0.11086320877075195, 0.334247350692749, 0.021982908248901367, 0.022080183029174805, 0.09877181053161621, 0.11749601364135742, 0.24994444847106934, 0.16606831550598145, 0.10144662857055664]
{'args': ((10, 0, slice(0, 960, None), slice(None, None, None)),), 'dataset shape': (40, 11, 1921, 2560), 'dataset chunks': (7, 1, 385, 512), 'indexing time (s)': 2.384185791015625e-06, 'chunk number': 1650, 'reduction time (s)': 2.1460893154144287, 'chunks processed': 15, 'storage read (B)': 29701892, 'selection 1 time (s)': 2.1463088989257812}
Thread times [0.12120652198791504, 0.098602294921875, 0.10846161842346191, 0.19350576400756836, 0.25342774391174316, 0.12532544136047363, 0.10480260848999023, 0.22184514999389648, 0.022134065628051758, 0.021942853927612305, 0.10511445999145508, 0.1346275806427002, 0.21403980255126953, 0.11977863311767578, 0.10143399238586426]
{'args': ((11, 0, slice(0, 960, None), slice(None, None, None)),), 'dataset shape': (40, 11, 1921, 2560), 'dataset chunks': (7, 1, 385, 512), 'indexing time (s)': 1.430511474609375e-06, 'chunk number': 1650, 'reduction time (s)': 1.9475703239440918, 'chunks processed': 15, 'storage read (B)': 29701892, 'selection 1 time (s)': 1.9477667808532715}
Thread times [0.10279154777526855, 0.09825253486633301, 0.12205719947814941, 0.1902177333831787, 0.19455981254577637, 0.07593202590942383, 0.08716630935668945, 0.21111297607421875, 0.022527456283569336, 0.021648883819580078, 0.14718317985534668, 0.11186337471008301, 0.1994946002960205, 0.13886451721191406, 0.08036589622497559]
{'args': ((12, 0, slice(0, 960, None), slice(None, None, None)),), 'dataset shape': (40, 11, 1921, 2560), 'dataset chunks': (7, 1, 385, 512), 'indexing time (s)': 1.9073486328125e-06, 'chunk number': 1650, 'reduction time (s)': 1.805410385131836, 'chunks processed': 15, 'storage read (B)': 29701892, 'selection 1 time (s)': 1.8056256771087646}
Thread times [0.09904289245605469, 0.09205150604248047, 0.10398006439208984, 0.23531699180603027, 0.1389918327331543, 0.08488082885742188, 0.11257433891296387, 0.2793142795562744, 0.022374629974365234, 0.02160167694091797, 0.09006094932556152, 0.11534643173217773, 0.21068787574768066, 0.13262438774108887, 0.0890054702758789]
{'args': ((13, 0, slice(0, 960, None), slice(None, None, None)),), 'dataset shape': (40, 11, 1921, 2560), 'dataset chunks': (7, 1, 385, 512), 'indexing time (s)': 1.9073486328125e-06, 'chunk number': 1650, 'reduction time (s)': 1.829230785369873, 'chunks processed': 15, 'storage read (B)': 29701892, 'selection 1 time (s)': 1.8294329643249512}
Thread times [0.13443756103515625, 0.2117021083831787, 0.07667207717895508, 0.08846473693847656, 0.12029314041137695, 0.22000837326049805, 0.23040533065795898, 0.2587435245513916, 0.021571636199951172, 0.14292049407958984, 0.10578203201293945, 0.20711159706115723, 0.08457088470458984, 0.0763707160949707, 0.20853662490844727]
{'args': ((14, 0, slice(0, 960, None), slice(None, None, None)),), 'dataset shape': (40, 11, 1921, 2560), 'dataset chunks': (7, 1, 385, 512), 'indexing time (s)': 1.6689300537109375e-06, 'chunk number': 1650, 'reduction time (s)': 2.1889519691467285, 'chunks processed': 15, 'storage read (B)': 29733505, 'selection 1 time (s)': 2.1891448497772217}
Thread times [0.07974576950073242, 0.22234535217285156, 0.07672452926635742, 0.08391880989074707, 0.10347533226013184, 0.20806479454040527, 0.2169053554534912, 0.18358540534973145, 0.021757841110229492, 0.12632179260253906, 0.08082938194274902, 0.2538163661956787, 0.10170865058898926, 0.0853879451751709, 0.17509722709655762]
{'args': ((15, 0, slice(0, 960, None), slice(None, None, None)),), 'dataset shape': (40, 11, 1921, 2560), 'dataset chunks': (7, 1, 385, 512), 'indexing time (s)': 1.9073486328125e-06, 'chunk number': 1650, 'reduction time (s)': 2.021129608154297, 'chunks processed': 15, 'storage read (B)': 29733505, 'selection 1 time (s)': 2.0213372707366943}
Thread times [0.07475519180297852, 0.20168209075927734, 0.08911490440368652, 0.10090088844299316, 0.10516357421875, 0.21152448654174805, 0.17044734954833984, 0.1783289909362793, 0.022604703903198242, 0.08907675743103027, 0.10297489166259766, 0.2876429557800293, 0.11432433128356934, 0.1475846767425537, 0.25754809379577637]
{'args': ((16, 0, slice(0, 960, None), slice(None, None, None)),), 'dataset shape': (40, 11, 1921, 2560), 'dataset chunks': (7, 1, 385, 512), 'indexing time (s)': 1.9073486328125e-06, 'chunk number': 1650, 'reduction time (s)': 2.1559813022613525, 'chunks processed': 15, 'storage read (B)': 29733505, 'selection 1 time (s)': 2.1561663150787354}
Thread times [0.08714413642883301, 0.26634836196899414, 0.0852499008178711, 0.14164018630981445, 0.08497834205627441, 0.21458792686462402, 0.1935429573059082, 0.16825008392333984, 0.021909713745117188, 0.10045480728149414, 0.1197969913482666, 0.2099161148071289, 0.09208226203918457, 0.1381690502166748, 0.21515345573425293]
{'args': ((17, 0, slice(0, 960, None), slice(None, None, None)),), 'dataset shape': (40, 11, 1921, 2560), 'dataset chunks': (7, 1, 385, 512), 'indexing time (s)': 1.9073486328125e-06, 'chunk number': 1650, 'reduction time (s)': 2.1405787467956543, 'chunks processed': 15, 'storage read (B)': 29733505, 'selection 1 time (s)': 2.1407785415649414}
Thread times [0.08217835426330566, 0.18059301376342773, 0.07615423202514648, 0.09756135940551758, 0.08286595344543457, 0.2625288963317871, 0.16802144050598145, 0.18988513946533203, 0.022266626358032227, 0.11375546455383301, 0.13123774528503418, 0.20937752723693848, 0.12459969520568848, 0.07702040672302246, 0.19669580459594727]
{'args': ((18, 0, slice(0, 960, None), slice(None, None, None)),), 'dataset shape': (40, 11, 1921, 2560), 'dataset chunks': (7, 1, 385, 512), 'indexing time (s)': 1.6689300537109375e-06, 'chunk number': 1650, 'reduction time (s)': 2.0167288780212402, 'chunks processed': 15, 'storage read (B)': 29733505, 'selection 1 time (s)': 2.016932487487793}
Thread times [0.07495880126953125, 0.18117189407348633, 0.11736512184143066, 0.20047211647033691, 0.09805846214294434, 0.2065441608428955, 0.226914644241333, 0.19240450859069824, 0.022788047790527344, 0.09331679344177246, 0.10003185272216797, 0.17933893203735352, 0.11133837699890137, 0.11039113998413086, 0.1782679557800293]
{'args': ((19, 0, slice(0, 960, None), slice(None, None, None)),), 'dataset shape': (40, 11, 1921, 2560), 'dataset chunks': (7, 1, 385, 512), 'indexing time (s)': 1.9073486328125e-06, 'chunk number': 1650, 'reduction time (s)': 2.0948193073272705, 'chunks processed': 15, 'storage read (B)': 29733505, 'selection 1 time (s)': 2.095022201538086}
Thread times [0.0985414981842041, 0.23587274551391602, 0.10748529434204102, 0.22046232223510742, 0.09753251075744629, 0.25494885444641113, 0.2813436985015869, 0.20156526565551758, 0.02199578285217285, 0.25617289543151855, 0.10034012794494629, 0.2634315490722656, 0.20949006080627441, 0.09781885147094727, 0.21674132347106934]
{'args': ((20, 0, slice(0, 960, None), slice(None, None, None)),), 'dataset shape': (40, 11, 1921, 2560), 'dataset chunks': (7, 1, 385, 512), 'indexing time (s)': 1.9073486328125e-06, 'chunk number': 1650, 'reduction time (s)': 2.6652233600616455, 'chunks processed': 15, 'storage read (B)': 29733505, 'selection 1 time (s)': 2.6654281616210938}
Thread times [0.09233927726745605, 0.09602856636047363, 0.11422324180603027, 0.01942896842956543, 0.019718408584594727, 0.22475671768188477, 0.09405732154846191, 0.20070910453796387, 0.08783912658691406, 0.21848297119140625, 0.1292431354522705, 0.14473867416381836, 0.21854352951049805, 0.192169189453125, 0.022013187408447266]
{'args': ((21, 0, slice(0, 960, None), slice(None, None, None)),), 'dataset shape': (40, 11, 1921, 2560), 'dataset chunks': (7, 1, 385, 512), 'indexing time (s)': 1.6689300537109375e-06, 'chunk number': 1650, 'reduction time (s)': 1.875525712966919, 'chunks processed': 15, 'storage read (B)': 29686785, 'selection 1 time (s)': 1.875709056854248}
Thread times [0.0783846378326416, 0.10995364189147949, 0.17822527885437012, 0.024515628814697266, 0.03858685493469238, 0.2656228542327881, 0.1344890594482422, 0.25444912910461426, 0.09130406379699707, 0.20879554748535156, 0.08877992630004883, 0.08968830108642578, 0.18423771858215332, 0.18501663208007812, 0.02219367027282715]
{'args': ((22, 0, slice(0, 960, None), slice(None, None, None)),), 'dataset shape': (40, 11, 1921, 2560), 'dataset chunks': (7, 1, 385, 512), 'indexing time (s)': 2.1457672119140625e-06, 'chunk number': 1650, 'reduction time (s)': 1.955653190612793, 'chunks processed': 15, 'storage read (B)': 29686785, 'selection 1 time (s)': 1.9558377265930176}
Thread times [0.07513666152954102, 0.08510899543762207, 0.15548419952392578, 0.019188642501831055, 0.019405364990234375, 0.26755619049072266, 0.0812840461730957, 0.20251226425170898, 0.08247709274291992, 0.17991948127746582, 0.0851278305053711, 0.0862889289855957, 0.19547510147094727, 0.18965625762939453, 0.021636009216308594]
{'args': ((23, 0, slice(0, 960, None), slice(None, None, None)),), 'dataset shape': (40, 11, 1921, 2560), 'dataset chunks': (7, 1, 385, 512), 'indexing time (s)': 1.9073486328125e-06, 'chunk number': 1650, 'reduction time (s)': 1.7476341724395752, 'chunks processed': 15, 'storage read (B)': 29686785, 'selection 1 time (s)': 1.7478280067443848}
Thread times [0.06761622428894043, 0.07016921043395996, 0.17464709281921387, 0.019173383712768555, 0.019320964813232422, 0.21506977081298828, 0.08717179298400879, 0.18980145454406738, 0.1252148151397705, 0.23494243621826172, 0.16894125938415527, 0.15814709663391113, 0.24617552757263184, 0.18340444564819336, 0.021657228469848633]
{'args': ((24, 0, slice(0, 960, None), slice(None, None, None)),), 'dataset shape': (40, 11, 1921, 2560), 'dataset chunks': (7, 1, 385, 512), 'indexing time (s)': 1.9073486328125e-06, 'chunk number': 1650, 'reduction time (s)': 1.9827349185943604, 'chunks processed': 15, 'storage read (B)': 29686785, 'selection 1 time (s)': 1.982923984527588}
Thread times [0.12189507484436035, 0.10115718841552734, 0.1104898452758789, 0.019347429275512695, 0.019451379776000977, 0.21460723876953125, 0.18658924102783203, 0.19528818130493164, 0.1312100887298584, 0.1890249252319336, 0.10051488876342773, 0.0864877700805664, 0.22985625267028809, 0.21170496940612793, 0.02253890037536621]
{'args': ((25, 0, slice(0, 960, None), slice(None, None, None)),), 'dataset shape': (40, 11, 1921, 2560), 'dataset chunks': (7, 1, 385, 512), 'indexing time (s)': 1.9073486328125e-06, 'chunk number': 1650, 'reduction time (s)': 1.941516637802124, 'chunks processed': 15, 'storage read (B)': 29686785, 'selection 1 time (s)': 1.9417061805725098}
Thread times [0.07394289970397949, 0.07741355895996094, 0.09544658660888672, 0.019191741943359375, 0.019513368606567383, 0.2039783000946045, 0.11097526550292969, 0.20418334007263184, 0.10877561569213867, 0.18672895431518555, 0.08913612365722656, 0.08458447456359863, 0.21405982971191406, 0.19099688529968262, 0.022652626037597656]
{'args': ((26, 0, slice(0, 960, None), slice(None, None, None)),), 'dataset shape': (40, 11, 1921, 2560), 'dataset chunks': (7, 1, 385, 512), 'indexing time (s)': 1.9073486328125e-06, 'chunk number': 1650, 'reduction time (s)': 1.7029471397399902, 'chunks processed': 15, 'storage read (B)': 29686785, 'selection 1 time (s)': 1.703176736831665}
Thread times [0.13676834106445312, 0.11716604232788086, 0.18061423301696777, 0.027353286743164062, 0.028594255447387695, 0.22879838943481445, 0.12792038917541504, 0.2170548439025879, 0.09437394142150879, 0.20557594299316406, 0.1506965160369873, 0.11056280136108398, 0.23786592483520508, 0.2082676887512207, 0.022618532180786133]
{'args': ((27, 0, slice(0, 960, None), slice(None, None, None)),), 'dataset shape': (40, 11, 1921, 2560), 'dataset chunks': (7, 1, 385, 512), 'indexing time (s)': 2.1457672119140625e-06, 'chunk number': 1650, 'reduction time (s)': 2.0956547260284424, 'chunks processed': 15, 'storage read (B)': 29686785, 'selection 1 time (s)': 2.095905303955078}
Thread times [0.07320404052734375, 0.08274626731872559, 0.09087824821472168, 0.09366965293884277, 0.09781384468078613, 0.0926506519317627, 0.022228717803955078, 0.09808230400085449, 0.022069931030273438, 0.1608872413635254, 0.14407920837402344, 0.19307446479797363, 0.09083318710327148, 0.09083700180053711, 0.24014973640441895]
{'args': ((28, 0, slice(0, 960, None), slice(None, None, None)),), 'dataset shape': (40, 11, 1921, 2560), 'dataset chunks': (7, 1, 385, 512), 'indexing time (s)': 1.9073486328125e-06, 'chunk number': 1650, 'reduction time (s)': 1.5945384502410889, 'chunks processed': 15, 'storage read (B)': 29670387, 'selection 1 time (s)': 1.5947484970092773}
Thread times [0.0750424861907959, 0.1109609603881836, 0.12788105010986328, 0.08932662010192871, 0.16451692581176758, 0.10351347923278809, 0.02325606346130371, 0.1437082290649414, 0.02160477638244629, 0.18664908409118652, 0.1163644790649414, 0.1906888484954834, 0.10732889175415039, 0.09226036071777344, 0.19529938697814941]
{'args': ((29, 0, slice(0, 960, None), slice(None, None, None)),), 'dataset shape': (40, 11, 1921, 2560), 'dataset chunks': (7, 1, 385, 512), 'indexing time (s)': 1.430511474609375e-06, 'chunk number': 1650, 'reduction time (s)': 1.7497079372406006, 'chunks processed': 15, 'storage read (B)': 29670387, 'selection 1 time (s)': 1.749924659729004}
Thread times [0.07439422607421875, 0.07926654815673828, 0.10811233520507812, 0.08860564231872559, 0.10929131507873535, 0.12057161331176758, 0.022080659866333008, 0.09769892692565918, 0.021985292434692383, 0.13447785377502441, 0.18284034729003906, 0.1955122947692871, 0.08699631690979004, 0.0883948802947998, 0.1653134822845459]
{'args': ((30, 0, slice(0, 960, None), slice(None, None, None)),), 'dataset shape': (40, 11, 1921, 2560), 'dataset chunks': (7, 1, 385, 512), 'indexing time (s)': 2.1457672119140625e-06, 'chunk number': 1650, 'reduction time (s)': 1.5768883228302002, 'chunks processed': 15, 'storage read (B)': 29670387, 'selection 1 time (s)': 1.5771000385284424}
Thread times [0.08517265319824219, 0.09873461723327637, 0.11322641372680664, 0.1766796112060547, 0.10230636596679688, 0.12198114395141602, 0.021732807159423828, 0.18477368354797363, 0.021589994430541992, 0.1116185188293457, 0.11558175086975098, 0.2083606719970703, 0.08602690696716309, 0.09182882308959961, 0.2877202033996582]
{'args': ((31, 0, slice(0, 960, None), slice(None, None, None)),), 'dataset shape': (40, 11, 1921, 2560), 'dataset chunks': (7, 1, 385, 512), 'indexing time (s)': 1.9073486328125e-06, 'chunk number': 1650, 'reduction time (s)': 1.8287556171417236, 'chunks processed': 15, 'storage read (B)': 29670387, 'selection 1 time (s)': 1.828995943069458}
Thread times [0.07515740394592285, 0.10619306564331055, 0.15230965614318848, 0.08423376083374023, 0.08550763130187988, 0.10068321228027344, 0.021726369857788086, 0.12838006019592285, 0.02162933349609375, 0.1287086009979248, 0.10107564926147461, 0.2114424705505371, 0.1262674331665039, 0.10408639907836914, 0.23866486549377441]
{'args': ((32, 0, slice(0, 960, None), slice(None, None, None)),), 'dataset shape': (40, 11, 1921, 2560), 'dataset chunks': (7, 1, 385, 512), 'indexing time (s)': 1.430511474609375e-06, 'chunk number': 1650, 'reduction time (s)': 1.687253475189209, 'chunks processed': 15, 'storage read (B)': 29670387, 'selection 1 time (s)': 1.6874659061431885}
Thread times [0.08101320266723633, 0.08982419967651367, 0.1551218032836914, 0.09229350090026855, 0.10476493835449219, 0.14728736877441406, 0.021778106689453125, 0.10004997253417969, 0.021596670150756836, 0.09768056869506836, 0.0942237377166748, 0.28492259979248047, 0.0944063663482666, 0.08572220802307129, 0.19719457626342773]
{'args': ((33, 0, slice(0, 960, None), slice(None, None, None)),), 'dataset shape': (40, 11, 1921, 2560), 'dataset chunks': (7, 1, 385, 512), 'indexing time (s)': 1.6689300537109375e-06, 'chunk number': 1650, 'reduction time (s)': 1.6692497730255127, 'chunks processed': 15, 'storage read (B)': 29670387, 'selection 1 time (s)': 1.6694533824920654}
Thread times [0.07327914237976074, 0.08001422882080078, 0.24384450912475586, 0.11338376998901367, 0.16890406608581543, 0.10366034507751465, 0.021800518035888672, 0.09780573844909668, 0.021682024002075195, 0.17351865768432617, 0.1368396282196045, 0.23505353927612305, 0.09256100654602051, 0.1304490566253662, 0.20252394676208496]
{'args': ((34, 0, slice(0, 960, None), slice(None, None, None)),), 'dataset shape': (40, 11, 1921, 2560), 'dataset chunks': (7, 1, 385, 512), 'indexing time (s)': 1.1920928955078125e-06, 'chunk number': 1650, 'reduction time (s)': 1.8969871997833252, 'chunks processed': 15, 'storage read (B)': 29670387, 'selection 1 time (s)': 1.8972268104553223}
Thread times [0.07590889930725098, 0.13097047805786133, 0.13589954376220703, 0.08926582336425781, 0.2072451114654541, 0.09047746658325195, 0.08489656448364258, 0.15161705017089844, 0.14053106307983398, 0.21858787536621094, 0.10210204124450684, 0.07917308807373047, 0.19910287857055664, 0.08012676239013672, 0.0827786922454834]
{'args': ((35, 0, slice(0, 960, None), slice(None, None, None)),), 'dataset shape': (40, 11, 1921, 2560), 'dataset chunks': (7, 1, 385, 512), 'indexing time (s)': 2.384185791015625e-06, 'chunk number': 1650, 'reduction time (s)': 1.8700013160705566, 'chunks processed': 15, 'storage read (B)': 21287473, 'selection 1 time (s)': 1.8702642917633057}
Thread times [0.08654117584228516, 0.09668540954589844, 0.1005704402923584, 0.08913755416870117, 0.2022991180419922, 0.09058022499084473, 0.0833125114440918, 0.08955597877502441, 0.09151911735534668, 0.20967340469360352, 0.08698177337646484, 0.07725405693054199, 0.20780110359191895, 0.07962894439697266, 0.08479475975036621]
{'args': ((36, 0, slice(0, 960, None), slice(None, None, None)),), 'dataset shape': (40, 11, 1921, 2560), 'dataset chunks': (7, 1, 385, 512), 'indexing time (s)': 1.430511474609375e-06, 'chunk number': 1650, 'reduction time (s)': 1.6777842044830322, 'chunks processed': 15, 'storage read (B)': 21287473, 'selection 1 time (s)': 1.6779956817626953}
Thread times [0.09403419494628906, 0.13972854614257812, 0.13697242736816406, 0.11160874366760254, 0.2178196907043457, 0.08647584915161133, 0.08401346206665039, 0.08023476600646973, 0.11265325546264648, 0.20969510078430176, 0.14330673217773438, 0.07599544525146484, 0.19655513763427734, 0.07720232009887695, 0.15741848945617676]
{'args': ((37, 0, slice(0, 960, None), slice(None, None, None)),), 'dataset shape': (40, 11, 1921, 2560), 'dataset chunks': (7, 1, 385, 512), 'indexing time (s)': 1.9073486328125e-06, 'chunk number': 1650, 'reduction time (s)': 1.9250991344451904, 'chunks processed': 15, 'storage read (B)': 21287473, 'selection 1 time (s)': 1.925328016281128}
Thread times [0.09918928146362305, 0.09320926666259766, 0.11124539375305176, 0.09025979042053223, 0.2143537998199463, 0.12821578979492188, 0.08060336112976074, 0.09747695922851562, 0.11121630668640137, 0.19807219505310059, 0.2034285068511963, 0.10238146781921387, 0.21259570121765137, 0.0832664966583252, 0.2247452735900879]
{'args': ((38, 0, slice(0, 960, None), slice(None, None, None)),), 'dataset shape': (40, 11, 1921, 2560), 'dataset chunks': (7, 1, 385, 512), 'indexing time (s)': 1.430511474609375e-06, 'chunk number': 1650, 'reduction time (s)': 2.0515878200531006, 'chunks processed': 15, 'storage read (B)': 21287473, 'selection 1 time (s)': 2.051814556121826}
Thread times [0.14121365547180176, 0.09842753410339355, 0.1165156364440918, 0.08782362937927246, 0.23250603675842285, 0.0896902084350586, 0.09042906761169434, 0.13660550117492676, 0.14304900169372559, 0.24365234375, 0.09635806083679199, 0.09502625465393066, 0.20189332962036133, 0.07783722877502441, 0.07934904098510742]
{'args': ((39, 0, slice(0, 960, None), slice(None, None, None)),), 'dataset shape': (40, 11, 1921, 2560), 'dataset chunks': (7, 1, 385, 512), 'indexing time (s)': 1.6689300537109375e-06, 'chunk number': 1650, 'reduction time (s)': 1.931685209274292, 'chunks processed': 15, 'storage read (B)': 21287473, 'selection 1 time (s)': 1.9319167137145996}
[[226.07817708]
 [226.06473958]
 [225.93765625]
 [225.90807292]
 [225.91734375]
 [225.88453125]
 [225.82075521]
 [225.85440104]
 [225.98328125]
 [226.03804687]
 [226.01315104]
 [226.02330729]
 [226.03770833]
 [226.00476563]
 [225.91765625]
 [225.94036458]
 [225.98721354]
 [225.9146875 ]
 [225.81242188]
 [225.81869792]
 [225.84526042]
 [225.78497396]
 [225.63651042]
 [225.55651042]
 [225.45734375]
 [225.32369792]
 [225.16325521]
 [225.07794271]
 [225.07846354]
 [225.10664063]
 [225.17609375]
 [225.36880208]
 [225.57911458]
 [225.69080729]
 [225.72229167]
 [225.82367188]
 [225.93658854]
 [225.96765625]
 [225.91861979]
 [225.9225    ]]
Summary:  sci6-in1:Local (T1,BS5): 0.567s,78.65s,81.87s
