Dataset loaded from S3 with s3fs and Pyfive: bnl/ch330a.pc19790301-def.nc (0.017,0.33)
Thread times [0.11190009117126465, 0.10688138008117676, 0.08176636695861816, 0.0881962776184082, 0.08209490776062012, 0.23682904243469238, 0.07830238342285156, 0.09394598007202148, 0.22590041160583496, 0.09012985229492188, 0.1324477195739746, 0.2956960201263428, 0.11145949363708496, 0.09046745300292969, 0.09441971778869629]
{'load nc time': 0.38144898414611816, 'args': ((0, 0, slice(0, 960, None), slice(None, None, None)),), 'dataset shape': (40, 11, 1921, 2560), 'dataset chunks': (7, 1, 385, 512), 'indexing time (s)': 2.088629722595215, 'chunk number': 1650, 'reduction time (s)': 1.922013282775879, 'chunks processed': 15, 'storage read (B)': 29685482, 'selection 1 time (s)': 4.010872840881348}
Thread times [0.08944225311279297, 0.08525681495666504, 0.07723021507263184, 0.0828855037689209, 0.08610081672668457, 0.22106671333312988, 0.07663536071777344, 0.09517264366149902, 0.22780799865722656, 0.09118938446044922, 0.09340786933898926, 0.23551106452941895, 0.10473465919494629, 0.09838151931762695, 0.09543251991271973]
{'args': ((1, 0, slice(0, 960, None), slice(None, None, None)),), 'dataset shape': (40, 11, 1921, 2560), 'dataset chunks': (7, 1, 385, 512), 'indexing time (s)': 2.86102294921875e-06, 'chunk number': 1650, 'reduction time (s)': 1.7617883682250977, 'chunks processed': 15, 'storage read (B)': 29685482, 'selection 1 time (s)': 1.7620534896850586}
Thread times [0.08342766761779785, 0.13918232917785645, 0.09307146072387695, 0.08431792259216309, 0.08614444732666016, 0.24147653579711914, 0.11710643768310547, 0.14234566688537598, 0.2318258285522461, 0.22168517112731934, 0.11816287040710449, 0.23200058937072754, 0.09863018989562988, 0.11467194557189941, 0.09824013710021973]
{'args': ((2, 0, slice(0, 960, None), slice(None, None, None)),), 'dataset shape': (40, 11, 1921, 2560), 'dataset chunks': (7, 1, 385, 512), 'indexing time (s)': 1.6689300537109375e-06, 'chunk number': 1650, 'reduction time (s)': 2.103731870651245, 'chunks processed': 15, 'storage read (B)': 29685482, 'selection 1 time (s)': 2.103924036026001}
Thread times [0.0850985050201416, 0.10216546058654785, 0.12360525131225586, 0.08444690704345703, 0.08613967895507812, 0.29289984703063965, 0.11054730415344238, 0.09477424621582031, 0.22964978218078613, 0.11756420135498047, 0.13659143447875977, 0.22397255897521973, 0.11983537673950195, 0.09242081642150879, 0.08809518814086914]
{'args': ((3, 0, slice(0, 960, None), slice(None, None, None)),), 'dataset shape': (40, 11, 1921, 2560), 'dataset chunks': (7, 1, 385, 512), 'indexing time (s)': 1.6689300537109375e-06, 'chunk number': 1650, 'reduction time (s)': 1.989166259765625, 'chunks processed': 15, 'storage read (B)': 29685482, 'selection 1 time (s)': 1.9893553256988525}
Thread times [0.08687210083007812, 0.08268165588378906, 0.0854957103729248, 0.09037041664123535, 0.1297135353088379, 0.23729228973388672, 0.13149356842041016, 0.09661722183227539, 0.23568105697631836, 0.08939790725708008, 0.1495037078857422, 0.24170446395874023, 0.10166525840759277, 0.0990743637084961, 0.10360550880432129]
{'args': ((4, 0, slice(0, 960, None), slice(None, None, None)),), 'dataset shape': (40, 11, 1921, 2560), 'dataset chunks': (7, 1, 385, 512), 'indexing time (s)': 1.430511474609375e-06, 'chunk number': 1650, 'reduction time (s)': 1.9624817371368408, 'chunks processed': 15, 'storage read (B)': 29685482, 'selection 1 time (s)': 1.962660551071167}
Thread times [0.0973505973815918, 0.08290815353393555, 0.08676505088806152, 0.08482885360717773, 0.08867859840393066, 0.22740745544433594, 0.08335280418395996, 0.12550020217895508, 0.23402118682861328, 0.0884394645690918, 0.09211468696594238, 0.20495009422302246, 0.08751249313354492, 0.09183812141418457, 0.08330702781677246]
{'args': ((5, 0, slice(0, 960, None), slice(None, None, None)),), 'dataset shape': (40, 11, 1921, 2560), 'dataset chunks': (7, 1, 385, 512), 'indexing time (s)': 1.9073486328125e-06, 'chunk number': 1650, 'reduction time (s)': 1.760319471359253, 'chunks processed': 15, 'storage read (B)': 29685482, 'selection 1 time (s)': 1.7604925632476807}
Thread times [0.07905316352844238, 0.0793766975402832, 0.08507299423217773, 0.09644508361816406, 0.08889174461364746, 0.22066521644592285, 0.08500385284423828, 0.09650278091430664, 0.21926259994506836, 0.12453532218933105, 0.10279107093811035, 0.223160982131958, 0.09634971618652344, 0.11951112747192383, 0.10094332695007324]
{'args': ((6, 0, slice(0, 960, None), slice(None, None, None)),), 'dataset shape': (40, 11, 1921, 2560), 'dataset chunks': (7, 1, 385, 512), 'indexing time (s)': 1.6689300537109375e-06, 'chunk number': 1650, 'reduction time (s)': 1.8189082145690918, 'chunks processed': 15, 'storage read (B)': 29685482, 'selection 1 time (s)': 1.8190789222717285}
Thread times [0.08429265022277832, 0.08021759986877441, 0.08167004585266113, 0.10552668571472168, 0.13155460357666016, 0.0920403003692627, 0.09316849708557129, 0.29015612602233887, 0.11661696434020996, 0.13545966148376465, 0.12934541702270508, 0.10465049743652344, 0.23026323318481445, 0.12590360641479492, 0.08780980110168457]
{'args': ((7, 0, slice(0, 960, None), slice(None, None, None)),), 'dataset shape': (40, 11, 1921, 2560), 'dataset chunks': (7, 1, 385, 512), 'indexing time (s)': 1.6689300537109375e-06, 'chunk number': 1650, 'reduction time (s)': 1.8900511264801025, 'chunks processed': 15, 'storage read (B)': 29701892, 'selection 1 time (s)': 1.8902239799499512}
Thread times [0.08841347694396973, 0.07940173149108887, 0.0827484130859375, 0.09605646133422852, 0.09331750869750977, 0.08897137641906738, 0.08815169334411621, 0.2176685333251953, 0.0705881118774414, 0.08126544952392578, 0.09074807167053223, 0.1051034927368164, 0.22632360458374023, 0.0801858901977539, 0.13180017471313477]
{'args': ((8, 0, slice(0, 960, None), slice(None, None, None)),), 'dataset shape': (40, 11, 1921, 2560), 'dataset chunks': (7, 1, 385, 512), 'indexing time (s)': 1.6689300537109375e-06, 'chunk number': 1650, 'reduction time (s)': 1.6221258640289307, 'chunks processed': 15, 'storage read (B)': 29701892, 'selection 1 time (s)': 1.6223094463348389}
Thread times [0.08711743354797363, 0.07284116744995117, 0.09101366996765137, 0.09688043594360352, 0.14574837684631348, 0.08353996276855469, 0.10218381881713867, 0.24938631057739258, 0.0900428295135498, 0.08542776107788086, 0.09129452705383301, 0.1463770866394043, 0.22170567512512207, 0.11043548583984375, 0.10076379776000977]
{'args': ((9, 0, slice(0, 960, None), slice(None, None, None)),), 'dataset shape': (40, 11, 1921, 2560), 'dataset chunks': (7, 1, 385, 512), 'indexing time (s)': 1.430511474609375e-06, 'chunk number': 1650, 'reduction time (s)': 1.7761445045471191, 'chunks processed': 15, 'storage read (B)': 29701892, 'selection 1 time (s)': 1.7763185501098633}
Thread times [0.08377599716186523, 0.08062744140625, 0.08321237564086914, 0.1405627727508545, 0.09420204162597656, 0.08613038063049316, 0.10798335075378418, 0.22802972793579102, 0.11558294296264648, 0.1285414695739746, 0.10461091995239258, 0.11661505699157715, 0.25638484954833984, 0.08822417259216309, 0.13739752769470215]
{'args': ((10, 0, slice(0, 960, None), slice(None, None, None)),), 'dataset shape': (40, 11, 1921, 2560), 'dataset chunks': (7, 1, 385, 512), 'indexing time (s)': 1.430511474609375e-06, 'chunk number': 1650, 'reduction time (s)': 1.8532934188842773, 'chunks processed': 15, 'storage read (B)': 29701892, 'selection 1 time (s)': 1.853475570678711}
Thread times [0.08316469192504883, 0.20399951934814453, 0.09098029136657715, 0.10133099555969238, 0.1404893398284912, 0.08601641654968262, 0.12614059448242188, 0.2569606304168701, 0.08649063110351562, 0.08955001831054688, 0.08926105499267578, 0.10351681709289551, 0.32881712913513184, 0.09401416778564453, 0.09108924865722656]
{'args': ((11, 0, slice(0, 960, None), slice(None, None, None)),), 'dataset shape': (40, 11, 1921, 2560), 'dataset chunks': (7, 1, 385, 512), 'indexing time (s)': 1.430511474609375e-06, 'chunk number': 1650, 'reduction time (s)': 1.9731872081756592, 'chunks processed': 15, 'storage read (B)': 29701892, 'selection 1 time (s)': 1.9734230041503906}
Thread times [0.08156681060791016, 0.08254027366638184, 0.10015034675598145, 0.22347426414489746, 0.09071230888366699, 0.09625720977783203, 0.09888148307800293, 0.30615830421447754, 0.08675193786621094, 0.1396341323852539, 0.08721137046813965, 0.12606000900268555, 0.22520160675048828, 0.08227920532226562, 0.08927750587463379]
{'args': ((12, 0, slice(0, 960, None), slice(None, None, None)),), 'dataset shape': (40, 11, 1921, 2560), 'dataset chunks': (7, 1, 385, 512), 'indexing time (s)': 1.6689300537109375e-06, 'chunk number': 1650, 'reduction time (s)': 1.9175419807434082, 'chunks processed': 15, 'storage read (B)': 29701892, 'selection 1 time (s)': 1.917734146118164}
Thread times [0.11528563499450684, 0.08659768104553223, 0.09768986701965332, 0.1551954746246338, 0.15763139724731445, 0.1006174087524414, 0.08832263946533203, 0.25023818016052246, 0.08388233184814453, 0.09882140159606934, 0.09878230094909668, 0.10287022590637207, 0.25350451469421387, 0.07459115982055664, 0.08399629592895508]
{'args': ((13, 0, slice(0, 960, None), slice(None, None, None)),), 'dataset shape': (40, 11, 1921, 2560), 'dataset chunks': (7, 1, 385, 512), 'indexing time (s)': 1.6689300537109375e-06, 'chunk number': 1650, 'reduction time (s)': 1.849266529083252, 'chunks processed': 15, 'storage read (B)': 29701892, 'selection 1 time (s)': 1.849447250366211}
Thread times [0.09926724433898926, 0.0819404125213623, 0.09784865379333496, 0.1141805648803711, 0.08314990997314453, 0.13160276412963867, 0.0895838737487793, 0.0912926197052002, 0.1997058391571045, 0.08691048622131348, 0.09080982208251953, 0.09758353233337402, 0.13059401512145996, 0.0832679271697998, 0.08072376251220703]
{'args': ((14, 0, slice(0, 960, None), slice(None, None, None)),), 'dataset shape': (40, 11, 1921, 2560), 'dataset chunks': (7, 1, 385, 512), 'indexing time (s)': 1.1920928955078125e-06, 'chunk number': 1650, 'reduction time (s)': 1.5604000091552734, 'chunks processed': 15, 'storage read (B)': 29733505, 'selection 1 time (s)': 1.5606598854064941}
Thread times [0.08154177665710449, 0.08118319511413574, 0.10311126708984375, 0.08597421646118164, 0.18599390983581543, 0.11242318153381348, 0.09174108505249023, 0.09411001205444336, 0.24723529815673828, 0.11674880981445312, 0.1177678108215332, 0.09940910339355469, 0.10310602188110352, 0.08463430404663086, 0.08682680130004883]
{'args': ((15, 0, slice(0, 960, None), slice(None, None, None)),), 'dataset shape': (40, 11, 1921, 2560), 'dataset chunks': (7, 1, 385, 512), 'indexing time (s)': 3.5762786865234375e-06, 'chunk number': 1650, 'reduction time (s)': 1.693572759628296, 'chunks processed': 15, 'storage read (B)': 29733505, 'selection 1 time (s)': 1.694079875946045}
Thread times [0.0900428295135498, 0.09017276763916016, 0.10260367393493652, 0.08701586723327637, 0.08244085311889648, 0.1278855800628662, 0.10545134544372559, 0.09705138206481934, 0.23424768447875977, 0.09000015258789062, 0.09649896621704102, 0.10762453079223633, 0.10488104820251465, 0.10131430625915527, 0.09219074249267578]
{'args': ((16, 0, slice(0, 960, None), slice(None, None, None)),), 'dataset shape': (40, 11, 1921, 2560), 'dataset chunks': (7, 1, 385, 512), 'indexing time (s)': 1.430511474609375e-06, 'chunk number': 1650, 'reduction time (s)': 1.610762357711792, 'chunks processed': 15, 'storage read (B)': 29733505, 'selection 1 time (s)': 1.6110131740570068}
Thread times [0.08902430534362793, 0.11833977699279785, 0.10543155670166016, 0.09287285804748535, 0.08047604560852051, 0.1039133071899414, 0.11993265151977539, 0.09263181686401367, 0.24092650413513184, 0.09341096878051758, 0.08615756034851074, 0.10025477409362793, 0.11049818992614746, 0.0876302719116211, 0.2011396884918213]
{'args': ((17, 0, slice(0, 960, None), slice(None, None, None)),), 'dataset shape': (40, 11, 1921, 2560), 'dataset chunks': (7, 1, 385, 512), 'indexing time (s)': 1.1920928955078125e-06, 'chunk number': 1650, 'reduction time (s)': 1.7239480018615723, 'chunks processed': 15, 'storage read (B)': 29733505, 'selection 1 time (s)': 1.7241511344909668}
Thread times [0.07755088806152344, 0.08109474182128906, 0.15724515914916992, 0.11553001403808594, 0.1159210205078125, 0.09544086456298828, 0.10382509231567383, 0.09342312812805176, 0.28491783142089844, 0.08099913597106934, 0.07733917236328125, 0.11981320381164551, 0.10225844383239746, 0.08458542823791504, 0.09592056274414062]
{'args': ((18, 0, slice(0, 960, None), slice(None, None, None)),), 'dataset shape': (40, 11, 1921, 2560), 'dataset chunks': (7, 1, 385, 512), 'indexing time (s)': 9.5367431640625e-07, 'chunk number': 1650, 'reduction time (s)': 1.6873033046722412, 'chunks processed': 15, 'storage read (B)': 29733505, 'selection 1 time (s)': 1.687523365020752}
Thread times [0.07843351364135742, 0.08519363403320312, 0.120330810546875, 0.11746001243591309, 0.1031339168548584, 0.10349631309509277, 0.13019323348999023, 0.09519553184509277, 0.2260429859161377, 0.18045568466186523, 0.0828847885131836, 0.09439826011657715, 0.0955514907836914, 0.0899205207824707, 0.08524346351623535]
{'args': ((19, 0, slice(0, 960, None), slice(None, None, None)),), 'dataset shape': (40, 11, 1921, 2560), 'dataset chunks': (7, 1, 385, 512), 'indexing time (s)': 2.384185791015625e-06, 'chunk number': 1650, 'reduction time (s)': 1.6892311573028564, 'chunks processed': 15, 'storage read (B)': 29733505, 'selection 1 time (s)': 1.6895027160644531}
Thread times [0.08335137367248535, 0.0819096565246582, 0.1366422176361084, 0.11838459968566895, 0.09690546989440918, 0.10722136497497559, 0.0999443531036377, 0.10833501815795898, 0.2233717441558838, 0.08553314208984375, 0.10805940628051758, 0.09513187408447266, 0.09913039207458496, 0.09680938720703125, 0.08859634399414062]
{'args': ((20, 0, slice(0, 960, None), slice(None, None, None)),), 'dataset shape': (40, 11, 1921, 2560), 'dataset chunks': (7, 1, 385, 512), 'indexing time (s)': 1.430511474609375e-06, 'chunk number': 1650, 'reduction time (s)': 1.6306424140930176, 'chunks processed': 15, 'storage read (B)': 29733505, 'selection 1 time (s)': 1.6309621334075928}
Thread times [0.08309364318847656, 0.07692646980285645, 0.09172701835632324, 0.0755317211151123, 0.07471919059753418, 0.2211158275604248, 0.08900594711303711, 0.1053617000579834, 0.12246417999267578, 0.1323404312133789, 0.0994255542755127, 0.10476016998291016, 0.3243532180786133, 0.21805977821350098, 0.09316015243530273]
{'args': ((21, 0, slice(0, 960, None), slice(None, None, None)),), 'dataset shape': (40, 11, 1921, 2560), 'dataset chunks': (7, 1, 385, 512), 'indexing time (s)': 1.1920928955078125e-06, 'chunk number': 1650, 'reduction time (s)': 1.9133296012878418, 'chunks processed': 15, 'storage read (B)': 29686785, 'selection 1 time (s)': 1.913548469543457}
Thread times [0.07480549812316895, 0.18923497200012207, 0.12029290199279785, 0.0659644603729248, 0.08500790596008301, 0.30844950675964355, 0.0916128158569336, 0.08935356140136719, 0.09789037704467773, 0.09736442565917969, 0.10632133483886719, 0.09879279136657715, 0.22059082984924316, 0.1956338882446289, 0.08189082145690918]
{'args': ((22, 0, slice(0, 960, None), slice(None, None, None)),), 'dataset shape': (40, 11, 1921, 2560), 'dataset chunks': (7, 1, 385, 512), 'indexing time (s)': 1.430511474609375e-06, 'chunk number': 1650, 'reduction time (s)': 1.9244372844696045, 'chunks processed': 15, 'storage read (B)': 29686785, 'selection 1 time (s)': 1.9246513843536377}
Thread times [0.07471299171447754, 0.0809473991394043, 0.0943305492401123, 0.08092427253723145, 0.08230376243591309, 0.22918391227722168, 0.10321569442749023, 0.11221504211425781, 0.0950932502746582, 0.10263848304748535, 0.09083986282348633, 0.09775042533874512, 0.23844313621520996, 0.22822356224060059, 0.1182248592376709]
{'args': ((23, 0, slice(0, 960, None), slice(None, None, None)),), 'dataset shape': (40, 11, 1921, 2560), 'dataset chunks': (7, 1, 385, 512), 'indexing time (s)': 9.5367431640625e-07, 'chunk number': 1650, 'reduction time (s)': 1.8303496837615967, 'chunks processed': 15, 'storage read (B)': 29686785, 'selection 1 time (s)': 1.8305401802062988}
Thread times [0.1154029369354248, 0.10264825820922852, 0.1381824016571045, 0.06683540344238281, 0.16294550895690918, 0.2146298885345459, 0.08076667785644531, 0.17628002166748047, 0.11194825172424316, 0.0960536003112793, 0.09728550910949707, 0.12253236770629883, 0.34139323234558105, 0.2984888553619385, 0.10516738891601562]
{'args': ((24, 0, slice(0, 960, None), slice(None, None, None)),), 'dataset shape': (40, 11, 1921, 2560), 'dataset chunks': (7, 1, 385, 512), 'indexing time (s)': 1.1920928955078125e-06, 'chunk number': 1650, 'reduction time (s)': 2.2317392826080322, 'chunks processed': 15, 'storage read (B)': 29686785, 'selection 1 time (s)': 2.2319202423095703}
Thread times [0.0768427848815918, 0.14133477210998535, 0.10714483261108398, 0.06685328483581543, 0.07984805107116699, 0.24706482887268066, 0.1358325481414795, 0.11593294143676758, 0.10151314735412598, 0.10412836074829102, 0.10349631309509277, 0.08811640739440918, 0.2704329490661621, 0.19916725158691406, 0.0705251693725586]
{'args': ((25, 0, slice(0, 960, None), slice(None, None, None)),), 'dataset shape': (40, 11, 1921, 2560), 'dataset chunks': (7, 1, 385, 512), 'indexing time (s)': 9.5367431640625e-07, 'chunk number': 1650, 'reduction time (s)': 1.909560203552246, 'chunks processed': 15, 'storage read (B)': 29686785, 'selection 1 time (s)': 1.909766435623169}
Thread times [0.07297182083129883, 0.07918286323547363, 0.08947157859802246, 0.06380367279052734, 0.08031320571899414, 0.2252662181854248, 0.0834963321685791, 0.13065600395202637, 0.14361333847045898, 0.10897588729858398, 0.10785317420959473, 0.08462953567504883, 0.2645869255065918, 0.211564302444458, 0.12111306190490723]
{'args': ((26, 0, slice(0, 960, None), slice(None, None, None)),), 'dataset shape': (40, 11, 1921, 2560), 'dataset chunks': (7, 1, 385, 512), 'indexing time (s)': 1.6689300537109375e-06, 'chunk number': 1650, 'reduction time (s)': 1.868729829788208, 'chunks processed': 15, 'storage read (B)': 29686785, 'selection 1 time (s)': 1.8689374923706055}
Thread times [0.0782926082611084, 0.0769340991973877, 0.09668183326721191, 0.06812572479248047, 0.08480501174926758, 0.23935365676879883, 0.09762144088745117, 0.11782360076904297, 0.09171843528747559, 0.09744024276733398, 0.09751653671264648, 0.08732891082763672, 0.23687243461608887, 0.18514084815979004, 0.07054853439331055]
{'args': ((27, 0, slice(0, 960, None), slice(None, None, None)),), 'dataset shape': (40, 11, 1921, 2560), 'dataset chunks': (7, 1, 385, 512), 'indexing time (s)': 9.5367431640625e-07, 'chunk number': 1650, 'reduction time (s)': 1.7282655239105225, 'chunks processed': 15, 'storage read (B)': 29686785, 'selection 1 time (s)': 1.7284791469573975}
Thread times [0.07187914848327637, 0.0779116153717041, 0.10303974151611328, 0.08714818954467773, 0.07875800132751465, 0.10119342803955078, 0.09538984298706055, 0.0924527645111084, 0.0936574935913086, 0.10641694068908691, 0.10126090049743652, 0.23994040489196777, 0.0856623649597168, 0.10938024520874023, 0.08391022682189941]
{'args': ((28, 0, slice(0, 960, None), slice(None, None, None)),), 'dataset shape': (40, 11, 1921, 2560), 'dataset chunks': (7, 1, 385, 512), 'indexing time (s)': 1.9073486328125e-06, 'chunk number': 1650, 'reduction time (s)': 1.5293641090393066, 'chunks processed': 15, 'storage read (B)': 29670387, 'selection 1 time (s)': 1.5295748710632324}
Thread times [0.06782007217407227, 0.07678651809692383, 0.09814810752868652, 0.08208799362182617, 0.15005707740783691, 0.09000778198242188, 0.10052895545959473, 0.08897519111633301, 0.1056365966796875, 0.11732983589172363, 0.09412145614624023, 0.21751093864440918, 0.09209084510803223, 0.09967446327209473, 0.08754229545593262]
{'args': ((29, 0, slice(0, 960, None), slice(None, None, None)),), 'dataset shape': (40, 11, 1921, 2560), 'dataset chunks': (7, 1, 385, 512), 'indexing time (s)': 1.1920928955078125e-06, 'chunk number': 1650, 'reduction time (s)': 1.5696239471435547, 'chunks processed': 15, 'storage read (B)': 29670387, 'selection 1 time (s)': 1.5698323249816895}
Thread times [0.07504844665527344, 0.08917093276977539, 0.12850737571716309, 0.10244131088256836, 0.07896089553833008, 0.1583082675933838, 0.1232912540435791, 0.09253430366516113, 0.12918710708618164, 0.14394903182983398, 0.09551525115966797, 0.2275984287261963, 0.0930933952331543, 0.1107630729675293, 0.07958769798278809]
{'args': ((30, 0, slice(0, 960, None), slice(None, None, None)),), 'dataset shape': (40, 11, 1921, 2560), 'dataset chunks': (7, 1, 385, 512), 'indexing time (s)': 1.430511474609375e-06, 'chunk number': 1650, 'reduction time (s)': 1.7293388843536377, 'chunks processed': 15, 'storage read (B)': 29670387, 'selection 1 time (s)': 1.7295582294464111}
Thread times [0.06659936904907227, 0.08530020713806152, 0.09679174423217773, 0.08309650421142578, 0.0856621265411377, 0.09239339828491211, 0.08957195281982422, 0.0911703109741211, 0.09098362922668457, 0.09420990943908691, 0.10867500305175781, 0.2545201778411865, 0.08508157730102539, 0.12174105644226074, 0.09930157661437988]
{'args': ((31, 0, slice(0, 960, None), slice(None, None, None)),), 'dataset shape': (40, 11, 1921, 2560), 'dataset chunks': (7, 1, 385, 512), 'indexing time (s)': 1.1920928955078125e-06, 'chunk number': 1650, 'reduction time (s)': 1.5465686321258545, 'chunks processed': 15, 'storage read (B)': 29670387, 'selection 1 time (s)': 1.5467796325683594}
Thread times [0.07101964950561523, 0.11781144142150879, 0.1563570499420166, 0.07899069786071777, 0.07770991325378418, 0.10172414779663086, 0.09195566177368164, 0.15674519538879395, 0.09196257591247559, 0.09778523445129395, 0.09811043739318848, 0.2113628387451172, 0.08066010475158691, 0.08791995048522949, 0.08278274536132812]
{'args': ((32, 0, slice(0, 960, None), slice(None, None, None)),), 'dataset shape': (40, 11, 1921, 2560), 'dataset chunks': (7, 1, 385, 512), 'indexing time (s)': 1.9073486328125e-06, 'chunk number': 1650, 'reduction time (s)': 1.6042108535766602, 'chunks processed': 15, 'storage read (B)': 29670387, 'selection 1 time (s)': 1.6043963432312012}
Thread times [0.06905674934387207, 0.07741451263427734, 0.08536291122436523, 0.08446884155273438, 0.08371520042419434, 0.08520698547363281, 0.08882713317871094, 0.08879733085632324, 0.09138822555541992, 0.09011006355285645, 0.09932684898376465, 0.23822498321533203, 0.09129142761230469, 0.08211493492126465, 0.13300657272338867]
{'args': ((33, 0, slice(0, 960, None), slice(None, None, None)),), 'dataset shape': (40, 11, 1921, 2560), 'dataset chunks': (7, 1, 385, 512), 'indexing time (s)': 2.1457672119140625e-06, 'chunk number': 1650, 'reduction time (s)': 1.4898037910461426, 'chunks processed': 15, 'storage read (B)': 29670387, 'selection 1 time (s)': 1.4899775981903076}
Thread times [0.14239239692687988, 0.09315824508666992, 0.19299936294555664, 0.08382225036621094, 0.06655597686767578, 0.12074518203735352, 0.08259463310241699, 0.11498880386352539, 0.09107232093811035, 0.10397458076477051, 0.13439321517944336, 0.22581911087036133, 0.07699370384216309, 0.09145808219909668, 0.11992311477661133]
{'args': ((34, 0, slice(0, 960, None), slice(None, None, None)),), 'dataset shape': (40, 11, 1921, 2560), 'dataset chunks': (7, 1, 385, 512), 'indexing time (s)': 1.6689300537109375e-06, 'chunk number': 1650, 'reduction time (s)': 1.742250919342041, 'chunks processed': 15, 'storage read (B)': 29670387, 'selection 1 time (s)': 1.7424390316009521}
Thread times [0.1049962043762207, 0.08158135414123535, 0.09093284606933594, 0.07887840270996094, 0.0882265567779541, 0.09545040130615234, 0.09197473526000977, 0.0812520980834961, 0.14064717292785645, 0.09324789047241211, 0.09307718276977539, 0.08748483657836914, 0.15202045440673828, 0.09186673164367676, 0.10551667213439941]
{'args': ((35, 0, slice(0, 960, None), slice(None, None, None)),), 'dataset shape': (40, 11, 1921, 2560), 'dataset chunks': (7, 1, 385, 512), 'indexing time (s)': 1.9073486328125e-06, 'chunk number': 1650, 'reduction time (s)': 1.4786064624786377, 'chunks processed': 15, 'storage read (B)': 21287473, 'selection 1 time (s)': 1.4788169860839844}
Thread times [0.17666101455688477, 0.08997440338134766, 0.1062619686126709, 0.10345101356506348, 0.09023666381835938, 0.11561703681945801, 0.1052255630493164, 0.09695768356323242, 0.09773421287536621, 0.08709335327148438, 0.10910296440124512, 0.1265716552734375, 0.08796143531799316, 0.08971238136291504, 0.09897136688232422]
{'args': ((36, 0, slice(0, 960, None), slice(None, None, None)),), 'dataset shape': (40, 11, 1921, 2560), 'dataset chunks': (7, 1, 385, 512), 'indexing time (s)': 1.6689300537109375e-06, 'chunk number': 1650, 'reduction time (s)': 1.5829269886016846, 'chunks processed': 15, 'storage read (B)': 21287473, 'selection 1 time (s)': 1.5831096172332764}
Thread times [0.08819150924682617, 0.08302664756774902, 0.10464024543762207, 0.09925293922424316, 0.10423421859741211, 0.15964674949645996, 0.1615772247314453, 0.09767317771911621, 0.09872007369995117, 0.1505117416381836, 0.10788249969482422, 0.11351943016052246, 0.08987855911254883, 0.11202359199523926, 0.08835530281066895]
{'args': ((37, 0, slice(0, 960, None), slice(None, None, None)),), 'dataset shape': (40, 11, 1921, 2560), 'dataset chunks': (7, 1, 385, 512), 'indexing time (s)': 1.430511474609375e-06, 'chunk number': 1650, 'reduction time (s)': 1.6605193614959717, 'chunks processed': 15, 'storage read (B)': 21287473, 'selection 1 time (s)': 1.6607017517089844}
Thread times [0.08305811882019043, 0.09116888046264648, 0.0811762809753418, 0.13356399536132812, 0.08999156951904297, 0.08261537551879883, 0.08687138557434082, 0.10251808166503906, 0.09757828712463379, 0.0895843505859375, 0.09406089782714844, 0.09095096588134766, 0.08882570266723633, 0.11931538581848145, 0.09063839912414551]
{'args': ((38, 0, slice(0, 960, None), slice(None, None, None)),), 'dataset shape': (40, 11, 1921, 2560), 'dataset chunks': (7, 1, 385, 512), 'indexing time (s)': 1.9073486328125e-06, 'chunk number': 1650, 'reduction time (s)': 1.4234247207641602, 'chunks processed': 15, 'storage read (B)': 21287473, 'selection 1 time (s)': 1.4236183166503906}
Thread times [0.145538330078125, 0.09644436836242676, 0.09451007843017578, 0.08669567108154297, 0.09227824211120605, 0.10021471977233887, 0.09166431427001953, 0.08635759353637695, 0.09875893592834473, 0.09010481834411621, 0.1011662483215332, 0.12151432037353516, 0.09986519813537598, 0.08295059204101562, 0.09638333320617676]
{'args': ((39, 0, slice(0, 960, None), slice(None, None, None)),), 'dataset shape': (40, 11, 1921, 2560), 'dataset chunks': (7, 1, 385, 512), 'indexing time (s)': 1.9073486328125e-06, 'chunk number': 1650, 'reduction time (s)': 1.485776662826538, 'chunks processed': 15, 'storage read (B)': 21287473, 'selection 1 time (s)': 1.4859626293182373}
[[226.07817708]
 [226.06473958]
 [225.93765625]
 [225.90807292]
 [225.91734375]
 [225.88453125]
 [225.82075521]
 [225.85440104]
 [225.98328125]
 [226.03804687]
 [226.01315104]
 [226.02330729]
 [226.03770833]
 [226.00476563]
 [225.91765625]
 [225.94036458]
 [225.98721354]
 [225.9146875 ]
 [225.81242188]
 [225.81869792]
 [225.84526042]
 [225.78497396]
 [225.63651042]
 [225.55651042]
 [225.45734375]
 [225.32369792]
 [225.16325521]
 [225.07794271]
 [225.07846354]
 [225.10664063]
 [225.17609375]
 [225.36880208]
 [225.57911458]
 [225.69080729]
 [225.72229167]
 [225.82367188]
 [225.93658854]
 [225.96765625]
 [225.91861979]
 [225.9225    ]]
Summary:  sci6-in1:Local (T1,BS1): 0.381s,70.04s,72.53s
