Dataset loaded from S3 with s3fs and Pyfive: bnl/ch330a.pc19790301-def.nc (0.021,0.33)
Thread times [0.15227556228637695, 0.08020138740539551, 0.10985159873962402, 0.0862431526184082, 0.0974280834197998, 0.22081613540649414, 0.0722651481628418, 0.2974851131439209, 0.25589656829833984, 0.10046029090881348, 0.09908127784729004, 0.2355668544769287, 0.07954072952270508, 0.0977025032043457, 0.11105632781982422]
{'load nc time': 0.38350367546081543, 'args': ((0, 0, slice(0, 960, None), slice(None, None, None)),), 'dataset shape': (40, 11, 1921, 2560), 'dataset chunks': (7, 1, 385, 512), 'indexing time (s)': 1.913959264755249, 'chunk number': 1650, 'reduction time (s)': 2.097188949584961, 'chunks processed': 15, 'storage read (B)': 29685482, 'selection 1 time (s)': 4.011301517486572}
Thread times [0.07997274398803711, 0.09081125259399414, 0.08394265174865723, 0.08026361465454102, 0.10677552223205566, 0.20724225044250488, 0.11119222640991211, 0.1136789321899414, 0.20221424102783203, 0.08281636238098145, 0.08661627769470215, 0.23432183265686035, 0.08809781074523926, 0.09529542922973633, 0.0876626968383789]
{'args': ((1, 0, slice(0, 960, None), slice(None, None, None)),), 'dataset shape': (40, 11, 1921, 2560), 'dataset chunks': (7, 1, 385, 512), 'indexing time (s)': 1.6689300537109375e-06, 'chunk number': 1650, 'reduction time (s)': 1.7523908615112305, 'chunks processed': 15, 'storage read (B)': 29685482, 'selection 1 time (s)': 1.7525808811187744}
Thread times [0.09534549713134766, 0.11221456527709961, 0.10681724548339844, 0.08669018745422363, 0.08705854415893555, 0.21051239967346191, 0.09749746322631836, 0.0939640998840332, 0.21523761749267578, 0.08889913558959961, 0.09057164192199707, 0.2252941131591797, 0.08710861206054688, 0.13252043724060059, 0.08903121948242188]
{'args': ((2, 0, slice(0, 960, None), slice(None, None, None)),), 'dataset shape': (40, 11, 1921, 2560), 'dataset chunks': (7, 1, 385, 512), 'indexing time (s)': 1.430511474609375e-06, 'chunk number': 1650, 'reduction time (s)': 1.8201966285705566, 'chunks processed': 15, 'storage read (B)': 29685482, 'selection 1 time (s)': 1.8203775882720947}
Thread times [0.07904791831970215, 0.08110475540161133, 0.08743882179260254, 0.08474993705749512, 0.11229491233825684, 0.21907472610473633, 0.07387232780456543, 0.09438514709472656, 0.25158166885375977, 0.08504009246826172, 0.12541580200195312, 0.21800637245178223, 0.0957937240600586, 0.08540606498718262, 0.09540724754333496]
{'args': ((3, 0, slice(0, 960, None), slice(None, None, None)),), 'dataset shape': (40, 11, 1921, 2560), 'dataset chunks': (7, 1, 385, 512), 'indexing time (s)': 1.6689300537109375e-06, 'chunk number': 1650, 'reduction time (s)': 1.7900300025939941, 'chunks processed': 15, 'storage read (B)': 29685482, 'selection 1 time (s)': 1.790212869644165}
Thread times [0.08971905708312988, 0.08264493942260742, 0.08811831474304199, 0.08504915237426758, 0.10177063941955566, 0.23145699501037598, 0.07832789421081543, 0.11280012130737305, 0.22117328643798828, 0.11029815673828125, 0.10886263847351074, 0.24425601959228516, 0.08755660057067871, 0.08908343315124512, 0.11824536323547363]
{'args': ((4, 0, slice(0, 960, None), slice(None, None, None)),), 'dataset shape': (40, 11, 1921, 2560), 'dataset chunks': (7, 1, 385, 512), 'indexing time (s)': 1.430511474609375e-06, 'chunk number': 1650, 'reduction time (s)': 1.8512725830078125, 'chunks processed': 15, 'storage read (B)': 29685482, 'selection 1 time (s)': 1.851487159729004}
Thread times [0.10366177558898926, 0.10469675064086914, 0.1019124984741211, 0.09458684921264648, 0.09887480735778809, 0.2421572208404541, 0.12990498542785645, 0.11108136177062988, 0.23317575454711914, 0.09237504005432129, 0.10240054130554199, 0.23519182205200195, 0.1108086109161377, 0.1052103042602539, 0.09979557991027832]
{'args': ((5, 0, slice(0, 960, None), slice(None, None, None)),), 'dataset shape': (40, 11, 1921, 2560), 'dataset chunks': (7, 1, 385, 512), 'indexing time (s)': 2.6226043701171875e-06, 'chunk number': 1650, 'reduction time (s)': 1.9676003456115723, 'chunks processed': 15, 'storage read (B)': 29685482, 'selection 1 time (s)': 1.9678330421447754}
Thread times [0.0940697193145752, 0.10468459129333496, 0.0930783748626709, 0.09019088745117188, 0.08616518974304199, 0.22894501686096191, 0.07724642753601074, 0.10246062278747559, 0.23277735710144043, 0.11387419700622559, 0.10007143020629883, 0.25066208839416504, 0.09621977806091309, 0.1831974983215332, 0.08666181564331055]
{'args': ((6, 0, slice(0, 960, None), slice(None, None, None)),), 'dataset shape': (40, 11, 1921, 2560), 'dataset chunks': (7, 1, 385, 512), 'indexing time (s)': 1.6689300537109375e-06, 'chunk number': 1650, 'reduction time (s)': 1.941718578338623, 'chunks processed': 15, 'storage read (B)': 29685482, 'selection 1 time (s)': 1.9419045448303223}
Thread times [0.08281278610229492, 0.09154438972473145, 0.15687346458435059, 0.09768056869506836, 0.14847707748413086, 0.08847212791442871, 0.08839893341064453, 0.2810831069946289, 0.08450579643249512, 0.10721635818481445, 0.10337090492248535, 0.09831070899963379, 0.26895666122436523, 0.07848334312438965, 0.09058046340942383]
{'args': ((7, 0, slice(0, 960, None), slice(None, None, None)),), 'dataset shape': (40, 11, 1921, 2560), 'dataset chunks': (7, 1, 385, 512), 'indexing time (s)': 1.9073486328125e-06, 'chunk number': 1650, 'reduction time (s)': 1.8682575225830078, 'chunks processed': 15, 'storage read (B)': 29701892, 'selection 1 time (s)': 1.868454933166504}
Thread times [0.0802602767944336, 0.08581876754760742, 0.08595991134643555, 0.1532895565032959, 0.10029244422912598, 0.08874702453613281, 0.09584355354309082, 0.21736884117126465, 0.08278560638427734, 0.11948084831237793, 0.08304524421691895, 0.12909150123596191, 0.21866369247436523, 0.10699677467346191, 0.09370160102844238]
{'args': ((8, 0, slice(0, 960, None), slice(None, None, None)),), 'dataset shape': (40, 11, 1921, 2560), 'dataset chunks': (7, 1, 385, 512), 'indexing time (s)': 1.6689300537109375e-06, 'chunk number': 1650, 'reduction time (s)': 1.742713451385498, 'chunks processed': 15, 'storage read (B)': 29701892, 'selection 1 time (s)': 1.7429065704345703}
Thread times [0.08476138114929199, 0.07965540885925293, 0.08822345733642578, 0.09396028518676758, 0.1012880802154541, 0.08881115913391113, 0.08447074890136719, 0.21083974838256836, 0.08635067939758301, 0.07921767234802246, 0.09248757362365723, 0.09983372688293457, 0.21722698211669922, 0.0845341682434082, 0.08926510810852051]
{'args': ((9, 0, slice(0, 960, None), slice(None, None, None)),), 'dataset shape': (40, 11, 1921, 2560), 'dataset chunks': (7, 1, 385, 512), 'indexing time (s)': 1.430511474609375e-06, 'chunk number': 1650, 'reduction time (s)': 1.5821828842163086, 'chunks processed': 15, 'storage read (B)': 29701892, 'selection 1 time (s)': 1.5823864936828613}
Thread times [0.07578516006469727, 0.08187031745910645, 0.08997654914855957, 0.08486723899841309, 0.09877705574035645, 0.08031082153320312, 0.08821725845336914, 0.2610037326812744, 0.07010936737060547, 0.08228421211242676, 0.12460160255432129, 0.1030130386352539, 0.2587418556213379, 0.09621953964233398, 0.1039435863494873]
{'args': ((10, 0, slice(0, 960, None), slice(None, None, None)),), 'dataset shape': (40, 11, 1921, 2560), 'dataset chunks': (7, 1, 385, 512), 'indexing time (s)': 1.430511474609375e-06, 'chunk number': 1650, 'reduction time (s)': 1.70119309425354, 'chunks processed': 15, 'storage read (B)': 29701892, 'selection 1 time (s)': 1.7014036178588867}
Thread times [0.09433245658874512, 0.08471369743347168, 0.08492064476013184, 0.09180283546447754, 0.09203052520751953, 0.12577176094055176, 0.08536148071289062, 0.2299807071685791, 0.0789651870727539, 0.08419561386108398, 0.08904123306274414, 0.09857916831970215, 0.22925662994384766, 0.09203433990478516, 0.07755661010742188]
{'args': ((11, 0, slice(0, 960, None), slice(None, None, None)),), 'dataset shape': (40, 11, 1921, 2560), 'dataset chunks': (7, 1, 385, 512), 'indexing time (s)': 1.6689300537109375e-06, 'chunk number': 1650, 'reduction time (s)': 1.639852523803711, 'chunks processed': 15, 'storage read (B)': 29701892, 'selection 1 time (s)': 1.6400446891784668}
Thread times [0.08554291725158691, 0.07785701751708984, 0.08384990692138672, 0.10160064697265625, 0.10974454879760742, 0.0860450267791748, 0.10110282897949219, 0.23652434349060059, 0.11301827430725098, 0.08647441864013672, 0.09723472595214844, 0.13784480094909668, 0.2177441120147705, 0.08352208137512207, 0.08443856239318848]
{'args': ((12, 0, slice(0, 960, None), slice(None, None, None)),), 'dataset shape': (40, 11, 1921, 2560), 'dataset chunks': (7, 1, 385, 512), 'indexing time (s)': 1.9073486328125e-06, 'chunk number': 1650, 'reduction time (s)': 1.7038042545318604, 'chunks processed': 15, 'storage read (B)': 29701892, 'selection 1 time (s)': 1.7040016651153564}
Thread times [0.08476686477661133, 0.09359240531921387, 0.0824897289276123, 0.08679962158203125, 0.12962698936462402, 0.08963704109191895, 0.09183883666992188, 0.27922797203063965, 0.07799744606018066, 0.0825967788696289, 0.08817219734191895, 0.09965896606445312, 0.2617511749267578, 0.08685183525085449, 0.08423018455505371]
{'args': ((13, 0, slice(0, 960, None), slice(None, None, None)),), 'dataset shape': (40, 11, 1921, 2560), 'dataset chunks': (7, 1, 385, 512), 'indexing time (s)': 1.1920928955078125e-06, 'chunk number': 1650, 'reduction time (s)': 1.720475673675537, 'chunks processed': 15, 'storage read (B)': 29701892, 'selection 1 time (s)': 1.72068452835083}
Thread times [0.09034347534179688, 0.078826904296875, 0.11232352256774902, 0.09323382377624512, 0.08666229248046875, 0.09035634994506836, 0.0976722240447998, 0.10619020462036133, 0.23810815811157227, 0.08445954322814941, 0.08515787124633789, 0.09511518478393555, 0.09972977638244629, 0.0904238224029541, 0.12456178665161133]
{'args': ((14, 0, slice(0, 960, None), slice(None, None, None)),), 'dataset shape': (40, 11, 1921, 2560), 'dataset chunks': (7, 1, 385, 512), 'indexing time (s)': 1.1920928955078125e-06, 'chunk number': 1650, 'reduction time (s)': 1.574737787246704, 'chunks processed': 15, 'storage read (B)': 29733505, 'selection 1 time (s)': 1.5749506950378418}
Thread times [0.08408570289611816, 0.08973836898803711, 0.08370828628540039, 0.09872817993164062, 0.08448386192321777, 0.11475825309753418, 0.10144400596618652, 0.09952545166015625, 0.2118532657623291, 0.08730363845825195, 0.11703729629516602, 0.09828662872314453, 0.10341787338256836, 0.08708071708679199, 0.12333846092224121]
{'args': ((15, 0, slice(0, 960, None), slice(None, None, None)),), 'dataset shape': (40, 11, 1921, 2560), 'dataset chunks': (7, 1, 385, 512), 'indexing time (s)': 1.1920928955078125e-06, 'chunk number': 1650, 'reduction time (s)': 1.5861754417419434, 'chunks processed': 15, 'storage read (B)': 29733505, 'selection 1 time (s)': 1.5863828659057617}
Thread times [0.09158682823181152, 0.0756227970123291, 0.08464407920837402, 0.0913701057434082, 0.08553028106689453, 0.09584617614746094, 0.09441995620727539, 0.09855103492736816, 0.2374584674835205, 0.12610673904418945, 0.08400964736938477, 0.14057278633117676, 0.10314488410949707, 0.08177375793457031, 0.0933685302734375]
{'args': ((16, 0, slice(0, 960, None), slice(None, None, None)),), 'dataset shape': (40, 11, 1921, 2560), 'dataset chunks': (7, 1, 385, 512), 'indexing time (s)': 1.1920928955078125e-06, 'chunk number': 1650, 'reduction time (s)': 1.5854687690734863, 'chunks processed': 15, 'storage read (B)': 29733505, 'selection 1 time (s)': 1.5856893062591553}
Thread times [0.07995057106018066, 0.07740521430969238, 0.08478856086730957, 0.08921980857849121, 0.08320498466491699, 0.09589242935180664, 0.0957489013671875, 0.09424948692321777, 0.23279571533203125, 0.08348655700683594, 0.10014653205871582, 0.10217690467834473, 0.09948158264160156, 0.09120059013366699, 0.13466191291809082]
{'args': ((17, 0, slice(0, 960, None), slice(None, None, None)),), 'dataset shape': (40, 11, 1921, 2560), 'dataset chunks': (7, 1, 385, 512), 'indexing time (s)': 1.6689300537109375e-06, 'chunk number': 1650, 'reduction time (s)': 1.546067476272583, 'chunks processed': 15, 'storage read (B)': 29733505, 'selection 1 time (s)': 1.5463275909423828}
Thread times [0.10431170463562012, 0.11915016174316406, 0.09011530876159668, 0.09633255004882812, 0.0911412239074707, 0.0997459888458252, 0.1076498031616211, 0.11331534385681152, 0.22107338905334473, 0.14317870140075684, 0.16552424430847168, 0.09825587272644043, 0.10196948051452637, 0.09056401252746582, 0.09739065170288086]
{'args': ((18, 0, slice(0, 960, None), slice(None, None, None)),), 'dataset shape': (40, 11, 1921, 2560), 'dataset chunks': (7, 1, 385, 512), 'indexing time (s)': 1.9073486328125e-06, 'chunk number': 1650, 'reduction time (s)': 1.7412056922912598, 'chunks processed': 15, 'storage read (B)': 29733505, 'selection 1 time (s)': 1.7414519786834717}
Thread times [0.20925474166870117, 0.09295392036437988, 0.08474016189575195, 0.10132861137390137, 0.304241418838501, 0.09012365341186523, 0.0971217155456543, 0.10128641128540039, 0.23049616813659668, 0.08143830299377441, 0.0756528377532959, 0.09434795379638672, 0.0938575267791748, 0.09747600555419922, 0.08751296997070312]
{'args': ((19, 0, slice(0, 960, None), slice(None, None, None)),), 'dataset shape': (40, 11, 1921, 2560), 'dataset chunks': (7, 1, 385, 512), 'indexing time (s)': 2.1457672119140625e-06, 'chunk number': 1650, 'reduction time (s)': 1.8433361053466797, 'chunks processed': 15, 'storage read (B)': 29733505, 'selection 1 time (s)': 1.8435945510864258}
Thread times [0.11325335502624512, 0.0777742862701416, 0.14440226554870605, 0.0933845043182373, 0.12755560874938965, 0.12044692039489746, 0.0969235897064209, 0.12408208847045898, 0.22217750549316406, 0.08791851997375488, 0.08385968208312988, 0.11108803749084473, 0.09690308570861816, 0.09067010879516602, 0.09317636489868164]
{'args': ((20, 0, slice(0, 960, None), slice(None, None, None)),), 'dataset shape': (40, 11, 1921, 2560), 'dataset chunks': (7, 1, 385, 512), 'indexing time (s)': 1.1920928955078125e-06, 'chunk number': 1650, 'reduction time (s)': 1.6849250793457031, 'chunks processed': 15, 'storage read (B)': 29733505, 'selection 1 time (s)': 1.6851215362548828}
Thread times [0.0988454818725586, 0.0801091194152832, 0.10169386863708496, 0.07584476470947266, 0.08007311820983887, 0.2039661407470703, 0.10048460960388184, 0.10439491271972656, 0.09498405456542969, 0.09827470779418945, 0.09687924385070801, 0.1049034595489502, 0.23400163650512695, 0.2007155418395996, 0.1270761489868164]
{'args': ((21, 0, slice(0, 960, None), slice(None, None, None)),), 'dataset shape': (40, 11, 1921, 2560), 'dataset chunks': (7, 1, 385, 512), 'indexing time (s)': 1.9073486328125e-06, 'chunk number': 1650, 'reduction time (s)': 1.8037166595458984, 'chunks processed': 15, 'storage read (B)': 29686785, 'selection 1 time (s)': 1.803924560546875}
Thread times [0.08012938499450684, 0.07573151588439941, 0.09222030639648438, 0.07076835632324219, 0.08069586753845215, 0.23874258995056152, 0.08889651298522949, 0.0925588607788086, 0.09860920906066895, 0.17042827606201172, 0.08710527420043945, 0.08714938163757324, 0.24744558334350586, 0.19308996200561523, 0.0749812126159668]
{'args': ((22, 0, slice(0, 960, None), slice(None, None, None)),), 'dataset shape': (40, 11, 1921, 2560), 'dataset chunks': (7, 1, 385, 512), 'indexing time (s)': 1.6689300537109375e-06, 'chunk number': 1650, 'reduction time (s)': 1.7799181938171387, 'chunks processed': 15, 'storage read (B)': 29686785, 'selection 1 time (s)': 1.7801225185394287}
Thread times [0.0794064998626709, 0.07109427452087402, 0.09128451347351074, 0.06428956985473633, 0.07890701293945312, 0.22739458084106445, 0.0859079360961914, 0.10824203491210938, 0.10386013984680176, 0.08364725112915039, 0.10785174369812012, 0.08902907371520996, 0.2247774600982666, 0.17935705184936523, 0.0729532241821289]
{'args': ((23, 0, slice(0, 960, None), slice(None, None, None)),), 'dataset shape': (40, 11, 1921, 2560), 'dataset chunks': (7, 1, 385, 512), 'indexing time (s)': 2.1457672119140625e-06, 'chunk number': 1650, 'reduction time (s)': 1.6694915294647217, 'chunks processed': 15, 'storage read (B)': 29686785, 'selection 1 time (s)': 1.6697251796722412}
Thread times [0.11871194839477539, 0.12615561485290527, 0.11260366439819336, 0.06961798667907715, 0.08418774604797363, 0.2276926040649414, 0.08440923690795898, 0.13805413246154785, 0.10591888427734375, 0.19920682907104492, 0.09929299354553223, 0.11226725578308105, 0.2811088562011719, 0.18860769271850586, 0.07699346542358398]
{'args': ((24, 0, slice(0, 960, None), slice(None, None, None)),), 'dataset shape': (40, 11, 1921, 2560), 'dataset chunks': (7, 1, 385, 512), 'indexing time (s)': 1.6689300537109375e-06, 'chunk number': 1650, 'reduction time (s)': 2.0262598991394043, 'chunks processed': 15, 'storage read (B)': 29686785, 'selection 1 time (s)': 2.026461601257324}
Thread times [0.10746216773986816, 0.13578128814697266, 0.09106731414794922, 0.07323288917541504, 0.07883286476135254, 0.21318840980529785, 0.08334064483642578, 0.09218788146972656, 0.09724235534667969, 0.09540271759033203, 0.09285402297973633, 0.09388542175292969, 0.23116540908813477, 0.1942729949951172, 0.07159066200256348]
{'args': ((25, 0, slice(0, 960, None), slice(None, None, None)),), 'dataset shape': (40, 11, 1921, 2560), 'dataset chunks': (7, 1, 385, 512), 'indexing time (s)': 1.9073486328125e-06, 'chunk number': 1650, 'reduction time (s)': 1.7529330253601074, 'chunks processed': 15, 'storage read (B)': 29686785, 'selection 1 time (s)': 1.7531397342681885}
Thread times [0.07695531845092773, 0.08225846290588379, 0.14668631553649902, 0.06592416763305664, 0.10060977935791016, 0.24836421012878418, 0.07824873924255371, 0.09026050567626953, 0.11934399604797363, 0.11229729652404785, 0.10570240020751953, 0.08724594116210938, 0.2280290126800537, 0.2029874324798584, 0.07398390769958496]
{'args': ((26, 0, slice(0, 960, None), slice(None, None, None)),), 'dataset shape': (40, 11, 1921, 2560), 'dataset chunks': (7, 1, 385, 512), 'indexing time (s)': 2.384185791015625e-06, 'chunk number': 1650, 'reduction time (s)': 1.8202183246612549, 'chunks processed': 15, 'storage read (B)': 29686785, 'selection 1 time (s)': 1.8204290866851807}
Thread times [0.11358976364135742, 0.08396482467651367, 0.10026311874389648, 0.07368350028991699, 0.0861368179321289, 0.240769624710083, 0.10811614990234375, 0.09633684158325195, 0.09788322448730469, 0.11331677436828613, 0.10261702537536621, 0.09601211547851562, 0.2365703582763672, 0.18172383308410645, 0.09442615509033203]
{'args': ((27, 0, slice(0, 960, None), slice(None, None, None)),), 'dataset shape': (40, 11, 1921, 2560), 'dataset chunks': (7, 1, 385, 512), 'indexing time (s)': 1.430511474609375e-06, 'chunk number': 1650, 'reduction time (s)': 1.8268883228302002, 'chunks processed': 15, 'storage read (B)': 29686785, 'selection 1 time (s)': 1.8270933628082275}
Thread times [0.06911325454711914, 0.1301288604736328, 0.10420846939086914, 0.08222341537475586, 0.2109529972076416, 0.10275101661682129, 0.08953237533569336, 0.10262846946716309, 0.08588957786560059, 0.12075972557067871, 0.09551548957824707, 0.21440482139587402, 0.09048008918762207, 0.08615303039550781, 0.09207677841186523]
{'args': ((28, 0, slice(0, 960, None), slice(None, None, None)),), 'dataset shape': (40, 11, 1921, 2560), 'dataset chunks': (7, 1, 385, 512), 'indexing time (s)': 1.6689300537109375e-06, 'chunk number': 1650, 'reduction time (s)': 1.6783490180969238, 'chunks processed': 15, 'storage read (B)': 29670387, 'selection 1 time (s)': 1.678584098815918}
Thread times [0.07736611366271973, 0.08529496192932129, 0.09514546394348145, 0.11282706260681152, 0.09727144241333008, 0.09992361068725586, 0.0891275405883789, 0.10261273384094238, 0.12281441688537598, 0.12142133712768555, 0.10197830200195312, 0.2519862651824951, 0.09144997596740723, 0.14150047302246094, 0.09099197387695312]
{'args': ((29, 0, slice(0, 960, None), slice(None, None, None)),), 'dataset shape': (40, 11, 1921, 2560), 'dataset chunks': (7, 1, 385, 512), 'indexing time (s)': 1.9073486328125e-06, 'chunk number': 1650, 'reduction time (s)': 1.6832540035247803, 'chunks processed': 15, 'storage read (B)': 29670387, 'selection 1 time (s)': 1.6834685802459717}
Thread times [0.0879979133605957, 0.08263802528381348, 0.1329970359802246, 0.13474273681640625, 0.15215706825256348, 0.1368117332458496, 0.13349294662475586, 0.08888673782348633, 0.0963585376739502, 0.10117936134338379, 0.16080093383789062, 0.2528533935546875, 0.08318877220153809, 0.09122562408447266, 0.12354874610900879]
{'args': ((30, 0, slice(0, 960, None), slice(None, None, None)),), 'dataset shape': (40, 11, 1921, 2560), 'dataset chunks': (7, 1, 385, 512), 'indexing time (s)': 1.6689300537109375e-06, 'chunk number': 1650, 'reduction time (s)': 1.8603436946868896, 'chunks processed': 15, 'storage read (B)': 29670387, 'selection 1 time (s)': 1.860553503036499}
Thread times [0.08324885368347168, 0.08655977249145508, 0.10328912734985352, 0.09191131591796875, 0.12549805641174316, 0.09899258613586426, 0.0837867259979248, 0.10463213920593262, 0.16945481300354004, 0.1079094409942627, 0.20055532455444336, 0.24047613143920898, 0.11974692344665527, 0.0950310230255127, 0.09879112243652344]
{'args': ((31, 0, slice(0, 960, None), slice(None, None, None)),), 'dataset shape': (40, 11, 1921, 2560), 'dataset chunks': (7, 1, 385, 512), 'indexing time (s)': 1.9073486328125e-06, 'chunk number': 1650, 'reduction time (s)': 1.8113393783569336, 'chunks processed': 15, 'storage read (B)': 29670387, 'selection 1 time (s)': 1.8115355968475342}
Thread times [0.07177877426147461, 0.0813446044921875, 0.09301304817199707, 0.08737373352050781, 0.11957073211669922, 0.09529399871826172, 0.08551216125488281, 0.08648037910461426, 0.08928561210632324, 0.09695839881896973, 0.11536288261413574, 0.217637300491333, 0.08838129043579102, 0.09774041175842285, 0.08458375930786133]
{'args': ((32, 0, slice(0, 960, None), slice(None, None, None)),), 'dataset shape': (40, 11, 1921, 2560), 'dataset chunks': (7, 1, 385, 512), 'indexing time (s)': 1.6689300537109375e-06, 'chunk number': 1650, 'reduction time (s)': 1.5117559432983398, 'chunks processed': 15, 'storage read (B)': 29670387, 'selection 1 time (s)': 1.5119562149047852}
Thread times [0.07152104377746582, 0.08002996444702148, 0.10586428642272949, 0.08600330352783203, 0.08136868476867676, 0.09611129760742188, 0.08428239822387695, 0.09384775161743164, 0.0857400894165039, 0.15630745887756348, 0.09461617469787598, 0.22190117835998535, 0.08860230445861816, 0.10625052452087402, 0.09033417701721191]
{'args': ((33, 0, slice(0, 960, None), slice(None, None, None)),), 'dataset shape': (40, 11, 1921, 2560), 'dataset chunks': (7, 1, 385, 512), 'indexing time (s)': 1.6689300537109375e-06, 'chunk number': 1650, 'reduction time (s)': 1.5441515445709229, 'chunks processed': 15, 'storage read (B)': 29670387, 'selection 1 time (s)': 1.544356346130371}
Thread times [0.07671833038330078, 0.09496140480041504, 0.09063458442687988, 0.08617734909057617, 0.08396506309509277, 0.13714814186096191, 0.08972311019897461, 0.10059237480163574, 0.10719919204711914, 0.10789799690246582, 0.09918904304504395, 0.2903025150299072, 0.12882351875305176, 0.11334395408630371, 0.09307646751403809]
{'args': ((34, 0, slice(0, 960, None), slice(None, None, None)),), 'dataset shape': (40, 11, 1921, 2560), 'dataset chunks': (7, 1, 385, 512), 'indexing time (s)': 1.1920928955078125e-06, 'chunk number': 1650, 'reduction time (s)': 1.7013061046600342, 'chunks processed': 15, 'storage read (B)': 29670387, 'selection 1 time (s)': 1.7015197277069092}
Thread times [0.09559488296508789, 0.11459755897521973, 0.10765576362609863, 0.08439922332763672, 0.08425402641296387, 0.09183979034423828, 0.09210205078125, 0.08314681053161621, 0.12866544723510742, 0.07821345329284668, 0.0882265567779541, 0.07631278038024902, 0.08130121231079102, 0.08288216590881348, 0.08191275596618652]
{'args': ((35, 0, slice(0, 960, None), slice(None, None, None)),), 'dataset shape': (40, 11, 1921, 2560), 'dataset chunks': (7, 1, 385, 512), 'indexing time (s)': 1.9073486328125e-06, 'chunk number': 1650, 'reduction time (s)': 1.3726260662078857, 'chunks processed': 15, 'storage read (B)': 21287473, 'selection 1 time (s)': 1.3728339672088623}
Thread times [0.08547520637512207, 0.08605837821960449, 0.09556746482849121, 0.11554527282714844, 0.08350110054016113, 0.09807586669921875, 0.11492466926574707, 0.09631037712097168, 0.10396409034729004, 0.09552907943725586, 0.09719991683959961, 0.08107686042785645, 0.08792686462402344, 0.0915384292602539, 0.09619355201721191]
{'args': ((36, 0, slice(0, 960, None), slice(None, None, None)),), 'dataset shape': (40, 11, 1921, 2560), 'dataset chunks': (7, 1, 385, 512), 'indexing time (s)': 1.9073486328125e-06, 'chunk number': 1650, 'reduction time (s)': 1.4305956363677979, 'chunks processed': 15, 'storage read (B)': 21287473, 'selection 1 time (s)': 1.430816650390625}
Thread times [0.09183979034423828, 0.10149765014648438, 0.10293292999267578, 0.1040353775024414, 0.11040639877319336, 0.10193300247192383, 0.10269927978515625, 0.11063051223754883, 0.14048147201538086, 0.0899958610534668, 0.13276004791259766, 0.08551335334777832, 0.08726239204406738, 0.13374090194702148, 0.08362460136413574]
{'args': ((37, 0, slice(0, 960, None), slice(None, None, None)),), 'dataset shape': (40, 11, 1921, 2560), 'dataset chunks': (7, 1, 385, 512), 'indexing time (s)': 1.6689300537109375e-06, 'chunk number': 1650, 'reduction time (s)': 1.5808310508728027, 'chunks processed': 15, 'storage read (B)': 21287473, 'selection 1 time (s)': 1.581040859222412}
Thread times [0.08023691177368164, 0.2389359474182129, 0.07605528831481934, 0.08412981033325195, 0.08694076538085938, 0.10128068923950195, 0.1079261302947998, 0.08234333992004395, 0.08791041374206543, 0.07359170913696289, 0.10388731956481934, 0.10313892364501953, 0.08265995979309082, 0.0740349292755127, 0.0882871150970459]
{'args': ((38, 0, slice(0, 960, None), slice(None, None, None)),), 'dataset shape': (40, 11, 1921, 2560), 'dataset chunks': (7, 1, 385, 512), 'indexing time (s)': 2.1457672119140625e-06, 'chunk number': 1650, 'reduction time (s)': 1.472766399383545, 'chunks processed': 15, 'storage read (B)': 21287473, 'selection 1 time (s)': 1.4729702472686768}
Thread times [0.07592511177062988, 0.07729172706604004, 0.07523274421691895, 0.07204985618591309, 0.07837176322937012, 0.09228205680847168, 0.09415006637573242, 0.09191584587097168, 0.09472799301147461, 0.08888649940490723, 0.16549301147460938, 0.0886223316192627, 0.09585952758789062, 0.10770511627197266, 0.09150934219360352]
{'args': ((39, 0, slice(0, 960, None), slice(None, None, None)),), 'dataset shape': (40, 11, 1921, 2560), 'dataset chunks': (7, 1, 385, 512), 'indexing time (s)': 1.9073486328125e-06, 'chunk number': 1650, 'reduction time (s)': 1.391446590423584, 'chunks processed': 15, 'storage read (B)': 21287473, 'selection 1 time (s)': 1.391625165939331}
[[226.07817708]
 [226.06473958]
 [225.93765625]
 [225.90807292]
 [225.91734375]
 [225.88453125]
 [225.82075521]
 [225.85440104]
 [225.98328125]
 [226.03804687]
 [226.01315104]
 [226.02330729]
 [226.03770833]
 [226.00476563]
 [225.91765625]
 [225.94036458]
 [225.98721354]
 [225.9146875 ]
 [225.81242188]
 [225.81869792]
 [225.84526042]
 [225.78497396]
 [225.63651042]
 [225.55651042]
 [225.45734375]
 [225.32369792]
 [225.16325521]
 [225.07794271]
 [225.07846354]
 [225.10664063]
 [225.17609375]
 [225.36880208]
 [225.57911458]
 [225.69080729]
 [225.72229167]
 [225.82367188]
 [225.93658854]
 [225.96765625]
 [225.91861979]
 [225.9225    ]]
Summary:  sci6-in1:Local (T1,BS1): 0.384s,68.46s,70.77s
