Dataset loaded from S3 with s3fs and Pyfive: bnl/ch330a.pc19790301-def.nc (0.021,0.59)
Thread times [0.34418344497680664, 0.4593198299407959, 0.49099016189575195, 0.5407760143280029, 0.5544130802154541, 0.5546755790710449, 0.5827381610870361, 0.6515355110168457, 0.6554057598114014, 0.6759729385375977, 0.6858649253845215, 0.6947550773620605, 0.7554793357849121, 0.7525103092193604, 0.7548761367797852]
{'load nc time': 0.6703417301177979, 'args': ((0, 0, slice(0, 960, None), slice(None, None, None)),), 'dataset shape': (40, 11, 1921, 2560), 'dataset chunks': (7, 1, 385, 512), 'indexing time (s)': 3.055324077606201, 'chunk number': 1650, 'reduction time (s)': 0.7630176544189453, 'chunks processed': 15, 'storage read (B)': 29685482, 'selection 1 time (s)': 3.818579912185669}
Thread times [0.023868560791015625, 0.32665538787841797, 0.3295421600341797, 0.3334658145904541, 0.4516172409057617, 0.49260807037353516, 0.5255413055419922, 0.561500072479248, 0.6497781276702881, 0.6507284641265869, 0.6647043228149414, 0.667381763458252, 0.6701259613037109, 0.6715390682220459, 0.6714558601379395]
{'args': ((1, 0, slice(0, 960, None), slice(None, None, None)),), 'dataset shape': (40, 11, 1921, 2560), 'dataset chunks': (7, 1, 385, 512), 'indexing time (s)': 1.9073486328125e-06, 'chunk number': 1650, 'reduction time (s)': 0.675046443939209, 'chunks processed': 15, 'storage read (B)': 29685482, 'selection 1 time (s)': 0.6753256320953369}
Thread times [0.025586605072021484, 0.3506340980529785, 0.3516371250152588, 0.3553452491760254, 0.4749422073364258, 0.489501953125, 0.4946441650390625, 0.4994843006134033, 0.5028560161590576, 0.5033471584320068, 0.5067465305328369, 0.5088033676147461, 0.5448191165924072, 0.5424768924713135, 0.5516016483306885]
{'args': ((2, 0, slice(0, 960, None), slice(None, None, None)),), 'dataset shape': (40, 11, 1921, 2560), 'dataset chunks': (7, 1, 385, 512), 'indexing time (s)': 2.384185791015625e-06, 'chunk number': 1650, 'reduction time (s)': 0.5604290962219238, 'chunks processed': 15, 'storage read (B)': 29685482, 'selection 1 time (s)': 0.5607197284698486}
Thread times [0.035436153411865234, 0.27341747283935547, 0.2774951457977295, 0.27987241744995117, 0.36072397232055664, 0.3798236846923828, 0.4582202434539795, 0.5009841918945312, 0.6578037738800049, 0.6690158843994141, 0.6683430671691895, 0.6715331077575684, 0.6708354949951172, 0.6866159439086914, 0.6994500160217285]
{'args': ((3, 0, slice(0, 960, None), slice(None, None, None)),), 'dataset shape': (40, 11, 1921, 2560), 'dataset chunks': (7, 1, 385, 512), 'indexing time (s)': 1.9073486328125e-06, 'chunk number': 1650, 'reduction time (s)': 0.7042312622070312, 'chunks processed': 15, 'storage read (B)': 29685482, 'selection 1 time (s)': 0.7045090198516846}
Thread times [0.022920846939086914, 0.351992130279541, 0.35463404655456543, 0.3539719581604004, 0.5289838314056396, 0.532214879989624, 0.538893461227417, 0.550567626953125, 0.5487973690032959, 0.5513486862182617, 0.5498130321502686, 0.582883358001709, 0.5854930877685547, 0.5853991508483887, 0.597667932510376]
{'args': ((4, 0, slice(0, 960, None), slice(None, None, None)),), 'dataset shape': (40, 11, 1921, 2560), 'dataset chunks': (7, 1, 385, 512), 'indexing time (s)': 1.9073486328125e-06, 'chunk number': 1650, 'reduction time (s)': 0.6073915958404541, 'chunks processed': 15, 'storage read (B)': 29685482, 'selection 1 time (s)': 0.6076536178588867}
Thread times [0.024743318557739258, 0.2641561031341553, 0.2682790756225586, 0.28369855880737305, 0.3838772773742676, 0.4451732635498047, 0.49306416511535645, 0.5095736980438232, 0.6622581481933594, 0.6640794277191162, 0.6681511402130127, 0.6690454483032227, 0.6748425960540771, 0.6877832412719727, 0.6894299983978271]
{'args': ((5, 0, slice(0, 960, None), slice(None, None, None)),), 'dataset shape': (40, 11, 1921, 2560), 'dataset chunks': (7, 1, 385, 512), 'indexing time (s)': 1.9073486328125e-06, 'chunk number': 1650, 'reduction time (s)': 0.6935241222381592, 'chunks processed': 15, 'storage read (B)': 29685482, 'selection 1 time (s)': 0.6937835216522217}
Thread times [0.03262019157409668, 0.10696148872375488, 0.2076737880706787, 0.318814754486084, 0.32251834869384766, 0.32391905784606934, 0.32354307174682617, 0.37908434867858887, 0.5119762420654297, 0.5195956230163574, 0.521491289138794, 0.5259206295013428, 0.5420210361480713, 0.5368123054504395, 0.5355522632598877]
{'args': ((6, 0, slice(0, 960, None), slice(None, None, None)),), 'dataset shape': (40, 11, 1921, 2560), 'dataset chunks': (7, 1, 385, 512), 'indexing time (s)': 1.1920928955078125e-06, 'chunk number': 1650, 'reduction time (s)': 0.5468606948852539, 'chunks processed': 15, 'storage read (B)': 29685482, 'selection 1 time (s)': 0.5471079349517822}
Thread times [0.40084195137023926, 0.409684419631958, 0.4121677875518799, 0.4742162227630615, 0.5235538482666016, 0.5298736095428467, 0.532768726348877, 0.5400261878967285, 0.5398516654968262, 0.5437772274017334, 0.5501580238342285, 0.5728549957275391, 0.590219259262085, 0.592353343963623, 0.6206746101379395]
{'args': ((7, 0, slice(0, 960, None), slice(None, None, None)),), 'dataset shape': (40, 11, 1921, 2560), 'dataset chunks': (7, 1, 385, 512), 'indexing time (s)': 1.6689300537109375e-06, 'chunk number': 1650, 'reduction time (s)': 0.623929500579834, 'chunks processed': 15, 'storage read (B)': 29701892, 'selection 1 time (s)': 0.6241660118103027}
Thread times [0.02461075782775879, 0.34109020233154297, 0.3439352512359619, 0.34715867042541504, 0.40706872940063477, 0.4561121463775635, 0.4678661823272705, 0.4872763156890869, 0.5408823490142822, 0.5494537353515625, 0.5494732856750488, 0.5515387058258057, 0.5552692413330078, 0.5622367858886719, 0.5643222332000732]
{'args': ((8, 0, slice(0, 960, None), slice(None, None, None)),), 'dataset shape': (40, 11, 1921, 2560), 'dataset chunks': (7, 1, 385, 512), 'indexing time (s)': 2.1457672119140625e-06, 'chunk number': 1650, 'reduction time (s)': 0.5689010620117188, 'chunks processed': 15, 'storage read (B)': 29701892, 'selection 1 time (s)': 0.5691964626312256}
Thread times [0.026202678680419922, 0.025591373443603516, 0.023888349533081055, 0.2612893581390381, 0.27750158309936523, 0.28011488914489746, 0.3580141067504883, 0.42200231552124023, 0.4782223701477051, 0.48175692558288574, 0.4911975860595703, 0.5040061473846436, 0.5099635124206543, 0.5120258331298828, 0.5102286338806152]
{'args': ((9, 0, slice(0, 960, None), slice(None, None, None)),), 'dataset shape': (40, 11, 1921, 2560), 'dataset chunks': (7, 1, 385, 512), 'indexing time (s)': 2.384185791015625e-06, 'chunk number': 1650, 'reduction time (s)': 0.5146465301513672, 'chunks processed': 15, 'storage read (B)': 29701892, 'selection 1 time (s)': 0.5149400234222412}
Thread times [0.029000043869018555, 0.37697434425354004, 0.38690781593322754, 0.388840913772583, 0.3921372890472412, 0.43801021575927734, 0.4497661590576172, 0.4510347843170166, 0.4717395305633545, 0.473956823348999, 0.4735996723175049, 0.5143880844116211, 0.5216333866119385, 0.5241906642913818, 0.5358936786651611]
{'args': ((10, 0, slice(0, 960, None), slice(None, None, None)),), 'dataset shape': (40, 11, 1921, 2560), 'dataset chunks': (7, 1, 385, 512), 'indexing time (s)': 1.9073486328125e-06, 'chunk number': 1650, 'reduction time (s)': 0.5442266464233398, 'chunks processed': 15, 'storage read (B)': 29701892, 'selection 1 time (s)': 0.544527530670166}
Thread times [0.023444175720214844, 0.1705007553100586, 0.17400479316711426, 0.18385004997253418, 0.2084519863128662, 0.22517967224121094, 0.30286526679992676, 0.39875364303588867, 0.40321946144104004, 0.6725156307220459, 0.6955347061157227, 0.6986033916473389, 0.7075166702270508, 0.7094931602478027, 0.7094376087188721]
{'args': ((11, 0, slice(0, 960, None), slice(None, None, None)),), 'dataset shape': (40, 11, 1921, 2560), 'dataset chunks': (7, 1, 385, 512), 'indexing time (s)': 1.6689300537109375e-06, 'chunk number': 1650, 'reduction time (s)': 0.7129228115081787, 'chunks processed': 15, 'storage read (B)': 29701892, 'selection 1 time (s)': 0.7131936550140381}
Thread times [0.025168895721435547, 0.027557849884033203, 0.03422880172729492, 0.3507084846496582, 0.3574953079223633, 0.36486315727233887, 0.3739135265350342, 0.376971960067749, 0.4012606143951416, 0.40399718284606934, 0.40339136123657227, 0.41184329986572266, 0.41487646102905273, 0.5801222324371338, 0.5822081565856934]
{'args': ((12, 0, slice(0, 960, None), slice(None, None, None)),), 'dataset shape': (40, 11, 1921, 2560), 'dataset chunks': (7, 1, 385, 512), 'indexing time (s)': 1.9073486328125e-06, 'chunk number': 1650, 'reduction time (s)': 0.5901699066162109, 'chunks processed': 15, 'storage read (B)': 29701892, 'selection 1 time (s)': 0.590437650680542}
Thread times [0.024064302444458008, 0.34571003913879395, 0.3490886688232422, 0.3519871234893799, 0.3517436981201172, 0.42464113235473633, 0.42647624015808105, 0.45752859115600586, 0.535534143447876, 0.549163818359375, 0.548931360244751, 0.5598311424255371, 0.5698091983795166, 0.5711400508880615, 0.5784358978271484]
{'args': ((13, 0, slice(0, 960, None), slice(None, None, None)),), 'dataset shape': (40, 11, 1921, 2560), 'dataset chunks': (7, 1, 385, 512), 'indexing time (s)': 1.9073486328125e-06, 'chunk number': 1650, 'reduction time (s)': 0.5808801651000977, 'chunks processed': 15, 'storage read (B)': 29701892, 'selection 1 time (s)': 0.5811619758605957}
Thread times [0.22663426399230957, 0.28793764114379883, 0.5717906951904297, 0.5831515789031982, 0.5886754989624023, 0.5904953479766846, 0.605017900466919, 0.6281228065490723, 0.6423683166503906, 0.6589155197143555, 0.657102108001709, 0.6612198352813721, 0.7760002613067627, 0.7787699699401855, 0.7856426239013672]
{'args': ((14, 0, slice(0, 960, None), slice(None, None, None)),), 'dataset shape': (40, 11, 1921, 2560), 'dataset chunks': (7, 1, 385, 512), 'indexing time (s)': 1.430511474609375e-06, 'chunk number': 1650, 'reduction time (s)': 0.7894783020019531, 'chunks processed': 15, 'storage read (B)': 29733505, 'selection 1 time (s)': 0.7897489070892334}
Thread times [0.03064703941345215, 0.29075169563293457, 0.29419493675231934, 0.2965676784515381, 0.31040477752685547, 0.34131360054016113, 0.38497042655944824, 0.4065134525299072, 0.462186336517334, 0.7053210735321045, 0.7152900695800781, 0.7342250347137451, 0.7266526222229004, 0.7282266616821289, 0.7292146682739258]
{'args': ((15, 0, slice(0, 960, None), slice(None, None, None)),), 'dataset shape': (40, 11, 1921, 2560), 'dataset chunks': (7, 1, 385, 512), 'indexing time (s)': 1.1920928955078125e-06, 'chunk number': 1650, 'reduction time (s)': 0.738534688949585, 'chunks processed': 15, 'storage read (B)': 29733505, 'selection 1 time (s)': 0.7387692928314209}
Thread times [0.02646780014038086, 0.025699615478515625, 0.32080531120300293, 0.3258240222930908, 0.33239150047302246, 0.4167928695678711, 0.5055058002471924, 0.526810884475708, 0.5286519527435303, 0.534998893737793, 0.5382413864135742, 0.540280818939209, 0.5445926189422607, 0.5737688541412354, 0.5849225521087646]
{'args': ((16, 0, slice(0, 960, None), slice(None, None, None)),), 'dataset shape': (40, 11, 1921, 2560), 'dataset chunks': (7, 1, 385, 512), 'indexing time (s)': 2.384185791015625e-06, 'chunk number': 1650, 'reduction time (s)': 0.5953826904296875, 'chunks processed': 15, 'storage read (B)': 29733505, 'selection 1 time (s)': 0.5956428050994873}
Thread times [0.02291560173034668, 0.30355358123779297, 0.33267712593078613, 0.33609533309936523, 0.48812222480773926, 0.5225775241851807, 0.5292220115661621, 0.5836505889892578, 0.7341034412384033, 0.7592566013336182, 0.7619178295135498, 0.7639780044555664, 0.7690095901489258, 0.7762696743011475, 0.7784721851348877]
{'args': ((17, 0, slice(0, 960, None), slice(None, None, None)),), 'dataset shape': (40, 11, 1921, 2560), 'dataset chunks': (7, 1, 385, 512), 'indexing time (s)': 1.9073486328125e-06, 'chunk number': 1650, 'reduction time (s)': 0.7841837406158447, 'chunks processed': 15, 'storage read (B)': 29733505, 'selection 1 time (s)': 0.7844529151916504}
Thread times [0.02541637420654297, 0.3782219886779785, 0.38472747802734375, 0.3861420154571533, 0.47438716888427734, 0.5198545455932617, 0.5286469459533691, 0.5325024127960205, 0.5389177799224854, 0.5428667068481445, 0.5489315986633301, 0.5481047630310059, 0.5875139236450195, 0.5903849601745605, 0.6947157382965088]
{'args': ((18, 0, slice(0, 960, None), slice(None, None, None)),), 'dataset shape': (40, 11, 1921, 2560), 'dataset chunks': (7, 1, 385, 512), 'indexing time (s)': 1.9073486328125e-06, 'chunk number': 1650, 'reduction time (s)': 0.701775312423706, 'chunks processed': 15, 'storage read (B)': 29733505, 'selection 1 time (s)': 0.7020642757415771}
Thread times [0.023026227951049805, 0.3014209270477295, 0.30408692359924316, 0.33405137062072754, 0.3879706859588623, 0.3907597064971924, 0.4971151351928711, 0.5197341442108154, 0.804185152053833, 0.8146488666534424, 0.8159327507019043, 0.8282935619354248, 0.8321003913879395, 0.8319442272186279, 0.8305802345275879]
{'args': ((19, 0, slice(0, 960, None), slice(None, None, None)),), 'dataset shape': (40, 11, 1921, 2560), 'dataset chunks': (7, 1, 385, 512), 'indexing time (s)': 1.6689300537109375e-06, 'chunk number': 1650, 'reduction time (s)': 0.8375680446624756, 'chunks processed': 15, 'storage read (B)': 29733505, 'selection 1 time (s)': 0.8378629684448242}
Thread times [0.022979021072387695, 0.30727434158325195, 0.30449986457824707, 0.30429983139038086, 0.399899959564209, 0.48660707473754883, 0.4897339344024658, 0.6024148464202881, 0.6483669281005859, 0.659266471862793, 0.6698184013366699, 0.6756360530853271, 0.6720006465911865, 0.6797411441802979, 0.679978609085083]
{'args': ((20, 0, slice(0, 960, None), slice(None, None, None)),), 'dataset shape': (40, 11, 1921, 2560), 'dataset chunks': (7, 1, 385, 512), 'indexing time (s)': 2.1457672119140625e-06, 'chunk number': 1650, 'reduction time (s)': 0.6817009449005127, 'chunks processed': 15, 'storage read (B)': 29733505, 'selection 1 time (s)': 0.6819946765899658}
Thread times [0.2776918411254883, 0.28516244888305664, 0.2950778007507324, 0.424793004989624, 0.453397274017334, 0.4844388961791992, 0.4918794631958008, 0.4931356906890869, 0.49811792373657227, 0.501232385635376, 0.5039017200469971, 0.5063564777374268, 0.5287635326385498, 0.5650050640106201, 0.6298165321350098]
{'args': ((21, 0, slice(0, 960, None), slice(None, None, None)),), 'dataset shape': (40, 11, 1921, 2560), 'dataset chunks': (7, 1, 385, 512), 'indexing time (s)': 2.1457672119140625e-06, 'chunk number': 1650, 'reduction time (s)': 0.6402614116668701, 'chunks processed': 15, 'storage read (B)': 29686785, 'selection 1 time (s)': 0.6405632495880127}
Thread times [0.026162385940551758, 0.03485918045043945, 0.1672518253326416, 0.19254231452941895, 0.19139885902404785, 0.3266561031341553, 0.3285367488861084, 0.4712812900543213, 0.48440098762512207, 0.4853205680847168, 0.4886138439178467, 0.48688244819641113, 0.4899425506591797, 0.49956440925598145, 0.5206036567687988]
{'args': ((22, 0, slice(0, 960, None), slice(None, None, None)),), 'dataset shape': (40, 11, 1921, 2560), 'dataset chunks': (7, 1, 385, 512), 'indexing time (s)': 2.1457672119140625e-06, 'chunk number': 1650, 'reduction time (s)': 0.527061939239502, 'chunks processed': 15, 'storage read (B)': 29686785, 'selection 1 time (s)': 0.5273456573486328}
Thread times [0.024070262908935547, 0.23768234252929688, 0.24184083938598633, 0.24091410636901855, 0.43195676803588867, 0.43618059158325195, 0.46453380584716797, 0.5218892097473145, 0.5230085849761963, 0.5420215129852295, 0.5420958995819092, 0.5546290874481201, 0.5562670230865479, 0.5561785697937012, 0.5674805641174316]
{'args': ((23, 0, slice(0, 960, None), slice(None, None, None)),), 'dataset shape': (40, 11, 1921, 2560), 'dataset chunks': (7, 1, 385, 512), 'indexing time (s)': 1.9073486328125e-06, 'chunk number': 1650, 'reduction time (s)': 0.5780963897705078, 'chunks processed': 15, 'storage read (B)': 29686785, 'selection 1 time (s)': 0.578392744064331}
Thread times [0.024419069290161133, 0.3005368709564209, 0.34110283851623535, 0.3445723056793213, 0.42661237716674805, 0.4534182548522949, 0.4912846088409424, 0.5276904106140137, 0.5307049751281738, 0.5436477661132812, 0.5475845336914062, 0.5569019317626953, 0.5622696876525879, 0.5642256736755371, 0.6301467418670654]
{'args': ((24, 0, slice(0, 960, None), slice(None, None, None)),), 'dataset shape': (40, 11, 1921, 2560), 'dataset chunks': (7, 1, 385, 512), 'indexing time (s)': 1.9073486328125e-06, 'chunk number': 1650, 'reduction time (s)': 0.6392703056335449, 'chunks processed': 15, 'storage read (B)': 29686785, 'selection 1 time (s)': 0.6395459175109863}
Thread times [0.02437591552734375, 0.025938749313354492, 0.2881343364715576, 0.2909107208251953, 0.297072172164917, 0.36690354347229004, 0.39522290229797363, 0.5061042308807373, 0.5086884498596191, 0.5099432468414307, 0.5152313709259033, 0.5254991054534912, 0.5355300903320312, 0.5377168655395508, 0.5590908527374268]
{'args': ((25, 0, slice(0, 960, None), slice(None, None, None)),), 'dataset shape': (40, 11, 1921, 2560), 'dataset chunks': (7, 1, 385, 512), 'indexing time (s)': 2.1457672119140625e-06, 'chunk number': 1650, 'reduction time (s)': 0.5664231777191162, 'chunks processed': 15, 'storage read (B)': 29686785, 'selection 1 time (s)': 0.5667006969451904}
Thread times [0.023571014404296875, 0.27936315536499023, 0.2851107120513916, 0.30007123947143555, 0.3627471923828125, 0.3678755760192871, 0.49285197257995605, 0.5466926097869873, 0.5571463108062744, 0.5720901489257812, 0.5818994045257568, 0.5860552787780762, 0.5836584568023682, 0.5854032039642334, 0.5894427299499512]
{'args': ((26, 0, slice(0, 960, None), slice(None, None, None)),), 'dataset shape': (40, 11, 1921, 2560), 'dataset chunks': (7, 1, 385, 512), 'indexing time (s)': 1.430511474609375e-06, 'chunk number': 1650, 'reduction time (s)': 0.5947630405426025, 'chunks processed': 15, 'storage read (B)': 29686785, 'selection 1 time (s)': 0.595043420791626}
Thread times [0.02525472640991211, 0.03869366645812988, 0.2793898582458496, 0.28607726097106934, 0.292438268661499, 0.361724853515625, 0.3785710334777832, 0.3796558380126953, 0.4021780490875244, 0.4137551784515381, 0.4378657341003418, 0.43930840492248535, 0.45341038703918457, 0.45070576667785645, 0.5012750625610352]
{'args': ((27, 0, slice(0, 960, None), slice(None, None, None)),), 'dataset shape': (40, 11, 1921, 2560), 'dataset chunks': (7, 1, 385, 512), 'indexing time (s)': 1.6689300537109375e-06, 'chunk number': 1650, 'reduction time (s)': 0.5089972019195557, 'chunks processed': 15, 'storage read (B)': 29686785, 'selection 1 time (s)': 0.5092816352844238}
Thread times [0.17348217964172363, 0.18266558647155762, 0.1868884563446045, 0.25913310050964355, 0.38297057151794434, 0.3967568874359131, 0.4136471748352051, 0.42327380180358887, 0.4372231960296631, 0.435683012008667, 0.440720796585083, 0.44193005561828613, 0.4416928291320801, 0.4571099281311035, 0.5553793907165527]
{'args': ((28, 0, slice(0, 960, None), slice(None, None, None)),), 'dataset shape': (40, 11, 1921, 2560), 'dataset chunks': (7, 1, 385, 512), 'indexing time (s)': 1.430511474609375e-06, 'chunk number': 1650, 'reduction time (s)': 0.5890381336212158, 'chunks processed': 15, 'storage read (B)': 29670387, 'selection 1 time (s)': 0.58931565284729}
Thread times [0.031320810317993164, 0.1776411533355713, 0.1772005558013916, 0.17720270156860352, 0.2825455665588379, 0.2959885597229004, 0.2953035831451416, 0.3440585136413574, 0.35074305534362793, 0.34845757484436035, 0.3501553535461426, 0.3516223430633545, 0.3505551815032959, 0.3745405673980713, 0.3764362335205078]
{'args': ((29, 0, slice(0, 960, None), slice(None, None, None)),), 'dataset shape': (40, 11, 1921, 2560), 'dataset chunks': (7, 1, 385, 512), 'indexing time (s)': 2.384185791015625e-06, 'chunk number': 1650, 'reduction time (s)': 0.3833599090576172, 'chunks processed': 15, 'storage read (B)': 29670387, 'selection 1 time (s)': 0.38364148139953613}
Thread times [0.034877777099609375, 0.18015408515930176, 0.18932652473449707, 0.1924424171447754, 0.2832376956939697, 0.3029904365539551, 0.3118164539337158, 0.3159949779510498, 0.32802605628967285, 0.3320784568786621, 0.33289456367492676, 0.3405601978302002, 0.40976619720458984, 0.41501736640930176, 0.4947640895843506]
{'args': ((30, 0, slice(0, 960, None), slice(None, None, None)),), 'dataset shape': (40, 11, 1921, 2560), 'dataset chunks': (7, 1, 385, 512), 'indexing time (s)': 1.6689300537109375e-06, 'chunk number': 1650, 'reduction time (s)': 0.5020163059234619, 'chunks processed': 15, 'storage read (B)': 29670387, 'selection 1 time (s)': 0.5022904872894287}
Thread times [0.0318448543548584, 0.12435054779052734, 0.13499903678894043, 0.15577411651611328, 0.18648409843444824, 0.33241701126098633, 0.3350095748901367, 0.3394629955291748, 0.33826565742492676, 0.3688640594482422, 0.3755912780761719, 0.3787996768951416, 0.3913435935974121, 0.39308738708496094, 0.4024219512939453]
{'args': ((31, 0, slice(0, 960, None), slice(None, None, None)),), 'dataset shape': (40, 11, 1921, 2560), 'dataset chunks': (7, 1, 385, 512), 'indexing time (s)': 1.6689300537109375e-06, 'chunk number': 1650, 'reduction time (s)': 0.4102742671966553, 'chunks processed': 15, 'storage read (B)': 29670387, 'selection 1 time (s)': 0.41054344177246094}
Thread times [0.023702621459960938, 0.17800068855285645, 0.17547130584716797, 0.17880463600158691, 0.3490769863128662, 0.35085129737854004, 0.37759971618652344, 0.4437685012817383, 0.4473607540130615, 0.45911526679992676, 0.4635441303253174, 0.46990966796875, 0.4748854637145996, 0.47465038299560547, 0.5454285144805908]
{'args': ((32, 0, slice(0, 960, None), slice(None, None, None)),), 'dataset shape': (40, 11, 1921, 2560), 'dataset chunks': (7, 1, 385, 512), 'indexing time (s)': 1.9073486328125e-06, 'chunk number': 1650, 'reduction time (s)': 0.5545728206634521, 'chunks processed': 15, 'storage read (B)': 29670387, 'selection 1 time (s)': 0.5548336505889893}
Thread times [0.022418498992919922, 0.1728825569152832, 0.19541573524475098, 0.28467273712158203, 0.34247446060180664, 0.3751518726348877, 0.42427921295166016, 0.4286994934082031, 0.4291679859161377, 0.4374716281890869, 0.43569183349609375, 0.44173717498779297, 0.44554805755615234, 0.470731258392334, 0.48293185234069824]
{'args': ((33, 0, slice(0, 960, None), slice(None, None, None)),), 'dataset shape': (40, 11, 1921, 2560), 'dataset chunks': (7, 1, 385, 512), 'indexing time (s)': 1.1920928955078125e-06, 'chunk number': 1650, 'reduction time (s)': 0.49080848693847656, 'chunks processed': 15, 'storage read (B)': 29670387, 'selection 1 time (s)': 0.4910871982574463}
Thread times [0.022518634796142578, 0.18056106567382812, 0.19476056098937988, 0.19620323181152344, 0.3294813632965088, 0.34072303771972656, 0.3515591621398926, 0.35776257514953613, 0.35886383056640625, 0.36008787155151367, 0.36299967765808105, 0.37369418144226074, 0.4003596305847168, 0.4090843200683594, 0.471174955368042]
{'args': ((34, 0, slice(0, 960, None), slice(None, None, None)),), 'dataset shape': (40, 11, 1921, 2560), 'dataset chunks': (7, 1, 385, 512), 'indexing time (s)': 1.9073486328125e-06, 'chunk number': 1650, 'reduction time (s)': 0.48125171661376953, 'chunks processed': 15, 'storage read (B)': 29670387, 'selection 1 time (s)': 0.4815194606781006}
Thread times [0.10765910148620605, 0.13344812393188477, 0.15633416175842285, 0.1624009609222412, 0.2051222324371338, 0.23199892044067383, 0.23496580123901367, 0.24629950523376465, 0.24387764930725098, 0.34948110580444336, 0.35722899436950684, 0.5343492031097412, 0.5345613956451416, 0.5825884342193604, 0.5929789543151855]
{'args': ((35, 0, slice(0, 960, None), slice(None, None, None)),), 'dataset shape': (40, 11, 1921, 2560), 'dataset chunks': (7, 1, 385, 512), 'indexing time (s)': 2.1457672119140625e-06, 'chunk number': 1650, 'reduction time (s)': 0.600966215133667, 'chunks processed': 15, 'storage read (B)': 21287473, 'selection 1 time (s)': 0.6012508869171143}
Thread times [0.026158809661865234, 0.030554771423339844, 0.2756369113922119, 0.27655982971191406, 0.280472993850708, 0.42506909370422363, 0.45742130279541016, 0.4652881622314453, 0.5391321182250977, 0.546032190322876, 0.5486869812011719, 0.5473837852478027, 0.5454967021942139, 0.5564162731170654, 0.5543222427368164]
{'args': ((36, 0, slice(0, 960, None), slice(None, None, None)),), 'dataset shape': (40, 11, 1921, 2560), 'dataset chunks': (7, 1, 385, 512), 'indexing time (s)': 1.9073486328125e-06, 'chunk number': 1650, 'reduction time (s)': 0.5595865249633789, 'chunks processed': 15, 'storage read (B)': 21287473, 'selection 1 time (s)': 0.559852123260498}
Thread times [0.02477574348449707, 0.033365488052368164, 0.04104161262512207, 0.03542280197143555, 0.26421117782592773, 0.2762160301208496, 0.2808389663696289, 0.3143742084503174, 0.4819488525390625, 0.4811131954193115, 0.4824342727661133, 0.48793911933898926, 0.48845815658569336, 0.5011148452758789, 0.4989020824432373]
{'args': ((37, 0, slice(0, 960, None), slice(None, None, None)),), 'dataset shape': (40, 11, 1921, 2560), 'dataset chunks': (7, 1, 385, 512), 'indexing time (s)': 1.9073486328125e-06, 'chunk number': 1650, 'reduction time (s)': 0.5059375762939453, 'chunks processed': 15, 'storage read (B)': 21287473, 'selection 1 time (s)': 0.5062029361724854}
Thread times [0.03105926513671875, 0.03814983367919922, 0.27036309242248535, 0.28589487075805664, 0.2930905818939209, 0.355971097946167, 0.36255359649658203, 0.3912477493286133, 0.451892614364624, 0.4691789150238037, 0.4747192859649658, 0.4770362377166748, 0.47923898696899414, 0.482771635055542, 0.4855167865753174]
{'args': ((38, 0, slice(0, 960, None), slice(None, None, None)),), 'dataset shape': (40, 11, 1921, 2560), 'dataset chunks': (7, 1, 385, 512), 'indexing time (s)': 1.6689300537109375e-06, 'chunk number': 1650, 'reduction time (s)': 0.487743616104126, 'chunks processed': 15, 'storage read (B)': 21287473, 'selection 1 time (s)': 0.4879946708679199}
Thread times [0.021149158477783203, 0.022744417190551758, 0.029916763305664062, 0.3129265308380127, 0.3318488597869873, 0.3349461555480957, 0.38709402084350586, 0.3920893669128418, 0.3943960666656494, 0.401552677154541, 0.40381479263305664, 0.40942883491516113, 0.4263906478881836, 0.4456624984741211, 0.45621323585510254]
{'args': ((39, 0, slice(0, 960, None), slice(None, None, None)),), 'dataset shape': (40, 11, 1921, 2560), 'dataset chunks': (7, 1, 385, 512), 'indexing time (s)': 1.6689300537109375e-06, 'chunk number': 1650, 'reduction time (s)': 0.4636051654815674, 'chunks processed': 15, 'storage read (B)': 21287473, 'selection 1 time (s)': 0.46387195587158203}
[[226.07817708]
 [226.06473958]
 [225.93765625]
 [225.90807292]
 [225.91736979]
 [225.88453125]
 [225.82072917]
 [225.85440104]
 [225.98325521]
 [226.03804687]
 [226.013125  ]
 [226.02330729]
 [226.03770833]
 [226.00476563]
 [225.91765625]
 [225.94033854]
 [225.98721354]
 [225.91466146]
 [225.81242188]
 [225.81869792]
 [225.84526042]
 [225.78497396]
 [225.63648438]
 [225.55651042]
 [225.45734375]
 [225.32369792]
 [225.16328125]
 [225.07794271]
 [225.0784375 ]
 [225.10666667]
 [225.17606771]
 [225.36877604]
 [225.57911458]
 [225.69080729]
 [225.72231771]
 [225.82367188]
 [225.93658854]
 [225.96765625]
 [225.91864583]
 [225.9225    ]]
Summary:  sci6-in1:Local (T100,BS5): 0.67s,23.9s,27.64s
