Dataset loaded from S3 with s3fs and Pyfive: bnl/ch330a.pc19790301-def.nc (0.014,0.32)
Thread times [0.39306139945983887, 0.4053323268890381, 0.4107818603515625, 0.4107024669647217, 0.41042661666870117, 0.4587101936340332, 0.47325611114501953, 0.47496628761291504, 0.478473424911499, 0.4766242504119873, 0.5034313201904297, 0.8154737949371338, 0.8138489723205566, 0.8208398818969727, 0.8218586444854736]
{'load nc time': 0.3763587474822998, 'args': ((0, 0, slice(0, 960, None), slice(None, None, None)),), 'dataset shape': (40, 11, 1921, 2560), 'dataset chunks': (7, 1, 385, 512), 'indexing time (s)': 2.47432279586792, 'chunk number': 1650, 'reduction time (s)': 0.8295605182647705, 'chunks processed': 15, 'storage read (B)': 29685482, 'selection 1 time (s)': 3.3041622638702393}
Thread times [0.023072004318237305, 0.3946256637573242, 0.40124964714050293, 0.4072895050048828, 0.4088859558105469, 0.4107334613800049, 0.506676435470581, 0.5993812084197998, 0.596111536026001, 0.6056077480316162, 0.6099677085876465, 0.6175084114074707, 0.632821798324585, 0.6293277740478516, 0.6321871280670166]
{'args': ((1, 0, slice(0, 960, None), slice(None, None, None)),), 'dataset shape': (40, 11, 1921, 2560), 'dataset chunks': (7, 1, 385, 512), 'indexing time (s)': 1.9073486328125e-06, 'chunk number': 1650, 'reduction time (s)': 0.6369068622589111, 'chunks processed': 15, 'storage read (B)': 29685482, 'selection 1 time (s)': 0.6371951103210449}
Thread times [0.02638077735900879, 0.1268467903137207, 0.18209266662597656, 0.18465948104858398, 0.18083596229553223, 0.22756457328796387, 0.31806230545043945, 0.40066003799438477, 0.41616082191467285, 0.42557454109191895, 0.4338252544403076, 0.4415304660797119, 0.44181132316589355, 0.44689249992370605, 0.4441101551055908]
{'args': ((2, 0, slice(0, 960, None), slice(None, None, None)),), 'dataset shape': (40, 11, 1921, 2560), 'dataset chunks': (7, 1, 385, 512), 'indexing time (s)': 1.9073486328125e-06, 'chunk number': 1650, 'reduction time (s)': 0.4552469253540039, 'chunks processed': 15, 'storage read (B)': 29685482, 'selection 1 time (s)': 0.45554280281066895}
Thread times [0.02416372299194336, 0.37131333351135254, 0.37813615798950195, 0.3759346008300781, 0.39365124702453613, 0.40211939811706543, 0.4453165531158447, 0.4446141719818115, 0.4448089599609375, 0.44704675674438477, 0.449798583984375, 0.47934913635253906, 0.5381596088409424, 0.6101264953613281, 0.6199836730957031]
{'args': ((3, 0, slice(0, 960, None), slice(None, None, None)),), 'dataset shape': (40, 11, 1921, 2560), 'dataset chunks': (7, 1, 385, 512), 'indexing time (s)': 1.6689300537109375e-06, 'chunk number': 1650, 'reduction time (s)': 0.6284329891204834, 'chunks processed': 15, 'storage read (B)': 29685482, 'selection 1 time (s)': 0.6287238597869873}
Thread times [0.02318286895751953, 0.40026307106018066, 0.4026803970336914, 0.40613389015197754, 0.41013145446777344, 0.4198455810546875, 0.44397568702697754, 0.4671304225921631, 0.46895813941955566, 0.46584558486938477, 0.4682443141937256, 0.5340621471405029, 0.610741376876831, 0.6130445003509521, 0.617389440536499]
{'args': ((4, 0, slice(0, 960, None), slice(None, None, None)),), 'dataset shape': (40, 11, 1921, 2560), 'dataset chunks': (7, 1, 385, 512), 'indexing time (s)': 1.9073486328125e-06, 'chunk number': 1650, 'reduction time (s)': 0.6268599033355713, 'chunks processed': 15, 'storage read (B)': 29685482, 'selection 1 time (s)': 0.6271684169769287}
Thread times [0.02637004852294922, 0.1867058277130127, 0.26055097579956055, 0.3149302005767822, 0.3738839626312256, 0.38747358322143555, 0.3880739212036133, 0.5122756958007812, 0.5341637134552002, 0.5374832153320312, 0.6173815727233887, 0.625220537185669, 0.6293785572052002, 0.632803201675415, 0.632716178894043]
{'args': ((5, 0, slice(0, 960, None), slice(None, None, None)),), 'dataset shape': (40, 11, 1921, 2560), 'dataset chunks': (7, 1, 385, 512), 'indexing time (s)': 1.430511474609375e-06, 'chunk number': 1650, 'reduction time (s)': 0.6351697444915771, 'chunks processed': 15, 'storage read (B)': 29685482, 'selection 1 time (s)': 0.6354286670684814}
Thread times [0.026566743850708008, 0.03114485740661621, 0.3424830436706543, 0.36157751083374023, 0.36228442192077637, 0.36623311042785645, 0.3677699565887451, 0.4174942970275879, 0.4743032455444336, 0.4801981449127197, 0.48678135871887207, 0.48626017570495605, 0.4919703006744385, 0.5386173725128174, 0.5546894073486328]
{'args': ((6, 0, slice(0, 960, None), slice(None, None, None)),), 'dataset shape': (40, 11, 1921, 2560), 'dataset chunks': (7, 1, 385, 512), 'indexing time (s)': 1.430511474609375e-06, 'chunk number': 1650, 'reduction time (s)': 0.560612678527832, 'chunks processed': 15, 'storage read (B)': 29685482, 'selection 1 time (s)': 0.560887336730957}
Thread times [0.44324541091918945, 0.4418621063232422, 0.4494917392730713, 0.4476437568664551, 0.4579033851623535, 0.4961528778076172, 0.49706459045410156, 0.4966466426849365, 0.4993765354156494, 0.5128762722015381, 0.7384796142578125, 0.7415518760681152, 0.751349925994873, 0.7563261985778809, 0.7576737403869629]
{'args': ((7, 0, slice(0, 960, None), slice(None, None, None)),), 'dataset shape': (40, 11, 1921, 2560), 'dataset chunks': (7, 1, 385, 512), 'indexing time (s)': 1.430511474609375e-06, 'chunk number': 1650, 'reduction time (s)': 0.7623746395111084, 'chunks processed': 15, 'storage read (B)': 29701892, 'selection 1 time (s)': 0.762653112411499}
Thread times [0.02492547035217285, 0.4054255485534668, 0.4119727611541748, 0.42464232444763184, 0.4244561195373535, 0.42582273483276367, 0.460491418838501, 0.4703664779663086, 0.4771578311920166, 0.47771644592285156, 0.4775390625, 0.5501954555511475, 0.5526301860809326, 0.5598053932189941, 0.5593228340148926]
{'args': ((8, 0, slice(0, 960, None), slice(None, None, None)),), 'dataset shape': (40, 11, 1921, 2560), 'dataset chunks': (7, 1, 385, 512), 'indexing time (s)': 1.430511474609375e-06, 'chunk number': 1650, 'reduction time (s)': 0.5651862621307373, 'chunks processed': 15, 'storage read (B)': 29701892, 'selection 1 time (s)': 0.5654716491699219}
Thread times [0.02144908905029297, 0.17001128196716309, 0.24791216850280762, 0.3254563808441162, 0.3291480541229248, 0.33932042121887207, 0.3471863269805908, 0.34644436836242676, 0.37832069396972656, 0.41794657707214355, 0.41709446907043457, 0.420243501663208, 0.4203791618347168, 0.5402407646179199, 0.544727087020874]
{'args': ((9, 0, slice(0, 960, None), slice(None, None, None)),), 'dataset shape': (40, 11, 1921, 2560), 'dataset chunks': (7, 1, 385, 512), 'indexing time (s)': 2.1457672119140625e-06, 'chunk number': 1650, 'reduction time (s)': 0.5571122169494629, 'chunks processed': 15, 'storage read (B)': 29701892, 'selection 1 time (s)': 0.5573813915252686}
Thread times [0.023123502731323242, 0.26813673973083496, 0.2738075256347656, 0.2853522300720215, 0.3554549217224121, 0.38178324699401855, 0.38868045806884766, 0.4063427448272705, 0.4096660614013672, 0.41092777252197266, 0.4148437976837158, 0.44037866592407227, 0.4646425247192383, 0.5227787494659424, 0.5301516056060791]
{'args': ((10, 0, slice(0, 960, None), slice(None, None, None)),), 'dataset shape': (40, 11, 1921, 2560), 'dataset chunks': (7, 1, 385, 512), 'indexing time (s)': 1.430511474609375e-06, 'chunk number': 1650, 'reduction time (s)': 0.5350172519683838, 'chunks processed': 15, 'storage read (B)': 29701892, 'selection 1 time (s)': 0.5352704524993896}
Thread times [0.02465510368347168, 0.2833981513977051, 0.2893190383911133, 0.29367756843566895, 0.2959020137786865, 0.30057787895202637, 0.5063669681549072, 0.5135247707366943, 0.5148603916168213, 0.5135054588317871, 0.6203231811523438, 0.6212046146392822, 0.6245667934417725, 0.6257641315460205, 0.6276872158050537]
{'args': ((11, 0, slice(0, 960, None), slice(None, None, None)),), 'dataset shape': (40, 11, 1921, 2560), 'dataset chunks': (7, 1, 385, 512), 'indexing time (s)': 1.430511474609375e-06, 'chunk number': 1650, 'reduction time (s)': 0.6301908493041992, 'chunks processed': 15, 'storage read (B)': 29701892, 'selection 1 time (s)': 0.6304709911346436}
Thread times [0.026935815811157227, 0.027214527130126953, 0.03316450119018555, 0.13719654083251953, 0.1441507339477539, 0.4313676357269287, 0.4323711395263672, 0.4431166648864746, 0.45133519172668457, 0.4582633972167969, 0.47446393966674805, 0.4743669033050537, 0.47866010665893555, 0.4902613162994385, 0.48555421829223633]
{'args': ((12, 0, slice(0, 960, None), slice(None, None, None)),), 'dataset shape': (40, 11, 1921, 2560), 'dataset chunks': (7, 1, 385, 512), 'indexing time (s)': 1.1920928955078125e-06, 'chunk number': 1650, 'reduction time (s)': 0.4943046569824219, 'chunks processed': 15, 'storage read (B)': 29701892, 'selection 1 time (s)': 0.49458742141723633}
Thread times [0.022695541381835938, 0.30730462074279785, 0.3225860595703125, 0.32691431045532227, 0.32932019233703613, 0.33231234550476074, 0.4324610233306885, 0.5058860778808594, 0.5095810890197754, 0.5100946426391602, 0.5110924243927002, 0.5145647525787354, 0.5571460723876953, 0.5612537860870361, 0.5649456977844238]
{'args': ((13, 0, slice(0, 960, None), slice(None, None, None)),), 'dataset shape': (40, 11, 1921, 2560), 'dataset chunks': (7, 1, 385, 512), 'indexing time (s)': 1.1920928955078125e-06, 'chunk number': 1650, 'reduction time (s)': 0.5763928890228271, 'chunks processed': 15, 'storage read (B)': 29701892, 'selection 1 time (s)': 0.5766818523406982}
Thread times [0.0794668197631836, 0.37766456604003906, 0.3824119567871094, 0.3892946243286133, 0.394223690032959, 0.4003615379333496, 0.6453897953033447, 0.6483278274536133, 0.6506762504577637, 0.6515467166900635, 0.6548099517822266, 0.7588818073272705, 0.7608647346496582, 0.7644572257995605, 0.7630305290222168]
{'args': ((14, 0, slice(0, 960, None), slice(None, None, None)),), 'dataset shape': (40, 11, 1921, 2560), 'dataset chunks': (7, 1, 385, 512), 'indexing time (s)': 1.1920928955078125e-06, 'chunk number': 1650, 'reduction time (s)': 0.7723138332366943, 'chunks processed': 15, 'storage read (B)': 29733505, 'selection 1 time (s)': 0.7726175785064697}
Thread times [0.030201196670532227, 0.3819894790649414, 0.3911278247833252, 0.3993031978607178, 0.39971256256103516, 0.40543651580810547, 0.43455982208251953, 0.46747684478759766, 0.6577200889587402, 0.6603012084960938, 0.6904425621032715, 0.6953413486480713, 0.7071993350982666, 0.709641695022583, 0.7120993137359619]
{'args': ((15, 0, slice(0, 960, None), slice(None, None, None)),), 'dataset shape': (40, 11, 1921, 2560), 'dataset chunks': (7, 1, 385, 512), 'indexing time (s)': 1.6689300537109375e-06, 'chunk number': 1650, 'reduction time (s)': 0.7170150279998779, 'chunks processed': 15, 'storage read (B)': 29733505, 'selection 1 time (s)': 0.7173142433166504}
Thread times [0.025191545486450195, 0.32280564308166504, 0.3265361785888672, 0.3361785411834717, 0.33885765075683594, 0.33844733238220215, 0.5166037082672119, 0.5201711654663086, 0.5237548351287842, 0.5440492630004883, 0.5448815822601318, 0.6475660800933838, 0.6526021957397461, 0.6561229228973389, 0.7006189823150635]
{'args': ((16, 0, slice(0, 960, None), slice(None, None, None)),), 'dataset shape': (40, 11, 1921, 2560), 'dataset chunks': (7, 1, 385, 512), 'indexing time (s)': 1.6689300537109375e-06, 'chunk number': 1650, 'reduction time (s)': 0.7106144428253174, 'chunks processed': 15, 'storage read (B)': 29733505, 'selection 1 time (s)': 0.7109003067016602}
Thread times [0.023799657821655273, 0.28378772735595703, 0.31014418601989746, 0.3101186752319336, 0.31122469902038574, 0.30937671661376953, 0.5154244899749756, 0.5186812877655029, 0.5238504409790039, 0.5238187313079834, 0.8104143142700195, 0.8187539577484131, 0.8337016105651855, 0.8362236022949219, 0.8361339569091797]
{'args': ((17, 0, slice(0, 960, None), slice(None, None, None)),), 'dataset shape': (40, 11, 1921, 2560), 'dataset chunks': (7, 1, 385, 512), 'indexing time (s)': 1.6689300537109375e-06, 'chunk number': 1650, 'reduction time (s)': 0.839381217956543, 'chunks processed': 15, 'storage read (B)': 29733505, 'selection 1 time (s)': 0.8396763801574707}
Thread times [0.024450063705444336, 0.023170948028564453, 0.32871246337890625, 0.33582425117492676, 0.3406350612640381, 0.3433260917663574, 0.3458092212677002, 0.5634853839874268, 0.5734574794769287, 0.587165355682373, 0.5885746479034424, 0.5890693664550781, 0.5925984382629395, 0.5967631340026855, 0.6199209690093994]
{'args': ((18, 0, slice(0, 960, None), slice(None, None, None)),), 'dataset shape': (40, 11, 1921, 2560), 'dataset chunks': (7, 1, 385, 512), 'indexing time (s)': 1.1920928955078125e-06, 'chunk number': 1650, 'reduction time (s)': 0.6253664493560791, 'chunks processed': 15, 'storage read (B)': 29733505, 'selection 1 time (s)': 0.6256284713745117}
Thread times [0.03031635284423828, 0.34984564781188965, 0.35308170318603516, 0.3653244972229004, 0.3621246814727783, 0.3730597496032715, 0.6866211891174316, 0.6880087852478027, 0.6937830448150635, 0.6962826251983643, 0.7298586368560791, 0.7473948001861572, 0.7503881454467773, 0.7547495365142822, 0.7561218738555908]
{'args': ((19, 0, slice(0, 960, None), slice(None, None, None)),), 'dataset shape': (40, 11, 1921, 2560), 'dataset chunks': (7, 1, 385, 512), 'indexing time (s)': 1.430511474609375e-06, 'chunk number': 1650, 'reduction time (s)': 0.7619674205780029, 'chunks processed': 15, 'storage read (B)': 29733505, 'selection 1 time (s)': 0.762253999710083}
Thread times [0.023296356201171875, 0.023516178131103516, 0.31507015228271484, 0.3215949535369873, 0.32555341720581055, 0.3251168727874756, 0.32982659339904785, 0.5002346038818359, 0.5124070644378662, 0.5169277191162109, 0.5185112953186035, 0.5180623531341553, 0.5474421977996826, 0.5519769191741943, 0.5543856620788574]
{'args': ((20, 0, slice(0, 960, None), slice(None, None, None)),), 'dataset shape': (40, 11, 1921, 2560), 'dataset chunks': (7, 1, 385, 512), 'indexing time (s)': 1.9073486328125e-06, 'chunk number': 1650, 'reduction time (s)': 0.5628209114074707, 'chunks processed': 15, 'storage read (B)': 29733505, 'selection 1 time (s)': 0.5631000995635986}
Thread times [0.3152456283569336, 0.31769752502441406, 0.32155561447143555, 0.3315417766571045, 0.3368871212005615, 0.38500142097473145, 0.41547369956970215, 0.41515064239501953, 0.4186520576477051, 0.4205923080444336, 0.7191522121429443, 0.7339715957641602, 0.7411916255950928, 0.7440752983093262, 0.745441198348999]
{'args': ((21, 0, slice(0, 960, None), slice(None, None, None)),), 'dataset shape': (40, 11, 1921, 2560), 'dataset chunks': (7, 1, 385, 512), 'indexing time (s)': 1.1920928955078125e-06, 'chunk number': 1650, 'reduction time (s)': 0.7496554851531982, 'chunks processed': 15, 'storage read (B)': 29686785, 'selection 1 time (s)': 0.7499475479125977}
Thread times [0.02456521987915039, 0.2534642219543457, 0.26463770866394043, 0.2729310989379883, 0.27202701568603516, 0.27222561836242676, 0.3145334720611572, 0.35390663146972656, 0.3516056537628174, 0.4491569995880127, 0.5479841232299805, 0.5501899719238281, 0.5506308078765869, 0.565636396408081, 0.5676648616790771]
{'args': ((22, 0, slice(0, 960, None), slice(None, None, None)),), 'dataset shape': (40, 11, 1921, 2560), 'dataset chunks': (7, 1, 385, 512), 'indexing time (s)': 1.6689300537109375e-06, 'chunk number': 1650, 'reduction time (s)': 0.570622444152832, 'chunks processed': 15, 'storage read (B)': 29686785, 'selection 1 time (s)': 0.5709061622619629}
Thread times [0.024541378021240234, 0.025752782821655273, 0.03728318214416504, 0.19415664672851562, 0.20269227027893066, 0.20331263542175293, 0.2057797908782959, 0.20815253257751465, 0.27164244651794434, 0.35364794731140137, 0.7178261280059814, 0.7242755889892578, 0.7317790985107422, 0.7323741912841797, 0.7309091091156006]
{'args': ((23, 0, slice(0, 960, None), slice(None, None, None)),), 'dataset shape': (40, 11, 1921, 2560), 'dataset chunks': (7, 1, 385, 512), 'indexing time (s)': 1.1920928955078125e-06, 'chunk number': 1650, 'reduction time (s)': 0.7407529354095459, 'chunks processed': 15, 'storage read (B)': 29686785, 'selection 1 time (s)': 0.7409970760345459}
Thread times [0.04113483428955078, 0.22365951538085938, 0.22483372688293457, 0.23682403564453125, 0.24483656883239746, 0.2406470775604248, 0.334125280380249, 0.45326662063598633, 0.45168638229370117, 0.4533982276916504, 0.5610663890838623, 0.5807943344116211, 0.5829036235809326, 0.5860934257507324, 0.588430643081665]
{'args': ((24, 0, slice(0, 960, None), slice(None, None, None)),), 'dataset shape': (40, 11, 1921, 2560), 'dataset chunks': (7, 1, 385, 512), 'indexing time (s)': 1.430511474609375e-06, 'chunk number': 1650, 'reduction time (s)': 0.5945322513580322, 'chunks processed': 15, 'storage read (B)': 29686785, 'selection 1 time (s)': 0.5948419570922852}
Thread times [0.023789167404174805, 0.026091575622558594, 0.030194997787475586, 0.3168923854827881, 0.31980228424072266, 0.32178711891174316, 0.31713008880615234, 0.3239147663116455, 0.48305177688598633, 0.4956662654876709, 0.532454252243042, 0.5415778160095215, 0.5580229759216309, 0.5626273155212402, 0.5556862354278564]
{'args': ((25, 0, slice(0, 960, None), slice(None, None, None)),), 'dataset shape': (40, 11, 1921, 2560), 'dataset chunks': (7, 1, 385, 512), 'indexing time (s)': 1.9073486328125e-06, 'chunk number': 1650, 'reduction time (s)': 0.5645091533660889, 'chunks processed': 15, 'storage read (B)': 29686785, 'selection 1 time (s)': 0.5647761821746826}
Thread times [0.03435683250427246, 0.16704940795898438, 0.1693103313446045, 0.17866945266723633, 0.2508578300476074, 0.2526130676269531, 0.26018381118774414, 0.26201581954956055, 0.28037166595458984, 0.28563952445983887, 0.29513049125671387, 0.40090322494506836, 0.4021122455596924, 0.40738415718078613, 0.40943074226379395]
{'args': ((26, 0, slice(0, 960, None), slice(None, None, None)),), 'dataset shape': (40, 11, 1921, 2560), 'dataset chunks': (7, 1, 385, 512), 'indexing time (s)': 1.6689300537109375e-06, 'chunk number': 1650, 'reduction time (s)': 0.4165942668914795, 'chunks processed': 15, 'storage read (B)': 29686785, 'selection 1 time (s)': 0.4168868064880371}
Thread times [0.027835845947265625, 0.26010584831237793, 0.2731919288635254, 0.27593493461608887, 0.2746753692626953, 0.3265066146850586, 0.3613002300262451, 0.3910672664642334, 0.48160648345947266, 0.5233519077301025, 0.5316388607025146, 0.5407431125640869, 0.5461881160736084, 0.5484755039215088, 0.5664401054382324]
{'args': ((27, 0, slice(0, 960, None), slice(None, None, None)),), 'dataset shape': (40, 11, 1921, 2560), 'dataset chunks': (7, 1, 385, 512), 'indexing time (s)': 2.1457672119140625e-06, 'chunk number': 1650, 'reduction time (s)': 0.5711731910705566, 'chunks processed': 15, 'storage read (B)': 29686785, 'selection 1 time (s)': 0.5714361667633057}
Thread times [0.2231006622314453, 0.22709345817565918, 0.23225164413452148, 0.22986555099487305, 0.31032776832580566, 0.3183457851409912, 0.3214855194091797, 0.31814146041870117, 0.322507381439209, 0.3199782371520996, 0.3503532409667969, 0.3567953109741211, 0.36064910888671875, 0.42041850090026855, 0.43637824058532715]
{'args': ((28, 0, slice(0, 960, None), slice(None, None, None)),), 'dataset shape': (40, 11, 1921, 2560), 'dataset chunks': (7, 1, 385, 512), 'indexing time (s)': 1.6689300537109375e-06, 'chunk number': 1650, 'reduction time (s)': 0.4444549083709717, 'chunks processed': 15, 'storage read (B)': 29670387, 'selection 1 time (s)': 0.444735050201416}
Thread times [0.023042917251586914, 0.19620966911315918, 0.19807863235473633, 0.1987314224243164, 0.20282864570617676, 0.28352880477905273, 0.28385138511657715, 0.32907962799072266, 0.33768415451049805, 0.35115528106689453, 0.37691402435302734, 0.37763381004333496, 0.3800077438354492, 0.37955570220947266, 0.42279696464538574]
{'args': ((29, 0, slice(0, 960, None), slice(None, None, None)),), 'dataset shape': (40, 11, 1921, 2560), 'dataset chunks': (7, 1, 385, 512), 'indexing time (s)': 1.9073486328125e-06, 'chunk number': 1650, 'reduction time (s)': 0.43475842475891113, 'chunks processed': 15, 'storage read (B)': 29670387, 'selection 1 time (s)': 0.43503284454345703}
Thread times [0.021930694580078125, 0.15991425514221191, 0.20013809204101562, 0.1997513771057129, 0.20014691352844238, 0.27755093574523926, 0.3033604621887207, 0.31992459297180176, 0.32292604446411133, 0.3328557014465332, 0.3461487293243408, 0.34465694427490234, 0.34454846382141113, 0.35329604148864746, 0.3902571201324463]
{'args': ((30, 0, slice(0, 960, None), slice(None, None, None)),), 'dataset shape': (40, 11, 1921, 2560), 'dataset chunks': (7, 1, 385, 512), 'indexing time (s)': 2.1457672119140625e-06, 'chunk number': 1650, 'reduction time (s)': 0.3957078456878662, 'chunks processed': 15, 'storage read (B)': 29670387, 'selection 1 time (s)': 0.3959970474243164}
Thread times [0.03620600700378418, 0.21639156341552734, 0.2313098907470703, 0.23262691497802734, 0.23582243919372559, 0.26279616355895996, 0.28534412384033203, 0.2864086627960205, 0.2871134281158447, 0.2937781810760498, 0.29372191429138184, 0.32332611083984375, 0.3400881290435791, 0.425429105758667, 0.42817139625549316]
{'args': ((31, 0, slice(0, 960, None), slice(None, None, None)),), 'dataset shape': (40, 11, 1921, 2560), 'dataset chunks': (7, 1, 385, 512), 'indexing time (s)': 1.6689300537109375e-06, 'chunk number': 1650, 'reduction time (s)': 0.4385373592376709, 'chunks processed': 15, 'storage read (B)': 29670387, 'selection 1 time (s)': 0.43880772590637207}
Thread times [0.022663354873657227, 0.2354292869567871, 0.24576401710510254, 0.2532806396484375, 0.252382755279541, 0.2980308532714844, 0.29846787452697754, 0.3010518550872803, 0.32393479347229004, 0.3248875141143799, 0.32718777656555176, 0.35233044624328613, 0.5738534927368164, 0.5916953086853027, 0.5960612297058105]
{'args': ((32, 0, slice(0, 960, None), slice(None, None, None)),), 'dataset shape': (40, 11, 1921, 2560), 'dataset chunks': (7, 1, 385, 512), 'indexing time (s)': 1.430511474609375e-06, 'chunk number': 1650, 'reduction time (s)': 0.6019055843353271, 'chunks processed': 15, 'storage read (B)': 29670387, 'selection 1 time (s)': 0.6022546291351318}
Thread times [0.03424215316772461, 0.18644356727600098, 0.1851038932800293, 0.19262075424194336, 0.2032320499420166, 0.27062201499938965, 0.33760929107666016, 0.32102274894714355, 0.34793758392333984, 0.3334081172943115, 0.33447909355163574, 0.355499267578125, 0.3376436233520508, 0.40433239936828613, 0.40198183059692383]
{'args': ((33, 0, slice(0, 960, None), slice(None, None, None)),), 'dataset shape': (40, 11, 1921, 2560), 'dataset chunks': (7, 1, 385, 512), 'indexing time (s)': 3.5762786865234375e-06, 'chunk number': 1650, 'reduction time (s)': 0.4317898750305176, 'chunks processed': 15, 'storage read (B)': 29670387, 'selection 1 time (s)': 0.4321274757385254}
Thread times [0.051122188568115234, 0.18364906311035156, 0.24245405197143555, 0.2717599868774414, 0.27222466468811035, 0.27301454544067383, 0.3180510997772217, 0.32129669189453125, 0.3270120620727539, 0.3352644443511963, 0.3412010669708252, 0.3413558006286621, 0.4737429618835449, 0.4829838275909424, 0.4874916076660156]
{'args': ((34, 0, slice(0, 960, None), slice(None, None, None)),), 'dataset shape': (40, 11, 1921, 2560), 'dataset chunks': (7, 1, 385, 512), 'indexing time (s)': 1.9073486328125e-06, 'chunk number': 1650, 'reduction time (s)': 0.49596190452575684, 'chunks processed': 15, 'storage read (B)': 29670387, 'selection 1 time (s)': 0.49624133110046387}
Thread times [0.2877826690673828, 0.2955789566040039, 0.29787302017211914, 0.30811166763305664, 0.38567686080932617, 0.43715643882751465, 0.4431731700897217, 0.4456923007965088, 0.44642114639282227, 0.447934627532959, 0.4614131450653076, 0.4922902584075928, 0.6049091815948486, 0.6077818870544434, 0.6180629730224609]
{'args': ((35, 0, slice(0, 960, None), slice(None, None, None)),), 'dataset shape': (40, 11, 1921, 2560), 'dataset chunks': (7, 1, 385, 512), 'indexing time (s)': 1.9073486328125e-06, 'chunk number': 1650, 'reduction time (s)': 0.6279339790344238, 'chunks processed': 15, 'storage read (B)': 21287473, 'selection 1 time (s)': 0.6282329559326172}
Thread times [0.021758079528808594, 0.32941555976867676, 0.33772754669189453, 0.34257054328918457, 0.3458571434020996, 0.46722888946533203, 0.46948957443237305, 0.4771761894226074, 0.47751355171203613, 0.47582411766052246, 0.4937474727630615, 0.5081164836883545, 0.5133523941040039, 0.5175821781158447, 0.5415022373199463]
{'args': ((36, 0, slice(0, 960, None), slice(None, None, None)),), 'dataset shape': (40, 11, 1921, 2560), 'dataset chunks': (7, 1, 385, 512), 'indexing time (s)': 1.9073486328125e-06, 'chunk number': 1650, 'reduction time (s)': 0.5474307537078857, 'chunks processed': 15, 'storage read (B)': 21287473, 'selection 1 time (s)': 0.5477159023284912}
Thread times [0.022897958755493164, 0.17766880989074707, 0.20087695121765137, 0.2020280361175537, 0.20391392707824707, 0.30382251739501953, 0.3085355758666992, 0.30692148208618164, 0.31255650520324707, 0.4832751750946045, 0.4874143600463867, 0.49878358840942383, 0.5023458003997803, 0.5047903060913086, 0.504887580871582]
{'args': ((37, 0, slice(0, 960, None), slice(None, None, None)),), 'dataset shape': (40, 11, 1921, 2560), 'dataset chunks': (7, 1, 385, 512), 'indexing time (s)': 1.430511474609375e-06, 'chunk number': 1650, 'reduction time (s)': 0.5089008808135986, 'chunks processed': 15, 'storage read (B)': 21287473, 'selection 1 time (s)': 0.5091652870178223}
Thread times [0.026549816131591797, 0.030897140502929688, 0.3074381351470947, 0.3170630931854248, 0.3276996612548828, 0.33017587661743164, 0.32783031463623047, 0.339979887008667, 0.3372180461883545, 0.34304285049438477, 0.3513529300689697, 0.35598206520080566, 0.38667869567871094, 0.3846397399902344, 0.5141582489013672]
{'args': ((38, 0, slice(0, 960, None), slice(None, None, None)),), 'dataset shape': (40, 11, 1921, 2560), 'dataset chunks': (7, 1, 385, 512), 'indexing time (s)': 1.430511474609375e-06, 'chunk number': 1650, 'reduction time (s)': 0.5202105045318604, 'chunks processed': 15, 'storage read (B)': 21287473, 'selection 1 time (s)': 0.5204746723175049}
Thread times [0.0374455451965332, 0.22992563247680664, 0.2274787425994873, 0.2412266731262207, 0.24537110328674316, 0.32111573219299316, 0.35054540634155273, 0.3539621829986572, 0.35770082473754883, 0.5283300876617432, 0.530510425567627, 0.5524518489837646, 0.5610439777374268, 0.5616400241851807, 0.5641422271728516]
{'args': ((39, 0, slice(0, 960, None), slice(None, None, None)),), 'dataset shape': (40, 11, 1921, 2560), 'dataset chunks': (7, 1, 385, 512), 'indexing time (s)': 2.1457672119140625e-06, 'chunk number': 1650, 'reduction time (s)': 0.5669810771942139, 'chunks processed': 15, 'storage read (B)': 21287473, 'selection 1 time (s)': 0.5672574043273926}
[[226.07815104]
 [226.06476563]
 [225.93763021]
 [225.90804687]
 [225.91734375]
 [225.88455729]
 [225.82075521]
 [225.85440104]
 [225.98325521]
 [226.03807292]
 [226.01315104]
 [226.02328125]
 [226.03770833]
 [226.00476563]
 [225.91765625]
 [225.94036458]
 [225.98721354]
 [225.9146875 ]
 [225.81244792]
 [225.81869792]
 [225.84526042]
 [225.78497396]
 [225.63651042]
 [225.55651042]
 [225.45734375]
 [225.32369792]
 [225.16325521]
 [225.07794271]
 [225.0784375 ]
 [225.10664063]
 [225.17609375]
 [225.36880208]
 [225.57911458]
 [225.69078125]
 [225.72229167]
 [225.82367188]
 [225.93658854]
 [225.96765625]
 [225.91864583]
 [225.9225    ]]
Summary:  sci6-in1:Local (T100,BS5): 0.376s,23.71s,26.57s
