Dataset loaded from S3 with s3fs and Pyfive: bnl/ch330a.pc19790301-def.nc (0.016,0.47)
Thread times [0.33315372467041016, 0.34011387825012207, 0.33074283599853516, 0.3340597152709961, 0.414684534072876, 0.4341583251953125, 0.48999714851379395, 0.5614528656005859, 0.5683636665344238, 0.5658087730407715, 0.5627148151397705, 0.5934863090515137, 0.5723922252655029, 0.6059505939483643, 0.6222939491271973]
{'load nc time': 0.5472121238708496, 'args': ((0, 0, slice(0, 960, None), slice(None, None, None)),), 'dataset shape': (40, 11, 1921, 2560), 'dataset chunks': (7, 1, 385, 512), 'indexing time (s)': 2.5202817916870117, 'chunk number': 1650, 'reduction time (s)': 0.6529090404510498, 'chunks processed': 15, 'storage read (B)': 29685482, 'selection 1 time (s)': 3.1734426021575928}
Thread times [0.023276329040527344, 0.3857421875, 0.38556861877441406, 0.3857748508453369, 0.38907694816589355, 0.48201775550842285, 0.49585771560668945, 0.5017809867858887, 0.5739786624908447, 0.5823061466217041, 0.600933313369751, 0.5995059013366699, 0.6049160957336426, 0.6028010845184326, 0.6052906513214111]
{'args': ((1, 0, slice(0, 960, None), slice(None, None, None)),), 'dataset shape': (40, 11, 1921, 2560), 'dataset chunks': (7, 1, 385, 512), 'indexing time (s)': 1.6689300537109375e-06, 'chunk number': 1650, 'reduction time (s)': 0.6087274551391602, 'chunks processed': 15, 'storage read (B)': 29685482, 'selection 1 time (s)': 0.6089715957641602}
Thread times [0.02346658706665039, 0.34369349479675293, 0.35260677337646484, 0.36835408210754395, 0.36726880073547363, 0.45746755599975586, 0.4678995609283447, 0.4785165786743164, 0.4900517463684082, 0.4920985698699951, 0.4912302494049072, 0.5131969451904297, 0.6526656150817871, 0.6573512554168701, 0.6615076065063477]
{'args': ((2, 0, slice(0, 960, None), slice(None, None, None)),), 'dataset shape': (40, 11, 1921, 2560), 'dataset chunks': (7, 1, 385, 512), 'indexing time (s)': 1.430511474609375e-06, 'chunk number': 1650, 'reduction time (s)': 0.6680452823638916, 'chunks processed': 15, 'storage read (B)': 29685482, 'selection 1 time (s)': 0.6682887077331543}
Thread times [0.02407240867614746, 0.18826675415039062, 0.18717265129089355, 0.26360249519348145, 0.27727222442626953, 0.29068660736083984, 0.29128384590148926, 0.47149181365966797, 0.47423338890075684, 0.48229527473449707, 0.6414344310760498, 0.6472752094268799, 0.6560006141662598, 0.6643960475921631, 0.6691751480102539]
{'args': ((3, 0, slice(0, 960, None), slice(None, None, None)),), 'dataset shape': (40, 11, 1921, 2560), 'dataset chunks': (7, 1, 385, 512), 'indexing time (s)': 1.6689300537109375e-06, 'chunk number': 1650, 'reduction time (s)': 0.680429220199585, 'chunks processed': 15, 'storage read (B)': 29685482, 'selection 1 time (s)': 0.680699348449707}
Thread times [0.023433208465576172, 0.022882461547851562, 0.32018566131591797, 0.3253824710845947, 0.32471561431884766, 0.3337874412536621, 0.38787150382995605, 0.38599586486816406, 0.3917973041534424, 0.3945653438568115, 0.41127610206604004, 0.4092066287994385, 0.49375224113464355, 0.5092024803161621, 0.5684192180633545]
{'args': ((4, 0, slice(0, 960, None), slice(None, None, None)),), 'dataset shape': (40, 11, 1921, 2560), 'dataset chunks': (7, 1, 385, 512), 'indexing time (s)': 1.9073486328125e-06, 'chunk number': 1650, 'reduction time (s)': 0.5895702838897705, 'chunks processed': 15, 'storage read (B)': 29685482, 'selection 1 time (s)': 0.5898547172546387}
Thread times [0.022578716278076172, 0.2799217700958252, 0.2792675495147705, 0.3018362522125244, 0.3120548725128174, 0.3546915054321289, 0.35780978202819824, 0.41957902908325195, 0.42015790939331055, 0.5004522800445557, 0.50465989112854, 0.5123786926269531, 0.5161952972412109, 0.5206243991851807, 0.518505334854126]
{'args': ((5, 0, slice(0, 960, None), slice(None, None, None)),), 'dataset shape': (40, 11, 1921, 2560), 'dataset chunks': (7, 1, 385, 512), 'indexing time (s)': 1.9073486328125e-06, 'chunk number': 1650, 'reduction time (s)': 0.5447607040405273, 'chunks processed': 15, 'storage read (B)': 29685482, 'selection 1 time (s)': 0.5450565814971924}
Thread times [0.02734684944152832, 0.1350111961364746, 0.1687006950378418, 0.17519426345825195, 0.44759392738342285, 0.4541153907775879, 0.4622507095336914, 0.4651343822479248, 0.4653584957122803, 0.46863508224487305, 0.4738128185272217, 0.5260887145996094, 0.5264708995819092, 0.5281643867492676, 0.5456857681274414]
{'args': ((6, 0, slice(0, 960, None), slice(None, None, None)),), 'dataset shape': (40, 11, 1921, 2560), 'dataset chunks': (7, 1, 385, 512), 'indexing time (s)': 1.430511474609375e-06, 'chunk number': 1650, 'reduction time (s)': 0.5540428161621094, 'chunks processed': 15, 'storage read (B)': 29685482, 'selection 1 time (s)': 0.5543217658996582}
Thread times [0.3300337791442871, 0.34443163871765137, 0.3487701416015625, 0.3482980728149414, 0.3503000736236572, 0.3536999225616455, 0.4107666015625, 0.47894930839538574, 0.4950730800628662, 0.4973015785217285, 0.49889636039733887, 0.6869335174560547, 0.6891336441040039, 0.6890182495117188, 0.6907386779785156]
{'args': ((7, 0, slice(0, 960, None), slice(None, None, None)),), 'dataset shape': (40, 11, 1921, 2560), 'dataset chunks': (7, 1, 385, 512), 'indexing time (s)': 1.1920928955078125e-06, 'chunk number': 1650, 'reduction time (s)': 0.6948108673095703, 'chunks processed': 15, 'storage read (B)': 29701892, 'selection 1 time (s)': 0.6950805187225342}
Thread times [0.0223543643951416, 0.2967214584350586, 0.3027346134185791, 0.3058474063873291, 0.30971789360046387, 0.3857855796813965, 0.3898894786834717, 0.423093318939209, 0.4957268238067627, 0.5024936199188232, 0.5059454441070557, 0.5149121284484863, 0.5229721069335938, 0.5321199893951416, 0.5321431159973145]
{'args': ((8, 0, slice(0, 960, None), slice(None, None, None)),), 'dataset shape': (40, 11, 1921, 2560), 'dataset chunks': (7, 1, 385, 512), 'indexing time (s)': 1.6689300537109375e-06, 'chunk number': 1650, 'reduction time (s)': 0.538205623626709, 'chunks processed': 15, 'storage read (B)': 29701892, 'selection 1 time (s)': 0.5385079383850098}
Thread times [0.023136377334594727, 0.026336669921875, 0.02419567108154297, 0.3014397621154785, 0.30274200439453125, 0.3125784397125244, 0.3153698444366455, 0.4670407772064209, 0.478726863861084, 0.48253750801086426, 0.48854613304138184, 0.4856891632080078, 0.48975157737731934, 0.5501883029937744, 0.5668978691101074]
{'args': ((9, 0, slice(0, 960, None), slice(None, None, None)),), 'dataset shape': (40, 11, 1921, 2560), 'dataset chunks': (7, 1, 385, 512), 'indexing time (s)': 1.6689300537109375e-06, 'chunk number': 1650, 'reduction time (s)': 0.5776371955871582, 'chunks processed': 15, 'storage read (B)': 29701892, 'selection 1 time (s)': 0.577878475189209}
Thread times [0.02349567413330078, 0.3885984420776367, 0.4093315601348877, 0.4150574207305908, 0.4143078327178955, 0.41924476623535156, 0.45273423194885254, 0.45743274688720703, 0.46047186851501465, 0.4686155319213867, 0.46913647651672363, 0.4733598232269287, 0.49625563621520996, 0.5032696723937988, 0.5483894348144531]
{'args': ((10, 0, slice(0, 960, None), slice(None, None, None)),), 'dataset shape': (40, 11, 1921, 2560), 'dataset chunks': (7, 1, 385, 512), 'indexing time (s)': 1.1920928955078125e-06, 'chunk number': 1650, 'reduction time (s)': 0.5568912029266357, 'chunks processed': 15, 'storage read (B)': 29701892, 'selection 1 time (s)': 0.5571613311767578}
Thread times [0.030147075653076172, 0.3569936752319336, 0.357558012008667, 0.3610353469848633, 0.3720414638519287, 0.375028133392334, 0.5223653316497803, 0.5274322032928467, 0.5423314571380615, 0.5457971096038818, 0.5479142665863037, 0.6935935020446777, 0.698091983795166, 0.7092680931091309, 0.7118611335754395]
{'args': ((11, 0, slice(0, 960, None), slice(None, None, None)),), 'dataset shape': (40, 11, 1921, 2560), 'dataset chunks': (7, 1, 385, 512), 'indexing time (s)': 1.9073486328125e-06, 'chunk number': 1650, 'reduction time (s)': 0.715721845626831, 'chunks processed': 15, 'storage read (B)': 29701892, 'selection 1 time (s)': 0.7160065174102783}
Thread times [0.02433919906616211, 0.310211181640625, 0.31077122688293457, 0.32257938385009766, 0.31923675537109375, 0.32695984840393066, 0.49858593940734863, 0.50050950050354, 0.5070421695709229, 0.5088744163513184, 0.5389809608459473, 0.5592527389526367, 0.5614807605743408, 0.5592963695526123, 0.5704376697540283]
{'args': ((12, 0, slice(0, 960, None), slice(None, None, None)),), 'dataset shape': (40, 11, 1921, 2560), 'dataset chunks': (7, 1, 385, 512), 'indexing time (s)': 1.6689300537109375e-06, 'chunk number': 1650, 'reduction time (s)': 0.5767152309417725, 'chunks processed': 15, 'storage read (B)': 29701892, 'selection 1 time (s)': 0.5769903659820557}
Thread times [0.02945232391357422, 0.03607034683227539, 0.03197455406188965, 0.26360321044921875, 0.2640564441680908, 0.2806258201599121, 0.28047752380371094, 0.2881178855895996, 0.2898392677307129, 0.3136889934539795, 0.3212277889251709, 0.3249659538269043, 0.3335742950439453, 0.3691730499267578, 0.4273192882537842]
{'args': ((13, 0, slice(0, 960, None), slice(None, None, None)),), 'dataset shape': (40, 11, 1921, 2560), 'dataset chunks': (7, 1, 385, 512), 'indexing time (s)': 1.1920928955078125e-06, 'chunk number': 1650, 'reduction time (s)': 0.4351327419281006, 'chunks processed': 15, 'storage read (B)': 29701892, 'selection 1 time (s)': 0.4354135990142822}
Thread times [0.4152946472167969, 0.42942237854003906, 0.4390377998352051, 0.44117069244384766, 0.4036388397216797, 0.5167815685272217, 0.5412719249725342, 0.5476009845733643, 0.5039546489715576, 0.5057885646820068, 0.5239758491516113, 0.8308858871459961, 0.8333005905151367, 0.840543270111084, 0.8429505825042725]
{'args': ((14, 0, slice(0, 960, None), slice(None, None, None)),), 'dataset shape': (40, 11, 1921, 2560), 'dataset chunks': (7, 1, 385, 512), 'indexing time (s)': 1.9073486328125e-06, 'chunk number': 1650, 'reduction time (s)': 0.8974959850311279, 'chunks processed': 15, 'storage read (B)': 29733505, 'selection 1 time (s)': 0.8977642059326172}
Thread times [0.023680448532104492, 0.2946803569793701, 0.33872032165527344, 0.34163784980773926, 0.34778666496276855, 0.3534739017486572, 0.359480619430542, 0.4561948776245117, 0.464526891708374, 0.46448278427124023, 0.4729475975036621, 0.47466349601745605, 0.6199486255645752, 0.6251583099365234, 0.6339588165283203]
{'args': ((15, 0, slice(0, 960, None), slice(None, None, None)),), 'dataset shape': (40, 11, 1921, 2560), 'dataset chunks': (7, 1, 385, 512), 'indexing time (s)': 1.9073486328125e-06, 'chunk number': 1650, 'reduction time (s)': 0.6418120861053467, 'chunks processed': 15, 'storage read (B)': 29733505, 'selection 1 time (s)': 0.642061710357666}
Thread times [0.02570176124572754, 0.4375486373901367, 0.44085025787353516, 0.44719982147216797, 0.4441802501678467, 0.45949578285217285, 0.49599647521972656, 0.5132632255554199, 0.5167217254638672, 0.5177872180938721, 0.5162520408630371, 0.7815649509429932, 0.7929048538208008, 0.7983317375183105, 0.7969856262207031]
{'args': ((16, 0, slice(0, 960, None), slice(None, None, None)),), 'dataset shape': (40, 11, 1921, 2560), 'dataset chunks': (7, 1, 385, 512), 'indexing time (s)': 9.5367431640625e-07, 'chunk number': 1650, 'reduction time (s)': 0.8075239658355713, 'chunks processed': 15, 'storage read (B)': 29733505, 'selection 1 time (s)': 0.8077540397644043}
Thread times [0.026219844818115234, 0.41539907455444336, 0.41521716117858887, 0.4176902770996094, 0.41640806198120117, 0.41742777824401855, 0.5903928279876709, 0.6090080738067627, 0.6134791374206543, 0.6115677356719971, 0.6149799823760986, 0.6762139797210693, 0.6793768405914307, 0.6826639175415039, 0.6900029182434082]
{'args': ((17, 0, slice(0, 960, None), slice(None, None, None)),), 'dataset shape': (40, 11, 1921, 2560), 'dataset chunks': (7, 1, 385, 512), 'indexing time (s)': 1.430511474609375e-06, 'chunk number': 1650, 'reduction time (s)': 0.6981303691864014, 'chunks processed': 15, 'storage read (B)': 29733505, 'selection 1 time (s)': 0.6983773708343506}
Thread times [0.026079177856445312, 0.32651495933532715, 0.33080053329467773, 0.32906270027160645, 0.32729625701904297, 0.4051370620727539, 0.44673943519592285, 0.49767017364501953, 0.552499532699585, 0.5541291236877441, 0.6420009136199951, 0.6475846767425537, 0.6521322727203369, 0.6572279930114746, 0.6639750003814697]
{'args': ((18, 0, slice(0, 960, None), slice(None, None, None)),), 'dataset shape': (40, 11, 1921, 2560), 'dataset chunks': (7, 1, 385, 512), 'indexing time (s)': 2.1457672119140625e-06, 'chunk number': 1650, 'reduction time (s)': 0.6709415912628174, 'chunks processed': 15, 'storage read (B)': 29733505, 'selection 1 time (s)': 0.6712048053741455}
Thread times [0.025902509689331055, 0.02746725082397461, 0.37363696098327637, 0.39545178413391113, 0.3936610221862793, 0.3941495418548584, 0.3939807415008545, 0.5927751064300537, 0.6000456809997559, 0.6011068820953369, 0.6740481853485107, 0.6793968677520752, 0.6773624420166016, 0.6814792156219482, 0.6821122169494629]
{'args': ((19, 0, slice(0, 960, None), slice(None, None, None)),), 'dataset shape': (40, 11, 1921, 2560), 'dataset chunks': (7, 1, 385, 512), 'indexing time (s)': 2.1457672119140625e-06, 'chunk number': 1650, 'reduction time (s)': 0.691258430480957, 'chunks processed': 15, 'storage read (B)': 29733505, 'selection 1 time (s)': 0.6915159225463867}
Thread times [0.029656171798706055, 0.4442727565765381, 0.45848894119262695, 0.4604496955871582, 0.46468019485473633, 0.4647183418273926, 0.5203068256378174, 0.5274500846862793, 0.5352399349212646, 0.5361268520355225, 0.5434510707855225, 0.6363003253936768, 0.6435592174530029, 0.6451654434204102, 0.6468002796173096]
{'args': ((20, 0, slice(0, 960, None), slice(None, None, None)),), 'dataset shape': (40, 11, 1921, 2560), 'dataset chunks': (7, 1, 385, 512), 'indexing time (s)': 1.9073486328125e-06, 'chunk number': 1650, 'reduction time (s)': 0.6553390026092529, 'chunks processed': 15, 'storage read (B)': 29733505, 'selection 1 time (s)': 0.655573844909668}
Thread times [0.278918981552124, 0.28319358825683594, 0.2869997024536133, 0.2929718494415283, 0.29215550422668457, 0.371856689453125, 0.47440552711486816, 0.48328351974487305, 0.48946166038513184, 0.4941284656524658, 0.49561524391174316, 0.6585049629211426, 0.6716997623443604, 0.6727828979492188, 0.681938886642456]
{'args': ((21, 0, slice(0, 960, None), slice(None, None, None)),), 'dataset shape': (40, 11, 1921, 2560), 'dataset chunks': (7, 1, 385, 512), 'indexing time (s)': 2.1457672119140625e-06, 'chunk number': 1650, 'reduction time (s)': 0.6900591850280762, 'chunks processed': 15, 'storage read (B)': 29686785, 'selection 1 time (s)': 0.6903383731842041}
Thread times [0.025190353393554688, 0.23075461387634277, 0.23405790328979492, 0.2541165351867676, 0.25543212890625, 0.36005568504333496, 0.3658595085144043, 0.4534616470336914, 0.45340466499328613, 0.498995304107666, 0.4984560012817383, 0.5083320140838623, 0.5215046405792236, 0.5231621265411377, 0.5227968692779541]
{'args': ((22, 0, slice(0, 960, None), slice(None, None, None)),), 'dataset shape': (40, 11, 1921, 2560), 'dataset chunks': (7, 1, 385, 512), 'indexing time (s)': 2.6226043701171875e-06, 'chunk number': 1650, 'reduction time (s)': 0.5275137424468994, 'chunks processed': 15, 'storage read (B)': 29686785, 'selection 1 time (s)': 0.5277867317199707}
Thread times [0.026683568954467773, 0.03046727180480957, 0.44814181327819824, 0.46796393394470215, 0.47252988815307617, 0.4775094985961914, 0.4844024181365967, 0.4810657501220703, 0.5090813636779785, 0.5114755630493164, 0.5136244297027588, 0.5273416042327881, 0.5494873523712158, 0.6171929836273193, 0.6483249664306641]
{'args': ((23, 0, slice(0, 960, None), slice(None, None, None)),), 'dataset shape': (40, 11, 1921, 2560), 'dataset chunks': (7, 1, 385, 512), 'indexing time (s)': 1.6689300537109375e-06, 'chunk number': 1650, 'reduction time (s)': 0.658095121383667, 'chunks processed': 15, 'storage read (B)': 29686785, 'selection 1 time (s)': 0.6585733890533447}
Thread times [0.02408432960510254, 0.298846960067749, 0.30537891387939453, 0.3158891201019287, 0.32172393798828125, 0.3940610885620117, 0.4127616882324219, 0.4210784435272217, 0.4215524196624756, 0.4284548759460449, 0.44403076171875, 0.4456052780151367, 0.46752142906188965, 0.4716458320617676, 0.483259916305542]
{'args': ((24, 0, slice(0, 960, None), slice(None, None, None)),), 'dataset shape': (40, 11, 1921, 2560), 'dataset chunks': (7, 1, 385, 512), 'indexing time (s)': 2.1457672119140625e-06, 'chunk number': 1650, 'reduction time (s)': 0.48836636543273926, 'chunks processed': 15, 'storage read (B)': 29686785, 'selection 1 time (s)': 0.48862767219543457}
Thread times [0.023539304733276367, 0.0319674015045166, 0.2696568965911865, 0.2796003818511963, 0.28589606285095215, 0.28662109375, 0.3640010356903076, 0.3712952136993408, 0.3765742778778076, 0.4021170139312744, 0.408588171005249, 0.4595372676849365, 0.46838855743408203, 0.47804903984069824, 0.48700857162475586]
{'args': ((25, 0, slice(0, 960, None), slice(None, None, None)),), 'dataset shape': (40, 11, 1921, 2560), 'dataset chunks': (7, 1, 385, 512), 'indexing time (s)': 2.1457672119140625e-06, 'chunk number': 1650, 'reduction time (s)': 0.4939699172973633, 'chunks processed': 15, 'storage read (B)': 29686785, 'selection 1 time (s)': 0.49425339698791504}
Thread times [0.023993492126464844, 0.16274333000183105, 0.357349157333374, 0.3730344772338867, 0.3781297206878662, 0.38489294052124023, 0.4408457279205322, 0.4489574432373047, 0.45162177085876465, 0.4554636478424072, 0.4672539234161377, 0.47449183464050293, 0.48299217224121094, 0.5467889308929443, 0.5853977203369141]
{'args': ((26, 0, slice(0, 960, None), slice(None, None, None)),), 'dataset shape': (40, 11, 1921, 2560), 'dataset chunks': (7, 1, 385, 512), 'indexing time (s)': 1.9073486328125e-06, 'chunk number': 1650, 'reduction time (s)': 0.5944695472717285, 'chunks processed': 15, 'storage read (B)': 29686785, 'selection 1 time (s)': 0.5947589874267578}
Thread times [0.023346900939941406, 0.02515888214111328, 0.21243524551391602, 0.2365264892578125, 0.23359966278076172, 0.23861265182495117, 0.3253355026245117, 0.4659402370452881, 0.46619272232055664, 0.6965131759643555, 0.6983993053436279, 0.7033236026763916, 0.7064609527587891, 0.7192392349243164, 0.7183895111083984]
{'args': ((27, 0, slice(0, 960, None), slice(None, None, None)),), 'dataset shape': (40, 11, 1921, 2560), 'dataset chunks': (7, 1, 385, 512), 'indexing time (s)': 2.1457672119140625e-06, 'chunk number': 1650, 'reduction time (s)': 0.7224032878875732, 'chunks processed': 15, 'storage read (B)': 29686785, 'selection 1 time (s)': 0.7226922512054443}
Thread times [0.21123433113098145, 0.21483159065246582, 0.22342681884765625, 0.2292642593383789, 0.2944977283477783, 0.3025386333465576, 0.3179190158843994, 0.32523441314697266, 0.3267812728881836, 0.3230745792388916, 0.42413759231567383, 0.4283313751220703, 0.44208669662475586, 0.44176650047302246, 0.4441537857055664]
{'args': ((28, 0, slice(0, 960, None), slice(None, None, None)),), 'dataset shape': (40, 11, 1921, 2560), 'dataset chunks': (7, 1, 385, 512), 'indexing time (s)': 2.384185791015625e-06, 'chunk number': 1650, 'reduction time (s)': 0.45475196838378906, 'chunks processed': 15, 'storage read (B)': 29670387, 'selection 1 time (s)': 0.45505452156066895}
Thread times [0.02281785011291504, 0.17667484283447266, 0.17942070960998535, 0.18080449104309082, 0.18185830116271973, 0.2433772087097168, 0.2672739028930664, 0.2723424434661865, 0.27710843086242676, 0.2725050449371338, 0.28148722648620605, 0.31061673164367676, 0.33303236961364746, 0.3412647247314453, 0.34475111961364746]
{'args': ((29, 0, slice(0, 960, None), slice(None, None, None)),), 'dataset shape': (40, 11, 1921, 2560), 'dataset chunks': (7, 1, 385, 512), 'indexing time (s)': 1.6689300537109375e-06, 'chunk number': 1650, 'reduction time (s)': 0.35712194442749023, 'chunks processed': 15, 'storage read (B)': 29670387, 'selection 1 time (s)': 0.35739874839782715}
Thread times [0.02288031578063965, 0.12335395812988281, 0.16404342651367188, 0.203078031539917, 0.20351457595825195, 0.2042837142944336, 0.23050642013549805, 0.2323291301727295, 0.25139927864074707, 0.33441996574401855, 0.3419957160949707, 0.37133049964904785, 0.3770732879638672, 0.40797901153564453, 0.4147641658782959]
{'args': ((30, 0, slice(0, 960, None), slice(None, None, None)),), 'dataset shape': (40, 11, 1921, 2560), 'dataset chunks': (7, 1, 385, 512), 'indexing time (s)': 2.1457672119140625e-06, 'chunk number': 1650, 'reduction time (s)': 0.4216187000274658, 'chunks processed': 15, 'storage read (B)': 29670387, 'selection 1 time (s)': 0.42191553115844727}
Thread times [0.023384571075439453, 0.21271133422851562, 0.21466660499572754, 0.22362208366394043, 0.2284247875213623, 0.23429656028747559, 0.2632138729095459, 0.27714109420776367, 0.27784204483032227, 0.2781665325164795, 0.2793116569519043, 0.5398478507995605, 0.5401749610900879, 0.5412631034851074, 0.5432112216949463]
{'args': ((31, 0, slice(0, 960, None), slice(None, None, None)),), 'dataset shape': (40, 11, 1921, 2560), 'dataset chunks': (7, 1, 385, 512), 'indexing time (s)': 2.384185791015625e-06, 'chunk number': 1650, 'reduction time (s)': 0.5489065647125244, 'chunks processed': 15, 'storage read (B)': 29670387, 'selection 1 time (s)': 0.5491983890533447}
Thread times [0.022624492645263672, 0.12473130226135254, 0.24536585807800293, 0.24896860122680664, 0.258237361907959, 0.25916028022766113, 0.2676987648010254, 0.2646169662475586, 0.27370309829711914, 0.2822840213775635, 0.28226757049560547, 0.32485127449035645, 0.35814666748046875, 0.4352266788482666, 0.4386863708496094]
{'args': ((32, 0, slice(0, 960, None), slice(None, None, None)),), 'dataset shape': (40, 11, 1921, 2560), 'dataset chunks': (7, 1, 385, 512), 'indexing time (s)': 2.1457672119140625e-06, 'chunk number': 1650, 'reduction time (s)': 0.44683384895324707, 'chunks processed': 15, 'storage read (B)': 29670387, 'selection 1 time (s)': 0.44710850715637207}
Thread times [0.030117034912109375, 0.18498015403747559, 0.18789219856262207, 0.19977402687072754, 0.20093631744384766, 0.20281600952148438, 0.31073760986328125, 0.31134772300720215, 0.32671499252319336, 0.32746028900146484, 0.32962751388549805, 0.3812103271484375, 0.3831474781036377, 0.39011168479919434, 0.3964989185333252]
{'args': ((33, 0, slice(0, 960, None), slice(None, None, None)),), 'dataset shape': (40, 11, 1921, 2560), 'dataset chunks': (7, 1, 385, 512), 'indexing time (s)': 1.6689300537109375e-06, 'chunk number': 1650, 'reduction time (s)': 0.4029209613800049, 'chunks processed': 15, 'storage read (B)': 29670387, 'selection 1 time (s)': 0.40320372581481934}
Thread times [0.035907745361328125, 0.1791994571685791, 0.18604016304016113, 0.23540830612182617, 0.23669123649597168, 0.24775266647338867, 0.25106191635131836, 0.2779982089996338, 0.2907907962799072, 0.29457902908325195, 0.2954740524291992, 0.3282129764556885, 0.332658052444458, 0.37853026390075684, 0.38306593894958496]
{'args': ((34, 0, slice(0, 960, None), slice(None, None, None)),), 'dataset shape': (40, 11, 1921, 2560), 'dataset chunks': (7, 1, 385, 512), 'indexing time (s)': 1.1920928955078125e-06, 'chunk number': 1650, 'reduction time (s)': 0.3887827396392822, 'chunks processed': 15, 'storage read (B)': 29670387, 'selection 1 time (s)': 0.3890690803527832}
Thread times [0.2999391555786133, 0.30576324462890625, 0.3039119243621826, 0.3055229187011719, 0.30741190910339355, 0.437389612197876, 0.44850921630859375, 0.4520106315612793, 0.4498474597930908, 0.4582550525665283, 0.4578425884246826, 0.46146082878112793, 0.46716761589050293, 0.4988114833831787, 0.5242438316345215]
{'args': ((35, 0, slice(0, 960, None), slice(None, None, None)),), 'dataset shape': (40, 11, 1921, 2560), 'dataset chunks': (7, 1, 385, 512), 'indexing time (s)': 1.9073486328125e-06, 'chunk number': 1650, 'reduction time (s)': 0.5287032127380371, 'chunks processed': 15, 'storage read (B)': 21287473, 'selection 1 time (s)': 0.5289747714996338}
Thread times [0.027811765670776367, 0.2609419822692871, 0.2644016742706299, 0.2654905319213867, 0.2660846710205078, 0.2684953212738037, 0.3200962543487549, 0.32619619369506836, 0.3336660861968994, 0.34108519554138184, 0.44010424613952637, 0.44266557693481445, 0.44258737564086914, 0.4515562057495117, 0.456392765045166]
{'args': ((36, 0, slice(0, 960, None), slice(None, None, None)),), 'dataset shape': (40, 11, 1921, 2560), 'dataset chunks': (7, 1, 385, 512), 'indexing time (s)': 1.6689300537109375e-06, 'chunk number': 1650, 'reduction time (s)': 0.46062445640563965, 'chunks processed': 15, 'storage read (B)': 21287473, 'selection 1 time (s)': 0.460890531539917}
Thread times [0.023340225219726562, 0.02420353889465332, 0.3108391761779785, 0.32154202461242676, 0.3240776062011719, 0.32523250579833984, 0.3355989456176758, 0.38297271728515625, 0.3915402889251709, 0.3938567638397217, 0.39372730255126953, 0.3935520648956299, 0.41518735885620117, 0.4932558536529541, 0.5029797554016113]
{'args': ((37, 0, slice(0, 960, None), slice(None, None, None)),), 'dataset shape': (40, 11, 1921, 2560), 'dataset chunks': (7, 1, 385, 512), 'indexing time (s)': 1.430511474609375e-06, 'chunk number': 1650, 'reduction time (s)': 0.5111308097839355, 'chunks processed': 15, 'storage read (B)': 21287473, 'selection 1 time (s)': 0.5114130973815918}
Thread times [0.022737979888916016, 0.20319199562072754, 0.20494389533996582, 0.2119584083557129, 0.22192001342773438, 0.22598791122436523, 0.3210914134979248, 0.32488536834716797, 0.3257572650909424, 0.32924771308898926, 0.39055895805358887, 0.3962070941925049, 0.4039773941040039, 0.41014528274536133, 0.4123532772064209]
{'args': ((38, 0, slice(0, 960, None), slice(None, None, None)),), 'dataset shape': (40, 11, 1921, 2560), 'dataset chunks': (7, 1, 385, 512), 'indexing time (s)': 1.430511474609375e-06, 'chunk number': 1650, 'reduction time (s)': 0.4156222343444824, 'chunks processed': 15, 'storage read (B)': 21287473, 'selection 1 time (s)': 0.41591477394104004}
Thread times [0.02315974235534668, 0.02985405921936035, 0.0374608039855957, 0.24812746047973633, 0.2484874725341797, 0.2514181137084961, 0.2562735080718994, 0.2561988830566406, 0.38960814476013184, 0.3975636959075928, 0.3974010944366455, 0.4210810661315918, 0.43017578125, 0.46905946731567383, 0.47159242630004883]
{'args': ((39, 0, slice(0, 960, None), slice(None, None, None)),), 'dataset shape': (40, 11, 1921, 2560), 'dataset chunks': (7, 1, 385, 512), 'indexing time (s)': 1.9073486328125e-06, 'chunk number': 1650, 'reduction time (s)': 0.4790055751800537, 'chunks processed': 15, 'storage read (B)': 21287473, 'selection 1 time (s)': 0.47928929328918457}
[[226.07815104]
 [226.06473958]
 [225.93765625]
 [225.90807292]
 [225.91739583]
 [225.88453125]
 [225.82075521]
 [225.85440104]
 [225.98325521]
 [226.03804687]
 [226.01315104]
 [226.02330729]
 [226.03768229]
 [226.00479167]
 [225.91765625]
 [225.94033854]
 [225.98721354]
 [225.9146875 ]
 [225.81242188]
 [225.81869792]
 [225.84526042]
 [225.78497396]
 [225.63648438]
 [225.55653646]
 [225.45734375]
 [225.32369792]
 [225.16325521]
 [225.07794271]
 [225.07846354]
 [225.10664063]
 [225.17606771]
 [225.36877604]
 [225.57911458]
 [225.69080729]
 [225.72231771]
 [225.82367188]
 [225.93658854]
 [225.96765625]
 [225.91864583]
 [225.9225    ]]
Summary:  sci6-in1:Local (T100,BS5): 0.547s,23.05s,26.13s
