Dataset loaded from S3 with s3fs and Pyfive: bnl/ch330a.pc19790301-def.nc (0.54,0.49)
Thread times [0.10199451446533203, 0.08591580390930176, 0.2272021770477295, 0.12623381614685059, 0.0972907543182373, 0.236464262008667, 0.22443151473999023, 0.22568964958190918, 0.20978665351867676, 0.0922081470489502, 0.12930798530578613, 0.18889451026916504, 0.18570542335510254, 0.12798786163330078, 0.10395264625549316]
{'load nc time': 1.090907335281372, 'args': ((0, 0, slice(0, 960, None), slice(None, None, None)),), 'dataset shape': (40, 11, 1921, 2560), 'dataset chunks': (7, 1, 385, 512), 'indexing time (s)': 2.8354713916778564, 'chunk number': 1650, 'reduction time (s)': 2.3645169734954834, 'chunks processed': 15, 'storage read (B)': 29685482, 'selection 1 time (s)': 5.2002222537994385}
Thread times [0.09829282760620117, 0.09316802024841309, 0.21512532234191895, 0.11887192726135254, 0.10250043869018555, 0.26077795028686523, 0.08570432662963867, 0.2056281566619873, 0.20163917541503906, 0.10072517395019531, 0.13732337951660156, 0.18838739395141602, 0.19860053062438965, 0.08549618721008301, 0.0991826057434082]
{'args': ((1, 0, slice(0, 960, None), slice(None, None, None)),), 'dataset shape': (40, 11, 1921, 2560), 'dataset chunks': (7, 1, 385, 512), 'indexing time (s)': 1.9073486328125e-06, 'chunk number': 1650, 'reduction time (s)': 2.1927056312561035, 'chunks processed': 15, 'storage read (B)': 29685482, 'selection 1 time (s)': 2.192951202392578}
Thread times [0.09620261192321777, 0.12485027313232422, 0.20479536056518555, 0.0760653018951416, 0.0750572681427002, 0.18805313110351562, 0.08437585830688477, 0.21128225326538086, 0.25249695777893066, 0.13583898544311523, 0.11981654167175293, 0.1823711395263672, 0.18467140197753906, 0.08674335479736328, 0.09473013877868652]
{'args': ((2, 0, slice(0, 960, None), slice(None, None, None)),), 'dataset shape': (40, 11, 1921, 2560), 'dataset chunks': (7, 1, 385, 512), 'indexing time (s)': 1.430511474609375e-06, 'chunk number': 1650, 'reduction time (s)': 2.1186633110046387, 'chunks processed': 15, 'storage read (B)': 29685482, 'selection 1 time (s)': 2.1188571453094482}
Thread times [0.09893059730529785, 0.12348675727844238, 0.23074913024902344, 0.09115767478942871, 0.14319729804992676, 0.2250232696533203, 0.08711647987365723, 0.21683478355407715, 0.19713497161865234, 0.09720206260681152, 0.14288115501403809, 0.1946861743927002, 0.20795631408691406, 0.08439373970031738, 0.17252779006958008]
{'args': ((3, 0, slice(0, 960, None), slice(None, None, None)),), 'dataset shape': (40, 11, 1921, 2560), 'dataset chunks': (7, 1, 385, 512), 'indexing time (s)': 9.5367431640625e-07, 'chunk number': 1650, 'reduction time (s)': 2.3147053718566895, 'chunks processed': 15, 'storage read (B)': 29685482, 'selection 1 time (s)': 2.3149118423461914}
Thread times [0.09554576873779297, 0.19571733474731445, 0.21103429794311523, 0.08857393264770508, 0.09026241302490234, 0.21460962295532227, 0.08114409446716309, 0.18902254104614258, 0.20106792449951172, 0.08796262741088867, 0.13389325141906738, 0.18720602989196777, 0.19763422012329102, 0.08174991607666016, 0.08586311340332031]
{'args': ((4, 0, slice(0, 960, None), slice(None, None, None)),), 'dataset shape': (40, 11, 1921, 2560), 'dataset chunks': (7, 1, 385, 512), 'indexing time (s)': 1.430511474609375e-06, 'chunk number': 1650, 'reduction time (s)': 2.1425440311431885, 'chunks processed': 15, 'storage read (B)': 29685482, 'selection 1 time (s)': 2.1427297592163086}
Thread times [0.08980202674865723, 0.08220458030700684, 0.19024276733398438, 0.0747518539428711, 0.1033637523651123, 0.22928833961486816, 0.08359456062316895, 0.19399571418762207, 0.1970984935760498, 0.14087390899658203, 0.13809919357299805, 0.19298911094665527, 0.20482301712036133, 0.08976578712463379, 0.09336423873901367]
{'args': ((5, 0, slice(0, 960, None), slice(None, None, None)),), 'dataset shape': (40, 11, 1921, 2560), 'dataset chunks': (7, 1, 385, 512), 'indexing time (s)': 2.1457672119140625e-06, 'chunk number': 1650, 'reduction time (s)': 2.1057586669921875, 'chunks processed': 15, 'storage read (B)': 29685482, 'selection 1 time (s)': 2.105983257293701}
Thread times [0.08984827995300293, 0.1616971492767334, 0.22718310356140137, 0.11783003807067871, 0.10219454765319824, 0.21108603477478027, 0.08642816543579102, 0.22141385078430176, 0.1824960708618164, 0.21201443672180176, 0.16173362731933594, 0.22397089004516602, 0.2309880256652832, 0.08873367309570312, 0.0942533016204834]
{'args': ((6, 0, slice(0, 960, None), slice(None, None, None)),), 'dataset shape': (40, 11, 1921, 2560), 'dataset chunks': (7, 1, 385, 512), 'indexing time (s)': 1.6689300537109375e-06, 'chunk number': 1650, 'reduction time (s)': 2.4133875370025635, 'chunks processed': 15, 'storage read (B)': 29685482, 'selection 1 time (s)': 2.4136016368865967}
Thread times [0.0962824821472168, 0.0875251293182373, 0.11031579971313477, 0.1950221061706543, 0.15956664085388184, 0.08301615715026855, 0.11182403564453125, 0.20431828498840332, 0.025220870971679688, 0.02121901512145996, 0.10039877891540527, 0.11444425582885742, 0.2224271297454834, 0.14804387092590332, 0.08742976188659668]
{'args': ((7, 0, slice(0, 960, None), slice(None, None, None)),), 'dataset shape': (40, 11, 1921, 2560), 'dataset chunks': (7, 1, 385, 512), 'indexing time (s)': 1.9073486328125e-06, 'chunk number': 1650, 'reduction time (s)': 1.7685766220092773, 'chunks processed': 15, 'storage read (B)': 29701892, 'selection 1 time (s)': 1.768798828125}
Thread times [0.09602236747741699, 0.09489655494689941, 0.1052701473236084, 0.27623414993286133, 0.16113066673278809, 0.08361172676086426, 0.0881493091583252, 0.24706149101257324, 0.02174687385559082, 0.021832704544067383, 0.10014963150024414, 0.1028604507446289, 0.2131197452545166, 0.2130129337310791, 0.09516334533691406]
{'args': ((8, 0, slice(0, 960, None), slice(None, None, None)),), 'dataset shape': (40, 11, 1921, 2560), 'dataset chunks': (7, 1, 385, 512), 'indexing time (s)': 2.1457672119140625e-06, 'chunk number': 1650, 'reduction time (s)': 1.9217209815979004, 'chunks processed': 15, 'storage read (B)': 29701892, 'selection 1 time (s)': 1.9219388961791992}
Thread times [0.10678768157958984, 0.09476518630981445, 0.10557126998901367, 0.21297669410705566, 0.1416029930114746, 0.11372256278991699, 0.12544488906860352, 0.24467968940734863, 0.02237391471862793, 0.021625280380249023, 0.08461475372314453, 0.1307692527770996, 0.2174394130706787, 0.13346314430236816, 0.08109068870544434]
{'args': ((9, 0, slice(0, 960, None), slice(None, None, None)),), 'dataset shape': (40, 11, 1921, 2560), 'dataset chunks': (7, 1, 385, 512), 'indexing time (s)': 1.9073486328125e-06, 'chunk number': 1650, 'reduction time (s)': 1.838329792022705, 'chunks processed': 15, 'storage read (B)': 29701892, 'selection 1 time (s)': 1.8385465145111084}
Thread times [0.09060311317443848, 0.07737159729003906, 0.10467052459716797, 0.21634411811828613, 0.1471388339996338, 0.08316540718078613, 0.08116602897644043, 0.251554012298584, 0.022359371185302734, 0.02187371253967285, 0.0879831314086914, 0.1061549186706543, 0.2138204574584961, 0.14943861961364746, 0.13138723373413086]
{'args': ((10, 0, slice(0, 960, None), slice(None, None, None)),), 'dataset shape': (40, 11, 1921, 2560), 'dataset chunks': (7, 1, 385, 512), 'indexing time (s)': 2.384185791015625e-06, 'chunk number': 1650, 'reduction time (s)': 1.7865955829620361, 'chunks processed': 15, 'storage read (B)': 29701892, 'selection 1 time (s)': 1.7868015766143799}
Thread times [0.09902501106262207, 0.0980675220489502, 0.11155295372009277, 0.2469344139099121, 0.14910292625427246, 0.11206364631652832, 0.10187005996704102, 0.28382015228271484, 0.021574974060058594, 0.02148580551147461, 0.13512182235717773, 0.14516067504882812, 0.2784759998321533, 0.14151692390441895, 0.08986759185791016]
{'args': ((11, 0, slice(0, 960, None), slice(None, None, None)),), 'dataset shape': (40, 11, 1921, 2560), 'dataset chunks': (7, 1, 385, 512), 'indexing time (s)': 1.6689300537109375e-06, 'chunk number': 1650, 'reduction time (s)': 2.037179946899414, 'chunks processed': 15, 'storage read (B)': 29701892, 'selection 1 time (s)': 2.037412166595459}
Thread times [0.11936807632446289, 0.0965738296508789, 0.1223917007446289, 0.24171710014343262, 0.2001793384552002, 0.0911569595336914, 0.08810830116271973, 0.20980501174926758, 0.021524429321289062, 0.02150106430053711, 0.07857131958007812, 0.09897756576538086, 0.2133326530456543, 0.1442270278930664, 0.15998125076293945]
{'args': ((12, 0, slice(0, 960, None), slice(None, None, None)),), 'dataset shape': (40, 11, 1921, 2560), 'dataset chunks': (7, 1, 385, 512), 'indexing time (s)': 2.384185791015625e-06, 'chunk number': 1650, 'reduction time (s)': 1.9088218212127686, 'chunks processed': 15, 'storage read (B)': 29701892, 'selection 1 time (s)': 1.9090454578399658}
Thread times [0.11468386650085449, 0.12370848655700684, 0.12131834030151367, 0.19783997535705566, 0.18413376808166504, 0.13935232162475586, 0.1045067310333252, 0.2797219753265381, 0.021557331085205078, 0.022655248641967773, 0.1984713077545166, 0.12120652198791504, 0.2312607765197754, 0.12987112998962402, 0.0876002311706543]
{'args': ((13, 0, slice(0, 960, None), slice(None, None, None)),), 'dataset shape': (40, 11, 1921, 2560), 'dataset chunks': (7, 1, 385, 512), 'indexing time (s)': 1.6689300537109375e-06, 'chunk number': 1650, 'reduction time (s)': 2.0796449184417725, 'chunks processed': 15, 'storage read (B)': 29701892, 'selection 1 time (s)': 2.0798652172088623}
Thread times [0.0878748893737793, 0.19750642776489258, 0.10971927642822266, 0.09945034980773926, 0.09709620475769043, 0.24647092819213867, 0.18879222869873047, 0.24338483810424805, 0.023174047470092773, 0.13445329666137695, 0.09432244300842285, 0.23118209838867188, 0.13918805122375488, 0.10324883460998535, 0.21827387809753418]
{'args': ((14, 0, slice(0, 960, None), slice(None, None, None)),), 'dataset shape': (40, 11, 1921, 2560), 'dataset chunks': (7, 1, 385, 512), 'indexing time (s)': 2.6226043701171875e-06, 'chunk number': 1650, 'reduction time (s)': 2.215470552444458, 'chunks processed': 15, 'storage read (B)': 29733505, 'selection 1 time (s)': 2.215681791305542}
Thread times [0.07818436622619629, 0.19165349006652832, 0.10399889945983887, 0.09923553466796875, 0.09607529640197754, 0.23257923126220703, 0.1966695785522461, 0.25043654441833496, 0.022434711456298828, 0.09055638313293457, 0.08424258232116699, 0.21928000450134277, 0.08985328674316406, 0.09486746788024902, 0.24770593643188477]
{'args': ((15, 0, slice(0, 960, None), slice(None, None, None)),), 'dataset shape': (40, 11, 1921, 2560), 'dataset chunks': (7, 1, 385, 512), 'indexing time (s)': 2.1457672119140625e-06, 'chunk number': 1650, 'reduction time (s)': 2.0994338989257812, 'chunks processed': 15, 'storage read (B)': 29733505, 'selection 1 time (s)': 2.099649429321289}
Thread times [0.08272457122802734, 0.19862103462219238, 0.07969951629638672, 0.09238338470458984, 0.08533644676208496, 0.19642066955566406, 0.17984271049499512, 0.18480706214904785, 0.022090673446655273, 0.155930757522583, 0.08790850639343262, 0.21908307075500488, 0.08883953094482422, 0.0824437141418457, 0.21752023696899414]
{'args': ((16, 0, slice(0, 960, None), slice(None, None, None)),), 'dataset shape': (40, 11, 1921, 2560), 'dataset chunks': (7, 1, 385, 512), 'indexing time (s)': 1.9073486328125e-06, 'chunk number': 1650, 'reduction time (s)': 1.9751267433166504, 'chunks processed': 15, 'storage read (B)': 29733505, 'selection 1 time (s)': 1.975358486175537}
Thread times [0.07574868202209473, 0.17454957962036133, 0.1093902587890625, 0.10195708274841309, 0.14986538887023926, 0.23751044273376465, 0.19919776916503906, 0.18869853019714355, 0.024245023727416992, 0.0888671875, 0.08897590637207031, 0.2052779197692871, 0.10206317901611328, 0.09821963310241699, 0.22620201110839844]
{'args': ((17, 0, slice(0, 960, None), slice(None, None, None)),), 'dataset shape': (40, 11, 1921, 2560), 'dataset chunks': (7, 1, 385, 512), 'indexing time (s)': 2.1457672119140625e-06, 'chunk number': 1650, 'reduction time (s)': 2.0720369815826416, 'chunks processed': 15, 'storage read (B)': 29733505, 'selection 1 time (s)': 2.0722391605377197}
Thread times [0.07898640632629395, 0.29103684425354004, 0.13741040229797363, 0.09890127182006836, 0.10446453094482422, 0.2064509391784668, 0.17818880081176758, 0.1744859218597412, 0.02149057388305664, 0.09587764739990234, 0.10467386245727539, 0.21188950538635254, 0.18088030815124512, 0.1406254768371582, 0.2817661762237549]
{'args': ((18, 0, slice(0, 960, None), slice(None, None, None)),), 'dataset shape': (40, 11, 1921, 2560), 'dataset chunks': (7, 1, 385, 512), 'indexing time (s)': 1.6689300537109375e-06, 'chunk number': 1650, 'reduction time (s)': 2.308480978012085, 'chunks processed': 15, 'storage read (B)': 29733505, 'selection 1 time (s)': 2.308671236038208}
Thread times [0.12134146690368652, 0.31098103523254395, 0.08310055732727051, 0.08588027954101562, 0.08866572380065918, 0.2152872085571289, 0.19058942794799805, 0.2239522933959961, 0.022927045822143555, 0.09697675704956055, 0.09841442108154297, 0.23497509956359863, 0.09447097778320312, 0.09166121482849121, 0.20233464241027832]
{'args': ((19, 0, slice(0, 960, None), slice(None, None, None)),), 'dataset shape': (40, 11, 1921, 2560), 'dataset chunks': (7, 1, 385, 512), 'indexing time (s)': 1.1920928955078125e-06, 'chunk number': 1650, 'reduction time (s)': 2.1628916263580322, 'chunks processed': 15, 'storage read (B)': 29733505, 'selection 1 time (s)': 2.1630842685699463}
Thread times [0.07887458801269531, 0.17953729629516602, 0.07154273986816406, 0.1915450096130371, 0.09536933898925781, 0.23795294761657715, 0.1866776943206787, 0.22911381721496582, 0.02206563949584961, 0.09817624092102051, 0.08931422233581543, 0.3332221508026123, 0.1085059642791748, 0.13237667083740234, 0.25739336013793945]
{'args': ((20, 0, slice(0, 960, None), slice(None, None, None)),), 'dataset shape': (40, 11, 1921, 2560), 'dataset chunks': (7, 1, 385, 512), 'indexing time (s)': 1.6689300537109375e-06, 'chunk number': 1650, 'reduction time (s)': 2.3130173683166504, 'chunks processed': 15, 'storage read (B)': 29733505, 'selection 1 time (s)': 2.313227653503418}
Thread times [0.11037063598632812, 0.11257290840148926, 0.1719520092010498, 0.01937127113342285, 0.01954936981201172, 0.2181227207183838, 0.09352254867553711, 0.19210600852966309, 0.10013103485107422, 0.19400882720947266, 0.13591337203979492, 0.15694046020507812, 0.2232961654663086, 0.18923497200012207, 0.022258996963500977]
{'args': ((21, 0, slice(0, 960, None), slice(None, None, None)),), 'dataset shape': (40, 11, 1921, 2560), 'dataset chunks': (7, 1, 385, 512), 'indexing time (s)': 1.6689300537109375e-06, 'chunk number': 1650, 'reduction time (s)': 1.9607372283935547, 'chunks processed': 15, 'storage read (B)': 29686785, 'selection 1 time (s)': 1.9609510898590088}
Thread times [0.07970070838928223, 0.09015560150146484, 0.11525344848632812, 0.030019521713256836, 0.021437406539916992, 0.23795485496520996, 0.09510111808776855, 0.177901029586792, 0.10625314712524414, 0.32073068618774414, 0.11877298355102539, 0.13097858428955078, 0.23183703422546387, 0.17021393775939941, 0.021879911422729492]
{'args': ((22, 0, slice(0, 960, None), slice(None, None, None)),), 'dataset shape': (40, 11, 1921, 2560), 'dataset chunks': (7, 1, 385, 512), 'indexing time (s)': 1.1920928955078125e-06, 'chunk number': 1650, 'reduction time (s)': 1.949613094329834, 'chunks processed': 15, 'storage read (B)': 29686785, 'selection 1 time (s)': 1.949817419052124}
Thread times [0.07651948928833008, 0.15156984329223633, 0.11151981353759766, 0.026087522506713867, 0.023800373077392578, 0.21520042419433594, 0.1765594482421875, 0.21074604988098145, 0.0947878360748291, 0.1965925693511963, 0.0933070182800293, 0.10294556617736816, 0.2856466770172119, 0.283858060836792, 0.024525880813598633]
{'args': ((23, 0, slice(0, 960, None), slice(None, None, None)),), 'dataset shape': (40, 11, 1921, 2560), 'dataset chunks': (7, 1, 385, 512), 'indexing time (s)': 1.1920928955078125e-06, 'chunk number': 1650, 'reduction time (s)': 2.075230360031128, 'chunks processed': 15, 'storage read (B)': 29686785, 'selection 1 time (s)': 2.075439214706421}
Thread times [0.09685420989990234, 0.1231544017791748, 0.12179088592529297, 0.021208763122558594, 0.024876117706298828, 0.2256772518157959, 0.09221172332763672, 0.1882338523864746, 0.07852053642272949, 0.1906108856201172, 0.18761730194091797, 0.08421182632446289, 0.20696187019348145, 0.24429678916931152, 0.0220029354095459]
{'args': ((24, 0, slice(0, 960, None), slice(None, None, None)),), 'dataset shape': (40, 11, 1921, 2560), 'dataset chunks': (7, 1, 385, 512), 'indexing time (s)': 1.430511474609375e-06, 'chunk number': 1650, 'reduction time (s)': 1.909510612487793, 'chunks processed': 15, 'storage read (B)': 29686785, 'selection 1 time (s)': 1.9097380638122559}
Thread times [0.09041690826416016, 0.1250312328338623, 0.14335846900939941, 0.020143985748291016, 0.01998758316040039, 0.24813246726989746, 0.09704351425170898, 0.2098708152770996, 0.09119606018066406, 0.20978355407714844, 0.08792757987976074, 0.12359428405761719, 0.19418692588806152, 0.16722559928894043, 0.02199697494506836]
{'args': ((25, 0, slice(0, 960, None), slice(None, None, None)),), 'dataset shape': (40, 11, 1921, 2560), 'dataset chunks': (7, 1, 385, 512), 'indexing time (s)': 1.6689300537109375e-06, 'chunk number': 1650, 'reduction time (s)': 1.8511569499969482, 'chunks processed': 15, 'storage read (B)': 29686785, 'selection 1 time (s)': 1.8513860702514648}
Thread times [0.06862998008728027, 0.07846307754516602, 0.08687782287597656, 0.025786399841308594, 0.019631385803222656, 0.21018648147583008, 0.08434224128723145, 0.22819304466247559, 0.13926148414611816, 0.18938565254211426, 0.08140110969543457, 0.08502936363220215, 0.24304485321044922, 0.20179128646850586, 0.022322893142700195]
{'args': ((26, 0, slice(0, 960, None), slice(None, None, None)),), 'dataset shape': (40, 11, 1921, 2560), 'dataset chunks': (7, 1, 385, 512), 'indexing time (s)': 1.6689300537109375e-06, 'chunk number': 1650, 'reduction time (s)': 1.7657477855682373, 'chunks processed': 15, 'storage read (B)': 29686785, 'selection 1 time (s)': 1.7659668922424316}
Thread times [0.10048556327819824, 0.0941164493560791, 0.13229584693908691, 0.019364595413208008, 0.024591684341430664, 0.2416989803314209, 0.1305241584777832, 0.1941242218017578, 0.08966350555419922, 0.25650811195373535, 0.10733294486999512, 0.10654354095458984, 0.21803617477416992, 0.1839005947113037, 0.021625757217407227]
{'args': ((27, 0, slice(0, 960, None), slice(None, None, None)),), 'dataset shape': (40, 11, 1921, 2560), 'dataset chunks': (7, 1, 385, 512), 'indexing time (s)': 1.6689300537109375e-06, 'chunk number': 1650, 'reduction time (s)': 1.9222033023834229, 'chunks processed': 15, 'storage read (B)': 29686785, 'selection 1 time (s)': 1.9224016666412354}
Thread times [0.08550262451171875, 0.1376349925994873, 0.11680173873901367, 0.08852553367614746, 0.09297537803649902, 0.11142992973327637, 0.021852970123291016, 0.1341991424560547, 0.02158951759338379, 0.2497098445892334, 0.11737918853759766, 0.21864557266235352, 0.09427237510681152, 0.09317612648010254, 0.2803196907043457]
{'args': ((28, 0, slice(0, 960, None), slice(None, None, None)),), 'dataset shape': (40, 11, 1921, 2560), 'dataset chunks': (7, 1, 385, 512), 'indexing time (s)': 1.430511474609375e-06, 'chunk number': 1650, 'reduction time (s)': 1.8653719425201416, 'chunks processed': 15, 'storage read (B)': 29670387, 'selection 1 time (s)': 1.8655760288238525}
Thread times [0.11983251571655273, 0.1791093349456787, 0.12285113334655762, 0.1258220672607422, 0.10077071189880371, 0.10947060585021973, 0.022122859954833984, 0.11237716674804688, 0.021759510040283203, 0.11610984802246094, 0.21779489517211914, 0.1917283535003662, 0.1098012924194336, 0.10317635536193848, 0.1994333267211914]
{'args': ((29, 0, slice(0, 960, None), slice(None, None, None)),), 'dataset shape': (40, 11, 1921, 2560), 'dataset chunks': (7, 1, 385, 512), 'indexing time (s)': 1.430511474609375e-06, 'chunk number': 1650, 'reduction time (s)': 1.8534095287322998, 'chunks processed': 15, 'storage read (B)': 29670387, 'selection 1 time (s)': 1.853621244430542}
Thread times [0.11719250679016113, 0.10107016563415527, 0.15821552276611328, 0.08836102485656738, 0.09022045135498047, 0.10257697105407715, 0.021800994873046875, 0.0933082103729248, 0.021574735641479492, 0.10755610466003418, 0.09923315048217773, 0.19089388847351074, 0.13602089881896973, 0.1002197265625, 0.18804550170898438]
{'args': ((30, 0, slice(0, 960, None), slice(None, None, None)),), 'dataset shape': (40, 11, 1921, 2560), 'dataset chunks': (7, 1, 385, 512), 'indexing time (s)': 1.1920928955078125e-06, 'chunk number': 1650, 'reduction time (s)': 1.617600917816162, 'chunks processed': 15, 'storage read (B)': 29670387, 'selection 1 time (s)': 1.6178147792816162}
Thread times [0.08238983154296875, 0.09865760803222656, 0.09731173515319824, 0.13277530670166016, 0.15234375, 0.12314105033874512, 0.02237534523010254, 0.09769105911254883, 0.021677255630493164, 0.10887336730957031, 0.1213533878326416, 0.21076130867004395, 0.08576178550720215, 0.09489321708679199, 0.20658421516418457]
{'args': ((31, 0, slice(0, 960, None), slice(None, None, None)),), 'dataset shape': (40, 11, 1921, 2560), 'dataset chunks': (7, 1, 385, 512), 'indexing time (s)': 1.1920928955078125e-06, 'chunk number': 1650, 'reduction time (s)': 1.6578731536865234, 'chunks processed': 15, 'storage read (B)': 29670387, 'selection 1 time (s)': 1.6580946445465088}
Thread times [0.12377476692199707, 0.11397528648376465, 0.11640763282775879, 0.10254287719726562, 0.09236812591552734, 0.10696697235107422, 0.0217130184173584, 0.09578227996826172, 0.021633625030517578, 0.16396856307983398, 0.23595237731933594, 0.24849557876586914, 0.10530924797058105, 0.18649935722351074, 0.25957632064819336]
{'args': ((32, 0, slice(0, 960, None), slice(None, None, None)),), 'dataset shape': (40, 11, 1921, 2560), 'dataset chunks': (7, 1, 385, 512), 'indexing time (s)': 1.430511474609375e-06, 'chunk number': 1650, 'reduction time (s)': 1.9963068962097168, 'chunks processed': 15, 'storage read (B)': 29670387, 'selection 1 time (s)': 1.9965388774871826}
Thread times [0.06417703628540039, 0.09009742736816406, 0.10033106803894043, 0.1379702091217041, 0.12465906143188477, 0.10913848876953125, 0.022545814514160156, 0.1295609474182129, 0.021695375442504883, 0.10886001586914062, 0.1846330165863037, 0.19528675079345703, 0.08732485771179199, 0.22611665725708008, 0.19190740585327148]
{'args': ((33, 0, slice(0, 960, None), slice(None, None, None)),), 'dataset shape': (40, 11, 1921, 2560), 'dataset chunks': (7, 1, 385, 512), 'indexing time (s)': 1.6689300537109375e-06, 'chunk number': 1650, 'reduction time (s)': 1.795804738998413, 'chunks processed': 15, 'storage read (B)': 29670387, 'selection 1 time (s)': 1.796018123626709}
Thread times [0.0822451114654541, 0.09228134155273438, 0.13207387924194336, 0.11109256744384766, 0.09772849082946777, 0.16057062149047852, 0.021689653396606445, 0.17423415184020996, 0.02160787582397461, 0.11606431007385254, 0.1163325309753418, 0.270111083984375, 0.09416508674621582, 0.09945344924926758, 0.19072818756103516]
{'args': ((34, 0, slice(0, 960, None), slice(None, None, None)),), 'dataset shape': (40, 11, 1921, 2560), 'dataset chunks': (7, 1, 385, 512), 'indexing time (s)': 1.1920928955078125e-06, 'chunk number': 1650, 'reduction time (s)': 1.7815492153167725, 'chunks processed': 15, 'storage read (B)': 29670387, 'selection 1 time (s)': 1.7817621231079102}
Thread times [0.1348874568939209, 0.09506344795227051, 0.07090473175048828, 0.13385415077209473, 0.2228837013244629, 0.16062211990356445, 0.10487675666809082, 0.09278750419616699, 0.13157868385314941, 0.2213282585144043, 0.0818488597869873, 0.10907912254333496, 0.21268653869628906, 0.20019960403442383, 0.10684561729431152]
{'args': ((35, 0, slice(0, 960, None), slice(None, None, None)),), 'dataset shape': (40, 11, 1921, 2560), 'dataset chunks': (7, 1, 385, 512), 'indexing time (s)': 1.1920928955078125e-06, 'chunk number': 1650, 'reduction time (s)': 2.080991268157959, 'chunks processed': 15, 'storage read (B)': 21287473, 'selection 1 time (s)': 2.0811729431152344}
Thread times [0.09165048599243164, 0.12962555885314941, 0.17186212539672852, 0.1100013256072998, 0.2283616065979004, 0.08255410194396973, 0.08503484725952148, 0.11371612548828125, 0.09578895568847656, 0.19954848289489746, 0.11657547950744629, 0.12400269508361816, 0.21641206741333008, 0.11014986038208008, 0.10848617553710938]
{'args': ((36, 0, slice(0, 960, None), slice(None, None, None)),), 'dataset shape': (40, 11, 1921, 2560), 'dataset chunks': (7, 1, 385, 512), 'indexing time (s)': 1.430511474609375e-06, 'chunk number': 1650, 'reduction time (s)': 1.9849717617034912, 'chunks processed': 15, 'storage read (B)': 21287473, 'selection 1 time (s)': 1.9851646423339844}
Thread times [0.09386491775512695, 0.09153246879577637, 0.0852363109588623, 0.0987548828125, 0.2141866683959961, 0.08430886268615723, 0.12779474258422852, 0.0916604995727539, 0.09940052032470703, 0.20509004592895508, 0.10758781433105469, 0.07866859436035156, 0.28678035736083984, 0.10166645050048828, 0.10243964195251465]
{'args': ((37, 0, slice(0, 960, None), slice(None, None, None)),), 'dataset shape': (40, 11, 1921, 2560), 'dataset chunks': (7, 1, 385, 512), 'indexing time (s)': 1.1920928955078125e-06, 'chunk number': 1650, 'reduction time (s)': 1.8701679706573486, 'chunks processed': 15, 'storage read (B)': 21287473, 'selection 1 time (s)': 1.8703529834747314}
Thread times [0.09868979454040527, 0.09602522850036621, 0.10254335403442383, 0.09743356704711914, 0.2756843566894531, 0.1962752342224121, 0.09144282341003418, 0.09392833709716797, 0.1455991268157959, 0.2133331298828125, 0.08908438682556152, 0.10767436027526855, 0.2083745002746582, 0.08760643005371094, 0.0925436019897461]
{'args': ((38, 0, slice(0, 960, None), slice(None, None, None)),), 'dataset shape': (40, 11, 1921, 2560), 'dataset chunks': (7, 1, 385, 512), 'indexing time (s)': 1.9073486328125e-06, 'chunk number': 1650, 'reduction time (s)': 1.997589111328125, 'chunks processed': 15, 'storage read (B)': 21287473, 'selection 1 time (s)': 1.9977965354919434}
Thread times [0.08826756477355957, 0.08892202377319336, 0.09102296829223633, 0.0859060287475586, 0.201157808303833, 0.15051698684692383, 0.1302933692932129, 0.1578681468963623, 0.11690092086791992, 0.20499324798583984, 0.0824434757232666, 0.08983945846557617, 0.20082569122314453, 0.09742188453674316, 0.13907551765441895]
{'args': ((39, 0, slice(0, 960, None), slice(None, None, None)),), 'dataset shape': (40, 11, 1921, 2560), 'dataset chunks': (7, 1, 385, 512), 'indexing time (s)': 1.1920928955078125e-06, 'chunk number': 1650, 'reduction time (s)': 1.9266178607940674, 'chunks processed': 15, 'storage read (B)': 21287473, 'selection 1 time (s)': 1.9268391132354736}
[[226.07817708]
 [226.06473958]
 [225.93765625]
 [225.90807292]
 [225.91734375]
 [225.88453125]
 [225.82075521]
 [225.85440104]
 [225.98328125]
 [226.03804687]
 [226.01315104]
 [226.02330729]
 [226.03770833]
 [226.00476563]
 [225.91765625]
 [225.94036458]
 [225.98721354]
 [225.9146875 ]
 [225.81242188]
 [225.81869792]
 [225.84526042]
 [225.78497396]
 [225.63651042]
 [225.55651042]
 [225.45734375]
 [225.32369792]
 [225.16325521]
 [225.07794271]
 [225.07846354]
 [225.10664063]
 [225.17609375]
 [225.36880208]
 [225.57911458]
 [225.69080729]
 [225.72229167]
 [225.82367188]
 [225.93658854]
 [225.96765625]
 [225.91861979]
 [225.9225    ]]
Summary:  sci6-in1:Local (T1,BS5): 1.09s,80.0s,83.94s
