Dataset loaded from S3 with s3fs and Pyfive: bnl/ch330a.pc19790301-def.nc (0.032,0.37)
Thread times [0.1429898738861084, 0.1541285514831543, 0.2751023769378662, 0.2758138179779053, 0.2838761806488037, 0.300692081451416, 0.3080108165740967, 0.30551671981811523, 0.32349252700805664, 0.3426058292388916, 0.35384273529052734, 0.3551056385040283, 0.39227294921875, 0.42098236083984375, 0.42676544189453125]
{'load nc time': 0.4504108428955078, 'args': ((0, 0, slice(0, 960, None), slice(None, None, None)),), 'dataset shape': (40, 11, 1921, 2560), 'dataset chunks': (7, 1, 385, 512), 'indexing time (s)': 2.0078511238098145, 'chunk number': 1650, 'reduction time (s)': 0.43747496604919434, 'chunks processed': 15, 'storage read (B)': 29685482, 'selection 1 time (s)': 2.4455630779266357}
Thread times [0.029819011688232422, 0.1277461051940918, 0.13680529594421387, 0.13638520240783691, 0.13537812232971191, 0.19893670082092285, 0.20654082298278809, 0.20945167541503906, 0.24084758758544922, 0.2731783390045166, 0.28010129928588867, 0.29503679275512695, 0.3174145221710205, 0.3204689025878906, 0.32010912895202637]
{'args': ((1, 0, slice(0, 960, None), slice(None, None, None)),), 'dataset shape': (40, 11, 1921, 2560), 'dataset chunks': (7, 1, 385, 512), 'indexing time (s)': 1.9073486328125e-06, 'chunk number': 1650, 'reduction time (s)': 0.3280465602874756, 'chunks processed': 15, 'storage read (B)': 29685482, 'selection 1 time (s)': 0.32832837104797363}
Thread times [0.030318021774291992, 0.18056011199951172, 0.18177366256713867, 0.1873633861541748, 0.18946051597595215, 0.22185254096984863, 0.2386326789855957, 0.23557806015014648, 0.2644529342651367, 0.27245640754699707, 0.31244492530822754, 0.318889856338501, 0.3185849189758301, 0.321835994720459, 0.3490602970123291]
{'args': ((2, 0, slice(0, 960, None), slice(None, None, None)),), 'dataset shape': (40, 11, 1921, 2560), 'dataset chunks': (7, 1, 385, 512), 'indexing time (s)': 1.430511474609375e-06, 'chunk number': 1650, 'reduction time (s)': 0.3572378158569336, 'chunks processed': 15, 'storage read (B)': 29685482, 'selection 1 time (s)': 0.3574864864349365}
Thread times [0.03274655342102051, 0.2600114345550537, 0.26537537574768066, 0.2977306842803955, 0.30179333686828613, 0.3022427558898926, 0.34822678565979004, 0.3524181842803955, 0.35438060760498047, 0.3570263385772705, 0.35768985748291016, 0.3598318099975586, 0.38709330558776855, 0.4032928943634033, 0.4135012626647949]
{'args': ((3, 0, slice(0, 960, None), slice(None, None, None)),), 'dataset shape': (40, 11, 1921, 2560), 'dataset chunks': (7, 1, 385, 512), 'indexing time (s)': 1.430511474609375e-06, 'chunk number': 1650, 'reduction time (s)': 0.42412424087524414, 'chunks processed': 15, 'storage read (B)': 29685482, 'selection 1 time (s)': 0.42438435554504395}
Thread times [0.02709484100341797, 0.262406587600708, 0.2704916000366211, 0.2707796096801758, 0.27417993545532227, 0.27720046043395996, 0.30853843688964844, 0.3166515827178955, 0.31752705574035645, 0.31472349166870117, 0.3497908115386963, 0.35030055046081543, 0.39322423934936523, 0.4210543632507324, 0.42693519592285156]
{'args': ((4, 0, slice(0, 960, None), slice(None, None, None)),), 'dataset shape': (40, 11, 1921, 2560), 'dataset chunks': (7, 1, 385, 512), 'indexing time (s)': 1.9073486328125e-06, 'chunk number': 1650, 'reduction time (s)': 0.434246301651001, 'chunks processed': 15, 'storage read (B)': 29685482, 'selection 1 time (s)': 0.4345097541809082}
Thread times [0.0301363468170166, 0.19003748893737793, 0.19371271133422852, 0.20448994636535645, 0.2251904010772705, 0.27219390869140625, 0.2743339538574219, 0.281294584274292, 0.281719446182251, 0.2828676700592041, 0.328624963760376, 0.32979369163513184, 0.33122968673706055, 0.33617234230041504, 0.3413431644439697]
{'args': ((5, 0, slice(0, 960, None), slice(None, None, None)),), 'dataset shape': (40, 11, 1921, 2560), 'dataset chunks': (7, 1, 385, 512), 'indexing time (s)': 1.6689300537109375e-06, 'chunk number': 1650, 'reduction time (s)': 0.34623289108276367, 'chunks processed': 15, 'storage read (B)': 29685482, 'selection 1 time (s)': 0.3464951515197754}
Thread times [0.028205394744873047, 0.2266674041748047, 0.23514056205749512, 0.23727917671203613, 0.24184894561767578, 0.24631929397583008, 0.24595975875854492, 0.2888524532318115, 0.28713083267211914, 0.28771305084228516, 0.2929556369781494, 0.42281270027160645, 0.4363563060760498, 0.43924880027770996, 0.44372057914733887]
{'args': ((6, 0, slice(0, 960, None), slice(None, None, None)),), 'dataset shape': (40, 11, 1921, 2560), 'dataset chunks': (7, 1, 385, 512), 'indexing time (s)': 1.9073486328125e-06, 'chunk number': 1650, 'reduction time (s)': 0.4515373706817627, 'chunks processed': 15, 'storage read (B)': 29685482, 'selection 1 time (s)': 0.45180320739746094}
Thread times [0.24194955825805664, 0.2764716148376465, 0.2789139747619629, 0.2810180187225342, 0.3279390335083008, 0.34003353118896484, 0.3438377380371094, 0.3455772399902344, 0.3469054698944092, 0.3486764430999756, 0.34948182106018066, 0.37908267974853516, 0.3843348026275635, 0.4170875549316406, 0.44585204124450684]
{'args': ((7, 0, slice(0, 960, None), slice(None, None, None)),), 'dataset shape': (40, 11, 1921, 2560), 'dataset chunks': (7, 1, 385, 512), 'indexing time (s)': 1.9073486328125e-06, 'chunk number': 1650, 'reduction time (s)': 0.45097780227661133, 'chunks processed': 15, 'storage read (B)': 29701892, 'selection 1 time (s)': 0.4512174129486084}
Thread times [0.02852320671081543, 0.12559175491333008, 0.13336420059204102, 0.1396329402923584, 0.14085936546325684, 0.2232961654663086, 0.23642969131469727, 0.2524549961090088, 0.2939281463623047, 0.36611104011535645, 0.37504124641418457, 0.3762075901031494, 0.37845301628112793, 0.4151585102081299, 0.41623425483703613]
{'args': ((8, 0, slice(0, 960, None), slice(None, None, None)),), 'dataset shape': (40, 11, 1921, 2560), 'dataset chunks': (7, 1, 385, 512), 'indexing time (s)': 1.6689300537109375e-06, 'chunk number': 1650, 'reduction time (s)': 0.4189484119415283, 'chunks processed': 15, 'storage read (B)': 29701892, 'selection 1 time (s)': 0.4191930294036865}
Thread times [0.030817270278930664, 0.15823888778686523, 0.18964648246765137, 0.1933126449584961, 0.19332051277160645, 0.19521784782409668, 0.1955111026763916, 0.23481321334838867, 0.23517918586730957, 0.28707408905029297, 0.28695249557495117, 0.290341854095459, 0.2936429977416992, 0.41208839416503906, 0.41385602951049805]
{'args': ((9, 0, slice(0, 960, None), slice(None, None, None)),), 'dataset shape': (40, 11, 1921, 2560), 'dataset chunks': (7, 1, 385, 512), 'indexing time (s)': 1.6689300537109375e-06, 'chunk number': 1650, 'reduction time (s)': 0.41960883140563965, 'chunks processed': 15, 'storage read (B)': 29701892, 'selection 1 time (s)': 0.41985630989074707}
Thread times [0.02840280532836914, 0.16260862350463867, 0.16937565803527832, 0.16966462135314941, 0.17196369171142578, 0.21417927742004395, 0.23169946670532227, 0.32062625885009766, 0.34679746627807617, 0.3880152702331543, 0.39731287956237793, 0.4071953296661377, 0.40865349769592285, 0.4112727642059326, 0.4151580333709717]
{'args': ((10, 0, slice(0, 960, None), slice(None, None, None)),), 'dataset shape': (40, 11, 1921, 2560), 'dataset chunks': (7, 1, 385, 512), 'indexing time (s)': 1.430511474609375e-06, 'chunk number': 1650, 'reduction time (s)': 0.422260046005249, 'chunks processed': 15, 'storage read (B)': 29701892, 'selection 1 time (s)': 0.4225015640258789}
Thread times [0.03116154670715332, 0.15247726440429688, 0.20689916610717773, 0.23216748237609863, 0.28406596183776855, 0.29799342155456543, 0.3025057315826416, 0.3037407398223877, 0.3110957145690918, 0.31070995330810547, 0.31403088569641113, 0.3370218276977539, 0.34554362297058105, 0.3990480899810791, 0.42905640602111816]
{'args': ((11, 0, slice(0, 960, None), slice(None, None, None)),), 'dataset shape': (40, 11, 1921, 2560), 'dataset chunks': (7, 1, 385, 512), 'indexing time (s)': 1.6689300537109375e-06, 'chunk number': 1650, 'reduction time (s)': 0.4388699531555176, 'chunks processed': 15, 'storage read (B)': 29701892, 'selection 1 time (s)': 0.4391052722930908}
Thread times [0.028792858123779297, 0.15163898468017578, 0.15999436378479004, 0.16290974617004395, 0.17213129997253418, 0.24672985076904297, 0.2701084613800049, 0.290691614151001, 0.2895772457122803, 0.3906073570251465, 0.41588926315307617, 0.4494209289550781, 0.49663782119750977, 0.49701809883117676, 0.5008502006530762]
{'args': ((12, 0, slice(0, 960, None), slice(None, None, None)),), 'dataset shape': (40, 11, 1921, 2560), 'dataset chunks': (7, 1, 385, 512), 'indexing time (s)': 1.6689300537109375e-06, 'chunk number': 1650, 'reduction time (s)': 0.506242036819458, 'chunks processed': 15, 'storage read (B)': 29701892, 'selection 1 time (s)': 0.5064818859100342}
Thread times [0.03015589714050293, 0.13435626029968262, 0.18564343452453613, 0.19066619873046875, 0.1940174102783203, 0.1944561004638672, 0.19757556915283203, 0.22925448417663574, 0.25568175315856934, 0.25809550285339355, 0.27590250968933105, 0.2855079174041748, 0.29219532012939453, 0.3301842212677002, 0.3485581874847412]
{'args': ((13, 0, slice(0, 960, None), slice(None, None, None)),), 'dataset shape': (40, 11, 1921, 2560), 'dataset chunks': (7, 1, 385, 512), 'indexing time (s)': 1.430511474609375e-06, 'chunk number': 1650, 'reduction time (s)': 0.35621213912963867, 'chunks processed': 15, 'storage read (B)': 29701892, 'selection 1 time (s)': 0.3564612865447998}
Thread times [0.12610864639282227, 0.1772456169128418, 0.18088984489440918, 0.18381738662719727, 0.18970131874084473, 0.19158434867858887, 0.24530601501464844, 0.26601433753967285, 0.2674586772918701, 0.2731647491455078, 0.27747440338134766, 0.3025343418121338, 0.3006560802459717, 0.3089439868927002, 0.3081977367401123]
{'args': ((14, 0, slice(0, 960, None), slice(None, None, None)),), 'dataset shape': (40, 11, 1921, 2560), 'dataset chunks': (7, 1, 385, 512), 'indexing time (s)': 1.6689300537109375e-06, 'chunk number': 1650, 'reduction time (s)': 0.31624364852905273, 'chunks processed': 15, 'storage read (B)': 29733505, 'selection 1 time (s)': 0.3164832592010498}
Thread times [0.028467655181884766, 0.1923205852508545, 0.19812393188476562, 0.1968832015991211, 0.19858598709106445, 0.26897764205932617, 0.27016377449035645, 0.2650163173675537, 0.28365015983581543, 0.2864265441894531, 0.2885725498199463, 0.30382752418518066, 0.325364351272583, 0.3290843963623047, 0.3335251808166504]
{'args': ((15, 0, slice(0, 960, None), slice(None, None, None)),), 'dataset shape': (40, 11, 1921, 2560), 'dataset chunks': (7, 1, 385, 512), 'indexing time (s)': 1.430511474609375e-06, 'chunk number': 1650, 'reduction time (s)': 0.33812904357910156, 'chunks processed': 15, 'storage read (B)': 29733505, 'selection 1 time (s)': 0.3383805751800537}
Thread times [0.028439044952392578, 0.12624549865722656, 0.2028357982635498, 0.23622918128967285, 0.2459580898284912, 0.2473132610321045, 0.25559067726135254, 0.2566721439361572, 0.2625749111175537, 0.2687418460845947, 0.3074824810028076, 0.321519136428833, 0.3306159973144531, 0.33225536346435547, 0.3349282741546631]
{'args': ((16, 0, slice(0, 960, None), slice(None, None, None)),), 'dataset shape': (40, 11, 1921, 2560), 'dataset chunks': (7, 1, 385, 512), 'indexing time (s)': 1.6689300537109375e-06, 'chunk number': 1650, 'reduction time (s)': 0.3417840003967285, 'chunks processed': 15, 'storage read (B)': 29733505, 'selection 1 time (s)': 0.34203624725341797}
Thread times [0.03051590919494629, 0.13111138343811035, 0.136993408203125, 0.1379847526550293, 0.18725848197937012, 0.19277501106262207, 0.20250988006591797, 0.24887394905090332, 0.3020939826965332, 0.30919814109802246, 0.3233675956726074, 0.3232855796813965, 0.3309149742126465, 0.3471500873565674, 0.3505403995513916]
{'args': ((17, 0, slice(0, 960, None), slice(None, None, None)),), 'dataset shape': (40, 11, 1921, 2560), 'dataset chunks': (7, 1, 385, 512), 'indexing time (s)': 1.9073486328125e-06, 'chunk number': 1650, 'reduction time (s)': 0.35564112663269043, 'chunks processed': 15, 'storage read (B)': 29733505, 'selection 1 time (s)': 0.3559103012084961}
Thread times [0.02782726287841797, 0.19453048706054688, 0.2067720890045166, 0.2166728973388672, 0.21297407150268555, 0.22635984420776367, 0.23000311851501465, 0.24032044410705566, 0.24178004264831543, 0.2430565357208252, 0.24538159370422363, 0.2915499210357666, 0.2962791919708252, 0.2965123653411865, 0.2980208396911621]
{'args': ((18, 0, slice(0, 960, None), slice(None, None, None)),), 'dataset shape': (40, 11, 1921, 2560), 'dataset chunks': (7, 1, 385, 512), 'indexing time (s)': 1.6689300537109375e-06, 'chunk number': 1650, 'reduction time (s)': 0.30732297897338867, 'chunks processed': 15, 'storage read (B)': 29733505, 'selection 1 time (s)': 0.30761027336120605}
Thread times [0.030110836029052734, 0.15227842330932617, 0.16518926620483398, 0.16713190078735352, 0.16976523399353027, 0.23792099952697754, 0.31213951110839844, 0.31824731826782227, 0.3199160099029541, 0.3251643180847168, 0.3451697826385498, 0.3655834197998047, 0.37326693534851074, 0.3752148151397705, 0.37876200675964355]
{'args': ((19, 0, slice(0, 960, None), slice(None, None, None)),), 'dataset shape': (40, 11, 1921, 2560), 'dataset chunks': (7, 1, 385, 512), 'indexing time (s)': 1.1920928955078125e-06, 'chunk number': 1650, 'reduction time (s)': 0.38074350357055664, 'chunks processed': 15, 'storage read (B)': 29733505, 'selection 1 time (s)': 0.3810086250305176}
Thread times [0.03072381019592285, 0.12471914291381836, 0.17006230354309082, 0.17925333976745605, 0.18165040016174316, 0.1815042495727539, 0.1833782196044922, 0.2824549674987793, 0.3270096778869629, 0.34038877487182617, 0.3482661247253418, 0.350360631942749, 0.3505289554595947, 0.35698890686035156, 0.3604612350463867]
{'args': ((20, 0, slice(0, 960, None), slice(None, None, None)),), 'dataset shape': (40, 11, 1921, 2560), 'dataset chunks': (7, 1, 385, 512), 'indexing time (s)': 1.6689300537109375e-06, 'chunk number': 1650, 'reduction time (s)': 0.36504626274108887, 'chunks processed': 15, 'storage read (B)': 29733505, 'selection 1 time (s)': 0.36530089378356934}
Thread times [0.13188672065734863, 0.1411290168762207, 0.1615748405456543, 0.16779875755310059, 0.2510964870452881, 0.28035449981689453, 0.28159093856811523, 0.28860020637512207, 0.2898268699645996, 0.29495930671691895, 0.2966029644012451, 0.2982490062713623, 0.3338043689727783, 0.33908557891845703, 0.34343504905700684]
{'args': ((21, 0, slice(0, 960, None), slice(None, None, None)),), 'dataset shape': (40, 11, 1921, 2560), 'dataset chunks': (7, 1, 385, 512), 'indexing time (s)': 1.1920928955078125e-06, 'chunk number': 1650, 'reduction time (s)': 0.3482699394226074, 'chunks processed': 15, 'storage read (B)': 29686785, 'selection 1 time (s)': 0.3485372066497803}
Thread times [0.03513479232788086, 0.1667640209197998, 0.16861701011657715, 0.17749953269958496, 0.17743182182312012, 0.17846059799194336, 0.21837353706359863, 0.22228050231933594, 0.2261495590209961, 0.2661781311035156, 0.29013967514038086, 0.32061028480529785, 0.3257467746734619, 0.32715415954589844, 0.3915677070617676]
{'args': ((22, 0, slice(0, 960, None), slice(None, None, None)),), 'dataset shape': (40, 11, 1921, 2560), 'dataset chunks': (7, 1, 385, 512), 'indexing time (s)': 1.430511474609375e-06, 'chunk number': 1650, 'reduction time (s)': 0.3956747055053711, 'chunks processed': 15, 'storage read (B)': 29686785, 'selection 1 time (s)': 0.39592766761779785}
Thread times [0.031590938568115234, 0.10651874542236328, 0.1799619197845459, 0.19180774688720703, 0.1950082778930664, 0.19760894775390625, 0.2248246669769287, 0.2451469898223877, 0.2699716091156006, 0.2778749465942383, 0.2938101291656494, 0.29390907287597656, 0.34800148010253906, 0.37340521812438965, 0.37650036811828613]
{'args': ((23, 0, slice(0, 960, None), slice(None, None, None)),), 'dataset shape': (40, 11, 1921, 2560), 'dataset chunks': (7, 1, 385, 512), 'indexing time (s)': 1.1920928955078125e-06, 'chunk number': 1650, 'reduction time (s)': 0.38015079498291016, 'chunks processed': 15, 'storage read (B)': 29686785, 'selection 1 time (s)': 0.38041186332702637}
Thread times [0.028558969497680664, 0.1425609588623047, 0.15114283561706543, 0.15397310256958008, 0.15535902976989746, 0.1584913730621338, 0.24352264404296875, 0.28118348121643066, 0.28719496726989746, 0.28772592544555664, 0.28989696502685547, 0.3102607727050781, 0.390181303024292, 0.4295816421508789, 0.43177008628845215]
{'args': ((24, 0, slice(0, 960, None), slice(None, None, None)),), 'dataset shape': (40, 11, 1921, 2560), 'dataset chunks': (7, 1, 385, 512), 'indexing time (s)': 1.430511474609375e-06, 'chunk number': 1650, 'reduction time (s)': 0.4360992908477783, 'chunks processed': 15, 'storage read (B)': 29686785, 'selection 1 time (s)': 0.43635058403015137}
Thread times [0.036026716232299805, 0.1174464225769043, 0.14519047737121582, 0.14565086364746094, 0.14850068092346191, 0.15584039688110352, 0.16184520721435547, 0.18655824661254883, 0.2700009346008301, 0.27279162406921387, 0.2949814796447754, 0.2975504398345947, 0.2990074157714844, 0.32877135276794434, 0.3306102752685547]
{'args': ((25, 0, slice(0, 960, None), slice(None, None, None)),), 'dataset shape': (40, 11, 1921, 2560), 'dataset chunks': (7, 1, 385, 512), 'indexing time (s)': 1.430511474609375e-06, 'chunk number': 1650, 'reduction time (s)': 0.33690953254699707, 'chunks processed': 15, 'storage read (B)': 29686785, 'selection 1 time (s)': 0.33714771270751953}
Thread times [0.027848243713378906, 0.08197617530822754, 0.15262699127197266, 0.15493535995483398, 0.16584324836730957, 0.16749978065490723, 0.17069029808044434, 0.25362610816955566, 0.26195263862609863, 0.2743492126464844, 0.29192662239074707, 0.2943453788757324, 0.30085015296936035, 0.32979488372802734, 0.3431215286254883]
{'args': ((26, 0, slice(0, 960, None), slice(None, None, None)),), 'dataset shape': (40, 11, 1921, 2560), 'dataset chunks': (7, 1, 385, 512), 'indexing time (s)': 1.1920928955078125e-06, 'chunk number': 1650, 'reduction time (s)': 0.3466761112213135, 'chunks processed': 15, 'storage read (B)': 29686785, 'selection 1 time (s)': 0.34691929817199707}
Thread times [0.031767845153808594, 0.08215832710266113, 0.16519641876220703, 0.17100930213928223, 0.165924072265625, 0.16770672798156738, 0.16995620727539062, 0.28762149810791016, 0.2953805923461914, 0.30168914794921875, 0.2997608184814453, 0.2988560199737549, 0.3363776206970215, 0.3382453918457031, 0.3463146686553955]
{'args': ((27, 0, slice(0, 960, None), slice(None, None, None)),), 'dataset shape': (40, 11, 1921, 2560), 'dataset chunks': (7, 1, 385, 512), 'indexing time (s)': 1.1920928955078125e-06, 'chunk number': 1650, 'reduction time (s)': 0.35210180282592773, 'chunks processed': 15, 'storage read (B)': 29686785, 'selection 1 time (s)': 0.3523252010345459}
Thread times [0.09781813621520996, 0.10204410552978516, 0.11767244338989258, 0.13577914237976074, 0.15191125869750977, 0.1762995719909668, 0.1848151683807373, 0.18772506713867188, 0.19022250175476074, 0.19381117820739746, 0.19639945030212402, 0.22991251945495605, 0.23151445388793945, 0.3357987403869629, 0.3404378890991211]
{'args': ((28, 0, slice(0, 960, None), slice(None, None, None)),), 'dataset shape': (40, 11, 1921, 2560), 'dataset chunks': (7, 1, 385, 512), 'indexing time (s)': 1.9073486328125e-06, 'chunk number': 1650, 'reduction time (s)': 0.3455517292022705, 'chunks processed': 15, 'storage read (B)': 29670387, 'selection 1 time (s)': 0.34578728675842285}
Thread times [0.027453899383544922, 0.17014098167419434, 0.17458248138427734, 0.1789848804473877, 0.24794673919677734, 0.25357604026794434, 0.25377726554870605, 0.26030468940734863, 0.26019930839538574, 0.26305365562438965, 0.2612926959991455, 0.27302002906799316, 0.29390978813171387, 0.2998228073120117, 0.30243515968322754]
{'args': ((29, 0, slice(0, 960, None), slice(None, None, None)),), 'dataset shape': (40, 11, 1921, 2560), 'dataset chunks': (7, 1, 385, 512), 'indexing time (s)': 1.430511474609375e-06, 'chunk number': 1650, 'reduction time (s)': 0.31337881088256836, 'chunks processed': 15, 'storage read (B)': 29670387, 'selection 1 time (s)': 0.31362199783325195}
Thread times [0.029760122299194336, 0.11632347106933594, 0.12188434600830078, 0.14817285537719727, 0.2701380252838135, 0.271575927734375, 0.2778770923614502, 0.2771267890930176, 0.2810988426208496, 0.28049254417419434, 0.32762646675109863, 0.328488826751709, 0.33069753646850586, 0.3341512680053711, 0.33182358741760254]
{'args': ((30, 0, slice(0, 960, None), slice(None, None, None)),), 'dataset shape': (40, 11, 1921, 2560), 'dataset chunks': (7, 1, 385, 512), 'indexing time (s)': 1.6689300537109375e-06, 'chunk number': 1650, 'reduction time (s)': 0.34125590324401855, 'chunks processed': 15, 'storage read (B)': 29670387, 'selection 1 time (s)': 0.3414885997772217}
Thread times [0.027797698974609375, 0.09744763374328613, 0.11716008186340332, 0.1201026439666748, 0.1650536060333252, 0.16885852813720703, 0.21206235885620117, 0.21737957000732422, 0.23209762573242188, 0.2396087646484375, 0.24126386642456055, 0.24457812309265137, 0.24229073524475098, 0.24545001983642578, 0.2727673053741455]
{'args': ((31, 0, slice(0, 960, None), slice(None, None, None)),), 'dataset shape': (40, 11, 1921, 2560), 'dataset chunks': (7, 1, 385, 512), 'indexing time (s)': 1.1920928955078125e-06, 'chunk number': 1650, 'reduction time (s)': 0.2798576354980469, 'chunks processed': 15, 'storage read (B)': 29670387, 'selection 1 time (s)': 0.2800726890563965}
Thread times [0.028150558471679688, 0.10707998275756836, 0.12072253227233887, 0.1451561450958252, 0.16906213760375977, 0.1829361915588379, 0.2078993320465088, 0.2576148509979248, 0.2600421905517578, 0.263303279876709, 0.2615821361541748, 0.26914167404174805, 0.27148962020874023, 0.2762796878814697, 0.3375983238220215]
{'args': ((32, 0, slice(0, 960, None), slice(None, None, None)),), 'dataset shape': (40, 11, 1921, 2560), 'dataset chunks': (7, 1, 385, 512), 'indexing time (s)': 1.6689300537109375e-06, 'chunk number': 1650, 'reduction time (s)': 0.34354615211486816, 'chunks processed': 15, 'storage read (B)': 29670387, 'selection 1 time (s)': 0.34377241134643555}
Thread times [0.03132748603820801, 0.1548018455505371, 0.16501307487487793, 0.1805715560913086, 0.18437504768371582, 0.25067782402038574, 0.25528669357299805, 0.2639429569244385, 0.2661862373352051, 0.26479625701904297, 0.27100563049316406, 0.27345919609069824, 0.3257873058319092, 0.3313179016113281, 0.3291797637939453]
{'args': ((33, 0, slice(0, 960, None), slice(None, None, None)),), 'dataset shape': (40, 11, 1921, 2560), 'dataset chunks': (7, 1, 385, 512), 'indexing time (s)': 1.430511474609375e-06, 'chunk number': 1650, 'reduction time (s)': 0.3399691581726074, 'chunks processed': 15, 'storage read (B)': 29670387, 'selection 1 time (s)': 0.34021925926208496}
Thread times [0.030879735946655273, 0.18383383750915527, 0.21509146690368652, 0.22240328788757324, 0.23169898986816406, 0.2393500804901123, 0.2452409267425537, 0.2518479824066162, 0.2557704448699951, 0.29885149002075195, 0.3032393455505371, 0.30298638343811035, 0.3759937286376953, 0.37689709663391113, 0.3805391788482666]
{'args': ((34, 0, slice(0, 960, None), slice(None, None, None)),), 'dataset shape': (40, 11, 1921, 2560), 'dataset chunks': (7, 1, 385, 512), 'indexing time (s)': 1.6689300537109375e-06, 'chunk number': 1650, 'reduction time (s)': 0.3902132511138916, 'chunks processed': 15, 'storage read (B)': 29670387, 'selection 1 time (s)': 0.39047718048095703}
Thread times [0.09612178802490234, 0.1168360710144043, 0.12976336479187012, 0.16896629333496094, 0.20313405990600586, 0.2112133502960205, 0.22366571426391602, 0.24882149696350098, 0.3093686103820801, 0.31276535987854004, 0.3152885437011719, 0.32471489906311035, 0.321155309677124, 0.32065391540527344, 0.32915234565734863]
{'args': ((35, 0, slice(0, 960, None), slice(None, None, None)),), 'dataset shape': (40, 11, 1921, 2560), 'dataset chunks': (7, 1, 385, 512), 'indexing time (s)': 2.1457672119140625e-06, 'chunk number': 1650, 'reduction time (s)': 0.3353133201599121, 'chunks processed': 15, 'storage read (B)': 21287473, 'selection 1 time (s)': 0.33556151390075684}
Thread times [0.03224515914916992, 0.1620643138885498, 0.19922971725463867, 0.20477700233459473, 0.20083332061767578, 0.21149802207946777, 0.21120953559875488, 0.2086801528930664, 0.23634648323059082, 0.2782399654388428, 0.27545833587646484, 0.27947258949279785, 0.2773780822753906, 0.2790200710296631, 0.285306453704834]
{'args': ((36, 0, slice(0, 960, None), slice(None, None, None)),), 'dataset shape': (40, 11, 1921, 2560), 'dataset chunks': (7, 1, 385, 512), 'indexing time (s)': 1.6689300537109375e-06, 'chunk number': 1650, 'reduction time (s)': 0.2947821617126465, 'chunks processed': 15, 'storage read (B)': 21287473, 'selection 1 time (s)': 0.295046329498291}
Thread times [0.02983379364013672, 0.12783026695251465, 0.13812637329101562, 0.15544509887695312, 0.17305231094360352, 0.1741492748260498, 0.1990199089050293, 0.22208714485168457, 0.22921442985534668, 0.2288968563079834, 0.22824668884277344, 0.2662496566772461, 0.26941800117492676, 0.3033938407897949, 0.3066864013671875]
{'args': ((37, 0, slice(0, 960, None), slice(None, None, None)),), 'dataset shape': (40, 11, 1921, 2560), 'dataset chunks': (7, 1, 385, 512), 'indexing time (s)': 2.1457672119140625e-06, 'chunk number': 1650, 'reduction time (s)': 0.3159515857696533, 'chunks processed': 15, 'storage read (B)': 21287473, 'selection 1 time (s)': 0.31623077392578125}
Thread times [0.028934240341186523, 0.13260865211486816, 0.23099422454833984, 0.22779297828674316, 0.2315235137939453, 0.2380826473236084, 0.23720812797546387, 0.24204325675964355, 0.24062776565551758, 0.24437952041625977, 0.24185967445373535, 0.2722334861755371, 0.2812943458557129, 0.28813958168029785, 0.2910909652709961]
{'args': ((38, 0, slice(0, 960, None), slice(None, None, None)),), 'dataset shape': (40, 11, 1921, 2560), 'dataset chunks': (7, 1, 385, 512), 'indexing time (s)': 1.9073486328125e-06, 'chunk number': 1650, 'reduction time (s)': 0.3001267910003662, 'chunks processed': 15, 'storage read (B)': 21287473, 'selection 1 time (s)': 0.3003695011138916}
Thread times [0.03449392318725586, 0.14720606803894043, 0.14627718925476074, 0.14989018440246582, 0.17422056198120117, 0.1814417839050293, 0.1817607879638672, 0.18538689613342285, 0.18473172187805176, 0.21257781982421875, 0.22059249877929688, 0.21923255920410156, 0.26007866859436035, 0.26972126960754395, 0.2714691162109375]
{'args': ((39, 0, slice(0, 960, None), slice(None, None, None)),), 'dataset shape': (40, 11, 1921, 2560), 'dataset chunks': (7, 1, 385, 512), 'indexing time (s)': 1.9073486328125e-06, 'chunk number': 1650, 'reduction time (s)': 0.2794015407562256, 'chunks processed': 15, 'storage read (B)': 21287473, 'selection 1 time (s)': 0.27968335151672363}
[[226.07815104]
 [226.06476563]
 [225.93768229]
 [225.90807292]
 [225.91736979]
 [225.88455729]
 [225.82075521]
 [225.85440104]
 [225.98325521]
 [226.03804687]
 [226.013125  ]
 [226.02328125]
 [226.03770833]
 [226.00476563]
 [225.91765625]
 [225.94036458]
 [225.98721354]
 [225.9146875 ]
 [225.81244792]
 [225.81869792]
 [225.84526042]
 [225.785     ]
 [225.63648438]
 [225.55653646]
 [225.45736979]
 [225.32369792]
 [225.16328125]
 [225.07794271]
 [225.0784375 ]
 [225.10664063]
 [225.17609375]
 [225.36877604]
 [225.57914063]
 [225.69080729]
 [225.72229167]
 [225.82367188]
 [225.93658854]
 [225.96765625]
 [225.91861979]
 [225.9225    ]]
Summary:  sci6-in1:Local (T100,BS1): 0.45s,14.67s,17.14s
