Dataset loaded from S3 with s3fs and Pyfive: bnl/ch330a.pc19790301-def.nc (0.016,0.33)
Thread times [0.09716510772705078, 0.13802194595336914, 0.13735294342041016, 0.1429293155670166, 0.17646408081054688, 0.18361520767211914, 0.2128126621246338, 0.3222072124481201, 0.32806944847106934, 0.5705046653747559, 0.5711066722869873, 0.6148607730865479, 0.7481844425201416, 0.7935583591461182, 0.8725466728210449]
{'load nc time': 0.4080691337585449, 'args': ((0, 0, slice(0, 960, None), slice(None, None, None)),), 'dataset shape': (40, 11, 1921, 2560), 'dataset chunks': (7, 1, 385, 512), 'indexing time (s)': 1.8629794120788574, 'chunk number': 1650, 'reduction time (s)': 0.8790693283081055, 'chunks processed': 15, 'storage read (B)': 29685482, 'selection 1 time (s)': 2.7422919273376465}
Thread times [0.027985572814941406, 0.19886279106140137, 0.24907732009887695, 0.2665588855743408, 0.2831869125366211, 0.28191447257995605, 0.2867293357849121, 0.28887271881103516, 0.28629088401794434, 0.28914308547973633, 0.29037928581237793, 0.32479429244995117, 0.32704639434814453, 0.3936138153076172, 0.39749670028686523]
{'args': ((1, 0, slice(0, 960, None), slice(None, None, None)),), 'dataset shape': (40, 11, 1921, 2560), 'dataset chunks': (7, 1, 385, 512), 'indexing time (s)': 2.1457672119140625e-06, 'chunk number': 1650, 'reduction time (s)': 0.4061088562011719, 'chunks processed': 15, 'storage read (B)': 29685482, 'selection 1 time (s)': 0.40639805793762207}
Thread times [0.04181838035583496, 0.11905264854431152, 0.12337493896484375, 0.1262664794921875, 0.12372422218322754, 0.17804932594299316, 0.19786739349365234, 0.21585965156555176, 0.22825098037719727, 0.3576843738555908, 0.3744847774505615, 0.458646297454834, 0.47344517707824707, 0.4759070873260498, 0.4753844738006592]
{'args': ((2, 0, slice(0, 960, None), slice(None, None, None)),), 'dataset shape': (40, 11, 1921, 2560), 'dataset chunks': (7, 1, 385, 512), 'indexing time (s)': 1.9073486328125e-06, 'chunk number': 1650, 'reduction time (s)': 0.481090784072876, 'chunks processed': 15, 'storage read (B)': 29685482, 'selection 1 time (s)': 0.48137855529785156}
Thread times [0.027345657348632812, 0.17061328887939453, 0.17392468452453613, 0.1785111427307129, 0.17652273178100586, 0.21993589401245117, 0.23543334007263184, 0.24517083168029785, 0.2689826488494873, 0.2643890380859375, 0.27674055099487305, 0.27703070640563965, 0.3132131099700928, 0.3145146369934082, 0.3124983310699463]
{'args': ((3, 0, slice(0, 960, None), slice(None, None, None)),), 'dataset shape': (40, 11, 1921, 2560), 'dataset chunks': (7, 1, 385, 512), 'indexing time (s)': 2.1457672119140625e-06, 'chunk number': 1650, 'reduction time (s)': 0.3212120532989502, 'chunks processed': 15, 'storage read (B)': 29685482, 'selection 1 time (s)': 0.32146739959716797}
Thread times [0.0275576114654541, 0.19889402389526367, 0.21328020095825195, 0.2267169952392578, 0.22939777374267578, 0.2363893985748291, 0.24806833267211914, 0.2565443515777588, 0.2704024314880371, 0.28125667572021484, 0.2945823669433594, 0.2977921962738037, 0.3104262351989746, 0.3245680332183838, 0.3285653591156006]
{'args': ((4, 0, slice(0, 960, None), slice(None, None, None)),), 'dataset shape': (40, 11, 1921, 2560), 'dataset chunks': (7, 1, 385, 512), 'indexing time (s)': 1.6689300537109375e-06, 'chunk number': 1650, 'reduction time (s)': 0.33981871604919434, 'chunks processed': 15, 'storage read (B)': 29685482, 'selection 1 time (s)': 0.34006643295288086}
Thread times [0.029434919357299805, 0.1410079002380371, 0.16871976852416992, 0.1780862808227539, 0.18217253684997559, 0.18057823181152344, 0.19987869262695312, 0.21422123908996582, 0.23706579208374023, 0.25445055961608887, 0.2730109691619873, 0.2746846675872803, 0.361985445022583, 0.368896484375, 0.37143802642822266]
{'args': ((5, 0, slice(0, 960, None), slice(None, None, None)),), 'dataset shape': (40, 11, 1921, 2560), 'dataset chunks': (7, 1, 385, 512), 'indexing time (s)': 2.384185791015625e-06, 'chunk number': 1650, 'reduction time (s)': 0.37970948219299316, 'chunks processed': 15, 'storage read (B)': 29685482, 'selection 1 time (s)': 0.37998056411743164}
Thread times [0.03828573226928711, 0.18068957328796387, 0.2137460708618164, 0.22533273696899414, 0.23516297340393066, 0.26860976219177246, 0.29749441146850586, 0.30371856689453125, 0.30163025856018066, 0.3079800605773926, 0.31406664848327637, 0.3196587562561035, 0.3184390068054199, 0.3212571144104004, 0.3546288013458252]
{'args': ((6, 0, slice(0, 960, None), slice(None, None, None)),), 'dataset shape': (40, 11, 1921, 2560), 'dataset chunks': (7, 1, 385, 512), 'indexing time (s)': 1.6689300537109375e-06, 'chunk number': 1650, 'reduction time (s)': 0.36424946784973145, 'chunks processed': 15, 'storage read (B)': 29685482, 'selection 1 time (s)': 0.364520788192749}
Thread times [0.21868395805358887, 0.2430431842803955, 0.24508166313171387, 0.24041318893432617, 0.24787044525146484, 0.2607264518737793, 0.28369593620300293, 0.352266788482666, 0.39453649520874023, 0.43373775482177734, 0.43317365646362305, 0.5107395648956299, 0.52219557762146, 0.5273125171661377, 0.5273809432983398]
{'args': ((7, 0, slice(0, 960, None), slice(None, None, None)),), 'dataset shape': (40, 11, 1921, 2560), 'dataset chunks': (7, 1, 385, 512), 'indexing time (s)': 1.9073486328125e-06, 'chunk number': 1650, 'reduction time (s)': 0.536689043045044, 'chunks processed': 15, 'storage read (B)': 29701892, 'selection 1 time (s)': 0.5369720458984375}
Thread times [0.03307533264160156, 0.12439799308776855, 0.149031400680542, 0.15128850936889648, 0.16339373588562012, 0.17279791831970215, 0.18173599243164062, 0.20574617385864258, 0.20800399780273438, 0.22380471229553223, 0.3106374740600586, 0.36635470390319824, 0.3906254768371582, 0.4081075191497803, 0.4115784168243408]
{'args': ((8, 0, slice(0, 960, None), slice(None, None, None)),), 'dataset shape': (40, 11, 1921, 2560), 'dataset chunks': (7, 1, 385, 512), 'indexing time (s)': 2.1457672119140625e-06, 'chunk number': 1650, 'reduction time (s)': 0.41662096977233887, 'chunks processed': 15, 'storage read (B)': 29701892, 'selection 1 time (s)': 0.4168984889984131}
Thread times [0.039617300033569336, 0.15019989013671875, 0.15418529510498047, 0.171417236328125, 0.17116141319274902, 0.17247724533081055, 0.19930195808410645, 0.25799059867858887, 0.26917147636413574, 0.281663179397583, 0.2855699062347412, 0.28604578971862793, 0.2864875793457031, 0.3187386989593506, 0.32898736000061035]
{'args': ((9, 0, slice(0, 960, None), slice(None, None, None)),), 'dataset shape': (40, 11, 1921, 2560), 'dataset chunks': (7, 1, 385, 512), 'indexing time (s)': 1.9073486328125e-06, 'chunk number': 1650, 'reduction time (s)': 0.34067463874816895, 'chunks processed': 15, 'storage read (B)': 29701892, 'selection 1 time (s)': 0.34096479415893555}
Thread times [0.02923297882080078, 0.12108802795410156, 0.12883424758911133, 0.1982436180114746, 0.26323771476745605, 0.2650477886199951, 0.26339197158813477, 0.27388429641723633, 0.29189372062683105, 0.302490234375, 0.32498741149902344, 0.32808637619018555, 0.3301215171813965, 0.3383450508117676, 0.33275270462036133]
{'args': ((10, 0, slice(0, 960, None), slice(None, None, None)),), 'dataset shape': (40, 11, 1921, 2560), 'dataset chunks': (7, 1, 385, 512), 'indexing time (s)': 2.1457672119140625e-06, 'chunk number': 1650, 'reduction time (s)': 0.34588170051574707, 'chunks processed': 15, 'storage read (B)': 29701892, 'selection 1 time (s)': 0.3461630344390869}
Thread times [0.037871599197387695, 0.26104307174682617, 0.28159308433532715, 0.29149436950683594, 0.30244922637939453, 0.3026852607727051, 0.31084656715393066, 0.3140394687652588, 0.32566142082214355, 0.3391702175140381, 0.3508584499359131, 0.3602447509765625, 0.3659806251525879, 0.37421393394470215, 0.50642991065979]
{'args': ((11, 0, slice(0, 960, None), slice(None, None, None)),), 'dataset shape': (40, 11, 1921, 2560), 'dataset chunks': (7, 1, 385, 512), 'indexing time (s)': 1.430511474609375e-06, 'chunk number': 1650, 'reduction time (s)': 0.5126023292541504, 'chunks processed': 15, 'storage read (B)': 29701892, 'selection 1 time (s)': 0.5130705833435059}
Thread times [0.03338956832885742, 0.25397157669067383, 0.2670753002166748, 0.2796173095703125, 0.2857065200805664, 0.3012404441833496, 0.32787036895751953, 0.32755303382873535, 0.33154797554016113, 0.3321712017059326, 0.3688068389892578, 0.37851810455322266, 0.37931203842163086, 0.39009594917297363, 0.39239001274108887]
{'args': ((12, 0, slice(0, 960, None), slice(None, None, None)),), 'dataset shape': (40, 11, 1921, 2560), 'dataset chunks': (7, 1, 385, 512), 'indexing time (s)': 3.5762786865234375e-06, 'chunk number': 1650, 'reduction time (s)': 0.4036736488342285, 'chunks processed': 15, 'storage read (B)': 29701892, 'selection 1 time (s)': 0.4040675163269043}
Thread times [0.03280901908874512, 0.21665048599243164, 0.2490842342376709, 0.24954843521118164, 0.2591409683227539, 0.26995038986206055, 0.27155280113220215, 0.2751476764678955, 0.27791357040405273, 0.31201601028442383, 0.3190631866455078, 0.32462382316589355, 0.3250143527984619, 0.3780841827392578, 0.41580796241760254]
{'args': ((13, 0, slice(0, 960, None), slice(None, None, None)),), 'dataset shape': (40, 11, 1921, 2560), 'dataset chunks': (7, 1, 385, 512), 'indexing time (s)': 1.430511474609375e-06, 'chunk number': 1650, 'reduction time (s)': 0.42139720916748047, 'chunks processed': 15, 'storage read (B)': 29701892, 'selection 1 time (s)': 0.42168188095092773}
Thread times [0.14306879043579102, 0.16177153587341309, 0.1665658950805664, 0.16619205474853516, 0.1691417694091797, 0.20641803741455078, 0.21367192268371582, 0.2654082775115967, 0.283008337020874, 0.2877991199493408, 0.29744720458984375, 0.30239343643188477, 0.3022119998931885, 0.3056800365447998, 0.332003116607666]
{'args': ((14, 0, slice(0, 960, None), slice(None, None, None)),), 'dataset shape': (40, 11, 1921, 2560), 'dataset chunks': (7, 1, 385, 512), 'indexing time (s)': 1.1920928955078125e-06, 'chunk number': 1650, 'reduction time (s)': 0.33445072174072266, 'chunks processed': 15, 'storage read (B)': 29733505, 'selection 1 time (s)': 0.33471202850341797}
Thread times [0.02901434898376465, 0.16475558280944824, 0.18193864822387695, 0.20515942573547363, 0.20908403396606445, 0.21922087669372559, 0.22109460830688477, 0.22184991836547852, 0.22265172004699707, 0.2258617877960205, 0.22491192817687988, 0.27356910705566406, 0.27387332916259766, 0.28070926666259766, 0.29204678535461426]
{'args': ((15, 0, slice(0, 960, None), slice(None, None, None)),), 'dataset shape': (40, 11, 1921, 2560), 'dataset chunks': (7, 1, 385, 512), 'indexing time (s)': 1.6689300537109375e-06, 'chunk number': 1650, 'reduction time (s)': 0.296917200088501, 'chunks processed': 15, 'storage read (B)': 29733505, 'selection 1 time (s)': 0.2971658706665039}
Thread times [0.029257535934448242, 0.22031593322753906, 0.23837494850158691, 0.24153518676757812, 0.24489736557006836, 0.24648094177246094, 0.29165053367614746, 0.30086803436279297, 0.3133585453033447, 0.313570499420166, 0.31838512420654297, 0.315554141998291, 0.3205547332763672, 0.35494112968444824, 0.35722851753234863]
{'args': ((16, 0, slice(0, 960, None), slice(None, None, None)),), 'dataset shape': (40, 11, 1921, 2560), 'dataset chunks': (7, 1, 385, 512), 'indexing time (s)': 1.9073486328125e-06, 'chunk number': 1650, 'reduction time (s)': 0.3621714115142822, 'chunks processed': 15, 'storage read (B)': 29733505, 'selection 1 time (s)': 0.3624236583709717}
Thread times [0.02776026725769043, 0.1677694320678711, 0.1717836856842041, 0.17450618743896484, 0.17537879943847656, 0.2144310474395752, 0.22119426727294922, 0.22684669494628906, 0.22819828987121582, 0.23127007484436035, 0.28664541244506836, 0.2874727249145508, 0.2930922508239746, 0.29431653022766113, 0.30051422119140625]
{'args': ((17, 0, slice(0, 960, None), slice(None, None, None)),), 'dataset shape': (40, 11, 1921, 2560), 'dataset chunks': (7, 1, 385, 512), 'indexing time (s)': 7.152557373046875e-07, 'chunk number': 1650, 'reduction time (s)': 0.30229640007019043, 'chunks processed': 15, 'storage read (B)': 29733505, 'selection 1 time (s)': 0.3024928569793701}
Thread times [0.027645349502563477, 0.16210722923278809, 0.1665036678314209, 0.16785645484924316, 0.17160296440124512, 0.17304444313049316, 0.23916172981262207, 0.24236345291137695, 0.24645543098449707, 0.24562978744506836, 0.28240251541137695, 0.28453850746154785, 0.31139445304870605, 0.31547045707702637, 0.3252906799316406]
{'args': ((18, 0, slice(0, 960, None), slice(None, None, None)),), 'dataset shape': (40, 11, 1921, 2560), 'dataset chunks': (7, 1, 385, 512), 'indexing time (s)': 1.430511474609375e-06, 'chunk number': 1650, 'reduction time (s)': 0.3282020092010498, 'chunks processed': 15, 'storage read (B)': 29733505, 'selection 1 time (s)': 0.3284647464752197}
Thread times [0.03040146827697754, 0.17105388641357422, 0.18016839027404785, 0.1885380744934082, 0.19082903861999512, 0.19005417823791504, 0.21804285049438477, 0.23197317123413086, 0.2342689037322998, 0.23263168334960938, 0.23902106285095215, 0.269547700881958, 0.2842390537261963, 0.285402774810791, 0.28752803802490234]
{'args': ((19, 0, slice(0, 960, None), slice(None, None, None)),), 'dataset shape': (40, 11, 1921, 2560), 'dataset chunks': (7, 1, 385, 512), 'indexing time (s)': 1.1920928955078125e-06, 'chunk number': 1650, 'reduction time (s)': 0.2946476936340332, 'chunks processed': 15, 'storage read (B)': 29733505, 'selection 1 time (s)': 0.2949233055114746}
Thread times [0.03104543685913086, 0.19386816024780273, 0.2030191421508789, 0.20487618446350098, 0.2158799171447754, 0.21708917617797852, 0.24451088905334473, 0.25281429290771484, 0.29703283309936523, 0.30614686012268066, 0.3086364269256592, 0.31515073776245117, 0.32288122177124023, 0.3200569152832031, 0.3510286808013916]
{'args': ((20, 0, slice(0, 960, None), slice(None, None, None)),), 'dataset shape': (40, 11, 1921, 2560), 'dataset chunks': (7, 1, 385, 512), 'indexing time (s)': 1.1920928955078125e-06, 'chunk number': 1650, 'reduction time (s)': 0.3587660789489746, 'chunks processed': 15, 'storage read (B)': 29733505, 'selection 1 time (s)': 0.35906219482421875}
Thread times [0.16109895706176758, 0.16808056831359863, 0.17816925048828125, 0.17802953720092773, 0.17806482315063477, 0.2661566734313965, 0.3064718246459961, 0.3076596260070801, 0.3093886375427246, 0.3097355365753174, 0.43629884719848633, 0.46276044845581055, 0.47522640228271484, 0.5098295211791992, 0.5140120983123779]
{'args': ((21, 0, slice(0, 960, None), slice(None, None, None)),), 'dataset shape': (40, 11, 1921, 2560), 'dataset chunks': (7, 1, 385, 512), 'indexing time (s)': 1.6689300537109375e-06, 'chunk number': 1650, 'reduction time (s)': 0.5186965465545654, 'chunks processed': 15, 'storage read (B)': 29686785, 'selection 1 time (s)': 0.5189940929412842}
Thread times [0.030075550079345703, 0.14975976943969727, 0.1571965217590332, 0.16104888916015625, 0.16210126876831055, 0.1623988151550293, 0.2054893970489502, 0.27549147605895996, 0.27530837059020996, 0.273059606552124, 0.27815723419189453, 0.2849702835083008, 0.29387831687927246, 0.30205225944519043, 0.3483915328979492]
{'args': ((22, 0, slice(0, 960, None), slice(None, None, None)),), 'dataset shape': (40, 11, 1921, 2560), 'dataset chunks': (7, 1, 385, 512), 'indexing time (s)': 1.430511474609375e-06, 'chunk number': 1650, 'reduction time (s)': 0.3556382656097412, 'chunks processed': 15, 'storage read (B)': 29686785, 'selection 1 time (s)': 0.35591578483581543}
Thread times [0.029335498809814453, 0.1767749786376953, 0.17943620681762695, 0.18431878089904785, 0.18928766250610352, 0.1904315948486328, 0.21456551551818848, 0.2494981288909912, 0.2858164310455322, 0.28613805770874023, 0.2884833812713623, 0.38443660736083984, 0.393721342086792, 0.3940579891204834, 0.3963356018066406]
{'args': ((23, 0, slice(0, 960, None), slice(None, None, None)),), 'dataset shape': (40, 11, 1921, 2560), 'dataset chunks': (7, 1, 385, 512), 'indexing time (s)': 1.6689300537109375e-06, 'chunk number': 1650, 'reduction time (s)': 0.4007384777069092, 'chunks processed': 15, 'storage read (B)': 29686785, 'selection 1 time (s)': 0.4010186195373535}
Thread times [0.026494979858398438, 0.202836275100708, 0.20260882377624512, 0.20653033256530762, 0.21222257614135742, 0.21375703811645508, 0.21637797355651855, 0.21928834915161133, 0.24794697761535645, 0.25522279739379883, 0.2543485164642334, 0.3635380268096924, 0.39244890213012695, 0.39485597610473633, 0.39789509773254395]
{'args': ((24, 0, slice(0, 960, None), slice(None, None, None)),), 'dataset shape': (40, 11, 1921, 2560), 'dataset chunks': (7, 1, 385, 512), 'indexing time (s)': 1.430511474609375e-06, 'chunk number': 1650, 'reduction time (s)': 0.403836727142334, 'chunks processed': 15, 'storage read (B)': 29686785, 'selection 1 time (s)': 0.4041438102722168}
Thread times [0.031165361404418945, 0.13980436325073242, 0.15131092071533203, 0.15520000457763672, 0.15690159797668457, 0.15766453742980957, 0.25432538986206055, 0.2823638916015625, 0.2928471565246582, 0.2929089069366455, 0.29524731636047363, 0.3674299716949463, 0.37204647064208984, 0.3729240894317627, 0.4000234603881836]
{'args': ((25, 0, slice(0, 960, None), slice(None, None, None)),), 'dataset shape': (40, 11, 1921, 2560), 'dataset chunks': (7, 1, 385, 512), 'indexing time (s)': 1.1920928955078125e-06, 'chunk number': 1650, 'reduction time (s)': 0.40594005584716797, 'chunks processed': 15, 'storage read (B)': 29686785, 'selection 1 time (s)': 0.40622615814208984}
Thread times [0.028566360473632812, 0.0853421688079834, 0.2024991512298584, 0.20619535446166992, 0.2050926685333252, 0.17464804649353027, 0.2239818572998047, 0.31308650970458984, 0.28537797927856445, 0.3522064685821533, 0.35634756088256836, 0.36182737350463867, 0.31531333923339844, 0.3423421382904053, 0.34977173805236816]
{'args': ((26, 0, slice(0, 960, None), slice(None, None, None)),), 'dataset shape': (40, 11, 1921, 2560), 'dataset chunks': (7, 1, 385, 512), 'indexing time (s)': 1.1920928955078125e-06, 'chunk number': 1650, 'reduction time (s)': 0.40337562561035156, 'chunks processed': 15, 'storage read (B)': 29686785, 'selection 1 time (s)': 0.4036386013031006}
Thread times [0.028003931045532227, 0.12462520599365234, 0.12658095359802246, 0.14945745468139648, 0.1611006259918213, 0.1620776653289795, 0.18432974815368652, 0.21105122566223145, 0.26053690910339355, 0.2706124782562256, 0.3328287601470947, 0.3398101329803467, 0.3408389091491699, 0.36930084228515625, 0.3736608028411865]
{'args': ((27, 0, slice(0, 960, None), slice(None, None, None)),), 'dataset shape': (40, 11, 1921, 2560), 'dataset chunks': (7, 1, 385, 512), 'indexing time (s)': 9.5367431640625e-07, 'chunk number': 1650, 'reduction time (s)': 0.3758878707885742, 'chunks processed': 15, 'storage read (B)': 29686785, 'selection 1 time (s)': 0.3761100769042969}
Thread times [0.10405135154724121, 0.14150023460388184, 0.16040539741516113, 0.16472649574279785, 0.16611385345458984, 0.16711068153381348, 0.17237281799316406, 0.20501136779785156, 0.20458292961120605, 0.21038413047790527, 0.2142789363861084, 0.22033405303955078, 0.235673189163208, 0.24363183975219727, 0.31401777267456055]
{'args': ((28, 0, slice(0, 960, None), slice(None, None, None)),), 'dataset shape': (40, 11, 1921, 2560), 'dataset chunks': (7, 1, 385, 512), 'indexing time (s)': 1.430511474609375e-06, 'chunk number': 1650, 'reduction time (s)': 0.3175942897796631, 'chunks processed': 15, 'storage read (B)': 29670387, 'selection 1 time (s)': 0.3178675174713135}
Thread times [0.027225732803344727, 0.13296294212341309, 0.13759803771972656, 0.14046645164489746, 0.1529860496520996, 0.15340375900268555, 0.20069289207458496, 0.20537257194519043, 0.20480561256408691, 0.21651363372802734, 0.21244549751281738, 0.21899700164794922, 0.22395086288452148, 0.2381916046142578, 0.25154638290405273]
{'args': ((29, 0, slice(0, 960, None), slice(None, None, None)),), 'dataset shape': (40, 11, 1921, 2560), 'dataset chunks': (7, 1, 385, 512), 'indexing time (s)': 1.6689300537109375e-06, 'chunk number': 1650, 'reduction time (s)': 0.25780606269836426, 'chunks processed': 15, 'storage read (B)': 29670387, 'selection 1 time (s)': 0.2580692768096924}
Thread times [0.023870229721069336, 0.15203452110290527, 0.17299795150756836, 0.19685935974121094, 0.20854854583740234, 0.21256589889526367, 0.2133028507232666, 0.21808528900146484, 0.21915268898010254, 0.21938347816467285, 0.2230069637298584, 0.25377726554870605, 0.3585541248321533, 0.3610191345214844, 0.36413073539733887]
{'args': ((30, 0, slice(0, 960, None), slice(None, None, None)),), 'dataset shape': (40, 11, 1921, 2560), 'dataset chunks': (7, 1, 385, 512), 'indexing time (s)': 1.6689300537109375e-06, 'chunk number': 1650, 'reduction time (s)': 0.3700113296508789, 'chunks processed': 15, 'storage read (B)': 29670387, 'selection 1 time (s)': 0.37029123306274414}
Thread times [0.028798341751098633, 0.11942934989929199, 0.13571834564208984, 0.1522657871246338, 0.15600180625915527, 0.1545851230621338, 0.1873157024383545, 0.19922566413879395, 0.20248866081237793, 0.21254539489746094, 0.21296477317810059, 0.22077393531799316, 0.23131084442138672, 0.23018479347229004, 0.2579915523529053]
{'args': ((31, 0, slice(0, 960, None), slice(None, None, None)),), 'dataset shape': (40, 11, 1921, 2560), 'dataset chunks': (7, 1, 385, 512), 'indexing time (s)': 1.430511474609375e-06, 'chunk number': 1650, 'reduction time (s)': 0.26518869400024414, 'chunks processed': 15, 'storage read (B)': 29670387, 'selection 1 time (s)': 0.26545047760009766}
Thread times [0.02581477165222168, 0.18809008598327637, 0.19027161598205566, 0.19217681884765625, 0.19998955726623535, 0.20575976371765137, 0.2323927879333496, 0.24722528457641602, 0.25255465507507324, 0.2524149417877197, 0.2578713893890381, 0.2830159664154053, 0.37731480598449707, 0.3798394203186035, 0.38269853591918945]
{'args': ((32, 0, slice(0, 960, None), slice(None, None, None)),), 'dataset shape': (40, 11, 1921, 2560), 'dataset chunks': (7, 1, 385, 512), 'indexing time (s)': 1.1920928955078125e-06, 'chunk number': 1650, 'reduction time (s)': 0.3880476951599121, 'chunks processed': 15, 'storage read (B)': 29670387, 'selection 1 time (s)': 0.3882462978363037}
Thread times [0.024240732192993164, 0.12981152534484863, 0.16294646263122559, 0.1674480438232422, 0.1669905185699463, 0.2047443389892578, 0.2180013656616211, 0.22658872604370117, 0.23758387565612793, 0.2392876148223877, 0.2543630599975586, 0.2574193477630615, 0.2563166618347168, 0.26355814933776855, 0.26410984992980957]
{'args': ((33, 0, slice(0, 960, None), slice(None, None, None)),), 'dataset shape': (40, 11, 1921, 2560), 'dataset chunks': (7, 1, 385, 512), 'indexing time (s)': 1.430511474609375e-06, 'chunk number': 1650, 'reduction time (s)': 0.2705554962158203, 'chunks processed': 15, 'storage read (B)': 29670387, 'selection 1 time (s)': 0.2708089351654053}
Thread times [0.024033546447753906, 0.12429165840148926, 0.1402897834777832, 0.14340448379516602, 0.14786958694458008, 0.1801135540008545, 0.1938648223876953, 0.2093367576599121, 0.20955944061279297, 0.22117972373962402, 0.2214200496673584, 0.2241058349609375, 0.23589754104614258, 0.2530539035797119, 0.34279370307922363]
{'args': ((34, 0, slice(0, 960, None), slice(None, None, None)),), 'dataset shape': (40, 11, 1921, 2560), 'dataset chunks': (7, 1, 385, 512), 'indexing time (s)': 1.430511474609375e-06, 'chunk number': 1650, 'reduction time (s)': 0.3460524082183838, 'chunks processed': 15, 'storage read (B)': 29670387, 'selection 1 time (s)': 0.3463132381439209}
Thread times [0.08819079399108887, 0.11885952949523926, 0.13637256622314453, 0.14812135696411133, 0.14997220039367676, 0.15975666046142578, 0.18299365043640137, 0.18546390533447266, 0.18403863906860352, 0.18729209899902344, 0.2264118194580078, 0.23909401893615723, 0.2410888671875, 0.24255704879760742, 0.24469470977783203]
{'args': ((35, 0, slice(0, 960, None), slice(None, None, None)),), 'dataset shape': (40, 11, 1921, 2560), 'dataset chunks': (7, 1, 385, 512), 'indexing time (s)': 1.9073486328125e-06, 'chunk number': 1650, 'reduction time (s)': 0.2480335235595703, 'chunks processed': 15, 'storage read (B)': 21287473, 'selection 1 time (s)': 0.24830222129821777}
Thread times [0.02727365493774414, 0.1388695240020752, 0.1500086784362793, 0.15305089950561523, 0.15199899673461914, 0.19175195693969727, 0.20537567138671875, 0.21352934837341309, 0.20911502838134766, 0.2148747444152832, 0.21452546119689941, 0.2133951187133789, 0.23543834686279297, 0.2894883155822754, 0.2923164367675781]
{'args': ((36, 0, slice(0, 960, None), slice(None, None, None)),), 'dataset shape': (40, 11, 1921, 2560), 'dataset chunks': (7, 1, 385, 512), 'indexing time (s)': 1.1920928955078125e-06, 'chunk number': 1650, 'reduction time (s)': 0.2998332977294922, 'chunks processed': 15, 'storage read (B)': 21287473, 'selection 1 time (s)': 0.300107479095459}
Thread times [0.02704000473022461, 0.19697046279907227, 0.20203709602355957, 0.20692873001098633, 0.209397554397583, 0.21036171913146973, 0.22762680053710938, 0.24442291259765625, 0.2439579963684082, 0.2534213066101074, 0.25488829612731934, 0.29008913040161133, 0.29220104217529297, 0.2933635711669922, 0.2943229675292969]
{'args': ((37, 0, slice(0, 960, None), slice(None, None, None)),), 'dataset shape': (40, 11, 1921, 2560), 'dataset chunks': (7, 1, 385, 512), 'indexing time (s)': 1.1920928955078125e-06, 'chunk number': 1650, 'reduction time (s)': 0.3012959957122803, 'chunks processed': 15, 'storage read (B)': 21287473, 'selection 1 time (s)': 0.3015577793121338}
Thread times [0.02505803108215332, 0.10155248641967773, 0.10703277587890625, 0.12052416801452637, 0.17763948440551758, 0.20188403129577637, 0.21549272537231445, 0.21685576438903809, 0.21555542945861816, 0.2584340572357178, 0.25948667526245117, 0.267871618270874, 0.26778483390808105, 0.27012133598327637, 0.2771642208099365]
{'args': ((38, 0, slice(0, 960, None), slice(None, None, None)),), 'dataset shape': (40, 11, 1921, 2560), 'dataset chunks': (7, 1, 385, 512), 'indexing time (s)': 1.6689300537109375e-06, 'chunk number': 1650, 'reduction time (s)': 0.2830650806427002, 'chunks processed': 15, 'storage read (B)': 21287473, 'selection 1 time (s)': 0.28333282470703125}
Thread times [0.02652120590209961, 0.18165946006774902, 0.199446439743042, 0.19998431205749512, 0.20152544975280762, 0.27414870262145996, 0.2765209674835205, 0.2774085998535156, 0.2770411968231201, 0.27782607078552246, 0.27886009216308594, 0.2800729274749756, 0.33707165718078613, 0.33833956718444824, 0.33940768241882324]
{'args': ((39, 0, slice(0, 960, None), slice(None, None, None)),), 'dataset shape': (40, 11, 1921, 2560), 'dataset chunks': (7, 1, 385, 512), 'indexing time (s)': 1.9073486328125e-06, 'chunk number': 1650, 'reduction time (s)': 0.3428304195404053, 'chunks processed': 15, 'storage read (B)': 21287473, 'selection 1 time (s)': 0.3430771827697754}
[[226.07815104]
 [226.06473958]
 [225.93765625]
 [225.90807292]
 [225.91736979]
 [225.88455729]
 [225.82075521]
 [225.85440104]
 [225.98328125]
 [226.03807292]
 [226.01315104]
 [226.02328125]
 [226.03770833]
 [226.00479167]
 [225.91765625]
 [225.94033854]
 [225.98721354]
 [225.9146875 ]
 [225.81244792]
 [225.81869792]
 [225.84526042]
 [225.78497396]
 [225.63648438]
 [225.55653646]
 [225.45736979]
 [225.32369792]
 [225.16325521]
 [225.07794271]
 [225.07846354]
 [225.10661458]
 [225.17606771]
 [225.36877604]
 [225.57911458]
 [225.69080729]
 [225.72229167]
 [225.82369792]
 [225.93658854]
 [225.96763021]
 [225.91864583]
 [225.9225    ]]
Summary:  sci6-in1:Local (T100,BS1): 0.408s,14.98s,17.27s
