Dataset loaded from S3 with s3fs and Pyfive: bnl/ch330a.pc19790301-def.nc (0.017,0.32)
Thread times [0.21616768836975098, 0.2140214443206787, 0.22192859649658203, 0.2277841567993164, 0.22551703453063965, 0.2637636661529541, 0.26870274543762207, 0.27712059020996094, 0.31017613410949707, 0.376720666885376, 0.3725247383117676, 0.3808321952819824, 0.4193432331085205, 0.4225430488586426, 0.42811059951782227]
{'load nc time': 0.3965909481048584, 'args': ((0, 0, slice(0, 960, None), slice(None, None, None)),), 'dataset shape': (40, 11, 1921, 2560), 'dataset chunks': (7, 1, 385, 512), 'indexing time (s)': 2.0594823360443115, 'chunk number': 1650, 'reduction time (s)': 0.4331319332122803, 'chunks processed': 15, 'storage read (B)': 29685482, 'selection 1 time (s)': 2.4928715229034424}
Thread times [0.03162956237792969, 0.2044665813446045, 0.23679304122924805, 0.24160385131835938, 0.29351186752319336, 0.30132460594177246, 0.3074939250946045, 0.3089258670806885, 0.31981778144836426, 0.34560060501098633, 0.36206579208374023, 0.3651456832885742, 0.36448001861572266, 0.36644649505615234, 0.3947732448577881]
{'args': ((1, 0, slice(0, 960, None), slice(None, None, None)),), 'dataset shape': (40, 11, 1921, 2560), 'dataset chunks': (7, 1, 385, 512), 'indexing time (s)': 2.1457672119140625e-06, 'chunk number': 1650, 'reduction time (s)': 0.4047844409942627, 'chunks processed': 15, 'storage read (B)': 29685482, 'selection 1 time (s)': 0.4050264358520508}
Thread times [0.028842687606811523, 0.18196606636047363, 0.2029590606689453, 0.20222711563110352, 0.205078125, 0.20801854133605957, 0.28371477127075195, 0.3671295642852783, 0.39547300338745117, 0.409531831741333, 0.41071629524230957, 0.4593985080718994, 0.4731416702270508, 0.47657132148742676, 0.4780619144439697]
{'args': ((2, 0, slice(0, 960, None), slice(None, None, None)),), 'dataset shape': (40, 11, 1921, 2560), 'dataset chunks': (7, 1, 385, 512), 'indexing time (s)': 1.6689300537109375e-06, 'chunk number': 1650, 'reduction time (s)': 0.4810652732849121, 'chunks processed': 15, 'storage read (B)': 29685482, 'selection 1 time (s)': 0.48130226135253906}
Thread times [0.03459000587463379, 0.19646692276000977, 0.21051573753356934, 0.21249175071716309, 0.21385431289672852, 0.25168824195861816, 0.3109402656555176, 0.34702634811401367, 0.3775317668914795, 0.381237268447876, 0.38243889808654785, 0.3780097961425781, 0.37872791290283203, 0.38143086433410645, 0.3874623775482178]
{'args': ((3, 0, slice(0, 960, None), slice(None, None, None)),), 'dataset shape': (40, 11, 1921, 2560), 'dataset chunks': (7, 1, 385, 512), 'indexing time (s)': 1.1920928955078125e-06, 'chunk number': 1650, 'reduction time (s)': 0.3957865238189697, 'chunks processed': 15, 'storage read (B)': 29685482, 'selection 1 time (s)': 0.39603424072265625}
Thread times [0.03865671157836914, 0.15619730949401855, 0.18308067321777344, 0.21972870826721191, 0.2552471160888672, 0.2615349292755127, 0.284381628036499, 0.3220555782318115, 0.35120511054992676, 0.35528063774108887, 0.353363037109375, 0.35926365852355957, 0.3602595329284668, 0.3937337398529053, 0.4017620086669922]
{'args': ((4, 0, slice(0, 960, None), slice(None, None, None)),), 'dataset shape': (40, 11, 1921, 2560), 'dataset chunks': (7, 1, 385, 512), 'indexing time (s)': 1.430511474609375e-06, 'chunk number': 1650, 'reduction time (s)': 0.40573763847351074, 'chunks processed': 15, 'storage read (B)': 29685482, 'selection 1 time (s)': 0.40599799156188965}
Thread times [0.029793977737426758, 0.19927072525024414, 0.23890185356140137, 0.241286039352417, 0.2788863182067871, 0.2789802551269531, 0.291384220123291, 0.3118891716003418, 0.31931567192077637, 0.3556540012359619, 0.361727237701416, 0.36026573181152344, 0.3632338047027588, 0.3673412799835205, 0.374086856842041]
{'args': ((5, 0, slice(0, 960, None), slice(None, None, None)),), 'dataset shape': (40, 11, 1921, 2560), 'dataset chunks': (7, 1, 385, 512), 'indexing time (s)': 1.430511474609375e-06, 'chunk number': 1650, 'reduction time (s)': 0.3766796588897705, 'chunks processed': 15, 'storage read (B)': 29685482, 'selection 1 time (s)': 0.37693047523498535}
Thread times [0.031444549560546875, 0.15666723251342773, 0.16126275062561035, 0.1648235321044922, 0.16621994972229004, 0.16602683067321777, 0.22796940803527832, 0.22740888595581055, 0.22993135452270508, 0.28032636642456055, 0.39499855041503906, 0.4040713310241699, 0.4073638916015625, 0.4088022708892822, 0.4125843048095703]
{'args': ((6, 0, slice(0, 960, None), slice(None, None, None)),), 'dataset shape': (40, 11, 1921, 2560), 'dataset chunks': (7, 1, 385, 512), 'indexing time (s)': 1.9073486328125e-06, 'chunk number': 1650, 'reduction time (s)': 0.41547417640686035, 'chunks processed': 15, 'storage read (B)': 29685482, 'selection 1 time (s)': 0.4157426357269287}
Thread times [0.12979698181152344, 0.15494418144226074, 0.16065454483032227, 0.15924763679504395, 0.16398024559020996, 0.3271152973175049, 0.3580648899078369, 0.3664088249206543, 0.37499117851257324, 0.3792438507080078, 0.4114868640899658, 0.41356778144836426, 0.4382967948913574, 0.4528920650482178, 0.461806058883667]
{'args': ((7, 0, slice(0, 960, None), slice(None, None, None)),), 'dataset shape': (40, 11, 1921, 2560), 'dataset chunks': (7, 1, 385, 512), 'indexing time (s)': 1.430511474609375e-06, 'chunk number': 1650, 'reduction time (s)': 0.46576809883117676, 'chunks processed': 15, 'storage read (B)': 29701892, 'selection 1 time (s)': 0.46601414680480957}
Thread times [0.06831598281860352, 0.19956278800964355, 0.20147132873535156, 0.2026994228363037, 0.20722365379333496, 0.20884466171264648, 0.3152000904083252, 0.31511974334716797, 0.3225383758544922, 0.33501672744750977, 0.33670735359191895, 0.41755175590515137, 0.41903233528137207, 0.420438289642334, 0.4221508502960205]
{'args': ((8, 0, slice(0, 960, None), slice(None, None, None)),), 'dataset shape': (40, 11, 1921, 2560), 'dataset chunks': (7, 1, 385, 512), 'indexing time (s)': 9.5367431640625e-07, 'chunk number': 1650, 'reduction time (s)': 0.429675817489624, 'chunks processed': 15, 'storage read (B)': 29701892, 'selection 1 time (s)': 0.42990899085998535}
Thread times [0.03960418701171875, 0.24424386024475098, 0.27374720573425293, 0.27480530738830566, 0.28568124771118164, 0.28477978706359863, 0.33516645431518555, 0.3416919708251953, 0.34331560134887695, 0.34349608421325684, 0.34577178955078125, 0.37971973419189453, 0.38627123832702637, 0.39911890029907227, 0.4603269100189209]
{'args': ((9, 0, slice(0, 960, None), slice(None, None, None)),), 'dataset shape': (40, 11, 1921, 2560), 'dataset chunks': (7, 1, 385, 512), 'indexing time (s)': 1.1920928955078125e-06, 'chunk number': 1650, 'reduction time (s)': 0.4655497074127197, 'chunks processed': 15, 'storage read (B)': 29701892, 'selection 1 time (s)': 0.4658322334289551}
Thread times [0.029676437377929688, 0.13850140571594238, 0.14806389808654785, 0.16301941871643066, 0.16689538955688477, 0.17008256912231445, 0.23072171211242676, 0.2356281280517578, 0.2368617057800293, 0.23813986778259277, 0.32275962829589844, 0.3574838638305664, 0.3608567714691162, 0.39783549308776855, 0.39925432205200195]
{'args': ((10, 0, slice(0, 960, None), slice(None, None, None)),), 'dataset shape': (40, 11, 1921, 2560), 'dataset chunks': (7, 1, 385, 512), 'indexing time (s)': 1.1920928955078125e-06, 'chunk number': 1650, 'reduction time (s)': 0.40436387062072754, 'chunks processed': 15, 'storage read (B)': 29701892, 'selection 1 time (s)': 0.40465354919433594}
Thread times [0.03455162048339844, 0.15906357765197754, 0.16075849533081055, 0.166642427444458, 0.16423988342285156, 0.17037463188171387, 0.3016092777252197, 0.30570220947265625, 0.3260223865509033, 0.342864990234375, 0.34736013412475586, 0.35701441764831543, 0.3572561740875244, 0.3707859516143799, 0.37665820121765137]
{'args': ((11, 0, slice(0, 960, None), slice(None, None, None)),), 'dataset shape': (40, 11, 1921, 2560), 'dataset chunks': (7, 1, 385, 512), 'indexing time (s)': 1.430511474609375e-06, 'chunk number': 1650, 'reduction time (s)': 0.38425111770629883, 'chunks processed': 15, 'storage read (B)': 29701892, 'selection 1 time (s)': 0.38452696800231934}
Thread times [0.0313715934753418, 0.25616455078125, 0.2586798667907715, 0.2774205207824707, 0.2957732677459717, 0.2989656925201416, 0.31656312942504883, 0.3377068042755127, 0.34252333641052246, 0.3411238193511963, 0.38141703605651855, 0.38303089141845703, 0.38710641860961914, 0.4227454662322998, 0.4669063091278076]
{'args': ((12, 0, slice(0, 960, None), slice(None, None, None)),), 'dataset shape': (40, 11, 1921, 2560), 'dataset chunks': (7, 1, 385, 512), 'indexing time (s)': 1.6689300537109375e-06, 'chunk number': 1650, 'reduction time (s)': 0.47255825996398926, 'chunks processed': 15, 'storage read (B)': 29701892, 'selection 1 time (s)': 0.47283124923706055}
Thread times [0.02974081039428711, 0.17829561233520508, 0.18303394317626953, 0.1751081943511963, 0.1793990135192871, 0.18526506423950195, 0.25923609733581543, 0.26081323623657227, 0.2613093852996826, 0.2635641098022461, 0.38803863525390625, 0.40877604484558105, 0.4590158462524414, 0.4610018730163574, 0.463634729385376]
{'args': ((13, 0, slice(0, 960, None), slice(None, None, None)),), 'dataset shape': (40, 11, 1921, 2560), 'dataset chunks': (7, 1, 385, 512), 'indexing time (s)': 1.430511474609375e-06, 'chunk number': 1650, 'reduction time (s)': 0.47366905212402344, 'chunks processed': 15, 'storage read (B)': 29701892, 'selection 1 time (s)': 0.47393178939819336}
Thread times [0.16025757789611816, 0.16126513481140137, 0.18225979804992676, 0.18369555473327637, 0.18605923652648926, 0.21975445747375488, 0.23120856285095215, 0.29739880561828613, 0.3009974956512451, 0.3020205497741699, 0.3034696578979492, 0.3070704936981201, 0.34923338890075684, 0.3512592315673828, 0.35375070571899414]
{'args': ((14, 0, slice(0, 960, None), slice(None, None, None)),), 'dataset shape': (40, 11, 1921, 2560), 'dataset chunks': (7, 1, 385, 512), 'indexing time (s)': 1.1920928955078125e-06, 'chunk number': 1650, 'reduction time (s)': 0.3557732105255127, 'chunks processed': 15, 'storage read (B)': 29733505, 'selection 1 time (s)': 0.3560454845428467}
Thread times [0.03139758110046387, 0.17426133155822754, 0.19178271293640137, 0.2008960247039795, 0.20998883247375488, 0.2295241355895996, 0.23267507553100586, 0.23290586471557617, 0.23494505882263184, 0.24143719673156738, 0.29638242721557617, 0.29796767234802246, 0.30013513565063477, 0.30258727073669434, 0.3036956787109375]
{'args': ((15, 0, slice(0, 960, None), slice(None, None, None)),), 'dataset shape': (40, 11, 1921, 2560), 'dataset chunks': (7, 1, 385, 512), 'indexing time (s)': 1.6689300537109375e-06, 'chunk number': 1650, 'reduction time (s)': 0.3093388080596924, 'chunks processed': 15, 'storage read (B)': 29733505, 'selection 1 time (s)': 0.30961084365844727}
Thread times [0.03135228157043457, 0.22548747062683105, 0.23256349563598633, 0.23430204391479492, 0.23448729515075684, 0.2377336025238037, 0.2971210479736328, 0.29928040504455566, 0.30432915687561035, 0.3082883358001709, 0.30675244331359863, 0.3074462413787842, 0.3551762104034424, 0.35459256172180176, 0.3591146469116211]
{'args': ((16, 0, slice(0, 960, None), slice(None, None, None)),), 'dataset shape': (40, 11, 1921, 2560), 'dataset chunks': (7, 1, 385, 512), 'indexing time (s)': 1.1920928955078125e-06, 'chunk number': 1650, 'reduction time (s)': 0.3683607578277588, 'chunks processed': 15, 'storage read (B)': 29733505, 'selection 1 time (s)': 0.3686368465423584}
Thread times [0.02874135971069336, 0.15252947807312012, 0.15460634231567383, 0.15903687477111816, 0.15900921821594238, 0.1788768768310547, 0.2029268741607666, 0.2162797451019287, 0.2227945327758789, 0.22203707695007324, 0.22611618041992188, 0.2828035354614258, 0.28543972969055176, 0.28800368309020996, 0.29420995712280273]
{'args': ((17, 0, slice(0, 960, None), slice(None, None, None)),), 'dataset shape': (40, 11, 1921, 2560), 'dataset chunks': (7, 1, 385, 512), 'indexing time (s)': 1.1920928955078125e-06, 'chunk number': 1650, 'reduction time (s)': 0.3018522262573242, 'chunks processed': 15, 'storage read (B)': 29733505, 'selection 1 time (s)': 0.3021564483642578}
Thread times [0.030583620071411133, 0.17172813415527344, 0.17661118507385254, 0.17920875549316406, 0.1805269718170166, 0.21860432624816895, 0.22091150283813477, 0.2772340774536133, 0.27799320220947266, 0.2841525077819824, 0.2892155647277832, 0.3080301284790039, 0.3367469310760498, 0.33854246139526367, 0.3406982421875]
{'args': ((18, 0, slice(0, 960, None), slice(None, None, None)),), 'dataset shape': (40, 11, 1921, 2560), 'dataset chunks': (7, 1, 385, 512), 'indexing time (s)': 1.430511474609375e-06, 'chunk number': 1650, 'reduction time (s)': 0.34251880645751953, 'chunks processed': 15, 'storage read (B)': 29733505, 'selection 1 time (s)': 0.3427872657775879}
Thread times [0.030615806579589844, 0.17309999465942383, 0.18238282203674316, 0.1845862865447998, 0.1795203685760498, 0.1875913143157959, 0.1897280216217041, 0.24940729141235352, 0.2516021728515625, 0.2627675533294678, 0.2758450508117676, 0.2812223434448242, 0.28278517723083496, 0.2902534008026123, 0.28699660301208496]
{'args': ((19, 0, slice(0, 960, None), slice(None, None, None)),), 'dataset shape': (40, 11, 1921, 2560), 'dataset chunks': (7, 1, 385, 512), 'indexing time (s)': 1.1920928955078125e-06, 'chunk number': 1650, 'reduction time (s)': 0.29659175872802734, 'chunks processed': 15, 'storage read (B)': 29733505, 'selection 1 time (s)': 0.2968733310699463}
Thread times [0.03138303756713867, 0.12525582313537598, 0.18104887008666992, 0.24386835098266602, 0.24854040145874023, 0.24873948097229004, 0.252077579498291, 0.25375795364379883, 0.3116436004638672, 0.3214571475982666, 0.3243730068206787, 0.32628917694091797, 0.3302597999572754, 0.33481407165527344, 0.3375556468963623]
{'args': ((20, 0, slice(0, 960, None), slice(None, None, None)),), 'dataset shape': (40, 11, 1921, 2560), 'dataset chunks': (7, 1, 385, 512), 'indexing time (s)': 9.5367431640625e-07, 'chunk number': 1650, 'reduction time (s)': 0.3402588367462158, 'chunks processed': 15, 'storage read (B)': 29733505, 'selection 1 time (s)': 0.3405117988586426}
Thread times [0.11074137687683105, 0.11336827278137207, 0.15611577033996582, 0.1575319766998291, 0.1628556251525879, 0.19338011741638184, 0.2226696014404297, 0.23896288871765137, 0.286452054977417, 0.2852766513824463, 0.29038524627685547, 0.2910189628601074, 0.29343342781066895, 0.47530579566955566, 0.47810959815979004]
{'args': ((21, 0, slice(0, 960, None), slice(None, None, None)),), 'dataset shape': (40, 11, 1921, 2560), 'dataset chunks': (7, 1, 385, 512), 'indexing time (s)': 1.430511474609375e-06, 'chunk number': 1650, 'reduction time (s)': 0.482403039932251, 'chunks processed': 15, 'storage read (B)': 29686785, 'selection 1 time (s)': 0.4826161861419678}
Thread times [0.035881996154785156, 0.1348724365234375, 0.15234684944152832, 0.1558828353881836, 0.15589523315429688, 0.15632390975952148, 0.24520134925842285, 0.2638099193572998, 0.2678828239440918, 0.26911497116088867, 0.4177513122558594, 0.4419388771057129, 0.4599769115447998, 0.4647994041442871, 0.46620965003967285]
{'args': ((22, 0, slice(0, 960, None), slice(None, None, None)),), 'dataset shape': (40, 11, 1921, 2560), 'dataset chunks': (7, 1, 385, 512), 'indexing time (s)': 7.152557373046875e-07, 'chunk number': 1650, 'reduction time (s)': 0.4725911617279053, 'chunks processed': 15, 'storage read (B)': 29686785, 'selection 1 time (s)': 0.4728055000305176}
Thread times [0.03238201141357422, 0.17468523979187012, 0.17565083503723145, 0.17814040184020996, 0.17958617210388184, 0.18157315254211426, 0.21494650840759277, 0.25776195526123047, 0.300783634185791, 0.3102102279663086, 0.31208300590515137, 0.3239305019378662, 0.32503700256347656, 0.3282206058502197, 0.36429452896118164]
{'args': ((23, 0, slice(0, 960, None), slice(None, None, None)),), 'dataset shape': (40, 11, 1921, 2560), 'dataset chunks': (7, 1, 385, 512), 'indexing time (s)': 1.1920928955078125e-06, 'chunk number': 1650, 'reduction time (s)': 0.36754822731018066, 'chunks processed': 15, 'storage read (B)': 29686785, 'selection 1 time (s)': 0.3678295612335205}
Thread times [0.03148531913757324, 0.1942002773284912, 0.22054171562194824, 0.2234516143798828, 0.22687506675720215, 0.22641587257385254, 0.23045063018798828, 0.2597784996032715, 0.27453064918518066, 0.3135979175567627, 0.31758952140808105, 0.3186018466949463, 0.357790470123291, 0.3853003978729248, 0.3883626461029053]
{'args': ((24, 0, slice(0, 960, None), slice(None, None, None)),), 'dataset shape': (40, 11, 1921, 2560), 'dataset chunks': (7, 1, 385, 512), 'indexing time (s)': 1.1920928955078125e-06, 'chunk number': 1650, 'reduction time (s)': 0.39402151107788086, 'chunks processed': 15, 'storage read (B)': 29686785, 'selection 1 time (s)': 0.39449048042297363}
Thread times [0.02842879295349121, 0.1852703094482422, 0.19002842903137207, 0.1916499137878418, 0.19429969787597656, 0.20578241348266602, 0.20887064933776855, 0.29705262184143066, 0.2985663414001465, 0.3022117614746094, 0.3044466972351074, 0.5114457607269287, 0.5121243000030518, 0.5153348445892334, 0.517587423324585]
{'args': ((25, 0, slice(0, 960, None), slice(None, None, None)),), 'dataset shape': (40, 11, 1921, 2560), 'dataset chunks': (7, 1, 385, 512), 'indexing time (s)': 1.430511474609375e-06, 'chunk number': 1650, 'reduction time (s)': 0.5245928764343262, 'chunks processed': 15, 'storage read (B)': 29686785, 'selection 1 time (s)': 0.5248503684997559}
Thread times [0.03175234794616699, 0.10885477066040039, 0.11652851104736328, 0.17518067359924316, 0.205399751663208, 0.20680713653564453, 0.26094651222229004, 0.2612268924713135, 0.2646622657775879, 0.26647257804870605, 0.2699704170227051, 0.30319643020629883, 0.3101069927215576, 0.33796215057373047, 0.34778428077697754]
{'args': ((26, 0, slice(0, 960, None), slice(None, None, None)),), 'dataset shape': (40, 11, 1921, 2560), 'dataset chunks': (7, 1, 385, 512), 'indexing time (s)': 1.6689300537109375e-06, 'chunk number': 1650, 'reduction time (s)': 0.35480284690856934, 'chunks processed': 15, 'storage read (B)': 29686785, 'selection 1 time (s)': 0.3551311492919922}
Thread times [0.03472399711608887, 0.1016383171081543, 0.12039637565612793, 0.1404867172241211, 0.14310503005981445, 0.1797795295715332, 0.18372821807861328, 0.22309589385986328, 0.2883880138397217, 0.29042911529541016, 0.2957324981689453, 0.2971656322479248, 0.3240370750427246, 0.3346517086029053, 0.3360447883605957]
{'args': ((27, 0, slice(0, 960, None), slice(None, None, None)),), 'dataset shape': (40, 11, 1921, 2560), 'dataset chunks': (7, 1, 385, 512), 'indexing time (s)': 1.6689300537109375e-06, 'chunk number': 1650, 'reduction time (s)': 0.34189772605895996, 'chunks processed': 15, 'storage read (B)': 29686785, 'selection 1 time (s)': 0.3421938419342041}
Thread times [0.09596943855285645, 0.13257575035095215, 0.13716602325439453, 0.13825511932373047, 0.19409584999084473, 0.19893884658813477, 0.20505714416503906, 0.20954370498657227, 0.21429753303527832, 0.21887683868408203, 0.2197573184967041, 0.2587015628814697, 0.2599453926086426, 0.26537060737609863, 0.2813427448272705]
{'args': ((28, 0, slice(0, 960, None), slice(None, None, None)),), 'dataset shape': (40, 11, 1921, 2560), 'dataset chunks': (7, 1, 385, 512), 'indexing time (s)': 1.1920928955078125e-06, 'chunk number': 1650, 'reduction time (s)': 0.2869393825531006, 'chunks processed': 15, 'storage read (B)': 29670387, 'selection 1 time (s)': 0.287198543548584}
Thread times [0.031170129776000977, 0.1761946678161621, 0.18414020538330078, 0.18573498725891113, 0.19503307342529297, 0.22368621826171875, 0.24096989631652832, 0.2566850185394287, 0.2553250789642334, 0.2576143741607666, 0.258394718170166, 0.28098368644714355, 0.30313587188720703, 0.30186891555786133, 0.30562901496887207]
{'args': ((29, 0, slice(0, 960, None), slice(None, None, None)),), 'dataset shape': (40, 11, 1921, 2560), 'dataset chunks': (7, 1, 385, 512), 'indexing time (s)': 1.1920928955078125e-06, 'chunk number': 1650, 'reduction time (s)': 0.3144800662994385, 'chunks processed': 15, 'storage read (B)': 29670387, 'selection 1 time (s)': 0.3147585391998291}
Thread times [0.03539562225341797, 0.16588163375854492, 0.1783618927001953, 0.17684221267700195, 0.18185138702392578, 0.21028780937194824, 0.22038817405700684, 0.2605111598968506, 0.2743651866912842, 0.2844555377960205, 0.2954707145690918, 0.2982058525085449, 0.3059394359588623, 0.3104228973388672, 0.3489837646484375]
{'args': ((30, 0, slice(0, 960, None), slice(None, None, None)),), 'dataset shape': (40, 11, 1921, 2560), 'dataset chunks': (7, 1, 385, 512), 'indexing time (s)': 9.5367431640625e-07, 'chunk number': 1650, 'reduction time (s)': 0.3556840419769287, 'chunks processed': 15, 'storage read (B)': 29670387, 'selection 1 time (s)': 0.35594916343688965}
Thread times [0.0326075553894043, 0.1589803695678711, 0.2073209285736084, 0.2090003490447998, 0.210463285446167, 0.23067760467529297, 0.24627137184143066, 0.2506065368652344, 0.2517209053039551, 0.25618600845336914, 0.2576632499694824, 0.31059741973876953, 0.31229209899902344, 0.31306004524230957, 0.3172297477722168]
{'args': ((31, 0, slice(0, 960, None), slice(None, None, None)),), 'dataset shape': (40, 11, 1921, 2560), 'dataset chunks': (7, 1, 385, 512), 'indexing time (s)': 1.430511474609375e-06, 'chunk number': 1650, 'reduction time (s)': 0.3205897808074951, 'chunks processed': 15, 'storage read (B)': 29670387, 'selection 1 time (s)': 0.3209090232849121}
Thread times [0.029859066009521484, 0.17813849449157715, 0.18149256706237793, 0.18850135803222656, 0.19032788276672363, 0.2221219539642334, 0.22692322731018066, 0.2413337230682373, 0.24683165550231934, 0.24990081787109375, 0.24881458282470703, 0.2858719825744629, 0.28649067878723145, 0.29955196380615234, 0.3814694881439209]
{'args': ((32, 0, slice(0, 960, None), slice(None, None, None)),), 'dataset shape': (40, 11, 1921, 2560), 'dataset chunks': (7, 1, 385, 512), 'indexing time (s)': 1.6689300537109375e-06, 'chunk number': 1650, 'reduction time (s)': 0.38885998725891113, 'chunks processed': 15, 'storage read (B)': 29670387, 'selection 1 time (s)': 0.38916778564453125}
Thread times [0.0296633243560791, 0.14742398262023926, 0.1694478988647461, 0.17070746421813965, 0.1753075122833252, 0.2187976837158203, 0.24127554893493652, 0.24620461463928223, 0.25269103050231934, 0.2549855709075928, 0.25970888137817383, 0.2657616138458252, 0.2759890556335449, 0.2878391742706299, 0.29118943214416504]
{'args': ((33, 0, slice(0, 960, None), slice(None, None, None)),), 'dataset shape': (40, 11, 1921, 2560), 'dataset chunks': (7, 1, 385, 512), 'indexing time (s)': 1.1920928955078125e-06, 'chunk number': 1650, 'reduction time (s)': 0.29651737213134766, 'chunks processed': 15, 'storage read (B)': 29670387, 'selection 1 time (s)': 0.2967805862426758}
Thread times [0.028209686279296875, 0.1331017017364502, 0.17656970024108887, 0.17775654792785645, 0.181135892868042, 0.2654423713684082, 0.2698974609375, 0.27285146713256836, 0.26245617866516113, 0.27602314949035645, 0.276947021484375, 0.27849483489990234, 0.3064556121826172, 0.3340895175933838, 0.4254138469696045]
{'args': ((34, 0, slice(0, 960, None), slice(None, None, None)),), 'dataset shape': (40, 11, 1921, 2560), 'dataset chunks': (7, 1, 385, 512), 'indexing time (s)': 1.430511474609375e-06, 'chunk number': 1650, 'reduction time (s)': 0.43808627128601074, 'chunks processed': 15, 'storage read (B)': 29670387, 'selection 1 time (s)': 0.43834805488586426}
Thread times [0.14525651931762695, 0.15732169151306152, 0.15788722038269043, 0.20728540420532227, 0.20827221870422363, 0.20872759819030762, 0.21228456497192383, 0.26189732551574707, 0.2719540596008301, 0.3124110698699951, 0.31521153450012207, 0.31642842292785645, 0.3147735595703125, 0.3163442611694336, 0.3180665969848633]
{'args': ((35, 0, slice(0, 960, None), slice(None, None, None)),), 'dataset shape': (40, 11, 1921, 2560), 'dataset chunks': (7, 1, 385, 512), 'indexing time (s)': 9.5367431640625e-07, 'chunk number': 1650, 'reduction time (s)': 0.3220369815826416, 'chunks processed': 15, 'storage read (B)': 21287473, 'selection 1 time (s)': 0.3222360610961914}
Thread times [0.030920982360839844, 0.178084135055542, 0.2162778377532959, 0.23323774337768555, 0.23699092864990234, 0.2386476993560791, 0.24080920219421387, 0.2419734001159668, 0.28070545196533203, 0.28145813941955566, 0.28282785415649414, 0.3277735710144043, 0.3291342258453369, 0.3303244113922119, 0.334334135055542]
{'args': ((36, 0, slice(0, 960, None), slice(None, None, None)),), 'dataset shape': (40, 11, 1921, 2560), 'dataset chunks': (7, 1, 385, 512), 'indexing time (s)': 1.1920928955078125e-06, 'chunk number': 1650, 'reduction time (s)': 0.3381643295288086, 'chunks processed': 15, 'storage read (B)': 21287473, 'selection 1 time (s)': 0.33840346336364746}
Thread times [0.04008126258850098, 0.1426708698272705, 0.1621854305267334, 0.16263699531555176, 0.24905991554260254, 0.2575702667236328, 0.2688770294189453, 0.27302074432373047, 0.2751178741455078, 0.2750270366668701, 0.27846717834472656, 0.28112363815307617, 0.3370397090911865, 0.3388946056365967, 0.33945798873901367]
{'args': ((37, 0, slice(0, 960, None), slice(None, None, None)),), 'dataset shape': (40, 11, 1921, 2560), 'dataset chunks': (7, 1, 385, 512), 'indexing time (s)': 1.430511474609375e-06, 'chunk number': 1650, 'reduction time (s)': 0.3439011573791504, 'chunks processed': 15, 'storage read (B)': 21287473, 'selection 1 time (s)': 0.3441462516784668}
Thread times [0.025541067123413086, 0.1259922981262207, 0.15531158447265625, 0.15608882904052734, 0.19704127311706543, 0.21869397163391113, 0.21878981590270996, 0.2473604679107666, 0.29544663429260254, 0.3013143539428711, 0.30552148818969727, 0.3062622547149658, 0.30857396125793457, 0.3076038360595703, 0.3198549747467041]
{'args': ((38, 0, slice(0, 960, None), slice(None, None, None)),), 'dataset shape': (40, 11, 1921, 2560), 'dataset chunks': (7, 1, 385, 512), 'indexing time (s)': 1.6689300537109375e-06, 'chunk number': 1650, 'reduction time (s)': 0.3244640827178955, 'chunks processed': 15, 'storage read (B)': 21287473, 'selection 1 time (s)': 0.3247213363647461}
Thread times [0.15252089500427246, 0.15874600410461426, 0.1638801097869873, 0.19853448867797852, 0.2257678508758545, 0.22731447219848633, 0.23757600784301758, 0.25066113471984863, 0.2507202625274658, 0.2508540153503418, 0.25499725341796875, 0.25766897201538086, 0.2594327926635742, 0.2901451587677002, 0.29157185554504395]
{'args': ((39, 0, slice(0, 960, None), slice(None, None, None)),), 'dataset shape': (40, 11, 1921, 2560), 'dataset chunks': (7, 1, 385, 512), 'indexing time (s)': 1.430511474609375e-06, 'chunk number': 1650, 'reduction time (s)': 0.29764318466186523, 'chunks processed': 15, 'storage read (B)': 21287473, 'selection 1 time (s)': 0.2979130744934082}
[[226.07817708]
 [226.06473958]
 [225.93765625]
 [225.90807292]
 [225.91736979]
 [225.88453125]
 [225.82075521]
 [225.85440104]
 [225.98328125]
 [226.03804687]
 [226.01315104]
 [226.02330729]
 [226.03770833]
 [226.00479167]
 [225.91765625]
 [225.94033854]
 [225.9871875 ]
 [225.9146875 ]
 [225.81242188]
 [225.81869792]
 [225.84526042]
 [225.78497396]
 [225.63648438]
 [225.55653646]
 [225.45736979]
 [225.32369792]
 [225.16325521]
 [225.07794271]
 [225.0784375 ]
 [225.10664063]
 [225.17609375]
 [225.36877604]
 [225.57911458]
 [225.69080729]
 [225.72231771]
 [225.82367188]
 [225.93658854]
 [225.96765625]
 [225.91864583]
 [225.9225    ]]
Summary:  sci6-in1:Local (T100,BS1): 0.397s,15.29s,17.76s
