Dataset loaded from S3 with s3fs and Pyfive: bnl/ch330a.pc19790301-def.nc (0.087,3.0)
Thread times [0.21317195892333984, 0.26352906227111816, 0.3404569625854492, 0.3410952091217041, 0.3661630153656006, 0.3668229579925537, 0.4011540412902832, 0.3952341079711914, 0.40703630447387695, 0.41747307777404785, 0.4182319641113281, 0.4210469722747803, 0.4311349391937256, 0.43806004524230957, 0.44388294219970703]
{'load nc time': 3.507956027984619, 'args': ((0, 0, slice(0, 960, None), slice(None, None, None)),), 'dataset shape': (40, 11, 1921, 2560), 'dataset chunks': (7, 1, 385, 512), 'indexing time (s)': 16.449159860610962, 'chunk number': 1650, 'reduction time (s)': 0.45950794219970703, 'chunks processed': 15, 'storage read (B)': 29685482, 'selection 2 time (s)': 16.93158793449402}
Thread times [0.24879789352416992, 0.3268008232116699, 0.3945789337158203, 0.4349360466003418, 0.5053176879882812, 0.5269441604614258, 0.5628001689910889, 0.5807790756225586, 0.5885179042816162, 0.5869159698486328, 0.6182761192321777, 0.6246609687805176, 0.6250617504119873, 0.6365752220153809, 0.6363949775695801]
{'args': ((1, 0, slice(0, 960, None), slice(None, None, None)),), 'dataset shape': (40, 11, 1921, 2560), 'dataset chunks': (7, 1, 385, 512), 'indexing time (s)': 2.1457672119140625e-06, 'chunk number': 1650, 'reduction time (s)': 0.6436550617218018, 'chunks processed': 15, 'storage read (B)': 29685482, 'selection 2 time (s)': 0.6567778587341309}
Thread times [0.4196479320526123, 0.4765896797180176, 0.6487202644348145, 0.6500990390777588, 0.6512277126312256, 0.6430048942565918, 0.6608538627624512, 0.6599321365356445, 0.6698377132415771, 0.6711711883544922, 0.6819028854370117, 0.6848239898681641, 0.6947951316833496, 0.7014429569244385, 0.7037007808685303]
{'args': ((2, 0, slice(0, 960, None), slice(None, None, None)),), 'dataset shape': (40, 11, 1921, 2560), 'dataset chunks': (7, 1, 385, 512), 'indexing time (s)': 1.9073486328125e-06, 'chunk number': 1650, 'reduction time (s)': 0.7130880355834961, 'chunks processed': 15, 'storage read (B)': 29685482, 'selection 2 time (s)': 0.7303516864776611}
Thread times [0.28365278244018555, 0.3147618770599365, 0.32138991355895996, 0.3189709186553955, 0.43988895416259766, 0.4418010711669922, 0.43955206871032715, 0.4416220188140869, 0.43793201446533203, 0.435819149017334, 0.4399411678314209, 0.4497361183166504, 0.45088934898376465, 0.46019506454467773, 0.46543383598327637]
{'args': ((3, 0, slice(0, 960, None), slice(None, None, None)),), 'dataset shape': (40, 11, 1921, 2560), 'dataset chunks': (7, 1, 385, 512), 'indexing time (s)': 2.1457672119140625e-06, 'chunk number': 1650, 'reduction time (s)': 0.47562289237976074, 'chunks processed': 15, 'storage read (B)': 29685482, 'selection 2 time (s)': 0.492279052734375}
Thread times [0.3329610824584961, 0.3455219268798828, 0.3162980079650879, 0.3197810649871826, 0.32862281799316406, 0.33534812927246094, 0.3628370761871338, 0.4710729122161865, 0.4735243320465088, 0.49614477157592773, 0.51041579246521, 0.5153567790985107, 0.5294229984283447, 0.535635232925415, 0.557783842086792]
{'args': ((4, 0, slice(0, 960, None), slice(None, None, None)),), 'dataset shape': (40, 11, 1921, 2560), 'dataset chunks': (7, 1, 385, 512), 'indexing time (s)': 2.1457672119140625e-06, 'chunk number': 1650, 'reduction time (s)': 0.5910308361053467, 'chunks processed': 15, 'storage read (B)': 29685482, 'selection 2 time (s)': 0.6162612438201904}
Thread times [0.42553114891052246, 0.4344758987426758, 0.43830394744873047, 0.5617079734802246, 0.5879709720611572, 0.6156013011932373, 0.6372721195220947, 0.6433091163635254, 0.6472148895263672, 0.6448249816894531, 0.6683270931243896, 0.6696000099182129, 0.6773490905761719, 0.6816680431365967, 0.7078211307525635]
{'args': ((5, 0, slice(0, 960, None), slice(None, None, None)),), 'dataset shape': (40, 11, 1921, 2560), 'dataset chunks': (7, 1, 385, 512), 'indexing time (s)': 2.1457672119140625e-06, 'chunk number': 1650, 'reduction time (s)': 0.7155630588531494, 'chunks processed': 15, 'storage read (B)': 29685482, 'selection 2 time (s)': 0.7361509799957275}
Thread times [0.32039666175842285, 0.3444337844848633, 0.47205185890197754, 0.49399495124816895, 0.5101931095123291, 0.5247266292572021, 0.527461051940918, 0.5376262664794922, 0.5366761684417725, 0.5415282249450684, 0.5560729503631592, 0.5638477802276611, 0.5644731521606445, 0.6930210590362549, 0.6942169666290283]
{'args': ((6, 0, slice(0, 960, None), slice(None, None, None)),), 'dataset shape': (40, 11, 1921, 2560), 'dataset chunks': (7, 1, 385, 512), 'indexing time (s)': 2.86102294921875e-06, 'chunk number': 1650, 'reduction time (s)': 0.7043490409851074, 'chunks processed': 15, 'storage read (B)': 29685482, 'selection 2 time (s)': 0.7230188846588135}
Thread times [0.29253506660461426, 0.34464192390441895, 0.5022978782653809, 0.5013110637664795, 0.5114929676055908, 0.52252197265625, 0.5121181011199951, 0.5203189849853516, 0.5342891216278076, 0.5347659587860107, 0.5402131080627441, 0.5491268634796143, 0.5526027679443359, 0.5553898811340332, 0.5670959949493408]
{'args': ((7, 0, slice(0, 960, None), slice(None, None, None)),), 'dataset shape': (40, 11, 1921, 2560), 'dataset chunks': (7, 1, 385, 512), 'indexing time (s)': 9.5367431640625e-07, 'chunk number': 1650, 'reduction time (s)': 0.5776562690734863, 'chunks processed': 15, 'storage read (B)': 29701892, 'selection 2 time (s)': 0.5992298126220703}
Thread times [0.22255969047546387, 0.2858293056488037, 0.2822561264038086, 0.28174686431884766, 0.28923916816711426, 0.29884886741638184, 0.30024003982543945, 0.30797433853149414, 0.4193601608276367, 0.41567182540893555, 0.4179532527923584, 0.4200408458709717, 0.4262819290161133, 0.4249846935272217, 0.4273340702056885]
{'args': ((8, 0, slice(0, 960, None), slice(None, None, None)),), 'dataset shape': (40, 11, 1921, 2560), 'dataset chunks': (7, 1, 385, 512), 'indexing time (s)': 1.9073486328125e-06, 'chunk number': 1650, 'reduction time (s)': 0.43205809593200684, 'chunks processed': 15, 'storage read (B)': 29701892, 'selection 2 time (s)': 0.44396281242370605}
Thread times [0.18407464027404785, 0.2046670913696289, 0.19951987266540527, 0.2277512550354004, 0.2732808589935303, 0.49877095222473145, 0.5000400543212891, 0.49947428703308105, 0.49594712257385254, 0.49780702590942383, 0.49418210983276367, 0.4981212615966797, 0.5011179447174072, 0.5164389610290527, 0.5244920253753662]
{'args': ((9, 0, slice(0, 960, None), slice(None, None, None)),), 'dataset shape': (40, 11, 1921, 2560), 'dataset chunks': (7, 1, 385, 512), 'indexing time (s)': 7.152557373046875e-07, 'chunk number': 1650, 'reduction time (s)': 0.5319709777832031, 'chunks processed': 15, 'storage read (B)': 29701892, 'selection 2 time (s)': 0.5483489036560059}
Thread times [0.47619104385375977, 0.648975133895874, 0.7393229007720947, 0.7409720420837402, 0.7513790130615234, 0.7520840167999268, 0.7627580165863037, 0.7553882598876953, 0.7592520713806152, 0.7724406719207764, 0.7747299671173096, 0.7875199317932129, 0.7926080226898193, 0.8002529144287109, 0.8022861480712891]
{'args': ((10, 0, slice(0, 960, None), slice(None, None, None)),), 'dataset shape': (40, 11, 1921, 2560), 'dataset chunks': (7, 1, 385, 512), 'indexing time (s)': 2.86102294921875e-06, 'chunk number': 1650, 'reduction time (s)': 0.8118839263916016, 'chunks processed': 15, 'storage read (B)': 29701892, 'selection 2 time (s)': 0.8293178081512451}
Thread times [0.44373297691345215, 0.5054910182952881, 0.5397529602050781, 0.5476038455963135, 0.5834648609161377, 0.5855810642242432, 0.5918350219726562, 0.5947089195251465, 0.6869421005249023, 0.6859390735626221, 0.6960258483886719, 0.6980390548706055, 0.7009890079498291, 0.6992790699005127, 0.6983089447021484]
{'args': ((11, 0, slice(0, 960, None), slice(None, None, None)),), 'dataset shape': (40, 11, 1921, 2560), 'dataset chunks': (7, 1, 385, 512), 'indexing time (s)': 1.9073486328125e-06, 'chunk number': 1650, 'reduction time (s)': 0.708158016204834, 'chunks processed': 15, 'storage read (B)': 29701892, 'selection 2 time (s)': 0.7188389301300049}
Thread times [0.33739495277404785, 0.33935093879699707, 0.38883090019226074, 0.3909130096435547, 0.38883113861083984, 0.40001678466796875, 0.5003299713134766, 0.501615047454834, 0.5357611179351807, 0.5431180000305176, 0.5509529113769531, 0.5656278133392334, 0.5884122848510742, 0.5887229442596436, 0.600106954574585]
{'args': ((12, 0, slice(0, 960, None), slice(None, None, None)),), 'dataset shape': (40, 11, 1921, 2560), 'dataset chunks': (7, 1, 385, 512), 'indexing time (s)': 0.0, 'chunk number': 1650, 'reduction time (s)': 0.6051557064056396, 'chunks processed': 15, 'storage read (B)': 29701892, 'selection 2 time (s)': 0.6263117790222168}
Thread times [0.15383577346801758, 0.21448802947998047, 0.21869897842407227, 0.22045326232910156, 0.22990703582763672, 0.284775972366333, 0.3987548351287842, 0.4388148784637451, 0.4406239986419678, 0.444821834564209, 0.4571859836578369, 0.46166515350341797, 0.4635767936706543, 0.464216947555542, 0.4969968795776367]
{'args': ((13, 0, slice(0, 960, None), slice(None, None, None)),), 'dataset shape': (40, 11, 1921, 2560), 'dataset chunks': (7, 1, 385, 512), 'indexing time (s)': 2.1457672119140625e-06, 'chunk number': 1650, 'reduction time (s)': 0.5058350563049316, 'chunks processed': 15, 'storage read (B)': 29701892, 'selection 2 time (s)': 0.5310709476470947}
Thread times [0.3928830623626709, 0.4314560890197754, 0.4680149555206299, 0.4715280532836914, 0.48485589027404785, 0.48926520347595215, 0.48718881607055664, 0.49750614166259766, 0.5079081058502197, 0.5079479217529297, 0.5150058269500732, 0.5250072479248047, 0.5289402008056641, 0.5339810848236084, 0.5434260368347168]
{'args': ((14, 0, slice(0, 960, None), slice(None, None, None)),), 'dataset shape': (40, 11, 1921, 2560), 'dataset chunks': (7, 1, 385, 512), 'indexing time (s)': 9.5367431640625e-07, 'chunk number': 1650, 'reduction time (s)': 0.5519652366638184, 'chunks processed': 15, 'storage read (B)': 29733505, 'selection 2 time (s)': 0.5673727989196777}
Thread times [0.39844775199890137, 0.45726704597473145, 0.5084762573242188, 0.5344760417938232, 0.5382609367370605, 0.5419509410858154, 0.5491797924041748, 0.5596489906311035, 0.5560271739959717, 0.5593810081481934, 0.57859206199646, 0.5780291557312012, 0.581326961517334, 0.5854499340057373, 0.591677188873291]
{'args': ((15, 0, slice(0, 960, None), slice(None, None, None)),), 'dataset shape': (40, 11, 1921, 2560), 'dataset chunks': (7, 1, 385, 512), 'indexing time (s)': 7.152557373046875e-07, 'chunk number': 1650, 'reduction time (s)': 0.6016190052032471, 'chunks processed': 15, 'storage read (B)': 29733505, 'selection 2 time (s)': 0.6182780265808105}
Thread times [0.41667795181274414, 0.558845043182373, 0.5666937828063965, 0.5684788227081299, 0.572361946105957, 0.5902159214019775, 0.5883557796478271, 0.5889742374420166, 0.6026360988616943, 0.6030111312866211, 0.6093230247497559, 0.6256811618804932, 0.6282908916473389, 0.6360142230987549, 0.6422619819641113]
{'args': ((16, 0, slice(0, 960, None), slice(None, None, None)),), 'dataset shape': (40, 11, 1921, 2560), 'dataset chunks': (7, 1, 385, 512), 'indexing time (s)': 2.1457672119140625e-06, 'chunk number': 1650, 'reduction time (s)': 0.6508736610412598, 'chunks processed': 15, 'storage read (B)': 29733505, 'selection 2 time (s)': 0.6697578430175781}
Thread times [0.7085840702056885, 0.7086191177368164, 0.7068262100219727, 0.7091641426086426, 0.7090260982513428, 0.707054853439331, 0.7029018402099609, 0.7051730155944824, 0.7049469947814941, 0.7044591903686523, 0.7072210311889648, 0.7179582118988037, 0.7296900749206543, 0.7309360504150391, 0.7339909076690674]
{'args': ((17, 0, slice(0, 960, None), slice(None, None, None)),), 'dataset shape': (40, 11, 1921, 2560), 'dataset chunks': (7, 1, 385, 512), 'indexing time (s)': 2.1457672119140625e-06, 'chunk number': 1650, 'reduction time (s)': 0.7428033351898193, 'chunks processed': 15, 'storage read (B)': 29733505, 'selection 2 time (s)': 0.7599201202392578}
Thread times [0.17886686325073242, 0.19038963317871094, 0.2499690055847168, 0.2676351070404053, 0.2691371440887451, 0.43457818031311035, 0.44867682456970215, 0.45116209983825684, 0.4608449935913086, 0.46591806411743164, 0.49047207832336426, 0.4909641742706299, 0.49115490913391113, 0.4992520809173584, 0.5040419101715088]
{'args': ((18, 0, slice(0, 960, None), slice(None, None, None)),), 'dataset shape': (40, 11, 1921, 2560), 'dataset chunks': (7, 1, 385, 512), 'indexing time (s)': 9.5367431640625e-07, 'chunk number': 1650, 'reduction time (s)': 0.5121667385101318, 'chunks processed': 15, 'storage read (B)': 29733505, 'selection 2 time (s)': 0.525414228439331}
Thread times [0.23330092430114746, 0.23137426376342773, 0.3955347537994385, 0.4065091609954834, 0.46476173400878906, 0.4643220901489258, 0.4734320640563965, 0.4934849739074707, 0.4944889545440674, 0.4982640743255615, 0.5131409168243408, 0.5226776599884033, 0.5248270034790039, 0.5327320098876953, 0.5361018180847168]
{'args': ((19, 0, slice(0, 960, None), slice(None, None, None)),), 'dataset shape': (40, 11, 1921, 2560), 'dataset chunks': (7, 1, 385, 512), 'indexing time (s)': 2.1457672119140625e-06, 'chunk number': 1650, 'reduction time (s)': 0.5441467761993408, 'chunks processed': 15, 'storage read (B)': 29733505, 'selection 2 time (s)': 0.5642950534820557}
Thread times [0.46796703338623047, 0.49243903160095215, 0.5070641040802002, 0.5136690139770508, 0.5182268619537354, 0.5332598686218262, 0.5412540435791016, 0.5456290245056152, 0.5467791557312012, 0.5599009990692139, 0.5623629093170166, 0.5669550895690918, 0.5768630504608154, 0.5797622203826904, 0.5842299461364746]
{'args': ((20, 0, slice(0, 960, None), slice(None, None, None)),), 'dataset shape': (40, 11, 1921, 2560), 'dataset chunks': (7, 1, 385, 512), 'indexing time (s)': 9.5367431640625e-07, 'chunk number': 1650, 'reduction time (s)': 0.5893831253051758, 'chunks processed': 15, 'storage read (B)': 29733505, 'selection 2 time (s)': 0.6066000461578369}
Thread times [0.2631828784942627, 0.2664811611175537, 0.2660388946533203, 0.28406500816345215, 0.29468274116516113, 0.29814982414245605, 0.3023190498352051, 0.3137490749359131, 0.30916500091552734, 0.30817103385925293, 0.3301517963409424, 0.3345789909362793, 0.33573412895202637, 0.3904690742492676, 0.3957810401916504]
{'args': ((21, 0, slice(0, 960, None), slice(None, None, None)),), 'dataset shape': (40, 11, 1921, 2560), 'dataset chunks': (7, 1, 385, 512), 'indexing time (s)': 2.1457672119140625e-06, 'chunk number': 1650, 'reduction time (s)': 0.4089839458465576, 'chunks processed': 15, 'storage read (B)': 29686785, 'selection 2 time (s)': 0.43074893951416016}
Thread times [0.18891501426696777, 0.1886730194091797, 0.18999600410461426, 0.36565399169921875, 0.36725521087646484, 0.48363685607910156, 0.4928929805755615, 0.515211820602417, 0.5358672142028809, 0.5413939952850342, 0.5454568862915039, 0.5543889999389648, 0.5597729682922363, 0.5634491443634033, 0.5704150199890137]
{'args': ((22, 0, slice(0, 960, None), slice(None, None, None)),), 'dataset shape': (40, 11, 1921, 2560), 'dataset chunks': (7, 1, 385, 512), 'indexing time (s)': 3.0994415283203125e-06, 'chunk number': 1650, 'reduction time (s)': 0.581362247467041, 'chunks processed': 15, 'storage read (B)': 29686785, 'selection 2 time (s)': 0.6006669998168945}
Thread times [0.33973002433776855, 0.38675785064697266, 0.44603395462036133, 0.5279181003570557, 0.5324957370758057, 0.537808895111084, 0.5370728969573975, 0.5481579303741455, 0.5504922866821289, 0.5542430877685547, 0.5581362247467041, 0.5726490020751953, 0.5751819610595703, 0.6055941581726074, 0.610267162322998]
{'args': ((23, 0, slice(0, 960, None), slice(None, None, None)),), 'dataset shape': (40, 11, 1921, 2560), 'dataset chunks': (7, 1, 385, 512), 'indexing time (s)': 2.1457672119140625e-06, 'chunk number': 1650, 'reduction time (s)': 0.6218240261077881, 'chunks processed': 15, 'storage read (B)': 29686785, 'selection 2 time (s)': 0.6391897201538086}
Thread times [0.1912829875946045, 0.49527788162231445, 0.5172338485717773, 0.7113969326019287, 0.7467429637908936, 0.743408203125, 0.7519941329956055, 0.7564342021942139, 0.7560319900512695, 0.7693989276885986, 0.7786071300506592, 0.7846910953521729, 0.7867310047149658, 0.7886867523193359, 0.7949643135070801]
{'args': ((24, 0, slice(0, 960, None), slice(None, None, None)),), 'dataset shape': (40, 11, 1921, 2560), 'dataset chunks': (7, 1, 385, 512), 'indexing time (s)': 2.1457672119140625e-06, 'chunk number': 1650, 'reduction time (s)': 0.8086068630218506, 'chunks processed': 15, 'storage read (B)': 29686785, 'selection 2 time (s)': 0.828603982925415}
Thread times [0.14438199996948242, 0.1632099151611328, 0.16693997383117676, 0.3961069583892822, 0.4322211742401123, 0.569359302520752, 0.5757269859313965, 0.5983431339263916, 0.5982749462127686, 0.5977520942687988, 0.611426830291748, 0.6201388835906982, 0.621251106262207, 0.6289710998535156, 0.6322581768035889]
{'args': ((25, 0, slice(0, 960, None), slice(None, None, None)),), 'dataset shape': (40, 11, 1921, 2560), 'dataset chunks': (7, 1, 385, 512), 'indexing time (s)': 9.5367431640625e-07, 'chunk number': 1650, 'reduction time (s)': 0.642725944519043, 'chunks processed': 15, 'storage read (B)': 29686785, 'selection 2 time (s)': 0.6582839488983154}
Thread times [0.25427794456481934, 0.25443291664123535, 0.2528252601623535, 0.2631969451904297, 0.2643699645996094, 0.2714560031890869, 0.4300260543823242, 0.44586181640625, 0.4610311985015869, 0.4752049446105957, 0.49033474922180176, 0.4957458972930908, 0.5348548889160156, 0.5338149070739746, 0.5377252101898193]
{'args': ((26, 0, slice(0, 960, None), slice(None, None, None)),), 'dataset shape': (40, 11, 1921, 2560), 'dataset chunks': (7, 1, 385, 512), 'indexing time (s)': 1.6689300537109375e-06, 'chunk number': 1650, 'reduction time (s)': 0.548389196395874, 'chunks processed': 15, 'storage read (B)': 29686785, 'selection 2 time (s)': 0.5652728080749512}
Thread times [0.23524904251098633, 0.26685214042663574, 0.2765951156616211, 0.3014531135559082, 0.30768728256225586, 0.3097422122955322, 0.3189377784729004, 0.32517313957214355, 0.3218400478363037, 0.3361821174621582, 0.3410360813140869, 0.3918299674987793, 0.4013350009918213, 0.4528970718383789, 0.4569389820098877]
{'args': ((27, 0, slice(0, 960, None), slice(None, None, None)),), 'dataset shape': (40, 11, 1921, 2560), 'dataset chunks': (7, 1, 385, 512), 'indexing time (s)': 2.1457672119140625e-06, 'chunk number': 1650, 'reduction time (s)': 0.46710991859436035, 'chunks processed': 15, 'storage read (B)': 29686785, 'selection 2 time (s)': 0.4897189140319824}
Thread times [0.2977170944213867, 0.3315761089324951, 0.44107794761657715, 0.4412350654602051, 0.4404900074005127, 0.45267295837402344, 0.4601278305053711, 0.46588706970214844, 0.4648120403289795, 0.47216296195983887, 0.4842500686645508, 0.48921704292297363, 0.49239397048950195, 0.5026679039001465, 0.5019309520721436]
{'args': ((28, 0, slice(0, 960, None), slice(None, None, None)),), 'dataset shape': (40, 11, 1921, 2560), 'dataset chunks': (7, 1, 385, 512), 'indexing time (s)': 2.1457672119140625e-06, 'chunk number': 1650, 'reduction time (s)': 0.5113880634307861, 'chunks processed': 15, 'storage read (B)': 29670387, 'selection 2 time (s)': 0.5241589546203613}
Thread times [0.24321413040161133, 0.318493127822876, 0.3310363292694092, 0.5081400871276855, 0.5220589637756348, 0.5262761116027832, 0.5339210033416748, 0.542119026184082, 0.5446960926055908, 0.5537269115447998, 0.55690598487854, 0.568181037902832, 0.5712597370147705, 0.5757176876068115, 0.580070972442627]
{'args': ((29, 0, slice(0, 960, None), slice(None, None, None)),), 'dataset shape': (40, 11, 1921, 2560), 'dataset chunks': (7, 1, 385, 512), 'indexing time (s)': 2.1457672119140625e-06, 'chunk number': 1650, 'reduction time (s)': 0.590919017791748, 'chunks processed': 15, 'storage read (B)': 29670387, 'selection 2 time (s)': 0.6114687919616699}
Thread times [0.37886595726013184, 0.37874507904052734, 0.3785219192504883, 0.37819504737854004, 0.3741769790649414, 0.3780219554901123, 0.37709522247314453, 0.37726902961730957, 0.38024377822875977, 0.3911151885986328, 0.39960384368896484, 0.40184903144836426, 0.4083588123321533, 0.4165198802947998, 0.41842198371887207]
{'args': ((30, 0, slice(0, 960, None), slice(None, None, None)),), 'dataset shape': (40, 11, 1921, 2560), 'dataset chunks': (7, 1, 385, 512), 'indexing time (s)': 1.9073486328125e-06, 'chunk number': 1650, 'reduction time (s)': 0.42978811264038086, 'chunks processed': 15, 'storage read (B)': 29670387, 'selection 2 time (s)': 0.45281100273132324}
Thread times [0.23756003379821777, 0.24046015739440918, 0.24705004692077637, 0.2562720775604248, 0.2627537250518799, 0.2625269889831543, 0.38436293601989746, 0.4534339904785156, 0.4550631046295166, 0.46357297897338867, 0.4698162078857422, 0.47338294982910156, 0.48358607292175293, 0.48573899269104004, 0.4920938014984131]
{'args': ((31, 0, slice(0, 960, None), slice(None, None, None)),), 'dataset shape': (40, 11, 1921, 2560), 'dataset chunks': (7, 1, 385, 512), 'indexing time (s)': 2.1457672119140625e-06, 'chunk number': 1650, 'reduction time (s)': 0.5017468929290771, 'chunks processed': 15, 'storage read (B)': 29670387, 'selection 2 time (s)': 0.5146811008453369}
Thread times [0.24654412269592285, 0.24502182006835938, 0.3620288372039795, 0.37593698501586914, 0.44670796394348145, 0.4448068141937256, 0.4430971145629883, 0.45398712158203125, 0.4573841094970703, 0.46257996559143066, 0.4719521999359131, 0.4731771945953369, 0.4770169258117676, 0.4882369041442871, 0.48970985412597656]
{'args': ((32, 0, slice(0, 960, None), slice(None, None, None)),), 'dataset shape': (40, 11, 1921, 2560), 'dataset chunks': (7, 1, 385, 512), 'indexing time (s)': 2.1457672119140625e-06, 'chunk number': 1650, 'reduction time (s)': 0.49706602096557617, 'chunks processed': 15, 'storage read (B)': 29670387, 'selection 2 time (s)': 0.5123560428619385}
Thread times [0.2577691078186035, 0.3063640594482422, 0.32002997398376465, 0.49255800247192383, 0.5248818397521973, 0.5225729942321777, 0.5355019569396973, 0.5340771675109863, 0.5464611053466797, 0.5515930652618408, 0.5535500049591064, 0.5627639293670654, 0.5842392444610596, 0.5863630771636963, 0.5885357856750488]
{'args': ((33, 0, slice(0, 960, None), slice(None, None, None)),), 'dataset shape': (40, 11, 1921, 2560), 'dataset chunks': (7, 1, 385, 512), 'indexing time (s)': 1.9073486328125e-06, 'chunk number': 1650, 'reduction time (s)': 0.5993180274963379, 'chunks processed': 15, 'storage read (B)': 29670387, 'selection 2 time (s)': 0.6146817207336426}
Thread times [0.4146599769592285, 0.4436490535736084, 0.5604069232940674, 0.5714991092681885, 0.5744390487670898, 0.5852329730987549, 0.5889489650726318, 0.5907232761383057, 0.691011905670166, 0.6852190494537354, 0.6963210105895996, 0.6941471099853516, 0.7011981010437012, 0.6989548206329346, 0.7030031681060791]
{'args': ((34, 0, slice(0, 960, None), slice(None, None, None)),), 'dataset shape': (40, 11, 1921, 2560), 'dataset chunks': (7, 1, 385, 512), 'indexing time (s)': 2.1457672119140625e-06, 'chunk number': 1650, 'reduction time (s)': 0.7106640338897705, 'chunks processed': 15, 'storage read (B)': 29670387, 'selection 2 time (s)': 0.7241220474243164}
Thread times [0.25694704055786133, 0.2680230140686035, 0.2800731658935547, 0.3055911064147949, 0.34136176109313965, 0.35709428787231445, 0.3562638759613037, 0.3590106964111328, 0.37076687812805176, 0.3654971122741699, 0.37372899055480957, 0.3829460144042969, 0.3903059959411621, 0.3894839286804199, 0.3909738063812256]
{'args': ((35, 0, slice(0, 960, None), slice(None, None, None)),), 'dataset shape': (40, 11, 1921, 2560), 'dataset chunks': (7, 1, 385, 512), 'indexing time (s)': 9.5367431640625e-07, 'chunk number': 1650, 'reduction time (s)': 0.4026329517364502, 'chunks processed': 15, 'storage read (B)': 21287473, 'selection 2 time (s)': 0.42177891731262207}
Thread times [0.2514519691467285, 0.26628971099853516, 0.2829620838165283, 0.34606409072875977, 0.3598599433898926, 0.35704970359802246, 0.3625307083129883, 0.36516404151916504, 0.37651729583740234, 0.372204065322876, 0.3863871097564697, 0.3876028060913086, 0.4276719093322754, 0.4268839359283447, 0.4282870292663574]
{'args': ((36, 0, slice(0, 960, None), slice(None, None, None)),), 'dataset shape': (40, 11, 1921, 2560), 'dataset chunks': (7, 1, 385, 512), 'indexing time (s)': 9.5367431640625e-07, 'chunk number': 1650, 'reduction time (s)': 0.4396498203277588, 'chunks processed': 15, 'storage read (B)': 21287473, 'selection 2 time (s)': 0.4589672088623047}
Thread times [0.4329359531402588, 0.4409599304199219, 0.4659600257873535, 0.4805281162261963, 0.49289417266845703, 0.48996806144714355, 0.49509572982788086, 0.4997129440307617, 0.5017049312591553, 0.5044152736663818, 0.5134468078613281, 0.5236639976501465, 0.530271053314209, 0.5313520431518555, 0.5312180519104004]
{'args': ((37, 0, slice(0, 960, None), slice(None, None, None)),), 'dataset shape': (40, 11, 1921, 2560), 'dataset chunks': (7, 1, 385, 512), 'indexing time (s)': 9.5367431640625e-07, 'chunk number': 1650, 'reduction time (s)': 0.5400950908660889, 'chunks processed': 15, 'storage read (B)': 21287473, 'selection 2 time (s)': 0.5551297664642334}
Thread times [0.33258485794067383, 0.3378632068634033, 0.3553190231323242, 0.3620569705963135, 0.3739190101623535, 0.3701057434082031, 0.3765990734100342, 0.3788318634033203, 0.4019498825073242, 0.4070608615875244, 0.4112882614135742, 0.41908907890319824, 0.4266519546508789, 0.42574405670166016, 0.4261941909790039]
{'args': ((38, 0, slice(0, 960, None), slice(None, None, None)),), 'dataset shape': (40, 11, 1921, 2560), 'dataset chunks': (7, 1, 385, 512), 'indexing time (s)': 2.1457672119140625e-06, 'chunk number': 1650, 'reduction time (s)': 0.43663597106933594, 'chunks processed': 15, 'storage read (B)': 21287473, 'selection 2 time (s)': 0.44986796379089355}
Thread times [0.24869203567504883, 0.3605020046234131, 0.3780238628387451, 0.38446688652038574, 0.3848237991333008, 0.3879117965698242, 0.3915388584136963, 0.39029574394226074, 0.40270280838012695, 0.39958620071411133, 0.4073631763458252, 0.413959264755249, 0.4221220016479492, 0.422072172164917, 0.4289736747741699]
{'args': ((39, 0, slice(0, 960, None), slice(None, None, None)),), 'dataset shape': (40, 11, 1921, 2560), 'dataset chunks': (7, 1, 385, 512), 'indexing time (s)': 2.1457672119140625e-06, 'chunk number': 1650, 'reduction time (s)': 0.4380981922149658, 'chunks processed': 15, 'storage read (B)': 21287473, 'selection 2 time (s)': 0.4596428871154785}
[[226.07820312]
 [226.0646875 ]
 [225.93776042]
 [225.90820312]
 [225.91739583]
 [225.88463542]
 [225.82080729]
 [225.85434896]
 [225.98346354]
 [226.03822917]
 [226.01317708]
 [226.02333333]
 [226.03768229]
 [226.00486979]
 [225.91776042]
 [225.94036458]
 [225.98729167]
 [225.91450521]
 [225.81239583]
 [225.81888021]
 [225.8453125 ]
 [225.78502604]
 [225.63648438]
 [225.5565625 ]
 [225.45744792]
 [225.32385417]
 [225.16335937]
 [225.07789063]
 [225.07846354]
 [225.10666667]
 [225.17606771]
 [225.36867187]
 [225.57927083]
 [225.69085938]
 [225.72221354]
 [225.82369792]
 [225.93643229]
 [225.96760417]
 [225.91872396]
 [225.92236979]]
Summary:  Hom24-np1:Active (T100,BS1): 3.51s,22.85s,43.52s
