Dataset loaded from S3 with s3fs and Pyfive: bnl/ch330a.pc19790301-def.nc (0.17,2.7)
Thread times [0.187974214553833, 0.09724974632263184, 0.2734239101409912, 0.1417388916015625, 0.09259438514709473, 0.11488699913024902, 0.10632991790771484, 0.11006808280944824, 0.27388596534729004, 0.08227896690368652, 0.09378671646118164, 0.2618401050567627, 0.09480500221252441, 0.1314411163330078, 0.10637307167053223]
{'load nc time': 3.3287160396575928, 'args': ((0, 0, slice(0, 960, None), slice(None, None, None)),), 'dataset shape': (40, 11, 1921, 2560), 'dataset chunks': (7, 1, 385, 512), 'indexing time (s)': 16.053283214569092, 'chunk number': 1650, 'reduction time (s)': 2.1706089973449707, 'chunks processed': 15, 'storage read (B)': 29685482, 'selection 2 time (s)': 18.227078199386597}
Thread times [0.19193029403686523, 0.06970977783203125, 0.08346700668334961, 0.07788801193237305, 0.09982490539550781, 0.10015988349914551, 0.10689902305603027, 0.1245419979095459, 0.29614996910095215, 0.10158371925354004, 0.10327982902526855, 0.31590914726257324, 0.09730195999145508, 0.1493382453918457, 0.11053180694580078]
{'args': ((1, 0, slice(0, 960, None), slice(None, None, None)),), 'dataset shape': (40, 11, 1921, 2560), 'dataset chunks': (7, 1, 385, 512), 'indexing time (s)': 3.0994415283203125e-06, 'chunk number': 1650, 'reduction time (s)': 2.03085994720459, 'chunks processed': 15, 'storage read (B)': 29685482, 'selection 2 time (s)': 2.0347657203674316}
Thread times [0.1605391502380371, 0.0693659782409668, 0.08925795555114746, 0.07636404037475586, 0.09832382202148438, 0.09295892715454102, 0.09916210174560547, 0.10961484909057617, 0.2858102321624756, 0.12775206565856934, 0.10250329971313477, 0.28141283988952637, 0.13897275924682617, 0.11274170875549316, 0.1134941577911377]
{'args': ((2, 0, slice(0, 960, None), slice(None, None, None)),), 'dataset shape': (40, 11, 1921, 2560), 'dataset chunks': (7, 1, 385, 512), 'indexing time (s)': 4.76837158203125e-06, 'chunk number': 1650, 'reduction time (s)': 1.9607961177825928, 'chunks processed': 15, 'storage read (B)': 29685482, 'selection 2 time (s)': 1.9654340744018555}
Thread times [0.13628077507019043, 0.16037416458129883, 0.15303397178649902, 0.09685683250427246, 0.1298828125, 0.14051389694213867, 0.10554909706115723, 0.10226798057556152, 0.3175077438354492, 0.11123991012573242, 0.11167407035827637, 0.2991931438446045, 0.09501409530639648, 0.09202885627746582, 0.09360814094543457]
{'args': ((3, 0, slice(0, 960, None), slice(None, None, None)),), 'dataset shape': (40, 11, 1921, 2560), 'dataset chunks': (7, 1, 385, 512), 'indexing time (s)': 5.9604644775390625e-06, 'chunk number': 1650, 'reduction time (s)': 2.1477739810943604, 'chunks processed': 15, 'storage read (B)': 29685482, 'selection 2 time (s)': 2.1521012783050537}
Thread times [0.24065184593200684, 0.07173609733581543, 0.08515000343322754, 0.07723212242126465, 0.10245609283447266, 0.18703317642211914, 0.10652303695678711, 0.09463906288146973, 0.32271885871887207, 0.09835219383239746, 0.09842491149902344, 0.32352733612060547, 0.13528132438659668, 0.1427462100982666, 0.11902880668640137]
{'args': ((4, 0, slice(0, 960, None), slice(None, None, None)),), 'dataset shape': (40, 11, 1921, 2560), 'dataset chunks': (7, 1, 385, 512), 'indexing time (s)': 6.9141387939453125e-06, 'chunk number': 1650, 'reduction time (s)': 2.208287000656128, 'chunks processed': 15, 'storage read (B)': 29685482, 'selection 2 time (s)': 2.2132668495178223}
Thread times [0.27597904205322266, 0.09461784362792969, 0.11734294891357422, 0.15579819679260254, 0.10273575782775879, 0.09772324562072754, 0.09316706657409668, 0.13286519050598145, 0.23258209228515625, 0.08889293670654297, 0.0938711166381836, 0.2281351089477539, 0.09894227981567383, 0.10116195678710938, 0.10155606269836426]
{'args': ((5, 0, slice(0, 960, None), slice(None, None, None)),), 'dataset shape': (40, 11, 1921, 2560), 'dataset chunks': (7, 1, 385, 512), 'indexing time (s)': 5.0067901611328125e-06, 'chunk number': 1650, 'reduction time (s)': 2.0200979709625244, 'chunks processed': 15, 'storage read (B)': 29685482, 'selection 2 time (s)': 2.024487018585205}
Thread times [0.19320201873779297, 0.07830500602722168, 0.12036871910095215, 0.07533812522888184, 0.08846187591552734, 0.1623852252960205, 0.09822201728820801, 0.10159420967102051, 0.4094231128692627, 0.09271502494812012, 0.10233235359191895, 0.24319815635681152, 0.0874629020690918, 0.09497618675231934, 0.1326308250427246]
{'args': ((6, 0, slice(0, 960, None), slice(None, None, None)),), 'dataset shape': (40, 11, 1921, 2560), 'dataset chunks': (7, 1, 385, 512), 'indexing time (s)': 4.76837158203125e-06, 'chunk number': 1650, 'reduction time (s)': 2.082960844039917, 'chunks processed': 15, 'storage read (B)': 29685482, 'selection 2 time (s)': 2.08674693107605}
Thread times [0.20395803451538086, 0.07298421859741211, 0.10034370422363281, 0.0917360782623291, 0.09205102920532227, 0.16855502128601074, 0.09624409675598145, 0.11062192916870117, 0.3513178825378418, 0.10718798637390137, 0.40424299240112305, 0.09547781944274902, 0.1023399829864502, 0.10018301010131836, 0.09938311576843262]
{'args': ((7, 0, slice(0, 960, None), slice(None, None, None)),), 'dataset shape': (40, 11, 1921, 2560), 'dataset chunks': (7, 1, 385, 512), 'indexing time (s)': 4.0531158447265625e-06, 'chunk number': 1650, 'reduction time (s)': 2.1990609169006348, 'chunks processed': 15, 'storage read (B)': 29701892, 'selection 2 time (s)': 2.2029130458831787}
Thread times [0.21163582801818848, 0.07391524314880371, 0.09232687950134277, 0.09163379669189453, 0.15256285667419434, 0.10017895698547363, 0.1430962085723877, 0.10342812538146973, 0.24235320091247559, 0.14136099815368652, 0.10609006881713867, 0.09905695915222168, 0.11192679405212402, 0.09571099281311035, 0.09616804122924805]
{'args': ((8, 0, slice(0, 960, None), slice(None, None, None)),), 'dataset shape': (40, 11, 1921, 2560), 'dataset chunks': (7, 1, 385, 512), 'indexing time (s)': 5.0067901611328125e-06, 'chunk number': 1650, 'reduction time (s)': 1.8638908863067627, 'chunks processed': 15, 'storage read (B)': 29701892, 'selection 2 time (s)': 1.8662903308868408}
Thread times [0.13277196884155273, 0.07963013648986816, 0.12207794189453125, 0.1470630168914795, 0.1101841926574707, 0.09610915184020996, 0.16471004486083984, 0.09576892852783203, 0.26394224166870117, 0.16516470909118652, 0.09822511672973633, 0.09912610054016113, 0.10042595863342285, 0.09802579879760742, 0.12770795822143555]
{'args': ((9, 0, slice(0, 960, None), slice(None, None, None)),), 'dataset shape': (40, 11, 1921, 2560), 'dataset chunks': (7, 1, 385, 512), 'indexing time (s)': 3.0994415283203125e-06, 'chunk number': 1650, 'reduction time (s)': 1.9035930633544922, 'chunks processed': 15, 'storage read (B)': 29701892, 'selection 2 time (s)': 1.9078669548034668}
Thread times [0.1380758285522461, 0.0873420238494873, 0.09506893157958984, 0.19748306274414062, 0.09981703758239746, 0.13523101806640625, 0.107421875, 0.18045806884765625, 0.3097836971282959, 0.10994482040405273, 0.10485386848449707, 0.10682010650634766, 0.11135578155517578, 0.11102986335754395, 0.09710693359375]
{'args': ((10, 0, slice(0, 960, None), slice(None, None, None)),), 'dataset shape': (40, 11, 1921, 2560), 'dataset chunks': (7, 1, 385, 512), 'indexing time (s)': 4.76837158203125e-06, 'chunk number': 1650, 'reduction time (s)': 1.9944419860839844, 'chunks processed': 15, 'storage read (B)': 29701892, 'selection 2 time (s)': 1.9966168403625488}
Thread times [0.22738385200500488, 0.07109403610229492, 0.10134315490722656, 0.09735798835754395, 0.1961050033569336, 0.09541201591491699, 0.09541821479797363, 0.13260698318481445, 0.2653079032897949, 0.10474491119384766, 0.15913701057434082, 0.12115883827209473, 0.10603094100952148, 0.10375785827636719, 0.0999150276184082]
{'args': ((11, 0, slice(0, 960, None), slice(None, None, None)),), 'dataset shape': (40, 11, 1921, 2560), 'dataset chunks': (7, 1, 385, 512), 'indexing time (s)': 3.0994415283203125e-06, 'chunk number': 1650, 'reduction time (s)': 1.9792132377624512, 'chunks processed': 15, 'storage read (B)': 29701892, 'selection 2 time (s)': 1.9814939498901367}
Thread times [0.2104480266571045, 0.08665919303894043, 0.10689091682434082, 0.10308599472045898, 0.12512898445129395, 0.10157585144042969, 0.09753298759460449, 0.1065211296081543, 0.320483922958374, 0.10794496536254883, 0.09869098663330078, 0.10096168518066406, 0.10922503471374512, 0.14689898490905762, 0.09644699096679688]
{'args': ((12, 0, slice(0, 960, None), slice(None, None, None)),), 'dataset shape': (40, 11, 1921, 2560), 'dataset chunks': (7, 1, 385, 512), 'indexing time (s)': 3.0994415283203125e-06, 'chunk number': 1650, 'reduction time (s)': 1.921442985534668, 'chunks processed': 15, 'storage read (B)': 29701892, 'selection 2 time (s)': 1.9256513118743896}
Thread times [0.12122607231140137, 0.07116198539733887, 0.18884682655334473, 0.11717414855957031, 0.11090207099914551, 0.10239481925964355, 0.19349098205566406, 0.08742499351501465, 0.23685812950134277, 0.09619307518005371, 0.10375118255615234, 0.10156702995300293, 0.1103048324584961, 0.09923386573791504, 0.10436296463012695]
{'args': ((13, 0, slice(0, 960, None), slice(None, None, None)),), 'dataset shape': (40, 11, 1921, 2560), 'dataset chunks': (7, 1, 385, 512), 'indexing time (s)': 4.291534423828125e-06, 'chunk number': 1650, 'reduction time (s)': 1.8476932048797607, 'chunks processed': 15, 'storage read (B)': 29701892, 'selection 2 time (s)': 1.852302074432373}
Thread times [0.20674419403076172, 0.08151984214782715, 0.08152508735656738, 0.12003302574157715, 0.1351490020751953, 0.1271829605102539, 0.10582399368286133, 0.10988712310791016, 0.24804472923278809, 0.1630709171295166, 0.29379916191101074, 0.1338179111480713, 0.15311002731323242, 0.2367877960205078, 0.10615086555480957]
{'args': ((14, 0, slice(0, 960, None), slice(None, None, None)),), 'dataset shape': (40, 11, 1921, 2560), 'dataset chunks': (7, 1, 385, 512), 'indexing time (s)': 6.9141387939453125e-06, 'chunk number': 1650, 'reduction time (s)': 2.305387020111084, 'chunks processed': 15, 'storage read (B)': 29733505, 'selection 2 time (s)': 2.3082618713378906}
Thread times [0.1128849983215332, 0.11828374862670898, 0.18339085578918457, 0.13301396369934082, 0.10840797424316406, 0.1308608055114746, 0.14958596229553223, 0.11253786087036133, 0.41474270820617676, 0.12018394470214844, 0.09687113761901855, 0.30465006828308105, 0.17317700386047363, 0.10327601432800293, 0.09609603881835938]
{'args': ((15, 0, slice(0, 960, None), slice(None, None, None)),), 'dataset shape': (40, 11, 1921, 2560), 'dataset chunks': (7, 1, 385, 512), 'indexing time (s)': 3.0994415283203125e-06, 'chunk number': 1650, 'reduction time (s)': 2.360156774520874, 'chunks processed': 15, 'storage read (B)': 29733505, 'selection 2 time (s)': 2.3621129989624023}
Thread times [0.14994311332702637, 0.08706998825073242, 0.09939408302307129, 0.08464908599853516, 0.09314203262329102, 0.15932393074035645, 0.10606002807617188, 0.11249017715454102, 0.30434322357177734, 0.11204814910888672, 0.10343766212463379, 0.10155701637268066, 0.20720696449279785, 0.09957718849182129, 0.1000208854675293]
{'args': ((16, 0, slice(0, 960, None), slice(None, None, None)),), 'dataset shape': (40, 11, 1921, 2560), 'dataset chunks': (7, 1, 385, 512), 'indexing time (s)': 2.1457672119140625e-06, 'chunk number': 1650, 'reduction time (s)': 1.92221999168396, 'chunks processed': 15, 'storage read (B)': 29733505, 'selection 2 time (s)': 1.9247691631317139}
Thread times [0.14609289169311523, 0.1761491298675537, 0.08715391159057617, 0.0848691463470459, 0.10249614715576172, 0.09651494026184082, 0.15116095542907715, 0.11741018295288086, 0.4759843349456787, 0.1504199504852295, 0.09714508056640625, 0.10408496856689453, 0.11074423789978027, 0.11014509201049805, 0.10189580917358398]
{'args': ((17, 0, slice(0, 960, None), slice(None, None, None)),), 'dataset shape': (40, 11, 1921, 2560), 'dataset chunks': (7, 1, 385, 512), 'indexing time (s)': 3.0994415283203125e-06, 'chunk number': 1650, 'reduction time (s)': 2.1146650314331055, 'chunks processed': 15, 'storage read (B)': 29733505, 'selection 2 time (s)': 2.116962194442749}
Thread times [0.1516878604888916, 0.15086102485656738, 0.07985401153564453, 0.09094405174255371, 0.09456920623779297, 0.12907981872558594, 0.1295320987701416, 0.12137818336486816, 0.24203920364379883, 0.15908312797546387, 0.0933527946472168, 0.1531209945678711, 0.14264774322509766, 0.13245511054992676, 0.09829282760620117]
{'args': ((18, 0, slice(0, 960, None), slice(None, None, None)),), 'dataset shape': (40, 11, 1921, 2560), 'dataset chunks': (7, 1, 385, 512), 'indexing time (s)': 3.0994415283203125e-06, 'chunk number': 1650, 'reduction time (s)': 1.9710428714752197, 'chunks processed': 15, 'storage read (B)': 29733505, 'selection 2 time (s)': 1.9729599952697754}
Thread times [0.1335430145263672, 0.09626579284667969, 0.0832834243774414, 0.11102104187011719, 0.13472414016723633, 0.10298609733581543, 0.11445093154907227, 0.172623872756958, 0.29032087326049805, 0.10619997978210449, 0.12666106224060059, 0.09856581687927246, 0.12010502815246582, 0.11846613883972168, 0.09440803527832031]
{'args': ((19, 0, slice(0, 960, None), slice(None, None, None)),), 'dataset shape': (40, 11, 1921, 2560), 'dataset chunks': (7, 1, 385, 512), 'indexing time (s)': 1.9073486328125e-06, 'chunk number': 1650, 'reduction time (s)': 1.9066669940948486, 'chunks processed': 15, 'storage read (B)': 29733505, 'selection 2 time (s)': 1.9106676578521729}
Thread times [0.20247292518615723, 0.08699989318847656, 0.0933220386505127, 0.09611797332763672, 0.13103008270263672, 0.10436606407165527, 0.12678194046020508, 0.11301803588867188, 0.24717974662780762, 0.10235381126403809, 0.09977388381958008, 0.09863519668579102, 0.1547849178314209, 0.12536883354187012, 0.10732173919677734]
{'args': ((20, 0, slice(0, 960, None), slice(None, None, None)),), 'dataset shape': (40, 11, 1921, 2560), 'dataset chunks': (7, 1, 385, 512), 'indexing time (s)': 5.0067901611328125e-06, 'chunk number': 1650, 'reduction time (s)': 1.8923137187957764, 'chunks processed': 15, 'storage read (B)': 29733505, 'selection 2 time (s)': 1.897029161453247}
Thread times [0.1396329402923584, 0.1479957103729248, 0.11278295516967773, 0.09432005882263184, 0.08183073997497559, 0.09453225135803223, 0.13937592506408691, 0.09988903999328613, 0.10567808151245117, 0.10792183876037598, 0.09508585929870605, 0.11433911323547363, 0.2528970241546631, 0.2716691493988037, 0.0891273021697998]
{'args': ((21, 0, slice(0, 960, None), slice(None, None, None)),), 'dataset shape': (40, 11, 1921, 2560), 'dataset chunks': (7, 1, 385, 512), 'indexing time (s)': 7.3909759521484375e-06, 'chunk number': 1650, 'reduction time (s)': 1.949754238128662, 'chunks processed': 15, 'storage read (B)': 29686785, 'selection 2 time (s)': 1.9527459144592285}
Thread times [0.1285858154296875, 0.07765316963195801, 0.10280108451843262, 0.12161111831665039, 0.08132481575012207, 0.09920883178710938, 0.12900018692016602, 0.11727619171142578, 0.2853109836578369, 0.10163593292236328, 0.09570980072021484, 0.1407620906829834, 0.5523700714111328, 0.5117120742797852, 0.13350915908813477]
{'args': ((22, 0, slice(0, 960, None), slice(None, None, None)),), 'dataset shape': (40, 11, 1921, 2560), 'dataset chunks': (7, 1, 385, 512), 'indexing time (s)': 3.0994415283203125e-06, 'chunk number': 1650, 'reduction time (s)': 2.6810178756713867, 'chunks processed': 15, 'storage read (B)': 29686785, 'selection 2 time (s)': 2.6852147579193115}
Thread times [0.3674502372741699, 0.09531116485595703, 0.08364200592041016, 0.12366795539855957, 0.22147822380065918, 0.09316015243530273, 0.12128996849060059, 0.3078739643096924, 0.14154696464538574, 0.13536405563354492, 0.24772906303405762, 0.10985684394836426, 0.41332006454467773, 0.25304198265075684, 0.27561306953430176]
{'args': ((23, 0, slice(0, 960, None), slice(None, None, None)),), 'dataset shape': (40, 11, 1921, 2560), 'dataset chunks': (7, 1, 385, 512), 'indexing time (s)': 7.867813110351562e-06, 'chunk number': 1650, 'reduction time (s)': 2.9930670261383057, 'chunks processed': 15, 'storage read (B)': 29686785, 'selection 2 time (s)': 2.995897054672241}
Thread times [0.1629040241241455, 0.0981130599975586, 0.1024470329284668, 0.15327000617980957, 0.0699927806854248, 0.09704303741455078, 0.09809470176696777, 0.16746783256530762, 0.23749995231628418, 0.1006920337677002, 0.09801793098449707, 0.17783403396606445, 0.3177762031555176, 0.23527097702026367, 0.08525204658508301]
{'args': ((24, 0, slice(0, 960, None), slice(None, None, None)),), 'dataset shape': (40, 11, 1921, 2560), 'dataset chunks': (7, 1, 385, 512), 'indexing time (s)': 4.0531158447265625e-06, 'chunk number': 1650, 'reduction time (s)': 2.205085039138794, 'chunks processed': 15, 'storage read (B)': 29686785, 'selection 2 time (s)': 2.208021879196167}
Thread times [0.16103887557983398, 0.07876801490783691, 0.16424083709716797, 0.08693408966064453, 0.07413792610168457, 0.10347700119018555, 0.10951089859008789, 0.1500091552734375, 0.11937499046325684, 0.10416173934936523, 0.1210939884185791, 0.17991423606872559, 0.27777099609375, 0.25756001472473145, 0.09059405326843262]
{'args': ((25, 0, slice(0, 960, None), slice(None, None, None)),), 'dataset shape': (40, 11, 1921, 2560), 'dataset chunks': (7, 1, 385, 512), 'indexing time (s)': 2.1457672119140625e-06, 'chunk number': 1650, 'reduction time (s)': 2.080785036087036, 'chunks processed': 15, 'storage read (B)': 29686785, 'selection 2 time (s)': 2.0836551189422607}
Thread times [0.11783123016357422, 0.09773492813110352, 0.20266413688659668, 0.10081195831298828, 0.0787351131439209, 0.11088204383850098, 0.09983468055725098, 0.1322188377380371, 0.1040501594543457, 0.13188576698303223, 0.11416411399841309, 0.17552614212036133, 0.30991387367248535, 0.27365708351135254, 0.09058713912963867]
{'args': ((26, 0, slice(0, 960, None), slice(None, None, None)),), 'dataset shape': (40, 11, 1921, 2560), 'dataset chunks': (7, 1, 385, 512), 'indexing time (s)': 3.0994415283203125e-06, 'chunk number': 1650, 'reduction time (s)': 2.142498254776001, 'chunks processed': 15, 'storage read (B)': 29686785, 'selection 2 time (s)': 2.144686222076416}
Thread times [0.1453850269317627, 0.05873894691467285, 0.16566801071166992, 0.17733216285705566, 0.10274815559387207, 0.10210204124450684, 0.14186620712280273, 0.0999610424041748, 0.11949372291564941, 0.10879778861999512, 0.28386688232421875, 0.15786004066467285, 0.3191959857940674, 0.4844679832458496, 0.16249489784240723]
{'args': ((27, 0, slice(0, 960, None), slice(None, None, None)),), 'dataset shape': (40, 11, 1921, 2560), 'dataset chunks': (7, 1, 385, 512), 'indexing time (s)': 1.9073486328125e-06, 'chunk number': 1650, 'reduction time (s)': 2.632035732269287, 'chunks processed': 15, 'storage read (B)': 29686785, 'selection 2 time (s)': 2.6359119415283203}
Thread times [0.16069293022155762, 0.1947021484375, 0.09538412094116211, 0.09062385559082031, 0.09963178634643555, 0.12119102478027344, 0.11721181869506836, 0.09823918342590332, 0.1037909984588623, 0.10915803909301758, 0.0998239517211914, 0.32251906394958496, 0.15178680419921875, 0.16177988052368164, 0.09508895874023438]
{'args': ((28, 0, slice(0, 960, None), slice(None, None, None)),), 'dataset shape': (40, 11, 1921, 2560), 'dataset chunks': (7, 1, 385, 512), 'indexing time (s)': 6.198883056640625e-06, 'chunk number': 1650, 'reduction time (s)': 2.0234901905059814, 'chunks processed': 15, 'storage read (B)': 29670387, 'selection 2 time (s)': 2.025275945663452}
Thread times [0.12608909606933594, 0.07337188720703125, 0.22816014289855957, 0.09698700904846191, 0.14329314231872559, 0.11246800422668457, 0.17137503623962402, 0.09807777404785156, 0.10335397720336914, 0.11000609397888184, 0.0987997055053711, 0.23680830001831055, 0.17611408233642578, 0.22411870956420898, 0.10669994354248047]
{'args': ((29, 0, slice(0, 960, None), slice(None, None, None)),), 'dataset shape': (40, 11, 1921, 2560), 'dataset chunks': (7, 1, 385, 512), 'indexing time (s)': 2.1457672119140625e-06, 'chunk number': 1650, 'reduction time (s)': 2.1077771186828613, 'chunks processed': 15, 'storage read (B)': 29670387, 'selection 2 time (s)': 2.1094961166381836}
Thread times [0.13429808616638184, 0.06043291091918945, 0.22034692764282227, 0.09164190292358398, 0.09533405303955078, 0.0948789119720459, 0.08893299102783203, 0.15251708030700684, 0.10152792930603027, 0.10027599334716797, 0.11128687858581543, 0.24835610389709473, 0.08809614181518555, 0.11275196075439453, 0.10614013671875]
{'args': ((30, 0, slice(0, 960, None), slice(None, None, None)),), 'dataset shape': (40, 11, 1921, 2560), 'dataset chunks': (7, 1, 385, 512), 'indexing time (s)': 1.9073486328125e-06, 'chunk number': 1650, 'reduction time (s)': 1.8088948726654053, 'chunks processed': 15, 'storage read (B)': 29670387, 'selection 2 time (s)': 1.8130390644073486}
Thread times [0.5826785564422607, 0.40882182121276855, 0.483140230178833, 0.10831594467163086, 0.16548705101013184, 0.09717798233032227, 0.11284804344177246, 0.48534393310546875, 0.09874892234802246, 0.10990166664123535, 0.14303898811340332, 0.24222087860107422, 0.2794649600982666, 0.1000058650970459, 0.09343433380126953]
{'args': ((31, 0, slice(0, 960, None), slice(None, None, None)),), 'dataset shape': (40, 11, 1921, 2560), 'dataset chunks': (7, 1, 385, 512), 'indexing time (s)': 5.0067901611328125e-06, 'chunk number': 1650, 'reduction time (s)': 3.5128321647644043, 'chunks processed': 15, 'storage read (B)': 29670387, 'selection 2 time (s)': 3.515144109725952}
Thread times [0.12031292915344238, 0.20850110054016113, 0.10119199752807617, 0.09857392311096191, 0.13872194290161133, 0.18528509140014648, 0.10323786735534668, 0.13049817085266113, 0.1289970874786377, 0.16154193878173828, 0.09993433952331543, 0.4253692626953125, 0.10057401657104492, 0.13043212890625, 0.11160397529602051]
{'args': ((32, 0, slice(0, 960, None), slice(None, None, None)),), 'dataset shape': (40, 11, 1921, 2560), 'dataset chunks': (7, 1, 385, 512), 'indexing time (s)': 1.5974044799804688e-05, 'chunk number': 1650, 'reduction time (s)': 2.2463998794555664, 'chunks processed': 15, 'storage read (B)': 29670387, 'selection 2 time (s)': 2.249293088912964}
Thread times [0.2749311923980713, 0.07187604904174805, 0.11897706985473633, 0.10122013092041016, 0.1324150562286377, 0.10178399085998535, 0.09717607498168945, 0.1958940029144287, 0.12949800491333008, 0.0917809009552002, 0.14455509185791016, 0.28855299949645996, 0.10856032371520996, 0.10133600234985352, 0.1446378231048584]
{'args': ((33, 0, slice(0, 960, None), slice(None, None, None)),), 'dataset shape': (40, 11, 1921, 2560), 'dataset chunks': (7, 1, 385, 512), 'indexing time (s)': 3.0994415283203125e-06, 'chunk number': 1650, 'reduction time (s)': 2.104902744293213, 'chunks processed': 15, 'storage read (B)': 29670387, 'selection 2 time (s)': 2.107398271560669}
Thread times [0.16578316688537598, 0.07259607315063477, 0.10662078857421875, 0.09185004234313965, 0.25361013412475586, 0.14713072776794434, 0.1031942367553711, 0.136674165725708, 0.13712310791015625, 0.10233521461486816, 0.12264490127563477, 0.29903101921081543, 0.11771702766418457, 0.10254788398742676, 0.1040949821472168]
{'args': ((34, 0, slice(0, 960, None), slice(None, None, None)),), 'dataset shape': (40, 11, 1921, 2560), 'dataset chunks': (7, 1, 385, 512), 'indexing time (s)': 2.1457672119140625e-06, 'chunk number': 1650, 'reduction time (s)': 2.064523935317993, 'chunks processed': 15, 'storage read (B)': 29670387, 'selection 2 time (s)': 2.067135810852051}
Thread times [0.32738804817199707, 0.08723306655883789, 0.07166218757629395, 0.08968615531921387, 0.14469218254089355, 0.0952918529510498, 0.11491799354553223, 0.08155202865600586, 0.09502196311950684, 0.1367330551147461, 0.0919501781463623, 0.09104490280151367, 0.09667825698852539, 0.08927702903747559, 0.15613698959350586]
{'args': ((35, 0, slice(0, 960, None), slice(None, None, None)),), 'dataset shape': (40, 11, 1921, 2560), 'dataset chunks': (7, 1, 385, 512), 'indexing time (s)': 2.1457672119140625e-06, 'chunk number': 1650, 'reduction time (s)': 1.7719051837921143, 'chunks processed': 15, 'storage read (B)': 21287473, 'selection 2 time (s)': 1.7762508392333984}
Thread times [0.14559292793273926, 0.06808710098266602, 0.08912205696105957, 0.0916590690612793, 0.14391183853149414, 0.11631393432617188, 0.11877870559692383, 0.0810086727142334, 0.18483805656433105, 0.09602618217468262, 0.09209704399108887, 0.10994601249694824, 0.09388494491577148, 0.13131022453308105, 0.11229705810546875]
{'args': ((36, 0, slice(0, 960, None), slice(None, None, None)),), 'dataset shape': (40, 11, 1921, 2560), 'dataset chunks': (7, 1, 385, 512), 'indexing time (s)': 7.152557373046875e-06, 'chunk number': 1650, 'reduction time (s)': 1.6785411834716797, 'chunks processed': 15, 'storage read (B)': 21287473, 'selection 2 time (s)': 1.6811339855194092}
Thread times [0.14792299270629883, 0.07244324684143066, 0.08833003044128418, 0.1000680923461914, 0.08349180221557617, 0.09552884101867676, 0.09572720527648926, 0.08257603645324707, 0.16644883155822754, 0.12346386909484863, 0.08264303207397461, 0.12105178833007812, 0.08738994598388672, 0.10988402366638184, 0.09702229499816895]
{'args': ((37, 0, slice(0, 960, None), slice(None, None, None)),), 'dataset shape': (40, 11, 1921, 2560), 'dataset chunks': (7, 1, 385, 512), 'indexing time (s)': 2.1457672119140625e-06, 'chunk number': 1650, 'reduction time (s)': 1.5561909675598145, 'chunks processed': 15, 'storage read (B)': 21287473, 'selection 2 time (s)': 1.55934476852417}
Thread times [0.19099187850952148, 0.06560897827148438, 0.16442513465881348, 0.09796285629272461, 0.11964702606201172, 0.09450006484985352, 0.09277582168579102, 0.11974215507507324, 0.11174869537353516, 0.09982991218566895, 0.10174989700317383, 0.2107698917388916, 0.10273909568786621, 0.09676480293273926, 0.0874931812286377]
{'args': ((38, 0, slice(0, 960, None), slice(None, None, None)),), 'dataset shape': (40, 11, 1921, 2560), 'dataset chunks': (7, 1, 385, 512), 'indexing time (s)': 3.0994415283203125e-06, 'chunk number': 1650, 'reduction time (s)': 1.7588961124420166, 'chunks processed': 15, 'storage read (B)': 21287473, 'selection 2 time (s)': 1.7616560459136963}
Thread times [0.12949395179748535, 0.10391497611999512, 0.10384726524353027, 0.0930318832397461, 0.10692286491394043, 0.09574604034423828, 0.12341189384460449, 0.08579182624816895, 0.09704971313476562, 0.08466005325317383, 0.1397721767425537, 0.11703896522521973, 0.0940699577331543, 0.0922999382019043, 0.07912492752075195]
{'args': ((39, 0, slice(0, 960, None), slice(None, None, None)),), 'dataset shape': (40, 11, 1921, 2560), 'dataset chunks': (7, 1, 385, 512), 'indexing time (s)': 2.1457672119140625e-06, 'chunk number': 1650, 'reduction time (s)': 1.5481510162353516, 'chunks processed': 15, 'storage read (B)': 21287473, 'selection 2 time (s)': 1.5511038303375244}
[[226.07820312]
 [226.0646875 ]
 [225.93776042]
 [225.90820312]
 [225.91739583]
 [225.88460937]
 [225.82080729]
 [225.85434896]
 [225.9834375 ]
 [226.03822917]
 [226.01317708]
 [226.02333333]
 [226.03765625]
 [226.00486979]
 [225.91778646]
 [225.9403125 ]
 [225.98729167]
 [225.91450521]
 [225.81239583]
 [225.81890625]
 [225.8453125 ]
 [225.785     ]
 [225.63648438]
 [225.5565625 ]
 [225.45744792]
 [225.32382813]
 [225.16335937]
 [225.07786458]
 [225.07846354]
 [225.10669271]
 [225.17606771]
 [225.36867187]
 [225.57927083]
 [225.69083333]
 [225.7221875 ]
 [225.82367188]
 [225.93640625]
 [225.96760417]
 [225.91875   ]
 [225.92236979]]
Summary:  Hom24-np1:Active (T1,BS1): 3.33s,83.67s,103.2s
