Dataset loaded from S3 with s3fs and Pyfive: bnl/ch330a.pc19790301-def.nc (0.082,2.8)
Thread times [0.25266599655151367, 0.27166223526000977, 0.2719290256500244, 0.2873671054840088, 0.2845458984375, 0.2791740894317627, 0.29265904426574707, 0.2977480888366699, 0.447462797164917, 0.5200331211090088, 0.5688538551330566, 0.5971207618713379, 0.6216721534729004, 0.6244297027587891, 0.6268188953399658]
{'load nc time': 3.4182069301605225, 'args': ((0, 0, slice(0, 960, None), slice(None, None, None)),), 'dataset shape': (40, 11, 1921, 2560), 'dataset chunks': (7, 1, 385, 512), 'indexing time (s)': 15.248905181884766, 'chunk number': 1650, 'reduction time (s)': 0.6412091255187988, 'chunks processed': 15, 'storage read (B)': 29685482, 'selection 2 time (s)': 15.9305579662323}
Thread times [0.2922651767730713, 0.29334497451782227, 0.28946781158447266, 0.2859158515930176, 0.28369879722595215, 0.28758907318115234, 0.2814159393310547, 0.3323509693145752, 0.3778679370880127, 0.46243786811828613, 0.4955868721008301, 0.5003247261047363, 0.5061712265014648, 0.5481717586517334, 0.5520009994506836]
{'args': ((1, 0, slice(0, 960, None), slice(None, None, None)),), 'dataset shape': (40, 11, 1921, 2560), 'dataset chunks': (7, 1, 385, 512), 'indexing time (s)': 1.9073486328125e-06, 'chunk number': 1650, 'reduction time (s)': 0.5655848979949951, 'chunks processed': 15, 'storage read (B)': 29685482, 'selection 2 time (s)': 0.5802440643310547}
Thread times [0.3431401252746582, 0.368074893951416, 0.405559778213501, 0.5048389434814453, 0.5116009712219238, 0.5268721580505371, 0.5666999816894531, 0.5750079154968262, 0.5734438896179199, 0.5808839797973633, 0.5893621444702148, 0.5912530422210693, 0.6044793128967285, 0.6077620983123779, 0.6074302196502686]
{'args': ((2, 0, slice(0, 960, None), slice(None, None, None)),), 'dataset shape': (40, 11, 1921, 2560), 'dataset chunks': (7, 1, 385, 512), 'indexing time (s)': 2.1457672119140625e-06, 'chunk number': 1650, 'reduction time (s)': 0.6160309314727783, 'chunks processed': 15, 'storage read (B)': 29685482, 'selection 2 time (s)': 0.6355478763580322}
Thread times [0.2771718502044678, 0.28562116622924805, 0.29800915718078613, 0.3127119541168213, 0.3204379081726074, 0.34048986434936523, 0.3405449390411377, 0.34388303756713867, 0.41314196586608887, 0.4291529655456543, 0.5092761516571045, 0.6451938152313232, 0.647449254989624, 0.6482110023498535, 0.650444746017456]
{'args': ((3, 0, slice(0, 960, None), slice(None, None, None)),), 'dataset shape': (40, 11, 1921, 2560), 'dataset chunks': (7, 1, 385, 512), 'indexing time (s)': 1.9073486328125e-06, 'chunk number': 1650, 'reduction time (s)': 0.6618938446044922, 'chunks processed': 15, 'storage read (B)': 29685482, 'selection 2 time (s)': 0.6753301620483398}
Thread times [0.3665800094604492, 0.3703129291534424, 0.5613861083984375, 0.5914523601531982, 0.6109912395477295, 0.6279830932617188, 0.6376047134399414, 0.6360971927642822, 0.6442079544067383, 0.6500039100646973, 0.6543712615966797, 0.6598110198974609, 0.6654548645019531, 0.6740388870239258, 0.6796011924743652]
{'args': ((4, 0, slice(0, 960, None), slice(None, None, None)),), 'dataset shape': (40, 11, 1921, 2560), 'dataset chunks': (7, 1, 385, 512), 'indexing time (s)': 2.1457672119140625e-06, 'chunk number': 1650, 'reduction time (s)': 0.6900949478149414, 'chunks processed': 15, 'storage read (B)': 29685482, 'selection 2 time (s)': 0.7065029144287109}
Thread times [0.20385479927062988, 0.31473708152770996, 0.31359386444091797, 0.31957411766052246, 0.32300877571105957, 0.3296473026275635, 0.35178303718566895, 0.36545300483703613, 0.3974580764770508, 0.39484524726867676, 0.404339075088501, 0.4118630886077881, 0.41407203674316406, 0.41544580459594727, 0.42925000190734863]
{'args': ((5, 0, slice(0, 960, None), slice(None, None, None)),), 'dataset shape': (40, 11, 1921, 2560), 'dataset chunks': (7, 1, 385, 512), 'indexing time (s)': 1.9073486328125e-06, 'chunk number': 1650, 'reduction time (s)': 0.43782806396484375, 'chunks processed': 15, 'storage read (B)': 29685482, 'selection 2 time (s)': 0.45630526542663574}
Thread times [0.4151458740234375, 0.4380059242248535, 0.5341827869415283, 0.580686092376709, 0.6053190231323242, 0.6257898807525635, 0.6491289138793945, 0.6479349136352539, 0.6484940052032471, 0.6647930145263672, 0.6705226898193359, 0.6761128902435303, 0.6845550537109375, 0.688988208770752, 0.691058874130249]
{'args': ((6, 0, slice(0, 960, None), slice(None, None, None)),), 'dataset shape': (40, 11, 1921, 2560), 'dataset chunks': (7, 1, 385, 512), 'indexing time (s)': 1.9073486328125e-06, 'chunk number': 1650, 'reduction time (s)': 0.6975879669189453, 'chunks processed': 15, 'storage read (B)': 29685482, 'selection 2 time (s)': 0.7174019813537598}
Thread times [0.18389296531677246, 0.2755110263824463, 0.27848005294799805, 0.3115220069885254, 0.3358950614929199, 0.45992279052734375, 0.4651341438293457, 0.47306394577026367, 0.4711899757385254, 0.47632575035095215, 0.4848499298095703, 0.4887070655822754, 0.4981381893157959, 0.5030698776245117, 0.5123281478881836]
{'args': ((7, 0, slice(0, 960, None), slice(None, None, None)),), 'dataset shape': (40, 11, 1921, 2560), 'dataset chunks': (7, 1, 385, 512), 'indexing time (s)': 1.6689300537109375e-06, 'chunk number': 1650, 'reduction time (s)': 0.5247030258178711, 'chunks processed': 15, 'storage read (B)': 29701892, 'selection 2 time (s)': 0.5482149124145508}
Thread times [0.18672990798950195, 0.3252718448638916, 0.345919132232666, 0.4534938335418701, 0.45641112327575684, 0.4770338535308838, 0.4746549129486084, 0.4744679927825928, 0.4893200397491455, 0.48496198654174805, 0.4920337200164795, 0.5046319961547852, 0.509099006652832, 0.5154812335968018, 0.5221211910247803]
{'args': ((8, 0, slice(0, 960, None), slice(None, None, None)),), 'dataset shape': (40, 11, 1921, 2560), 'dataset chunks': (7, 1, 385, 512), 'indexing time (s)': 1.9073486328125e-06, 'chunk number': 1650, 'reduction time (s)': 0.5306510925292969, 'chunks processed': 15, 'storage read (B)': 29701892, 'selection 2 time (s)': 0.549835205078125}
Thread times [0.13896703720092773, 0.5053460597991943, 0.5436360836029053, 0.6622538566589355, 0.6617259979248047, 0.6560556888580322, 0.6609818935394287, 0.66591477394104, 0.659775972366333, 0.6587982177734375, 0.6686081886291504, 0.6714203357696533, 0.6735599040985107, 0.686743974685669, 0.6895461082458496]
{'args': ((9, 0, slice(0, 960, None), slice(None, None, None)),), 'dataset shape': (40, 11, 1921, 2560), 'dataset chunks': (7, 1, 385, 512), 'indexing time (s)': 2.1457672119140625e-06, 'chunk number': 1650, 'reduction time (s)': 0.6975228786468506, 'chunks processed': 15, 'storage read (B)': 29701892, 'selection 2 time (s)': 0.7150027751922607}
Thread times [0.2693321704864502, 0.26705098152160645, 0.32755589485168457, 0.3444371223449707, 0.4725480079650879, 0.46883201599121094, 0.46843791007995605, 0.47176098823547363, 0.46660780906677246, 0.4645731449127197, 0.474653959274292, 0.4695706367492676, 0.47342681884765625, 0.47258806228637695, 0.4761819839477539]
{'args': ((10, 0, slice(0, 960, None), slice(None, None, None)),), 'dataset shape': (40, 11, 1921, 2560), 'dataset chunks': (7, 1, 385, 512), 'indexing time (s)': 1.6689300537109375e-06, 'chunk number': 1650, 'reduction time (s)': 0.48441386222839355, 'chunks processed': 15, 'storage read (B)': 29701892, 'selection 2 time (s)': 0.4962742328643799}
Thread times [0.28339099884033203, 0.33333301544189453, 0.4982790946960449, 0.5077319145202637, 0.5246970653533936, 0.5195393562316895, 0.5255000591278076, 0.5363600254058838, 0.5342791080474854, 0.5349459648132324, 0.5659608840942383, 0.563776969909668, 0.5635809898376465, 0.5806291103363037, 0.595599889755249]
{'args': ((11, 0, slice(0, 960, None), slice(None, None, None)),), 'dataset shape': (40, 11, 1921, 2560), 'dataset chunks': (7, 1, 385, 512), 'indexing time (s)': 9.5367431640625e-07, 'chunk number': 1650, 'reduction time (s)': 0.6040630340576172, 'chunks processed': 15, 'storage read (B)': 29701892, 'selection 2 time (s)': 0.6288900375366211}
Thread times [0.39403796195983887, 0.38777923583984375, 0.3954598903656006, 0.4000542163848877, 0.41638708114624023, 0.4205050468444824, 0.4147970676422119, 0.4359099864959717, 0.42890191078186035, 0.4277169704437256, 0.44865894317626953, 0.44368910789489746, 0.45030713081359863, 0.45674705505371094, 0.4674670696258545]
{'args': ((12, 0, slice(0, 960, None), slice(None, None, None)),), 'dataset shape': (40, 11, 1921, 2560), 'dataset chunks': (7, 1, 385, 512), 'indexing time (s)': 1.9073486328125e-06, 'chunk number': 1650, 'reduction time (s)': 0.4739856719970703, 'chunks processed': 15, 'storage read (B)': 29701892, 'selection 2 time (s)': 0.49164319038391113}
Thread times [0.1718740463256836, 0.23572993278503418, 0.26093411445617676, 0.2670481204986572, 0.27032017707824707, 0.2795231342315674, 0.27456212043762207, 0.28655219078063965, 0.42639803886413574, 0.4209468364715576, 0.43158674240112305, 0.431607723236084, 0.4354097843170166, 0.43904733657836914, 0.435837984085083]
{'args': ((13, 0, slice(0, 960, None), slice(None, None, None)),), 'dataset shape': (40, 11, 1921, 2560), 'dataset chunks': (7, 1, 385, 512), 'indexing time (s)': 1.6689300537109375e-06, 'chunk number': 1650, 'reduction time (s)': 0.44803714752197266, 'chunks processed': 15, 'storage read (B)': 29701892, 'selection 2 time (s)': 0.46344900131225586}
Thread times [0.49083399772644043, 0.5344381332397461, 0.5693051815032959, 0.577239990234375, 0.5873379707336426, 0.597135066986084, 0.5982081890106201, 0.6021649837493896, 0.6181437969207764, 0.6183047294616699, 0.6226413249969482, 0.6481132507324219, 0.6470217704772949, 0.6464550495147705, 0.6545431613922119]
{'args': ((14, 0, slice(0, 960, None), slice(None, None, None)),), 'dataset shape': (40, 11, 1921, 2560), 'dataset chunks': (7, 1, 385, 512), 'indexing time (s)': 2.1457672119140625e-06, 'chunk number': 1650, 'reduction time (s)': 0.6620149612426758, 'chunks processed': 15, 'storage read (B)': 29733505, 'selection 2 time (s)': 0.6784601211547852}
Thread times [0.5261750221252441, 0.6291759014129639, 0.6539440155029297, 0.6543569564819336, 0.6594231128692627, 0.665510892868042, 0.6681621074676514, 0.6753139495849609, 0.6845419406890869, 0.6828608512878418, 0.6933891773223877, 0.7038071155548096, 0.7039370536804199, 0.7100200653076172, 0.7188611030578613]
{'args': ((15, 0, slice(0, 960, None), slice(None, None, None)),), 'dataset shape': (40, 11, 1921, 2560), 'dataset chunks': (7, 1, 385, 512), 'indexing time (s)': 9.5367431640625e-07, 'chunk number': 1650, 'reduction time (s)': 0.7281339168548584, 'chunks processed': 15, 'storage read (B)': 29733505, 'selection 2 time (s)': 0.7519538402557373}
Thread times [0.3379051685333252, 0.3454101085662842, 0.3373911380767822, 0.34975624084472656, 0.4621758460998535, 0.536480188369751, 0.6300868988037109, 0.6303977966308594, 0.6253979206085205, 0.6305561065673828, 0.6291651725769043, 0.6321370601654053, 0.630134105682373, 0.6371011734008789, 0.6441540718078613]
{'args': ((16, 0, slice(0, 960, None), slice(None, None, None)),), 'dataset shape': (40, 11, 1921, 2560), 'dataset chunks': (7, 1, 385, 512), 'indexing time (s)': 7.152557373046875e-07, 'chunk number': 1650, 'reduction time (s)': 0.6525399684906006, 'chunks processed': 15, 'storage read (B)': 29733505, 'selection 2 time (s)': 0.6681888103485107}
Thread times [0.4985041618347168, 0.5803201198577881, 0.6001651287078857, 0.6053681373596191, 0.6198258399963379, 0.6325147151947021, 0.6345031261444092, 0.640394926071167, 0.6633138656616211, 0.6624059677124023, 0.6636009216308594, 0.6844279766082764, 0.6820080280303955, 0.6855299472808838, 0.7005810737609863]
{'args': ((17, 0, slice(0, 960, None), slice(None, None, None)),), 'dataset shape': (40, 11, 1921, 2560), 'dataset chunks': (7, 1, 385, 512), 'indexing time (s)': 3.0994415283203125e-06, 'chunk number': 1650, 'reduction time (s)': 0.708812952041626, 'chunks processed': 15, 'storage read (B)': 29733505, 'selection 2 time (s)': 0.7321817874908447}
Thread times [0.27794408798217773, 0.2763998508453369, 0.273867130279541, 0.3348362445831299, 0.4465751647949219, 0.45354175567626953, 0.46544480323791504, 0.4690990447998047, 0.47266530990600586, 0.47771596908569336, 0.48549413681030273, 0.48804616928100586, 0.4990370273590088, 0.5021698474884033, 0.5082497596740723]
{'args': ((18, 0, slice(0, 960, None), slice(None, None, None)),), 'dataset shape': (40, 11, 1921, 2560), 'dataset chunks': (7, 1, 385, 512), 'indexing time (s)': 1.6689300537109375e-06, 'chunk number': 1650, 'reduction time (s)': 0.5173249244689941, 'chunks processed': 15, 'storage read (B)': 29733505, 'selection 2 time (s)': 0.5334539413452148}
Thread times [0.4938240051269531, 0.5277187824249268, 0.5596921443939209, 0.5627620220184326, 0.5719649791717529, 0.5906469821929932, 0.5919609069824219, 0.5940999984741211, 0.6004807949066162, 0.6051478385925293, 0.6119937896728516, 0.6169440746307373, 0.6318163871765137, 0.6348779201507568, 0.6378269195556641]
{'args': ((19, 0, slice(0, 960, None), slice(None, None, None)),), 'dataset shape': (40, 11, 1921, 2560), 'dataset chunks': (7, 1, 385, 512), 'indexing time (s)': 9.5367431640625e-07, 'chunk number': 1650, 'reduction time (s)': 0.645925760269165, 'chunks processed': 15, 'storage read (B)': 29733505, 'selection 2 time (s)': 0.662470817565918}
Thread times [0.5189521312713623, 0.5288922786712646, 0.5499651432037354, 0.5505220890045166, 0.5550336837768555, 0.6494419574737549, 0.6525630950927734, 0.6541759967803955, 0.6532549858093262, 0.6526601314544678, 0.6568021774291992, 0.6576330661773682, 0.6583108901977539, 0.6638500690460205, 0.6608231067657471]
{'args': ((20, 0, slice(0, 960, None), slice(None, None, None)),), 'dataset shape': (40, 11, 1921, 2560), 'dataset chunks': (7, 1, 385, 512), 'indexing time (s)': 2.1457672119140625e-06, 'chunk number': 1650, 'reduction time (s)': 0.6729280948638916, 'chunks processed': 15, 'storage read (B)': 29733505, 'selection 2 time (s)': 0.6849780082702637}
Thread times [0.21227431297302246, 0.31670522689819336, 0.4916558265686035, 0.5753450393676758, 0.6090078353881836, 0.6112408638000488, 0.6142191886901855, 0.6221930980682373, 0.6290338039398193, 0.6332042217254639, 0.6439087390899658, 0.6517720222473145, 0.6486856937408447, 0.658581018447876, 0.6761579513549805]
{'args': ((21, 0, slice(0, 960, None), slice(None, None, None)),), 'dataset shape': (40, 11, 1921, 2560), 'dataset chunks': (7, 1, 385, 512), 'indexing time (s)': 9.5367431640625e-07, 'chunk number': 1650, 'reduction time (s)': 0.6863772869110107, 'chunks processed': 15, 'storage read (B)': 29686785, 'selection 2 time (s)': 0.702739953994751}
Thread times [0.3161630630493164, 0.3157949447631836, 0.32036614418029785, 0.32506418228149414, 0.3326230049133301, 0.33059096336364746, 0.34123992919921875, 0.34874987602233887, 0.35462403297424316, 0.35427403450012207, 0.3625919818878174, 0.4334290027618408, 0.43896031379699707, 0.4809072017669678, 0.5029430389404297]
{'args': ((22, 0, slice(0, 960, None), slice(None, None, None)),), 'dataset shape': (40, 11, 1921, 2560), 'dataset chunks': (7, 1, 385, 512), 'indexing time (s)': 2.1457672119140625e-06, 'chunk number': 1650, 'reduction time (s)': 0.5168898105621338, 'chunks processed': 15, 'storage read (B)': 29686785, 'selection 2 time (s)': 0.5391128063201904}
Thread times [0.19049406051635742, 0.4207777976989746, 0.4179959297180176, 0.4283630847930908, 0.4270789623260498, 0.4282050132751465, 0.44088196754455566, 0.4382040500640869, 0.4753761291503906, 0.4742867946624756, 0.4968569278717041, 0.49616265296936035, 0.5008318424224854, 0.5118391513824463, 0.5177867412567139]
{'args': ((23, 0, slice(0, 960, None), slice(None, None, None)),), 'dataset shape': (40, 11, 1921, 2560), 'dataset chunks': (7, 1, 385, 512), 'indexing time (s)': 1.9073486328125e-06, 'chunk number': 1650, 'reduction time (s)': 0.5288057327270508, 'chunks processed': 15, 'storage read (B)': 29686785, 'selection 2 time (s)': 0.5406568050384521}
Thread times [0.4263291358947754, 0.5180869102478027, 0.5847997665405273, 0.596409797668457, 0.5991787910461426, 0.6365389823913574, 0.6570370197296143, 0.6529130935668945, 0.6595809459686279, 0.670677900314331, 0.6791732311248779, 0.6956009864807129, 0.7024271488189697, 0.8054280281066895, 0.8084120750427246]
{'args': ((24, 0, slice(0, 960, None), slice(None, None, None)),), 'dataset shape': (40, 11, 1921, 2560), 'dataset chunks': (7, 1, 385, 512), 'indexing time (s)': 1.9073486328125e-06, 'chunk number': 1650, 'reduction time (s)': 0.8219890594482422, 'chunks processed': 15, 'storage read (B)': 29686785, 'selection 2 time (s)': 0.8418271541595459}
Thread times [0.20009207725524902, 0.35796308517456055, 0.4915199279785156, 0.5235509872436523, 0.5325188636779785, 0.5942158699035645, 0.5952680110931396, 0.6014862060546875, 0.6133146286010742, 0.6107921600341797, 0.6265690326690674, 0.6260154247283936, 0.6320981979370117, 0.6383607387542725, 0.6418287754058838]
{'args': ((25, 0, slice(0, 960, None), slice(None, None, None)),), 'dataset shape': (40, 11, 1921, 2560), 'dataset chunks': (7, 1, 385, 512), 'indexing time (s)': 9.5367431640625e-07, 'chunk number': 1650, 'reduction time (s)': 0.652573823928833, 'chunks processed': 15, 'storage read (B)': 29686785, 'selection 2 time (s)': 0.6718981266021729}
Thread times [0.46458005905151367, 0.5009031295776367, 0.5744330883026123, 0.5931739807128906, 0.597531795501709, 0.6448390483856201, 0.6520776748657227, 0.6714050769805908, 0.6789648532867432, 0.6791906356811523, 0.6895022392272949, 0.6917722225189209, 0.6980290412902832, 0.7156720161437988, 0.7233579158782959]
{'args': ((26, 0, slice(0, 960, None), slice(None, None, None)),), 'dataset shape': (40, 11, 1921, 2560), 'dataset chunks': (7, 1, 385, 512), 'indexing time (s)': 1.1920928955078125e-06, 'chunk number': 1650, 'reduction time (s)': 0.7340328693389893, 'chunks processed': 15, 'storage read (B)': 29686785, 'selection 2 time (s)': 0.7494857311248779}
Thread times [0.36794304847717285, 0.3732869625091553, 0.39495277404785156, 0.41625475883483887, 0.42578792572021484, 0.4339473247528076, 0.4620518684387207, 0.4659731388092041, 0.4883689880371094, 0.5005788803100586, 0.506641149520874, 0.5331790447235107, 0.5358171463012695, 0.5457139015197754, 0.6365411281585693]
{'args': ((27, 0, slice(0, 960, None), slice(None, None, None)),), 'dataset shape': (40, 11, 1921, 2560), 'dataset chunks': (7, 1, 385, 512), 'indexing time (s)': 2.1457672119140625e-06, 'chunk number': 1650, 'reduction time (s)': 0.6496169567108154, 'chunks processed': 15, 'storage read (B)': 29686785, 'selection 2 time (s)': 0.6708381175994873}
Thread times [0.2795579433441162, 0.4033989906311035, 0.49077606201171875, 0.49295997619628906, 0.4987611770629883, 0.5099639892578125, 0.5209481716156006, 0.5194902420043945, 0.5199580192565918, 0.5295641422271729, 0.5395479202270508, 0.5420382022857666, 0.5453090667724609, 0.5581378936767578, 0.5597522258758545]
{'args': ((28, 0, slice(0, 960, None), slice(None, None, None)),), 'dataset shape': (40, 11, 1921, 2560), 'dataset chunks': (7, 1, 385, 512), 'indexing time (s)': 2.1457672119140625e-06, 'chunk number': 1650, 'reduction time (s)': 0.5711500644683838, 'chunks processed': 15, 'storage read (B)': 29670387, 'selection 2 time (s)': 0.5915801525115967}
Thread times [0.17315292358398438, 0.178696870803833, 0.4664640426635742, 0.4820821285247803, 0.4900069236755371, 0.48682427406311035, 0.5039107799530029, 0.5031061172485352, 0.5166518688201904, 0.5135040283203125, 0.5218040943145752, 0.5292489528656006, 0.5400989055633545, 0.5356309413909912, 0.5466430187225342]
{'args': ((29, 0, slice(0, 960, None), slice(None, None, None)),), 'dataset shape': (40, 11, 1921, 2560), 'dataset chunks': (7, 1, 385, 512), 'indexing time (s)': 9.5367431640625e-07, 'chunk number': 1650, 'reduction time (s)': 0.5563380718231201, 'chunks processed': 15, 'storage read (B)': 29670387, 'selection 2 time (s)': 0.5691561698913574}
Thread times [0.17000794410705566, 0.17002201080322266, 0.27266573905944824, 0.3980870246887207, 0.5322260856628418, 0.5455591678619385, 0.5477938652038574, 0.5507762432098389, 0.5627071857452393, 0.5686109066009521, 0.5834732055664062, 0.5783917903900146, 0.5906569957733154, 0.5894989967346191, 0.5944592952728271]
{'args': ((30, 0, slice(0, 960, None), slice(None, None, None)),), 'dataset shape': (40, 11, 1921, 2560), 'dataset chunks': (7, 1, 385, 512), 'indexing time (s)': 1.6689300537109375e-06, 'chunk number': 1650, 'reduction time (s)': 0.607245922088623, 'chunks processed': 15, 'storage read (B)': 29670387, 'selection 2 time (s)': 0.6234307289123535}
Thread times [0.2814750671386719, 0.3275482654571533, 0.38927388191223145, 0.4351921081542969, 0.46517395973205566, 0.4697580337524414, 0.47533416748046875, 0.480618953704834, 0.4882831573486328, 0.4868810176849365, 0.49404311180114746, 0.5000307559967041, 0.5064241886138916, 0.5105152130126953, 0.5162887573242188]
{'args': ((31, 0, slice(0, 960, None), slice(None, None, None)),), 'dataset shape': (40, 11, 1921, 2560), 'dataset chunks': (7, 1, 385, 512), 'indexing time (s)': 2.86102294921875e-06, 'chunk number': 1650, 'reduction time (s)': 0.5278797149658203, 'chunks processed': 15, 'storage read (B)': 29670387, 'selection 2 time (s)': 0.5415270328521729}
Thread times [0.26637887954711914, 0.2676401138305664, 0.26527881622314453, 0.2587747573852539, 0.2652442455291748, 0.2694058418273926, 0.2715489864349365, 0.33640289306640625, 0.3997812271118164, 0.40224123001098633, 0.40616822242736816, 0.40909695625305176, 0.4194929599761963, 0.4272022247314453, 0.4254138469696045]
{'args': ((32, 0, slice(0, 960, None), slice(None, None, None)),), 'dataset shape': (40, 11, 1921, 2560), 'dataset chunks': (7, 1, 385, 512), 'indexing time (s)': 1.9073486328125e-06, 'chunk number': 1650, 'reduction time (s)': 0.4351022243499756, 'chunks processed': 15, 'storage read (B)': 29670387, 'selection 2 time (s)': 0.4518547058105469}
Thread times [0.19839835166931152, 0.19957995414733887, 0.19481897354125977, 0.2077031135559082, 0.2148127555847168, 0.21657586097717285, 0.41685009002685547, 0.42009902000427246, 0.4208691120147705, 0.42995786666870117, 0.43575286865234375, 0.44408488273620605, 0.4442892074584961, 0.45154905319213867, 0.45645833015441895]
{'args': ((33, 0, slice(0, 960, None), slice(None, None, None)),), 'dataset shape': (40, 11, 1921, 2560), 'dataset chunks': (7, 1, 385, 512), 'indexing time (s)': 2.1457672119140625e-06, 'chunk number': 1650, 'reduction time (s)': 0.46521711349487305, 'chunks processed': 15, 'storage read (B)': 29670387, 'selection 2 time (s)': 0.47758007049560547}
Thread times [0.2694370746612549, 0.28497934341430664, 0.3879969120025635, 0.5082402229309082, 0.5116121768951416, 0.5052909851074219, 0.5193359851837158, 0.526634931564331, 0.5297200679779053, 0.5311582088470459, 0.5429470539093018, 0.546205997467041, 0.5569038391113281, 0.5571379661560059, 0.5629401206970215]
{'args': ((34, 0, slice(0, 960, None), slice(None, None, None)),), 'dataset shape': (40, 11, 1921, 2560), 'dataset chunks': (7, 1, 385, 512), 'indexing time (s)': 2.1457672119140625e-06, 'chunk number': 1650, 'reduction time (s)': 0.572789192199707, 'chunks processed': 15, 'storage read (B)': 29670387, 'selection 2 time (s)': 0.5910582542419434}
Thread times [0.19925570487976074, 0.31753015518188477, 0.31417393684387207, 0.31434011459350586, 0.3130829334259033, 0.3127272129058838, 0.3199141025543213, 0.32402682304382324, 0.32002997398376465, 0.31989312171936035, 0.3237440586090088, 0.33304595947265625, 0.3371541500091553, 0.334550142288208, 0.3333771228790283]
{'args': ((35, 0, slice(0, 960, None), slice(None, None, None)),), 'dataset shape': (40, 11, 1921, 2560), 'dataset chunks': (7, 1, 385, 512), 'indexing time (s)': 2.1457672119140625e-06, 'chunk number': 1650, 'reduction time (s)': 0.3430318832397461, 'chunks processed': 15, 'storage read (B)': 21287473, 'selection 2 time (s)': 0.3549058437347412}
Thread times [0.1590127944946289, 0.16455388069152832, 0.16115498542785645, 0.18758821487426758, 0.195451021194458, 0.20239901542663574, 0.2051081657409668, 0.29182004928588867, 0.30010294914245605, 0.3014969825744629, 0.30313706398010254, 0.30919718742370605, 0.3134880065917969, 0.31881093978881836, 0.32357192039489746]
{'args': ((36, 0, slice(0, 960, None), slice(None, None, None)),), 'dataset shape': (40, 11, 1921, 2560), 'dataset chunks': (7, 1, 385, 512), 'indexing time (s)': 1.6689300537109375e-06, 'chunk number': 1650, 'reduction time (s)': 0.33357882499694824, 'chunks processed': 15, 'storage read (B)': 21287473, 'selection 2 time (s)': 0.350693941116333}
Thread times [0.4957723617553711, 0.5085177421569824, 0.5157699584960938, 0.5256481170654297, 0.5356180667877197, 0.5356829166412354, 0.5382289886474609, 0.5483827590942383, 0.548753023147583, 0.5505149364471436, 0.5657289028167725, 0.5651869773864746, 0.6606547832489014, 0.6649429798126221, 0.6658201217651367]
{'args': ((37, 0, slice(0, 960, None), slice(None, None, None)),), 'dataset shape': (40, 11, 1921, 2560), 'dataset chunks': (7, 1, 385, 512), 'indexing time (s)': 1.9073486328125e-06, 'chunk number': 1650, 'reduction time (s)': 0.6716878414154053, 'chunks processed': 15, 'storage read (B)': 21287473, 'selection 2 time (s)': 0.6855180263519287}
Thread times [0.26920318603515625, 0.3834359645843506, 0.3863849639892578, 0.393718957901001, 0.3888058662414551, 0.398054838180542, 0.4010610580444336, 0.5029058456420898, 0.4981691837310791, 0.49614906311035156, 0.5045230388641357, 0.49952197074890137, 0.5004847049713135, 0.5026369094848633, 0.508843183517456]
{'args': ((38, 0, slice(0, 960, None), slice(None, None, None)),), 'dataset shape': (40, 11, 1921, 2560), 'dataset chunks': (7, 1, 385, 512), 'indexing time (s)': 1.9073486328125e-06, 'chunk number': 1650, 'reduction time (s)': 0.5172300338745117, 'chunks processed': 15, 'storage read (B)': 21287473, 'selection 2 time (s)': 0.5296351909637451}
Thread times [0.3278012275695801, 0.32807207107543945, 0.36188411712646484, 0.3831779956817627, 0.3914787769317627, 0.3937869071960449, 0.3902010917663574, 0.49270129203796387, 0.49199414253234863, 0.48596811294555664, 0.49419307708740234, 0.4986288547515869, 0.4962179660797119, 0.5007500648498535, 0.5034120082855225]
{'args': ((39, 0, slice(0, 960, None), slice(None, None, None)),), 'dataset shape': (40, 11, 1921, 2560), 'dataset chunks': (7, 1, 385, 512), 'indexing time (s)': 9.5367431640625e-07, 'chunk number': 1650, 'reduction time (s)': 0.5125951766967773, 'chunks processed': 15, 'storage read (B)': 21287473, 'selection 2 time (s)': 0.5289840698242188}
[[226.07820312]
 [226.0646875 ]
 [225.93776042]
 [225.90820312]
 [225.91739583]
 [225.88460937]
 [225.82083333]
 [225.85434896]
 [225.98346354]
 [226.03822917]
 [226.01317708]
 [226.02335938]
 [226.03765625]
 [226.00486979]
 [225.91776042]
 [225.94036458]
 [225.98726562]
 [225.91453125]
 [225.81239583]
 [225.81888021]
 [225.8453125 ]
 [225.78502604]
 [225.63648438]
 [225.5565625 ]
 [225.45747396]
 [225.32382813]
 [225.16335937]
 [225.07789063]
 [225.07846354]
 [225.10666667]
 [225.17609375]
 [225.36867187]
 [225.57927083]
 [225.69083333]
 [225.72221354]
 [225.82369792]
 [225.93640625]
 [225.96760417]
 [225.91872396]
 [225.92234375]]
Summary:  Hom24-np1:Active (T100,BS1): 3.42s,23.37s,42.74s
