Dataset loaded from S3 with s3fs and Pyfive: bnl/ch330a.pc19790301-def.nc (0.99,5.5)
Thread times [0.3549010753631592, 0.11813569068908691, 0.21362614631652832, 0.08296918869018555, 0.13162708282470703, 0.12467312812805176, 0.6589350700378418, 0.11557388305664062, 0.40801382064819336, 0.14142203330993652, 0.09715080261230469, 0.2845897674560547, 0.13213014602661133, 0.09938216209411621, 0.10171198844909668]
{'load nc time': 7.023536920547485, 'args': ((0, 0, slice(0, 960, None), slice(None, None, None)),), 'dataset shape': (40, 11, 1921, 2560), 'dataset chunks': (7, 1, 385, 512), 'indexing time (s)': 19.967997074127197, 'chunk number': 1650, 'reduction time (s)': 3.0681281089782715, 'chunks processed': 15, 'storage read (B)': 29685482, 'selection 2 time (s)': 23.04113006591797}
Thread times [0.3173990249633789, 0.07669186592102051, 0.12748980522155762, 0.36136484146118164, 0.09195590019226074, 0.10520410537719727, 0.1520099639892578, 0.09744000434875488, 0.7112257480621338, 0.2399439811706543, 0.09470677375793457, 0.4290750026702881, 0.14800691604614258, 0.10402512550354004, 0.2716341018676758]
{'args': ((1, 0, slice(0, 960, None), slice(None, None, None)),), 'dataset shape': (40, 11, 1921, 2560), 'dataset chunks': (7, 1, 385, 512), 'indexing time (s)': 6.9141387939453125e-06, 'chunk number': 1650, 'reduction time (s)': 3.331146001815796, 'chunks processed': 15, 'storage read (B)': 29685482, 'selection 2 time (s)': 3.3356871604919434}
Thread times [0.13077092170715332, 0.07258415222167969, 0.1293177604675293, 0.08927011489868164, 0.17612695693969727, 0.3323709964752197, 0.11249613761901855, 0.1039879322052002, 0.499011754989624, 0.11511087417602539, 0.19209790229797363, 0.2682969570159912, 0.08863306045532227, 0.30286478996276855, 0.10846686363220215]
{'args': ((2, 0, slice(0, 960, None), slice(None, None, None)),), 'dataset shape': (40, 11, 1921, 2560), 'dataset chunks': (7, 1, 385, 512), 'indexing time (s)': 5.9604644775390625e-06, 'chunk number': 1650, 'reduction time (s)': 2.7240231037139893, 'chunks processed': 15, 'storage read (B)': 29685482, 'selection 2 time (s)': 2.7264902591705322}
Thread times [0.18324899673461914, 0.23101401329040527, 0.08360695838928223, 0.091522216796875, 0.1064767837524414, 0.12715888023376465, 0.11756396293640137, 0.10820913314819336, 0.4139692783355713, 0.11178088188171387, 0.1077880859375, 0.3044881820678711, 0.09302091598510742, 0.16145992279052734, 0.26837825775146484]
{'args': ((3, 0, slice(0, 960, None), slice(None, None, None)),), 'dataset shape': (40, 11, 1921, 2560), 'dataset chunks': (7, 1, 385, 512), 'indexing time (s)': 1.9073486328125e-06, 'chunk number': 1650, 'reduction time (s)': 2.5122218132019043, 'chunks processed': 15, 'storage read (B)': 29685482, 'selection 2 time (s)': 2.5151469707489014}
Thread times [0.12377285957336426, 0.09013199806213379, 0.30458688735961914, 0.10352277755737305, 0.10302519798278809, 0.11358404159545898, 0.20469307899475098, 0.12115907669067383, 0.40272068977355957, 0.09727001190185547, 0.10104131698608398, 0.3243412971496582, 0.09195971488952637, 0.12105655670166016, 0.3113369941711426]
{'args': ((4, 0, slice(0, 960, None), slice(None, None, None)),), 'dataset shape': (40, 11, 1921, 2560), 'dataset chunks': (7, 1, 385, 512), 'indexing time (s)': 3.814697265625e-06, 'chunk number': 1650, 'reduction time (s)': 2.616424798965454, 'chunks processed': 15, 'storage read (B)': 29685482, 'selection 2 time (s)': 2.6191742420196533}
Thread times [0.155059814453125, 0.06983184814453125, 0.10301494598388672, 0.1930558681488037, 0.09658217430114746, 0.11757993698120117, 0.3108651638031006, 0.09919214248657227, 0.4243471622467041, 0.1217350959777832, 0.10831189155578613, 0.292680025100708, 0.09668803215026855, 0.10453295707702637, 0.10817313194274902]
{'args': ((5, 0, slice(0, 960, None), slice(None, None, None)),), 'dataset shape': (40, 11, 1921, 2560), 'dataset chunks': (7, 1, 385, 512), 'indexing time (s)': 3.0994415283203125e-06, 'chunk number': 1650, 'reduction time (s)': 2.4043619632720947, 'chunks processed': 15, 'storage read (B)': 29685482, 'selection 2 time (s)': 2.4082701206207275}
Thread times [0.20874428749084473, 0.07558298110961914, 0.073577880859375, 0.16008591651916504, 0.08537721633911133, 0.12955904006958008, 0.10176372528076172, 0.10006523132324219, 0.32038211822509766, 0.16884922981262207, 0.11568379402160645, 0.240156888961792, 0.10383105278015137, 0.12361860275268555, 0.1040341854095459]
{'args': ((6, 0, slice(0, 960, None), slice(None, None, None)),), 'dataset shape': (40, 11, 1921, 2560), 'dataset chunks': (7, 1, 385, 512), 'indexing time (s)': 5.245208740234375e-06, 'chunk number': 1650, 'reduction time (s)': 2.1144320964813232, 'chunks processed': 15, 'storage read (B)': 29685482, 'selection 2 time (s)': 2.118626832962036}
Thread times [0.2891731262207031, 0.08044981956481934, 0.15652704238891602, 0.1855909824371338, 0.0949409008026123, 0.10956215858459473, 0.10203289985656738, 0.1168067455291748, 0.6360471248626709, 0.11853790283203125, 0.11264204978942871, 0.11160707473754883, 0.16805577278137207, 0.2098979949951172, 0.3166382312774658]
{'args': ((7, 0, slice(0, 960, None), slice(None, None, None)),), 'dataset shape': (40, 11, 1921, 2560), 'dataset chunks': (7, 1, 385, 512), 'indexing time (s)': 5.0067901611328125e-06, 'chunk number': 1650, 'reduction time (s)': 2.811077833175659, 'chunks processed': 15, 'storage read (B)': 29701892, 'selection 2 time (s)': 2.815124034881592}
Thread times [0.14469194412231445, 0.08263611793518066, 0.09914374351501465, 0.19063901901245117, 0.10543513298034668, 0.0905449390411377, 0.10111117362976074, 0.22698116302490234, 0.3095681667327881, 0.21636509895324707, 0.10117626190185547, 0.10743188858032227, 0.10886406898498535, 0.10011696815490723, 0.14821195602416992]
{'args': ((8, 0, slice(0, 960, None), slice(None, None, None)),), 'dataset shape': (40, 11, 1921, 2560), 'dataset chunks': (7, 1, 385, 512), 'indexing time (s)': 6.198883056640625e-06, 'chunk number': 1650, 'reduction time (s)': 2.1352200508117676, 'chunks processed': 15, 'storage read (B)': 29701892, 'selection 2 time (s)': 2.1377878189086914}
Thread times [0.13362503051757812, 0.08312797546386719, 0.09332704544067383, 0.16723179817199707, 0.10201811790466309, 0.09591507911682129, 0.11455106735229492, 0.11373114585876465, 0.2576630115509033, 0.10770297050476074, 0.10320687294006348, 0.1528770923614502, 0.1061100959777832, 0.10935592651367188, 0.15936803817749023]
{'args': ((9, 0, slice(0, 960, None), slice(None, None, None)),), 'dataset shape': (40, 11, 1921, 2560), 'dataset chunks': (7, 1, 385, 512), 'indexing time (s)': 5.0067901611328125e-06, 'chunk number': 1650, 'reduction time (s)': 1.9025061130523682, 'chunks processed': 15, 'storage read (B)': 29701892, 'selection 2 time (s)': 1.9046430587768555}
Thread times [0.21545696258544922, 0.07554793357849121, 0.10141110420227051, 0.08700227737426758, 0.09859085083007812, 0.18539714813232422, 0.1182560920715332, 0.11026620864868164, 0.25690126419067383, 0.13377809524536133, 0.09595227241516113, 0.11519122123718262, 0.1232609748840332, 0.11048603057861328, 0.12668108940124512]
{'args': ((10, 0, slice(0, 960, None), slice(None, None, None)),), 'dataset shape': (40, 11, 1921, 2560), 'dataset chunks': (7, 1, 385, 512), 'indexing time (s)': 1.9073486328125e-06, 'chunk number': 1650, 'reduction time (s)': 1.956700086593628, 'chunks processed': 15, 'storage read (B)': 29701892, 'selection 2 time (s)': 1.9592390060424805}
Thread times [0.1311020851135254, 0.15172505378723145, 0.09727787971496582, 0.10774111747741699, 0.09554004669189453, 0.13074517250061035, 0.18740606307983398, 0.13326001167297363, 0.29501914978027344, 0.12302803993225098, 0.13922572135925293, 0.2617039680480957, 0.10273075103759766, 0.10518407821655273, 0.3164989948272705]
{'args': ((11, 0, slice(0, 960, None), slice(None, None, None)),), 'dataset shape': (40, 11, 1921, 2560), 'dataset chunks': (7, 1, 385, 512), 'indexing time (s)': 2.6226043701171875e-06, 'chunk number': 1650, 'reduction time (s)': 2.380748987197876, 'chunks processed': 15, 'storage read (B)': 29701892, 'selection 2 time (s)': 2.384202003479004}
Thread times [0.1515519618988037, 0.07752609252929688, 0.08742499351501465, 0.2025609016418457, 0.1314990520477295, 0.10814905166625977, 0.10077881813049316, 0.09341692924499512, 0.34567713737487793, 0.08758187294006348, 0.1818859577178955, 0.12261009216308594, 0.09750986099243164, 0.11624622344970703, 0.18696904182434082]
{'args': ((12, 0, slice(0, 960, None), slice(None, None, None)),), 'dataset shape': (40, 11, 1921, 2560), 'dataset chunks': (7, 1, 385, 512), 'indexing time (s)': 3.0994415283203125e-06, 'chunk number': 1650, 'reduction time (s)': 2.094219207763672, 'chunks processed': 15, 'storage read (B)': 29701892, 'selection 2 time (s)': 2.0988399982452393}
Thread times [0.13575291633605957, 0.07869100570678711, 0.09785890579223633, 0.1028590202331543, 0.12072014808654785, 0.08913326263427734, 0.08379602432250977, 0.09856176376342773, 0.23342370986938477, 0.11548066139221191, 0.08695197105407715, 0.10612106323242188, 0.08994507789611816, 0.1246800422668457, 0.10088586807250977]
{'args': ((13, 0, slice(0, 960, None), slice(None, None, None)),), 'dataset shape': (40, 11, 1921, 2560), 'dataset chunks': (7, 1, 385, 512), 'indexing time (s)': 6.9141387939453125e-06, 'chunk number': 1650, 'reduction time (s)': 1.6678199768066406, 'chunks processed': 15, 'storage read (B)': 29701892, 'selection 2 time (s)': 1.6716537475585938}
Thread times [0.13779211044311523, 0.11407637596130371, 0.16686296463012695, 0.09056305885314941, 0.09981632232666016, 0.11036801338195801, 0.12587690353393555, 0.11072826385498047, 0.5139169692993164, 0.17641878128051758, 0.10059189796447754, 0.24408769607543945, 0.09246993064880371, 0.11242890357971191, 0.31798291206359863]
{'args': ((14, 0, slice(0, 960, None), slice(None, None, None)),), 'dataset shape': (40, 11, 1921, 2560), 'dataset chunks': (7, 1, 385, 512), 'indexing time (s)': 2.86102294921875e-06, 'chunk number': 1650, 'reduction time (s)': 2.516738176345825, 'chunks processed': 15, 'storage read (B)': 29733505, 'selection 2 time (s)': 2.520925998687744}
Thread times [0.15195226669311523, 0.09985518455505371, 0.10348796844482422, 0.16430091857910156, 0.0911860466003418, 0.1595449447631836, 0.10207200050354004, 0.17118501663208008, 0.23448705673217773, 0.09211587905883789, 0.0914769172668457, 0.10507702827453613, 0.12078428268432617, 0.16795802116394043, 0.10880470275878906]
{'args': ((15, 0, slice(0, 960, None), slice(None, None, None)),), 'dataset shape': (40, 11, 1921, 2560), 'dataset chunks': (7, 1, 385, 512), 'indexing time (s)': 5.245208740234375e-06, 'chunk number': 1650, 'reduction time (s)': 1.9667589664459229, 'chunks processed': 15, 'storage read (B)': 29733505, 'selection 2 time (s)': 1.9696791172027588}
Thread times [0.21624970436096191, 0.0946502685546875, 0.09602808952331543, 0.14327096939086914, 0.1011512279510498, 0.10573482513427734, 0.11782288551330566, 0.12417197227478027, 0.2685730457305908, 0.18805503845214844, 0.08711385726928711, 0.15098285675048828, 0.10157108306884766, 0.10343194007873535, 0.10848212242126465]
{'args': ((16, 0, slice(0, 960, None), slice(None, None, None)),), 'dataset shape': (40, 11, 1921, 2560), 'dataset chunks': (7, 1, 385, 512), 'indexing time (s)': 2.1457672119140625e-06, 'chunk number': 1650, 'reduction time (s)': 2.009972095489502, 'chunks processed': 15, 'storage read (B)': 29733505, 'selection 2 time (s)': 2.0141849517822266}
Thread times [0.30501580238342285, 0.07355380058288574, 0.1162576675415039, 0.11989974975585938, 0.11334490776062012, 0.09713006019592285, 0.10176801681518555, 0.12698912620544434, 0.2597379684448242, 0.0989079475402832, 0.11456608772277832, 0.09674692153930664, 0.15157675743103027, 0.10233330726623535, 0.11760210990905762]
{'args': ((17, 0, slice(0, 960, None), slice(None, None, None)),), 'dataset shape': (40, 11, 1921, 2560), 'dataset chunks': (7, 1, 385, 512), 'indexing time (s)': 5.9604644775390625e-06, 'chunk number': 1650, 'reduction time (s)': 1.9982151985168457, 'chunks processed': 15, 'storage read (B)': 29733505, 'selection 2 time (s)': 2.001415252685547}
Thread times [0.12455987930297852, 0.17642688751220703, 0.08302116394042969, 0.0942840576171875, 0.09527301788330078, 0.12749075889587402, 0.13913512229919434, 0.12710189819335938, 0.3825819492340088, 0.10937905311584473, 0.13197588920593262, 0.10118389129638672, 0.1778409481048584, 0.12233114242553711, 0.10554718971252441]
{'args': ((18, 0, slice(0, 960, None), slice(None, None, None)),), 'dataset shape': (40, 11, 1921, 2560), 'dataset chunks': (7, 1, 385, 512), 'indexing time (s)': 2.86102294921875e-06, 'chunk number': 1650, 'reduction time (s)': 2.100635051727295, 'chunks processed': 15, 'storage read (B)': 29733505, 'selection 2 time (s)': 2.103361129760742}
Thread times [0.12825584411621094, 0.16657495498657227, 0.0919349193572998, 0.09955096244812012, 0.12531304359436035, 0.1038672924041748, 0.11066985130310059, 0.10921502113342285, 0.22867298126220703, 0.17792224884033203, 0.13052082061767578, 0.11239480972290039, 0.11685681343078613, 0.16322112083435059, 0.10173416137695312]
{'args': ((19, 0, slice(0, 960, None), slice(None, None, None)),), 'dataset shape': (40, 11, 1921, 2560), 'dataset chunks': (7, 1, 385, 512), 'indexing time (s)': 3.0994415283203125e-06, 'chunk number': 1650, 'reduction time (s)': 1.9697043895721436, 'chunks processed': 15, 'storage read (B)': 29733505, 'selection 2 time (s)': 1.9741060733795166}
Thread times [0.1370081901550293, 0.0892171859741211, 0.18995308876037598, 0.1156013011932373, 0.10355305671691895, 0.11423707008361816, 0.19219684600830078, 0.17517685890197754, 0.2510831356048584, 0.2093212604522705, 0.177565336227417, 0.10443902015686035, 0.15752100944519043, 0.14642810821533203, 0.13367581367492676]
{'args': ((20, 0, slice(0, 960, None), slice(None, None, None)),), 'dataset shape': (40, 11, 1921, 2560), 'dataset chunks': (7, 1, 385, 512), 'indexing time (s)': 5.245208740234375e-06, 'chunk number': 1650, 'reduction time (s)': 2.2994449138641357, 'chunks processed': 15, 'storage read (B)': 29733505, 'selection 2 time (s)': 2.3024160861968994}
Thread times [0.21123099327087402, 0.07282686233520508, 0.1034858226776123, 0.09912395477294922, 0.07815194129943848, 0.1688699722290039, 0.1090548038482666, 0.11007499694824219, 0.1498720645904541, 0.15538525581359863, 0.12573790550231934, 0.1141059398651123, 0.28476595878601074, 0.23833179473876953, 0.11409378051757812]
{'args': ((21, 0, slice(0, 960, None), slice(None, None, None)),), 'dataset shape': (40, 11, 1921, 2560), 'dataset chunks': (7, 1, 385, 512), 'indexing time (s)': 3.0994415283203125e-06, 'chunk number': 1650, 'reduction time (s)': 2.1375601291656494, 'chunks processed': 15, 'storage read (B)': 29686785, 'selection 2 time (s)': 2.140233039855957}
Thread times [0.1666560173034668, 0.0668020248413086, 0.08975791931152344, 0.0997457504272461, 0.06956124305725098, 0.19763898849487305, 0.13802194595336914, 0.10921692848205566, 0.15223097801208496, 0.1261582374572754, 0.09405088424682617, 0.10577082633972168, 0.3231818675994873, 0.21375322341918945, 0.0777890682220459]
{'args': ((22, 0, slice(0, 960, None), slice(None, None, None)),), 'dataset shape': (40, 11, 1921, 2560), 'dataset chunks': (7, 1, 385, 512), 'indexing time (s)': 3.814697265625e-06, 'chunk number': 1650, 'reduction time (s)': 2.0324342250823975, 'chunks processed': 15, 'storage read (B)': 29686785, 'selection 2 time (s)': 2.0343470573425293}
Thread times [0.12049198150634766, 0.11037707328796387, 0.10036611557006836, 0.08466196060180664, 0.07857799530029297, 0.08544731140136719, 0.17297911643981934, 0.102996826171875, 0.1406269073486328, 0.11830282211303711, 0.1622161865234375, 0.099517822265625, 0.233673095703125, 0.19342303276062012, 0.1822648048400879]
{'args': ((23, 0, slice(0, 960, None), slice(None, None, None)),), 'dataset shape': (40, 11, 1921, 2560), 'dataset chunks': (7, 1, 385, 512), 'indexing time (s)': 2.1457672119140625e-06, 'chunk number': 1650, 'reduction time (s)': 1.9885342121124268, 'chunks processed': 15, 'storage read (B)': 29686785, 'selection 2 time (s)': 1.9928457736968994}
Thread times [0.12835383415222168, 0.0783853530883789, 0.12582087516784668, 0.09662699699401855, 0.08822298049926758, 0.0981447696685791, 0.13143110275268555, 0.12240004539489746, 0.1200411319732666, 0.13233208656311035, 0.12656712532043457, 0.1330397129058838, 0.28435587882995605, 0.23826098442077637, 0.08317804336547852]
{'args': ((24, 0, slice(0, 960, None), slice(None, None, None)),), 'dataset shape': (40, 11, 1921, 2560), 'dataset chunks': (7, 1, 385, 512), 'indexing time (s)': 7.152557373046875e-06, 'chunk number': 1650, 'reduction time (s)': 1.9900460243225098, 'chunks processed': 15, 'storage read (B)': 29686785, 'selection 2 time (s)': 1.9939608573913574}
Thread times [0.13358020782470703, 0.07343912124633789, 0.09420108795166016, 0.13768815994262695, 0.09559202194213867, 0.0970468521118164, 0.10197591781616211, 0.11175823211669922, 0.11541104316711426, 0.10475897789001465, 0.10222196578979492, 0.11406588554382324, 0.24640274047851562, 0.26302003860473633, 0.10732483863830566]
{'args': ((25, 0, slice(0, 960, None), slice(None, None, None)),), 'dataset shape': (40, 11, 1921, 2560), 'dataset chunks': (7, 1, 385, 512), 'indexing time (s)': 4.0531158447265625e-06, 'chunk number': 1650, 'reduction time (s)': 1.9012610912322998, 'chunks processed': 15, 'storage read (B)': 29686785, 'selection 2 time (s)': 1.9055812358856201}
Thread times [0.2095630168914795, 0.07403206825256348, 0.1095418930053711, 0.1072847843170166, 0.12697792053222656, 0.10408711433410645, 0.10379481315612793, 0.10517501831054688, 0.22185993194580078, 0.1206669807434082, 0.09619903564453125, 0.2961769104003906, 0.23453807830810547, 0.28943800926208496, 0.09351897239685059]
{'args': ((26, 0, slice(0, 960, None), slice(None, None, None)),), 'dataset shape': (40, 11, 1921, 2560), 'dataset chunks': (7, 1, 385, 512), 'indexing time (s)': 8.106231689453125e-06, 'chunk number': 1650, 'reduction time (s)': 2.295469045639038, 'chunks processed': 15, 'storage read (B)': 29686785, 'selection 2 time (s)': 2.2988948822021484}
Thread times [0.12413907051086426, 0.07219409942626953, 0.11128401756286621, 0.299609899520874, 0.0788581371307373, 0.10497212409973145, 0.15934371948242188, 0.10215878486633301, 0.1205132007598877, 0.09688210487365723, 0.20286107063293457, 0.09713101387023926, 0.4286971092224121, 0.24514412879943848, 0.09210801124572754]
{'args': ((27, 0, slice(0, 960, None), slice(None, None, None)),), 'dataset shape': (40, 11, 1921, 2560), 'dataset chunks': (7, 1, 385, 512), 'indexing time (s)': 6.198883056640625e-06, 'chunk number': 1650, 'reduction time (s)': 2.3385868072509766, 'chunks processed': 15, 'storage read (B)': 29686785, 'selection 2 time (s)': 2.343021869659424}
Thread times [0.17830991744995117, 0.0953209400177002, 0.09078812599182129, 0.09711098670959473, 0.11992621421813965, 0.12096714973449707, 0.1087489128112793, 0.11137628555297852, 0.10131716728210449, 0.20262789726257324, 0.11006689071655273, 0.28626275062561035, 0.12826275825500488, 0.09071087837219238, 0.09919190406799316]
{'args': ((28, 0, slice(0, 960, None), slice(None, None, None)),), 'dataset shape': (40, 11, 1921, 2560), 'dataset chunks': (7, 1, 385, 512), 'indexing time (s)': 7.152557373046875e-06, 'chunk number': 1650, 'reduction time (s)': 1.943291187286377, 'chunks processed': 15, 'storage read (B)': 29670387, 'selection 2 time (s)': 1.9466078281402588}
Thread times [0.18936991691589355, 0.14121770858764648, 0.0939340591430664, 0.09255599975585938, 0.1139669418334961, 0.11615800857543945, 0.105072021484375, 0.15525078773498535, 0.11045002937316895, 0.10514378547668457, 0.21957921981811523, 0.28148889541625977, 0.1768338680267334, 0.09409689903259277, 0.11493086814880371]
{'args': ((29, 0, slice(0, 960, None), slice(None, None, None)),), 'dataset shape': (40, 11, 1921, 2560), 'dataset chunks': (7, 1, 385, 512), 'indexing time (s)': 3.0994415283203125e-06, 'chunk number': 1650, 'reduction time (s)': 2.112722873687744, 'chunks processed': 15, 'storage read (B)': 29670387, 'selection 2 time (s)': 2.1174230575561523}
Thread times [0.12993097305297852, 0.07100796699523926, 0.10913705825805664, 0.08855295181274414, 0.0865621566772461, 0.1138150691986084, 0.12329983711242676, 0.11003780364990234, 0.1033167839050293, 0.11159992218017578, 0.101409912109375, 0.25439000129699707, 0.08321809768676758, 0.11444306373596191, 0.11411023139953613]
{'args': ((30, 0, slice(0, 960, None), slice(None, None, None)),), 'dataset shape': (40, 11, 1921, 2560), 'dataset chunks': (7, 1, 385, 512), 'indexing time (s)': 5.245208740234375e-06, 'chunk number': 1650, 'reduction time (s)': 1.7171027660369873, 'chunks processed': 15, 'storage read (B)': 29670387, 'selection 2 time (s)': 1.7204270362854004}
Thread times [0.16141510009765625, 0.06821417808532715, 0.20831584930419922, 0.0893099308013916, 0.15729188919067383, 0.11876082420349121, 0.12931418418884277, 0.10027694702148438, 0.17600321769714355, 0.08911800384521484, 0.08628368377685547, 0.35072803497314453, 0.09559798240661621, 0.1044769287109375, 0.09445524215698242]
{'args': ((31, 0, slice(0, 960, None), slice(None, None, None)),), 'dataset shape': (40, 11, 1921, 2560), 'dataset chunks': (7, 1, 385, 512), 'indexing time (s)': 3.0994415283203125e-06, 'chunk number': 1650, 'reduction time (s)': 2.032076120376587, 'chunks processed': 15, 'storage read (B)': 29670387, 'selection 2 time (s)': 2.036439895629883}
Thread times [0.1253492832183838, 0.1626570224761963, 0.13498497009277344, 0.091339111328125, 0.1051640510559082, 0.1266191005706787, 0.09255719184875488, 0.10358190536499023, 0.1440880298614502, 0.09453988075256348, 0.2088911533355713, 0.22872614860534668, 0.17445921897888184, 0.10126900672912598, 0.09377503395080566]
{'args': ((32, 0, slice(0, 960, None), slice(None, None, None)),), 'dataset shape': (40, 11, 1921, 2560), 'dataset chunks': (7, 1, 385, 512), 'indexing time (s)': 6.198883056640625e-06, 'chunk number': 1650, 'reduction time (s)': 1.991537094116211, 'chunks processed': 15, 'storage read (B)': 29670387, 'selection 2 time (s)': 1.9948227405548096}
Thread times [0.1312849521636963, 0.19426512718200684, 0.14270806312561035, 0.08782696723937988, 0.09723901748657227, 0.1024630069732666, 0.1881108283996582, 0.11668705940246582, 0.10259723663330078, 0.10206103324890137, 0.10771894454956055, 0.7250850200653076, 0.11989188194274902, 0.20353293418884277, 0.1201322078704834]
{'args': ((33, 0, slice(0, 960, None), slice(None, None, None)),), 'dataset shape': (40, 11, 1921, 2560), 'dataset chunks': (7, 1, 385, 512), 'indexing time (s)': 4.0531158447265625e-06, 'chunk number': 1650, 'reduction time (s)': 2.5442450046539307, 'chunks processed': 15, 'storage read (B)': 29670387, 'selection 2 time (s)': 2.5489323139190674}
Thread times [0.1489710807800293, 0.07792115211486816, 0.1698758602142334, 0.08724308013916016, 0.11113691329956055, 0.11166906356811523, 0.12007594108581543, 0.1966710090637207, 0.10642695426940918, 0.09806489944458008, 0.2148880958557129, 0.2929880619049072, 0.10431194305419922, 0.12822294235229492, 0.22205018997192383]
{'args': ((34, 0, slice(0, 960, None), slice(None, None, None)),), 'dataset shape': (40, 11, 1921, 2560), 'dataset chunks': (7, 1, 385, 512), 'indexing time (s)': 5.0067901611328125e-06, 'chunk number': 1650, 'reduction time (s)': 2.1931941509246826, 'chunks processed': 15, 'storage read (B)': 29670387, 'selection 2 time (s)': 2.1972508430480957}
Thread times [0.14864397048950195, 0.14725303649902344, 0.0799250602722168, 0.11724591255187988, 0.08880305290222168, 0.11487317085266113, 0.12303328514099121, 0.12191057205200195, 0.10352897644042969, 0.16501903533935547, 0.1339111328125, 0.09717082977294922, 0.11573123931884766, 0.1095578670501709, 0.09585309028625488]
{'args': ((35, 0, slice(0, 960, None), slice(None, None, None)),), 'dataset shape': (40, 11, 1921, 2560), 'dataset chunks': (7, 1, 385, 512), 'indexing time (s)': 6.198883056640625e-06, 'chunk number': 1650, 'reduction time (s)': 1.7653040885925293, 'chunks processed': 15, 'storage read (B)': 21287473, 'selection 2 time (s)': 1.7686982154846191}
Thread times [0.2397902011871338, 0.41207289695739746, 0.08637619018554688, 0.09793901443481445, 0.08691692352294922, 0.09518814086914062, 0.13021278381347656, 0.10605907440185547, 0.12990903854370117, 0.09553980827331543, 0.08734917640686035, 0.10503506660461426, 0.09193921089172363, 0.08909392356872559, 0.08649420738220215]
{'args': ((36, 0, slice(0, 960, None), slice(None, None, None)),), 'dataset shape': (40, 11, 1921, 2560), 'dataset chunks': (7, 1, 385, 512), 'indexing time (s)': 5.0067901611328125e-06, 'chunk number': 1650, 'reduction time (s)': 1.9435958862304688, 'chunks processed': 15, 'storage read (B)': 21287473, 'selection 2 time (s)': 1.947657823562622}
Thread times [0.14577412605285645, 0.1048421859741211, 0.0818789005279541, 0.12311410903930664, 0.08997893333435059, 0.22647333145141602, 0.10933399200439453, 0.0903773307800293, 0.1009531021118164, 0.09392976760864258, 0.1305561065673828, 0.10251188278198242, 0.1764678955078125, 0.12881994247436523, 0.11704826354980469]
{'args': ((37, 0, slice(0, 960, None), slice(None, None, None)),), 'dataset shape': (40, 11, 1921, 2560), 'dataset chunks': (7, 1, 385, 512), 'indexing time (s)': 2.86102294921875e-06, 'chunk number': 1650, 'reduction time (s)': 1.824930191040039, 'chunks processed': 15, 'storage read (B)': 21287473, 'selection 2 time (s)': 1.829758882522583}
Thread times [0.1459188461303711, 0.13012290000915527, 0.07349395751953125, 0.16728806495666504, 0.1239171028137207, 0.12639713287353516, 0.098297119140625, 0.17347383499145508, 0.09438204765319824, 0.0963139533996582, 0.1871497631072998, 0.14676785469055176, 0.13297796249389648, 0.15041685104370117, 0.24025487899780273]
{'args': ((38, 0, slice(0, 960, None), slice(None, None, None)),), 'dataset shape': (40, 11, 1921, 2560), 'dataset chunks': (7, 1, 385, 512), 'indexing time (s)': 8.106231689453125e-06, 'chunk number': 1650, 'reduction time (s)': 2.0899767875671387, 'chunks processed': 15, 'storage read (B)': 21287473, 'selection 2 time (s)': 2.094062089920044}
Thread times [0.17597579956054688, 0.07779312133789062, 0.07481908798217773, 0.19054579734802246, 0.09449315071105957, 0.12388420104980469, 0.11997795104980469, 0.08631396293640137, 0.10053300857543945, 0.08719491958618164, 0.11751699447631836, 0.17320799827575684, 0.1448228359222412, 0.08708882331848145, 0.09936094284057617]
{'args': ((39, 0, slice(0, 960, None), slice(None, None, None)),), 'dataset shape': (40, 11, 1921, 2560), 'dataset chunks': (7, 1, 385, 512), 'indexing time (s)': 5.0067901611328125e-06, 'chunk number': 1650, 'reduction time (s)': 1.7569468021392822, 'chunks processed': 15, 'storage read (B)': 21287473, 'selection 2 time (s)': 1.7618279457092285}
[[226.07820312]
 [226.0646875 ]
 [225.93776042]
 [225.90820312]
 [225.91739583]
 [225.88460937]
 [225.82080729]
 [225.85434896]
 [225.9834375 ]
 [226.03822917]
 [226.01317708]
 [226.02333333]
 [226.03765625]
 [226.00486979]
 [225.91778646]
 [225.9403125 ]
 [225.98729167]
 [225.91450521]
 [225.81239583]
 [225.81890625]
 [225.8453125 ]
 [225.785     ]
 [225.63648438]
 [225.5565625 ]
 [225.45744792]
 [225.32382813]
 [225.16335937]
 [225.07786458]
 [225.07846354]
 [225.10669271]
 [225.17606771]
 [225.36867187]
 [225.57927083]
 [225.69083333]
 [225.7221875 ]
 [225.82367188]
 [225.93640625]
 [225.96760417]
 [225.91875   ]
 [225.92236979]]
Summary:  Hom24-np1:Active (T1,BS1): 7.02s,87.18s,114.3s
