Dataset loaded from S3 with s3fs and Pyfive: bnl/ch330a.pc19790301-def.nc (0.083,2.8)
Thread times [0.20800995826721191, 0.21292424201965332, 0.2148890495300293, 0.22869420051574707, 0.22890329360961914, 0.23404383659362793, 0.23617792129516602, 0.4245278835296631, 0.4608597755432129, 0.47140979766845703, 0.49431395530700684, 0.4967648983001709, 0.4978010654449463, 0.5440928936004639, 0.5450561046600342]
{'load nc time': 3.2974462509155273, 'args': ((0, 0, slice(0, 960, None), slice(None, None, None)),), 'dataset shape': (40, 11, 1921, 2560), 'dataset chunks': (7, 1, 385, 512), 'indexing time (s)': 15.327621936798096, 'chunk number': 1650, 'reduction time (s)': 0.5618867874145508, 'chunks processed': 15, 'storage read (B)': 29685482, 'selection 2 time (s)': 15.913996934890747}
Thread times [0.1667919158935547, 0.17610383033752441, 0.31982421875, 0.3893697261810303, 0.4722709655761719, 0.571984052658081, 0.6642580032348633, 0.6728639602661133, 0.6680231094360352, 0.6652531623840332, 0.6714291572570801, 0.6729462146759033, 0.6708531379699707, 0.671400785446167, 0.674720048904419]
{'args': ((1, 0, slice(0, 960, None), slice(None, None, None)),), 'dataset shape': (40, 11, 1921, 2560), 'dataset chunks': (7, 1, 385, 512), 'indexing time (s)': 1.9073486328125e-06, 'chunk number': 1650, 'reduction time (s)': 0.6851880550384521, 'chunks processed': 15, 'storage read (B)': 29685482, 'selection 2 time (s)': 0.6973698139190674}
Thread times [0.1734609603881836, 0.5498509407043457, 0.5509891510009766, 0.550055980682373, 0.5488772392272949, 0.5528872013092041, 0.6026349067687988, 0.6049377918243408, 0.6097149848937988, 0.6150610446929932, 0.6214702129364014, 0.62518310546875, 0.6360228061676025, 0.6403658390045166, 0.6441860198974609]
{'args': ((2, 0, slice(0, 960, None), slice(None, None, None)),), 'dataset shape': (40, 11, 1921, 2560), 'dataset chunks': (7, 1, 385, 512), 'indexing time (s)': 1.1920928955078125e-06, 'chunk number': 1650, 'reduction time (s)': 0.654041051864624, 'chunks processed': 15, 'storage read (B)': 29685482, 'selection 2 time (s)': 0.677056074142456}
Thread times [0.150223970413208, 0.2152700424194336, 0.219970703125, 0.22335124015808105, 0.2214970588684082, 0.3473210334777832, 0.5757567882537842, 0.5777268409729004, 0.59263014793396, 0.5932033061981201, 0.6013281345367432, 0.606701135635376, 0.6096229553222656, 0.651702880859375, 0.655195951461792]
{'args': ((3, 0, slice(0, 960, None), slice(None, None, None)),), 'dataset shape': (40, 11, 1921, 2560), 'dataset chunks': (7, 1, 385, 512), 'indexing time (s)': 1.1920928955078125e-06, 'chunk number': 1650, 'reduction time (s)': 0.6654951572418213, 'chunks processed': 15, 'storage read (B)': 29685482, 'selection 2 time (s)': 0.685222864151001}
Thread times [0.20121097564697266, 0.2472829818725586, 0.26529526710510254, 0.26819682121276855, 0.2749330997467041, 0.27609705924987793, 0.2761220932006836, 0.28950929641723633, 0.2901020050048828, 0.378817081451416, 0.39542579650878906, 0.41361498832702637, 0.4312598705291748, 0.4379618167877197, 0.45604920387268066]
{'args': ((4, 0, slice(0, 960, None), slice(None, None, None)),), 'dataset shape': (40, 11, 1921, 2560), 'dataset chunks': (7, 1, 385, 512), 'indexing time (s)': 2.1457672119140625e-06, 'chunk number': 1650, 'reduction time (s)': 0.4663660526275635, 'chunks processed': 15, 'storage read (B)': 29685482, 'selection 2 time (s)': 0.47867798805236816}
Thread times [0.2324209213256836, 0.23274493217468262, 0.22949981689453125, 0.23671317100524902, 0.2416548728942871, 0.2411329746246338, 0.24280190467834473, 0.3406050205230713, 0.40529894828796387, 0.4299609661102295, 0.5015320777893066, 0.5422217845916748, 0.6106889247894287, 0.6428508758544922, 0.6511740684509277]
{'args': ((5, 0, slice(0, 960, None), slice(None, None, None)),), 'dataset shape': (40, 11, 1921, 2560), 'dataset chunks': (7, 1, 385, 512), 'indexing time (s)': 1.9073486328125e-06, 'chunk number': 1650, 'reduction time (s)': 0.6626996994018555, 'chunks processed': 15, 'storage read (B)': 29685482, 'selection 2 time (s)': 0.6835708618164062}
Thread times [0.29372501373291016, 0.3511343002319336, 0.38302087783813477, 0.40834593772888184, 0.41789698600769043, 0.4134347438812256, 0.421370267868042, 0.4334259033203125, 0.4338870048522949, 0.43882274627685547, 0.4501607418060303, 0.5876431465148926, 0.5925829410552979, 0.6204631328582764, 0.6304378509521484]
{'args': ((6, 0, slice(0, 960, None), slice(None, None, None)),), 'dataset shape': (40, 11, 1921, 2560), 'dataset chunks': (7, 1, 385, 512), 'indexing time (s)': 2.1457672119140625e-06, 'chunk number': 1650, 'reduction time (s)': 0.6400461196899414, 'chunks processed': 15, 'storage read (B)': 29685482, 'selection 2 time (s)': 0.6629490852355957}
Thread times [0.20432400703430176, 0.21132516860961914, 0.22372937202453613, 0.227919340133667, 0.23859381675720215, 0.4578256607055664, 0.4568638801574707, 0.45621681213378906, 0.4490668773651123, 0.452286958694458, 0.49014806747436523, 0.4987931251525879, 0.5026397705078125, 0.5007109642028809, 0.5057520866394043]
{'args': ((7, 0, slice(0, 960, None), slice(None, None, None)),), 'dataset shape': (40, 11, 1921, 2560), 'dataset chunks': (7, 1, 385, 512), 'indexing time (s)': 9.5367431640625e-07, 'chunk number': 1650, 'reduction time (s)': 0.5140371322631836, 'chunks processed': 15, 'storage read (B)': 29701892, 'selection 2 time (s)': 0.5290870666503906}
Thread times [0.33550310134887695, 0.35767102241516113, 0.4504408836364746, 0.4482729434967041, 0.44635510444641113, 0.4572873115539551, 0.44967079162597656, 0.4756321907043457, 0.46712708473205566, 0.47773194313049316, 0.48545098304748535, 0.4924628734588623, 0.5066330432891846, 0.51035475730896, 0.5327010154724121]
{'args': ((8, 0, slice(0, 960, None), slice(None, None, None)),), 'dataset shape': (40, 11, 1921, 2560), 'dataset chunks': (7, 1, 385, 512), 'indexing time (s)': 9.5367431640625e-07, 'chunk number': 1650, 'reduction time (s)': 0.5405659675598145, 'chunks processed': 15, 'storage read (B)': 29701892, 'selection 2 time (s)': 0.5648221969604492}
Thread times [0.20100998878479004, 0.31192874908447266, 0.41355204582214355, 0.47386717796325684, 0.4739041328430176, 0.4781491756439209, 0.49562501907348633, 0.4955928325653076, 0.49157190322875977, 0.5093090534210205, 0.5085623264312744, 0.5159430503845215, 0.5240728855133057, 0.5298900604248047, 0.5354859828948975]
{'args': ((9, 0, slice(0, 960, None), slice(None, None, None)),), 'dataset shape': (40, 11, 1921, 2560), 'dataset chunks': (7, 1, 385, 512), 'indexing time (s)': 1.9073486328125e-06, 'chunk number': 1650, 'reduction time (s)': 0.5441360473632812, 'chunks processed': 15, 'storage read (B)': 29701892, 'selection 2 time (s)': 0.5634047985076904}
Thread times [0.21944189071655273, 0.2429518699645996, 0.28313231468200684, 0.3721771240234375, 0.3718540668487549, 0.3707280158996582, 0.368973970413208, 0.37255311012268066, 0.36830902099609375, 0.37668871879577637, 0.40001416206359863, 0.41112399101257324, 0.41433095932006836, 0.4219799041748047, 0.44681715965270996]
{'args': ((10, 0, slice(0, 960, None), slice(None, None, None)),), 'dataset shape': (40, 11, 1921, 2560), 'dataset chunks': (7, 1, 385, 512), 'indexing time (s)': 2.6226043701171875e-06, 'chunk number': 1650, 'reduction time (s)': 0.4544072151184082, 'chunks processed': 15, 'storage read (B)': 29701892, 'selection 2 time (s)': 0.47615671157836914}
Thread times [0.4211850166320801, 0.5072782039642334, 0.5630230903625488, 0.5629792213439941, 0.5815708637237549, 0.5873188972473145, 0.5836999416351318, 0.6031389236450195, 0.5994470119476318, 0.6003308296203613, 0.6211867332458496, 0.6177809238433838, 0.6253130435943604, 0.6349368095397949, 0.6392550468444824]
{'args': ((11, 0, slice(0, 960, None), slice(None, None, None)),), 'dataset shape': (40, 11, 1921, 2560), 'dataset chunks': (7, 1, 385, 512), 'indexing time (s)': 2.1457672119140625e-06, 'chunk number': 1650, 'reduction time (s)': 0.6468110084533691, 'chunks processed': 15, 'storage read (B)': 29701892, 'selection 2 time (s)': 0.66280198097229}
Thread times [0.341386079788208, 0.36491966247558594, 0.4815220832824707, 0.49985623359680176, 0.5082228183746338, 0.5089247226715088, 0.5104010105133057, 0.5152418613433838, 0.526569128036499, 0.5251069068908691, 0.535222053527832, 0.5412590503692627, 0.5501120090484619, 0.5485320091247559, 0.5610079765319824]
{'args': ((12, 0, slice(0, 960, None), slice(None, None, None)),), 'dataset shape': (40, 11, 1921, 2560), 'dataset chunks': (7, 1, 385, 512), 'indexing time (s)': 1.9073486328125e-06, 'chunk number': 1650, 'reduction time (s)': 0.5695388317108154, 'chunks processed': 15, 'storage read (B)': 29701892, 'selection 2 time (s)': 0.5876688957214355}
Thread times [0.21296262741088867, 0.4312717914581299, 0.44919490814208984, 0.5223062038421631, 0.5226118564605713, 0.5301778316497803, 0.531792163848877, 0.5365149974822998, 0.5368430614471436, 0.5469241142272949, 0.5593471527099609, 0.5596749782562256, 0.5713160037994385, 0.5701088905334473, 0.577106237411499]
{'args': ((13, 0, slice(0, 960, None), slice(None, None, None)),), 'dataset shape': (40, 11, 1921, 2560), 'dataset chunks': (7, 1, 385, 512), 'indexing time (s)': 2.1457672119140625e-06, 'chunk number': 1650, 'reduction time (s)': 0.584740161895752, 'chunks processed': 15, 'storage read (B)': 29701892, 'selection 2 time (s)': 0.6038148403167725}
Thread times [0.31820106506347656, 0.32155919075012207, 0.315061092376709, 0.3264591693878174, 0.3424708843231201, 0.5136430263519287, 0.537071943283081, 0.5338149070739746, 0.5350971221923828, 0.5447375774383545, 0.56044602394104, 0.564385175704956, 0.6598911285400391, 0.6648550033569336, 0.6661868095397949]
{'args': ((14, 0, slice(0, 960, None), slice(None, None, None)),), 'dataset shape': (40, 11, 1921, 2560), 'dataset chunks': (7, 1, 385, 512), 'indexing time (s)': 1.9073486328125e-06, 'chunk number': 1650, 'reduction time (s)': 0.673436164855957, 'chunks processed': 15, 'storage read (B)': 29733505, 'selection 2 time (s)': 0.6937108039855957}
Thread times [0.18401479721069336, 0.22847318649291992, 0.22867417335510254, 0.22936272621154785, 0.23864507675170898, 0.29042482376098633, 0.47959375381469727, 0.47992610931396484, 0.4773378372192383, 0.4755549430847168, 0.4854400157928467, 0.48258495330810547, 0.4938931465148926, 0.48877692222595215, 0.4944267272949219]
{'args': ((15, 0, slice(0, 960, None), slice(None, None, None)),), 'dataset shape': (40, 11, 1921, 2560), 'dataset chunks': (7, 1, 385, 512), 'indexing time (s)': 2.1457672119140625e-06, 'chunk number': 1650, 'reduction time (s)': 0.5158941745758057, 'chunks processed': 15, 'storage read (B)': 29733505, 'selection 2 time (s)': 0.5298528671264648}
Thread times [0.48725008964538574, 0.5689079761505127, 0.6560781002044678, 0.6605758666992188, 0.6652719974517822, 0.6681458950042725, 0.6936781406402588, 0.695997953414917, 0.6968469619750977, 0.7063391208648682, 0.7123720645904541, 0.7153689861297607, 0.7261679172515869, 0.7297790050506592, 0.7371220588684082]
{'args': ((16, 0, slice(0, 960, None), slice(None, None, None)),), 'dataset shape': (40, 11, 1921, 2560), 'dataset chunks': (7, 1, 385, 512), 'indexing time (s)': 1.9073486328125e-06, 'chunk number': 1650, 'reduction time (s)': 0.744330883026123, 'chunks processed': 15, 'storage read (B)': 29733505, 'selection 2 time (s)': 0.7684521675109863}
Thread times [0.24660468101501465, 0.27635717391967773, 0.285383939743042, 0.2867729663848877, 0.2894582748413086, 0.2954230308532715, 0.2927672863006592, 0.3743727207183838, 0.39455294609069824, 0.3930821418762207, 0.3956129550933838, 0.4110689163208008, 0.41451096534729004, 0.4149188995361328, 0.43755388259887695]
{'args': ((17, 0, slice(0, 960, None), slice(None, None, None)),), 'dataset shape': (40, 11, 1921, 2560), 'dataset chunks': (7, 1, 385, 512), 'indexing time (s)': 2.1457672119140625e-06, 'chunk number': 1650, 'reduction time (s)': 0.44727301597595215, 'chunks processed': 15, 'storage read (B)': 29733505, 'selection 2 time (s)': 0.4634990692138672}
Thread times [0.3052330017089844, 0.3053548336029053, 0.30503296852111816, 0.30360913276672363, 0.3023359775543213, 0.5431969165802002, 0.542471170425415, 0.5336761474609375, 0.5361952781677246, 0.5376019477844238, 0.5396418571472168, 0.547656774520874, 0.5452151298522949, 0.549623966217041, 0.5514671802520752]
{'args': ((18, 0, slice(0, 960, None), slice(None, None, None)),), 'dataset shape': (40, 11, 1921, 2560), 'dataset chunks': (7, 1, 385, 512), 'indexing time (s)': 1.9073486328125e-06, 'chunk number': 1650, 'reduction time (s)': 0.5607399940490723, 'chunks processed': 15, 'storage read (B)': 29733505, 'selection 2 time (s)': 0.5733659267425537}
Thread times [0.4544651508331299, 0.5488109588623047, 0.5725369453430176, 0.574678897857666, 0.5777349472045898, 0.592444896697998, 0.592238187789917, 0.594566822052002, 0.601982831954956, 0.6025371551513672, 0.612739086151123, 0.6224877834320068, 0.6242249011993408, 0.62831711769104, 0.641136884689331]
{'args': ((19, 0, slice(0, 960, None), slice(None, None, None)),), 'dataset shape': (40, 11, 1921, 2560), 'dataset chunks': (7, 1, 385, 512), 'indexing time (s)': 2.1457672119140625e-06, 'chunk number': 1650, 'reduction time (s)': 0.649813175201416, 'chunks processed': 15, 'storage read (B)': 29733505, 'selection 2 time (s)': 0.6650519371032715}
Thread times [0.1949608325958252, 0.6428232192993164, 0.6495969295501709, 0.662196159362793, 0.6535360813140869, 0.6645309925079346, 0.6720259189605713, 0.6688377857208252, 0.6724758148193359, 0.688652753829956, 0.6889982223510742, 0.6959121227264404, 0.7026369571685791, 0.7117269039154053, 0.7157011032104492]
{'args': ((20, 0, slice(0, 960, None), slice(None, None, None)),), 'dataset shape': (40, 11, 1921, 2560), 'dataset chunks': (7, 1, 385, 512), 'indexing time (s)': 2.6226043701171875e-06, 'chunk number': 1650, 'reduction time (s)': 0.7241940498352051, 'chunks processed': 15, 'storage read (B)': 29733505, 'selection 2 time (s)': 0.7390429973602295}
Thread times [0.16773104667663574, 0.27237391471862793, 0.3083369731903076, 0.30653905868530273, 0.42054033279418945, 0.42382001876831055, 0.43129396438598633, 0.43605494499206543, 0.43240809440612793, 0.44637393951416016, 0.4451560974121094, 0.4516468048095703, 0.46060895919799805, 0.4678971767425537, 0.47034287452697754]
{'args': ((21, 0, slice(0, 960, None), slice(None, None, None)),), 'dataset shape': (40, 11, 1921, 2560), 'dataset chunks': (7, 1, 385, 512), 'indexing time (s)': 9.5367431640625e-07, 'chunk number': 1650, 'reduction time (s)': 0.47750091552734375, 'chunks processed': 15, 'storage read (B)': 29686785, 'selection 2 time (s)': 0.4947240352630615}
Thread times [0.14802813529968262, 0.15558791160583496, 0.25341320037841797, 0.4530367851257324, 0.4782838821411133, 0.5796940326690674, 0.6214072704315186, 0.6437342166900635, 0.6420748233795166, 0.6504330635070801, 0.663442850112915, 0.6632068157196045, 0.6672120094299316, 0.6925742626190186, 0.6970808506011963]
{'args': ((22, 0, slice(0, 960, None), slice(None, None, None)),), 'dataset shape': (40, 11, 1921, 2560), 'dataset chunks': (7, 1, 385, 512), 'indexing time (s)': 7.152557373046875e-07, 'chunk number': 1650, 'reduction time (s)': 0.7134671211242676, 'chunks processed': 15, 'storage read (B)': 29686785, 'selection 2 time (s)': 0.7360949516296387}
Thread times [0.29843878746032715, 0.4713296890258789, 0.47762584686279297, 0.5437602996826172, 0.5490319728851318, 0.5596191883087158, 0.5684249401092529, 0.5714900493621826, 0.5831151008605957, 0.5880300998687744, 0.5950450897216797, 0.6043970584869385, 0.6272799968719482, 0.6347429752349854, 0.6354596614837646]
{'args': ((23, 0, slice(0, 960, None), slice(None, None, None)),), 'dataset shape': (40, 11, 1921, 2560), 'dataset chunks': (7, 1, 385, 512), 'indexing time (s)': 1.9073486328125e-06, 'chunk number': 1650, 'reduction time (s)': 0.6467561721801758, 'chunks processed': 15, 'storage read (B)': 29686785, 'selection 2 time (s)': 0.6642699241638184}
Thread times [0.25113701820373535, 0.24766063690185547, 0.3432497978210449, 0.4867880344390869, 0.626824140548706, 0.6224908828735352, 0.6288423538208008, 0.6249682903289795, 0.6310410499572754, 0.6285638809204102, 0.6315426826477051, 0.6367878913879395, 0.643017053604126, 0.6692972183227539, 0.7527849674224854]
{'args': ((24, 0, slice(0, 960, None), slice(None, None, None)),), 'dataset shape': (40, 11, 1921, 2560), 'dataset chunks': (7, 1, 385, 512), 'indexing time (s)': 1.9073486328125e-06, 'chunk number': 1650, 'reduction time (s)': 0.7640948295593262, 'chunks processed': 15, 'storage read (B)': 29686785, 'selection 2 time (s)': 0.7794859409332275}
Thread times [0.4549410343170166, 0.45676302909851074, 0.6156060695648193, 0.6302320957183838, 0.6312320232391357, 0.6098740100860596, 0.6433990001678467, 0.626338005065918, 0.6240589618682861, 0.6362040042877197, 0.6441628932952881, 0.6471149921417236, 0.6520853042602539, 0.6673500537872314, 0.6899158954620361]
{'args': ((25, 0, slice(0, 960, None), slice(None, None, None)),), 'dataset shape': (40, 11, 1921, 2560), 'dataset chunks': (7, 1, 385, 512), 'indexing time (s)': 1.9073486328125e-06, 'chunk number': 1650, 'reduction time (s)': 0.7217049598693848, 'chunks processed': 15, 'storage read (B)': 29686785, 'selection 2 time (s)': 0.7376089096069336}
Thread times [0.20792579650878906, 0.2669029235839844, 0.4597761631011963, 0.4865131378173828, 0.6835157871246338, 0.6830332279205322, 0.6847350597381592, 0.6830160617828369, 0.6818251609802246, 0.680060863494873, 0.6850652694702148, 0.6903371810913086, 0.693936824798584, 0.6929621696472168, 0.6970276832580566]
{'args': ((26, 0, slice(0, 960, None), slice(None, None, None)),), 'dataset shape': (40, 11, 1921, 2560), 'dataset chunks': (7, 1, 385, 512), 'indexing time (s)': 1.9073486328125e-06, 'chunk number': 1650, 'reduction time (s)': 0.7085027694702148, 'chunks processed': 15, 'storage read (B)': 29686785, 'selection 2 time (s)': 0.7236161231994629}
Thread times [0.24100995063781738, 0.2555680274963379, 0.288571834564209, 0.2879018783569336, 0.292388916015625, 0.3020198345184326, 0.3013150691986084, 0.30649709701538086, 0.31471896171569824, 0.47702980041503906, 0.4788060188293457, 0.5237889289855957, 0.5304088592529297, 0.5284509658813477, 0.5401489734649658]
{'args': ((27, 0, slice(0, 960, None), slice(None, None, None)),), 'dataset shape': (40, 11, 1921, 2560), 'dataset chunks': (7, 1, 385, 512), 'indexing time (s)': 2.1457672119140625e-06, 'chunk number': 1650, 'reduction time (s)': 0.5504400730133057, 'chunks processed': 15, 'storage read (B)': 29686785, 'selection 2 time (s)': 0.5658540725708008}
Thread times [0.2850611209869385, 0.43975090980529785, 0.4541468620300293, 0.47574806213378906, 0.4944298267364502, 0.5108451843261719, 0.509742259979248, 0.5076150894165039, 0.5127511024475098, 0.530916690826416, 0.5334682464599609, 0.5347080230712891, 0.5436077117919922, 0.546403169631958, 0.5504508018493652]
{'args': ((28, 0, slice(0, 960, None), slice(None, None, None)),), 'dataset shape': (40, 11, 1921, 2560), 'dataset chunks': (7, 1, 385, 512), 'indexing time (s)': 1.6689300537109375e-06, 'chunk number': 1650, 'reduction time (s)': 0.565032958984375, 'chunks processed': 15, 'storage read (B)': 29670387, 'selection 2 time (s)': 0.5831649303436279}
Thread times [0.1548001766204834, 0.19226312637329102, 0.24581408500671387, 0.25399327278137207, 0.3742179870605469, 0.3768119812011719, 0.37431883811950684, 0.3736100196838379, 0.3751640319824219, 0.38021302223205566, 0.3919250965118408, 0.38660502433776855, 0.39554595947265625, 0.4003620147705078, 0.4027838706970215]
{'args': ((29, 0, slice(0, 960, None), slice(None, None, None)),), 'dataset shape': (40, 11, 1921, 2560), 'dataset chunks': (7, 1, 385, 512), 'indexing time (s)': 1.9073486328125e-06, 'chunk number': 1650, 'reduction time (s)': 0.4076390266418457, 'chunks processed': 15, 'storage read (B)': 29670387, 'selection 2 time (s)': 0.42059803009033203}
Thread times [0.2454979419708252, 0.30640578269958496, 0.4847140312194824, 0.4837520122528076, 0.47889018058776855, 0.4806997776031494, 0.4891171455383301, 0.4833352565765381, 0.49648618698120117, 0.499021053314209, 0.5073668956756592, 0.5156238079071045, 0.5165050029754639, 0.5189590454101562, 0.5278921127319336]
{'args': ((30, 0, slice(0, 960, None), slice(None, None, None)),), 'dataset shape': (40, 11, 1921, 2560), 'dataset chunks': (7, 1, 385, 512), 'indexing time (s)': 1.1920928955078125e-06, 'chunk number': 1650, 'reduction time (s)': 0.5384068489074707, 'chunks processed': 15, 'storage read (B)': 29670387, 'selection 2 time (s)': 0.5524511337280273}
Thread times [0.32132506370544434, 0.34470701217651367, 0.4571199417114258, 0.4599020481109619, 0.4696311950683594, 0.4803919792175293, 0.4889359474182129, 0.4906768798828125, 0.4988069534301758, 0.49705982208251953, 0.5124428272247314, 0.5176410675048828, 0.5224809646606445, 0.5222010612487793, 0.5340948104858398]
{'args': ((31, 0, slice(0, 960, None), slice(None, None, None)),), 'dataset shape': (40, 11, 1921, 2560), 'dataset chunks': (7, 1, 385, 512), 'indexing time (s)': 1.9073486328125e-06, 'chunk number': 1650, 'reduction time (s)': 0.5457208156585693, 'chunks processed': 15, 'storage read (B)': 29670387, 'selection 2 time (s)': 0.5595479011535645}
Thread times [0.23835301399230957, 0.32765889167785645, 0.46041178703308105, 0.4786498546600342, 0.4942591190338135, 0.5023980140686035, 0.5045619010925293, 0.5051929950714111, 0.5098166465759277, 0.5188658237457275, 0.5248019695281982, 0.5307719707489014, 0.5294380187988281, 0.5501277446746826, 0.5492520332336426]
{'args': ((32, 0, slice(0, 960, None), slice(None, None, None)),), 'dataset shape': (40, 11, 1921, 2560), 'dataset chunks': (7, 1, 385, 512), 'indexing time (s)': 1.9073486328125e-06, 'chunk number': 1650, 'reduction time (s)': 0.5613918304443359, 'chunks processed': 15, 'storage read (B)': 29670387, 'selection 2 time (s)': 0.5818421840667725}
Thread times [0.4818379878997803, 0.5053551197052002, 0.584740161895752, 0.5901761054992676, 0.603583812713623, 0.6089820861816406, 0.6095800399780273, 0.6178586483001709, 0.6221890449523926, 0.6283421516418457, 0.6366560459136963, 0.6364889144897461, 0.6409709453582764, 0.6545090675354004, 0.6585719585418701]
{'args': ((33, 0, slice(0, 960, None), slice(None, None, None)),), 'dataset shape': (40, 11, 1921, 2560), 'dataset chunks': (7, 1, 385, 512), 'indexing time (s)': 9.5367431640625e-07, 'chunk number': 1650, 'reduction time (s)': 0.6692590713500977, 'chunks processed': 15, 'storage read (B)': 29670387, 'selection 2 time (s)': 0.6860730648040771}
Thread times [0.2103269100189209, 0.2120985984802246, 0.2121899127960205, 0.23613595962524414, 0.309373140335083, 0.31516385078430176, 0.40464210510253906, 0.41233301162719727, 0.4168269634246826, 0.42557621002197266, 0.4237339496612549, 0.4346189498901367, 0.4525868892669678, 0.45395708084106445, 0.4569511413574219]
{'args': ((34, 0, slice(0, 960, None), slice(None, None, None)),), 'dataset shape': (40, 11, 1921, 2560), 'dataset chunks': (7, 1, 385, 512), 'indexing time (s)': 2.1457672119140625e-06, 'chunk number': 1650, 'reduction time (s)': 0.4646899700164795, 'chunks processed': 15, 'storage read (B)': 29670387, 'selection 2 time (s)': 0.4824192523956299}
Thread times [0.11494207382202148, 0.23973774909973145, 0.2443528175354004, 0.23593997955322266, 0.24357986450195312, 0.24739789962768555, 0.2380819320678711, 0.23700618743896484, 0.23964285850524902, 0.24466204643249512, 0.24457192420959473, 0.25221705436706543, 0.26320505142211914, 0.263455867767334, 0.2661402225494385]
{'args': ((35, 0, slice(0, 960, None), slice(None, None, None)),), 'dataset shape': (40, 11, 1921, 2560), 'dataset chunks': (7, 1, 385, 512), 'indexing time (s)': 2.1457672119140625e-06, 'chunk number': 1650, 'reduction time (s)': 0.2729012966156006, 'chunks processed': 15, 'storage read (B)': 21287473, 'selection 2 time (s)': 0.2873210906982422}
Thread times [0.1505601406097412, 0.18111395835876465, 0.19146180152893066, 0.200789213180542, 0.2103559970855713, 0.21199321746826172, 0.20964407920837402, 0.21638894081115723, 0.21985101699829102, 0.22065424919128418, 0.2282700538635254, 0.2366490364074707, 0.245866060256958, 0.23917102813720703, 0.24236106872558594]
{'args': ((36, 0, slice(0, 960, None), slice(None, None, None)),), 'dataset shape': (40, 11, 1921, 2560), 'dataset chunks': (7, 1, 385, 512), 'indexing time (s)': 1.9073486328125e-06, 'chunk number': 1650, 'reduction time (s)': 0.2541227340698242, 'chunks processed': 15, 'storage read (B)': 21287473, 'selection 2 time (s)': 0.2733900547027588}
Thread times [0.3744850158691406, 0.3905646800994873, 0.4063088893890381, 0.4367101192474365, 0.4598972797393799, 0.4708211421966553, 0.46981191635131836, 0.46907615661621094, 0.47582006454467773, 0.48502588272094727, 0.48948097229003906, 0.4899148941040039, 0.5034530162811279, 0.5002841949462891, 0.5064277648925781]
{'args': ((37, 0, slice(0, 960, None), slice(None, None, None)),), 'dataset shape': (40, 11, 1921, 2560), 'dataset chunks': (7, 1, 385, 512), 'indexing time (s)': 1.9073486328125e-06, 'chunk number': 1650, 'reduction time (s)': 0.5152027606964111, 'chunks processed': 15, 'storage read (B)': 21287473, 'selection 2 time (s)': 0.5273630619049072}
Thread times [0.27509498596191406, 0.3481259346008301, 0.36262011528015137, 0.36182093620300293, 0.3686809539794922, 0.3634490966796875, 0.3719789981842041, 0.37123990058898926, 0.3833038806915283, 0.38190579414367676, 0.3933999538421631, 0.3948090076446533, 0.3961939811706543, 0.40372300148010254, 0.40959692001342773]
{'args': ((38, 0, slice(0, 960, None), slice(None, None, None)),), 'dataset shape': (40, 11, 1921, 2560), 'dataset chunks': (7, 1, 385, 512), 'indexing time (s)': 1.1920928955078125e-06, 'chunk number': 1650, 'reduction time (s)': 0.4203219413757324, 'chunks processed': 15, 'storage read (B)': 21287473, 'selection 2 time (s)': 0.4398500919342041}
Thread times [0.12609577178955078, 0.2908320426940918, 0.38607215881347656, 0.3878977298736572, 0.39606714248657227, 0.40645670890808105, 0.4003150463104248, 0.40361881256103516, 0.4095730781555176, 0.4159972667694092, 0.4187960624694824, 0.4277620315551758, 0.43302011489868164, 0.4391498565673828, 0.4421398639678955]
{'args': ((39, 0, slice(0, 960, None), slice(None, None, None)),), 'dataset shape': (40, 11, 1921, 2560), 'dataset chunks': (7, 1, 385, 512), 'indexing time (s)': 2.1457672119140625e-06, 'chunk number': 1650, 'reduction time (s)': 0.4509010314941406, 'chunks processed': 15, 'storage read (B)': 21287473, 'selection 2 time (s)': 0.4676549434661865}
[[226.07820312]
 [226.0646875 ]
 [225.93773437]
 [225.90820312]
 [225.91742188]
 [225.88460937]
 [225.82080729]
 [225.854375  ]
 [225.98346354]
 [226.03822917]
 [226.01317708]
 [226.02335938]
 [226.03768229]
 [226.00486979]
 [225.91776042]
 [225.94033854]
 [225.98726562]
 [225.91453125]
 [225.81239583]
 [225.81890625]
 [225.8453125 ]
 [225.785     ]
 [225.63648438]
 [225.5565625 ]
 [225.45744792]
 [225.32382813]
 [225.16335937]
 [225.07786458]
 [225.07846354]
 [225.10666667]
 [225.17609375]
 [225.36869792]
 [225.57927083]
 [225.69083333]
 [225.72221354]
 [225.82369792]
 [225.93643229]
 [225.96760417]
 [225.91872396]
 [225.92234375]]
Summary:  Hom24-np1:Active (T100,BS1): 3.3s,22.75s,42.08s
