Dataset loaded from S3 with s3fs and Pyfive: bnl/ch330a.pc19790301-def.nc (0.083,2.9)
Thread times [0.8830130100250244, 0.9846842288970947, 1.107161283493042, 1.005295991897583, 1.0882289409637451, 1.3595268726348877, 1.3727531433105469, 1.4075069427490234, 1.4064369201660156, 1.382990837097168, 1.228975772857666, 1.457273006439209, 1.338989019393921, 1.3056530952453613, 1.3474559783935547]
{'load nc time': 3.369203805923462, 'args': ((0, 0, slice(0, 960, None), slice(None, None, None)),), 'dataset shape': (40, 11, 1921, 2560), 'dataset chunks': (7, 1, 385, 512), 'indexing time (s)': 15.097433090209961, 'chunk number': 1650, 'reduction time (s)': 18.677988052368164, 'chunks processed': 15, 'storage read (B)': 29685482, 'selection 1 time (s)': 33.775919914245605}
Thread times [0.8257110118865967, 0.8608682155609131, 1.0968832969665527, 1.0985920429229736, 1.3276910781860352, 1.5442111492156982, 1.335536241531372, 1.4048256874084473, 1.455566167831421, 1.288067102432251, 1.3265910148620605, 1.4557631015777588, 1.3744699954986572, 1.4113552570343018, 1.3203771114349365]
{'args': ((1, 0, slice(0, 960, None), slice(None, None, None)),), 'dataset shape': (40, 11, 1921, 2560), 'dataset chunks': (7, 1, 385, 512), 'indexing time (s)': 2.1457672119140625e-06, 'chunk number': 1650, 'reduction time (s)': 19.12792706489563, 'chunks processed': 15, 'storage read (B)': 29685482, 'selection 1 time (s)': 19.128129720687866}
Thread times [0.8635132312774658, 0.9030823707580566, 1.1329658031463623, 1.0166780948638916, 1.2358479499816895, 1.4171311855316162, 1.3509318828582764, 1.3179078102111816, 1.498208999633789, 1.3357341289520264, 1.2446982860565186, 1.5862278938293457, 1.3071339130401611, 1.3591868877410889, 1.3166348934173584]
{'args': ((2, 0, slice(0, 960, None), slice(None, None, None)),), 'dataset shape': (40, 11, 1921, 2560), 'dataset chunks': (7, 1, 385, 512), 'indexing time (s)': 3.0994415283203125e-06, 'chunk number': 1650, 'reduction time (s)': 18.88729190826416, 'chunks processed': 15, 'storage read (B)': 29685482, 'selection 1 time (s)': 18.887501001358032}
Thread times [0.8952808380126953, 0.8669540882110596, 1.1177611351013184, 1.0099420547485352, 1.173316240310669, 1.428659200668335, 1.3769159317016602, 1.3695099353790283, 1.4659080505371094, 1.3182477951049805, 1.2809979915618896, 1.5753529071807861, 1.3012700080871582, 1.3791072368621826, 1.298534870147705]
{'args': ((3, 0, slice(0, 960, None), slice(None, None, None)),), 'dataset shape': (40, 11, 1921, 2560), 'dataset chunks': (7, 1, 385, 512), 'indexing time (s)': 1.9073486328125e-06, 'chunk number': 1650, 'reduction time (s)': 18.85909676551819, 'chunks processed': 15, 'storage read (B)': 29685482, 'selection 1 time (s)': 18.859311819076538}
Thread times [0.9256668090820312, 0.8561930656433105, 1.1133980751037598, 1.0185401439666748, 1.0878970623016357, 1.502089023590088, 1.9779150485992432, 1.3892650604248047, 1.5187709331512451, 1.45927095413208, 1.2601478099822998, 1.44496488571167, 1.3196210861206055, 1.335479974746704, 1.284148931503296]
{'args': ((4, 0, slice(0, 960, None), slice(None, None, None)),), 'dataset shape': (40, 11, 1921, 2560), 'dataset chunks': (7, 1, 385, 512), 'indexing time (s)': 1.9073486328125e-06, 'chunk number': 1650, 'reduction time (s)': 19.494711875915527, 'chunks processed': 15, 'storage read (B)': 29685482, 'selection 1 time (s)': 19.49490785598755}
Thread times [0.9104819297790527, 0.8303239345550537, 1.0971848964691162, 1.0059020519256592, 1.1028721332550049, 1.3603589534759521, 1.3533880710601807, 2.4436452388763428, 1.6579630374908447, 1.3262989521026611, 2.349703073501587, 1.5293488502502441, 1.3753769397735596, 1.34893798828125, 1.5121638774871826]
{'args': ((5, 0, slice(0, 960, None), slice(None, None, None)),), 'dataset shape': (40, 11, 1921, 2560), 'dataset chunks': (7, 1, 385, 512), 'indexing time (s)': 9.5367431640625e-07, 'chunk number': 1650, 'reduction time (s)': 21.20536708831787, 'chunks processed': 15, 'storage read (B)': 29685482, 'selection 1 time (s)': 21.20555019378662}
Thread times [0.8184959888458252, 0.8270039558410645, 1.1069538593292236, 1.0414597988128662, 1.064913034439087, 1.4062650203704834, 1.2976679801940918, 1.3334190845489502, 1.5891127586364746, 1.2856171131134033, 1.2171151638031006, 1.4170417785644531, 1.3533871173858643, 1.2770249843597412, 1.293463945388794]
{'args': ((6, 0, slice(0, 960, None), slice(None, None, None)),), 'dataset shape': (40, 11, 1921, 2560), 'dataset chunks': (7, 1, 385, 512), 'indexing time (s)': 9.5367431640625e-07, 'chunk number': 1650, 'reduction time (s)': 18.33028483390808, 'chunks processed': 15, 'storage read (B)': 29685482, 'selection 1 time (s)': 18.330461978912354}
Thread times [0.8106749057769775, 0.862227201461792, 1.5126299858093262, 1.2987759113311768, 1.435662031173706, 1.3972198963165283, 1.303947925567627, 1.4723188877105713, 1.11411714553833, 0.9587709903717041, 1.2325329780578613, 1.3971750736236572, 1.4425439834594727, 1.301685094833374, 1.6408541202545166]
{'args': ((7, 0, slice(0, 960, None), slice(None, None, None)),), 'dataset shape': (40, 11, 1921, 2560), 'dataset chunks': (7, 1, 385, 512), 'indexing time (s)': 2.1457672119140625e-06, 'chunk number': 1650, 'reduction time (s)': 19.182428121566772, 'chunks processed': 15, 'storage read (B)': 29701892, 'selection 1 time (s)': 19.182610750198364}
Thread times [0.886340856552124, 0.8458907604217529, 1.0978569984436035, 1.0482089519500732, 1.1148688793182373, 1.2919652462005615, 1.3668110370635986, 1.5176188945770264, 0.9693732261657715, 1.1122848987579346, 1.2213177680969238, 1.3747870922088623, 1.4674220085144043, 1.3182861804962158, 1.3977017402648926]
{'args': ((8, 0, slice(0, 960, None), slice(None, None, None)),), 'dataset shape': (40, 11, 1921, 2560), 'dataset chunks': (7, 1, 385, 512), 'indexing time (s)': 9.5367431640625e-07, 'chunk number': 1650, 'reduction time (s)': 18.031960248947144, 'chunks processed': 15, 'storage read (B)': 29701892, 'selection 1 time (s)': 18.032123804092407}
Thread times [0.8189058303833008, 0.8749597072601318, 1.1057398319244385, 1.0485990047454834, 1.0961170196533203, 1.2966570854187012, 1.313399076461792, 1.4192488193511963, 1.2479970455169678, 0.9199292659759521, 1.4117398262023926, 1.3116650581359863, 1.4247641563415527, 1.3922500610351562, 1.29063081741333]
{'args': ((9, 0, slice(0, 960, None), slice(None, None, None)),), 'dataset shape': (40, 11, 1921, 2560), 'dataset chunks': (7, 1, 385, 512), 'indexing time (s)': 9.5367431640625e-07, 'chunk number': 1650, 'reduction time (s)': 17.97403120994568, 'chunks processed': 15, 'storage read (B)': 29701892, 'selection 1 time (s)': 17.974206924438477}
Thread times [0.861332893371582, 0.8154177665710449, 1.0545570850372314, 1.0062150955200195, 1.0876750946044922, 1.2683417797088623, 1.3078022003173828, 1.4220480918884277, 1.0631511211395264, 0.957599401473999, 1.2361581325531006, 1.4539289474487305, 1.476830005645752, 1.3069539070129395, 1.3452389240264893]
{'args': ((10, 0, slice(0, 960, None), slice(None, None, None)),), 'dataset shape': (40, 11, 1921, 2560), 'dataset chunks': (7, 1, 385, 512), 'indexing time (s)': 1.9073486328125e-06, 'chunk number': 1650, 'reduction time (s)': 17.664700984954834, 'chunks processed': 15, 'storage read (B)': 29701892, 'selection 1 time (s)': 17.664918899536133}
Thread times [0.816978931427002, 0.7731912136077881, 1.1011388301849365, 1.0417828559875488, 1.0745210647583008, 1.2483460903167725, 1.3093860149383545, 1.4810760021209717, 0.918205976486206, 1.005906105041504, 1.2161900997161865, 1.3680651187896729, 1.4104750156402588, 1.5001649856567383, 1.309122085571289]
{'args': ((11, 0, slice(0, 960, None), slice(None, None, None)),), 'dataset shape': (40, 11, 1921, 2560), 'dataset chunks': (7, 1, 385, 512), 'indexing time (s)': 9.5367431640625e-07, 'chunk number': 1650, 'reduction time (s)': 17.57599902153015, 'chunks processed': 15, 'storage read (B)': 29701892, 'selection 1 time (s)': 17.57620406150818}
Thread times [0.8202130794525146, 0.7706921100616455, 1.0825989246368408, 1.036952018737793, 1.1612420082092285, 1.2389230728149414, 1.392942190170288, 1.3948512077331543, 0.9299192428588867, 0.9738008975982666, 1.215888261795044, 1.3525848388671875, 1.4721128940582275, 1.3134052753448486, 1.477644681930542]
{'args': ((12, 0, slice(0, 960, None), slice(None, None, None)),), 'dataset shape': (40, 11, 1921, 2560), 'dataset chunks': (7, 1, 385, 512), 'indexing time (s)': 1.9073486328125e-06, 'chunk number': 1650, 'reduction time (s)': 17.635326147079468, 'chunks processed': 15, 'storage read (B)': 29701892, 'selection 1 time (s)': 17.635523080825806}
Thread times [0.9130358695983887, 0.762275218963623, 1.1093487739562988, 0.9836881160736084, 1.0757999420166016, 1.3175241947174072, 1.3415601253509521, 1.4162302017211914, 0.9808881282806396, 1.010171890258789, 1.2062337398529053, 1.3807621002197266, 1.3968491554260254, 1.3790481090545654, 1.379608154296875]
{'args': ((13, 0, slice(0, 960, None), slice(None, None, None)),), 'dataset shape': (40, 11, 1921, 2560), 'dataset chunks': (7, 1, 385, 512), 'indexing time (s)': 1.6689300537109375e-06, 'chunk number': 1650, 'reduction time (s)': 17.654290199279785, 'chunks processed': 15, 'storage read (B)': 29701892, 'selection 1 time (s)': 17.65448498725891}
Thread times [0.9345569610595703, 0.8945178985595703, 1.094865083694458, 1.0171329975128174, 1.092094898223877, 1.3168959617614746, 1.3147938251495361, 1.3626787662506104, 1.0893540382385254, 1.3123109340667725, 1.2694599628448486, 1.3224811553955078, 1.4651660919189453, 1.3541719913482666, 1.290112018585205]
{'args': ((14, 0, slice(0, 960, None), slice(None, None, None)),), 'dataset shape': (40, 11, 1921, 2560), 'dataset chunks': (7, 1, 385, 512), 'indexing time (s)': 2.1457672119140625e-06, 'chunk number': 1650, 'reduction time (s)': 18.131924152374268, 'chunks processed': 15, 'storage read (B)': 29733505, 'selection 1 time (s)': 18.13211488723755}
Thread times [0.8815028667449951, 0.7908458709716797, 1.3109209537506104, 1.022737741470337, 1.0664350986480713, 1.266784906387329, 1.3162519931793213, 1.3681561946868896, 1.167881965637207, 1.2911148071289062, 1.310420036315918, 1.3111340999603271, 1.376424789428711, 1.289154052734375, 1.343358039855957]
{'args': ((15, 0, slice(0, 960, None), slice(None, None, None)),), 'dataset shape': (40, 11, 1921, 2560), 'dataset chunks': (7, 1, 385, 512), 'indexing time (s)': 1.9073486328125e-06, 'chunk number': 1650, 'reduction time (s)': 18.114343881607056, 'chunks processed': 15, 'storage read (B)': 29733505, 'selection 1 time (s)': 18.11451292037964}
Thread times [0.8177099227905273, 0.7598731517791748, 1.1029548645019531, 1.2760210037231445, 1.0439081192016602, 1.3477423191070557, 1.3274939060211182, 1.3784198760986328, 1.08473801612854, 1.3735339641571045, 1.236612319946289, 1.391571044921875, 1.30995774269104, 1.402022123336792, 1.4132332801818848]
{'args': ((16, 0, slice(0, 960, None), slice(None, None, None)),), 'dataset shape': (40, 11, 1921, 2560), 'dataset chunks': (7, 1, 385, 512), 'indexing time (s)': 9.5367431640625e-07, 'chunk number': 1650, 'reduction time (s)': 18.267454147338867, 'chunks processed': 15, 'storage read (B)': 29733505, 'selection 1 time (s)': 18.26763081550598}
Thread times [0.8378660678863525, 0.8473961353302002, 1.1263148784637451, 1.0220379829406738, 1.214210033416748, 1.3129429817199707, 1.315392017364502, 1.3571150302886963, 2.188891887664795, 1.3950560092926025, 1.2193670272827148, 1.3667058944702148, 1.2614109516143799, 1.365675926208496, 1.2891252040863037]
{'args': ((17, 0, slice(0, 960, None), slice(None, None, None)),), 'dataset shape': (40, 11, 1921, 2560), 'dataset chunks': (7, 1, 385, 512), 'indexing time (s)': 1.9073486328125e-06, 'chunk number': 1650, 'reduction time (s)': 19.12087392807007, 'chunks processed': 15, 'storage read (B)': 29733505, 'selection 1 time (s)': 19.1210298538208}
Thread times [0.8782179355621338, 0.7931251525878906, 1.0740458965301514, 0.9861040115356445, 1.2635509967803955, 1.3098399639129639, 1.3931679725646973, 1.338104009628296, 1.0590851306915283, 1.2837581634521484, 1.2664480209350586, 1.373608112335205, 1.2753169536590576, 1.3139050006866455, 1.3171501159667969]
{'args': ((18, 0, slice(0, 960, None), slice(None, None, None)),), 'dataset shape': (40, 11, 1921, 2560), 'dataset chunks': (7, 1, 385, 512), 'indexing time (s)': 9.5367431640625e-07, 'chunk number': 1650, 'reduction time (s)': 17.926794052124023, 'chunks processed': 15, 'storage read (B)': 29733505, 'selection 1 time (s)': 17.92696499824524}
Thread times [0.8374390602111816, 0.7701661586761475, 1.043673038482666, 0.9698359966278076, 1.0766358375549316, 1.3489711284637451, 2.3661201000213623, 1.3442561626434326, 1.1019761562347412, 1.374027967453003, 1.2545969486236572, 1.3984122276306152, 1.3221628665924072, 1.5585029125213623, 1.4795889854431152]
{'args': ((19, 0, slice(0, 960, None), slice(None, None, None)),), 'dataset shape': (40, 11, 1921, 2560), 'dataset chunks': (7, 1, 385, 512), 'indexing time (s)': 1.1920928955078125e-06, 'chunk number': 1650, 'reduction time (s)': 19.247654914855957, 'chunks processed': 15, 'storage read (B)': 29733505, 'selection 1 time (s)': 19.24787211418152}
Thread times [0.900432825088501, 0.7966647148132324, 1.0998551845550537, 0.981867790222168, 1.0584309101104736, 1.4374840259552002, 1.3930580615997314, 1.3346590995788574, 1.0430147647857666, 1.3611950874328613, 1.2050859928131104, 1.3943140506744385, 1.33685302734375, 1.3104138374328613, 1.3055050373077393]
{'args': ((20, 0, slice(0, 960, None), slice(None, None, None)),), 'dataset shape': (40, 11, 1921, 2560), 'dataset chunks': (7, 1, 385, 512), 'indexing time (s)': 1.9073486328125e-06, 'chunk number': 1650, 'reduction time (s)': 17.96028423309326, 'chunks processed': 15, 'storage read (B)': 29733505, 'selection 1 time (s)': 17.96048879623413}
Thread times [0.8634397983551025, 0.7649908065795898, 1.1793789863586426, 0.6214339733123779, 0.6875739097595215, 1.3734729290008545, 1.2974729537963867, 1.5013940334320068, 1.3736119270324707, 1.305980920791626, 1.2853200435638428, 1.3164019584655762, 1.4122321605682373, 1.5807478427886963, 1.0073668956756592]
{'args': ((21, 0, slice(0, 960, None), slice(None, None, None)),), 'dataset shape': (40, 11, 1921, 2560), 'dataset chunks': (7, 1, 385, 512), 'indexing time (s)': 9.5367431640625e-07, 'chunk number': 1650, 'reduction time (s)': 17.572238206863403, 'chunks processed': 15, 'storage read (B)': 29686785, 'selection 1 time (s)': 17.572422981262207}
Thread times [0.8346569538116455, 0.8848860263824463, 1.0904412269592285, 0.627061128616333, 0.6954538822174072, 1.3509209156036377, 1.3313040733337402, 1.33427095413208, 1.4585809707641602, 1.3382470607757568, 1.2257096767425537, 1.3734190464019775, 1.4277961254119873, 1.394397258758545, 0.9654850959777832]
{'args': ((22, 0, slice(0, 960, None), slice(None, None, None)),), 'dataset shape': (40, 11, 1921, 2560), 'dataset chunks': (7, 1, 385, 512), 'indexing time (s)': 1.9073486328125e-06, 'chunk number': 1650, 'reduction time (s)': 17.333984851837158, 'chunks processed': 15, 'storage read (B)': 29686785, 'selection 1 time (s)': 17.334167957305908}
Thread times [0.8239250183105469, 0.8198199272155762, 1.1078400611877441, 0.6152303218841553, 0.703341007232666, 1.3631277084350586, 1.3684258460998535, 1.3159198760986328, 1.3117809295654297, 1.4974980354309082, 1.2239151000976562, 1.3649108409881592, 1.404853105545044, 1.5290522575378418, 1.5181281566619873]
{'args': ((23, 0, slice(0, 960, None), slice(None, None, None)),), 'dataset shape': (40, 11, 1921, 2560), 'dataset chunks': (7, 1, 385, 512), 'indexing time (s)': 9.5367431640625e-07, 'chunk number': 1650, 'reduction time (s)': 17.96918773651123, 'chunks processed': 15, 'storage read (B)': 29686785, 'selection 1 time (s)': 17.969369888305664}
Thread times [1.1401197910308838, 1.0356199741363525, 1.3539371490478516, 0.6014149188995361, 0.6769819259643555, 1.3657441139221191, 1.3058109283447266, 1.3730900287628174, 1.4080619812011719, 1.3095009326934814, 1.4137489795684814, 1.3223950862884521, 1.5642540454864502, 1.413618803024292, 0.980628252029419]
{'args': ((24, 0, slice(0, 960, None), slice(None, None, None)),), 'dataset shape': (40, 11, 1921, 2560), 'dataset chunks': (7, 1, 385, 512), 'indexing time (s)': 1.9073486328125e-06, 'chunk number': 1650, 'reduction time (s)': 18.26627516746521, 'chunks processed': 15, 'storage read (B)': 29686785, 'selection 1 time (s)': 18.26645302772522}
Thread times [0.9431607723236084, 0.767894983291626, 1.0790741443634033, 0.5816550254821777, 0.7619180679321289, 1.4551587104797363, 1.3630421161651611, 1.3499882221221924, 1.3013949394226074, 1.3360490798950195, 1.255608081817627, 1.534466028213501, 1.4208998680114746, 1.4520130157470703, 0.9072651863098145]
{'args': ((25, 0, slice(0, 960, None), slice(None, None, None)),), 'dataset shape': (40, 11, 1921, 2560), 'dataset chunks': (7, 1, 385, 512), 'indexing time (s)': 9.5367431640625e-07, 'chunk number': 1650, 'reduction time (s)': 17.51097297668457, 'chunks processed': 15, 'storage read (B)': 29686785, 'selection 1 time (s)': 17.511132955551147}
Thread times [0.922144889831543, 0.832294225692749, 1.1261942386627197, 0.6284501552581787, 0.7051739692687988, 1.565157175064087, 1.3613502979278564, 1.368924856185913, 1.384131908416748, 1.3712809085845947, 1.2299249172210693, 1.380091905593872, 1.5504951477050781, 1.483727216720581, 0.9064319133758545]
{'args': ((26, 0, slice(0, 960, None), slice(None, None, None)),), 'dataset shape': (40, 11, 1921, 2560), 'dataset chunks': (7, 1, 385, 512), 'indexing time (s)': 3.0994415283203125e-06, 'chunk number': 1650, 'reduction time (s)': 17.817118883132935, 'chunks processed': 15, 'storage read (B)': 29686785, 'selection 1 time (s)': 17.817309856414795}
Thread times [0.8283357620239258, 0.8821837902069092, 1.1540498733520508, 0.6147129535675049, 0.6951758861541748, 1.39072585105896, 1.3879029750823975, 1.3086318969726562, 1.3822667598724365, 1.3053309917449951, 1.2502222061157227, 1.2935669422149658, 1.4102191925048828, 1.3554840087890625, 1.1680259704589844]
{'args': ((27, 0, slice(0, 960, None), slice(None, None, None)),), 'dataset shape': (40, 11, 1921, 2560), 'dataset chunks': (7, 1, 385, 512), 'indexing time (s)': 9.5367431640625e-07, 'chunk number': 1650, 'reduction time (s)': 17.42826795578003, 'chunks processed': 15, 'storage read (B)': 29686785, 'selection 1 time (s)': 17.428422927856445}
Thread times [0.8588521480560303, 0.8490560054779053, 1.1143889427185059, 1.0014278888702393, 1.100102186203003, 1.27125883102417, 0.9916670322418213, 1.3229551315307617, 0.9954886436462402, 1.3084049224853516, 1.254486083984375, 1.7877027988433838, 1.3672308921813965, 1.2894890308380127, 1.416151762008667]
{'args': ((28, 0, slice(0, 960, None), slice(None, None, None)),), 'dataset shape': (40, 11, 1921, 2560), 'dataset chunks': (7, 1, 385, 512), 'indexing time (s)': 1.1920928955078125e-06, 'chunk number': 1650, 'reduction time (s)': 17.929983854293823, 'chunks processed': 15, 'storage read (B)': 29670387, 'selection 1 time (s)': 17.930091857910156}
Thread times [1.024075984954834, 0.7679429054260254, 1.077805995941162, 0.9998610019683838, 1.076617956161499, 1.302372694015503, 0.9997048377990723, 1.3461670875549316, 0.9871029853820801, 1.3629019260406494, 1.2415428161621094, 1.493062973022461, 1.283271312713623, 1.2963147163391113, 1.3025009632110596]
{'args': ((29, 0, slice(0, 960, None), slice(None, None, None)),), 'dataset shape': (40, 11, 1921, 2560), 'dataset chunks': (7, 1, 385, 512), 'indexing time (s)': 1.1920928955078125e-06, 'chunk number': 1650, 'reduction time (s)': 17.562582969665527, 'chunks processed': 15, 'storage read (B)': 29670387, 'selection 1 time (s)': 17.56274104118347}
Thread times [0.8444619178771973, 0.7633962631225586, 1.3111610412597656, 1.013956069946289, 1.0347280502319336, 1.2677359580993652, 0.9863100051879883, 1.3649709224700928, 1.0232419967651367, 1.2959468364715576, 1.227060317993164, 1.4698848724365234, 1.3333897590637207, 1.3138179779052734, 1.3168940544128418]
{'args': ((30, 0, slice(0, 960, None), slice(None, None, None)),), 'dataset shape': (40, 11, 1921, 2560), 'dataset chunks': (7, 1, 385, 512), 'indexing time (s)': 2.1457672119140625e-06, 'chunk number': 1650, 'reduction time (s)': 17.568392038345337, 'chunks processed': 15, 'storage read (B)': 29670387, 'selection 1 time (s)': 17.56858205795288}
Thread times [0.8270010948181152, 0.8567428588867188, 1.089193344116211, 1.070600986480713, 1.084219217300415, 2.3964128494262695, 0.996856689453125, 1.355377197265625, 0.9398701190948486, 1.4622409343719482, 1.2284650802612305, 1.4240491390228271, 1.3156309127807617, 1.3410072326660156, 1.3735759258270264]
{'args': ((31, 0, slice(0, 960, None), slice(None, None, None)),), 'dataset shape': (40, 11, 1921, 2560), 'dataset chunks': (7, 1, 385, 512), 'indexing time (s)': 1.9073486328125e-06, 'chunk number': 1650, 'reduction time (s)': 18.76273775100708, 'chunks processed': 15, 'storage read (B)': 29670387, 'selection 1 time (s)': 18.7629611492157}
Thread times [0.8341808319091797, 0.84592604637146, 1.0838279724121094, 1.003406047821045, 1.1511421203613281, 1.2829301357269287, 0.9932091236114502, 1.312028169631958, 0.971315860748291, 1.3187787532806396, 1.270448923110962, 1.4152629375457764, 1.3203368186950684, 2.5044901371002197, 1.3019521236419678]
{'args': ((32, 0, slice(0, 960, None), slice(None, None, None)),), 'dataset shape': (40, 11, 1921, 2560), 'dataset chunks': (7, 1, 385, 512), 'indexing time (s)': 2.1457672119140625e-06, 'chunk number': 1650, 'reduction time (s)': 18.610710859298706, 'chunks processed': 15, 'storage read (B)': 29670387, 'selection 1 time (s)': 18.61095380783081}
Thread times [1.6372270584106445, 0.8411459922790527, 1.0961239337921143, 1.0578689575195312, 1.1531217098236084, 1.3183071613311768, 0.9218580722808838, 1.3824350833892822, 1.9080760478973389, 1.3196227550506592, 1.2686219215393066, 1.4171841144561768, 1.301414966583252, 1.297753095626831, 1.3146800994873047]
{'args': ((33, 0, slice(0, 960, None), slice(None, None, None)),), 'dataset shape': (40, 11, 1921, 2560), 'dataset chunks': (7, 1, 385, 512), 'indexing time (s)': 2.86102294921875e-06, 'chunk number': 1650, 'reduction time (s)': 19.236804962158203, 'chunks processed': 15, 'storage read (B)': 29670387, 'selection 1 time (s)': 19.237082958221436}
Thread times [0.8353078365325928, 0.8589322566986084, 1.1017379760742188, 1.0027978420257568, 1.2261829376220703, 1.3473119735717773, 0.9702820777893066, 1.3174049854278564, 0.923529863357544, 1.4044580459594727, 1.2116410732269287, 1.4726979732513428, 1.292787790298462, 2.3961679935455322, 1.3022677898406982]
{'args': ((34, 0, slice(0, 960, None), slice(None, None, None)),), 'dataset shape': (40, 11, 1921, 2560), 'dataset chunks': (7, 1, 385, 512), 'indexing time (s)': 9.5367431640625e-07, 'chunk number': 1650, 'reduction time (s)': 18.6648850440979, 'chunks processed': 15, 'storage read (B)': 29670387, 'selection 1 time (s)': 18.665046215057373}
Thread times [0.8019328117370605, 0.681204080581665, 0.9727292060852051, 0.9148249626159668, 0.9445853233337402, 1.0858190059661865, 1.2243640422821045, 1.1339361667633057, 1.1010570526123047, 1.0453569889068604, 0.9970552921295166, 1.082953929901123, 1.05997896194458, 1.0368499755859375, 1.0623538494110107]
{'args': ((35, 0, slice(0, 960, None), slice(None, None, None)),), 'dataset shape': (40, 11, 1921, 2560), 'dataset chunks': (7, 1, 385, 512), 'indexing time (s)': 1.1920928955078125e-06, 'chunk number': 1650, 'reduction time (s)': 15.146790981292725, 'chunks processed': 15, 'storage read (B)': 21287473, 'selection 1 time (s)': 15.146940231323242}
Thread times [0.8193039894104004, 0.6932201385498047, 0.9650788307189941, 0.9504210948944092, 0.9555771350860596, 1.268787145614624, 1.1171531677246094, 1.1098151206970215, 1.0473408699035645, 1.3475251197814941, 1.0338780879974365, 1.095188856124878, 1.0893139839172363, 1.0762481689453125, 1.093855857849121]
{'args': ((36, 0, slice(0, 960, None), slice(None, None, None)),), 'dataset shape': (40, 11, 1921, 2560), 'dataset chunks': (7, 1, 385, 512), 'indexing time (s)': 2.1457672119140625e-06, 'chunk number': 1650, 'reduction time (s)': 15.664095878601074, 'chunks processed': 15, 'storage read (B)': 21287473, 'selection 1 time (s)': 15.66427493095398}
Thread times [0.8252978324890137, 0.7372560501098633, 0.9443478584289551, 0.9258177280426025, 0.8502399921417236, 1.0521979331970215, 1.0101990699768066, 1.0879850387573242, 1.0329749584197998, 1.0292038917541504, 0.9875290393829346, 1.0878422260284424, 1.0455520153045654, 1.2712929248809814, 1.114346981048584]
{'args': ((37, 0, slice(0, 960, None), slice(None, None, None)),), 'dataset shape': (40, 11, 1921, 2560), 'dataset chunks': (7, 1, 385, 512), 'indexing time (s)': 1.9073486328125e-06, 'chunk number': 1650, 'reduction time (s)': 15.003484964370728, 'chunks processed': 15, 'storage read (B)': 21287473, 'selection 1 time (s)': 15.003708124160767}
Thread times [0.7279059886932373, 0.7559187412261963, 0.8875749111175537, 0.8321902751922607, 0.9227161407470703, 1.0891399383544922, 1.1160941123962402, 1.1088879108428955, 1.076996088027954, 1.0854949951171875, 1.0489001274108887, 1.1117758750915527, 1.0576822757720947, 1.055968999862671, 1.0651488304138184]
{'args': ((38, 0, slice(0, 960, None), slice(None, None, None)),), 'dataset shape': (40, 11, 1921, 2560), 'dataset chunks': (7, 1, 385, 512), 'indexing time (s)': 7.152557373046875e-07, 'chunk number': 1650, 'reduction time (s)': 14.94397783279419, 'chunks processed': 15, 'storage read (B)': 21287473, 'selection 1 time (s)': 14.944189071655273}
Thread times [0.7759637832641602, 0.6937000751495361, 0.9476792812347412, 1.0393872261047363, 0.949235200881958, 1.090242862701416, 1.0924937725067139, 1.1138527393341064, 1.1474418640136719, 1.0654349327087402, 1.0196197032928467, 1.0974960327148438, 1.0468511581420898, 1.0467329025268555, 1.0675609111785889]
{'args': ((39, 0, slice(0, 960, None), slice(None, None, None)),), 'dataset shape': (40, 11, 1921, 2560), 'dataset chunks': (7, 1, 385, 512), 'indexing time (s)': 1.1920928955078125e-06, 'chunk number': 1650, 'reduction time (s)': 15.19519305229187, 'chunks processed': 15, 'storage read (B)': 21287473, 'selection 1 time (s)': 15.195389032363892}
[[226.07817708]
 [226.06473958]
 [225.93765625]
 [225.90807292]
 [225.91734375]
 [225.88453125]
 [225.82075521]
 [225.85440104]
 [225.98328125]
 [226.03804687]
 [226.01315104]
 [226.02330729]
 [226.03770833]
 [226.00476563]
 [225.91765625]
 [225.94036458]
 [225.98721354]
 [225.9146875 ]
 [225.81242188]
 [225.81869792]
 [225.84526042]
 [225.78497396]
 [225.63651042]
 [225.55651042]
 [225.45734375]
 [225.32369792]
 [225.16325521]
 [225.07794271]
 [225.07846354]
 [225.10664063]
 [225.17609375]
 [225.36880208]
 [225.57911458]
 [225.69080729]
 [225.72229167]
 [225.82367188]
 [225.93658854]
 [225.96765625]
 [225.91861979]
 [225.9225    ]]
Summary:  Hom24-np1:Local (T1,BS1): 3.37s,717.3s,735.7s
