Dataset loaded from S3 with s3fs and Pyfive: bnl/ch330a.pc19790301-def.nc (0.087,2.9)
Thread times [0.17686128616333008, 0.1695549488067627, 0.10465693473815918, 0.10396528244018555, 0.09955906867980957, 0.14316010475158691, 0.10986971855163574, 0.13566899299621582, 0.2770359516143799, 0.09587574005126953, 0.10381102561950684, 0.32512426376342773, 0.10507607460021973, 0.1162419319152832, 0.10698699951171875]
{'load nc time': 3.365847110748291, 'args': ((0, 0, slice(0, 960, None), slice(None, None, None)),), 'dataset shape': (40, 11, 1921, 2560), 'dataset chunks': (7, 1, 385, 512), 'indexing time (s)': 16.608892917633057, 'chunk number': 1650, 'reduction time (s)': 2.1761510372161865, 'chunks processed': 15, 'storage read (B)': 29685482, 'selection 2 time (s)': 18.789314031600952}
Thread times [0.18734383583068848, 0.06958198547363281, 0.0955648422241211, 0.0789642333984375, 0.09249997138977051, 0.18854093551635742, 0.12386584281921387, 0.10655927658081055, 0.29346680641174316, 0.10090398788452148, 0.09808897972106934, 0.32534193992614746, 0.16979312896728516, 0.10576915740966797, 0.11290383338928223]
{'args': ((1, 0, slice(0, 960, None), slice(None, None, None)),), 'dataset shape': (40, 11, 1921, 2560), 'dataset chunks': (7, 1, 385, 512), 'indexing time (s)': 5.9604644775390625e-06, 'chunk number': 1650, 'reduction time (s)': 2.1523678302764893, 'chunks processed': 15, 'storage read (B)': 29685482, 'selection 2 time (s)': 2.157435894012451}
Thread times [0.2202610969543457, 0.1123809814453125, 0.08402085304260254, 0.08363509178161621, 0.15150117874145508, 0.0955049991607666, 0.10014724731445312, 0.09681415557861328, 0.24271583557128906, 0.1186060905456543, 0.08365893363952637, 0.3117868900299072, 0.10843110084533691, 0.10811281204223633, 0.09732294082641602]
{'args': ((2, 0, slice(0, 960, None), slice(None, None, None)),), 'dataset shape': (40, 11, 1921, 2560), 'dataset chunks': (7, 1, 385, 512), 'indexing time (s)': 7.867813110351562e-06, 'chunk number': 1650, 'reduction time (s)': 2.018162965774536, 'chunks processed': 15, 'storage read (B)': 29685482, 'selection 2 time (s)': 2.0214221477508545}
Thread times [0.2022840976715088, 0.07656121253967285, 0.07813405990600586, 0.09169721603393555, 0.10082292556762695, 0.17841100692749023, 0.11133813858032227, 0.10601305961608887, 0.30661821365356445, 0.09968376159667969, 0.10257697105407715, 0.34656786918640137, 0.11923408508300781, 0.10785818099975586, 0.27103114128112793]
{'args': ((3, 0, slice(0, 960, None), slice(None, None, None)),), 'dataset shape': (40, 11, 1921, 2560), 'dataset chunks': (7, 1, 385, 512), 'indexing time (s)': 4.0531158447265625e-06, 'chunk number': 1650, 'reduction time (s)': 2.301321029663086, 'chunks processed': 15, 'storage read (B)': 29685482, 'selection 2 time (s)': 2.305736780166626}
Thread times [0.23279571533203125, 0.06232595443725586, 0.22382616996765137, 0.09191489219665527, 0.13395094871520996, 0.2985718250274658, 0.1513211727142334, 0.09948396682739258, 0.2726259231567383, 0.14882397651672363, 0.18960881233215332, 0.23287296295166016, 0.11691999435424805, 0.09136509895324707, 0.12333393096923828]
{'args': ((4, 0, slice(0, 960, None), slice(None, None, None)),), 'dataset shape': (40, 11, 1921, 2560), 'dataset chunks': (7, 1, 385, 512), 'indexing time (s)': 6.198883056640625e-06, 'chunk number': 1650, 'reduction time (s)': 2.4723739624023438, 'chunks processed': 15, 'storage read (B)': 29685482, 'selection 2 time (s)': 2.476477861404419}
Thread times [0.21501493453979492, 0.0737006664276123, 0.13198065757751465, 0.24278903007507324, 0.10398006439208984, 0.09235382080078125, 0.10127592086791992, 0.13016438484191895, 0.6386339664459229, 0.12221789360046387, 0.10124683380126953, 0.2826387882232666, 0.09834504127502441, 0.13343501091003418, 0.11518621444702148]
{'args': ((5, 0, slice(0, 960, None), slice(None, None, None)),), 'dataset shape': (40, 11, 1921, 2560), 'dataset chunks': (7, 1, 385, 512), 'indexing time (s)': 4.0531158447265625e-06, 'chunk number': 1650, 'reduction time (s)': 2.5855422019958496, 'chunks processed': 15, 'storage read (B)': 29685482, 'selection 2 time (s)': 2.589315891265869}
Thread times [0.17156410217285156, 0.06968402862548828, 0.08147621154785156, 0.08499503135681152, 0.09874296188354492, 0.18821477890014648, 0.11656379699707031, 0.18374395370483398, 0.23888397216796875, 0.0979759693145752, 0.09716200828552246, 0.3144700527191162, 0.09170126914978027, 0.09910297393798828, 0.09702706336975098]
{'args': ((6, 0, slice(0, 960, None), slice(None, None, None)),), 'dataset shape': (40, 11, 1921, 2560), 'dataset chunks': (7, 1, 385, 512), 'indexing time (s)': 1.9073486328125e-06, 'chunk number': 1650, 'reduction time (s)': 2.0336191654205322, 'chunks processed': 15, 'storage read (B)': 29685482, 'selection 2 time (s)': 2.036529064178467}
Thread times [0.32109498977661133, 0.0782928466796875, 0.11553502082824707, 0.23992681503295898, 0.08981013298034668, 0.10222101211547852, 0.22021007537841797, 0.11412596702575684, 0.3286910057067871, 0.19358110427856445, 0.10647702217102051, 0.12383294105529785, 0.09805583953857422, 0.09835195541381836, 0.10561800003051758]
{'args': ((7, 0, slice(0, 960, None), slice(None, None, None)),), 'dataset shape': (40, 11, 1921, 2560), 'dataset chunks': (7, 1, 385, 512), 'indexing time (s)': 2.6226043701171875e-06, 'chunk number': 1650, 'reduction time (s)': 2.3386070728302, 'chunks processed': 15, 'storage read (B)': 29701892, 'selection 2 time (s)': 2.3425588607788086}
Thread times [0.12729501724243164, 0.06860589981079102, 0.12127280235290527, 0.19204306602478027, 0.12991929054260254, 0.09232306480407715, 0.11419677734375, 0.09434294700622559, 0.3478560447692871, 0.10670900344848633, 0.16257405281066895, 0.10230112075805664, 0.10121321678161621, 0.10824799537658691, 0.21219301223754883]
{'args': ((8, 0, slice(0, 960, None), slice(None, None, None)),), 'dataset shape': (40, 11, 1921, 2560), 'dataset chunks': (7, 1, 385, 512), 'indexing time (s)': 5.0067901611328125e-06, 'chunk number': 1650, 'reduction time (s)': 2.083997964859009, 'chunks processed': 15, 'storage read (B)': 29701892, 'selection 2 time (s)': 2.088193893432617}
Thread times [0.16291475296020508, 0.08263182640075684, 0.10980796813964844, 0.16341209411621094, 0.0999901294708252, 0.10576486587524414, 0.13514304161071777, 0.18265295028686523, 0.22064995765686035, 0.1310901641845703, 0.17194795608520508, 0.11938095092773438, 0.0925450325012207, 0.0983281135559082, 0.0991981029510498]
{'args': ((9, 0, slice(0, 960, None), slice(None, None, None)),), 'dataset shape': (40, 11, 1921, 2560), 'dataset chunks': (7, 1, 385, 512), 'indexing time (s)': 2.86102294921875e-06, 'chunk number': 1650, 'reduction time (s)': 1.9780519008636475, 'chunks processed': 15, 'storage read (B)': 29701892, 'selection 2 time (s)': 1.9812729358673096}
Thread times [0.23605608940124512, 0.07141494750976562, 0.08889079093933105, 0.08875107765197754, 0.14812898635864258, 0.08910679817199707, 0.10640692710876465, 0.08942389488220215, 0.24147605895996094, 0.10626602172851562, 0.09509778022766113, 0.09710097312927246, 0.10290789604187012, 0.12153482437133789, 0.10701298713684082]
{'args': ((10, 0, slice(0, 960, None), slice(None, None, None)),), 'dataset shape': (40, 11, 1921, 2560), 'dataset chunks': (7, 1, 385, 512), 'indexing time (s)': 4.0531158447265625e-06, 'chunk number': 1650, 'reduction time (s)': 1.7919600009918213, 'chunks processed': 15, 'storage read (B)': 29701892, 'selection 2 time (s)': 1.7957160472869873}
Thread times [0.1298520565032959, 0.07671403884887695, 0.10238480567932129, 0.1015470027923584, 0.09378719329833984, 0.13150405883789062, 0.10417413711547852, 0.19721007347106934, 0.23501801490783691, 0.10825586318969727, 0.18355894088745117, 0.10384893417358398, 0.1073920726776123, 0.10485601425170898, 0.10212206840515137]
{'args': ((11, 0, slice(0, 960, None), slice(None, None, None)),), 'dataset shape': (40, 11, 1921, 2560), 'dataset chunks': (7, 1, 385, 512), 'indexing time (s)': 5.0067901611328125e-06, 'chunk number': 1650, 'reduction time (s)': 1.8845579624176025, 'chunks processed': 15, 'storage read (B)': 29701892, 'selection 2 time (s)': 1.8873798847198486}
Thread times [0.19963693618774414, 0.14678311347961426, 0.10228490829467773, 0.1730971336364746, 0.08912825584411621, 0.17065191268920898, 0.1324920654296875, 0.13078689575195312, 0.30179882049560547, 0.13355207443237305, 0.17802715301513672, 0.10325908660888672, 0.09945321083068848, 0.09479808807373047, 0.13651609420776367]
{'args': ((12, 0, slice(0, 960, None), slice(None, None, None)),), 'dataset shape': (40, 11, 1921, 2560), 'dataset chunks': (7, 1, 385, 512), 'indexing time (s)': 3.0994415283203125e-06, 'chunk number': 1650, 'reduction time (s)': 2.1949892044067383, 'chunks processed': 15, 'storage read (B)': 29701892, 'selection 2 time (s)': 2.197722911834717}
Thread times [0.11942100524902344, 0.06641101837158203, 0.09463715553283691, 0.09267520904541016, 0.14934086799621582, 0.11209487915039062, 0.1075289249420166, 0.11552000045776367, 0.2623417377471924, 0.10449790954589844, 0.21286702156066895, 0.13065481185913086, 0.15676593780517578, 0.15642809867858887, 0.10748887062072754]
{'args': ((13, 0, slice(0, 960, None), slice(None, None, None)),), 'dataset shape': (40, 11, 1921, 2560), 'dataset chunks': (7, 1, 385, 512), 'indexing time (s)': 3.0994415283203125e-06, 'chunk number': 1650, 'reduction time (s)': 1.99129319190979, 'chunks processed': 15, 'storage read (B)': 29701892, 'selection 2 time (s)': 1.9942541122436523}
Thread times [0.24559783935546875, 0.10703420639038086, 0.0808570384979248, 0.18932628631591797, 0.12052512168884277, 0.10762286186218262, 0.10503411293029785, 0.19047331809997559, 0.30869102478027344, 0.21547222137451172, 0.10636496543884277, 0.11023092269897461, 0.10014605522155762, 0.20835304260253906, 0.0994870662689209]
{'args': ((14, 0, slice(0, 960, None), slice(None, None, None)),), 'dataset shape': (40, 11, 1921, 2560), 'dataset chunks': (7, 1, 385, 512), 'indexing time (s)': 4.0531158447265625e-06, 'chunk number': 1650, 'reduction time (s)': 2.2984108924865723, 'chunks processed': 15, 'storage read (B)': 29733505, 'selection 2 time (s)': 2.3012337684631348}
Thread times [0.1328868865966797, 0.11009597778320312, 0.1746518611907959, 0.1533808708190918, 0.09151220321655273, 0.10952305793762207, 0.3018009662628174, 0.1384570598602295, 0.2545318603515625, 0.11272192001342773, 0.09581899642944336, 0.10068511962890625, 0.2150869369506836, 0.1093759536743164, 0.11359691619873047]
{'args': ((15, 0, slice(0, 960, None), slice(None, None, None)),), 'dataset shape': (40, 11, 1921, 2560), 'dataset chunks': (7, 1, 385, 512), 'indexing time (s)': 2.86102294921875e-06, 'chunk number': 1650, 'reduction time (s)': 2.2168571949005127, 'chunks processed': 15, 'storage read (B)': 29733505, 'selection 2 time (s)': 2.2209012508392334}
Thread times [0.1410360336303711, 0.15428829193115234, 0.08818888664245605, 0.09407997131347656, 0.13147687911987305, 0.10460782051086426, 0.1095881462097168, 0.11899280548095703, 0.3985471725463867, 0.11248326301574707, 0.10774874687194824, 0.10751509666442871, 0.19649291038513184, 0.11808109283447266, 0.10357213020324707]
{'args': ((16, 0, slice(0, 960, None), slice(None, None, None)),), 'dataset shape': (40, 11, 1921, 2560), 'dataset chunks': (7, 1, 385, 512), 'indexing time (s)': 5.245208740234375e-06, 'chunk number': 1650, 'reduction time (s)': 2.089431047439575, 'chunks processed': 15, 'storage read (B)': 29733505, 'selection 2 time (s)': 2.0929951667785645}
Thread times [0.1255640983581543, 0.1712050437927246, 0.10016465187072754, 0.09987807273864746, 0.08777809143066406, 0.10880589485168457, 0.1284639835357666, 0.08515715599060059, 0.22150111198425293, 0.08910894393920898, 0.15753388404846191, 0.1318521499633789, 0.10632085800170898, 0.11822104454040527, 0.1391139030456543]
{'args': ((17, 0, slice(0, 960, None), slice(None, None, None)),), 'dataset shape': (40, 11, 1921, 2560), 'dataset chunks': (7, 1, 385, 512), 'indexing time (s)': 4.76837158203125e-06, 'chunk number': 1650, 'reduction time (s)': 1.8731000423431396, 'chunks processed': 15, 'storage read (B)': 29733505, 'selection 2 time (s)': 1.8766441345214844}
Thread times [0.12068414688110352, 0.08377504348754883, 0.08417105674743652, 0.10805702209472656, 0.12249422073364258, 0.09824800491333008, 0.10472393035888672, 0.11119508743286133, 0.2335219383239746, 0.08428001403808594, 0.09276103973388672, 0.09897708892822266, 0.09829401969909668, 0.12404084205627441, 0.09948921203613281]
{'args': ((18, 0, slice(0, 960, None), slice(None, None, None)),), 'dataset shape': (40, 11, 1921, 2560), 'dataset chunks': (7, 1, 385, 512), 'indexing time (s)': 5.0067901611328125e-06, 'chunk number': 1650, 'reduction time (s)': 1.6666622161865234, 'chunks processed': 15, 'storage read (B)': 29733505, 'selection 2 time (s)': 1.6695611476898193}
Thread times [0.14154505729675293, 0.08421707153320312, 0.08269190788269043, 0.11252975463867188, 0.10340118408203125, 0.14139699935913086, 0.12005925178527832, 0.16087603569030762, 0.23316717147827148, 0.12379860877990723, 0.16636395454406738, 0.10161089897155762, 0.1023249626159668, 0.09958624839782715, 0.08621907234191895]
{'args': ((19, 0, slice(0, 960, None), slice(None, None, None)),), 'dataset shape': (40, 11, 1921, 2560), 'dataset chunks': (7, 1, 385, 512), 'indexing time (s)': 2.86102294921875e-06, 'chunk number': 1650, 'reduction time (s)': 1.8634400367736816, 'chunks processed': 15, 'storage read (B)': 29733505, 'selection 2 time (s)': 1.8671438694000244}
Thread times [0.23339009284973145, 0.08916831016540527, 0.08133387565612793, 0.10806465148925781, 0.14205598831176758, 0.09915781021118164, 0.11243510246276855, 0.10994505882263184, 0.24386215209960938, 0.08829498291015625, 0.09029293060302734, 0.09627008438110352, 0.10862302780151367, 0.1856677532196045, 0.13902902603149414]
{'args': ((20, 0, slice(0, 960, None), slice(None, None, None)),), 'dataset shape': (40, 11, 1921, 2560), 'dataset chunks': (7, 1, 385, 512), 'indexing time (s)': 5.9604644775390625e-06, 'chunk number': 1650, 'reduction time (s)': 1.929961919784546, 'chunks processed': 15, 'storage read (B)': 29733505, 'selection 2 time (s)': 1.9347922801971436}
Thread times [0.1577920913696289, 0.13088107109069824, 0.09188199043273926, 0.09291887283325195, 0.06922006607055664, 0.09249305725097656, 0.1781158447265625, 0.1011970043182373, 0.11445307731628418, 0.1230010986328125, 0.09462976455688477, 0.2089698314666748, 0.2592647075653076, 0.2401721477508545, 0.09377717971801758]
{'args': ((21, 0, slice(0, 960, None), slice(None, None, None)),), 'dataset shape': (40, 11, 1921, 2560), 'dataset chunks': (7, 1, 385, 512), 'indexing time (s)': 5.0067901611328125e-06, 'chunk number': 1650, 'reduction time (s)': 2.051645040512085, 'chunks processed': 15, 'storage read (B)': 29686785, 'selection 2 time (s)': 2.0562682151794434}
Thread times [0.1571061611175537, 0.07089495658874512, 0.10252118110656738, 0.09437799453735352, 0.08162713050842285, 0.10131216049194336, 0.10883784294128418, 0.13587617874145508, 0.1285860538482666, 0.10053706169128418, 0.10172176361083984, 0.10420989990234375, 0.3798670768737793, 0.24451994895935059, 0.08351612091064453]
{'args': ((22, 0, slice(0, 960, None), slice(None, None, None)),), 'dataset shape': (40, 11, 1921, 2560), 'dataset chunks': (7, 1, 385, 512), 'indexing time (s)': 7.152557373046875e-06, 'chunk number': 1650, 'reduction time (s)': 1.9985809326171875, 'chunks processed': 15, 'storage read (B)': 29686785, 'selection 2 time (s)': 2.0033018589019775}
Thread times [0.12952899932861328, 0.0710599422454834, 0.10342812538146973, 0.11912393569946289, 0.0722191333770752, 0.09670591354370117, 0.10225272178649902, 0.10097408294677734, 0.15011262893676758, 0.1042032241821289, 0.2315828800201416, 0.18905067443847656, 0.28702592849731445, 0.29027414321899414, 0.16255903244018555]
{'args': ((23, 0, slice(0, 960, None), slice(None, None, None)),), 'dataset shape': (40, 11, 1921, 2560), 'dataset chunks': (7, 1, 385, 512), 'indexing time (s)': 6.9141387939453125e-06, 'chunk number': 1650, 'reduction time (s)': 2.2127139568328857, 'chunks processed': 15, 'storage read (B)': 29686785, 'selection 2 time (s)': 2.217247247695923}
Thread times [0.3026151657104492, 0.0927269458770752, 0.12054109573364258, 0.09736299514770508, 0.21244382858276367, 0.1162559986114502, 0.15248417854309082, 0.28348684310913086, 0.12635493278503418, 0.10299324989318848, 0.1035921573638916, 0.1644299030303955, 0.28383898735046387, 0.23922395706176758, 0.11500883102416992]
{'args': ((24, 0, slice(0, 960, None), slice(None, None, None)),), 'dataset shape': (40, 11, 1921, 2560), 'dataset chunks': (7, 1, 385, 512), 'indexing time (s)': 5.245208740234375e-06, 'chunk number': 1650, 'reduction time (s)': 2.517632007598877, 'chunks processed': 15, 'storage read (B)': 29686785, 'selection 2 time (s)': 2.521544933319092}
Thread times [0.13580918312072754, 0.08265495300292969, 0.09085321426391602, 0.21265101432800293, 0.12034797668457031, 0.09499502182006836, 0.18855500221252441, 0.14666008949279785, 0.0927879810333252, 0.09311890602111816, 0.09336495399475098, 0.09894585609436035, 0.2595481872558594, 0.2642350196838379, 0.0944821834564209]
{'args': ((25, 0, slice(0, 960, None), slice(None, None, None)),), 'dataset shape': (40, 11, 1921, 2560), 'dataset chunks': (7, 1, 385, 512), 'indexing time (s)': 2.6226043701171875e-06, 'chunk number': 1650, 'reduction time (s)': 2.070822238922119, 'chunks processed': 15, 'storage read (B)': 29686785, 'selection 2 time (s)': 2.074402093887329}
Thread times [0.155015230178833, 0.06822490692138672, 0.09407401084899902, 0.10742592811584473, 0.11811494827270508, 0.10947394371032715, 0.10529494285583496, 0.19065189361572266, 0.17357921600341797, 0.12490200996398926, 0.10116291046142578, 0.1256110668182373, 0.23168587684631348, 0.2916748523712158, 0.09920501708984375]
{'args': ((26, 0, slice(0, 960, None), slice(None, None, None)),), 'dataset shape': (40, 11, 1921, 2560), 'dataset chunks': (7, 1, 385, 512), 'indexing time (s)': 6.9141387939453125e-06, 'chunk number': 1650, 'reduction time (s)': 2.0991311073303223, 'chunks processed': 15, 'storage read (B)': 29686785, 'selection 2 time (s)': 2.1034491062164307}
Thread times [0.12665081024169922, 0.07353615760803223, 0.11122298240661621, 0.10764384269714355, 0.07768893241882324, 0.10535597801208496, 0.12835311889648438, 0.12015390396118164, 0.19107508659362793, 0.09584403038024902, 0.12473392486572266, 0.1051781177520752, 0.27913808822631836, 0.3436157703399658, 0.10966992378234863]
{'args': ((27, 0, slice(0, 960, None), slice(None, None, None)),), 'dataset shape': (40, 11, 1921, 2560), 'dataset chunks': (7, 1, 385, 512), 'indexing time (s)': 3.814697265625e-06, 'chunk number': 1650, 'reduction time (s)': 2.1026358604431152, 'chunks processed': 15, 'storage read (B)': 29686785, 'selection 2 time (s)': 2.1071338653564453}
Thread times [0.14377617835998535, 0.0927729606628418, 0.17166686058044434, 0.13224411010742188, 0.09639477729797363, 0.10951590538024902, 0.18538498878479004, 0.10291004180908203, 0.10104084014892578, 0.10329008102416992, 0.11189126968383789, 0.33838629722595215, 0.14295601844787598, 0.14632105827331543, 0.09845399856567383]
{'args': ((28, 0, slice(0, 960, None), slice(None, None, None)),), 'dataset shape': (40, 11, 1921, 2560), 'dataset chunks': (7, 1, 385, 512), 'indexing time (s)': 5.9604644775390625e-06, 'chunk number': 1650, 'reduction time (s)': 2.079922914505005, 'chunks processed': 15, 'storage read (B)': 29670387, 'selection 2 time (s)': 2.083745002746582}
Thread times [0.14107871055603027, 0.0812387466430664, 0.2003159523010254, 0.10251331329345703, 0.1768178939819336, 0.09956622123718262, 0.14261484146118164, 0.11157608032226562, 0.09820699691772461, 0.09912395477294922, 0.08635973930358887, 0.2509500980377197, 0.09336185455322266, 0.10196089744567871, 0.2093489170074463]
{'args': ((29, 0, slice(0, 960, None), slice(None, None, None)),), 'dataset shape': (40, 11, 1921, 2560), 'dataset chunks': (7, 1, 385, 512), 'indexing time (s)': 4.291534423828125e-06, 'chunk number': 1650, 'reduction time (s)': 1.9975268840789795, 'chunks processed': 15, 'storage read (B)': 29670387, 'selection 2 time (s)': 2.0003368854522705}
Thread times [0.14327192306518555, 0.11210989952087402, 0.26339101791381836, 0.09306597709655762, 0.13543915748596191, 0.1106729507446289, 0.1947021484375, 0.1607201099395752, 0.09647226333618164, 0.257335901260376, 0.10425496101379395, 0.42015504837036133, 0.10093808174133301, 0.08755898475646973, 0.09781503677368164]
{'args': ((30, 0, slice(0, 960, None), slice(None, None, None)),), 'dataset shape': (40, 11, 1921, 2560), 'dataset chunks': (7, 1, 385, 512), 'indexing time (s)': 3.0994415283203125e-06, 'chunk number': 1650, 'reduction time (s)': 2.380098819732666, 'chunks processed': 15, 'storage read (B)': 29670387, 'selection 2 time (s)': 2.383111000061035}
Thread times [0.13104772567749023, 0.10220503807067871, 0.09746718406677246, 0.09842896461486816, 0.11063122749328613, 0.10875415802001953, 0.106842041015625, 0.13864612579345703, 0.09956598281860352, 0.14805316925048828, 0.13904118537902832, 0.27364015579223633, 0.10464787483215332, 0.1458120346069336, 0.12099099159240723]
{'args': ((31, 0, slice(0, 960, None), slice(None, None, None)),), 'dataset shape': (40, 11, 1921, 2560), 'dataset chunks': (7, 1, 385, 512), 'indexing time (s)': 2.86102294921875e-06, 'chunk number': 1650, 'reduction time (s)': 1.9279117584228516, 'chunks processed': 15, 'storage read (B)': 29670387, 'selection 2 time (s)': 1.930859088897705}
Thread times [0.1447739601135254, 0.08417892456054688, 0.1691901683807373, 0.08997917175292969, 0.08816981315612793, 0.1414508819580078, 0.2047276496887207, 0.11488199234008789, 0.11567807197570801, 0.10675382614135742, 0.185654878616333, 0.23571205139160156, 0.09452295303344727, 0.2873528003692627, 0.09937596321105957]
{'args': ((32, 0, slice(0, 960, None), slice(None, None, None)),), 'dataset shape': (40, 11, 1921, 2560), 'dataset chunks': (7, 1, 385, 512), 'indexing time (s)': 4.0531158447265625e-06, 'chunk number': 1650, 'reduction time (s)': 2.1648058891296387, 'chunks processed': 15, 'storage read (B)': 29670387, 'selection 2 time (s)': 2.168545961380005}
Thread times [0.15417075157165527, 0.1718590259552002, 0.08653497695922852, 0.11208987236022949, 0.09312772750854492, 0.24066400527954102, 0.10145401954650879, 0.11760091781616211, 0.09778094291687012, 0.3037090301513672, 0.10652518272399902, 0.31305480003356934, 0.14301586151123047, 0.09770989418029785, 0.1155250072479248]
{'args': ((33, 0, slice(0, 960, None), slice(None, None, None)),), 'dataset shape': (40, 11, 1921, 2560), 'dataset chunks': (7, 1, 385, 512), 'indexing time (s)': 3.814697265625e-06, 'chunk number': 1650, 'reduction time (s)': 2.2569310665130615, 'chunks processed': 15, 'storage read (B)': 29670387, 'selection 2 time (s)': 2.2601029872894287}
Thread times [0.1636638641357422, 0.07197308540344238, 0.10088324546813965, 0.09955811500549316, 0.11758804321289062, 0.13356280326843262, 0.11264610290527344, 0.09932899475097656, 0.09882211685180664, 0.10095715522766113, 0.11573410034179688, 0.2519500255584717, 0.09632611274719238, 0.1719198226928711, 0.0990610122680664]
{'args': ((34, 0, slice(0, 960, None), slice(None, None, None)),), 'dataset shape': (40, 11, 1921, 2560), 'dataset chunks': (7, 1, 385, 512), 'indexing time (s)': 2.86102294921875e-06, 'chunk number': 1650, 'reduction time (s)': 1.8367891311645508, 'chunks processed': 15, 'storage read (B)': 29670387, 'selection 2 time (s)': 1.844602108001709}
Thread times [0.1609330177307129, 0.06934213638305664, 0.08864688873291016, 0.0946500301361084, 0.07964587211608887, 0.10470795631408691, 0.10727620124816895, 0.08384180068969727, 0.15336966514587402, 0.11035799980163574, 0.08847475051879883, 0.10579609870910645, 0.09046387672424316, 0.12465620040893555, 0.09458518028259277]
{'args': ((35, 0, slice(0, 960, None), slice(None, None, None)),), 'dataset shape': (40, 11, 1921, 2560), 'dataset chunks': (7, 1, 385, 512), 'indexing time (s)': 4.0531158447265625e-06, 'chunk number': 1650, 'reduction time (s)': 1.558945894241333, 'chunks processed': 15, 'storage read (B)': 21287473, 'selection 2 time (s)': 1.561985969543457}
Thread times [0.12380003929138184, 0.06616902351379395, 0.07389092445373535, 0.16213297843933105, 0.07500386238098145, 0.10024189949035645, 0.12162375450134277, 0.11196517944335938, 0.11351895332336426, 0.09471607208251953, 0.12271785736083984, 0.09410500526428223, 0.09647822380065918, 0.1155710220336914, 0.09295487403869629]
{'args': ((36, 0, slice(0, 960, None), slice(None, None, None)),), 'dataset shape': (40, 11, 1921, 2560), 'dataset chunks': (7, 1, 385, 512), 'indexing time (s)': 2.86102294921875e-06, 'chunk number': 1650, 'reduction time (s)': 1.5679218769073486, 'chunks processed': 15, 'storage read (B)': 21287473, 'selection 2 time (s)': 1.5724620819091797}
Thread times [0.13972711563110352, 0.0695638656616211, 0.10177111625671387, 0.11409473419189453, 0.09595584869384766, 0.09836912155151367, 0.09733223915100098, 0.0898139476776123, 0.14438891410827637, 0.09035801887512207, 0.08856010437011719, 0.0863790512084961, 0.09973812103271484, 0.15572714805603027, 0.13627028465270996]
{'args': ((37, 0, slice(0, 960, None), slice(None, None, None)),), 'dataset shape': (40, 11, 1921, 2560), 'dataset chunks': (7, 1, 385, 512), 'indexing time (s)': 5.9604644775390625e-06, 'chunk number': 1650, 'reduction time (s)': 1.6105320453643799, 'chunks processed': 15, 'storage read (B)': 21287473, 'selection 2 time (s)': 1.6140170097351074}
Thread times [0.16173791885375977, 0.06671571731567383, 0.15528106689453125, 0.1620469093322754, 0.07458806037902832, 0.08453798294067383, 0.0918431282043457, 0.11181497573852539, 0.13226079940795898, 0.09120678901672363, 0.08863210678100586, 0.1010899543762207, 0.11072921752929688, 0.12826228141784668, 0.09055304527282715]
{'args': ((38, 0, slice(0, 960, None), slice(None, None, None)),), 'dataset shape': (40, 11, 1921, 2560), 'dataset chunks': (7, 1, 385, 512), 'indexing time (s)': 4.0531158447265625e-06, 'chunk number': 1650, 'reduction time (s)': 1.6535968780517578, 'chunks processed': 15, 'storage read (B)': 21287473, 'selection 2 time (s)': 1.657740831375122}
Thread times [0.16428518295288086, 0.13491296768188477, 0.07351493835449219, 0.09082293510437012, 0.08472299575805664, 0.1153709888458252, 0.15974807739257812, 0.07926297187805176, 0.10405611991882324, 0.09977912902832031, 0.10114693641662598, 0.13955998420715332, 0.09536194801330566, 0.13976716995239258, 0.1155080795288086]
{'args': ((39, 0, slice(0, 960, None), slice(None, None, None)),), 'dataset shape': (40, 11, 1921, 2560), 'dataset chunks': (7, 1, 385, 512), 'indexing time (s)': 5.9604644775390625e-06, 'chunk number': 1650, 'reduction time (s)': 1.700528860092163, 'chunks processed': 15, 'storage read (B)': 21287473, 'selection 2 time (s)': 1.7057349681854248}
[[226.07820312]
 [226.0646875 ]
 [225.93776042]
 [225.90820312]
 [225.91739583]
 [225.88460937]
 [225.82080729]
 [225.85434896]
 [225.9834375 ]
 [226.03822917]
 [226.01317708]
 [226.02333333]
 [226.03765625]
 [226.00486979]
 [225.91778646]
 [225.9403125 ]
 [225.98729167]
 [225.91450521]
 [225.81239583]
 [225.81890625]
 [225.8453125 ]
 [225.785     ]
 [225.63648438]
 [225.5565625 ]
 [225.45744792]
 [225.32382813]
 [225.16335937]
 [225.07786458]
 [225.07846354]
 [225.10669271]
 [225.17606771]
 [225.36867187]
 [225.57927083]
 [225.69083333]
 [225.7221875 ]
 [225.82367188]
 [225.93640625]
 [225.96760417]
 [225.91875   ]
 [225.92236979]]
Summary:  Hom24-np1:Active (T1,BS1): 3.37s,81.73s,101.9s
