Dataset loaded from S3 with s3fs and Pyfive: bnl/ch330a.pc19790301-def.nc (0.039,2.9)
Thread times [0.8183832168579102, 0.8319199085235596, 1.1180269718170166, 1.0162990093231201, 1.0772690773010254, 1.4532008171081543, 1.9072020053863525, 1.4757239818572998, 1.6799468994140625, 1.4759013652801514, 1.233670949935913, 1.53041410446167, 1.296881914138794, 1.2585339546203613, 1.3526301383972168]
{'load nc time': 3.401818037033081, 'args': ((0, 0, slice(0, 960, None), slice(None, None, None)),), 'dataset shape': (40, 11, 1921, 2560), 'dataset chunks': (7, 1, 385, 512), 'indexing time (s)': 15.606210708618164, 'chunk number': 1650, 'reduction time (s)': 19.5274441242218, 'chunks processed': 15, 'storage read (B)': 29685482, 'selection 1 time (s)': 35.13401794433594}
Thread times [0.8074910640716553, 0.7478151321411133, 1.1114909648895264, 1.0030746459960938, 1.0987167358398438, 1.4306581020355225, 1.2885069847106934, 1.3567180633544922, 1.3743762969970703, 1.300257921218872, 1.2196331024169922, 1.482468843460083, 1.3074071407318115, 1.3386621475219727, 1.2972440719604492]
{'args': ((1, 0, slice(0, 960, None), slice(None, None, None)),), 'dataset shape': (40, 11, 1921, 2560), 'dataset chunks': (7, 1, 385, 512), 'indexing time (s)': 1.9073486328125e-06, 'chunk number': 1650, 'reduction time (s)': 18.16584014892578, 'chunks processed': 15, 'storage read (B)': 29685482, 'selection 1 time (s)': 18.166017055511475}
Thread times [0.8582170009613037, 0.8353099822998047, 1.0945308208465576, 1.0764198303222656, 1.087998867034912, 1.462249994277954, 1.32961106300354, 1.3585867881774902, 1.476823091506958, 1.2805917263031006, 1.2158348560333252, 1.578941822052002, 1.3939440250396729, 1.3414311408996582, 1.3078620433807373]
{'args': ((2, 0, slice(0, 960, None), slice(None, None, None)),), 'dataset shape': (40, 11, 1921, 2560), 'dataset chunks': (7, 1, 385, 512), 'indexing time (s)': 1.9073486328125e-06, 'chunk number': 1650, 'reduction time (s)': 18.69976806640625, 'chunks processed': 15, 'storage read (B)': 29685482, 'selection 1 time (s)': 18.699966192245483}
Thread times [0.8787181377410889, 0.7683179378509521, 1.1226778030395508, 1.0367419719696045, 2.2305080890655518, 1.386721134185791, 1.4009711742401123, 1.3861048221588135, 1.405203104019165, 1.3118770122528076, 1.2475521564483643, 1.479400873184204, 1.3864657878875732, 1.3147168159484863, 1.3517320156097412]
{'args': ((3, 0, slice(0, 960, None), slice(None, None, None)),), 'dataset shape': (40, 11, 1921, 2560), 'dataset chunks': (7, 1, 385, 512), 'indexing time (s)': 1.9073486328125e-06, 'chunk number': 1650, 'reduction time (s)': 19.709091901779175, 'chunks processed': 15, 'storage read (B)': 29685482, 'selection 1 time (s)': 19.70930790901184}
Thread times [0.8078570365905762, 0.8124101161956787, 1.1086959838867188, 1.0076677799224854, 1.0725722312927246, 1.4315099716186523, 1.3156788349151611, 1.4079680442810059, 1.5287611484527588, 1.2877070903778076, 1.2763152122497559, 1.4682862758636475, 1.3791418075561523, 1.3523969650268555, 1.3025550842285156]
{'args': ((4, 0, slice(0, 960, None), slice(None, None, None)),), 'dataset shape': (40, 11, 1921, 2560), 'dataset chunks': (7, 1, 385, 512), 'indexing time (s)': 1.6689300537109375e-06, 'chunk number': 1650, 'reduction time (s)': 18.560951232910156, 'chunks processed': 15, 'storage read (B)': 29685482, 'selection 1 time (s)': 18.561156749725342}
Thread times [0.8674798011779785, 0.7833678722381592, 1.0723719596862793, 0.9586930274963379, 1.0849640369415283, 1.337233066558838, 1.295915126800537, 1.3736400604248047, 1.4977259635925293, 1.327200174331665, 1.2618622779846191, 1.5594170093536377, 2.619919776916504, 1.3297028541564941, 1.348633050918579]
{'args': ((5, 0, slice(0, 960, None), slice(None, None, None)),), 'dataset shape': (40, 11, 1921, 2560), 'dataset chunks': (7, 1, 385, 512), 'indexing time (s)': 2.1457672119140625e-06, 'chunk number': 1650, 'reduction time (s)': 19.719591856002808, 'chunks processed': 15, 'storage read (B)': 29685482, 'selection 1 time (s)': 19.719799995422363}
Thread times [0.813770055770874, 0.8268861770629883, 1.1129627227783203, 1.0218207836151123, 1.066425085067749, 1.4460959434509277, 1.3324768543243408, 1.3680298328399658, 1.4574520587921143, 1.293226957321167, 1.3047940731048584, 1.4463989734649658, 1.370053768157959, 1.2800102233886719, 1.3369250297546387]
{'args': ((6, 0, slice(0, 960, None), slice(None, None, None)),), 'dataset shape': (40, 11, 1921, 2560), 'dataset chunks': (7, 1, 385, 512), 'indexing time (s)': 1.9073486328125e-06, 'chunk number': 1650, 'reduction time (s)': 18.47868323326111, 'chunks processed': 15, 'storage read (B)': 29685482, 'selection 1 time (s)': 18.47889995574951}
Thread times [0.8618259429931641, 0.7902729511260986, 1.1364610195159912, 0.9832899570465088, 1.0849900245666504, 1.3048560619354248, 1.3150007724761963, 1.4179332256317139, 1.0030720233917236, 0.9597208499908447, 1.252108097076416, 1.3906049728393555, 1.398832082748413, 1.335085153579712, 1.3139078617095947]
{'args': ((7, 0, slice(0, 960, None), slice(None, None, None)),), 'dataset shape': (40, 11, 1921, 2560), 'dataset chunks': (7, 1, 385, 512), 'indexing time (s)': 9.5367431640625e-07, 'chunk number': 1650, 'reduction time (s)': 17.549313068389893, 'chunks processed': 15, 'storage read (B)': 29701892, 'selection 1 time (s)': 17.549497842788696}
Thread times [0.9537191390991211, 0.8065099716186523, 1.097095012664795, 1.0625019073486328, 1.0962181091308594, 1.3619952201843262, 1.4181840419769287, 1.4116640090942383, 0.9866430759429932, 0.9553790092468262, 2.281094789505005, 1.373481035232544, 1.3904807567596436, 1.3273041248321533, 1.2983570098876953]
{'args': ((8, 0, slice(0, 960, None), slice(None, None, None)),), 'dataset shape': (40, 11, 1921, 2560), 'dataset chunks': (7, 1, 385, 512), 'indexing time (s)': 2.1457672119140625e-06, 'chunk number': 1650, 'reduction time (s)': 18.821985006332397, 'chunks processed': 15, 'storage read (B)': 29701892, 'selection 1 time (s)': 18.822186946868896}
Thread times [0.8947110176086426, 0.8250620365142822, 1.108396053314209, 1.0488238334655762, 1.0679872035980225, 1.2635209560394287, 1.3888139724731445, 1.49564790725708, 0.9072110652923584, 0.9646568298339844, 1.2341060638427734, 1.3276629447937012, 1.4280529022216797, 1.2864229679107666, 1.321310043334961]
{'args': ((9, 0, slice(0, 960, None), slice(None, None, None)),), 'dataset shape': (40, 11, 1921, 2560), 'dataset chunks': (7, 1, 385, 512), 'indexing time (s)': 3.0994415283203125e-06, 'chunk number': 1650, 'reduction time (s)': 17.563700914382935, 'chunks processed': 15, 'storage read (B)': 29701892, 'selection 1 time (s)': 17.563883066177368}
Thread times [0.9156959056854248, 0.7708737850189209, 1.1304717063903809, 1.0204951763153076, 1.0989859104156494, 1.2717721462249756, 1.3074092864990234, 1.61859130859375, 0.9418380260467529, 0.9321510791778564, 1.1959869861602783, 1.3858001232147217, 1.6148717403411865, 1.448368787765503, 1.3434529304504395]
{'args': ((10, 0, slice(0, 960, None), slice(None, None, None)),), 'dataset shape': (40, 11, 1921, 2560), 'dataset chunks': (7, 1, 385, 512), 'indexing time (s)': 9.5367431640625e-07, 'chunk number': 1650, 'reduction time (s)': 17.99811816215515, 'chunks processed': 15, 'storage read (B)': 29701892, 'selection 1 time (s)': 17.998286962509155}
Thread times [0.9007339477539062, 0.7791190147399902, 1.1648190021514893, 1.048980951309204, 1.1034581661224365, 1.2521169185638428, 1.4023468494415283, 1.39457106590271, 1.0354597568511963, 0.9782030582427979, 1.2784497737884521, 1.333711862564087, 1.4092202186584473, 1.2719712257385254, 1.4471120834350586]
{'args': ((11, 0, slice(0, 960, None), slice(None, None, None)),), 'dataset shape': (40, 11, 1921, 2560), 'dataset chunks': (7, 1, 385, 512), 'indexing time (s)': 2.1457672119140625e-06, 'chunk number': 1650, 'reduction time (s)': 17.801626205444336, 'chunks processed': 15, 'storage read (B)': 29701892, 'selection 1 time (s)': 17.801823139190674}
Thread times [0.8906810283660889, 0.771000862121582, 1.044006109237671, 0.9967200756072998, 1.0816140174865723, 1.271409034729004, 1.3121819496154785, 1.5165879726409912, 1.4524290561676025, 1.197524070739746, 1.3962371349334717, 1.3078110218048096, 1.4125440120697021, 1.3755011558532715, 1.3540050983428955]
{'args': ((12, 0, slice(0, 960, None), slice(None, None, None)),), 'dataset shape': (40, 11, 1921, 2560), 'dataset chunks': (7, 1, 385, 512), 'indexing time (s)': 1.9073486328125e-06, 'chunk number': 1650, 'reduction time (s)': 18.38170289993286, 'chunks processed': 15, 'storage read (B)': 29701892, 'selection 1 time (s)': 18.38189697265625}
Thread times [0.8665239810943604, 0.7885229587554932, 1.1785969734191895, 1.0503029823303223, 1.115973949432373, 1.256037950515747, 2.255610942840576, 1.4620490074157715, 0.9642620086669922, 0.9600329399108887, 1.292121171951294, 1.404933214187622, 1.4417181015014648, 1.2827680110931396, 1.344123125076294]
{'args': ((13, 0, slice(0, 960, None), slice(None, None, None)),), 'dataset shape': (40, 11, 1921, 2560), 'dataset chunks': (7, 1, 385, 512), 'indexing time (s)': 1.1920928955078125e-06, 'chunk number': 1650, 'reduction time (s)': 18.664830923080444, 'chunks processed': 15, 'storage read (B)': 29701892, 'selection 1 time (s)': 18.665010929107666}
Thread times [0.8080079555511475, 0.847743034362793, 1.1035070419311523, 1.0443918704986572, 1.0645561218261719, 1.3391780853271484, 1.3267848491668701, 1.3746740818023682, 1.140815019607544, 1.4010999202728271, 2.3766918182373047, 1.3941209316253662, 1.306732177734375, 1.295163869857788, 1.290524959564209]
{'args': ((14, 0, slice(0, 960, None), slice(None, None, None)),), 'dataset shape': (40, 11, 1921, 2560), 'dataset chunks': (7, 1, 385, 512), 'indexing time (s)': 2.1457672119140625e-06, 'chunk number': 1650, 'reduction time (s)': 19.115357875823975, 'chunks processed': 15, 'storage read (B)': 29733505, 'selection 1 time (s)': 19.115530967712402}
Thread times [0.8472440242767334, 0.7973628044128418, 1.1541919708251953, 1.0673348903656006, 1.085158109664917, 1.2818338871002197, 1.3902840614318848, 1.3311200141906738, 1.1822588443756104, 1.3127140998840332, 1.3046841621398926, 1.5764942169189453, 1.2795770168304443, 1.3854830265045166, 1.282649040222168]
{'args': ((15, 0, slice(0, 960, None), slice(None, None, None)),), 'dataset shape': (40, 11, 1921, 2560), 'dataset chunks': (7, 1, 385, 512), 'indexing time (s)': 1.9073486328125e-06, 'chunk number': 1650, 'reduction time (s)': 18.27975869178772, 'chunks processed': 15, 'storage read (B)': 29733505, 'selection 1 time (s)': 18.279937982559204}
Thread times [0.8728337287902832, 0.7621870040893555, 1.0696213245391846, 0.9653811454772949, 1.0659987926483154, 1.333704948425293, 1.3183457851409912, 1.3781218528747559, 1.089310884475708, 2.348074197769165, 1.7528750896453857, 1.751600742340088, 1.5602588653564453, 1.4967010021209717, 1.2847988605499268]
{'args': ((16, 0, slice(0, 960, None), slice(None, None, None)),), 'dataset shape': (40, 11, 1921, 2560), 'dataset chunks': (7, 1, 385, 512), 'indexing time (s)': 1.1920928955078125e-06, 'chunk number': 1650, 'reduction time (s)': 20.050978899002075, 'chunks processed': 15, 'storage read (B)': 29733505, 'selection 1 time (s)': 20.051156997680664}
Thread times [0.8790149688720703, 0.8589589595794678, 1.1226539611816406, 1.041083812713623, 1.0839202404022217, 1.2752609252929688, 1.307999849319458, 1.3217179775238037, 1.0182747840881348, 1.3745920658111572, 1.207590103149414, 1.540442943572998, 1.3627989292144775, 1.3136651515960693, 1.3212220668792725]
{'args': ((17, 0, slice(0, 960, None), slice(None, None, None)),), 'dataset shape': (40, 11, 1921, 2560), 'dataset chunks': (7, 1, 385, 512), 'indexing time (s)': 1.9073486328125e-06, 'chunk number': 1650, 'reduction time (s)': 18.030513048171997, 'chunks processed': 15, 'storage read (B)': 29733505, 'selection 1 time (s)': 18.030699014663696}
Thread times [0.8176209926605225, 0.7823729515075684, 1.1079728603363037, 1.0747230052947998, 1.073301076889038, 1.3505253791809082, 1.3071517944335938, 1.4341421127319336, 1.0657787322998047, 1.3233568668365479, 1.2857401371002197, 1.3384430408477783, 1.4379301071166992, 1.3631720542907715, 1.3218681812286377]
{'args': ((18, 0, slice(0, 960, None), slice(None, None, None)),), 'dataset shape': (40, 11, 1921, 2560), 'dataset chunks': (7, 1, 385, 512), 'indexing time (s)': 1.9073486328125e-06, 'chunk number': 1650, 'reduction time (s)': 18.085461139678955, 'chunks processed': 15, 'storage read (B)': 29733505, 'selection 1 time (s)': 18.085633993148804}
Thread times [0.8396310806274414, 0.7632362842559814, 1.0519418716430664, 1.011225938796997, 1.0288209915161133, 2.38033390045166, 1.3548212051391602, 1.4098670482635498, 1.0883548259735107, 1.379188060760498, 1.227344036102295, 1.405825138092041, 1.3911290168762207, 1.3916480541229248, 1.370088815689087]
{'args': ((19, 0, slice(0, 960, None), slice(None, None, None)),), 'dataset shape': (40, 11, 1921, 2560), 'dataset chunks': (7, 1, 385, 512), 'indexing time (s)': 1.1920928955078125e-06, 'chunk number': 1650, 'reduction time (s)': 19.094835996627808, 'chunks processed': 15, 'storage read (B)': 29733505, 'selection 1 time (s)': 19.09500789642334}
Thread times [0.8211460113525391, 0.7974309921264648, 1.1273930072784424, 1.044100046157837, 1.0891509056091309, 1.351992130279541, 1.3064489364624023, 1.4112539291381836, 1.0871269702911377, 1.3153727054595947, 1.3013489246368408, 1.3346221446990967, 1.3632378578186035, 1.430211067199707, 1.3146398067474365]
{'args': ((20, 0, slice(0, 960, None), slice(None, None, None)),), 'dataset shape': (40, 11, 1921, 2560), 'dataset chunks': (7, 1, 385, 512), 'indexing time (s)': 2.1457672119140625e-06, 'chunk number': 1650, 'reduction time (s)': 18.09679388999939, 'chunks processed': 15, 'storage read (B)': 29733505, 'selection 1 time (s)': 18.096996784210205}
Thread times [0.8627951145172119, 0.7909092903137207, 1.2256722450256348, 0.6334729194641113, 0.6637229919433594, 1.3578848838806152, 1.3207118511199951, 1.443509817123413, 1.3893399238586426, 1.3398139476776123, 1.3080708980560303, 1.3180878162384033, 1.405686855316162, 1.42547607421875, 1.0969557762145996]
{'args': ((21, 0, slice(0, 960, None), slice(None, None, None)),), 'dataset shape': (40, 11, 1921, 2560), 'dataset chunks': (7, 1, 385, 512), 'indexing time (s)': 1.9073486328125e-06, 'chunk number': 1650, 'reduction time (s)': 17.583461046218872, 'chunks processed': 15, 'storage read (B)': 29686785, 'selection 1 time (s)': 17.583642959594727}
Thread times [0.8363761901855469, 0.8750247955322266, 1.102154016494751, 0.623898983001709, 0.6730067729949951, 1.3615751266479492, 1.3616268634796143, 1.3276748657226562, 1.308039903640747, 1.2888319492340088, 1.2870960235595703, 2.389362335205078, 1.463137149810791, 1.447260856628418, 1.009486198425293]
{'args': ((22, 0, slice(0, 960, None), slice(None, None, None)),), 'dataset shape': (40, 11, 1921, 2560), 'dataset chunks': (7, 1, 385, 512), 'indexing time (s)': 2.1457672119140625e-06, 'chunk number': 1650, 'reduction time (s)': 18.35598397254944, 'chunks processed': 15, 'storage read (B)': 29686785, 'selection 1 time (s)': 18.356191873550415}
Thread times [1.0469980239868164, 0.7613229751586914, 1.0969250202178955, 0.5573627948760986, 0.7401831150054932, 1.3660540580749512, 1.392124891281128, 1.3794848918914795, 1.3439359664916992, 1.3149571418762207, 1.2221529483795166, 1.378082036972046, 1.403163194656372, 1.688586950302124, 0.9209511280059814]
{'args': ((23, 0, slice(0, 960, None), slice(None, None, None)),), 'dataset shape': (40, 11, 1921, 2560), 'dataset chunks': (7, 1, 385, 512), 'indexing time (s)': 1.9073486328125e-06, 'chunk number': 1650, 'reduction time (s)': 17.613741159439087, 'chunks processed': 15, 'storage read (B)': 29686785, 'selection 1 time (s)': 17.61395001411438}
Thread times [0.89963698387146, 0.8584928512573242, 1.2673439979553223, 0.6129679679870605, 0.6748511791229248, 1.3293850421905518, 1.3883419036865234, 1.3159852027893066, 1.3297240734100342, 1.3144237995147705, 1.2300889492034912, 1.3076300621032715, 1.4154918193817139, 1.4947142601013184, 1.0059168338775635]
{'args': ((24, 0, slice(0, 960, None), slice(None, None, None)),), 'dataset shape': (40, 11, 1921, 2560), 'dataset chunks': (7, 1, 385, 512), 'indexing time (s)': 3.0994415283203125e-06, 'chunk number': 1650, 'reduction time (s)': 17.4463529586792, 'chunks processed': 15, 'storage read (B)': 29686785, 'selection 1 time (s)': 17.4465389251709}
Thread times [0.8310909271240234, 0.8480432033538818, 1.1394529342651367, 0.6199827194213867, 0.8272037506103516, 1.4973881244659424, 1.3283278942108154, 1.385500192642212, 1.301670789718628, 1.3178091049194336, 1.2329001426696777, 1.3784799575805664, 1.4974031448364258, 1.5440959930419922, 0.9173030853271484]
{'args': ((25, 0, slice(0, 960, None), slice(None, None, None)),), 'dataset shape': (40, 11, 1921, 2560), 'dataset chunks': (7, 1, 385, 512), 'indexing time (s)': 1.1920928955078125e-06, 'chunk number': 1650, 'reduction time (s)': 17.667954921722412, 'chunks processed': 15, 'storage read (B)': 29686785, 'selection 1 time (s)': 17.668124198913574}
Thread times [0.9108610153198242, 0.8167901039123535, 2.1539082527160645, 0.5963180065155029, 0.6918671131134033, 1.5360069274902344, 1.3647911548614502, 1.3218293190002441, 1.311434030532837, 1.290856122970581, 1.2896780967712402, 1.3295280933380127, 2.8227741718292236, 1.394768238067627, 0.9398648738861084]
{'args': ((26, 0, slice(0, 960, None), slice(None, None, None)),), 'dataset shape': (40, 11, 1921, 2560), 'dataset chunks': (7, 1, 385, 512), 'indexing time (s)': 1.6689300537109375e-06, 'chunk number': 1650, 'reduction time (s)': 19.772594213485718, 'chunks processed': 15, 'storage read (B)': 29686785, 'selection 1 time (s)': 19.772802114486694}
Thread times [0.8796701431274414, 0.7926080226898193, 1.0748631954193115, 0.5641880035400391, 0.7374527454376221, 1.5586040019989014, 2.3710172176361084, 1.3538401126861572, 1.333261251449585, 1.399493932723999, 1.2156150341033936, 1.3838672637939453, 1.4783689975738525, 1.4548068046569824, 1.0320382118225098]
{'args': ((27, 0, slice(0, 960, None), slice(None, None, None)),), 'dataset shape': (40, 11, 1921, 2560), 'dataset chunks': (7, 1, 385, 512), 'indexing time (s)': 2.1457672119140625e-06, 'chunk number': 1650, 'reduction time (s)': 18.631139039993286, 'chunks processed': 15, 'storage read (B)': 29686785, 'selection 1 time (s)': 18.631340980529785}
Thread times [0.8141961097717285, 0.8304717540740967, 1.1173796653747559, 1.01151704788208, 1.1137220859527588, 1.491828203201294, 1.018178939819336, 1.3223772048950195, 0.9494311809539795, 1.4328179359436035, 1.2162117958068848, 1.603713035583496, 1.354788064956665, 1.3501722812652588, 1.294377088546753]
{'args': ((28, 0, slice(0, 960, None), slice(None, None, None)),), 'dataset shape': (40, 11, 1921, 2560), 'dataset chunks': (7, 1, 385, 512), 'indexing time (s)': 2.1457672119140625e-06, 'chunk number': 1650, 'reduction time (s)': 17.922675132751465, 'chunks processed': 15, 'storage read (B)': 29670387, 'selection 1 time (s)': 17.922870874404907}
Thread times [0.833380937576294, 0.8479709625244141, 1.1191749572753906, 1.0144438743591309, 1.1042859554290771, 1.327171802520752, 0.9923379421234131, 1.3989498615264893, 0.9416570663452148, 1.358048915863037, 1.3413209915161133, 1.4342668056488037, 1.280623197555542, 1.3661859035491943, 1.3550090789794922]
{'args': ((29, 0, slice(0, 960, None), slice(None, None, None)),), 'dataset shape': (40, 11, 1921, 2560), 'dataset chunks': (7, 1, 385, 512), 'indexing time (s)': 9.5367431640625e-07, 'chunk number': 1650, 'reduction time (s)': 17.716136932373047, 'chunks processed': 15, 'storage read (B)': 29670387, 'selection 1 time (s)': 17.71628189086914}
Thread times [0.7953779697418213, 0.8448467254638672, 1.1212289333343506, 1.040036678314209, 1.060662031173706, 1.2656099796295166, 0.9533228874206543, 1.3938517570495605, 1.0619559288024902, 1.3131797313690186, 1.3674781322479248, 1.4617042541503906, 1.2908270359039307, 1.374925136566162, 1.311129093170166]
{'args': ((30, 0, slice(0, 960, None), slice(None, None, None)),), 'dataset shape': (40, 11, 1921, 2560), 'dataset chunks': (7, 1, 385, 512), 'indexing time (s)': 9.5367431640625e-07, 'chunk number': 1650, 'reduction time (s)': 17.657447338104248, 'chunks processed': 15, 'storage read (B)': 29670387, 'selection 1 time (s)': 17.657573223114014}
Thread times [0.8590438365936279, 0.7687580585479736, 1.1680669784545898, 1.0330421924591064, 1.110908031463623, 1.3120100498199463, 1.028932809829712, 1.3766350746154785, 0.9553160667419434, 1.4542129039764404, 1.293229103088379, 1.4620800018310547, 1.3076508045196533, 1.3660979270935059, 1.2933659553527832]
{'args': ((31, 0, slice(0, 960, None), slice(None, None, None)),), 'dataset shape': (40, 11, 1921, 2560), 'dataset chunks': (7, 1, 385, 512), 'indexing time (s)': 1.6689300537109375e-06, 'chunk number': 1650, 'reduction time (s)': 17.790768146514893, 'chunks processed': 15, 'storage read (B)': 29670387, 'selection 1 time (s)': 17.79097008705139}
Thread times [0.8782398700714111, 0.7789371013641357, 1.187579870223999, 1.0312819480895996, 1.1098999977111816, 1.3095741271972656, 0.9683787822723389, 1.3948917388916016, 1.007430076599121, 1.304352045059204, 1.4194810390472412, 1.4527597427368164, 1.2835748195648193, 1.3547840118408203, 2.411332130432129]
{'args': ((32, 0, slice(0, 960, None), slice(None, None, None)),), 'dataset shape': (40, 11, 1921, 2560), 'dataset chunks': (7, 1, 385, 512), 'indexing time (s)': 5.0067901611328125e-06, 'chunk number': 1650, 'reduction time (s)': 18.8938570022583, 'chunks processed': 15, 'storage read (B)': 29670387, 'selection 1 time (s)': 18.89404296875}
Thread times [0.8833041191101074, 0.8713409900665283, 1.1314847469329834, 1.268369197845459, 1.4194581508636475, 1.5302190780639648, 1.2858717441558838, 1.33652925491333, 0.9722371101379395, 1.3048608303070068, 1.4050450325012207, 1.4591600894927979, 1.278965950012207, 1.428373098373413, 1.3027429580688477]
{'args': ((33, 0, slice(0, 960, None), slice(None, None, None)),), 'dataset shape': (40, 11, 1921, 2560), 'dataset chunks': (7, 1, 385, 512), 'indexing time (s)': 2.1457672119140625e-06, 'chunk number': 1650, 'reduction time (s)': 18.879396200180054, 'chunks processed': 15, 'storage read (B)': 29670387, 'selection 1 time (s)': 18.879610061645508}
Thread times [0.8796679973602295, 0.8666319847106934, 1.1276118755340576, 0.9981489181518555, 1.0747721195220947, 1.290649175643921, 0.9621679782867432, 1.3713750839233398, 0.9394679069519043, 1.3480732440948486, 1.2400221824645996, 1.5092251300811768, 1.3140339851379395, 1.3022398948669434, 1.351243019104004]
{'args': ((34, 0, slice(0, 960, None), slice(None, None, None)),), 'dataset shape': (40, 11, 1921, 2560), 'dataset chunks': (7, 1, 385, 512), 'indexing time (s)': 1.9073486328125e-06, 'chunk number': 1650, 'reduction time (s)': 17.57672381401062, 'chunks processed': 15, 'storage read (B)': 29670387, 'selection 1 time (s)': 17.576930046081543}
Thread times [0.7402770519256592, 0.7371940612792969, 0.900731086730957, 0.8420379161834717, 0.9277369976043701, 1.1628880500793457, 1.1028227806091309, 1.1087701320648193, 1.093313217163086, 1.053840160369873, 1.0410258769989014, 1.0846621990203857, 1.0697078704833984, 1.0676031112670898, 1.34027099609375]
{'args': ((35, 0, slice(0, 960, None), slice(None, None, None)),), 'dataset shape': (40, 11, 1921, 2560), 'dataset chunks': (7, 1, 385, 512), 'indexing time (s)': 1.9073486328125e-06, 'chunk number': 1650, 'reduction time (s)': 15.274463891983032, 'chunks processed': 15, 'storage read (B)': 21287473, 'selection 1 time (s)': 15.27466893196106}
Thread times [0.8777940273284912, 0.6821727752685547, 0.9230217933654785, 0.822023868560791, 0.9153158664703369, 1.1171209812164307, 1.0712199211120605, 1.1109240055084229, 1.059574842453003, 1.0393617153167725, 0.9766099452972412, 1.1209020614624023, 1.0354297161102295, 1.041935920715332, 1.069192886352539]
{'args': ((36, 0, slice(0, 960, None), slice(None, None, None)),), 'dataset shape': (40, 11, 1921, 2560), 'dataset chunks': (7, 1, 385, 512), 'indexing time (s)': 2.1457672119140625e-06, 'chunk number': 1650, 'reduction time (s)': 14.864041090011597, 'chunks processed': 15, 'storage read (B)': 21287473, 'selection 1 time (s)': 14.864253282546997}
Thread times [0.8274838924407959, 0.7001230716705322, 0.9643387794494629, 0.8843722343444824, 1.094473123550415, 1.0670890808105469, 1.1132900714874268, 1.1042780876159668, 1.1538848876953125, 1.0312283039093018, 0.989738941192627, 1.1121628284454346, 1.0627779960632324, 1.0239801406860352, 1.0689561367034912]
{'args': ((37, 0, slice(0, 960, None), slice(None, None, None)),), 'dataset shape': (40, 11, 1921, 2560), 'dataset chunks': (7, 1, 385, 512), 'indexing time (s)': 9.5367431640625e-07, 'chunk number': 1650, 'reduction time (s)': 15.199642896652222, 'chunks processed': 15, 'storage read (B)': 21287473, 'selection 1 time (s)': 15.199850082397461}
Thread times [0.7645149230957031, 0.7018849849700928, 0.966392993927002, 0.8804221153259277, 0.8410751819610596, 1.0636911392211914, 1.071091890335083, 1.0638010501861572, 2.090492010116577, 1.0617411136627197, 0.996211051940918, 1.0931599140167236, 1.115813970565796, 1.1371309757232666, 1.092548131942749]
{'args': ((38, 0, slice(0, 960, None), slice(None, None, None)),), 'dataset shape': (40, 11, 1921, 2560), 'dataset chunks': (7, 1, 385, 512), 'indexing time (s)': 1.9073486328125e-06, 'chunk number': 1650, 'reduction time (s)': 15.941346883773804, 'chunks processed': 15, 'storage read (B)': 21287473, 'selection 1 time (s)': 15.941550016403198}
Thread times [0.8111488819122314, 0.7250142097473145, 0.8818020820617676, 0.8445770740509033, 0.9330980777740479, 1.0751960277557373, 1.081104040145874, 1.1383280754089355, 1.080441951751709, 1.060835838317871, 1.0199880599975586, 1.1929869651794434, 1.038072109222412, 1.030940055847168, 1.072648048400879]
{'args': ((39, 0, slice(0, 960, None), slice(None, None, None)),), 'dataset shape': (40, 11, 1921, 2560), 'dataset chunks': (7, 1, 385, 512), 'indexing time (s)': 1.9073486328125e-06, 'chunk number': 1650, 'reduction time (s)': 14.98741888999939, 'chunks processed': 15, 'storage read (B)': 21287473, 'selection 1 time (s)': 14.987635850906372}
[[226.07817708]
 [226.06473958]
 [225.93765625]
 [225.90807292]
 [225.91734375]
 [225.88453125]
 [225.82075521]
 [225.85440104]
 [225.98328125]
 [226.03804687]
 [226.01315104]
 [226.02330729]
 [226.03770833]
 [226.00476563]
 [225.91765625]
 [225.94036458]
 [225.98721354]
 [225.9146875 ]
 [225.81242188]
 [225.81869792]
 [225.84526042]
 [225.78497396]
 [225.63651042]
 [225.55651042]
 [225.45734375]
 [225.32369792]
 [225.16325521]
 [225.07794271]
 [225.07846354]
 [225.10664063]
 [225.17609375]
 [225.36880208]
 [225.57911458]
 [225.69080729]
 [225.72229167]
 [225.82367188]
 [225.93658854]
 [225.96765625]
 [225.91861979]
 [225.9225    ]]
Summary:  Hom24-np1:Local (T1,BS1): 3.4s,720.2s,739.2s
