Dataset loaded from S3 with s3fs and Pyfive: bnl/ch330a.pc19790301-def.nc (0.025,0.63)
Thread times [0.15537452697753906, 0.11417961120605469, 0.23286676406860352, 0.10435771942138672, 0.11723947525024414, 0.49260711669921875, 0.11468076705932617, 0.2702498435974121, 0.19493460655212402, 0.13532018661499023, 0.16763782501220703, 0.25433969497680664, 0.21056342124938965, 0.12009453773498535, 0.11784219741821289]
{'load nc time': 0.7362606525421143, 'args': ((0, 0, slice(0, 960, None), slice(None, None, None)),), 'dataset shape': (40, 11, 1921, 2560), 'dataset chunks': (7, 1, 385, 512), 'indexing time (s)': 3.4934799671173096, 'chunk number': 1650, 'reduction time (s)': 2.8034324645996094, 'chunks processed': 15, 'storage read (B)': 29685482, 'selection 1 time (s)': 6.297070741653442}
Thread times [0.10617399215698242, 0.11469078063964844, 0.2356092929840088, 0.10059213638305664, 0.12231040000915527, 0.2374734878540039, 0.14124274253845215, 0.2319936752319336, 0.24896883964538574, 0.13262343406677246, 0.23705220222473145, 0.2524378299713135, 0.24125027656555176, 0.11377668380737305, 0.10998201370239258]
{'args': ((1, 0, slice(0, 960, None), slice(None, None, None)),), 'dataset shape': (40, 11, 1921, 2560), 'dataset chunks': (7, 1, 385, 512), 'indexing time (s)': 9.5367431640625e-07, 'chunk number': 1650, 'reduction time (s)': 2.6274373531341553, 'chunks processed': 15, 'storage read (B)': 29685482, 'selection 1 time (s)': 2.627595901489258}
Thread times [0.10171270370483398, 0.10062408447265625, 0.23899102210998535, 0.1473712921142578, 0.15474152565002441, 0.25467753410339355, 0.12609434127807617, 0.2506732940673828, 0.20335769653320312, 0.13998770713806152, 0.1661241054534912, 0.20860719680786133, 0.2234494686126709, 0.10651397705078125, 0.11871004104614258]
{'args': ((2, 0, slice(0, 960, None), slice(None, None, None)),), 'dataset shape': (40, 11, 1921, 2560), 'dataset chunks': (7, 1, 385, 512), 'indexing time (s)': 9.5367431640625e-07, 'chunk number': 1650, 'reduction time (s)': 2.5427942276000977, 'chunks processed': 15, 'storage read (B)': 29685482, 'selection 1 time (s)': 2.5429368019104004}
Thread times [0.17214298248291016, 0.10647130012512207, 0.23761582374572754, 0.12400054931640625, 0.1179971694946289, 0.24091005325317383, 0.11957049369812012, 0.23058295249938965, 0.22677016258239746, 0.0977931022644043, 0.1543292999267578, 0.21125268936157227, 0.22281432151794434, 0.1421668529510498, 0.17118382453918457]
{'args': ((3, 0, slice(0, 960, None), slice(None, None, None)),), 'dataset shape': (40, 11, 1921, 2560), 'dataset chunks': (7, 1, 385, 512), 'indexing time (s)': 1.1920928955078125e-06, 'chunk number': 1650, 'reduction time (s)': 2.5767321586608887, 'chunks processed': 15, 'storage read (B)': 29685482, 'selection 1 time (s)': 2.576890707015991}
Thread times [0.11907529830932617, 0.1085212230682373, 0.3256556987762451, 0.09806680679321289, 0.11745786666870117, 0.2900879383087158, 0.1089181900024414, 0.24743866920471191, 0.20830512046813965, 0.1653451919555664, 0.1562962532043457, 0.24466586112976074, 0.2291872501373291, 0.18930864334106445, 0.1744980812072754]
{'args': ((4, 0, slice(0, 960, None), slice(None, None, None)),), 'dataset shape': (40, 11, 1921, 2560), 'dataset chunks': (7, 1, 385, 512), 'indexing time (s)': 1.1920928955078125e-06, 'chunk number': 1650, 'reduction time (s)': 2.7839014530181885, 'chunks processed': 15, 'storage read (B)': 29685482, 'selection 1 time (s)': 2.7840492725372314}
Thread times [0.10451841354370117, 0.10635733604431152, 0.20919132232666016, 0.09688925743103027, 0.09623003005981445, 0.2334907054901123, 0.1357097625732422, 0.27219486236572266, 0.23642802238464355, 0.20879769325256348, 0.15813088417053223, 0.22754859924316406, 0.24401187896728516, 0.12407112121582031, 0.11898326873779297]
{'args': ((5, 0, slice(0, 960, None), slice(None, None, None)),), 'dataset shape': (40, 11, 1921, 2560), 'dataset chunks': (7, 1, 385, 512), 'indexing time (s)': 1.1920928955078125e-06, 'chunk number': 1650, 'reduction time (s)': 2.573808431625366, 'chunks processed': 15, 'storage read (B)': 29685482, 'selection 1 time (s)': 2.5739505290985107}
Thread times [0.11833333969116211, 0.10677456855773926, 1.2652153968811035, 0.14238715171813965, 0.12426543235778809, 0.244645357131958, 0.10912299156188965, 0.22599434852600098, 0.28632307052612305, 0.1175539493560791, 0.1446857452392578, 0.23096966743469238, 0.304180383682251, 0.17047476768493652, 0.12284636497497559]
{'args': ((6, 0, slice(0, 960, None), slice(None, None, None)),), 'dataset shape': (40, 11, 1921, 2560), 'dataset chunks': (7, 1, 385, 512), 'indexing time (s)': 9.5367431640625e-07, 'chunk number': 1650, 'reduction time (s)': 3.7148549556732178, 'chunks processed': 15, 'storage read (B)': 29685482, 'selection 1 time (s)': 3.7150027751922607}
Thread times [0.11933255195617676, 0.11932539939880371, 0.1113595962524414, 0.1956641674041748, 0.2684047222137451, 0.10869526863098145, 0.1278676986694336, 0.24663710594177246, 0.023370981216430664, 0.02270197868347168, 0.11958980560302734, 0.16012907028198242, 0.2551083564758301, 0.1699995994567871, 0.12295985221862793]
{'args': ((7, 0, slice(0, 960, None), slice(None, None, None)),), 'dataset shape': (40, 11, 1921, 2560), 'dataset chunks': (7, 1, 385, 512), 'indexing time (s)': 9.5367431640625e-07, 'chunk number': 1650, 'reduction time (s)': 2.1730120182037354, 'chunks processed': 15, 'storage read (B)': 29701892, 'selection 1 time (s)': 2.1731646060943604}
Thread times [0.14455938339233398, 0.11104512214660645, 0.10834646224975586, 0.1806192398071289, 0.1865558624267578, 0.12020134925842285, 0.14508438110351562, 0.24512696266174316, 0.022236347198486328, 0.021869182586669922, 1.1241049766540527, 0.14019322395324707, 0.25431275367736816, 0.19562101364135742, 0.12567853927612305]
{'args': ((8, 0, slice(0, 960, None), slice(None, None, None)),), 'dataset shape': (40, 11, 1921, 2560), 'dataset chunks': (7, 1, 385, 512), 'indexing time (s)': 1.1920928955078125e-06, 'chunk number': 1650, 'reduction time (s)': 3.127251625061035, 'chunks processed': 15, 'storage read (B)': 29701892, 'selection 1 time (s)': 3.1274101734161377}
Thread times [0.3145790100097656, 0.1369180679321289, 0.11715340614318848, 0.2066497802734375, 0.21343421936035156, 0.10067558288574219, 0.12187862396240234, 0.24567484855651855, 0.02440643310546875, 0.023463726043701172, 0.12938523292541504, 0.1591627597808838, 0.2032322883605957, 0.22136592864990234, 0.10673379898071289]
{'args': ((9, 0, slice(0, 960, None), slice(None, None, None)),), 'dataset shape': (40, 11, 1921, 2560), 'dataset chunks': (7, 1, 385, 512), 'indexing time (s)': 1.1920928955078125e-06, 'chunk number': 1650, 'reduction time (s)': 2.325998067855835, 'chunks processed': 15, 'storage read (B)': 29701892, 'selection 1 time (s)': 2.3261637687683105}
Thread times [0.10265803337097168, 0.11899995803833008, 0.10825419425964355, 0.23006224632263184, 0.17213773727416992, 0.11849498748779297, 0.1724545955657959, 0.23801827430725098, 0.02343893051147461, 0.0227353572845459, 0.12956023216247559, 0.14666104316711426, 0.27455925941467285, 0.13322925567626953, 0.1266317367553711]
{'args': ((10, 0, slice(0, 960, None), slice(None, None, None)),), 'dataset shape': (40, 11, 1921, 2560), 'dataset chunks': (7, 1, 385, 512), 'indexing time (s)': 7.152557373046875e-07, 'chunk number': 1650, 'reduction time (s)': 2.119046926498413, 'chunks processed': 15, 'storage read (B)': 29701892, 'selection 1 time (s)': 2.1192023754119873}
Thread times [0.11572599411010742, 0.14399933815002441, 0.1328904628753662, 0.2058877944946289, 0.16410613059997559, 0.11678743362426758, 0.14376354217529297, 0.35663771629333496, 0.021807193756103516, 0.021357059478759766, 0.1627790927886963, 0.12334609031677246, 0.24838948249816895, 0.1359560489654541, 0.11670422554016113]
{'args': ((11, 0, slice(0, 960, None), slice(None, None, None)),), 'dataset shape': (40, 11, 1921, 2560), 'dataset chunks': (7, 1, 385, 512), 'indexing time (s)': 1.1920928955078125e-06, 'chunk number': 1650, 'reduction time (s)': 2.211219549179077, 'chunks processed': 15, 'storage read (B)': 29701892, 'selection 1 time (s)': 2.2113733291625977}
Thread times [0.1133267879486084, 0.10577082633972168, 0.11691689491271973, 0.19139456748962402, 0.23633408546447754, 0.14218688011169434, 0.14436578750610352, 0.24803733825683594, 0.021583080291748047, 0.021385908126831055, 0.13512802124023438, 0.13913178443908691, 0.24660396575927734, 0.10797667503356934, 0.11920356750488281]
{'args': ((12, 0, slice(0, 960, None), slice(None, None, None)),), 'dataset shape': (40, 11, 1921, 2560), 'dataset chunks': (7, 1, 385, 512), 'indexing time (s)': 1.1920928955078125e-06, 'chunk number': 1650, 'reduction time (s)': 2.090527296066284, 'chunks processed': 15, 'storage read (B)': 29701892, 'selection 1 time (s)': 2.0906803607940674}
Thread times [0.11794734001159668, 0.1393113136291504, 0.10122179985046387, 0.19252443313598633, 0.18680238723754883, 0.12172126770019531, 0.12787175178527832, 0.22526335716247559, 0.02253866195678711, 0.021788835525512695, 0.1333937644958496, 0.11902856826782227, 0.22026824951171875, 0.12097954750061035, 0.14529037475585938]
{'args': ((13, 0, slice(0, 960, None), slice(None, None, None)),), 'dataset shape': (40, 11, 1921, 2560), 'dataset chunks': (7, 1, 385, 512), 'indexing time (s)': 1.6689300537109375e-06, 'chunk number': 1650, 'reduction time (s)': 1.99727463722229, 'chunks processed': 15, 'storage read (B)': 29701892, 'selection 1 time (s)': 1.9974393844604492}
Thread times [0.20564508438110352, 0.26173877716064453, 0.12148714065551758, 0.12453603744506836, 0.21477341651916504, 0.259174108505249, 0.24201369285583496, 0.224501371383667, 0.02124500274658203, 0.13273954391479492, 0.10514712333679199, 0.21751165390014648, 0.11872982978820801, 0.11097550392150879, 0.20441746711730957]
{'args': ((14, 0, slice(0, 960, None), slice(None, None, None)),), 'dataset shape': (40, 11, 1921, 2560), 'dataset chunks': (7, 1, 385, 512), 'indexing time (s)': 1.1920928955078125e-06, 'chunk number': 1650, 'reduction time (s)': 2.5658159255981445, 'chunks processed': 15, 'storage read (B)': 29733505, 'selection 1 time (s)': 2.5660157203674316}
Thread times [0.12291121482849121, 0.23135995864868164, 0.19971513748168945, 0.11887812614440918, 0.11665844917297363, 0.26053714752197266, 0.21741890907287598, 0.26086902618408203, 0.022469520568847656, 0.1156013011932373, 0.11973977088928223, 0.2336263656616211, 0.11875104904174805, 0.13205504417419434, 0.23473596572875977]
{'args': ((15, 0, slice(0, 960, None), slice(None, None, None)),), 'dataset shape': (40, 11, 1921, 2560), 'dataset chunks': (7, 1, 385, 512), 'indexing time (s)': 1.1920928955078125e-06, 'chunk number': 1650, 'reduction time (s)': 2.506448745727539, 'chunks processed': 15, 'storage read (B)': 29733505, 'selection 1 time (s)': 2.5066206455230713}
Thread times [0.2213447093963623, 0.2238786220550537, 0.15025949478149414, 0.16580533981323242, 0.15488529205322266, 0.2544517517089844, 0.2044827938079834, 0.2056424617767334, 0.021303176879882812, 0.11176705360412598, 0.1402745246887207, 0.2612731456756592, 0.11962723731994629, 0.18044519424438477, 0.268601655960083]
{'args': ((16, 0, slice(0, 960, None), slice(None, None, None)),), 'dataset shape': (40, 11, 1921, 2560), 'dataset chunks': (7, 1, 385, 512), 'indexing time (s)': 9.5367431640625e-07, 'chunk number': 1650, 'reduction time (s)': 2.6851630210876465, 'chunks processed': 15, 'storage read (B)': 29733505, 'selection 1 time (s)': 2.6853387355804443}
Thread times [0.09187889099121094, 0.26879334449768066, 0.14436984062194824, 0.13573431968688965, 0.1381685733795166, 0.25964784622192383, 0.23520159721374512, 0.21027779579162598, 0.02317500114440918, 0.13681983947753906, 0.11256957054138184, 0.26593732833862305, 0.12462902069091797, 0.12041640281677246, 0.44875335693359375]
{'args': ((17, 0, slice(0, 960, None), slice(None, None, None)),), 'dataset shape': (40, 11, 1921, 2560), 'dataset chunks': (7, 1, 385, 512), 'indexing time (s)': 9.5367431640625e-07, 'chunk number': 1650, 'reduction time (s)': 2.717546224594116, 'chunks processed': 15, 'storage read (B)': 29733505, 'selection 1 time (s)': 2.7176997661590576}
Thread times [0.11421823501586914, 0.23410296440124512, 0.11389660835266113, 0.12200546264648438, 0.11531829833984375, 0.24068999290466309, 0.24570918083190918, 0.19483375549316406, 0.02184009552001953, 0.1306161880493164, 0.18030357360839844, 0.2270345687866211, 0.1298232078552246, 0.20183324813842773, 0.22948622703552246]
{'args': ((18, 0, slice(0, 960, None), slice(None, None, None)),), 'dataset shape': (40, 11, 1921, 2560), 'dataset chunks': (7, 1, 385, 512), 'indexing time (s)': 1.1920928955078125e-06, 'chunk number': 1650, 'reduction time (s)': 2.5028698444366455, 'chunks processed': 15, 'storage read (B)': 29733505, 'selection 1 time (s)': 2.503035545349121}
Thread times [0.0999302864074707, 0.22306132316589355, 0.12142276763916016, 0.1255784034729004, 0.13763213157653809, 0.23639822006225586, 0.23456168174743652, 0.23354530334472656, 0.022109508514404297, 0.15331029891967773, 0.17671680450439453, 0.24827933311462402, 0.12621545791625977, 0.11565756797790527, 0.22130131721496582]
{'args': ((19, 0, slice(0, 960, None), slice(None, None, None)),), 'dataset shape': (40, 11, 1921, 2560), 'dataset chunks': (7, 1, 385, 512), 'indexing time (s)': 1.1920928955078125e-06, 'chunk number': 1650, 'reduction time (s)': 2.4768924713134766, 'chunks processed': 15, 'storage read (B)': 29733505, 'selection 1 time (s)': 2.477046489715576}
Thread times [0.1199178695678711, 0.24219727516174316, 0.10499811172485352, 0.29139089584350586, 0.10244488716125488, 0.29854750633239746, 0.20177912712097168, 0.3149230480194092, 0.021319866180419922, 0.20999431610107422, 0.3182041645050049, 1.2503552436828613, 0.20233416557312012, 0.09885430335998535, 0.22316670417785645]
{'args': ((20, 0, slice(0, 960, None), slice(None, None, None)),), 'dataset shape': (40, 11, 1921, 2560), 'dataset chunks': (7, 1, 385, 512), 'indexing time (s)': 9.5367431640625e-07, 'chunk number': 1650, 'reduction time (s)': 4.001757383346558, 'chunks processed': 15, 'storage read (B)': 29733505, 'selection 1 time (s)': 4.0019330978393555}
Thread times [0.1218271255493164, 0.12006497383117676, 0.1532421112060547, 0.0201566219329834, 0.02039957046508789, 0.23501133918762207, 0.11267495155334473, 0.2593045234680176, 0.11967158317565918, 0.2595393657684326, 0.11028528213500977, 0.1285567283630371, 0.25115323066711426, 0.23401641845703125, 0.021506547927856445]
{'args': ((21, 0, slice(0, 960, None), slice(None, None, None)),), 'dataset shape': (40, 11, 1921, 2560), 'dataset chunks': (7, 1, 385, 512), 'indexing time (s)': 1.430511474609375e-06, 'chunk number': 1650, 'reduction time (s)': 2.1686935424804688, 'chunks processed': 15, 'storage read (B)': 29686785, 'selection 1 time (s)': 2.1688613891601562}
Thread times [0.1130518913269043, 0.12402963638305664, 0.21079397201538086, 0.018393278121948242, 0.018863916397094727, 0.23294758796691895, 0.17929887771606445, 0.20373892784118652, 0.16377472877502441, 0.23830127716064453, 0.11821913719177246, 0.11305093765258789, 0.24450016021728516, 0.3052365779876709, 0.0217282772064209]
{'args': ((22, 0, slice(0, 960, None), slice(None, None, None)),), 'dataset shape': (40, 11, 1921, 2560), 'dataset chunks': (7, 1, 385, 512), 'indexing time (s)': 1.1920928955078125e-06, 'chunk number': 1650, 'reduction time (s)': 2.3070874214172363, 'chunks processed': 15, 'storage read (B)': 29686785, 'selection 1 time (s)': 2.3072497844696045}
Thread times [0.11125969886779785, 0.10801529884338379, 0.12760400772094727, 0.019283056259155273, 0.018828392028808594, 0.23195743560791016, 0.13647174835205078, 0.24315643310546875, 0.11103129386901855, 0.2216956615447998, 1.1256308555603027, 0.12027382850646973, 0.24686193466186523, 0.25160646438598633, 0.021825551986694336]
{'args': ((23, 0, slice(0, 960, None), slice(None, None, None)),), 'dataset shape': (40, 11, 1921, 2560), 'dataset chunks': (7, 1, 385, 512), 'indexing time (s)': 1.430511474609375e-06, 'chunk number': 1650, 'reduction time (s)': 3.0967233180999756, 'chunks processed': 15, 'storage read (B)': 29686785, 'selection 1 time (s)': 3.096869945526123}
Thread times [0.09319138526916504, 0.11092948913574219, 0.12467694282531738, 0.02805805206298828, 0.027280092239379883, 0.25467371940612793, 0.15975499153137207, 0.24888396263122559, 0.16467905044555664, 0.24396753311157227, 0.4478445053100586, 0.670367956161499, 0.2441110610961914, 0.19882440567016602, 0.022352218627929688]
{'args': ((24, 0, slice(0, 960, None), slice(None, None, None)),), 'dataset shape': (40, 11, 1921, 2560), 'dataset chunks': (7, 1, 385, 512), 'indexing time (s)': 9.5367431640625e-07, 'chunk number': 1650, 'reduction time (s)': 3.040807008743286, 'chunks processed': 15, 'storage read (B)': 29686785, 'selection 1 time (s)': 3.04097056388855}
Thread times [0.11272621154785156, 0.12212038040161133, 0.24631929397583008, 0.019093036651611328, 0.019957780838012695, 0.32005977630615234, 0.5566554069519043, 0.25922727584838867, 0.1378164291381836, 0.7659096717834473, 0.13987231254577637, 0.1215972900390625, 0.26431918144226074, 0.21079587936401367, 0.02194952964782715]
{'args': ((25, 0, slice(0, 960, None), slice(None, None, None)),), 'dataset shape': (40, 11, 1921, 2560), 'dataset chunks': (7, 1, 385, 512), 'indexing time (s)': 1.6689300537109375e-06, 'chunk number': 1650, 'reduction time (s)': 3.3196446895599365, 'chunks processed': 15, 'storage read (B)': 29686785, 'selection 1 time (s)': 3.319840908050537}
Thread times [0.09946894645690918, 0.13122105598449707, 0.12804484367370605, 0.01787734031677246, 0.01805257797241211, 0.2053835391998291, 0.11807918548583984, 0.23430585861206055, 0.10869836807250977, 0.31308960914611816, 0.12914180755615234, 0.13708877563476562, 0.2845468521118164, 0.22262215614318848, 0.023540258407592773]
{'args': ((26, 0, slice(0, 960, None), slice(None, None, None)),), 'dataset shape': (40, 11, 1921, 2560), 'dataset chunks': (7, 1, 385, 512), 'indexing time (s)': 1.6689300537109375e-06, 'chunk number': 1650, 'reduction time (s)': 2.1722779273986816, 'chunks processed': 15, 'storage read (B)': 29686785, 'selection 1 time (s)': 2.172503709793091}
Thread times [0.1349353790283203, 0.13781118392944336, 0.16384625434875488, 0.018838167190551758, 0.01871776580810547, 0.25719261169433594, 0.16933155059814453, 0.23675155639648438, 0.11422896385192871, 0.21010756492614746, 0.1265885829925537, 0.17305231094360352, 0.23855996131896973, 0.19979047775268555, 0.022455930709838867]
{'args': ((27, 0, slice(0, 960, None), slice(None, None, None)),), 'dataset shape': (40, 11, 1921, 2560), 'dataset chunks': (7, 1, 385, 512), 'indexing time (s)': 1.1920928955078125e-06, 'chunk number': 1650, 'reduction time (s)': 2.223299503326416, 'chunks processed': 15, 'storage read (B)': 29686785, 'selection 1 time (s)': 2.22346568107605}
Thread times [0.10037660598754883, 0.16596484184265137, 0.13016724586486816, 0.13161230087280273, 0.10766005516052246, 0.1422886848449707, 0.022310495376586914, 0.14305448532104492, 0.022151947021484375, 0.18102002143859863, 0.2574930191040039, 0.28283238410949707, 0.12491655349731445, 0.14458847045898438, 0.20654559135437012]
{'args': ((28, 0, slice(0, 960, None), slice(None, None, None)),), 'dataset shape': (40, 11, 1921, 2560), 'dataset chunks': (7, 1, 385, 512), 'indexing time (s)': 9.5367431640625e-07, 'chunk number': 1650, 'reduction time (s)': 2.1648337841033936, 'chunks processed': 15, 'storage read (B)': 29670387, 'selection 1 time (s)': 2.1649975776672363}
Thread times [0.09053540229797363, 0.15547633171081543, 0.13486242294311523, 0.1073300838470459, 0.11926889419555664, 0.13215041160583496, 0.02175593376159668, 0.11597990989685059, 0.021366119384765625, 0.13088393211364746, 0.23418974876403809, 0.26030874252319336, 0.1170649528503418, 0.13641667366027832, 0.2373213768005371]
{'args': ((29, 0, slice(0, 960, None), slice(None, None, None)),), 'dataset shape': (40, 11, 1921, 2560), 'dataset chunks': (7, 1, 385, 512), 'indexing time (s)': 9.5367431640625e-07, 'chunk number': 1650, 'reduction time (s)': 2.0161173343658447, 'chunks processed': 15, 'storage read (B)': 29670387, 'selection 1 time (s)': 2.016286611557007}
Thread times [0.08959412574768066, 0.10478472709655762, 0.17990374565124512, 0.333646297454834, 0.27260613441467285, 0.14163684844970703, 0.021525144577026367, 0.11963796615600586, 0.020981788635253906, 0.13541936874389648, 0.11500740051269531, 0.24871492385864258, 0.13317298889160156, 0.14250993728637695, 0.2441098690032959]
{'args': ((30, 0, slice(0, 960, None), slice(None, None, None)),), 'dataset shape': (40, 11, 1921, 2560), 'dataset chunks': (7, 1, 385, 512), 'indexing time (s)': 1.1920928955078125e-06, 'chunk number': 1650, 'reduction time (s)': 2.304443597793579, 'chunks processed': 15, 'storage read (B)': 29670387, 'selection 1 time (s)': 2.304595470428467}
Thread times [0.10270929336547852, 0.11200380325317383, 0.13657259941101074, 0.15274333953857422, 0.10352325439453125, 0.13512659072875977, 0.022601604461669922, 0.12376856803894043, 0.022295475006103516, 0.14248991012573242, 0.1378328800201416, 0.23566699028015137, 0.1375596523284912, 0.12766551971435547, 0.2601318359375]
{'args': ((31, 0, slice(0, 960, None), slice(None, None, None)),), 'dataset shape': (40, 11, 1921, 2560), 'dataset chunks': (7, 1, 385, 512), 'indexing time (s)': 9.5367431640625e-07, 'chunk number': 1650, 'reduction time (s)': 1.9540834426879883, 'chunks processed': 15, 'storage read (B)': 29670387, 'selection 1 time (s)': 1.954249382019043}
Thread times [0.1586310863494873, 0.11664652824401855, 0.12401580810546875, 0.2275986671447754, 0.11707162857055664, 0.15116333961486816, 0.021825075149536133, 0.10663580894470215, 0.021533727645874023, 0.12417387962341309, 0.1292881965637207, 0.24843502044677734, 0.16934990882873535, 0.2010331153869629, 0.26668810844421387]
{'args': ((32, 0, slice(0, 960, None), slice(None, None, None)),), 'dataset shape': (40, 11, 1921, 2560), 'dataset chunks': (7, 1, 385, 512), 'indexing time (s)': 1.6689300537109375e-06, 'chunk number': 1650, 'reduction time (s)': 2.1852364540100098, 'chunks processed': 15, 'storage read (B)': 29670387, 'selection 1 time (s)': 2.1853928565979004}
Thread times [0.12178206443786621, 0.11745142936706543, 0.14518308639526367, 0.11602926254272461, 0.12624359130859375, 0.174346923828125, 0.0215609073638916, 0.15990686416625977, 0.02178359031677246, 0.28036046028137207, 0.18432116508483887, 0.2616734504699707, 0.12771320343017578, 0.1275193691253662, 0.23822617530822754]
{'args': ((33, 0, slice(0, 960, None), slice(None, None, None)),), 'dataset shape': (40, 11, 1921, 2560), 'dataset chunks': (7, 1, 385, 512), 'indexing time (s)': 1.1920928955078125e-06, 'chunk number': 1650, 'reduction time (s)': 2.2252955436706543, 'chunks processed': 15, 'storage read (B)': 29670387, 'selection 1 time (s)': 2.2254552841186523}
Thread times [0.09315609931945801, 0.10858917236328125, 0.18392705917358398, 0.10885262489318848, 0.1278543472290039, 0.13961553573608398, 0.022908449172973633, 0.12823247909545898, 0.023067712783813477, 0.13508367538452148, 0.13105273246765137, 0.24942255020141602, 0.14330554008483887, 0.12610125541687012, 0.23238015174865723]
{'args': ((34, 0, slice(0, 960, None), slice(None, None, None)),), 'dataset shape': (40, 11, 1921, 2560), 'dataset chunks': (7, 1, 385, 512), 'indexing time (s)': 9.5367431640625e-07, 'chunk number': 1650, 'reduction time (s)': 1.9548850059509277, 'chunks processed': 15, 'storage read (B)': 29670387, 'selection 1 time (s)': 1.9550561904907227}
Thread times [0.10033321380615234, 0.11632943153381348, 0.10541510581970215, 0.11696076393127441, 0.23151206970214844, 0.13880157470703125, 0.11055541038513184, 0.11129093170166016, 0.15718984603881836, 0.231217622756958, 0.11212682723999023, 0.13701152801513672, 0.23495244979858398, 0.11158013343811035, 0.1086568832397461]
{'args': ((35, 0, slice(0, 960, None), slice(None, None, None)),), 'dataset shape': (40, 11, 1921, 2560), 'dataset chunks': (7, 1, 385, 512), 'indexing time (s)': 1.6689300537109375e-06, 'chunk number': 1650, 'reduction time (s)': 2.125175714492798, 'chunks processed': 15, 'storage read (B)': 21287473, 'selection 1 time (s)': 2.125356435775757}
Thread times [0.10401201248168945, 0.10725998878479004, 0.10564661026000977, 0.17963480949401855, 1.2689025402069092, 0.12006711959838867, 0.10944342613220215, 0.11160802841186523, 0.1734309196472168, 0.24857020378112793, 0.12277913093566895, 0.12360334396362305, 0.2855224609375, 0.11861562728881836, 0.17650628089904785]
{'args': ((36, 0, slice(0, 960, None), slice(None, None, None)),), 'dataset shape': (40, 11, 1921, 2560), 'dataset chunks': (7, 1, 385, 512), 'indexing time (s)': 1.430511474609375e-06, 'chunk number': 1650, 'reduction time (s)': 3.356727361679077, 'chunks processed': 15, 'storage read (B)': 21287473, 'selection 1 time (s)': 3.356874942779541}
Thread times [0.13747668266296387, 0.10993456840515137, 0.1432480812072754, 0.10553407669067383, 0.2440967559814453, 0.1328136920928955, 0.1685779094696045, 0.13611412048339844, 0.12288355827331543, 0.24847650527954102, 0.15468835830688477, 0.11574649810791016, 0.2564983367919922, 0.1343083381652832, 0.24641132354736328]
{'args': ((37, 0, slice(0, 960, None), slice(None, None, None)),), 'dataset shape': (40, 11, 1921, 2560), 'dataset chunks': (7, 1, 385, 512), 'indexing time (s)': 9.5367431640625e-07, 'chunk number': 1650, 'reduction time (s)': 2.4579830169677734, 'chunks processed': 15, 'storage read (B)': 21287473, 'selection 1 time (s)': 2.4581291675567627}
Thread times [0.10500335693359375, 0.11811137199401855, 0.11036825180053711, 0.10952448844909668, 0.22703862190246582, 0.0943899154663086, 0.09575724601745605, 0.10011053085327148, 0.26721692085266113, 0.23677778244018555, 0.10051941871643066, 0.13086533546447754, 0.23364853858947754, 0.10746932029724121, 0.12962126731872559]
{'args': ((38, 0, slice(0, 960, None), slice(None, None, None)),), 'dataset shape': (40, 11, 1921, 2560), 'dataset chunks': (7, 1, 385, 512), 'indexing time (s)': 9.5367431640625e-07, 'chunk number': 1650, 'reduction time (s)': 2.167649745941162, 'chunks processed': 15, 'storage read (B)': 21287473, 'selection 1 time (s)': 2.167818069458008}
Thread times [0.1720423698425293, 0.11069536209106445, 0.14418840408325195, 0.13413691520690918, 0.2601199150085449, 0.10643672943115234, 0.10265564918518066, 0.15676355361938477, 0.14897513389587402, 0.2263929843902588, 0.10713911056518555, 0.11592364311218262, 0.23320364952087402, 0.15508174896240234, 0.12521624565124512]
{'args': ((39, 0, slice(0, 960, None), slice(None, None, None)),), 'dataset shape': (40, 11, 1921, 2560), 'dataset chunks': (7, 1, 385, 512), 'indexing time (s)': 1.6689300537109375e-06, 'chunk number': 1650, 'reduction time (s)': 2.3000712394714355, 'chunks processed': 15, 'storage read (B)': 21287473, 'selection 1 time (s)': 2.3002583980560303}
[[226.07817708]
 [226.06473958]
 [225.93765625]
 [225.90807292]
 [225.91734375]
 [225.88453125]
 [225.82075521]
 [225.85440104]
 [225.98328125]
 [226.03804687]
 [226.01315104]
 [226.02330729]
 [226.03770833]
 [226.00476563]
 [225.91765625]
 [225.94036458]
 [225.98721354]
 [225.9146875 ]
 [225.81242188]
 [225.81869792]
 [225.84526042]
 [225.78497396]
 [225.63651042]
 [225.55651042]
 [225.45734375]
 [225.32369792]
 [225.16325521]
 [225.07794271]
 [225.07846354]
 [225.10664063]
 [225.17609375]
 [225.36880208]
 [225.57911458]
 [225.69080729]
 [225.72229167]
 [225.82367188]
 [225.93658854]
 [225.96765625]
 [225.91861979]
 [225.9225    ]]
Summary:  sci4-op-r1:Local (T1,BS5): 0.736s,100.7s,104.9s
