Dataset loaded from S3 with s3fs and Pyfive: bnl/ch330a.pc19790301-def.nc (0.027,0.42)
Thread times [0.08646440505981445, 0.19708251953125, 0.27247142791748047, 0.2976267337799072, 0.324779748916626, 0.31191086769104004, 0.336590051651001, 0.3477144241333008, 0.3566763401031494, 0.3643453121185303, 0.37014150619506836, 0.3687586784362793, 0.37802553176879883, 0.3943517208099365, 0.4401228427886963]
{'load nc time': 0.4909050464630127, 'args': ((0, 0, slice(0, 960, None), slice(None, None, None)),), 'dataset shape': (40, 11, 1921, 2560), 'dataset chunks': (7, 1, 385, 512), 'indexing time (s)': 2.218397617340088, 'chunk number': 1650, 'reduction time (s)': 0.44838905334472656, 'chunks processed': 15, 'storage read (B)': 29685482, 'selection 2 time (s)': 2.673027276992798}
Thread times [0.16355276107788086, 0.1786813735961914, 0.21686697006225586, 0.30742955207824707, 0.39388322830200195, 0.4638810157775879, 0.4654679298400879, 0.503575325012207, 0.5155205726623535, 0.5190079212188721, 0.506037712097168, 0.555046558380127, 0.5625050067901611, 0.5754024982452393, 0.5848562717437744]
{'args': ((1, 0, slice(0, 960, None), slice(None, None, None)),), 'dataset shape': (40, 11, 1921, 2560), 'dataset chunks': (7, 1, 385, 512), 'indexing time (s)': 1.1920928955078125e-06, 'chunk number': 1650, 'reduction time (s)': 0.6009418964385986, 'chunks processed': 15, 'storage read (B)': 29685482, 'selection 2 time (s)': 0.6077389717102051}
Thread times [0.23580050468444824, 0.2617156505584717, 0.26488804817199707, 0.2679121494293213, 0.2622847557067871, 0.28418564796447754, 0.29305362701416016, 0.2991816997528076, 0.6017394065856934, 0.6010355949401855, 0.5964293479919434, 0.605297327041626, 0.6218669414520264, 0.6299357414245605, 0.6289670467376709]
{'args': ((2, 0, slice(0, 960, None), slice(None, None, None)),), 'dataset shape': (40, 11, 1921, 2560), 'dataset chunks': (7, 1, 385, 512), 'indexing time (s)': 1.1920928955078125e-06, 'chunk number': 1650, 'reduction time (s)': 0.6682031154632568, 'chunks processed': 15, 'storage read (B)': 29685482, 'selection 2 time (s)': 0.6744108200073242}
Thread times [0.1022496223449707, 0.11121296882629395, 0.14742112159729004, 0.15625238418579102, 0.19095873832702637, 0.24625110626220703, 0.2568359375, 0.2658987045288086, 0.27962827682495117, 0.29924893379211426, 0.30837225914001465, 0.3089783191680908, 0.308917760848999, 0.33382177352905273, 0.3382680416107178]
{'args': ((3, 0, slice(0, 960, None), slice(None, None, None)),), 'dataset shape': (40, 11, 1921, 2560), 'dataset chunks': (7, 1, 385, 512), 'indexing time (s)': 1.1920928955078125e-06, 'chunk number': 1650, 'reduction time (s)': 0.36583399772644043, 'chunks processed': 15, 'storage read (B)': 29685482, 'selection 2 time (s)': 0.372173547744751}
Thread times [0.10060477256774902, 0.11815690994262695, 0.14152264595031738, 0.16351723670959473, 0.1615149974822998, 0.17966246604919434, 0.23767757415771484, 0.24259591102600098, 0.2485964298248291, 0.2551586627960205, 0.25643301010131836, 0.27217555046081543, 0.27872371673583984, 0.277895450592041, 0.29439806938171387]
{'args': ((4, 0, slice(0, 960, None), slice(None, None, None)),), 'dataset shape': (40, 11, 1921, 2560), 'dataset chunks': (7, 1, 385, 512), 'indexing time (s)': 9.5367431640625e-07, 'chunk number': 1650, 'reduction time (s)': 0.301910400390625, 'chunks processed': 15, 'storage read (B)': 29685482, 'selection 2 time (s)': 0.30852341651916504}
Thread times [0.09323310852050781, 0.13842272758483887, 0.1398303508758545, 0.15312910079956055, 0.15543293952941895, 0.15738987922668457, 0.1632845401763916, 0.1682279109954834, 0.18496298789978027, 0.18769478797912598, 0.20091938972473145, 0.41889429092407227, 0.4465789794921875, 0.4555487632751465, 0.4850897789001465]
{'args': ((5, 0, slice(0, 960, None), slice(None, None, None)),), 'dataset shape': (40, 11, 1921, 2560), 'dataset chunks': (7, 1, 385, 512), 'indexing time (s)': 9.5367431640625e-07, 'chunk number': 1650, 'reduction time (s)': 0.49689626693725586, 'chunks processed': 15, 'storage read (B)': 29685482, 'selection 2 time (s)': 0.5031912326812744}
Thread times [0.10644006729125977, 0.19789528846740723, 0.20182514190673828, 0.21480703353881836, 0.21485114097595215, 0.22188091278076172, 0.24643802642822266, 0.2883143424987793, 0.3432300090789795, 0.3585083484649658, 0.3864927291870117, 0.39759230613708496, 0.4309196472167969, 0.4517707824707031, 0.4498403072357178]
{'args': ((6, 0, slice(0, 960, None), slice(None, None, None)),), 'dataset shape': (40, 11, 1921, 2560), 'dataset chunks': (7, 1, 385, 512), 'indexing time (s)': 1.1920928955078125e-06, 'chunk number': 1650, 'reduction time (s)': 0.4728965759277344, 'chunks processed': 15, 'storage read (B)': 29685482, 'selection 2 time (s)': 0.479128360748291}
Thread times [0.4114232063293457, 0.48270344734191895, 0.5349931716918945, 0.5636498928070068, 0.5446066856384277, 0.5461530685424805, 0.5766549110412598, 0.5833666324615479, 0.5858516693115234, 0.5671031475067139, 0.6002764701843262, 0.5988240242004395, 0.6033973693847656, 0.6121475696563721, 0.6181180477142334]
{'args': ((7, 0, slice(0, 960, None), slice(None, None, None)),), 'dataset shape': (40, 11, 1921, 2560), 'dataset chunks': (7, 1, 385, 512), 'indexing time (s)': 1.1920928955078125e-06, 'chunk number': 1650, 'reduction time (s)': 0.625166654586792, 'chunks processed': 15, 'storage read (B)': 29701892, 'selection 2 time (s)': 0.6312456130981445}
Thread times [0.19025897979736328, 0.2193138599395752, 0.25075554847717285, 0.3267171382904053, 0.3351705074310303, 0.3541848659515381, 0.3499627113342285, 0.35164976119995117, 0.3632850646972656, 0.3743596076965332, 0.37406015396118164, 0.37685418128967285, 0.3913850784301758, 0.3889961242675781, 0.39669156074523926]
{'args': ((8, 0, slice(0, 960, None), slice(None, None, None)),), 'dataset shape': (40, 11, 1921, 2560), 'dataset chunks': (7, 1, 385, 512), 'indexing time (s)': 1.6689300537109375e-06, 'chunk number': 1650, 'reduction time (s)': 0.40674519538879395, 'chunks processed': 15, 'storage read (B)': 29701892, 'selection 2 time (s)': 0.41343164443969727}
Thread times [0.12157940864562988, 0.1432948112487793, 0.16031789779663086, 0.19194340705871582, 0.2581064701080322, 0.25795888900756836, 0.26126575469970703, 0.2660830020904541, 0.26610612869262695, 0.27829957008361816, 0.2857844829559326, 0.29602909088134766, 0.2917630672454834, 0.31188225746154785, 0.3553328514099121]
{'args': ((9, 0, slice(0, 960, None), slice(None, None, None)),), 'dataset shape': (40, 11, 1921, 2560), 'dataset chunks': (7, 1, 385, 512), 'indexing time (s)': 1.1920928955078125e-06, 'chunk number': 1650, 'reduction time (s)': 0.36417722702026367, 'chunks processed': 15, 'storage read (B)': 29701892, 'selection 2 time (s)': 0.37025022506713867}
Thread times [0.14223146438598633, 0.17862606048583984, 0.1813051700592041, 0.18710994720458984, 0.19619536399841309, 0.2508699893951416, 0.3902766704559326, 0.3983314037322998, 0.42485523223876953, 0.4289970397949219, 0.42791318893432617, 0.4330935478210449, 0.44196200370788574, 0.4414849281311035, 0.45314812660217285]
{'args': ((10, 0, slice(0, 960, None), slice(None, None, None)),), 'dataset shape': (40, 11, 1921, 2560), 'dataset chunks': (7, 1, 385, 512), 'indexing time (s)': 1.1920928955078125e-06, 'chunk number': 1650, 'reduction time (s)': 0.4600653648376465, 'chunks processed': 15, 'storage read (B)': 29701892, 'selection 2 time (s)': 0.46600866317749023}
Thread times [0.16411590576171875, 0.16491436958312988, 0.17188787460327148, 0.20076203346252441, 0.19932985305786133, 0.2119755744934082, 0.33750152587890625, 0.33988451957702637, 0.3495798110961914, 0.35865306854248047, 0.36426615715026855, 0.35837888717651367, 0.359619140625, 0.3737637996673584, 0.38356781005859375]
{'args': ((11, 0, slice(0, 960, None), slice(None, None, None)),), 'dataset shape': (40, 11, 1921, 2560), 'dataset chunks': (7, 1, 385, 512), 'indexing time (s)': 1.430511474609375e-06, 'chunk number': 1650, 'reduction time (s)': 0.39017629623413086, 'chunks processed': 15, 'storage read (B)': 29701892, 'selection 2 time (s)': 0.3961923122406006}
Thread times [0.20134449005126953, 0.20789599418640137, 0.21853041648864746, 0.2167508602142334, 0.22226548194885254, 0.22777462005615234, 0.22539162635803223, 0.2368178367614746, 0.3454573154449463, 0.36893272399902344, 0.3652811050415039, 0.38147878646850586, 0.3754732608795166, 0.38501787185668945, 0.41247105598449707]
{'args': ((12, 0, slice(0, 960, None), slice(None, None, None)),), 'dataset shape': (40, 11, 1921, 2560), 'dataset chunks': (7, 1, 385, 512), 'indexing time (s)': 1.1920928955078125e-06, 'chunk number': 1650, 'reduction time (s)': 0.419208288192749, 'chunks processed': 15, 'storage read (B)': 29701892, 'selection 2 time (s)': 0.4256730079650879}
Thread times [0.12740659713745117, 0.13719582557678223, 0.14135456085205078, 0.1270122528076172, 0.14116334915161133, 0.15152454376220703, 0.18714451789855957, 0.17742657661437988, 0.2055056095123291, 0.3912029266357422, 0.40748047828674316, 0.4421999454498291, 0.428802490234375, 0.47254323959350586, 0.4733235836029053]
{'args': ((13, 0, slice(0, 960, None), slice(None, None, None)),), 'dataset shape': (40, 11, 1921, 2560), 'dataset chunks': (7, 1, 385, 512), 'indexing time (s)': 1.430511474609375e-06, 'chunk number': 1650, 'reduction time (s)': 0.488114595413208, 'chunks processed': 15, 'storage read (B)': 29701892, 'selection 2 time (s)': 0.4940659999847412}
Thread times [0.17258954048156738, 0.25070643424987793, 0.25723743438720703, 0.24239253997802734, 0.28991127014160156, 0.29184579849243164, 0.29354047775268555, 0.3025665283203125, 0.2796437740325928, 0.27660131454467773, 0.32001757621765137, 0.37255144119262695, 0.37262892723083496, 0.37500643730163574, 0.40515780448913574]
{'args': ((14, 0, slice(0, 960, None), slice(None, None, None)),), 'dataset shape': (40, 11, 1921, 2560), 'dataset chunks': (7, 1, 385, 512), 'indexing time (s)': 1.6689300537109375e-06, 'chunk number': 1650, 'reduction time (s)': 0.4126594066619873, 'chunks processed': 15, 'storage read (B)': 29733505, 'selection 2 time (s)': 0.41864585876464844}
Thread times [0.20837879180908203, 0.37129640579223633, 0.47968125343322754, 0.48546338081359863, 0.5114486217498779, 0.4842708110809326, 0.5218746662139893, 0.5309956073760986, 0.531625509262085, 0.5984282493591309, 0.6443302631378174, 0.6470394134521484, 0.6642398834228516, 0.6925573348999023, 0.7447867393493652]
{'args': ((15, 0, slice(0, 960, None), slice(None, None, None)),), 'dataset shape': (40, 11, 1921, 2560), 'dataset chunks': (7, 1, 385, 512), 'indexing time (s)': 9.5367431640625e-07, 'chunk number': 1650, 'reduction time (s)': 0.7492091655731201, 'chunks processed': 15, 'storage read (B)': 29733505, 'selection 2 time (s)': 0.7627789974212646}
Thread times [0.13908815383911133, 0.13814234733581543, 0.15491724014282227, 0.16105222702026367, 0.4458789825439453, 0.449939489364624, 0.47473716735839844, 0.48059797286987305, 0.5004160404205322, 0.518744945526123, 0.5201151371002197, 0.5460121631622314, 0.5244913101196289, 0.5601968765258789, 0.5590949058532715]
{'args': ((16, 0, slice(0, 960, None), slice(None, None, None)),), 'dataset shape': (40, 11, 1921, 2560), 'dataset chunks': (7, 1, 385, 512), 'indexing time (s)': 1.1920928955078125e-06, 'chunk number': 1650, 'reduction time (s)': 0.5770189762115479, 'chunks processed': 15, 'storage read (B)': 29733505, 'selection 2 time (s)': 0.5834047794342041}
Thread times [0.34647417068481445, 0.476564884185791, 0.5436930656433105, 0.54929518699646, 0.556312084197998, 0.5731582641601562, 0.5772650241851807, 0.5658738613128662, 0.5749149322509766, 0.5829565525054932, 0.5845565795898438, 0.6044473648071289, 0.583376407623291, 0.610999345779419, 0.6191263198852539]
{'args': ((17, 0, slice(0, 960, None), slice(None, None, None)),), 'dataset shape': (40, 11, 1921, 2560), 'dataset chunks': (7, 1, 385, 512), 'indexing time (s)': 1.430511474609375e-06, 'chunk number': 1650, 'reduction time (s)': 0.6270253658294678, 'chunks processed': 15, 'storage read (B)': 29733505, 'selection 2 time (s)': 0.6332032680511475}
Thread times [0.4412071704864502, 0.44470691680908203, 0.4916250705718994, 0.4991874694824219, 0.521291971206665, 0.5212533473968506, 0.5197958946228027, 0.5269324779510498, 0.5324790477752686, 0.5405747890472412, 0.5453815460205078, 0.5443964004516602, 0.5561468601226807, 0.5703840255737305, 0.5690300464630127]
{'args': ((18, 0, slice(0, 960, None), slice(None, None, None)),), 'dataset shape': (40, 11, 1921, 2560), 'dataset chunks': (7, 1, 385, 512), 'indexing time (s)': 1.430511474609375e-06, 'chunk number': 1650, 'reduction time (s)': 0.5762648582458496, 'chunks processed': 15, 'storage read (B)': 29733505, 'selection 2 time (s)': 0.5828750133514404}
Thread times [0.2930455207824707, 0.3901221752166748, 0.42111825942993164, 0.4327867031097412, 0.4597971439361572, 0.471757173538208, 0.48778676986694336, 0.5072901248931885, 0.47836804389953613, 0.4811704158782959, 0.4987788200378418, 0.5017127990722656, 0.5139620304107666, 0.5122170448303223, 0.521986722946167]
{'args': ((19, 0, slice(0, 960, None), slice(None, None, None)),), 'dataset shape': (40, 11, 1921, 2560), 'dataset chunks': (7, 1, 385, 512), 'indexing time (s)': 9.5367431640625e-07, 'chunk number': 1650, 'reduction time (s)': 0.5475354194641113, 'chunks processed': 15, 'storage read (B)': 29733505, 'selection 2 time (s)': 0.5538105964660645}
Thread times [0.20214200019836426, 0.3954122066497803, 0.4267752170562744, 0.48180627822875977, 0.48927974700927734, 0.4929935932159424, 0.5049383640289307, 0.4967348575592041, 0.4988870620727539, 0.5091094970703125, 0.5240318775177002, 0.5244839191436768, 0.5347156524658203, 0.5116095542907715, 0.5413846969604492]
{'args': ((20, 0, slice(0, 960, None), slice(None, None, None)),), 'dataset shape': (40, 11, 1921, 2560), 'dataset chunks': (7, 1, 385, 512), 'indexing time (s)': 9.5367431640625e-07, 'chunk number': 1650, 'reduction time (s)': 0.548612117767334, 'chunks processed': 15, 'storage read (B)': 29733505, 'selection 2 time (s)': 0.5550632476806641}
Thread times [0.13252806663513184, 0.1416158676147461, 0.16701865196228027, 0.17258548736572266, 0.1740128993988037, 0.1793651580810547, 0.1859440803527832, 0.20543217658996582, 0.21278595924377441, 0.27890467643737793, 0.3074049949645996, 0.31971049308776855, 0.32459139823913574, 0.3299112319946289, 0.3330991268157959]
{'args': ((21, 0, slice(0, 960, None), slice(None, None, None)),), 'dataset shape': (40, 11, 1921, 2560), 'dataset chunks': (7, 1, 385, 512), 'indexing time (s)': 9.5367431640625e-07, 'chunk number': 1650, 'reduction time (s)': 0.34674572944641113, 'chunks processed': 15, 'storage read (B)': 29686785, 'selection 2 time (s)': 0.35279226303100586}
Thread times [0.18294382095336914, 0.21958303451538086, 0.2295093536376953, 0.30689144134521484, 0.3149538040161133, 0.30075907707214355, 0.3285970687866211, 0.3207411766052246, 0.3542163372039795, 0.3553469181060791, 0.3559410572052002, 0.3589308261871338, 0.35623621940612793, 0.4004790782928467, 0.39133334159851074]
{'args': ((22, 0, slice(0, 960, None), slice(None, None, None)),), 'dataset shape': (40, 11, 1921, 2560), 'dataset chunks': (7, 1, 385, 512), 'indexing time (s)': 1.1920928955078125e-06, 'chunk number': 1650, 'reduction time (s)': 0.42461085319519043, 'chunks processed': 15, 'storage read (B)': 29686785, 'selection 2 time (s)': 0.43071770668029785}
Thread times [0.0768592357635498, 0.19610047340393066, 0.1959543228149414, 0.21598124504089355, 0.22310471534729004, 0.20920372009277344, 0.2615199089050293, 0.30901002883911133, 0.3428943157196045, 0.3682093620300293, 0.37567710876464844, 0.3884744644165039, 0.40267109870910645, 0.398878812789917, 0.40709733963012695]
{'args': ((23, 0, slice(0, 960, None), slice(None, None, None)),), 'dataset shape': (40, 11, 1921, 2560), 'dataset chunks': (7, 1, 385, 512), 'indexing time (s)': 1.1920928955078125e-06, 'chunk number': 1650, 'reduction time (s)': 0.4264967441558838, 'chunks processed': 15, 'storage read (B)': 29686785, 'selection 2 time (s)': 0.43282008171081543}
Thread times [0.09987688064575195, 0.11513042449951172, 0.11869025230407715, 0.14398741722106934, 0.24746918678283691, 0.38936424255371094, 0.4900832176208496, 0.4989614486694336, 0.525336503982544, 0.5403532981872559, 0.5543508529663086, 0.5521085262298584, 0.555325984954834, 0.5891282558441162, 0.5959222316741943]
{'args': ((24, 0, slice(0, 960, None), slice(None, None, None)),), 'dataset shape': (40, 11, 1921, 2560), 'dataset chunks': (7, 1, 385, 512), 'indexing time (s)': 1.430511474609375e-06, 'chunk number': 1650, 'reduction time (s)': 0.607184648513794, 'chunks processed': 15, 'storage read (B)': 29686785, 'selection 2 time (s)': 0.6137721538543701}
Thread times [0.4681234359741211, 0.5004920959472656, 0.5777158737182617, 0.5939269065856934, 0.6661829948425293, 0.6816163063049316, 0.6848156452178955, 0.6954247951507568, 0.6971793174743652, 0.7053778171539307, 0.7297627925872803, 0.7198150157928467, 0.7190320491790771, 0.726116418838501, 0.7520046234130859]
{'args': ((25, 0, slice(0, 960, None), slice(None, None, None)),), 'dataset shape': (40, 11, 1921, 2560), 'dataset chunks': (7, 1, 385, 512), 'indexing time (s)': 1.430511474609375e-06, 'chunk number': 1650, 'reduction time (s)': 0.7772171497344971, 'chunks processed': 15, 'storage read (B)': 29686785, 'selection 2 time (s)': 0.7835521697998047}
Thread times [0.11553120613098145, 0.13937830924987793, 0.2618529796600342, 0.2816023826599121, 0.32462334632873535, 0.318936824798584, 0.3909308910369873, 0.4344465732574463, 0.43540048599243164, 0.4548158645629883, 0.47519564628601074, 0.4818105697631836, 0.48673248291015625, 0.5123233795166016, 0.5108308792114258]
{'args': ((26, 0, slice(0, 960, None), slice(None, None, None)),), 'dataset shape': (40, 11, 1921, 2560), 'dataset chunks': (7, 1, 385, 512), 'indexing time (s)': 9.5367431640625e-07, 'chunk number': 1650, 'reduction time (s)': 0.5167429447174072, 'chunks processed': 15, 'storage read (B)': 29686785, 'selection 2 time (s)': 0.5235898494720459}
Thread times [0.2470088005065918, 0.4414224624633789, 0.5208261013031006, 0.5241823196411133, 0.5506846904754639, 0.5569648742675781, 0.5431380271911621, 0.5617024898529053, 0.5505988597869873, 0.5696954727172852, 0.5762801170349121, 0.5859105587005615, 0.5922162532806396, 0.5892930030822754, 0.592454195022583]
{'args': ((27, 0, slice(0, 960, None), slice(None, None, None)),), 'dataset shape': (40, 11, 1921, 2560), 'dataset chunks': (7, 1, 385, 512), 'indexing time (s)': 1.6689300537109375e-06, 'chunk number': 1650, 'reduction time (s)': 0.6135704517364502, 'chunks processed': 15, 'storage read (B)': 29686785, 'selection 2 time (s)': 0.6197736263275146}
Thread times [0.16492748260498047, 0.19664645195007324, 0.20935678482055664, 0.32506418228149414, 0.3424074649810791, 0.38636326789855957, 0.3988666534423828, 0.41530537605285645, 0.4408862590789795, 0.43793320655822754, 0.44119763374328613, 0.4502377510070801, 0.45714735984802246, 1.1376688480377197, 1.1457436084747314]
{'args': ((28, 0, slice(0, 960, None), slice(None, None, None)),), 'dataset shape': (40, 11, 1921, 2560), 'dataset chunks': (7, 1, 385, 512), 'indexing time (s)': 9.5367431640625e-07, 'chunk number': 1650, 'reduction time (s)': 1.1578953266143799, 'chunks processed': 15, 'storage read (B)': 29670387, 'selection 2 time (s)': 1.164395809173584}
Thread times [0.2333512306213379, 0.2519392967224121, 0.262162446975708, 0.25613903999328613, 0.26882052421569824, 0.273723840713501, 0.2810831069946289, 0.284313440322876, 0.2921476364135742, 0.3370780944824219, 0.3509690761566162, 0.3446519374847412, 0.358304500579834, 0.36699962615966797, 0.36223578453063965]
{'args': ((29, 0, slice(0, 960, None), slice(None, None, None)),), 'dataset shape': (40, 11, 1921, 2560), 'dataset chunks': (7, 1, 385, 512), 'indexing time (s)': 1.1920928955078125e-06, 'chunk number': 1650, 'reduction time (s)': 0.3730020523071289, 'chunks processed': 15, 'storage read (B)': 29670387, 'selection 2 time (s)': 0.3793034553527832}
Thread times [0.10990691184997559, 0.1568892002105713, 0.34072422981262207, 0.3514852523803711, 0.33902931213378906, 0.37800168991088867, 0.3602442741394043, 0.3607594966888428, 0.3763768672943115, 0.39787769317626953, 0.3785696029663086, 0.38835954666137695, 0.3925189971923828, 0.4032430648803711, 0.405916690826416]
{'args': ((30, 0, slice(0, 960, None), slice(None, None, None)),), 'dataset shape': (40, 11, 1921, 2560), 'dataset chunks': (7, 1, 385, 512), 'indexing time (s)': 9.5367431640625e-07, 'chunk number': 1650, 'reduction time (s)': 0.43242788314819336, 'chunks processed': 15, 'storage read (B)': 29670387, 'selection 2 time (s)': 0.4390397071838379}
Thread times [0.11343765258789062, 0.11886096000671387, 0.17554187774658203, 0.29215264320373535, 0.33182692527770996, 0.3771519660949707, 0.4029116630554199, 0.40520381927490234, 0.4080829620361328, 0.4201664924621582, 0.43437981605529785, 0.43363285064697266, 0.4157531261444092, 0.4475111961364746, 0.4390397071838379]
{'args': ((31, 0, slice(0, 960, None), slice(None, None, None)),), 'dataset shape': (40, 11, 1921, 2560), 'dataset chunks': (7, 1, 385, 512), 'indexing time (s)': 1.1920928955078125e-06, 'chunk number': 1650, 'reduction time (s)': 0.4618549346923828, 'chunks processed': 15, 'storage read (B)': 29670387, 'selection 2 time (s)': 0.47130489349365234}
Thread times [0.22234702110290527, 0.2667396068572998, 0.4081864356994629, 0.40770411491394043, 0.45431947708129883, 0.44762110710144043, 0.46269941329956055, 0.4556310176849365, 0.4772944450378418, 0.4665842056274414, 0.48188090324401855, 0.4883151054382324, 0.496837854385376, 0.4996368885040283, 0.5033810138702393]
{'args': ((32, 0, slice(0, 960, None), slice(None, None, None)),), 'dataset shape': (40, 11, 1921, 2560), 'dataset chunks': (7, 1, 385, 512), 'indexing time (s)': 1.1920928955078125e-06, 'chunk number': 1650, 'reduction time (s)': 0.5179729461669922, 'chunks processed': 15, 'storage read (B)': 29670387, 'selection 2 time (s)': 0.5245468616485596}
Thread times [0.19310402870178223, 0.24824905395507812, 0.27276110649108887, 0.27879810333251953, 0.2797238826751709, 0.2634894847869873, 0.2676584720611572, 0.2984037399291992, 0.30004262924194336, 0.2894155979156494, 0.3146212100982666, 0.3199005126953125, 0.30608057975769043, 0.33496952056884766, 0.3269920349121094]
{'args': ((33, 0, slice(0, 960, None), slice(None, None, None)),), 'dataset shape': (40, 11, 1921, 2560), 'dataset chunks': (7, 1, 385, 512), 'indexing time (s)': 1.6689300537109375e-06, 'chunk number': 1650, 'reduction time (s)': 0.3535425662994385, 'chunks processed': 15, 'storage read (B)': 29670387, 'selection 2 time (s)': 0.3597068786621094}
Thread times [0.17171359062194824, 0.24625635147094727, 0.326383113861084, 0.3958914279937744, 0.4262886047363281, 0.454387903213501, 0.472536563873291, 0.47417497634887695, 0.4929170608520508, 0.4836266040802002, 0.4807109832763672, 0.5048644542694092, 0.5089225769042969, 0.5065536499023438, 0.5201566219329834]
{'args': ((34, 0, slice(0, 960, None), slice(None, None, None)),), 'dataset shape': (40, 11, 1921, 2560), 'dataset chunks': (7, 1, 385, 512), 'indexing time (s)': 1.6689300537109375e-06, 'chunk number': 1650, 'reduction time (s)': 0.531635046005249, 'chunks processed': 15, 'storage read (B)': 29670387, 'selection 2 time (s)': 0.5382335186004639}
Thread times [0.0965127944946289, 0.1072237491607666, 0.13062262535095215, 0.09917998313903809, 0.15496325492858887, 0.16598987579345703, 0.14625287055969238, 0.15311431884765625, 0.19401025772094727, 0.16267943382263184, 0.16074466705322266, 0.1814250946044922, 0.23428130149841309, 0.2001783847808838, 0.195662260055542]
{'args': ((35, 0, slice(0, 960, None), slice(None, None, None)),), 'dataset shape': (40, 11, 1921, 2560), 'dataset chunks': (7, 1, 385, 512), 'indexing time (s)': 1.1920928955078125e-06, 'chunk number': 1650, 'reduction time (s)': 0.24579501152038574, 'chunks processed': 15, 'storage read (B)': 21287473, 'selection 2 time (s)': 0.25177574157714844}
Thread times [0.13743114471435547, 0.1836564540863037, 0.16672277450561523, 0.19127106666564941, 0.1703629493713379, 0.20309019088745117, 0.19251704216003418, 0.21564245223999023, 0.21790003776550293, 0.22739887237548828, 0.2334749698638916, 0.22647404670715332, 0.23680973052978516, 0.24495482444763184, 0.24219632148742676]
{'args': ((36, 0, slice(0, 960, None), slice(None, None, None)),), 'dataset shape': (40, 11, 1921, 2560), 'dataset chunks': (7, 1, 385, 512), 'indexing time (s)': 9.5367431640625e-07, 'chunk number': 1650, 'reduction time (s)': 0.250657320022583, 'chunks processed': 15, 'storage read (B)': 21287473, 'selection 2 time (s)': 0.25662946701049805}
Thread times [0.2094254493713379, 0.27234315872192383, 0.2796142101287842, 0.3379659652709961, 0.334244966506958, 0.3428823947906494, 0.3501119613647461, 0.35085344314575195, 0.3504750728607178, 0.3617126941680908, 0.36106181144714355, 0.36301445960998535, 0.36480069160461426, 0.378157377243042, 0.38074326515197754]
{'args': ((37, 0, slice(0, 960, None), slice(None, None, None)),), 'dataset shape': (40, 11, 1921, 2560), 'dataset chunks': (7, 1, 385, 512), 'indexing time (s)': 1.1920928955078125e-06, 'chunk number': 1650, 'reduction time (s)': 0.38951992988586426, 'chunks processed': 15, 'storage read (B)': 21287473, 'selection 2 time (s)': 0.39603400230407715}
Thread times [0.12191534042358398, 0.14623665809631348, 0.2098538875579834, 0.2582583427429199, 0.3212850093841553, 0.31658148765563965, 0.3381667137145996, 0.3350503444671631, 0.348313570022583, 0.34961557388305664, 0.3343515396118164, 0.3384134769439697, 0.3435482978820801, 0.34368252754211426, 0.35318851470947266]
{'args': ((38, 0, slice(0, 960, None), slice(None, None, None)),), 'dataset shape': (40, 11, 1921, 2560), 'dataset chunks': (7, 1, 385, 512), 'indexing time (s)': 9.5367431640625e-07, 'chunk number': 1650, 'reduction time (s)': 0.3754854202270508, 'chunks processed': 15, 'storage read (B)': 21287473, 'selection 2 time (s)': 0.3818197250366211}
Thread times [0.1533975601196289, 0.13579225540161133, 0.1655597686767578, 0.1486806869506836, 0.17818975448608398, 0.1763746738433838, 0.17932868003845215, 0.17677545547485352, 0.1778125762939453, 0.18005132675170898, 0.20241045951843262, 0.19458436965942383, 0.1997678279876709, 0.18780040740966797, 0.22207427024841309]
{'args': ((39, 0, slice(0, 960, None), slice(None, None, None)),), 'dataset shape': (40, 11, 1921, 2560), 'dataset chunks': (7, 1, 385, 512), 'indexing time (s)': 1.430511474609375e-06, 'chunk number': 1650, 'reduction time (s)': 0.22964954376220703, 'chunks processed': 15, 'storage read (B)': 21287473, 'selection 2 time (s)': 0.23924612998962402}
[[226.07820312]
 [226.0646875 ]
 [225.93776042]
 [225.90822917]
 [225.91739583]
 [225.88460937]
 [225.82080729]
 [225.85434896]
 [225.98346354]
 [226.03820312]
 [226.01317708]
 [226.02335938]
 [226.03765625]
 [226.00486979]
 [225.91776042]
 [225.9403125 ]
 [225.98729167]
 [225.91450521]
 [225.81239583]
 [225.81888021]
 [225.8453125 ]
 [225.78502604]
 [225.63645833]
 [225.5565625 ]
 [225.45744792]
 [225.32382813]
 [225.16335937]
 [225.07789063]
 [225.07848958]
 [225.10666667]
 [225.17606771]
 [225.36867187]
 [225.57927083]
 [225.69083333]
 [225.72221354]
 [225.82369792]
 [225.93640625]
 [225.96760417]
 [225.91872396]
 [225.92236979]]
Summary:  sci4-op-r1:Active (T100,BS1): 0.491s,19.58s,22.56s
