Dataset loaded from S3 with s3fs and Pyfive: bnl/ch330a.pc19790301-def.nc (0.026,1.6)
Thread times [0.11446499824523926, 0.1415879726409912, 0.28433871269226074, 0.09587693214416504, 0.13123440742492676, 0.33071088790893555, 0.14150094985961914, 0.2704019546508789, 0.2564680576324463, 0.13107800483703613, 0.2084503173828125, 0.32850074768066406, 0.24712872505187988, 0.17115092277526855, 0.15117478370666504]
{'load nc time': 1.7226040363311768, 'args': ((0, 0, slice(0, 960, None), slice(None, None, None)),), 'dataset shape': (40, 11, 1921, 2560), 'dataset chunks': (7, 1, 385, 512), 'indexing time (s)': 3.7914505004882812, 'chunk number': 1650, 'reduction time (s)': 3.005246877670288, 'chunks processed': 15, 'storage read (B)': 29685482, 'selection 1 time (s)': 6.796857118606567}
Thread times [0.14287137985229492, 0.11342024803161621, 0.2548789978027344, 0.12945151329040527, 0.14053034782409668, 0.27651429176330566, 0.11736702919006348, 0.2987704277038574, 0.22086548805236816, 0.10158109664916992, 0.20787978172302246, 0.2856619358062744, 0.21530985832214355, 0.13061738014221191, 0.11406397819519043]
{'args': ((1, 0, slice(0, 960, None), slice(None, None, None)),), 'dataset shape': (40, 11, 1921, 2560), 'dataset chunks': (7, 1, 385, 512), 'indexing time (s)': 9.5367431640625e-07, 'chunk number': 1650, 'reduction time (s)': 2.750974416732788, 'chunks processed': 15, 'storage read (B)': 29685482, 'selection 1 time (s)': 2.7511279582977295}
Thread times [0.10493254661560059, 0.1386091709136963, 0.22715997695922852, 0.0975046157836914, 0.13977503776550293, 0.3725559711456299, 0.12368083000183105, 0.34137725830078125, 0.21876001358032227, 0.18831253051757812, 0.18391919136047363, 0.2673323154449463, 0.24528908729553223, 0.10669898986816406, 0.12899017333984375]
{'args': ((2, 0, slice(0, 960, None), slice(None, None, None)),), 'dataset shape': (40, 11, 1921, 2560), 'dataset chunks': (7, 1, 385, 512), 'indexing time (s)': 1.1920928955078125e-06, 'chunk number': 1650, 'reduction time (s)': 2.886028289794922, 'chunks processed': 15, 'storage read (B)': 29685482, 'selection 1 time (s)': 2.886223077774048}
Thread times [0.1151270866394043, 0.10590982437133789, 0.24964690208435059, 0.11005425453186035, 0.10319685935974121, 0.2222449779510498, 0.11578893661499023, 0.2579059600830078, 0.25577425956726074, 0.13025712966918945, 0.18190574645996094, 1.2347557544708252, 0.20424270629882812, 0.1229395866394043, 0.1006166934967041]
{'args': ((3, 0, slice(0, 960, None), slice(None, None, None)),), 'dataset shape': (40, 11, 1921, 2560), 'dataset chunks': (7, 1, 385, 512), 'indexing time (s)': 1.430511474609375e-06, 'chunk number': 1650, 'reduction time (s)': 3.51153302192688, 'chunks processed': 15, 'storage read (B)': 29685482, 'selection 1 time (s)': 3.5116870403289795}
Thread times [0.14007091522216797, 0.1326746940612793, 0.22042393684387207, 0.1112358570098877, 0.11470603942871094, 0.24175596237182617, 0.13408732414245605, 0.2974534034729004, 0.24727821350097656, 0.1324169635772705, 0.1633760929107666, 0.2378077507019043, 0.21474409103393555, 0.09967184066772461, 0.1301593780517578]
{'args': ((4, 0, slice(0, 960, None), slice(None, None, None)),), 'dataset shape': (40, 11, 1921, 2560), 'dataset chunks': (7, 1, 385, 512), 'indexing time (s)': 9.5367431640625e-07, 'chunk number': 1650, 'reduction time (s)': 2.618985176086426, 'chunks processed': 15, 'storage read (B)': 29685482, 'selection 1 time (s)': 2.619143486022949}
Thread times [0.11743021011352539, 0.12984609603881836, 0.2604961395263672, 0.12589335441589355, 0.1280992031097412, 0.24732232093811035, 0.12093973159790039, 0.24876880645751953, 0.26688599586486816, 0.1054830551147461, 0.19284582138061523, 0.2262561321258545, 0.22491192817687988, 0.18105673789978027, 0.1300044059753418]
{'args': ((5, 0, slice(0, 960, None), slice(None, None, None)),), 'dataset shape': (40, 11, 1921, 2560), 'dataset chunks': (7, 1, 385, 512), 'indexing time (s)': 9.5367431640625e-07, 'chunk number': 1650, 'reduction time (s)': 2.707365036010742, 'chunks processed': 15, 'storage read (B)': 29685482, 'selection 1 time (s)': 2.707524299621582}
Thread times [0.2100076675415039, 0.11829042434692383, 0.23364877700805664, 0.11350274085998535, 0.16094064712524414, 0.21654367446899414, 0.13912487030029297, 0.23494410514831543, 0.24215221405029297, 0.15671777725219727, 0.17348051071166992, 0.24285364151000977, 0.2392442226409912, 0.15880823135375977, 0.13079428672790527]
{'args': ((6, 0, slice(0, 960, None), slice(None, None, None)),), 'dataset shape': (40, 11, 1921, 2560), 'dataset chunks': (7, 1, 385, 512), 'indexing time (s)': 1.430511474609375e-06, 'chunk number': 1650, 'reduction time (s)': 2.7723145484924316, 'chunks processed': 15, 'storage read (B)': 29685482, 'selection 1 time (s)': 2.77247953414917}
Thread times [0.11878108978271484, 0.12211227416992188, 0.1761322021484375, 0.21398687362670898, 0.1753225326538086, 0.12572860717773438, 0.15761041641235352, 0.2472212314605713, 0.02148723602294922, 0.02110433578491211, 0.12190628051757812, 0.20377159118652344, 0.2510843276977539, 0.14826011657714844, 0.1100764274597168]
{'args': ((7, 0, slice(0, 960, None), slice(None, None, None)),), 'dataset shape': (40, 11, 1921, 2560), 'dataset chunks': (7, 1, 385, 512), 'indexing time (s)': 1.1920928955078125e-06, 'chunk number': 1650, 'reduction time (s)': 2.2157859802246094, 'chunks processed': 15, 'storage read (B)': 29701892, 'selection 1 time (s)': 2.2159392833709717}
Thread times [0.1281874179840088, 0.13872361183166504, 0.15363168716430664, 0.24922466278076172, 0.16484498977661133, 0.15353012084960938, 0.13944649696350098, 0.24251031875610352, 0.03434610366821289, 0.02686166763305664, 0.16750121116638184, 0.15675592422485352, 0.31618237495422363, 0.11178731918334961, 0.08886170387268066]
{'args': ((8, 0, slice(0, 960, None), slice(None, None, None)),), 'dataset shape': (40, 11, 1921, 2560), 'dataset chunks': (7, 1, 385, 512), 'indexing time (s)': 1.1920928955078125e-06, 'chunk number': 1650, 'reduction time (s)': 2.2735676765441895, 'chunks processed': 15, 'storage read (B)': 29701892, 'selection 1 time (s)': 2.2737324237823486}
Thread times [0.1484827995300293, 0.10388851165771484, 0.10621285438537598, 0.21207070350646973, 0.1894233226776123, 0.09872865676879883, 0.12475895881652832, 0.2401900291442871, 0.02214980125427246, 0.021389484405517578, 0.11781835556030273, 0.1355607509613037, 0.2463221549987793, 0.17503142356872559, 0.11534643173217773]
{'args': ((9, 0, slice(0, 960, None), slice(None, None, None)),), 'dataset shape': (40, 11, 1921, 2560), 'dataset chunks': (7, 1, 385, 512), 'indexing time (s)': 1.430511474609375e-06, 'chunk number': 1650, 'reduction time (s)': 2.058485269546509, 'chunks processed': 15, 'storage read (B)': 29701892, 'selection 1 time (s)': 2.0586323738098145}
Thread times [0.12620806694030762, 0.10955524444580078, 0.11608266830444336, 0.18956303596496582, 0.17428898811340332, 0.13701248168945312, 0.12905645370483398, 0.2333695888519287, 0.02306842803955078, 0.021582365036010742, 0.12083673477172852, 0.13654065132141113, 0.22966504096984863, 0.15054750442504883, 0.11007952690124512]
{'args': ((10, 0, slice(0, 960, None), slice(None, None, None)),), 'dataset shape': (40, 11, 1921, 2560), 'dataset chunks': (7, 1, 385, 512), 'indexing time (s)': 1.1920928955078125e-06, 'chunk number': 1650, 'reduction time (s)': 2.0086214542388916, 'chunks processed': 15, 'storage read (B)': 29701892, 'selection 1 time (s)': 2.0087735652923584}
Thread times [0.12812352180480957, 0.12031340599060059, 0.12360143661499023, 0.19533705711364746, 0.16186022758483887, 0.14373111724853516, 0.11908578872680664, 0.23708367347717285, 0.022685527801513672, 0.02165961265563965, 0.18063569068908691, 0.1751117706298828, 0.30081653594970703, 0.15060114860534668, 0.1138603687286377]
{'args': ((11, 0, slice(0, 960, None), slice(None, None, None)),), 'dataset shape': (40, 11, 1921, 2560), 'dataset chunks': (7, 1, 385, 512), 'indexing time (s)': 1.1920928955078125e-06, 'chunk number': 1650, 'reduction time (s)': 2.1957595348358154, 'chunks processed': 15, 'storage read (B)': 29701892, 'selection 1 time (s)': 2.1959071159362793}
Thread times [0.12835216522216797, 0.11486339569091797, 0.11057591438293457, 0.20338058471679688, 0.20640826225280762, 0.11102485656738281, 0.1564018726348877, 0.2352461814880371, 0.025358915328979492, 0.022296905517578125, 0.12528491020202637, 0.2050762176513672, 0.20737051963806152, 0.14506959915161133, 0.10430788993835449]
{'args': ((12, 0, slice(0, 960, None), slice(None, None, None)),), 'dataset shape': (40, 11, 1921, 2560), 'dataset chunks': (7, 1, 385, 512), 'indexing time (s)': 1.6689300537109375e-06, 'chunk number': 1650, 'reduction time (s)': 2.127812385559082, 'chunks processed': 15, 'storage read (B)': 29701892, 'selection 1 time (s)': 2.1279659271240234}
Thread times [0.12533998489379883, 0.11692428588867188, 0.12182211875915527, 0.22198081016540527, 0.21395611763000488, 0.14591455459594727, 0.15416669845581055, 0.23443269729614258, 0.023354768753051758, 0.023669004440307617, 0.11380171775817871, 0.13816332817077637, 0.245086669921875, 0.18372368812561035, 0.14473986625671387]
{'args': ((13, 0, slice(0, 960, None), slice(None, None, None)),), 'dataset shape': (40, 11, 1921, 2560), 'dataset chunks': (7, 1, 385, 512), 'indexing time (s)': 9.5367431640625e-07, 'chunk number': 1650, 'reduction time (s)': 2.2401530742645264, 'chunks processed': 15, 'storage read (B)': 29701892, 'selection 1 time (s)': 2.2403106689453125}
Thread times [0.11456680297851562, 0.21468353271484375, 0.1469106674194336, 0.1220388412475586, 0.10966658592224121, 0.2464611530303955, 0.23158764839172363, 0.20771002769470215, 0.022271394729614258, 0.11652112007141113, 0.10899615287780762, 0.2281808853149414, 0.13233327865600586, 0.1177518367767334, 0.23037433624267578]
{'args': ((14, 0, slice(0, 960, None), slice(None, None, None)),), 'dataset shape': (40, 11, 1921, 2560), 'dataset chunks': (7, 1, 385, 512), 'indexing time (s)': 1.430511474609375e-06, 'chunk number': 1650, 'reduction time (s)': 2.3511693477630615, 'chunks processed': 15, 'storage read (B)': 29733505, 'selection 1 time (s)': 2.351320505142212}
Thread times [0.09343075752258301, 0.20557737350463867, 0.20435786247253418, 0.1602785587310791, 0.16846418380737305, 0.23488450050354004, 0.2251276969909668, 0.21306896209716797, 0.02343130111694336, 0.14074039459228516, 0.12706565856933594, 0.23160910606384277, 0.3220231533050537, 0.14661502838134766, 0.253767728805542]
{'args': ((15, 0, slice(0, 960, None), slice(None, None, None)),), 'dataset shape': (40, 11, 1921, 2560), 'dataset chunks': (7, 1, 385, 512), 'indexing time (s)': 7.152557373046875e-07, 'chunk number': 1650, 'reduction time (s)': 2.751868963241577, 'chunks processed': 15, 'storage read (B)': 29733505, 'selection 1 time (s)': 2.7520086765289307}
Thread times [0.09418058395385742, 0.2131180763244629, 0.10620880126953125, 0.139479398727417, 0.13402915000915527, 0.20115089416503906, 0.22499299049377441, 0.24008417129516602, 0.032184600830078125, 0.15853381156921387, 0.11947870254516602, 0.2446000576019287, 0.12256741523742676, 0.13540887832641602, 0.28186583518981934]
{'args': ((16, 0, slice(0, 960, None), slice(None, None, None)),), 'dataset shape': (40, 11, 1921, 2560), 'dataset chunks': (7, 1, 385, 512), 'indexing time (s)': 1.1920928955078125e-06, 'chunk number': 1650, 'reduction time (s)': 2.4489622116088867, 'chunks processed': 15, 'storage read (B)': 29733505, 'selection 1 time (s)': 2.4491074085235596}
Thread times [0.10591006278991699, 0.24957752227783203, 0.1413259506225586, 0.1251065731048584, 0.10532903671264648, 0.2623894214630127, 0.2573840618133545, 0.2088158130645752, 0.02238011360168457, 0.11191058158874512, 0.11883354187011719, 0.2587926387786865, 0.1269850730895996, 0.193833589553833, 0.23588013648986816]
{'args': ((17, 0, slice(0, 960, None), slice(None, None, None)),), 'dataset shape': (40, 11, 1921, 2560), 'dataset chunks': (7, 1, 385, 512), 'indexing time (s)': 1.1920928955078125e-06, 'chunk number': 1650, 'reduction time (s)': 2.5256614685058594, 'chunks processed': 15, 'storage read (B)': 29733505, 'selection 1 time (s)': 2.525806427001953}
Thread times [0.12433624267578125, 0.24096369743347168, 0.15587282180786133, 0.16085338592529297, 0.12051796913146973, 0.24645757675170898, 0.23109769821166992, 0.24869370460510254, 0.022362232208251953, 0.20747685432434082, 0.10710310935974121, 0.23259663581848145, 0.23931550979614258, 0.1261298656463623, 0.23162078857421875]
{'args': ((18, 0, slice(0, 960, None), slice(None, None, None)),), 'dataset shape': (40, 11, 1921, 2560), 'dataset chunks': (7, 1, 385, 512), 'indexing time (s)': 9.5367431640625e-07, 'chunk number': 1650, 'reduction time (s)': 2.696810483932495, 'chunks processed': 15, 'storage read (B)': 29733505, 'selection 1 time (s)': 2.6969635486602783}
Thread times [0.15560030937194824, 0.2347264289855957, 0.10897493362426758, 0.1341996192932129, 0.14098381996154785, 0.2499237060546875, 0.23556208610534668, 0.23565459251403809, 0.021532058715820312, 0.12796735763549805, 0.1125037670135498, 0.2507157325744629, 0.10852861404418945, 0.11313939094543457, 0.2793772220611572]
{'args': ((19, 0, slice(0, 960, None), slice(None, None, None)),), 'dataset shape': (40, 11, 1921, 2560), 'dataset chunks': (7, 1, 385, 512), 'indexing time (s)': 9.5367431640625e-07, 'chunk number': 1650, 'reduction time (s)': 2.5104777812957764, 'chunks processed': 15, 'storage read (B)': 29733505, 'selection 1 time (s)': 2.5106325149536133}
Thread times [0.10023760795593262, 0.23441553115844727, 0.11554765701293945, 0.13805103302001953, 0.09331512451171875, 0.21729254722595215, 0.23425698280334473, 0.21440553665161133, 0.02103114128112793, 0.10396003723144531, 0.09555196762084961, 0.2321789264678955, 0.1035304069519043, 0.12483572959899902, 0.2506594657897949]
{'args': ((20, 0, slice(0, 960, None), slice(None, None, None)),), 'dataset shape': (40, 11, 1921, 2560), 'dataset chunks': (7, 1, 385, 512), 'indexing time (s)': 1.1920928955078125e-06, 'chunk number': 1650, 'reduction time (s)': 2.2803947925567627, 'chunks processed': 15, 'storage read (B)': 29733505, 'selection 1 time (s)': 2.280543327331543}
Thread times [0.13280701637268066, 0.0972752571105957, 0.11879491806030273, 0.018834590911865234, 0.020335912704467773, 0.24480342864990234, 0.17447400093078613, 0.23002004623413086, 0.1080312728881836, 0.21437287330627441, 0.11996150016784668, 0.11874198913574219, 0.26453375816345215, 0.22735095024108887, 0.021792173385620117]
{'args': ((21, 0, slice(0, 960, None), slice(None, None, None)),), 'dataset shape': (40, 11, 1921, 2560), 'dataset chunks': (7, 1, 385, 512), 'indexing time (s)': 9.5367431640625e-07, 'chunk number': 1650, 'reduction time (s)': 2.113187074661255, 'chunks processed': 15, 'storage read (B)': 29686785, 'selection 1 time (s)': 2.113337516784668}
Thread times [0.14238858222961426, 0.11443591117858887, 0.1232151985168457, 0.018074750900268555, 0.01830124855041504, 0.246781587600708, 0.11893630027770996, 0.24630022048950195, 0.12966179847717285, 0.25439953804016113, 0.1198875904083252, 0.10231924057006836, 0.2252364158630371, 0.2518911361694336, 0.02137017250061035]
{'args': ((22, 0, slice(0, 960, None), slice(None, None, None)),), 'dataset shape': (40, 11, 1921, 2560), 'dataset chunks': (7, 1, 385, 512), 'indexing time (s)': 1.1920928955078125e-06, 'chunk number': 1650, 'reduction time (s)': 2.13431453704834, 'chunks processed': 15, 'storage read (B)': 29686785, 'selection 1 time (s)': 2.1344802379608154}
Thread times [0.09314584732055664, 0.11128735542297363, 0.12775897979736328, 0.018609046936035156, 0.018903732299804688, 0.20716094970703125, 0.11961507797241211, 0.24468088150024414, 0.16374897956848145, 0.20569586753845215, 0.1220083236694336, 0.1085972785949707, 0.23260903358459473, 0.2867250442504883, 0.02248525619506836]
{'args': ((23, 0, slice(0, 960, None), slice(None, None, None)),), 'dataset shape': (40, 11, 1921, 2560), 'dataset chunks': (7, 1, 385, 512), 'indexing time (s)': 1.1920928955078125e-06, 'chunk number': 1650, 'reduction time (s)': 2.0843188762664795, 'chunks processed': 15, 'storage read (B)': 29686785, 'selection 1 time (s)': 2.0844714641571045}
Thread times [0.180711030960083, 0.18621349334716797, 0.1963801383972168, 0.019249677658081055, 0.019408702850341797, 0.2793848514556885, 0.10583853721618652, 0.24774670600891113, 0.13021278381347656, 0.23198890686035156, 0.12864136695861816, 0.12040042877197266, 0.23009467124938965, 0.27910923957824707, 0.022050857543945312]
{'args': ((24, 0, slice(0, 960, None), slice(None, None, None)),), 'dataset shape': (40, 11, 1921, 2560), 'dataset chunks': (7, 1, 385, 512), 'indexing time (s)': 1.1920928955078125e-06, 'chunk number': 1650, 'reduction time (s)': 2.3785011768341064, 'chunks processed': 15, 'storage read (B)': 29686785, 'selection 1 time (s)': 2.378662586212158}
Thread times [0.09302616119384766, 0.10500812530517578, 0.20372629165649414, 0.018280029296875, 0.018976688385009766, 0.25670719146728516, 0.19976425170898438, 0.24071693420410156, 0.22989439964294434, 0.24780488014221191, 0.11853957176208496, 0.12691211700439453, 0.24700498580932617, 0.25413012504577637, 0.022276878356933594]
{'args': ((25, 0, slice(0, 960, None), slice(None, None, None)),), 'dataset shape': (40, 11, 1921, 2560), 'dataset chunks': (7, 1, 385, 512), 'indexing time (s)': 1.1920928955078125e-06, 'chunk number': 1650, 'reduction time (s)': 2.3838913440704346, 'chunks processed': 15, 'storage read (B)': 29686785, 'selection 1 time (s)': 2.384044647216797}
Thread times [0.10543179512023926, 0.10799694061279297, 0.2017381191253662, 0.018595457077026367, 0.018802642822265625, 0.25950026512145996, 0.15338659286499023, 0.24626398086547852, 0.1327059268951416, 0.25207090377807617, 0.11051535606384277, 0.1224977970123291, 0.23902058601379395, 0.22976016998291016, 0.021812915802001953]
{'args': ((26, 0, slice(0, 960, None), slice(None, None, None)),), 'dataset shape': (40, 11, 1921, 2560), 'dataset chunks': (7, 1, 385, 512), 'indexing time (s)': 1.1920928955078125e-06, 'chunk number': 1650, 'reduction time (s)': 2.2211968898773193, 'chunks processed': 15, 'storage read (B)': 29686785, 'selection 1 time (s)': 2.221346855163574}
Thread times [0.1061391830444336, 0.10782575607299805, 0.12470006942749023, 0.018671035766601562, 0.01940321922302246, 0.2687082290649414, 0.16289925575256348, 0.234527587890625, 0.12823271751403809, 0.22831273078918457, 0.10537314414978027, 0.12195944786071777, 0.25516486167907715, 0.24159574508666992, 0.024936437606811523]
{'args': ((27, 0, slice(0, 960, None), slice(None, None, None)),), 'dataset shape': (40, 11, 1921, 2560), 'dataset chunks': (7, 1, 385, 512), 'indexing time (s)': 7.152557373046875e-07, 'chunk number': 1650, 'reduction time (s)': 2.1495888233184814, 'chunks processed': 15, 'storage read (B)': 29686785, 'selection 1 time (s)': 2.1497371196746826}
Thread times [0.11620974540710449, 0.1123654842376709, 0.21200203895568848, 0.1150815486907959, 0.15358448028564453, 0.1345536708831787, 0.022050142288208008, 0.12045025825500488, 0.02328038215637207, 0.14298748970031738, 0.178009033203125, 0.2508101463317871, 0.14050912857055664, 0.1278846263885498, 0.2962360382080078]
{'args': ((28, 0, slice(0, 960, None), slice(None, None, None)),), 'dataset shape': (40, 11, 1921, 2560), 'dataset chunks': (7, 1, 385, 512), 'indexing time (s)': 1.1920928955078125e-06, 'chunk number': 1650, 'reduction time (s)': 2.147800922393799, 'chunks processed': 15, 'storage read (B)': 29670387, 'selection 1 time (s)': 2.1479530334472656}
Thread times [0.10048747062683105, 0.16626477241516113, 0.16152238845825195, 0.1283409595489502, 0.12125039100646973, 0.12511110305786133, 0.022658348083496094, 0.13291239738464355, 0.02225470542907715, 0.13311123847961426, 0.1276404857635498, 0.2390742301940918, 0.11302542686462402, 0.14073491096496582, 0.22368574142456055]
{'args': ((29, 0, slice(0, 960, None), slice(None, None, None)),), 'dataset shape': (40, 11, 1921, 2560), 'dataset chunks': (7, 1, 385, 512), 'indexing time (s)': 1.1920928955078125e-06, 'chunk number': 1650, 'reduction time (s)': 1.9592876434326172, 'chunks processed': 15, 'storage read (B)': 29670387, 'selection 1 time (s)': 1.9594855308532715}
Thread times [0.09823489189147949, 0.1392834186553955, 0.19481348991394043, 0.1099698543548584, 0.24417638778686523, 0.12626910209655762, 0.0222165584564209, 0.12397265434265137, 0.022007465362548828, 0.13997888565063477, 0.12549972534179688, 0.24501585960388184, 0.163222074508667, 0.13667035102844238, 0.25254321098327637]
{'args': ((30, 0, slice(0, 960, None), slice(None, None, None)),), 'dataset shape': (40, 11, 1921, 2560), 'dataset chunks': (7, 1, 385, 512), 'indexing time (s)': 1.1920928955078125e-06, 'chunk number': 1650, 'reduction time (s)': 2.1844613552093506, 'chunks processed': 15, 'storage read (B)': 29670387, 'selection 1 time (s)': 2.1846251487731934}
Thread times [0.09864473342895508, 0.10772085189819336, 0.1332242488861084, 0.11759567260742188, 0.10628771781921387, 0.13219571113586426, 0.021910905838012695, 0.11577534675598145, 0.021999359130859375, 0.14231014251708984, 0.1348862648010254, 0.2254772186279297, 0.13250446319580078, 0.18423914909362793, 0.3305778503417969]
{'args': ((31, 0, slice(0, 960, None), slice(None, None, None)),), 'dataset shape': (40, 11, 1921, 2560), 'dataset chunks': (7, 1, 385, 512), 'indexing time (s)': 1.430511474609375e-06, 'chunk number': 1650, 'reduction time (s)': 2.006491184234619, 'chunks processed': 15, 'storage read (B)': 29670387, 'selection 1 time (s)': 2.0066545009613037}
Thread times [0.09136390686035156, 0.1125192642211914, 0.17259764671325684, 0.17269134521484375, 0.12389659881591797, 0.13521528244018555, 0.02221226692199707, 0.1647047996520996, 0.022387981414794922, 0.13732147216796875, 0.14798259735107422, 0.27675843238830566, 0.11262917518615723, 0.11987423896789551, 0.2317960262298584]
{'args': ((32, 0, slice(0, 960, None), slice(None, None, None)),), 'dataset shape': (40, 11, 1921, 2560), 'dataset chunks': (7, 1, 385, 512), 'indexing time (s)': 7.152557373046875e-07, 'chunk number': 1650, 'reduction time (s)': 2.0451223850250244, 'chunks processed': 15, 'storage read (B)': 29670387, 'selection 1 time (s)': 2.045267105102539}
Thread times [0.09898567199707031, 0.15165376663208008, 0.13669610023498535, 0.11219286918640137, 0.12866759300231934, 0.13882660865783691, 0.02236151695251465, 0.16308045387268066, 0.021831989288330078, 0.16396784782409668, 0.13340306282043457, 0.2533411979675293, 0.21068096160888672, 0.1324448585510254, 0.347808837890625]
{'args': ((33, 0, slice(0, 960, None), slice(None, None, None)),), 'dataset shape': (40, 11, 1921, 2560), 'dataset chunks': (7, 1, 385, 512), 'indexing time (s)': 1.1920928955078125e-06, 'chunk number': 1650, 'reduction time (s)': 2.2171072959899902, 'chunks processed': 15, 'storage read (B)': 29670387, 'selection 1 time (s)': 2.217275857925415}
Thread times [0.10794448852539062, 0.11492466926574707, 0.1361551284790039, 0.11371946334838867, 0.10026359558105469, 0.12855124473571777, 0.022025346755981445, 0.12105631828308105, 0.0226287841796875, 0.15384674072265625, 0.13446807861328125, 0.23710870742797852, 0.12487435340881348, 0.14637541770935059, 0.2881910800933838]
{'args': ((34, 0, slice(0, 960, None), slice(None, None, None)),), 'dataset shape': (40, 11, 1921, 2560), 'dataset chunks': (7, 1, 385, 512), 'indexing time (s)': 1.430511474609375e-06, 'chunk number': 1650, 'reduction time (s)': 1.9532496929168701, 'chunks processed': 15, 'storage read (B)': 29670387, 'selection 1 time (s)': 1.9533898830413818}
Thread times [0.13882970809936523, 0.14007902145385742, 0.11777901649475098, 0.1090400218963623, 0.2577383518218994, 0.14046907424926758, 0.1148989200592041, 0.15703701972961426, 0.12504220008850098, 0.23834443092346191, 0.1323075294494629, 0.13323307037353516, 0.25965332984924316, 0.10847091674804688, 0.13636183738708496]
{'args': ((35, 0, slice(0, 960, None), slice(None, None, None)),), 'dataset shape': (40, 11, 1921, 2560), 'dataset chunks': (7, 1, 385, 512), 'indexing time (s)': 1.430511474609375e-06, 'chunk number': 1650, 'reduction time (s)': 2.310589551925659, 'chunks processed': 15, 'storage read (B)': 21287473, 'selection 1 time (s)': 2.3107404708862305}
Thread times [0.11536478996276855, 0.23262977600097656, 0.11754393577575684, 0.21482586860656738, 0.28456687927246094, 0.1422102451324463, 0.1128852367401123, 0.11162972450256348, 0.12911534309387207, 0.21941351890563965, 0.12442183494567871, 0.1231536865234375, 0.2170717716217041, 0.10057497024536133, 0.10445284843444824]
{'args': ((36, 0, slice(0, 960, None), slice(None, None, None)),), 'dataset shape': (40, 11, 1921, 2560), 'dataset chunks': (7, 1, 385, 512), 'indexing time (s)': 7.152557373046875e-07, 'chunk number': 1650, 'reduction time (s)': 2.350963592529297, 'chunks processed': 15, 'storage read (B)': 21287473, 'selection 1 time (s)': 2.3511087894439697}
Thread times [0.11468672752380371, 0.12717318534851074, 0.11338663101196289, 0.11847233772277832, 0.2238013744354248, 0.23731422424316406, 0.1087644100189209, 0.10536026954650879, 0.13262367248535156, 0.21062207221984863, 0.10259270668029785, 0.10980057716369629, 0.2683439254760742, 0.216691255569458, 0.14529967308044434]
{'args': ((37, 0, slice(0, 960, None), slice(None, None, None)),), 'dataset shape': (40, 11, 1921, 2560), 'dataset chunks': (7, 1, 385, 512), 'indexing time (s)': 1.430511474609375e-06, 'chunk number': 1650, 'reduction time (s)': 2.3361668586730957, 'chunks processed': 15, 'storage read (B)': 21287473, 'selection 1 time (s)': 2.3363161087036133}
Thread times [0.10043478012084961, 0.11653852462768555, 0.11867928504943848, 0.1083211898803711, 0.22127199172973633, 0.12835335731506348, 0.11806893348693848, 0.13512945175170898, 0.17606830596923828, 0.2061765193939209, 0.21153020858764648, 0.09713315963745117, 0.22219371795654297, 0.34453725814819336, 0.12069344520568848]
{'args': ((38, 0, slice(0, 960, None), slice(None, None, None)),), 'dataset shape': (40, 11, 1921, 2560), 'dataset chunks': (7, 1, 385, 512), 'indexing time (s)': 9.5367431640625e-07, 'chunk number': 1650, 'reduction time (s)': 2.4263479709625244, 'chunks processed': 15, 'storage read (B)': 21287473, 'selection 1 time (s)': 2.4265353679656982}
Thread times [0.10801577568054199, 0.11198306083679199, 0.10523223876953125, 0.1332111358642578, 0.21872878074645996, 0.2006533145904541, 0.11220645904541016, 0.11636471748352051, 0.1272754669189453, 0.2472062110900879, 0.10867023468017578, 0.1804966926574707, 0.262925386428833, 0.13434600830078125, 0.12451386451721191]
{'args': ((39, 0, slice(0, 960, None), slice(None, None, None)),), 'dataset shape': (40, 11, 1921, 2560), 'dataset chunks': (7, 1, 385, 512), 'indexing time (s)': 1.9073486328125e-06, 'chunk number': 1650, 'reduction time (s)': 2.293626308441162, 'chunks processed': 15, 'storage read (B)': 21287473, 'selection 1 time (s)': 2.2938222885131836}
[[226.07817708]
 [226.06473958]
 [225.93765625]
 [225.90807292]
 [225.91734375]
 [225.88453125]
 [225.82075521]
 [225.85440104]
 [225.98328125]
 [226.03804687]
 [226.01315104]
 [226.02330729]
 [226.03770833]
 [226.00476563]
 [225.91765625]
 [225.94036458]
 [225.98721354]
 [225.9146875 ]
 [225.81242188]
 [225.81869792]
 [225.84526042]
 [225.78497396]
 [225.63651042]
 [225.55651042]
 [225.45734375]
 [225.32369792]
 [225.16325521]
 [225.07794271]
 [225.07846354]
 [225.10664063]
 [225.17609375]
 [225.36880208]
 [225.57911458]
 [225.69080729]
 [225.72229167]
 [225.82367188]
 [225.93658854]
 [225.96765625]
 [225.91861979]
 [225.9225    ]]
Summary:  sci4-op-r1:Local (T1,BS5): 1.72s,94.63s,100.2s
