Dataset loaded from S3 with s3fs and Pyfive: bnl/ch330a.pc19790301-def.nc (0.03,0.54)
Thread times [0.08801865577697754, 0.23217391967773438, 0.21310973167419434, 0.24337291717529297, 0.21796178817749023, 0.25091028213500977, 0.23845553398132324, 0.37813615798950195, 0.5466275215148926, 0.5557529926300049, 0.5602719783782959, 0.5665709972381592, 0.6096150875091553, 0.6149389743804932, 0.7819042205810547]
{'load nc time': 0.6358520984649658, 'args': ((0, 0, slice(0, 960, None), slice(None, None, None)),), 'dataset shape': (40, 11, 1921, 2560), 'dataset chunks': (7, 1, 385, 512), 'indexing time (s)': 3.820578098297119, 'chunk number': 1650, 'reduction time (s)': 0.7943117618560791, 'chunks processed': 15, 'storage read (B)': 29685482, 'selection 2 time (s)': 4.621548175811768}
Thread times [0.1963517665863037, 0.2706151008605957, 0.27284693717956543, 0.3129920959472656, 0.3118629455566406, 0.3203394412994385, 0.3353922367095947, 0.37134599685668945, 0.4454026222229004, 0.4489150047302246, 0.44519495964050293, 0.4518601894378662, 0.4644045829772949, 0.45348572731018066, 1.1368119716644287]
{'args': ((1, 0, slice(0, 960, None), slice(None, None, None)),), 'dataset shape': (40, 11, 1921, 2560), 'dataset chunks': (7, 1, 385, 512), 'indexing time (s)': 1.1920928955078125e-06, 'chunk number': 1650, 'reduction time (s)': 1.1379501819610596, 'chunks processed': 15, 'storage read (B)': 29685482, 'selection 2 time (s)': 1.1452646255493164}
Thread times [0.13140106201171875, 0.13019061088562012, 0.13025832176208496, 0.16556906700134277, 0.16761469841003418, 0.17440223693847656, 0.18021774291992188, 0.1767268180847168, 0.20885205268859863, 0.2684972286224365, 0.2674684524536133, 0.32932591438293457, 0.37013936042785645, 0.3756430149078369, 0.3752880096435547]
{'args': ((2, 0, slice(0, 960, None), slice(None, None, None)),), 'dataset shape': (40, 11, 1921, 2560), 'dataset chunks': (7, 1, 385, 512), 'indexing time (s)': 1.1920928955078125e-06, 'chunk number': 1650, 'reduction time (s)': 0.3880190849304199, 'chunks processed': 15, 'storage read (B)': 29685482, 'selection 2 time (s)': 0.39430809020996094}
Thread times [0.3038454055786133, 0.38044142723083496, 0.4697141647338867, 0.578209400177002, 0.6030316352844238, 0.5941901206970215, 0.5825114250183105, 0.5968496799468994, 0.6206393241882324, 0.6082954406738281, 0.6331262588500977, 0.6359376907348633, 0.621354341506958, 0.6493675708770752, 0.6458325386047363]
{'args': ((3, 0, slice(0, 960, None), slice(None, None, None)),), 'dataset shape': (40, 11, 1921, 2560), 'dataset chunks': (7, 1, 385, 512), 'indexing time (s)': 1.1920928955078125e-06, 'chunk number': 1650, 'reduction time (s)': 0.6701436042785645, 'chunks processed': 15, 'storage read (B)': 29685482, 'selection 2 time (s)': 0.677271842956543}
Thread times [0.3363668918609619, 0.3657097816467285, 0.45150136947631836, 0.4989738464355469, 0.5249123573303223, 0.5279607772827148, 0.5392541885375977, 0.5397615432739258, 0.5373601913452148, 0.5432932376861572, 0.5394852161407471, 0.5647766590118408, 0.5744483470916748, 0.572920560836792, 0.5785205364227295]
{'args': ((4, 0, slice(0, 960, None), slice(None, None, None)),), 'dataset shape': (40, 11, 1921, 2560), 'dataset chunks': (7, 1, 385, 512), 'indexing time (s)': 1.430511474609375e-06, 'chunk number': 1650, 'reduction time (s)': 0.5963306427001953, 'chunks processed': 15, 'storage read (B)': 29685482, 'selection 2 time (s)': 0.6025259494781494}
Thread times [0.29317617416381836, 0.3633246421813965, 0.4136049747467041, 0.500969648361206, 0.5114967823028564, 0.5226728916168213, 0.5307438373565674, 0.5501327514648438, 0.5460975170135498, 0.5496776103973389, 0.5729789733886719, 0.5785620212554932, 0.5704469680786133, 0.5875773429870605, 0.6233484745025635]
{'args': ((5, 0, slice(0, 960, None), slice(None, None, None)),), 'dataset shape': (40, 11, 1921, 2560), 'dataset chunks': (7, 1, 385, 512), 'indexing time (s)': 1.430511474609375e-06, 'chunk number': 1650, 'reduction time (s)': 0.645596981048584, 'chunks processed': 15, 'storage read (B)': 29685482, 'selection 2 time (s)': 0.6523830890655518}
Thread times [0.28774333000183105, 0.35054850578308105, 0.4662172794342041, 0.5694839954376221, 0.5716955661773682, 0.5772349834442139, 0.5859889984130859, 0.5942103862762451, 0.5949962139129639, 0.613783597946167, 0.6242959499359131, 0.6327481269836426, 0.639052152633667, 0.6705524921417236, 0.6757805347442627]
{'args': ((6, 0, slice(0, 960, None), slice(None, None, None)),), 'dataset shape': (40, 11, 1921, 2560), 'dataset chunks': (7, 1, 385, 512), 'indexing time (s)': 1.430511474609375e-06, 'chunk number': 1650, 'reduction time (s)': 0.7054872512817383, 'chunks processed': 15, 'storage read (B)': 29685482, 'selection 2 time (s)': 0.7127723693847656}
Thread times [0.1911487579345703, 0.19518446922302246, 0.21585893630981445, 0.2278454303741455, 0.20660042762756348, 0.2052609920501709, 0.24231982231140137, 0.2197589874267578, 0.3112056255340576, 0.33388328552246094, 0.33826398849487305, 0.3247394561767578, 0.3889646530151367, 0.37355899810791016, 0.3926568031311035]
{'args': ((7, 0, slice(0, 960, None), slice(None, None, None)),), 'dataset shape': (40, 11, 1921, 2560), 'dataset chunks': (7, 1, 385, 512), 'indexing time (s)': 9.5367431640625e-07, 'chunk number': 1650, 'reduction time (s)': 0.3966343402862549, 'chunks processed': 15, 'storage read (B)': 29701892, 'selection 2 time (s)': 0.4031503200531006}
Thread times [0.14606451988220215, 0.16858696937561035, 0.1802217960357666, 0.18254637718200684, 0.18883705139160156, 0.19538640975952148, 0.3412742614746094, 0.3618037700653076, 0.3513171672821045, 0.34836697578430176, 0.37210559844970703, 0.37725353240966797, 0.36658310890197754, 0.38077616691589355, 0.41481637954711914]
{'args': ((8, 0, slice(0, 960, None), slice(None, None, None)),), 'dataset shape': (40, 11, 1921, 2560), 'dataset chunks': (7, 1, 385, 512), 'indexing time (s)': 1.430511474609375e-06, 'chunk number': 1650, 'reduction time (s)': 0.42367100715637207, 'chunks processed': 15, 'storage read (B)': 29701892, 'selection 2 time (s)': 0.4312770366668701}
Thread times [0.23090720176696777, 0.301069974899292, 0.33320116996765137, 0.404951810836792, 0.414386510848999, 0.43404388427734375, 0.43622827529907227, 0.44013547897338867, 0.4350008964538574, 0.4488961696624756, 0.46434855461120605, 0.4524805545806885, 0.4681532382965088, 0.47817230224609375, 0.48815393447875977]
{'args': ((9, 0, slice(0, 960, None), slice(None, None, None)),), 'dataset shape': (40, 11, 1921, 2560), 'dataset chunks': (7, 1, 385, 512), 'indexing time (s)': 1.430511474609375e-06, 'chunk number': 1650, 'reduction time (s)': 0.4972841739654541, 'chunks processed': 15, 'storage read (B)': 29701892, 'selection 2 time (s)': 0.5039951801300049}
Thread times [0.41197729110717773, 0.4594085216522217, 0.5030288696289062, 0.5116193294525146, 0.5419723987579346, 0.5449061393737793, 0.5601809024810791, 0.5492475032806396, 0.577509880065918, 0.5815138816833496, 0.5735406875610352, 0.5925161838531494, 0.5978806018829346, 0.5931205749511719, 0.6048212051391602]
{'args': ((10, 0, slice(0, 960, None), slice(None, None, None)),), 'dataset shape': (40, 11, 1921, 2560), 'dataset chunks': (7, 1, 385, 512), 'indexing time (s)': 9.5367431640625e-07, 'chunk number': 1650, 'reduction time (s)': 0.6132683753967285, 'chunks processed': 15, 'storage read (B)': 29701892, 'selection 2 time (s)': 0.6197645664215088}
Thread times [0.2715306282043457, 0.2829551696777344, 0.3991413116455078, 0.4002549648284912, 0.40679144859313965, 0.41486239433288574, 0.43279528617858887, 0.42897534370422363, 0.4441084861755371, 0.4368913173675537, 0.4646596908569336, 0.4598042964935303, 0.46590304374694824, 0.47666287422180176, 0.4840250015258789]
{'args': ((11, 0, slice(0, 960, None), slice(None, None, None)),), 'dataset shape': (40, 11, 1921, 2560), 'dataset chunks': (7, 1, 385, 512), 'indexing time (s)': 1.430511474609375e-06, 'chunk number': 1650, 'reduction time (s)': 0.49512600898742676, 'chunks processed': 15, 'storage read (B)': 29701892, 'selection 2 time (s)': 0.5012717247009277}
Thread times [0.18644046783447266, 0.25678563117980957, 0.27326297760009766, 0.2852776050567627, 0.28375697135925293, 0.30223965644836426, 0.29227209091186523, 0.29174184799194336, 0.29990625381469727, 0.30598926544189453, 0.3252270221710205, 0.33437490463256836, 0.3179941177368164, 0.34366750717163086, 0.34084105491638184]
{'args': ((12, 0, slice(0, 960, None), slice(None, None, None)),), 'dataset shape': (40, 11, 1921, 2560), 'dataset chunks': (7, 1, 385, 512), 'indexing time (s)': 1.1920928955078125e-06, 'chunk number': 1650, 'reduction time (s)': 0.35413360595703125, 'chunks processed': 15, 'storage read (B)': 29701892, 'selection 2 time (s)': 0.36044931411743164}
Thread times [0.16938567161560059, 0.20787310600280762, 0.22377872467041016, 0.20806074142456055, 0.21280670166015625, 0.22510051727294922, 0.22664833068847656, 0.24205374717712402, 0.29182887077331543, 0.29415321350097656, 0.30989813804626465, 0.3142368793487549, 0.3136284351348877, 0.33597493171691895, 0.3479011058807373]
{'args': ((13, 0, slice(0, 960, None), slice(None, None, None)),), 'dataset shape': (40, 11, 1921, 2560), 'dataset chunks': (7, 1, 385, 512), 'indexing time (s)': 1.1920928955078125e-06, 'chunk number': 1650, 'reduction time (s)': 0.3543972969055176, 'chunks processed': 15, 'storage read (B)': 29701892, 'selection 2 time (s)': 0.3609166145324707}
Thread times [0.2121279239654541, 0.3251640796661377, 0.4303131103515625, 0.4429044723510742, 0.44593024253845215, 0.4502604007720947, 0.45861220359802246, 0.4550321102142334, 0.46631312370300293, 0.4743821620941162, 0.4799656867980957, 0.47407102584838867, 0.48938775062561035, 0.4783785343170166, 0.499439001083374]
{'args': ((14, 0, slice(0, 960, None), slice(None, None, None)),), 'dataset shape': (40, 11, 1921, 2560), 'dataset chunks': (7, 1, 385, 512), 'indexing time (s)': 1.430511474609375e-06, 'chunk number': 1650, 'reduction time (s)': 0.5068707466125488, 'chunks processed': 15, 'storage read (B)': 29733505, 'selection 2 time (s)': 0.5130672454833984}
Thread times [0.1990833282470703, 0.3337211608886719, 0.44528675079345703, 0.5197877883911133, 0.5519287586212158, 0.5561833381652832, 0.5556182861328125, 0.5957181453704834, 0.5677084922790527, 0.5809648036956787, 0.6134274005889893, 0.6208794116973877, 0.6195621490478516, 0.6304657459259033, 0.6354098320007324]
{'args': ((15, 0, slice(0, 960, None), slice(None, None, None)),), 'dataset shape': (40, 11, 1921, 2560), 'dataset chunks': (7, 1, 385, 512), 'indexing time (s)': 9.5367431640625e-07, 'chunk number': 1650, 'reduction time (s)': 0.6564602851867676, 'chunks processed': 15, 'storage read (B)': 29733505, 'selection 2 time (s)': 0.6634125709533691}
Thread times [0.356414794921875, 0.4458143711090088, 0.4515683650970459, 0.48905205726623535, 0.5050616264343262, 0.49053287506103516, 0.4850583076477051, 0.5267250537872314, 0.49390721321105957, 0.540541410446167, 0.5392978191375732, 0.5511231422424316, 0.5212531089782715, 0.5552921295166016, 0.5313293933868408]
{'args': ((16, 0, slice(0, 960, None), slice(None, None, None)),), 'dataset shape': (40, 11, 1921, 2560), 'dataset chunks': (7, 1, 385, 512), 'indexing time (s)': 1.430511474609375e-06, 'chunk number': 1650, 'reduction time (s)': 0.5723798274993896, 'chunks processed': 15, 'storage read (B)': 29733505, 'selection 2 time (s)': 0.579200267791748}
Thread times [0.4028046131134033, 0.4226667881011963, 0.5238916873931885, 0.5170230865478516, 0.5246262550354004, 0.5476729869842529, 0.5492088794708252, 0.549053430557251, 0.562488317489624, 0.5403079986572266, 0.543245792388916, 0.5624094009399414, 0.566666841506958, 0.5639088153839111, 0.5852622985839844]
{'args': ((17, 0, slice(0, 960, None), slice(None, None, None)),), 'dataset shape': (40, 11, 1921, 2560), 'dataset chunks': (7, 1, 385, 512), 'indexing time (s)': 1.1920928955078125e-06, 'chunk number': 1650, 'reduction time (s)': 0.6010708808898926, 'chunks processed': 15, 'storage read (B)': 29733505, 'selection 2 time (s)': 0.6084203720092773}
Thread times [0.42539238929748535, 0.4405210018157959, 0.44614434242248535, 0.44753527641296387, 0.4543313980102539, 0.4720582962036133, 0.4768948554992676, 0.4678494930267334, 0.49070239067077637, 0.4938669204711914, 0.5002398490905762, 0.5045242309570312, 0.5066750049591064, 0.5152080059051514, 0.5251603126525879]
{'args': ((18, 0, slice(0, 960, None), slice(None, None, None)),), 'dataset shape': (40, 11, 1921, 2560), 'dataset chunks': (7, 1, 385, 512), 'indexing time (s)': 1.1920928955078125e-06, 'chunk number': 1650, 'reduction time (s)': 0.5324192047119141, 'chunks processed': 15, 'storage read (B)': 29733505, 'selection 2 time (s)': 0.5386664867401123}
Thread times [0.3221724033355713, 0.44991135597229004, 0.45608043670654297, 0.46219706535339355, 0.4856832027435303, 0.4936814308166504, 0.4698920249938965, 0.5048520565032959, 0.5083897113800049, 0.49080777168273926, 0.49341750144958496, 0.49463319778442383, 0.5074806213378906, 0.5077009201049805, 0.5155954360961914]
{'args': ((19, 0, slice(0, 960, None), slice(None, None, None)),), 'dataset shape': (40, 11, 1921, 2560), 'dataset chunks': (7, 1, 385, 512), 'indexing time (s)': 1.430511474609375e-06, 'chunk number': 1650, 'reduction time (s)': 0.5488739013671875, 'chunks processed': 15, 'storage read (B)': 29733505, 'selection 2 time (s)': 0.55564284324646}
Thread times [0.2361888885498047, 0.24036097526550293, 0.25520849227905273, 0.25708866119384766, 0.2642800807952881, 0.2707974910736084, 0.2627067565917969, 0.2795417308807373, 0.31143665313720703, 0.3220956325531006, 0.35404467582702637, 0.3532593250274658, 0.3545241355895996, 0.37144994735717773, 0.3733670711517334]
{'args': ((20, 0, slice(0, 960, None), slice(None, None, None)),), 'dataset shape': (40, 11, 1921, 2560), 'dataset chunks': (7, 1, 385, 512), 'indexing time (s)': 1.6689300537109375e-06, 'chunk number': 1650, 'reduction time (s)': 0.3828153610229492, 'chunks processed': 15, 'storage read (B)': 29733505, 'selection 2 time (s)': 0.38977980613708496}
Thread times [0.08547210693359375, 0.09659695625305176, 0.22375798225402832, 0.2938232421875, 0.31438279151916504, 0.3200194835662842, 0.3447151184082031, 0.34737157821655273, 0.3575403690338135, 0.3562452793121338, 0.35515737533569336, 0.35637927055358887, 0.3668076992034912, 0.3751540184020996, 0.3754615783691406]
{'args': ((21, 0, slice(0, 960, None), slice(None, None, None)),), 'dataset shape': (40, 11, 1921, 2560), 'dataset chunks': (7, 1, 385, 512), 'indexing time (s)': 1.1920928955078125e-06, 'chunk number': 1650, 'reduction time (s)': 0.3936028480529785, 'chunks processed': 15, 'storage read (B)': 29686785, 'selection 2 time (s)': 0.40073704719543457}
Thread times [0.26328468322753906, 0.35005903244018555, 0.3987846374511719, 0.511648416519165, 0.5199792385101318, 0.5193712711334229, 0.5432813167572021, 0.5424356460571289, 0.548187255859375, 0.5393149852752686, 0.5527172088623047, 0.553703784942627, 0.5593130588531494, 0.5541603565216064, 0.5658237934112549]
{'args': ((22, 0, slice(0, 960, None), slice(None, None, None)),), 'dataset shape': (40, 11, 1921, 2560), 'dataset chunks': (7, 1, 385, 512), 'indexing time (s)': 1.430511474609375e-06, 'chunk number': 1650, 'reduction time (s)': 0.6084892749786377, 'chunks processed': 15, 'storage read (B)': 29686785, 'selection 2 time (s)': 0.6148386001586914}
Thread times [0.10196423530578613, 0.11172366142272949, 0.1257338523864746, 0.13809418678283691, 0.3995790481567383, 0.447554349899292, 0.45466017723083496, 0.4723222255706787, 0.49917006492614746, 0.513939380645752, 0.5232136249542236, 0.5210175514221191, 0.5616016387939453, 0.5582191944122314, 0.5660758018493652]
{'args': ((23, 0, slice(0, 960, None), slice(None, None, None)),), 'dataset shape': (40, 11, 1921, 2560), 'dataset chunks': (7, 1, 385, 512), 'indexing time (s)': 9.5367431640625e-07, 'chunk number': 1650, 'reduction time (s)': 0.5845410823822021, 'chunks processed': 15, 'storage read (B)': 29686785, 'selection 2 time (s)': 0.590613603591919}
Thread times [0.13127970695495605, 0.2782924175262451, 0.31249499320983887, 0.504425048828125, 0.5822482109069824, 0.625009298324585, 0.6615521907806396, 0.659653902053833, 0.6746132373809814, 0.6788380146026611, 0.685417890548706, 0.6956174373626709, 0.6992573738098145, 0.6997199058532715, 0.7380690574645996]
{'args': ((24, 0, slice(0, 960, None), slice(None, None, None)),), 'dataset shape': (40, 11, 1921, 2560), 'dataset chunks': (7, 1, 385, 512), 'indexing time (s)': 1.430511474609375e-06, 'chunk number': 1650, 'reduction time (s)': 0.7504348754882812, 'chunks processed': 15, 'storage read (B)': 29686785, 'selection 2 time (s)': 0.7571914196014404}
Thread times [0.30236148834228516, 0.4578897953033447, 0.49494218826293945, 0.5218937397003174, 0.5422506332397461, 0.5209982395172119, 0.5587677955627441, 0.5551838874816895, 0.5556983947753906, 0.583545446395874, 0.5867047309875488, 0.6033763885498047, 0.6071844100952148, 0.5793349742889404, 0.5937490463256836]
{'args': ((25, 0, slice(0, 960, None), slice(None, None, None)),), 'dataset shape': (40, 11, 1921, 2560), 'dataset chunks': (7, 1, 385, 512), 'indexing time (s)': 1.430511474609375e-06, 'chunk number': 1650, 'reduction time (s)': 0.6267099380493164, 'chunks processed': 15, 'storage read (B)': 29686785, 'selection 2 time (s)': 0.632826566696167}
Thread times [0.08932733535766602, 0.09328174591064453, 0.17737221717834473, 0.19485259056091309, 0.22992396354675293, 0.26961421966552734, 0.29140448570251465, 0.32407712936401367, 0.3365297317504883, 0.3432440757751465, 0.34682631492614746, 0.3630220890045166, 0.36150336265563965, 0.3670494556427002, 0.3972353935241699]
{'args': ((26, 0, slice(0, 960, None), slice(None, None, None)),), 'dataset shape': (40, 11, 1921, 2560), 'dataset chunks': (7, 1, 385, 512), 'indexing time (s)': 1.430511474609375e-06, 'chunk number': 1650, 'reduction time (s)': 0.4106934070587158, 'chunks processed': 15, 'storage read (B)': 29686785, 'selection 2 time (s)': 0.4174313545227051}
Thread times [0.1714930534362793, 0.19253253936767578, 0.32916951179504395, 0.33180713653564453, 0.32239317893981934, 0.3435838222503662, 0.32162022590637207, 0.339674711227417, 0.37160229682922363, 0.37012600898742676, 0.36638855934143066, 0.3772726058959961, 0.4095885753631592, 0.3939392566680908, 0.7621815204620361]
{'args': ((27, 0, slice(0, 960, None), slice(None, None, None)),), 'dataset shape': (40, 11, 1921, 2560), 'dataset chunks': (7, 1, 385, 512), 'indexing time (s)': 1.1920928955078125e-06, 'chunk number': 1650, 'reduction time (s)': 0.763897180557251, 'chunks processed': 15, 'storage read (B)': 29686785, 'selection 2 time (s)': 0.7701258659362793}
Thread times [0.19264817237854004, 0.16843104362487793, 0.17013835906982422, 0.19736170768737793, 0.3085017204284668, 0.36667895317077637, 0.3681955337524414, 0.37169837951660156, 0.3820648193359375, 0.3816850185394287, 0.38857579231262207, 0.3799715042114258, 0.3959076404571533, 0.406494140625, 0.4206068515777588]
{'args': ((28, 0, slice(0, 960, None), slice(None, None, None)),), 'dataset shape': (40, 11, 1921, 2560), 'dataset chunks': (7, 1, 385, 512), 'indexing time (s)': 1.6689300537109375e-06, 'chunk number': 1650, 'reduction time (s)': 0.4378964900970459, 'chunks processed': 15, 'storage read (B)': 29670387, 'selection 2 time (s)': 0.4442105293273926}
Thread times [0.14586782455444336, 0.14189648628234863, 0.17269515991210938, 0.18852901458740234, 0.2534902095794678, 0.3261561393737793, 0.3881845474243164, 0.37573719024658203, 0.38338279724121094, 0.4032411575317383, 0.39555883407592773, 0.4074561595916748, 0.4181215763092041, 0.4278874397277832, 0.41678929328918457]
{'args': ((29, 0, slice(0, 960, None), slice(None, None, None)),), 'dataset shape': (40, 11, 1921, 2560), 'dataset chunks': (7, 1, 385, 512), 'indexing time (s)': 1.430511474609375e-06, 'chunk number': 1650, 'reduction time (s)': 0.4390242099761963, 'chunks processed': 15, 'storage read (B)': 29670387, 'selection 2 time (s)': 0.44527459144592285}
Thread times [0.18027234077453613, 0.21128129959106445, 0.2254014015197754, 0.37558817863464355, 0.43142271041870117, 0.4267430305480957, 0.4352121353149414, 0.4506263732910156, 0.4476432800292969, 0.44730591773986816, 0.46858978271484375, 0.4645273685455322, 0.4756155014038086, 0.48184895515441895, 0.49997878074645996]
{'args': ((30, 0, slice(0, 960, None), slice(None, None, None)),), 'dataset shape': (40, 11, 1921, 2560), 'dataset chunks': (7, 1, 385, 512), 'indexing time (s)': 1.6689300537109375e-06, 'chunk number': 1650, 'reduction time (s)': 0.5185933113098145, 'chunks processed': 15, 'storage read (B)': 29670387, 'selection 2 time (s)': 0.5250120162963867}
Thread times [0.08590579032897949, 0.09595918655395508, 0.18904614448547363, 0.17894816398620605, 0.194566011428833, 0.1905677318572998, 0.4131455421447754, 0.49669647216796875, 0.5213503837585449, 0.5248684883117676, 0.546393871307373, 0.5418014526367188, 0.5257809162139893, 0.5317695140838623, 0.5436677932739258]
{'args': ((31, 0, slice(0, 960, None), slice(None, None, None)),), 'dataset shape': (40, 11, 1921, 2560), 'dataset chunks': (7, 1, 385, 512), 'indexing time (s)': 9.5367431640625e-07, 'chunk number': 1650, 'reduction time (s)': 0.5826752185821533, 'chunks processed': 15, 'storage read (B)': 29670387, 'selection 2 time (s)': 0.5894911289215088}
Thread times [0.09988236427307129, 0.18192601203918457, 0.2052154541015625, 0.2720522880554199, 0.39040446281433105, 0.41745805740356445, 0.4169189929962158, 0.39777112007141113, 0.43169474601745605, 0.41568803787231445, 0.4179844856262207, 0.44884681701660156, 0.4558827877044678, 0.45385241508483887, 0.4557383060455322]
{'args': ((32, 0, slice(0, 960, None), slice(None, None, None)),), 'dataset shape': (40, 11, 1921, 2560), 'dataset chunks': (7, 1, 385, 512), 'indexing time (s)': 9.5367431640625e-07, 'chunk number': 1650, 'reduction time (s)': 0.4704477787017822, 'chunks processed': 15, 'storage read (B)': 29670387, 'selection 2 time (s)': 0.47707319259643555}
Thread times [0.2353992462158203, 0.2794015407562256, 0.38019824028015137, 0.43321943283081055, 0.44174671173095703, 0.4567861557006836, 0.45149874687194824, 0.4686415195465088, 0.46454524993896484, 0.4685854911804199, 0.48323893547058105, 0.48678016662597656, 0.4928407669067383, 0.5025489330291748, 0.4993877410888672]
{'args': ((33, 0, slice(0, 960, None), slice(None, None, None)),), 'dataset shape': (40, 11, 1921, 2560), 'dataset chunks': (7, 1, 385, 512), 'indexing time (s)': 9.5367431640625e-07, 'chunk number': 1650, 'reduction time (s)': 0.510129451751709, 'chunks processed': 15, 'storage read (B)': 29670387, 'selection 2 time (s)': 0.5162229537963867}
Thread times [0.3114194869995117, 0.35825109481811523, 0.4735875129699707, 0.5018305778503418, 0.5002870559692383, 0.5052471160888672, 0.4956839084625244, 0.5212223529815674, 0.5178771018981934, 0.5271358489990234, 0.5302903652191162, 0.5302162170410156, 0.5465967655181885, 0.5508630275726318, 0.5503783226013184]
{'args': ((34, 0, slice(0, 960, None), slice(None, None, None)),), 'dataset shape': (40, 11, 1921, 2560), 'dataset chunks': (7, 1, 385, 512), 'indexing time (s)': 1.430511474609375e-06, 'chunk number': 1650, 'reduction time (s)': 0.5611464977264404, 'chunks processed': 15, 'storage read (B)': 29670387, 'selection 2 time (s)': 0.5686204433441162}
Thread times [0.2155780792236328, 0.29189372062683105, 0.2911522388458252, 0.3152759075164795, 0.32997965812683105, 0.3338453769683838, 0.33484816551208496, 0.327986478805542, 0.34262871742248535, 0.3361775875091553, 0.3553895950317383, 0.34407830238342285, 0.3495950698852539, 0.36541152000427246, 0.37524890899658203]
{'args': ((35, 0, slice(0, 960, None), slice(None, None, None)),), 'dataset shape': (40, 11, 1921, 2560), 'dataset chunks': (7, 1, 385, 512), 'indexing time (s)': 1.1920928955078125e-06, 'chunk number': 1650, 'reduction time (s)': 0.3804280757904053, 'chunks processed': 15, 'storage read (B)': 21287473, 'selection 2 time (s)': 0.38649821281433105}
Thread times [0.14703822135925293, 0.23165082931518555, 0.2351078987121582, 0.25845932960510254, 0.2879788875579834, 0.29698681831359863, 0.3154294490814209, 0.31764650344848633, 0.30248475074768066, 0.31993603706359863, 0.3274550437927246, 0.3270745277404785, 0.3352518081665039, 0.3385806083679199, 0.3464975357055664]
{'args': ((36, 0, slice(0, 960, None), slice(None, None, None)),), 'dataset shape': (40, 11, 1921, 2560), 'dataset chunks': (7, 1, 385, 512), 'indexing time (s)': 1.430511474609375e-06, 'chunk number': 1650, 'reduction time (s)': 0.35021471977233887, 'chunks processed': 15, 'storage read (B)': 21287473, 'selection 2 time (s)': 0.3561563491821289}
Thread times [0.27466487884521484, 0.2925264835357666, 0.32178544998168945, 0.32940196990966797, 0.34421491622924805, 0.39156413078308105, 0.3820946216583252, 0.3960742950439453, 0.39121365547180176, 0.39942049980163574, 0.4082002639770508, 0.4210193157196045, 0.40797901153564453, 0.4076998233795166, 0.4307694435119629]
{'args': ((37, 0, slice(0, 960, None), slice(None, None, None)),), 'dataset shape': (40, 11, 1921, 2560), 'dataset chunks': (7, 1, 385, 512), 'indexing time (s)': 1.430511474609375e-06, 'chunk number': 1650, 'reduction time (s)': 0.4377720355987549, 'chunks processed': 15, 'storage read (B)': 21287473, 'selection 2 time (s)': 0.4441344738006592}
Thread times [0.35801029205322266, 0.3709733486175537, 0.401153564453125, 0.42514824867248535, 0.42771220207214355, 0.4240412712097168, 0.4338650703430176, 0.44040799140930176, 0.43457937240600586, 0.4489290714263916, 0.43971705436706543, 0.43936705589294434, 0.44731593132019043, 0.4540538787841797, 0.46552014350891113]
{'args': ((38, 0, slice(0, 960, None), slice(None, None, None)),), 'dataset shape': (40, 11, 1921, 2560), 'dataset chunks': (7, 1, 385, 512), 'indexing time (s)': 1.6689300537109375e-06, 'chunk number': 1650, 'reduction time (s)': 0.47314906120300293, 'chunks processed': 15, 'storage read (B)': 21287473, 'selection 2 time (s)': 0.47982239723205566}
Thread times [0.26291775703430176, 0.3077514171600342, 0.34507203102111816, 0.35350656509399414, 0.3518247604370117, 0.3567831516265869, 0.3668708801269531, 0.3739635944366455, 0.3726215362548828, 0.37863731384277344, 0.3818080425262451, 0.3838341236114502, 0.39273953437805176, 0.38863587379455566, 0.39292097091674805]
{'args': ((39, 0, slice(0, 960, None), slice(None, None, None)),), 'dataset shape': (40, 11, 1921, 2560), 'dataset chunks': (7, 1, 385, 512), 'indexing time (s)': 1.6689300537109375e-06, 'chunk number': 1650, 'reduction time (s)': 0.40854787826538086, 'chunks processed': 15, 'storage read (B)': 21287473, 'selection 2 time (s)': 0.41495418548583984}
[[226.07820312]
 [226.06466146]
 [225.93776042]
 [225.90820312]
 [225.91739583]
 [225.88460937]
 [225.82083333]
 [225.854375  ]
 [225.98346354]
 [226.03822917]
 [226.01317708]
 [226.02335938]
 [226.03765625]
 [226.00486979]
 [225.91776042]
 [225.94033854]
 [225.98726562]
 [225.91453125]
 [225.81239583]
 [225.81888021]
 [225.84528646]
 [225.785     ]
 [225.63645833]
 [225.5565625 ]
 [225.45744792]
 [225.32380208]
 [225.16335937]
 [225.07789063]
 [225.07846354]
 [225.10666667]
 [225.17606771]
 [225.36869792]
 [225.57927083]
 [225.69085938]
 [225.7221875 ]
 [225.82369792]
 [225.93640625]
 [225.96760417]
 [225.91872396]
 [225.92234375]]
Summary:  sci4-op-r1:Active (T100,BS5): 0.636s,21.58s,26.31s
