Dataset loaded from S3 with s3fs and Pyfive: bnl/ch330a.pc19790301-def.nc (3.8,4.0)
Thread times [0.14625763893127441, 0.11272931098937988, 0.5638411045074463, 0.12256860733032227, 0.1109321117401123, 0.26642394065856934, 0.10024690628051758, 0.18808674812316895, 0.24745821952819824, 0.14392757415771484, 0.11885786056518555, 0.2523946762084961, 0.11049747467041016, 0.13372397422790527, 0.13811731338500977]
{'load nc time': 8.160896062850952, 'args': ((0, 0, slice(0, 960, None), slice(None, None, None)),), 'dataset shape': (40, 11, 1921, 2560), 'dataset chunks': (7, 1, 385, 512), 'indexing time (s)': 6.890838623046875, 'chunk number': 1650, 'reduction time (s)': 2.757636070251465, 'chunks processed': 15, 'storage read (B)': 29685482, 'selection 1 time (s)': 9.648674488067627}
Thread times [0.09147477149963379, 0.0933220386505127, 0.111419677734375, 0.09177541732788086, 0.17655038833618164, 0.24480080604553223, 0.08858060836791992, 0.09752082824707031, 0.24963903427124023, 0.1761178970336914, 0.1177525520324707, 0.2352001667022705, 0.09685111045837402, 0.590033769607544, 0.10275793075561523]
{'args': ((1, 0, slice(0, 960, None), slice(None, None, None)),), 'dataset shape': (40, 11, 1921, 2560), 'dataset chunks': (7, 1, 385, 512), 'indexing time (s)': 1.430511474609375e-06, 'chunk number': 1650, 'reduction time (s)': 2.5651071071624756, 'chunks processed': 15, 'storage read (B)': 29685482, 'selection 1 time (s)': 2.5652706623077393}
Thread times [0.137190580368042, 0.08990740776062012, 0.09093189239501953, 0.2524604797363281, 0.13998007774353027, 0.23734140396118164, 0.09375357627868652, 0.11493587493896484, 0.23591279983520508, 0.18127942085266113, 0.13751816749572754, 0.25704050064086914, 0.12881946563720703, 0.10044217109680176, 0.1160287857055664]
{'args': ((2, 0, slice(0, 960, None), slice(None, None, None)),), 'dataset shape': (40, 11, 1921, 2560), 'dataset chunks': (7, 1, 385, 512), 'indexing time (s)': 1.430511474609375e-06, 'chunk number': 1650, 'reduction time (s)': 2.31498646736145, 'chunks processed': 15, 'storage read (B)': 29685482, 'selection 1 time (s)': 2.315147638320923}
Thread times [0.27254462242126465, 1.0933220386505127, 0.3802051544189453, 0.0918266773223877, 0.09922361373901367, 0.26563525199890137, 0.19403624534606934, 0.12370181083679199, 0.2627243995666504, 0.21372056007385254, 0.14009451866149902, 0.2545754909515381, 0.10276126861572266, 0.09789466857910156, 0.09998941421508789]
{'args': ((3, 0, slice(0, 960, None), slice(None, None, None)),), 'dataset shape': (40, 11, 1921, 2560), 'dataset chunks': (7, 1, 385, 512), 'indexing time (s)': 1.1920928955078125e-06, 'chunk number': 1650, 'reduction time (s)': 3.6937355995178223, 'chunks processed': 15, 'storage read (B)': 29685482, 'selection 1 time (s)': 3.69389271736145}
Thread times [0.11131143569946289, 0.07347464561462402, 0.09727644920349121, 0.08550882339477539, 0.11584758758544922, 0.3320298194885254, 0.0963737964630127, 0.10261893272399902, 0.2389066219329834, 0.0881032943725586, 0.09850144386291504, 0.29709768295288086, 0.09538936614990234, 0.1259765625, 0.11421036720275879]
{'args': ((4, 0, slice(0, 960, None), slice(None, None, None)),), 'dataset shape': (40, 11, 1921, 2560), 'dataset chunks': (7, 1, 385, 512), 'indexing time (s)': 1.6689300537109375e-06, 'chunk number': 1650, 'reduction time (s)': 2.0740253925323486, 'chunks processed': 15, 'storage read (B)': 29685482, 'selection 1 time (s)': 2.0742180347442627}
Thread times [0.10260939598083496, 0.09007692337036133, 0.09139084815979004, 0.09308385848999023, 0.0916144847869873, 0.2477891445159912, 0.09042882919311523, 0.11664271354675293, 0.2771286964416504, 0.1341099739074707, 0.12323737144470215, 0.24907875061035156, 0.08862590789794922, 0.11023640632629395, 0.10055947303771973]
{'args': ((5, 0, slice(0, 960, None), slice(None, None, None)),), 'dataset shape': (40, 11, 1921, 2560), 'dataset chunks': (7, 1, 385, 512), 'indexing time (s)': 3.0994415283203125e-06, 'chunk number': 1650, 'reduction time (s)': 2.008247137069702, 'chunks processed': 15, 'storage read (B)': 29685482, 'selection 1 time (s)': 2.008639097213745}
Thread times [0.0870819091796875, 0.08644604682922363, 0.08055710792541504, 0.09239768981933594, 0.08240413665771484, 0.2252798080444336, 0.0780034065246582, 0.10477280616760254, 0.24020171165466309, 0.09492230415344238, 0.11072921752929688, 0.2451610565185547, 0.09137463569641113, 0.09292912483215332, 0.1024942398071289]
{'args': ((6, 0, slice(0, 960, None), slice(None, None, None)),), 'dataset shape': (40, 11, 1921, 2560), 'dataset chunks': (7, 1, 385, 512), 'indexing time (s)': 2.6226043701171875e-06, 'chunk number': 1650, 'reduction time (s)': 1.816455602645874, 'chunks processed': 15, 'storage read (B)': 29685482, 'selection 1 time (s)': 1.8168492317199707}
Thread times [0.12862133979797363, 0.10173630714416504, 0.09969067573547363, 0.1168980598449707, 0.12668538093566895, 0.12175321578979492, 0.1141047477722168, 0.2736847400665283, 0.09006595611572266, 0.08777499198913574, 0.13590240478515625, 0.10998034477233887, 0.23298954963684082, 0.10329651832580566, 0.09671163558959961]
{'args': ((7, 0, slice(0, 960, None), slice(None, None, None)),), 'dataset shape': (40, 11, 1921, 2560), 'dataset chunks': (7, 1, 385, 512), 'indexing time (s)': 2.86102294921875e-06, 'chunk number': 1650, 'reduction time (s)': 1.9412486553192139, 'chunks processed': 15, 'storage read (B)': 29701892, 'selection 1 time (s)': 1.9415593147277832}
Thread times [0.08948469161987305, 0.08147311210632324, 0.11040043830871582, 0.0976104736328125, 0.11082673072814941, 0.259368896484375, 0.10042810440063477, 0.27051353454589844, 0.09658622741699219, 0.07747054100036621, 0.1302964687347412, 0.1250898838043213, 0.21671581268310547, 0.0764012336730957, 0.0934302806854248]
{'args': ((8, 0, slice(0, 960, None), slice(None, None, None)),), 'dataset shape': (40, 11, 1921, 2560), 'dataset chunks': (7, 1, 385, 512), 'indexing time (s)': 1.6689300537109375e-06, 'chunk number': 1650, 'reduction time (s)': 1.9374971389770508, 'chunks processed': 15, 'storage read (B)': 29701892, 'selection 1 time (s)': 1.9376821517944336}
Thread times [0.20508766174316406, 0.1015167236328125, 0.08397960662841797, 0.11388850212097168, 0.1590719223022461, 0.09101033210754395, 0.13885951042175293, 0.22816038131713867, 0.09454679489135742, 0.09023189544677734, 0.10018062591552734, 0.11159181594848633, 0.24978327751159668, 0.12333035469055176, 0.09703803062438965]
{'args': ((9, 0, slice(0, 960, None), slice(None, None, None)),), 'dataset shape': (40, 11, 1921, 2560), 'dataset chunks': (7, 1, 385, 512), 'indexing time (s)': 2.6226043701171875e-06, 'chunk number': 1650, 'reduction time (s)': 2.0027663707733154, 'chunks processed': 15, 'storage read (B)': 29701892, 'selection 1 time (s)': 2.0031135082244873}
Thread times [0.10222482681274414, 0.0963280200958252, 0.08118796348571777, 0.12359857559204102, 0.10345983505249023, 0.10042166709899902, 0.10079026222229004, 0.2381131649017334, 0.0988314151763916, 0.0969383716583252, 0.09814000129699707, 0.12843680381774902, 0.27623486518859863, 0.0983285903930664, 0.0988759994506836]
{'args': ((10, 0, slice(0, 960, None), slice(None, None, None)),), 'dataset shape': (40, 11, 1921, 2560), 'dataset chunks': (7, 1, 385, 512), 'indexing time (s)': 9.5367431640625e-07, 'chunk number': 1650, 'reduction time (s)': 1.8432204723358154, 'chunks processed': 15, 'storage read (B)': 29701892, 'selection 1 time (s)': 1.8433728218078613}
Thread times [0.07019758224487305, 0.08240509033203125, 0.09937262535095215, 0.09749436378479004, 0.09891986846923828, 0.09827899932861328, 0.11157894134521484, 0.23594236373901367, 0.08760833740234375, 0.09122347831726074, 0.10291004180908203, 0.1089329719543457, 0.2429502010345459, 0.16518545150756836, 0.0955665111541748]
{'args': ((11, 0, slice(0, 960, None), slice(None, None, None)),), 'dataset shape': (40, 11, 1921, 2560), 'dataset chunks': (7, 1, 385, 512), 'indexing time (s)': 1.430511474609375e-06, 'chunk number': 1650, 'reduction time (s)': 1.790123462677002, 'chunks processed': 15, 'storage read (B)': 29701892, 'selection 1 time (s)': 1.790318489074707}
Thread times [0.08871817588806152, 0.08599519729614258, 0.08717536926269531, 0.1007683277130127, 0.09524178504943848, 0.09854698181152344, 0.11050295829772949, 0.22836875915527344, 0.10267829895019531, 0.08987116813659668, 0.09753203392028809, 0.1557159423828125, 0.23413610458374023, 0.10949826240539551, 0.22797822952270508]
{'args': ((12, 0, slice(0, 960, None), slice(None, None, None)),), 'dataset shape': (40, 11, 1921, 2560), 'dataset chunks': (7, 1, 385, 512), 'indexing time (s)': 2.6226043701171875e-06, 'chunk number': 1650, 'reduction time (s)': 1.9141075611114502, 'chunks processed': 15, 'storage read (B)': 29701892, 'selection 1 time (s)': 1.914452314376831}
Thread times [0.1594085693359375, 0.08306598663330078, 0.13017845153808594, 0.12578940391540527, 0.10253071784973145, 0.0907444953918457, 0.10237741470336914, 0.24829316139221191, 0.08583664894104004, 0.08868050575256348, 0.09993553161621094, 0.14604949951171875, 0.25516343116760254, 0.11154508590698242, 0.1028602123260498]
{'args': ((13, 0, slice(0, 960, None), slice(None, None, None)),), 'dataset shape': (40, 11, 1921, 2560), 'dataset chunks': (7, 1, 385, 512), 'indexing time (s)': 9.5367431640625e-07, 'chunk number': 1650, 'reduction time (s)': 1.9335746765136719, 'chunks processed': 15, 'storage read (B)': 29701892, 'selection 1 time (s)': 1.933718204498291}
Thread times [0.10660386085510254, 1.107640027999878, 0.1007544994354248, 0.10579323768615723, 0.10233259201049805, 0.16501617431640625, 0.1180264949798584, 0.20290350914001465, 0.23908400535583496, 0.1093759536743164, 0.0980532169342041, 0.1134042739868164, 0.11677980422973633, 0.12260746955871582, 0.09795546531677246]
{'args': ((14, 0, slice(0, 960, None), slice(None, None, None)),), 'dataset shape': (40, 11, 1921, 2560), 'dataset chunks': (7, 1, 385, 512), 'indexing time (s)': 9.5367431640625e-07, 'chunk number': 1650, 'reduction time (s)': 2.9076759815216064, 'chunks processed': 15, 'storage read (B)': 29733505, 'selection 1 time (s)': 2.907870292663574}
Thread times [0.0910491943359375, 0.07828450202941895, 0.18244123458862305, 0.10361146926879883, 0.08691143989562988, 0.12443041801452637, 0.13253450393676758, 0.16542482376098633, 0.22806000709533691, 0.132857084274292, 0.2001485824584961, 0.11062121391296387, 0.10334396362304688, 0.10375571250915527, 0.1113123893737793]
{'args': ((15, 0, slice(0, 960, None), slice(None, None, None)),), 'dataset shape': (40, 11, 1921, 2560), 'dataset chunks': (7, 1, 385, 512), 'indexing time (s)': 2.86102294921875e-06, 'chunk number': 1650, 'reduction time (s)': 1.9563491344451904, 'chunks processed': 15, 'storage read (B)': 29733505, 'selection 1 time (s)': 1.9567224979400635}
Thread times [0.08555841445922852, 0.08675670623779297, 0.08857345581054688, 0.10931706428527832, 0.10772252082824707, 0.1316525936126709, 0.10796213150024414, 0.08986330032348633, 0.24227309226989746, 0.08387613296508789, 0.09013223648071289, 0.0920877456665039, 0.10543966293334961, 0.12744569778442383, 0.09209251403808594]
{'args': ((16, 0, slice(0, 960, None), slice(None, None, None)),), 'dataset shape': (40, 11, 1921, 2560), 'dataset chunks': (7, 1, 385, 512), 'indexing time (s)': 2.86102294921875e-06, 'chunk number': 1650, 'reduction time (s)': 1.6420629024505615, 'chunks processed': 15, 'storage read (B)': 29733505, 'selection 1 time (s)': 1.6424179077148438}
Thread times [0.07715797424316406, 0.08212900161743164, 0.0921320915222168, 0.0901038646697998, 0.09590959548950195, 0.11094546318054199, 0.13066768646240234, 0.10822081565856934, 0.3104395866394043, 0.10413765907287598, 0.11184334754943848, 0.1050863265991211, 0.14476704597473145, 0.09205269813537598, 0.11757373809814453]
{'args': ((17, 0, slice(0, 960, None), slice(None, None, None)),), 'dataset shape': (40, 11, 1921, 2560), 'dataset chunks': (7, 1, 385, 512), 'indexing time (s)': 1.1920928955078125e-06, 'chunk number': 1650, 'reduction time (s)': 1.774681568145752, 'chunks processed': 15, 'storage read (B)': 29733505, 'selection 1 time (s)': 1.7748806476593018}
Thread times [0.09206295013427734, 0.08527326583862305, 0.1125953197479248, 0.09943270683288574, 0.09084868431091309, 0.10715913772583008, 0.11775588989257812, 0.137221097946167, 0.23487472534179688, 0.09473228454589844, 0.10084176063537598, 0.11432027816772461, 0.10753679275512695, 0.2064666748046875, 0.09672689437866211]
{'args': ((18, 0, slice(0, 960, None), slice(None, None, None)),), 'dataset shape': (40, 11, 1921, 2560), 'dataset chunks': (7, 1, 385, 512), 'indexing time (s)': 2.6226043701171875e-06, 'chunk number': 1650, 'reduction time (s)': 1.7994067668914795, 'chunks processed': 15, 'storage read (B)': 29733505, 'selection 1 time (s)': 1.799729585647583}
Thread times [0.08297991752624512, 0.08536791801452637, 0.08598208427429199, 0.1378498077392578, 0.09855103492736816, 0.10824060440063477, 0.10523509979248047, 0.12147951126098633, 0.30835604667663574, 0.12383627891540527, 0.12028026580810547, 0.15192413330078125, 0.09486031532287598, 0.13227462768554688, 0.08911514282226562]
{'args': ((19, 0, slice(0, 960, None), slice(None, None, None)),), 'dataset shape': (40, 11, 1921, 2560), 'dataset chunks': (7, 1, 385, 512), 'indexing time (s)': 1.1920928955078125e-06, 'chunk number': 1650, 'reduction time (s)': 1.8476452827453613, 'chunks processed': 15, 'storage read (B)': 29733505, 'selection 1 time (s)': 1.8477959632873535}
Thread times [0.08058476448059082, 0.09987759590148926, 0.09084653854370117, 0.0926518440246582, 0.0919492244720459, 0.10112857818603516, 0.10305047035217285, 0.1010138988494873, 0.2568058967590332, 0.13075590133666992, 0.1112518310546875, 0.1165924072265625, 0.11629128456115723, 0.09477519989013672, 0.10742044448852539]
{'args': ((20, 0, slice(0, 960, None), slice(None, None, None)),), 'dataset shape': (40, 11, 1921, 2560), 'dataset chunks': (7, 1, 385, 512), 'indexing time (s)': 9.5367431640625e-07, 'chunk number': 1650, 'reduction time (s)': 1.6962971687316895, 'chunks processed': 15, 'storage read (B)': 29733505, 'selection 1 time (s)': 1.6964526176452637}
Thread times [0.1089777946472168, 0.09432053565979004, 0.16996502876281738, 0.07228446006774902, 0.09847283363342285, 0.25620079040527344, 0.11282849311828613, 0.12458252906799316, 0.11583662033081055, 0.10263633728027344, 0.16275954246520996, 0.10631155967712402, 0.2698087692260742, 1.2437803745269775, 0.08613872528076172]
{'args': ((21, 0, slice(0, 960, None), slice(None, None, None)),), 'dataset shape': (40, 11, 1921, 2560), 'dataset chunks': (7, 1, 385, 512), 'indexing time (s)': 7.152557373046875e-07, 'chunk number': 1650, 'reduction time (s)': 3.12611985206604, 'chunks processed': 15, 'storage read (B)': 29686785, 'selection 1 time (s)': 3.126253366470337}
Thread times [0.08944106101989746, 0.18872714042663574, 0.1631627082824707, 0.07343316078186035, 0.15333890914916992, 0.24609994888305664, 0.0980689525604248, 0.12559056282043457, 0.12158918380737305, 0.11336565017700195, 0.12858295440673828, 0.12064743041992188, 0.2314469814300537, 0.22272872924804688, 0.09644699096679688]
{'args': ((22, 0, slice(0, 960, None), slice(None, None, None)),), 'dataset shape': (40, 11, 1921, 2560), 'dataset chunks': (7, 1, 385, 512), 'indexing time (s)': 1.430511474609375e-06, 'chunk number': 1650, 'reduction time (s)': 2.173820734024048, 'chunks processed': 15, 'storage read (B)': 29686785, 'selection 1 time (s)': 2.173970937728882}
Thread times [0.08243012428283691, 0.08579683303833008, 0.10286307334899902, 0.08597946166992188, 0.08980321884155273, 0.22917938232421875, 0.11481976509094238, 0.10573744773864746, 0.10686993598937988, 0.1150510311126709, 0.10688376426696777, 0.1173105239868164, 0.2748599052429199, 0.2852480411529541, 0.13244128227233887]
{'args': ((23, 0, slice(0, 960, None), slice(None, None, None)),), 'dataset shape': (40, 11, 1921, 2560), 'dataset chunks': (7, 1, 385, 512), 'indexing time (s)': 1.1920928955078125e-06, 'chunk number': 1650, 'reduction time (s)': 2.03647518157959, 'chunks processed': 15, 'storage read (B)': 29686785, 'selection 1 time (s)': 2.036638021469116}
Thread times [0.08710837364196777, 0.07564997673034668, 0.09393477439880371, 0.07592463493347168, 0.08523225784301758, 0.22768807411193848, 0.11733818054199219, 0.11168956756591797, 0.09883904457092285, 0.09242916107177734, 0.09542202949523926, 0.10605859756469727, 0.23862385749816895, 0.26020240783691406, 0.10548639297485352]
{'args': ((24, 0, slice(0, 960, None), slice(None, None, None)),), 'dataset shape': (40, 11, 1921, 2560), 'dataset chunks': (7, 1, 385, 512), 'indexing time (s)': 9.5367431640625e-07, 'chunk number': 1650, 'reduction time (s)': 1.8729703426361084, 'chunks processed': 15, 'storage read (B)': 29686785, 'selection 1 time (s)': 1.8731203079223633}
Thread times [0.13853192329406738, 0.07933592796325684, 0.10335326194763184, 0.06916522979736328, 0.19791793823242188, 0.24486231803894043, 0.1143031120300293, 0.09260106086730957, 0.11740779876708984, 0.17651605606079102, 0.1012721061706543, 0.09200358390808105, 0.23738551139831543, 0.2096872329711914, 0.08626413345336914]
{'args': ((25, 0, slice(0, 960, None), slice(None, None, None)),), 'dataset shape': (40, 11, 1921, 2560), 'dataset chunks': (7, 1, 385, 512), 'indexing time (s)': 1.1920928955078125e-06, 'chunk number': 1650, 'reduction time (s)': 2.062009811401367, 'chunks processed': 15, 'storage read (B)': 29686785, 'selection 1 time (s)': 2.062188148498535}
Thread times [0.0938565731048584, 0.07810211181640625, 0.11029744148254395, 0.07621645927429199, 0.0878458023071289, 0.39343905448913574, 0.1188051700592041, 0.1072993278503418, 0.12781000137329102, 0.10107994079589844, 0.10327696800231934, 0.09698104858398438, 0.2447495460510254, 0.21642637252807617, 0.09821128845214844]
{'args': ((26, 0, slice(0, 960, None), slice(None, None, None)),), 'dataset shape': (40, 11, 1921, 2560), 'dataset chunks': (7, 1, 385, 512), 'indexing time (s)': 3.337860107421875e-06, 'chunk number': 1650, 'reduction time (s)': 2.0558135509490967, 'chunks processed': 15, 'storage read (B)': 29686785, 'selection 1 time (s)': 2.0561797618865967}
Thread times [0.09028768539428711, 0.09253859519958496, 0.12669157981872559, 0.07291698455810547, 0.09370064735412598, 0.2933807373046875, 0.09572410583496094, 0.07672119140625, 0.17711663246154785, 0.1003572940826416, 0.10081982612609863, 0.1278672218322754, 0.23511910438537598, 0.21690726280212402, 0.08929252624511719]
{'args': ((27, 0, slice(0, 960, None), slice(None, None, None)),), 'dataset shape': (40, 11, 1921, 2560), 'dataset chunks': (7, 1, 385, 512), 'indexing time (s)': 1.430511474609375e-06, 'chunk number': 1650, 'reduction time (s)': 1.9905927181243896, 'chunks processed': 15, 'storage read (B)': 29686785, 'selection 1 time (s)': 1.9907426834106445}
Thread times [0.10898113250732422, 0.08981180191040039, 0.09425210952758789, 0.1060633659362793, 0.09427905082702637, 0.13141250610351562, 0.11045265197753906, 0.12377190589904785, 0.11167669296264648, 0.11301159858703613, 0.12899518013000488, 0.24046111106872559, 0.10290193557739258, 0.19254541397094727, 0.1287069320678711]
{'args': ((28, 0, slice(0, 960, None), slice(None, None, None)),), 'dataset shape': (40, 11, 1921, 2560), 'dataset chunks': (7, 1, 385, 512), 'indexing time (s)': 9.5367431640625e-07, 'chunk number': 1650, 'reduction time (s)': 1.878504753112793, 'chunks processed': 15, 'storage read (B)': 29670387, 'selection 1 time (s)': 1.8786520957946777}
Thread times [0.0777750015258789, 0.07636761665344238, 0.09957575798034668, 0.08749866485595703, 0.09784293174743652, 0.10827040672302246, 0.12967228889465332, 0.11876249313354492, 0.14994335174560547, 0.09997367858886719, 0.1232595443725586, 0.2409992218017578, 0.1812427043914795, 0.09925270080566406, 0.10184812545776367]
{'args': ((29, 0, slice(0, 960, None), slice(None, None, None)),), 'dataset shape': (40, 11, 1921, 2560), 'dataset chunks': (7, 1, 385, 512), 'indexing time (s)': 9.5367431640625e-07, 'chunk number': 1650, 'reduction time (s)': 1.7935445308685303, 'chunks processed': 15, 'storage read (B)': 29670387, 'selection 1 time (s)': 1.7937016487121582}
Thread times [0.07973170280456543, 0.08144879341125488, 0.14738225936889648, 0.08428120613098145, 0.10573935508728027, 0.10679078102111816, 0.09175944328308105, 0.12998318672180176, 0.09885764122009277, 0.14459896087646484, 0.10256457328796387, 0.2511007785797119, 0.1180262565612793, 0.14534282684326172, 0.13654160499572754]
{'args': ((30, 0, slice(0, 960, None), slice(None, None, None)),), 'dataset shape': (40, 11, 1921, 2560), 'dataset chunks': (7, 1, 385, 512), 'indexing time (s)': 9.5367431640625e-07, 'chunk number': 1650, 'reduction time (s)': 1.8253633975982666, 'chunks processed': 15, 'storage read (B)': 29670387, 'selection 1 time (s)': 1.8255233764648438}
Thread times [0.08907413482666016, 0.08476495742797852, 0.0944526195526123, 0.08670353889465332, 0.09238147735595703, 0.11096978187561035, 0.10292911529541016, 0.0967867374420166, 0.09334039688110352, 0.17592644691467285, 0.08677458763122559, 0.283475399017334, 0.10312104225158691, 0.10224628448486328, 0.09677982330322266]
{'args': ((31, 0, slice(0, 960, None), slice(None, None, None)),), 'dataset shape': (40, 11, 1921, 2560), 'dataset chunks': (7, 1, 385, 512), 'indexing time (s)': 1.430511474609375e-06, 'chunk number': 1650, 'reduction time (s)': 1.700819969177246, 'chunks processed': 15, 'storage read (B)': 29670387, 'selection 1 time (s)': 1.7009639739990234}
Thread times [0.07438421249389648, 0.09793210029602051, 0.09394526481628418, 0.08140087127685547, 0.09854722023010254, 0.15458989143371582, 0.14482355117797852, 0.1025092601776123, 0.1154482364654541, 0.10137081146240234, 0.09538507461547852, 0.23180603981018066, 0.0886373519897461, 0.10796213150024414, 0.093170166015625]
{'args': ((32, 0, slice(0, 960, None), slice(None, None, None)),), 'dataset shape': (40, 11, 1921, 2560), 'dataset chunks': (7, 1, 385, 512), 'indexing time (s)': 1.1920928955078125e-06, 'chunk number': 1650, 'reduction time (s)': 1.6831305027008057, 'chunks processed': 15, 'storage read (B)': 29670387, 'selection 1 time (s)': 1.6832737922668457}
Thread times [0.10234332084655762, 0.08378314971923828, 0.08979034423828125, 0.08797359466552734, 0.09915018081665039, 0.10280370712280273, 0.18368053436279297, 0.10152769088745117, 0.11143660545349121, 0.1056678295135498, 0.10065674781799316, 0.27156901359558105, 0.1352393627166748, 0.18420624732971191, 0.10255098342895508]
{'args': ((33, 0, slice(0, 960, None), slice(None, None, None)),), 'dataset shape': (40, 11, 1921, 2560), 'dataset chunks': (7, 1, 385, 512), 'indexing time (s)': 1.1920928955078125e-06, 'chunk number': 1650, 'reduction time (s)': 1.8635530471801758, 'chunks processed': 15, 'storage read (B)': 29670387, 'selection 1 time (s)': 1.8637127876281738}
Thread times [0.16194987297058105, 0.09087681770324707, 0.10625982284545898, 0.09597539901733398, 0.10003852844238281, 0.16889667510986328, 0.1084134578704834, 0.14370322227478027, 0.17632699012756348, 0.12433457374572754, 0.1316061019897461, 0.26865172386169434, 0.09991192817687988, 0.11263847351074219, 0.10383820533752441]
{'args': ((34, 0, slice(0, 960, None), slice(None, None, None)),), 'dataset shape': (40, 11, 1921, 2560), 'dataset chunks': (7, 1, 385, 512), 'indexing time (s)': 7.152557373046875e-07, 'chunk number': 1650, 'reduction time (s)': 1.994748592376709, 'chunks processed': 15, 'storage read (B)': 29670387, 'selection 1 time (s)': 1.9949190616607666}
Thread times [0.16169476509094238, 0.09580612182617188, 0.11226391792297363, 0.09203767776489258, 0.10168600082397461, 0.10653972625732422, 0.14041423797607422, 0.09862852096557617, 0.11580657958984375, 0.0877542495727539, 0.09702610969543457, 0.09771990776062012, 0.09932565689086914, 0.0926659107208252, 0.10736227035522461]
{'args': ((35, 0, slice(0, 960, None), slice(None, None, None)),), 'dataset shape': (40, 11, 1921, 2560), 'dataset chunks': (7, 1, 385, 512), 'indexing time (s)': 1.1920928955078125e-06, 'chunk number': 1650, 'reduction time (s)': 1.6078855991363525, 'chunks processed': 15, 'storage read (B)': 21287473, 'selection 1 time (s)': 1.60805082321167}
Thread times [0.09839153289794922, 0.08069634437561035, 0.08155393600463867, 0.08676791191101074, 0.12276959419250488, 0.09897899627685547, 0.09575057029724121, 0.09617400169372559, 0.10597658157348633, 0.09357237815856934, 0.10119462013244629, 0.08167719841003418, 0.09078693389892578, 0.09886789321899414, 0.12131476402282715]
{'args': ((36, 0, slice(0, 960, None), slice(None, None, None)),), 'dataset shape': (40, 11, 1921, 2560), 'dataset chunks': (7, 1, 385, 512), 'indexing time (s)': 1.1920928955078125e-06, 'chunk number': 1650, 'reduction time (s)': 1.4556996822357178, 'chunks processed': 15, 'storage read (B)': 21287473, 'selection 1 time (s)': 1.4558796882629395}
Thread times [0.08451318740844727, 0.08455586433410645, 0.11428594589233398, 1.0871174335479736, 0.09092545509338379, 0.09441447257995605, 0.08872604370117188, 0.1538093090057373, 0.10699796676635742, 0.09494757652282715, 0.10195803642272949, 0.08715939521789551, 0.08857417106628418, 0.1397871971130371, 0.09047651290893555]
{'args': ((37, 0, slice(0, 960, None), slice(None, None, None)),), 'dataset shape': (40, 11, 1921, 2560), 'dataset chunks': (7, 1, 385, 512), 'indexing time (s)': 9.5367431640625e-07, 'chunk number': 1650, 'reduction time (s)': 2.5095932483673096, 'chunks processed': 15, 'storage read (B)': 21287473, 'selection 1 time (s)': 2.509758949279785}
Thread times [0.07106900215148926, 0.07814550399780273, 0.07059741020202637, 0.07715749740600586, 0.08671879768371582, 0.11703801155090332, 0.11372780799865723, 0.1023406982421875, 0.0955500602722168, 0.08254218101501465, 0.10976386070251465, 0.0944671630859375, 0.14588284492492676, 0.23435425758361816, 0.08903098106384277]
{'args': ((38, 0, slice(0, 960, None), slice(None, None, None)),), 'dataset shape': (40, 11, 1921, 2560), 'dataset chunks': (7, 1, 385, 512), 'indexing time (s)': 1.1920928955078125e-06, 'chunk number': 1650, 'reduction time (s)': 1.5697083473205566, 'chunks processed': 15, 'storage read (B)': 21287473, 'selection 1 time (s)': 1.5698902606964111}
Thread times [0.08484029769897461, 0.0947561264038086, 0.09023523330688477, 0.09547853469848633, 0.08928537368774414, 0.10114192962646484, 0.08928060531616211, 0.1076817512512207, 0.11692404747009277, 0.09873485565185547, 0.1629338264465332, 0.09272432327270508, 0.09039044380187988, 0.11817336082458496, 0.08917403221130371]
{'args': ((39, 0, slice(0, 960, None), slice(None, None, None)),), 'dataset shape': (40, 11, 1921, 2560), 'dataset chunks': (7, 1, 385, 512), 'indexing time (s)': 7.152557373046875e-07, 'chunk number': 1650, 'reduction time (s)': 1.5229196548461914, 'chunks processed': 15, 'storage read (B)': 21287473, 'selection 1 time (s)': 1.523068904876709}
[[226.07817708]
 [226.06473958]
 [225.93765625]
 [225.90807292]
 [225.91734375]
 [225.88453125]
 [225.82075521]
 [225.85440104]
 [225.98328125]
 [226.03804687]
 [226.01315104]
 [226.02330729]
 [226.03770833]
 [226.00476563]
 [225.91765625]
 [225.94036458]
 [225.98721354]
 [225.9146875 ]
 [225.81242188]
 [225.81869792]
 [225.84526042]
 [225.78497396]
 [225.63651042]
 [225.55651042]
 [225.45734375]
 [225.32369792]
 [225.16325521]
 [225.07794271]
 [225.07846354]
 [225.10664063]
 [225.17609375]
 [225.36880208]
 [225.57911458]
 [225.69080729]
 [225.72229167]
 [225.82367188]
 [225.93658854]
 [225.96765625]
 [225.91861979]
 [225.9225    ]]
Summary:  sci4-op-r1:Local (T1,BS1): 8.16s,80.94s,96.01s
