Dataset loaded from S3 with s3fs and Pyfive: bnl/ch330a.pc19790301-def.nc (3.3,1.5)
Thread times [0.12624502182006836, 0.16105389595031738, 0.0718388557434082, 0.07533717155456543, 0.11800718307495117, 0.0923457145690918, 0.08475470542907715, 0.14167070388793945, 0.21342182159423828, 0.10358500480651855, 0.08495259284973145, 0.2718381881713867, 0.07957029342651367, 0.08565497398376465, 0.15105915069580078]
{'load nc time': 5.023209095001221, 'args': ((0, 0, slice(0, 960, None), slice(None, None, None)),), 'dataset shape': (40, 11, 1921, 2560), 'dataset chunks': (7, 1, 385, 512), 'indexing time (s)': 4.980103969573975, 'chunk number': 1650, 'reduction time (s)': 1.8623859882354736, 'chunks processed': 15, 'storage read (B)': 29685482, 'selection 2 time (s)': 6.843487977981567}
Thread times [0.06979990005493164, 0.05681252479553223, 0.07241368293762207, 0.07829737663269043, 0.07497310638427734, 0.1899421215057373, 0.12027668952941895, 0.08947157859802246, 0.2756991386413574, 0.08539485931396484, 0.08091926574707031, 0.2790844440460205, 0.06896734237670898, 0.10755681991577148, 0.07420206069946289]
{'args': ((1, 0, slice(0, 960, None), slice(None, None, None)),), 'dataset shape': (40, 11, 1921, 2560), 'dataset chunks': (7, 1, 385, 512), 'indexing time (s)': 2.384185791015625e-06, 'chunk number': 1650, 'reduction time (s)': 1.7249629497528076, 'chunks processed': 15, 'storage read (B)': 29685482, 'selection 2 time (s)': 1.7273902893066406}
Thread times [0.1080472469329834, 0.055357933044433594, 0.08395266532897949, 0.058562278747558594, 0.1712627410888672, 0.07886624336242676, 0.08804702758789062, 0.1353623867034912, 0.23486614227294922, 0.08359456062316895, 0.0831139087677002, 0.22687244415283203, 0.08878231048583984, 0.09522080421447754, 0.07318115234375]
{'args': ((2, 0, slice(0, 960, None), slice(None, None, None)),), 'dataset shape': (40, 11, 1921, 2560), 'dataset chunks': (7, 1, 385, 512), 'indexing time (s)': 3.337860107421875e-06, 'chunk number': 1650, 'reduction time (s)': 1.6661853790283203, 'chunks processed': 15, 'storage read (B)': 29685482, 'selection 2 time (s)': 1.6673164367675781}
Thread times [0.06631970405578613, 0.0490114688873291, 0.07302141189575195, 0.07323646545410156, 0.08396148681640625, 0.07747220993041992, 0.08939599990844727, 0.14565753936767578, 0.2315540313720703, 0.07940268516540527, 0.07639241218566895, 0.22434163093566895, 0.08203315734863281, 0.10936355590820312, 0.0805506706237793]
{'args': ((3, 0, slice(0, 960, None), slice(None, None, None)),), 'dataset shape': (40, 11, 1921, 2560), 'dataset chunks': (7, 1, 385, 512), 'indexing time (s)': 9.5367431640625e-07, 'chunk number': 1650, 'reduction time (s)': 1.5425388813018799, 'chunks processed': 15, 'storage read (B)': 29685482, 'selection 2 time (s)': 1.5433039665222168}
Thread times [0.06888532638549805, 0.046045541763305664, 0.06218600273132324, 0.06500077247619629, 0.11326885223388672, 0.08657431602478027, 0.07586979866027832, 0.08116698265075684, 0.20134401321411133, 0.07358956336975098, 0.0648505687713623, 0.18415260314941406, 0.07153081893920898, 0.0810239315032959, 0.07878780364990234]
{'args': ((4, 0, slice(0, 960, None), slice(None, None, None)),), 'dataset shape': (40, 11, 1921, 2560), 'dataset chunks': (7, 1, 385, 512), 'indexing time (s)': 1.430511474609375e-06, 'chunk number': 1650, 'reduction time (s)': 1.355001449584961, 'chunks processed': 15, 'storage read (B)': 29685482, 'selection 2 time (s)': 1.355849266052246}
Thread times [0.2785024642944336, 0.05457711219787598, 0.06883478164672852, 0.06021881103515625, 0.0766286849975586, 0.08354783058166504, 1.0895438194274902, 0.11431193351745605, 0.37383556365966797, 0.08699536323547363, 0.13332867622375488, 0.3130476474761963, 0.12256479263305664, 0.08094000816345215, 0.09594464302062988]
{'args': ((5, 0, slice(0, 960, None), slice(None, None, None)),), 'dataset shape': (40, 11, 1921, 2560), 'dataset chunks': (7, 1, 385, 512), 'indexing time (s)': 1.1920928955078125e-06, 'chunk number': 1650, 'reduction time (s)': 3.04215669631958, 'chunks processed': 15, 'storage read (B)': 29685482, 'selection 2 time (s)': 3.0430188179016113}
Thread times [0.07725715637207031, 0.04690051078796387, 0.0645742416381836, 0.060686349868774414, 0.0776679515838623, 0.07832002639770508, 0.08578062057495117, 0.08699679374694824, 0.22585105895996094, 0.12428522109985352, 0.09733152389526367, 0.24831151962280273, 0.06599092483520508, 0.10324239730834961, 0.08453202247619629]
{'args': ((6, 0, slice(0, 960, None), slice(None, None, None)),), 'dataset shape': (40, 11, 1921, 2560), 'dataset chunks': (7, 1, 385, 512), 'indexing time (s)': 1.430511474609375e-06, 'chunk number': 1650, 'reduction time (s)': 1.5285613536834717, 'chunks processed': 15, 'storage read (B)': 29685482, 'selection 2 time (s)': 1.529456615447998}
Thread times [0.08063721656799316, 0.056630611419677734, 0.07942390441894531, 0.08194375038146973, 0.07328128814697266, 0.08373188972473145, 0.08648514747619629, 0.08319997787475586, 0.22613072395324707, 0.06594085693359375, 0.06602716445922852, 0.08808040618896484, 0.130781888961792, 0.08597159385681152, 0.12240457534790039]
{'args': ((7, 0, slice(0, 960, None), slice(None, None, None)),), 'dataset shape': (40, 11, 1921, 2560), 'dataset chunks': (7, 1, 385, 512), 'indexing time (s)': 1.9073486328125e-06, 'chunk number': 1650, 'reduction time (s)': 1.4114553928375244, 'chunks processed': 15, 'storage read (B)': 29701892, 'selection 2 time (s)': 1.4128053188323975}
Thread times [0.06528353691101074, 0.05733299255371094, 0.08169198036193848, 0.0826265811920166, 0.07076287269592285, 0.08200359344482422, 0.08205628395080566, 0.0890960693359375, 0.2554967403411865, 0.08660078048706055, 0.07594871520996094, 0.38867640495300293, 0.10036015510559082, 0.08893322944641113, 0.1151726245880127]
{'args': ((8, 0, slice(0, 960, None), slice(None, None, None)),), 'dataset shape': (40, 11, 1921, 2560), 'dataset chunks': (7, 1, 385, 512), 'indexing time (s)': 9.5367431640625e-07, 'chunk number': 1650, 'reduction time (s)': 1.7230381965637207, 'chunks processed': 15, 'storage read (B)': 29701892, 'selection 2 time (s)': 1.7239439487457275}
Thread times [0.07343125343322754, 0.09468626976013184, 0.0771024227142334, 0.10164070129394531, 0.08971643447875977, 0.09065794944763184, 0.10400128364562988, 0.0977475643157959, 0.2328333854675293, 0.08963561058044434, 0.1024484634399414, 0.0917665958404541, 0.15624046325683594, 0.1561877727508545, 0.10672640800476074]
{'args': ((9, 0, slice(0, 960, None), slice(None, None, None)),), 'dataset shape': (40, 11, 1921, 2560), 'dataset chunks': (7, 1, 385, 512), 'indexing time (s)': 1.1920928955078125e-06, 'chunk number': 1650, 'reduction time (s)': 1.6657607555389404, 'chunks processed': 15, 'storage read (B)': 29701892, 'selection 2 time (s)': 1.6665565967559814}
Thread times [0.07848167419433594, 0.12510061264038086, 0.11598467826843262, 0.07285428047180176, 0.05983328819274902, 0.08721494674682617, 0.07858681678771973, 0.07843661308288574, 0.20540165901184082, 0.1193397045135498, 0.0798797607421875, 0.07698774337768555, 0.0808417797088623, 0.0953216552734375, 0.08741140365600586]
{'args': ((10, 0, slice(0, 960, None), slice(None, None, None)),), 'dataset shape': (40, 11, 1921, 2560), 'dataset chunks': (7, 1, 385, 512), 'indexing time (s)': 1.9073486328125e-06, 'chunk number': 1650, 'reduction time (s)': 1.4424424171447754, 'chunks processed': 15, 'storage read (B)': 29701892, 'selection 2 time (s)': 1.443267822265625}
Thread times [0.06946444511413574, 0.05005288124084473, 0.07371115684509277, 0.10642457008361816, 0.09140849113464355, 0.07312488555908203, 0.09112262725830078, 0.07900738716125488, 0.2566206455230713, 0.07700371742248535, 0.07429981231689453, 0.10126090049743652, 0.09699034690856934, 0.0720205307006836, 0.09636330604553223]
{'args': ((11, 0, slice(0, 960, None), slice(None, None, None)),), 'dataset shape': (40, 11, 1921, 2560), 'dataset chunks': (7, 1, 385, 512), 'indexing time (s)': 1.1920928955078125e-06, 'chunk number': 1650, 'reduction time (s)': 1.4097354412078857, 'chunks processed': 15, 'storage read (B)': 29701892, 'selection 2 time (s)': 1.4107215404510498}
Thread times [0.07180261611938477, 0.08567547798156738, 0.07047057151794434, 0.07709288597106934, 0.08426952362060547, 0.07635760307312012, 0.07999753952026367, 0.07230591773986816, 0.22615814208984375, 0.09232568740844727, 0.0771024227142334, 0.1314859390258789, 0.07965230941772461, 0.08278131484985352, 0.09775590896606445]
{'args': ((12, 0, slice(0, 960, None), slice(None, None, None)),), 'dataset shape': (40, 11, 1921, 2560), 'dataset chunks': (7, 1, 385, 512), 'indexing time (s)': 1.6689300537109375e-06, 'chunk number': 1650, 'reduction time (s)': 1.4061825275421143, 'chunks processed': 15, 'storage read (B)': 29701892, 'selection 2 time (s)': 1.407059669494629}
Thread times [0.07851839065551758, 0.055968284606933594, 0.06953620910644531, 0.08450460433959961, 0.10963582992553711, 0.07632780075073242, 0.10172557830810547, 0.08301115036010742, 0.22678303718566895, 0.08858966827392578, 0.07896232604980469, 0.0797736644744873, 0.07685256004333496, 0.09781098365783691, 0.09683370590209961]
{'args': ((13, 0, slice(0, 960, None), slice(None, None, None)),), 'dataset shape': (40, 11, 1921, 2560), 'dataset chunks': (7, 1, 385, 512), 'indexing time (s)': 1.6689300537109375e-06, 'chunk number': 1650, 'reduction time (s)': 1.419802188873291, 'chunks processed': 15, 'storage read (B)': 29701892, 'selection 2 time (s)': 1.420684576034546}
Thread times [0.37596726417541504, 0.06833934783935547, 0.0732114315032959, 0.06990575790405273, 0.07320475578308105, 0.07590103149414062, 0.08660078048706055, 0.09224057197570801, 0.26958274841308594, 0.07605504989624023, 0.06994915008544922, 0.08614921569824219, 0.07861018180847168, 0.08194303512573242, 0.08006620407104492]
{'args': ((14, 0, slice(0, 960, None), slice(None, None, None)),), 'dataset shape': (40, 11, 1921, 2560), 'dataset chunks': (7, 1, 385, 512), 'indexing time (s)': 1.1920928955078125e-06, 'chunk number': 1650, 'reduction time (s)': 1.658982753753662, 'chunks processed': 15, 'storage read (B)': 29733505, 'selection 2 time (s)': 1.660362958908081}
Thread times [0.09132504463195801, 0.07833719253540039, 0.10338878631591797, 0.07630324363708496, 0.07039189338684082, 0.07920098304748535, 0.08269643783569336, 0.08164072036743164, 0.2899644374847412, 0.07731389999389648, 0.0632011890411377, 0.07411074638366699, 0.07993364334106445, 0.0797262191772461, 0.11567497253417969]
{'args': ((15, 0, slice(0, 960, None), slice(None, None, None)),), 'dataset shape': (40, 11, 1921, 2560), 'dataset chunks': (7, 1, 385, 512), 'indexing time (s)': 1.1920928955078125e-06, 'chunk number': 1650, 'reduction time (s)': 1.444171667098999, 'chunks processed': 15, 'storage read (B)': 29733505, 'selection 2 time (s)': 1.4451470375061035}
Thread times [0.10393953323364258, 0.06359505653381348, 0.06355690956115723, 0.06376814842224121, 0.08497834205627441, 0.0860297679901123, 0.11751985549926758, 0.07568860054016113, 0.21782827377319336, 0.10191607475280762, 0.11723566055297852, 0.0923609733581543, 0.077789306640625, 0.0841975212097168, 0.10688996315002441]
{'args': ((16, 0, slice(0, 960, None), slice(None, None, None)),), 'dataset shape': (40, 11, 1921, 2560), 'dataset chunks': (7, 1, 385, 512), 'indexing time (s)': 1.1920928955078125e-06, 'chunk number': 1650, 'reduction time (s)': 1.4581701755523682, 'chunks processed': 15, 'storage read (B)': 29733505, 'selection 2 time (s)': 1.459075927734375}
Thread times [0.12176060676574707, 0.06667017936706543, 0.0683133602142334, 0.07358551025390625, 0.09240198135375977, 0.0915374755859375, 0.10281801223754883, 0.09434175491333008, 0.22324347496032715, 0.08818411827087402, 0.0816812515258789, 0.12966179847717285, 0.08548474311828613, 0.08044719696044922, 0.0869138240814209]
{'args': ((17, 0, slice(0, 960, None), slice(None, None, None)),), 'dataset shape': (40, 11, 1921, 2560), 'dataset chunks': (7, 1, 385, 512), 'indexing time (s)': 1.1920928955078125e-06, 'chunk number': 1650, 'reduction time (s)': 1.4880738258361816, 'chunks processed': 15, 'storage read (B)': 29733505, 'selection 2 time (s)': 1.4889452457427979}
Thread times [0.0973048210144043, 0.06813931465148926, 0.06531524658203125, 0.07917237281799316, 0.08407068252563477, 0.0816795825958252, 0.09015655517578125, 0.09131813049316406, 0.21560072898864746, 0.07250618934631348, 0.3368077278137207, 0.08944177627563477, 0.07848262786865234, 0.09807085990905762, 0.13315868377685547]
{'args': ((18, 0, slice(0, 960, None), slice(None, None, None)),), 'dataset shape': (40, 11, 1921, 2560), 'dataset chunks': (7, 1, 385, 512), 'indexing time (s)': 1.430511474609375e-06, 'chunk number': 1650, 'reduction time (s)': 1.6821634769439697, 'chunks processed': 15, 'storage read (B)': 29733505, 'selection 2 time (s)': 1.6831512451171875}
Thread times [0.09150266647338867, 0.0642082691192627, 0.08874988555908203, 0.07564377784729004, 0.07172393798828125, 0.07964158058166504, 0.08503460884094238, 0.08607268333435059, 0.28069043159484863, 0.08301258087158203, 0.09187555313110352, 0.08381485939025879, 0.06960201263427734, 0.11421990394592285, 0.07720756530761719]
{'args': ((19, 0, slice(0, 960, None), slice(None, None, None)),), 'dataset shape': (40, 11, 1921, 2560), 'dataset chunks': (7, 1, 385, 512), 'indexing time (s)': 1.6689300537109375e-06, 'chunk number': 1650, 'reduction time (s)': 1.444028377532959, 'chunks processed': 15, 'storage read (B)': 29733505, 'selection 2 time (s)': 1.4449715614318848}
Thread times [0.4909670352935791, 0.15751433372497559, 0.0684506893157959, 0.07338523864746094, 0.07285833358764648, 0.10057377815246582, 0.09180903434753418, 0.08722496032714844, 0.20346570014953613, 0.07611203193664551, 0.13049793243408203, 0.08308172225952148, 0.17169189453125, 0.08011126518249512, 0.07443881034851074]
{'args': ((20, 0, slice(0, 960, None), slice(None, None, None)),), 'dataset shape': (40, 11, 1921, 2560), 'dataset chunks': (7, 1, 385, 512), 'indexing time (s)': 1.1920928955078125e-06, 'chunk number': 1650, 'reduction time (s)': 1.9656827449798584, 'chunks processed': 15, 'storage read (B)': 29733505, 'selection 2 time (s)': 1.966503381729126}
Thread times [0.11870527267456055, 0.07189059257507324, 0.08174896240234375, 0.0717015266418457, 0.07811188697814941, 0.08289670944213867, 0.08831524848937988, 0.1008155345916748, 0.08435630798339844, 0.09046745300292969, 0.09449148178100586, 0.12175536155700684, 0.23069477081298828, 0.2124650478363037, 0.06794142723083496]
{'args': ((21, 0, slice(0, 960, None), slice(None, None, None)),), 'dataset shape': (40, 11, 1921, 2560), 'dataset chunks': (7, 1, 385, 512), 'indexing time (s)': 1.1920928955078125e-06, 'chunk number': 1650, 'reduction time (s)': 1.5972273349761963, 'chunks processed': 15, 'storage read (B)': 29686785, 'selection 2 time (s)': 1.5981462001800537}
Thread times [0.20461630821228027, 0.06219482421875, 0.0845499038696289, 0.1052103042602539, 0.05977272987365723, 0.07958769798278809, 0.10891079902648926, 0.08725810050964355, 0.08468008041381836, 0.08149003982543945, 0.07987451553344727, 0.07836246490478516, 0.21521925926208496, 0.20708346366882324, 0.13133859634399414]
{'args': ((22, 0, slice(0, 960, None), slice(None, None, None)),), 'dataset shape': (40, 11, 1921, 2560), 'dataset chunks': (7, 1, 385, 512), 'indexing time (s)': 1.430511474609375e-06, 'chunk number': 1650, 'reduction time (s)': 1.6710362434387207, 'chunks processed': 15, 'storage read (B)': 29686785, 'selection 2 time (s)': 1.6719028949737549}
Thread times [0.15305447578430176, 0.05254793167114258, 0.08452749252319336, 0.06884622573852539, 0.11213231086730957, 0.0806267261505127, 1.1684000492095947, 0.08130073547363281, 0.08755779266357422, 0.06676173210144043, 0.08163046836853027, 0.08123397827148438, 0.32228612899780273, 0.18783330917358398, 0.09570837020874023]
{'args': ((23, 0, slice(0, 960, None), slice(None, None, None)),), 'dataset shape': (40, 11, 1921, 2560), 'dataset chunks': (7, 1, 385, 512), 'indexing time (s)': 1.1920928955078125e-06, 'chunk number': 1650, 'reduction time (s)': 2.7256791591644287, 'chunks processed': 15, 'storage read (B)': 29686785, 'selection 2 time (s)': 2.7266948223114014}
Thread times [0.08042335510253906, 0.0501246452331543, 0.07229423522949219, 0.07605409622192383, 0.0784311294555664, 0.08049249649047852, 0.09156465530395508, 0.08074712753295898, 0.08670949935913086, 0.07969164848327637, 0.07942628860473633, 0.07372736930847168, 0.2366011142730713, 0.17927217483520508, 0.06644058227539062]
{'args': ((24, 0, slice(0, 960, None), slice(None, None, None)),), 'dataset shape': (40, 11, 1921, 2560), 'dataset chunks': (7, 1, 385, 512), 'indexing time (s)': 1.430511474609375e-06, 'chunk number': 1650, 'reduction time (s)': 1.4128718376159668, 'chunks processed': 15, 'storage read (B)': 29686785, 'selection 2 time (s)': 1.4139907360076904}
Thread times [0.1724710464477539, 0.04721331596374512, 0.07386350631713867, 0.07067990303039551, 0.08235430717468262, 0.07561993598937988, 0.1034078598022461, 0.08973956108093262, 0.08569717407226562, 0.0851433277130127, 0.10404825210571289, 0.07899951934814453, 0.29712772369384766, 0.18403363227844238, 0.08056783676147461]
{'args': ((25, 0, slice(0, 960, None), slice(None, None, None)),), 'dataset shape': (40, 11, 1921, 2560), 'dataset chunks': (7, 1, 385, 512), 'indexing time (s)': 1.430511474609375e-06, 'chunk number': 1650, 'reduction time (s)': 1.6318855285644531, 'chunks processed': 15, 'storage read (B)': 29686785, 'selection 2 time (s)': 1.632835865020752}
Thread times [0.09036922454833984, 0.056085824966430664, 0.07335209846496582, 0.1073613166809082, 0.06212306022644043, 0.06683611869812012, 0.07764720916748047, 0.08054018020629883, 0.09780597686767578, 0.07606387138366699, 0.0945277214050293, 0.07401061058044434, 0.23645877838134766, 0.17599058151245117, 0.05798053741455078]
{'args': ((26, 0, slice(0, 960, None), slice(None, None, None)),), 'dataset shape': (40, 11, 1921, 2560), 'dataset chunks': (7, 1, 385, 512), 'indexing time (s)': 1.430511474609375e-06, 'chunk number': 1650, 'reduction time (s)': 1.4279918670654297, 'chunks processed': 15, 'storage read (B)': 29686785, 'selection 2 time (s)': 1.4288618564605713}
Thread times [0.10671257972717285, 0.058254241943359375, 0.08080077171325684, 0.07327604293823242, 0.05807185173034668, 0.07783746719360352, 0.08090639114379883, 0.1577153205871582, 0.0824427604675293, 0.06270813941955566, 0.09259271621704102, 0.10901165008544922, 0.22532367706298828, 0.18619751930236816, 0.08160543441772461]
{'args': ((27, 0, slice(0, 960, None), slice(None, None, None)),), 'dataset shape': (40, 11, 1921, 2560), 'dataset chunks': (7, 1, 385, 512), 'indexing time (s)': 1.430511474609375e-06, 'chunk number': 1650, 'reduction time (s)': 1.5343053340911865, 'chunks processed': 15, 'storage read (B)': 29686785, 'selection 2 time (s)': 1.5352704524993896}
Thread times [0.0962064266204834, 0.05924177169799805, 0.06714653968811035, 0.07831978797912598, 0.08251690864562988, 0.10419607162475586, 0.11242198944091797, 0.12449169158935547, 0.07853269577026367, 0.18025779724121094, 0.07673192024230957, 0.23934388160705566, 0.07347774505615234, 0.0764012336730957, 0.1039588451385498]
{'args': ((28, 0, slice(0, 960, None), slice(None, None, None)),), 'dataset shape': (40, 11, 1921, 2560), 'dataset chunks': (7, 1, 385, 512), 'indexing time (s)': 9.5367431640625e-07, 'chunk number': 1650, 'reduction time (s)': 1.554013729095459, 'chunks processed': 15, 'storage read (B)': 29670387, 'selection 2 time (s)': 1.5548946857452393}
Thread times [0.06763076782226562, 0.07789278030395508, 0.07407188415527344, 0.0691533088684082, 0.08453106880187988, 0.09675931930541992, 0.14995646476745605, 0.07678055763244629, 0.08133578300476074, 0.08662605285644531, 0.11964797973632812, 0.25609493255615234, 0.06232953071594238, 0.06357645988464355, 0.08247947692871094]
{'args': ((29, 0, slice(0, 960, None), slice(None, None, None)),), 'dataset shape': (40, 11, 1921, 2560), 'dataset chunks': (7, 1, 385, 512), 'indexing time (s)': 1.1920928955078125e-06, 'chunk number': 1650, 'reduction time (s)': 1.4496667385101318, 'chunks processed': 15, 'storage read (B)': 29670387, 'selection 2 time (s)': 1.450491189956665}
Thread times [0.07632207870483398, 0.05262899398803711, 0.07351040840148926, 0.06445980072021484, 0.06511545181274414, 0.13179516792297363, 0.07301759719848633, 0.08826971054077148, 0.07588744163513184, 0.10853004455566406, 0.08552813529968262, 0.23491525650024414, 0.1098322868347168, 0.10569095611572266, 0.10437226295471191]
{'args': ((30, 0, slice(0, 960, None), slice(None, None, None)),), 'dataset shape': (40, 11, 1921, 2560), 'dataset chunks': (7, 1, 385, 512), 'indexing time (s)': 1.6689300537109375e-06, 'chunk number': 1650, 'reduction time (s)': 1.4506587982177734, 'chunks processed': 15, 'storage read (B)': 29670387, 'selection 2 time (s)': 1.4514434337615967}
Thread times [0.08697199821472168, 0.053009748458862305, 0.07661724090576172, 0.07280945777893066, 0.09580802917480469, 0.13115310668945312, 0.09357213973999023, 0.09166502952575684, 0.0801692008972168, 0.08008885383605957, 0.08636736869812012, 0.25833892822265625, 0.11941170692443848, 0.09499907493591309, 0.08684015274047852]
{'args': ((31, 0, slice(0, 960, None), slice(None, None, None)),), 'dataset shape': (40, 11, 1921, 2560), 'dataset chunks': (7, 1, 385, 512), 'indexing time (s)': 1.1920928955078125e-06, 'chunk number': 1650, 'reduction time (s)': 1.5085835456848145, 'chunks processed': 15, 'storage read (B)': 29670387, 'selection 2 time (s)': 1.5093755722045898}
Thread times [0.08359456062316895, 0.06062602996826172, 0.08172488212585449, 0.0680084228515625, 0.08098506927490234, 0.10663080215454102, 0.11904478073120117, 0.1232447624206543, 0.07430505752563477, 0.07393813133239746, 0.07485008239746094, 0.2225186824798584, 0.0667257308959961, 0.08070850372314453, 0.08536314964294434]
{'args': ((32, 0, slice(0, 960, None), slice(None, None, None)),), 'dataset shape': (40, 11, 1921, 2560), 'dataset chunks': (7, 1, 385, 512), 'indexing time (s)': 1.1920928955078125e-06, 'chunk number': 1650, 'reduction time (s)': 1.4032678604125977, 'chunks processed': 15, 'storage read (B)': 29670387, 'selection 2 time (s)': 1.4040782451629639}
Thread times [0.06858396530151367, 1.101738452911377, 0.07490372657775879, 0.08745026588439941, 0.08056282997131348, 0.09005022048950195, 0.08081269264221191, 0.08506393432617188, 0.08263373374938965, 0.08228254318237305, 0.11418795585632324, 0.22065520286560059, 0.06358981132507324, 0.11745238304138184, 0.0919954776763916]
{'args': ((33, 0, slice(0, 960, None), slice(None, None, None)),), 'dataset shape': (40, 11, 1921, 2560), 'dataset chunks': (7, 1, 385, 512), 'indexing time (s)': 1.1920928955078125e-06, 'chunk number': 1650, 'reduction time (s)': 2.442793607711792, 'chunks processed': 15, 'storage read (B)': 29670387, 'selection 2 time (s)': 2.4436206817626953}
Thread times [0.06874966621398926, 0.06591463088989258, 0.11089754104614258, 0.07272887229919434, 0.0906376838684082, 0.09502363204956055, 0.0854346752166748, 0.09265899658203125, 0.07816696166992188, 0.08447456359863281, 0.09174418449401855, 0.2561676502227783, 0.10605549812316895, 0.08625221252441406, 0.10217595100402832]
{'args': ((34, 0, slice(0, 960, None), slice(None, None, None)),), 'dataset shape': (40, 11, 1921, 2560), 'dataset chunks': (7, 1, 385, 512), 'indexing time (s)': 1.430511474609375e-06, 'chunk number': 1650, 'reduction time (s)': 1.487900733947754, 'chunks processed': 15, 'storage read (B)': 29670387, 'selection 2 time (s)': 1.4887268543243408}
Thread times [0.07827901840209961, 0.0852203369140625, 0.04963994026184082, 0.07274532318115234, 0.0647733211517334, 0.10614585876464844, 0.09132957458496094, 0.06656217575073242, 0.08339810371398926, 0.06969213485717773, 0.10006141662597656, 0.0871274471282959, 0.10326600074768066, 0.07090044021606445, 0.07985353469848633]
{'args': ((35, 0, slice(0, 960, None), slice(None, None, None)),), 'dataset shape': (40, 11, 1921, 2560), 'dataset chunks': (7, 1, 385, 512), 'indexing time (s)': 1.1920928955078125e-06, 'chunk number': 1650, 'reduction time (s)': 1.2097852230072021, 'chunks processed': 15, 'storage read (B)': 21287473, 'selection 2 time (s)': 1.2106091976165771}
Thread times [0.07901811599731445, 0.05428123474121094, 0.06885194778442383, 0.06997203826904297, 0.057164669036865234, 0.06950235366821289, 0.07746076583862305, 0.061397552490234375, 0.0867469310760498, 0.07620358467102051, 0.07836294174194336, 0.06895923614501953, 0.08004307746887207, 0.07247543334960938, 0.07097387313842773]
{'args': ((36, 0, slice(0, 960, None), slice(None, None, None)),), 'dataset shape': (40, 11, 1921, 2560), 'dataset chunks': (7, 1, 385, 512), 'indexing time (s)': 1.430511474609375e-06, 'chunk number': 1650, 'reduction time (s)': 1.07228684425354, 'chunks processed': 15, 'storage read (B)': 21287473, 'selection 2 time (s)': 1.0731947422027588}
Thread times [0.09346342086791992, 0.05056595802307129, 0.0779423713684082, 0.060892343521118164, 0.06308102607727051, 0.08795976638793945, 0.07612371444702148, 0.11053323745727539, 0.09975171089172363, 0.0728142261505127, 0.10908651351928711, 0.07352828979492188, 0.07489180564880371, 0.07977938652038574, 0.07105731964111328]
{'args': ((37, 0, slice(0, 960, None), slice(None, None, None)),), 'dataset shape': (40, 11, 1921, 2560), 'dataset chunks': (7, 1, 385, 512), 'indexing time (s)': 9.5367431640625e-07, 'chunk number': 1650, 'reduction time (s)': 1.204071044921875, 'chunks processed': 15, 'storage read (B)': 21287473, 'selection 2 time (s)': 1.2050364017486572}
Thread times [0.08318495750427246, 0.0577549934387207, 0.06566643714904785, 0.08430290222167969, 0.05561470985412598, 0.09451937675476074, 0.08577537536621094, 0.06676721572875977, 0.07405924797058105, 0.07783865928649902, 0.0723876953125, 0.08375811576843262, 0.07287883758544922, 0.0769813060760498, 0.07372021675109863]
{'args': ((38, 0, slice(0, 960, None), slice(None, None, None)),), 'dataset shape': (40, 11, 1921, 2560), 'dataset chunks': (7, 1, 385, 512), 'indexing time (s)': 1.6689300537109375e-06, 'chunk number': 1650, 'reduction time (s)': 1.1260597705841064, 'chunks processed': 15, 'storage read (B)': 21287473, 'selection 2 time (s)': 1.1268880367279053}
Thread times [0.09366035461425781, 0.050035715103149414, 0.0646047592163086, 0.06970477104187012, 0.06352353096008301, 0.08123397827148438, 0.07285690307617188, 0.09992766380310059, 0.0840001106262207, 0.09515619277954102, 0.07606291770935059, 0.0952908992767334, 0.09012603759765625, 0.08265352249145508, 0.07199406623840332]
{'args': ((39, 0, slice(0, 960, None), slice(None, None, None)),), 'dataset shape': (40, 11, 1921, 2560), 'dataset chunks': (7, 1, 385, 512), 'indexing time (s)': 9.5367431640625e-07, 'chunk number': 1650, 'reduction time (s)': 1.1915581226348877, 'chunks processed': 15, 'storage read (B)': 21287473, 'selection 2 time (s)': 1.1924822330474854}
[[226.07820312]
 [226.0646875 ]
 [225.93776042]
 [225.90820312]
 [225.91739583]
 [225.88460937]
 [225.82080729]
 [225.85434896]
 [225.9834375 ]
 [226.03822917]
 [226.01317708]
 [226.02333333]
 [226.03765625]
 [226.00486979]
 [225.91778646]
 [225.9403125 ]
 [225.98729167]
 [225.91450521]
 [225.81239583]
 [225.81890625]
 [225.8453125 ]
 [225.785     ]
 [225.63648438]
 [225.5565625 ]
 [225.45744792]
 [225.32382813]
 [225.16335937]
 [225.07786458]
 [225.07846354]
 [225.10669271]
 [225.17606771]
 [225.36867187]
 [225.57927083]
 [225.69083333]
 [225.7221875 ]
 [225.82367188]
 [225.93640625]
 [225.96760417]
 [225.91875   ]
 [225.92236979]]
Summary:  sci4-op-r1:Active (T1,BS1): 5.02s,63.44s,73.49s
