Dataset loaded from S3 with s3fs and Pyfive: bnl/ch330a.pc19790301-def.nc (0.041,0.68)
Thread times [0.9198660850524902, 0.9225733280181885, 0.9374690055847168, 0.9500679969787598, 0.9650061130523682, 0.9673285484313965, 0.975440263748169, 0.9815423488616943, 0.9835026264190674, 1.1685070991516113, 1.200782299041748, 1.2085578441619873, 1.209925889968872, 1.2155625820159912, 1.322633981704712]
{'load nc time': 0.7972404956817627, 'args': ((0, 0, slice(0, 960, None), slice(None, None, None)),), 'dataset shape': (40, 11, 1921, 2560), 'dataset chunks': (7, 1, 385, 512), 'indexing time (s)': 3.198173761367798, 'chunk number': 1650, 'reduction time (s)': 1.3332927227020264, 'chunks processed': 15, 'storage read (B)': 29685482, 'selection 1 time (s)': 4.531638145446777}
Thread times [0.02420186996459961, 0.8659610748291016, 0.8686811923980713, 0.8789639472961426, 0.8937575817108154, 0.9042067527770996, 0.9125704765319824, 0.92934250831604, 0.9409003257751465, 0.946631908416748, 0.950547456741333, 1.199460506439209, 1.2066545486450195, 1.2241990566253662, 1.239427089691162]
{'args': ((1, 0, slice(0, 960, None), slice(None, None, None)),), 'dataset shape': (40, 11, 1921, 2560), 'dataset chunks': (7, 1, 385, 512), 'indexing time (s)': 1.1920928955078125e-06, 'chunk number': 1650, 'reduction time (s)': 1.2469873428344727, 'chunks processed': 15, 'storage read (B)': 29685482, 'selection 1 time (s)': 1.2471671104431152}
Thread times [0.023416757583618164, 0.18840241432189941, 0.3283958435058594, 0.5363245010375977, 0.732032060623169, 0.8504936695098877, 0.8554935455322266, 0.8713147640228271, 0.8920173645019531, 0.9062213897705078, 0.9133517742156982, 0.9183955192565918, 0.9246213436126709, 0.934795618057251, 0.9409339427947998]
{'args': ((2, 0, slice(0, 960, None), slice(None, None, None)),), 'dataset shape': (40, 11, 1921, 2560), 'dataset chunks': (7, 1, 385, 512), 'indexing time (s)': 9.5367431640625e-07, 'chunk number': 1650, 'reduction time (s)': 0.9431185722351074, 'chunks processed': 15, 'storage read (B)': 29685482, 'selection 1 time (s)': 0.9432921409606934}
Thread times [0.022464990615844727, 0.030965566635131836, 0.18489885330200195, 0.4544086456298828, 0.5674254894256592, 0.7462553977966309, 0.9151120185852051, 0.9157905578613281, 0.9241604804992676, 0.9354541301727295, 0.9388089179992676, 0.975013256072998, 0.9748554229736328, 0.9702117443084717, 0.9742169380187988]
{'args': ((3, 0, slice(0, 960, None), slice(None, None, None)),), 'dataset shape': (40, 11, 1921, 2560), 'dataset chunks': (7, 1, 385, 512), 'indexing time (s)': 1.430511474609375e-06, 'chunk number': 1650, 'reduction time (s)': 0.9802842140197754, 'chunks processed': 15, 'storage read (B)': 29685482, 'selection 1 time (s)': 0.9804999828338623}
Thread times [0.023461580276489258, 0.1224968433380127, 0.32109689712524414, 0.5121498107910156, 0.6294839382171631, 0.7750840187072754, 0.8251926898956299, 0.8567056655883789, 0.8557183742523193, 0.8601572513580322, 0.8743677139282227, 0.8701620101928711, 0.8987250328063965, 0.9036169052124023, 0.9049563407897949]
{'args': ((4, 0, slice(0, 960, None), slice(None, None, None)),), 'dataset shape': (40, 11, 1921, 2560), 'dataset chunks': (7, 1, 385, 512), 'indexing time (s)': 1.6689300537109375e-06, 'chunk number': 1650, 'reduction time (s)': 0.9110465049743652, 'chunks processed': 15, 'storage read (B)': 29685482, 'selection 1 time (s)': 0.9112498760223389}
Thread times [0.02691793441772461, 0.827023983001709, 0.8265273571014404, 0.8415639400482178, 0.847836971282959, 0.8617763519287109, 0.8688907623291016, 0.8867809772491455, 0.8952994346618652, 0.8926537036895752, 0.9014549255371094, 1.2777631282806396, 1.2818374633789062, 1.285196304321289, 1.2972064018249512]
{'args': ((5, 0, slice(0, 960, None), slice(None, None, None)),), 'dataset shape': (40, 11, 1921, 2560), 'dataset chunks': (7, 1, 385, 512), 'indexing time (s)': 1.1920928955078125e-06, 'chunk number': 1650, 'reduction time (s)': 1.3032755851745605, 'chunks processed': 15, 'storage read (B)': 29685482, 'selection 1 time (s)': 1.3034546375274658}
Thread times [0.025727510452270508, 0.7646548748016357, 0.7666280269622803, 0.769268274307251, 0.794741153717041, 0.8045234680175781, 0.8205783367156982, 0.826531171798706, 0.8291881084442139, 0.8333835601806641, 0.8534219264984131, 0.8822650909423828, 1.0342795848846436, 1.03633713722229, 1.03816819190979]
{'args': ((6, 0, slice(0, 960, None), slice(None, None, None)),), 'dataset shape': (40, 11, 1921, 2560), 'dataset chunks': (7, 1, 385, 512), 'indexing time (s)': 1.1920928955078125e-06, 'chunk number': 1650, 'reduction time (s)': 1.0473523139953613, 'chunks processed': 15, 'storage read (B)': 29685482, 'selection 1 time (s)': 1.0475337505340576}
Thread times [0.48171401023864746, 0.4846153259277344, 0.4967520236968994, 0.5079758167266846, 0.5194854736328125, 0.5292305946350098, 0.5340456962585449, 0.5489659309387207, 0.556276798248291, 0.5619757175445557, 0.7986812591552734, 0.81001877784729, 0.8195950984954834, 0.8241713047027588, 0.8265490531921387]
{'args': ((7, 0, slice(0, 960, None), slice(None, None, None)),), 'dataset shape': (40, 11, 1921, 2560), 'dataset chunks': (7, 1, 385, 512), 'indexing time (s)': 1.430511474609375e-06, 'chunk number': 1650, 'reduction time (s)': 0.8338274955749512, 'chunks processed': 15, 'storage read (B)': 29701892, 'selection 1 time (s)': 0.8340198993682861}
Thread times [0.023298263549804688, 0.32311296463012695, 0.3317251205444336, 0.43288230895996094, 0.4498414993286133, 0.5421993732452393, 0.6328823566436768, 0.6394915580749512, 0.6472005844116211, 0.654395580291748, 0.6698107719421387, 0.6916587352752686, 0.6984026432037354, 0.7032380104064941, 0.7135274410247803]
{'args': ((8, 0, slice(0, 960, None), slice(None, None, None)),), 'dataset shape': (40, 11, 1921, 2560), 'dataset chunks': (7, 1, 385, 512), 'indexing time (s)': 9.5367431640625e-07, 'chunk number': 1650, 'reduction time (s)': 0.7163589000701904, 'chunks processed': 15, 'storage read (B)': 29701892, 'selection 1 time (s)': 0.7165372371673584}
Thread times [0.029798030853271484, 0.027705669403076172, 0.02838420867919922, 0.7832026481628418, 0.8067479133605957, 0.8103480339050293, 0.8257675170898438, 0.8409221172332764, 0.8426816463470459, 0.8434131145477295, 0.8440597057342529, 0.8540868759155273, 0.8587312698364258, 1.1504151821136475, 1.1532154083251953]
{'args': ((9, 0, slice(0, 960, None), slice(None, None, None)),), 'dataset shape': (40, 11, 1921, 2560), 'dataset chunks': (7, 1, 385, 512), 'indexing time (s)': 9.5367431640625e-07, 'chunk number': 1650, 'reduction time (s)': 1.1611762046813965, 'chunks processed': 15, 'storage read (B)': 29701892, 'selection 1 time (s)': 1.1613383293151855}
Thread times [0.025450468063354492, 0.15308618545532227, 0.16482234001159668, 0.24990391731262207, 0.32997822761535645, 0.4652223587036133, 0.4708526134490967, 0.7548069953918457, 0.7708334922790527, 0.774054765701294, 0.7790915966033936, 0.7866334915161133, 0.8070716857910156, 0.8270406723022461, 0.8288137912750244]
{'args': ((10, 0, slice(0, 960, None), slice(None, None, None)),), 'dataset shape': (40, 11, 1921, 2560), 'dataset chunks': (7, 1, 385, 512), 'indexing time (s)': 1.430511474609375e-06, 'chunk number': 1650, 'reduction time (s)': 0.8320066928863525, 'chunks processed': 15, 'storage read (B)': 29701892, 'selection 1 time (s)': 0.8322052955627441}
Thread times [0.03429555892944336, 0.03295159339904785, 0.030304431915283203, 0.7350883483886719, 0.7538902759552002, 0.7549636363983154, 0.7593951225280762, 0.7625041007995605, 0.7808876037597656, 0.7760992050170898, 0.8010220527648926, 0.8069455623626709, 0.8088357448577881, 0.9033031463623047, 0.9084823131561279]
{'args': ((11, 0, slice(0, 960, None), slice(None, None, None)),), 'dataset shape': (40, 11, 1921, 2560), 'dataset chunks': (7, 1, 385, 512), 'indexing time (s)': 1.1920928955078125e-06, 'chunk number': 1650, 'reduction time (s)': 0.9221501350402832, 'chunks processed': 15, 'storage read (B)': 29701892, 'selection 1 time (s)': 0.922391414642334}
Thread times [0.30202269554138184, 0.46057891845703125, 0.5583786964416504, 0.6602864265441895, 0.6635851860046387, 0.6842210292816162, 0.6967654228210449, 0.7057740688323975, 0.7122035026550293, 0.7291338443756104, 0.7372932434082031, 0.7447054386138916, 0.7859716415405273, 0.7911338806152344, 0.84930419921875]
{'args': ((12, 0, slice(0, 960, None), slice(None, None, None)),), 'dataset shape': (40, 11, 1921, 2560), 'dataset chunks': (7, 1, 385, 512), 'indexing time (s)': 9.5367431640625e-07, 'chunk number': 1650, 'reduction time (s)': 0.8573503494262695, 'chunks processed': 15, 'storage read (B)': 29701892, 'selection 1 time (s)': 0.8575301170349121}
Thread times [0.026659250259399414, 0.2860081195831299, 0.30028390884399414, 0.3687865734100342, 0.4221944808959961, 0.5793647766113281, 0.5885028839111328, 0.7486567497253418, 0.7571620941162109, 0.7803962230682373, 0.7817590236663818, 0.7962408065795898, 0.8166897296905518, 0.8166553974151611, 0.8430063724517822]
{'args': ((13, 0, slice(0, 960, None), slice(None, None, None)),), 'dataset shape': (40, 11, 1921, 2560), 'dataset chunks': (7, 1, 385, 512), 'indexing time (s)': 1.1920928955078125e-06, 'chunk number': 1650, 'reduction time (s)': 0.8457531929016113, 'chunks processed': 15, 'storage read (B)': 29701892, 'selection 1 time (s)': 0.8459391593933105}
Thread times [1.0125973224639893, 1.0279877185821533, 1.0374927520751953, 1.0426499843597412, 1.0441761016845703, 1.0554139614105225, 1.054826021194458, 1.0699632167816162, 1.0772135257720947, 1.0949926376342773, 1.440147876739502, 1.4465677738189697, 1.459317922592163, 1.4745986461639404, 1.480919599533081]
{'args': ((14, 0, slice(0, 960, None), slice(None, None, None)),), 'dataset shape': (40, 11, 1921, 2560), 'dataset chunks': (7, 1, 385, 512), 'indexing time (s)': 1.9073486328125e-06, 'chunk number': 1650, 'reduction time (s)': 1.4889590740203857, 'chunks processed': 15, 'storage read (B)': 29733505, 'selection 1 time (s)': 1.4891479015350342}
Thread times [0.0240786075592041, 0.990969181060791, 0.9966378211975098, 0.9992988109588623, 1.0045166015625, 1.013162612915039, 1.02540922164917, 1.0385329723358154, 1.048412561416626, 1.188877820968628, 1.2863013744354248, 1.3098621368408203, 1.322178602218628, 1.3223507404327393, 1.3248677253723145]
{'args': ((15, 0, slice(0, 960, None), slice(None, None, None)),), 'dataset shape': (40, 11, 1921, 2560), 'dataset chunks': (7, 1, 385, 512), 'indexing time (s)': 1.1920928955078125e-06, 'chunk number': 1650, 'reduction time (s)': 1.331385612487793, 'chunks processed': 15, 'storage read (B)': 29733505, 'selection 1 time (s)': 1.3315608501434326}
Thread times [0.0281827449798584, 0.15280508995056152, 0.2662084102630615, 0.5006198883056641, 0.611591100692749, 0.8398559093475342, 0.9664030075073242, 0.9817655086517334, 0.9887161254882812, 1.0142848491668701, 1.0129494667053223, 1.0330958366394043, 1.0323944091796875, 1.0487923622131348, 1.053882122039795]
{'args': ((16, 0, slice(0, 960, None), slice(None, None, None)),), 'dataset shape': (40, 11, 1921, 2560), 'dataset chunks': (7, 1, 385, 512), 'indexing time (s)': 1.1920928955078125e-06, 'chunk number': 1650, 'reduction time (s)': 1.0587129592895508, 'chunks processed': 15, 'storage read (B)': 29733505, 'selection 1 time (s)': 1.0588812828063965}
Thread times [0.026846647262573242, 0.028026342391967773, 0.18470168113708496, 0.32708001136779785, 0.4263334274291992, 0.6278643608093262, 0.940809965133667, 0.9395086765289307, 0.9486446380615234, 0.9580950736999512, 0.9645102024078369, 0.9852988719940186, 0.9857463836669922, 1.0060367584228516, 1.0074660778045654]
{'args': ((17, 0, slice(0, 960, None), slice(None, None, None)),), 'dataset shape': (40, 11, 1921, 2560), 'dataset chunks': (7, 1, 385, 512), 'indexing time (s)': 1.1920928955078125e-06, 'chunk number': 1650, 'reduction time (s)': 1.0128037929534912, 'chunks processed': 15, 'storage read (B)': 29733505, 'selection 1 time (s)': 1.0129647254943848}
Thread times [0.023101329803466797, 0.9391846656799316, 0.9585416316986084, 0.9707787036895752, 0.9690680503845215, 0.9811480045318604, 0.9987916946411133, 1.004072666168213, 1.0098261833190918, 1.0199260711669922, 1.0359559059143066, 1.3207175731658936, 1.3285467624664307, 1.404078722000122, 1.4096758365631104]
{'args': ((18, 0, slice(0, 960, None), slice(None, None, None)),), 'dataset shape': (40, 11, 1921, 2560), 'dataset chunks': (7, 1, 385, 512), 'indexing time (s)': 1.1920928955078125e-06, 'chunk number': 1650, 'reduction time (s)': 1.4214575290679932, 'chunks processed': 15, 'storage read (B)': 29733505, 'selection 1 time (s)': 1.4216833114624023}
Thread times [0.02698540687561035, 0.9804399013519287, 1.002197265625, 1.0179450511932373, 1.0191941261291504, 1.034374713897705, 1.0566880702972412, 1.0592522621154785, 1.0617287158966064, 1.0698227882385254, 1.0819871425628662, 1.3008060455322266, 1.3307218551635742, 1.3306255340576172, 1.337280035018921]
{'args': ((19, 0, slice(0, 960, None), slice(None, None, None)),), 'dataset shape': (40, 11, 1921, 2560), 'dataset chunks': (7, 1, 385, 512), 'indexing time (s)': 9.5367431640625e-07, 'chunk number': 1650, 'reduction time (s)': 1.3415164947509766, 'chunks processed': 15, 'storage read (B)': 29733505, 'selection 1 time (s)': 1.341691493988037}
Thread times [0.04101109504699707, 1.0096170902252197, 1.0153133869171143, 1.0177338123321533, 1.0400855541229248, 1.0521252155303955, 1.0700340270996094, 1.0720763206481934, 1.0838816165924072, 1.0959804058074951, 1.1061217784881592, 1.4155645370483398, 1.4152498245239258, 1.4304172992706299, 1.4285306930541992]
{'args': ((20, 0, slice(0, 960, None), slice(None, None, None)),), 'dataset shape': (40, 11, 1921, 2560), 'dataset chunks': (7, 1, 385, 512), 'indexing time (s)': 1.1920928955078125e-06, 'chunk number': 1650, 'reduction time (s)': 1.4433603286743164, 'chunks processed': 15, 'storage read (B)': 29733505, 'selection 1 time (s)': 1.4435300827026367}
Thread times [0.26607704162597656, 0.5060169696807861, 0.7332804203033447, 0.799720048904419, 0.8084597587585449, 0.8183636665344238, 0.8346564769744873, 0.8467788696289062, 0.8599379062652588, 0.8692548274993896, 0.8760120868682861, 0.8900675773620605, 1.0675795078277588, 1.0937931537628174, 1.112288236618042]
{'args': ((21, 0, slice(0, 960, None), slice(None, None, None)),), 'dataset shape': (40, 11, 1921, 2560), 'dataset chunks': (7, 1, 385, 512), 'indexing time (s)': 9.5367431640625e-07, 'chunk number': 1650, 'reduction time (s)': 1.118053913116455, 'chunks processed': 15, 'storage read (B)': 29686785, 'selection 1 time (s)': 1.1182351112365723}
Thread times [0.0366055965423584, 0.03784513473510742, 0.6700031757354736, 0.6808037757873535, 0.7085537910461426, 0.7138452529907227, 0.721621036529541, 0.7352888584136963, 0.7446417808532715, 0.7541303634643555, 0.7574858665466309, 0.7698724269866943, 0.8643460273742676, 0.8747463226318359, 0.8901524543762207]
{'args': ((22, 0, slice(0, 960, None), slice(None, None, None)),), 'dataset shape': (40, 11, 1921, 2560), 'dataset chunks': (7, 1, 385, 512), 'indexing time (s)': 9.5367431640625e-07, 'chunk number': 1650, 'reduction time (s)': 0.8960139751434326, 'chunks processed': 15, 'storage read (B)': 29686785, 'selection 1 time (s)': 0.8961951732635498}
Thread times [0.024016618728637695, 0.27147412300109863, 0.28730297088623047, 0.3137545585632324, 0.3186302185058594, 0.3913881778717041, 0.42571496963500977, 0.5802304744720459, 0.5866038799285889, 0.7317724227905273, 0.7461280822753906, 0.7556312084197998, 0.7590365409851074, 0.7681581974029541, 0.7721917629241943]
{'args': ((23, 0, slice(0, 960, None), slice(None, None, None)),), 'dataset shape': (40, 11, 1921, 2560), 'dataset chunks': (7, 1, 385, 512), 'indexing time (s)': 9.5367431640625e-07, 'chunk number': 1650, 'reduction time (s)': 0.7766120433807373, 'chunks processed': 15, 'storage read (B)': 29686785, 'selection 1 time (s)': 0.7768096923828125}
Thread times [0.03481721878051758, 0.03369617462158203, 0.03140664100646973, 0.6175520420074463, 0.6263937950134277, 0.6442818641662598, 0.6518106460571289, 0.6523580551147461, 0.6826019287109375, 0.6820018291473389, 0.6822652816772461, 0.6812760829925537, 0.7049305438995361, 0.9071717262268066, 0.915921688079834]
{'args': ((24, 0, slice(0, 960, None), slice(None, None, None)),), 'dataset shape': (40, 11, 1921, 2560), 'dataset chunks': (7, 1, 385, 512), 'indexing time (s)': 9.5367431640625e-07, 'chunk number': 1650, 'reduction time (s)': 0.9243316650390625, 'chunks processed': 15, 'storage read (B)': 29686785, 'selection 1 time (s)': 0.9245355129241943}
Thread times [0.025579214096069336, 0.2985570430755615, 0.31151819229125977, 0.3736112117767334, 0.4152193069458008, 0.5304708480834961, 0.5629105567932129, 0.6173243522644043, 0.6260075569152832, 0.6417205333709717, 0.6462347507476807, 0.6528236865997314, 0.6545360088348389, 0.6617136001586914, 0.6710770130157471]
{'args': ((25, 0, slice(0, 960, None), slice(None, None, None)),), 'dataset shape': (40, 11, 1921, 2560), 'dataset chunks': (7, 1, 385, 512), 'indexing time (s)': 1.1920928955078125e-06, 'chunk number': 1650, 'reduction time (s)': 0.6743297576904297, 'chunks processed': 15, 'storage read (B)': 29686785, 'selection 1 time (s)': 0.6745185852050781}
Thread times [0.04084205627441406, 0.04062843322753906, 0.03318643569946289, 0.7990105152130127, 0.8022153377532959, 0.808523416519165, 0.835150957107544, 0.8428499698638916, 0.8493368625640869, 0.8713760375976562, 0.869288444519043, 0.8757071495056152, 0.8787941932678223, 1.021467924118042, 1.0324532985687256]
{'args': ((26, 0, slice(0, 960, None), slice(None, None, None)),), 'dataset shape': (40, 11, 1921, 2560), 'dataset chunks': (7, 1, 385, 512), 'indexing time (s)': 1.430511474609375e-06, 'chunk number': 1650, 'reduction time (s)': 1.0471587181091309, 'chunks processed': 15, 'storage read (B)': 29686785, 'selection 1 time (s)': 1.0473451614379883}
Thread times [0.027563810348510742, 0.03554725646972656, 0.7332804203033447, 0.7581825256347656, 0.7623171806335449, 0.764958381652832, 0.7715880870819092, 0.7931663990020752, 0.7999062538146973, 0.8033905029296875, 0.8244223594665527, 0.8252429962158203, 0.9922835826873779, 0.9989030361175537, 1.0078604221343994]
{'args': ((27, 0, slice(0, 960, None), slice(None, None, None)),), 'dataset shape': (40, 11, 1921, 2560), 'dataset chunks': (7, 1, 385, 512), 'indexing time (s)': 1.1920928955078125e-06, 'chunk number': 1650, 'reduction time (s)': 1.0120341777801514, 'chunks processed': 15, 'storage read (B)': 29686785, 'selection 1 time (s)': 1.0122103691101074}
Thread times [0.2110602855682373, 0.21737098693847656, 0.22499752044677734, 0.42515087127685547, 0.4377131462097168, 0.4772322177886963, 0.49642395973205566, 0.5080339908599854, 0.5128929615020752, 0.5247526168823242, 0.5288379192352295, 0.5431854724884033, 0.5512194633483887, 0.6777951717376709, 0.6823270320892334]
{'args': ((28, 0, slice(0, 960, None), slice(None, None, None)),), 'dataset shape': (40, 11, 1921, 2560), 'dataset chunks': (7, 1, 385, 512), 'indexing time (s)': 9.5367431640625e-07, 'chunk number': 1650, 'reduction time (s)': 0.689568281173706, 'chunks processed': 15, 'storage read (B)': 29670387, 'selection 1 time (s)': 0.6897435188293457}
Thread times [0.029526948928833008, 0.22806978225708008, 0.2325887680053711, 0.23515844345092773, 0.3387606143951416, 0.3800351619720459, 0.4011659622192383, 0.41669416427612305, 0.4196810722351074, 0.4235990047454834, 0.4401528835296631, 0.4496150016784668, 0.4644908905029297, 0.4826087951660156, 0.49056434631347656]
{'args': ((29, 0, slice(0, 960, None), slice(None, None, None)),), 'dataset shape': (40, 11, 1921, 2560), 'dataset chunks': (7, 1, 385, 512), 'indexing time (s)': 1.1920928955078125e-06, 'chunk number': 1650, 'reduction time (s)': 0.49372434616088867, 'chunks processed': 15, 'storage read (B)': 29670387, 'selection 1 time (s)': 0.49390339851379395}
Thread times [0.023914575576782227, 0.4918022155761719, 0.4941692352294922, 0.5136876106262207, 0.5232875347137451, 0.5290260314941406, 0.5323343276977539, 0.5366663932800293, 0.5572004318237305, 0.5561361312866211, 0.5763876438140869, 0.991525411605835, 1.0019454956054688, 1.0009706020355225, 1.0002784729003906]
{'args': ((30, 0, slice(0, 960, None), slice(None, None, None)),), 'dataset shape': (40, 11, 1921, 2560), 'dataset chunks': (7, 1, 385, 512), 'indexing time (s)': 1.6689300537109375e-06, 'chunk number': 1650, 'reduction time (s)': 1.0075867176055908, 'chunks processed': 15, 'storage read (B)': 29670387, 'selection 1 time (s)': 1.0077672004699707}
Thread times [0.024866104125976562, 0.12946605682373047, 0.25166773796081543, 0.3609151840209961, 0.4488091468811035, 0.45404672622680664, 0.4557526111602783, 0.46387171745300293, 0.489469051361084, 0.49542975425720215, 0.5161430835723877, 0.5203795433044434, 0.5270352363586426, 0.6200063228607178, 0.653040885925293]
{'args': ((31, 0, slice(0, 960, None), slice(None, None, None)),), 'dataset shape': (40, 11, 1921, 2560), 'dataset chunks': (7, 1, 385, 512), 'indexing time (s)': 9.5367431640625e-07, 'chunk number': 1650, 'reduction time (s)': 0.6619007587432861, 'chunks processed': 15, 'storage read (B)': 29670387, 'selection 1 time (s)': 0.662078857421875}
Thread times [0.023403644561767578, 0.5370821952819824, 0.5771136283874512, 0.5963780879974365, 0.6058340072631836, 0.6060724258422852, 0.6084632873535156, 0.6136877536773682, 0.6284031867980957, 0.6377747058868408, 0.6494338512420654, 0.7282431125640869, 0.8290603160858154, 0.8393988609313965, 0.8418607711791992]
{'args': ((32, 0, slice(0, 960, None), slice(None, None, None)),), 'dataset shape': (40, 11, 1921, 2560), 'dataset chunks': (7, 1, 385, 512), 'indexing time (s)': 9.5367431640625e-07, 'chunk number': 1650, 'reduction time (s)': 0.8476841449737549, 'chunks processed': 15, 'storage read (B)': 29670387, 'selection 1 time (s)': 0.8478765487670898}
Thread times [0.02350783348083496, 0.42038583755493164, 0.4289863109588623, 0.4756598472595215, 0.4937717914581299, 0.4509296417236328, 0.5003170967102051, 0.5159807205200195, 0.48389172554016113, 0.49784088134765625, 0.547001838684082, 0.7900681495666504, 0.8145139217376709, 0.8214671611785889, 0.8203070163726807]
{'args': ((33, 0, slice(0, 960, None), slice(None, None, None)),), 'dataset shape': (40, 11, 1921, 2560), 'dataset chunks': (7, 1, 385, 512), 'indexing time (s)': 1.1920928955078125e-06, 'chunk number': 1650, 'reduction time (s)': 0.8696973323822021, 'chunks processed': 15, 'storage read (B)': 29670387, 'selection 1 time (s)': 0.8698856830596924}
Thread times [0.024626493453979492, 0.5593142509460449, 0.5739753246307373, 0.6022524833679199, 0.6124987602233887, 0.615574836730957, 0.6300539970397949, 0.6521811485290527, 0.6517364978790283, 0.6581990718841553, 0.6740620136260986, 0.959895133972168, 0.9647221565246582, 0.9723093509674072, 0.975649356842041]
{'args': ((34, 0, slice(0, 960, None), slice(None, None, None)),), 'dataset shape': (40, 11, 1921, 2560), 'dataset chunks': (7, 1, 385, 512), 'indexing time (s)': 1.1920928955078125e-06, 'chunk number': 1650, 'reduction time (s)': 0.97989821434021, 'chunks processed': 15, 'storage read (B)': 29670387, 'selection 1 time (s)': 0.9800868034362793}
Thread times [0.7175805568695068, 0.7484936714172363, 0.7502572536468506, 0.7526741027832031, 0.7713594436645508, 0.7948322296142578, 0.7946827411651611, 0.7946317195892334, 0.797996997833252, 0.8102438449859619, 0.9055891036987305, 1.0997209548950195, 1.1179704666137695, 1.119288682937622, 1.121206521987915]
{'args': ((35, 0, slice(0, 960, None), slice(None, None, None)),), 'dataset shape': (40, 11, 1921, 2560), 'dataset chunks': (7, 1, 385, 512), 'indexing time (s)': 1.430511474609375e-06, 'chunk number': 1650, 'reduction time (s)': 1.1258301734924316, 'chunks processed': 15, 'storage read (B)': 21287473, 'selection 1 time (s)': 1.1260151863098145}
Thread times [0.022490739822387695, 0.6260504722595215, 0.6299388408660889, 0.6382629871368408, 0.6539862155914307, 0.6644272804260254, 0.6772012710571289, 0.6753699779510498, 0.6764891147613525, 0.6997418403625488, 0.6995782852172852, 0.9353690147399902, 0.9401562213897705, 0.9446115493774414, 0.9493200778961182]
{'args': ((36, 0, slice(0, 960, None), slice(None, None, None)),), 'dataset shape': (40, 11, 1921, 2560), 'dataset chunks': (7, 1, 385, 512), 'indexing time (s)': 1.1920928955078125e-06, 'chunk number': 1650, 'reduction time (s)': 0.9547548294067383, 'chunks processed': 15, 'storage read (B)': 21287473, 'selection 1 time (s)': 0.9549331665039062}
Thread times [0.022822856903076172, 0.24977326393127441, 0.26362180709838867, 0.3752889633178711, 0.3783102035522461, 0.4826192855834961, 0.48658180236816406, 0.714252233505249, 0.7203521728515625, 0.7448718547821045, 0.7476634979248047, 0.7581777572631836, 0.7587084770202637, 0.7582433223724365, 0.7607598304748535]
{'args': ((37, 0, slice(0, 960, None), slice(None, None, None)),), 'dataset shape': (40, 11, 1921, 2560), 'dataset chunks': (7, 1, 385, 512), 'indexing time (s)': 9.5367431640625e-07, 'chunk number': 1650, 'reduction time (s)': 0.7656033039093018, 'chunks processed': 15, 'storage read (B)': 21287473, 'selection 1 time (s)': 0.7657968997955322}
Thread times [0.02146601676940918, 0.0307157039642334, 0.7073495388031006, 0.707808256149292, 0.7086119651794434, 0.7152280807495117, 0.7178237438201904, 0.7151341438293457, 0.7429468631744385, 0.7436375617980957, 0.7393941879272461, 0.7444157600402832, 0.8404996395111084, 0.8442869186401367, 0.8488729000091553]
{'args': ((38, 0, slice(0, 960, None), slice(None, None, None)),), 'dataset shape': (40, 11, 1921, 2560), 'dataset chunks': (7, 1, 385, 512), 'indexing time (s)': 9.5367431640625e-07, 'chunk number': 1650, 'reduction time (s)': 0.8544518947601318, 'chunks processed': 15, 'storage read (B)': 21287473, 'selection 1 time (s)': 0.8546319007873535}
Thread times [0.022671222686767578, 0.027689456939697266, 0.6534743309020996, 0.661529541015625, 0.6685845851898193, 0.6712117195129395, 0.6887857913970947, 0.6949617862701416, 0.70304274559021, 0.715735912322998, 0.7151992321014404, 0.7198042869567871, 0.9318461418151855, 0.9430420398712158, 0.9441688060760498]
{'args': ((39, 0, slice(0, 960, None), slice(None, None, None)),), 'dataset shape': (40, 11, 1921, 2560), 'dataset chunks': (7, 1, 385, 512), 'indexing time (s)': 9.5367431640625e-07, 'chunk number': 1650, 'reduction time (s)': 0.9506790637969971, 'chunks processed': 15, 'storage read (B)': 21287473, 'selection 1 time (s)': 0.9508585929870605}
[[226.07817708]
 [226.06473958]
 [225.93765625]
 [225.90807292]
 [225.91736979]
 [225.88455729]
 [225.82075521]
 [225.85440104]
 [225.98325521]
 [226.03807292]
 [226.01315104]
 [226.02330729]
 [226.03770833]
 [226.00479167]
 [225.91765625]
 [225.94033854]
 [225.98721354]
 [225.9146875 ]
 [225.81242188]
 [225.81872396]
 [225.84526042]
 [225.78497396]
 [225.63648438]
 [225.55653646]
 [225.45736979]
 [225.32369792]
 [225.16328125]
 [225.07794271]
 [225.0784375 ]
 [225.10664063]
 [225.17609375]
 [225.36877604]
 [225.57914063]
 [225.69080729]
 [225.72231771]
 [225.82367188]
 [225.9365625 ]
 [225.96765625]
 [225.91864583]
 [225.92247396]]
Summary:  sci4-op-r1:Local (T100,BS5): 0.797s,39.68s,43.7s
