Dataset loaded from S3 with s3fs and Pyfive: bnl/ch330a.pc19790301-def.nc (0.035,0.83)
Thread times [0.09179210662841797, 0.06559896469116211, 0.14179444313049316, 0.05452704429626465, 0.06322860717773438, 0.09367823600769043, 0.07922816276550293, 0.12635064125061035, 0.26389193534851074, 0.0717167854309082, 0.05995750427246094, 0.2195889949798584, 0.10929441452026367, 0.07816863059997559, 0.09157514572143555]
{'load nc time': 0.9481790065765381, 'args': ((0, 0, slice(0, 960, None), slice(None, None, None)),), 'dataset shape': (40, 11, 1921, 2560), 'dataset chunks': (7, 1, 385, 512), 'indexing time (s)': 4.159453868865967, 'chunk number': 1650, 'reduction time (s)': 1.6112639904022217, 'chunks processed': 15, 'storage read (B)': 29685482, 'selection 2 time (s)': 5.771579027175903}
Thread times [0.08065247535705566, 0.05209779739379883, 0.06392693519592285, 0.06266117095947266, 0.09597921371459961, 0.08382821083068848, 1.110152006149292, 0.09525179862976074, 0.2252335548400879, 0.0891871452331543, 0.08278131484985352, 0.24639010429382324, 0.15968751907348633, 0.09049820899963379, 0.09190702438354492]
{'args': ((1, 0, slice(0, 960, None), slice(None, None, None)),), 'dataset shape': (40, 11, 1921, 2560), 'dataset chunks': (7, 1, 385, 512), 'indexing time (s)': 1.430511474609375e-06, 'chunk number': 1650, 'reduction time (s)': 2.6310770511627197, 'chunks processed': 15, 'storage read (B)': 29685482, 'selection 2 time (s)': 2.6319427490234375}
Thread times [0.07087492942810059, 0.051906585693359375, 0.07207369804382324, 0.09090018272399902, 0.14124250411987305, 0.08917760848999023, 0.1145181655883789, 0.15827059745788574, 0.22852754592895508, 0.07695150375366211, 0.08260893821716309, 0.2202591896057129, 0.06002950668334961, 0.1363222599029541, 0.08515024185180664]
{'args': ((2, 0, slice(0, 960, None), slice(None, None, None)),), 'dataset shape': (40, 11, 1921, 2560), 'dataset chunks': (7, 1, 385, 512), 'indexing time (s)': 1.1920928955078125e-06, 'chunk number': 1650, 'reduction time (s)': 1.6796069145202637, 'chunks processed': 15, 'storage read (B)': 29685482, 'selection 2 time (s)': 1.680391788482666}
Thread times [0.07564568519592285, 0.05056405067443848, 0.0990755558013916, 0.0707395076751709, 0.10816240310668945, 0.10599827766418457, 0.10326361656188965, 0.07988858222961426, 0.2438061237335205, 0.07271695137023926, 0.08140993118286133, 0.24873971939086914, 0.12361931800842285, 0.18249249458312988, 0.08163166046142578]
{'args': ((3, 0, slice(0, 960, None), slice(None, None, None)),), 'dataset shape': (40, 11, 1921, 2560), 'dataset chunks': (7, 1, 385, 512), 'indexing time (s)': 9.5367431640625e-07, 'chunk number': 1650, 'reduction time (s)': 1.7286014556884766, 'chunks processed': 15, 'storage read (B)': 29685482, 'selection 2 time (s)': 1.7294249534606934}
Thread times [0.07616853713989258, 0.05504441261291504, 0.07082867622375488, 0.08038949966430664, 0.10835623741149902, 0.1067659854888916, 0.09513688087463379, 0.08198118209838867, 0.24876928329467773, 0.08011960983276367, 0.0706014633178711, 0.25179553031921387, 0.06648755073547363, 0.08645939826965332, 0.1613006591796875]
{'args': ((4, 0, slice(0, 960, None), slice(None, None, None)),), 'dataset shape': (40, 11, 1921, 2560), 'dataset chunks': (7, 1, 385, 512), 'indexing time (s)': 1.1920928955078125e-06, 'chunk number': 1650, 'reduction time (s)': 1.6410062313079834, 'chunks processed': 15, 'storage read (B)': 29685482, 'selection 2 time (s)': 1.6420669555664062}
Thread times [0.06833076477050781, 0.04389619827270508, 0.058260202407836914, 0.054772138595581055, 0.07628178596496582, 0.10358452796936035, 0.08134675025939941, 0.08323359489440918, 0.21616125106811523, 0.08532333374023438, 0.09951066970825195, 0.22621393203735352, 0.06357598304748535, 0.12301445007324219, 0.07984352111816406]
{'args': ((5, 0, slice(0, 960, None), slice(None, None, None)),), 'dataset shape': (40, 11, 1921, 2560), 'dataset chunks': (7, 1, 385, 512), 'indexing time (s)': 1.6689300537109375e-06, 'chunk number': 1650, 'reduction time (s)': 1.464303731918335, 'chunks processed': 15, 'storage read (B)': 29685482, 'selection 2 time (s)': 1.4652435779571533}
Thread times [0.21366572380065918, 0.04780077934265137, 0.05837678909301758, 0.15578818321228027, 0.08832073211669922, 0.08005785942077637, 0.08414697647094727, 0.09307670593261719, 0.2290515899658203, 0.07013106346130371, 0.07502961158752441, 0.2479405403137207, 0.07193422317504883, 0.13224005699157715, 0.08653903007507324]
{'args': ((6, 0, slice(0, 960, None), slice(None, None, None)),), 'dataset shape': (40, 11, 1921, 2560), 'dataset chunks': (7, 1, 385, 512), 'indexing time (s)': 7.152557373046875e-07, 'chunk number': 1650, 'reduction time (s)': 1.7348816394805908, 'chunks processed': 15, 'storage read (B)': 29685482, 'selection 2 time (s)': 1.7357909679412842}
Thread times [0.06770920753479004, 0.04502391815185547, 0.0915994644165039, 0.09814715385437012, 0.11539268493652344, 0.0946049690246582, 0.0972132682800293, 0.10399556159973145, 0.23978710174560547, 0.10262680053710938, 0.16807222366333008, 0.12109255790710449, 0.07316184043884277, 0.09767746925354004, 0.07731890678405762]
{'args': ((7, 0, slice(0, 960, None), slice(None, None, None)),), 'dataset shape': (40, 11, 1921, 2560), 'dataset chunks': (7, 1, 385, 512), 'indexing time (s)': 1.1920928955078125e-06, 'chunk number': 1650, 'reduction time (s)': 1.5941882133483887, 'chunks processed': 15, 'storage read (B)': 29701892, 'selection 2 time (s)': 1.595019817352295}
Thread times [0.07009482383728027, 0.06749510765075684, 0.07289433479309082, 0.07487630844116211, 0.1353306770324707, 0.08624076843261719, 0.08149266242980957, 0.10897254943847656, 0.22985434532165527, 0.0780177116394043, 0.093597412109375, 0.10464239120483398, 0.10180854797363281, 0.11099529266357422, 0.08589529991149902]
{'args': ((8, 0, slice(0, 960, None), slice(None, None, None)),), 'dataset shape': (40, 11, 1921, 2560), 'dataset chunks': (7, 1, 385, 512), 'indexing time (s)': 1.1920928955078125e-06, 'chunk number': 1650, 'reduction time (s)': 1.503063678741455, 'chunks processed': 15, 'storage read (B)': 29701892, 'selection 2 time (s)': 1.503974437713623}
Thread times [0.10509204864501953, 0.0583949089050293, 0.08713340759277344, 0.24510931968688965, 0.08795285224914551, 0.12560248374938965, 0.07826995849609375, 0.09384560585021973, 0.23181891441345215, 0.09725713729858398, 0.13395142555236816, 0.08759617805480957, 0.10561919212341309, 0.08979582786560059, 0.08339858055114746]
{'args': ((9, 0, slice(0, 960, None), slice(None, None, None)),), 'dataset shape': (40, 11, 1921, 2560), 'dataset chunks': (7, 1, 385, 512), 'indexing time (s)': 1.430511474609375e-06, 'chunk number': 1650, 'reduction time (s)': 1.7116708755493164, 'chunks processed': 15, 'storage read (B)': 29701892, 'selection 2 time (s)': 1.7124717235565186}
Thread times [0.07026457786560059, 0.07498550415039062, 0.08770275115966797, 0.1125478744506836, 0.07784652709960938, 0.07530617713928223, 0.11016130447387695, 0.12820172309875488, 0.22057795524597168, 0.07366228103637695, 0.13178372383117676, 0.06780004501342773, 0.12696051597595215, 0.08249855041503906, 0.1024482250213623]
{'args': ((10, 0, slice(0, 960, None), slice(None, None, None)),), 'dataset shape': (40, 11, 1921, 2560), 'dataset chunks': (7, 1, 385, 512), 'indexing time (s)': 1.1920928955078125e-06, 'chunk number': 1650, 'reduction time (s)': 1.5435035228729248, 'chunks processed': 15, 'storage read (B)': 29701892, 'selection 2 time (s)': 1.5443124771118164}
Thread times [0.07857632637023926, 0.05799603462219238, 0.07476329803466797, 0.0964963436126709, 0.06635856628417969, 0.33188509941101074, 0.08060312271118164, 0.10312104225158691, 0.22695088386535645, 0.07590222358703613, 0.06722164154052734, 0.12962794303894043, 0.08403944969177246, 0.07415342330932617, 0.09788155555725098]
{'args': ((11, 0, slice(0, 960, None), slice(None, None, None)),), 'dataset shape': (40, 11, 1921, 2560), 'dataset chunks': (7, 1, 385, 512), 'indexing time (s)': 1.430511474609375e-06, 'chunk number': 1650, 'reduction time (s)': 1.6465327739715576, 'chunks processed': 15, 'storage read (B)': 29701892, 'selection 2 time (s)': 1.6474080085754395}
Thread times [0.10801100730895996, 0.06097555160522461, 0.1045989990234375, 0.0911717414855957, 0.07841825485229492, 0.09412574768066406, 0.08063435554504395, 0.08914566040039062, 0.2656116485595703, 0.178786039352417, 0.08670854568481445, 0.1614971160888672, 0.08008480072021484, 0.08597540855407715, 0.09048175811767578]
{'args': ((12, 0, slice(0, 960, None), slice(None, None, None)),), 'dataset shape': (40, 11, 1921, 2560), 'dataset chunks': (7, 1, 385, 512), 'indexing time (s)': 1.9073486328125e-06, 'chunk number': 1650, 'reduction time (s)': 1.6573646068572998, 'chunks processed': 15, 'storage read (B)': 29701892, 'selection 2 time (s)': 1.6583819389343262}
Thread times [0.08754849433898926, 0.07630586624145508, 0.0990447998046875, 0.10123276710510254, 0.07486724853515625, 0.08458185195922852, 0.10595846176147461, 0.08686566352844238, 0.23061394691467285, 0.07645583152770996, 0.07922029495239258, 0.1229557991027832, 0.0893089771270752, 0.08343267440795898, 0.08802151679992676]
{'args': ((13, 0, slice(0, 960, None), slice(None, None, None)),), 'dataset shape': (40, 11, 1921, 2560), 'dataset chunks': (7, 1, 385, 512), 'indexing time (s)': 1.9073486328125e-06, 'chunk number': 1650, 'reduction time (s)': 1.487459421157837, 'chunks processed': 15, 'storage read (B)': 29701892, 'selection 2 time (s)': 1.4884345531463623}
Thread times [0.07746720314025879, 0.06962466239929199, 0.14654850959777832, 0.07083773612976074, 0.09728717803955078, 0.09575939178466797, 0.0965261459350586, 0.17998981475830078, 0.23141694068908691, 0.14209437370300293, 0.3162193298339844, 0.11772561073303223, 0.10729146003723145, 0.08268189430236816, 0.0825192928314209]
{'args': ((14, 0, slice(0, 960, None), slice(None, None, None)),), 'dataset shape': (40, 11, 1921, 2560), 'dataset chunks': (7, 1, 385, 512), 'indexing time (s)': 1.1920928955078125e-06, 'chunk number': 1650, 'reduction time (s)': 1.914954662322998, 'chunks processed': 15, 'storage read (B)': 29733505, 'selection 2 time (s)': 1.9158546924591064}
Thread times [0.09758949279785156, 0.10060954093933105, 0.06334352493286133, 0.15924859046936035, 0.06903839111328125, 0.07121515274047852, 0.08340835571289062, 0.08626747131347656, 0.24639534950256348, 0.0699012279510498, 0.08819341659545898, 0.07294416427612305, 0.09339785575866699, 0.09176850318908691, 0.08652710914611816]
{'args': ((15, 0, slice(0, 960, None), slice(None, None, None)),), 'dataset shape': (40, 11, 1921, 2560), 'dataset chunks': (7, 1, 385, 512), 'indexing time (s)': 1.6689300537109375e-06, 'chunk number': 1650, 'reduction time (s)': 1.4809305667877197, 'chunks processed': 15, 'storage read (B)': 29733505, 'selection 2 time (s)': 1.4817886352539062}
Thread times [0.08175802230834961, 0.06616449356079102, 0.08128070831298828, 0.09026908874511719, 0.07614850997924805, 0.07712340354919434, 0.1682288646697998, 0.10045766830444336, 0.2461400032043457, 0.07100343704223633, 0.06661367416381836, 0.0806264877319336, 0.09424090385437012, 0.08673405647277832, 0.0845332145690918]
{'args': ((16, 0, slice(0, 960, None), slice(None, None, None)),), 'dataset shape': (40, 11, 1921, 2560), 'dataset chunks': (7, 1, 385, 512), 'indexing time (s)': 1.430511474609375e-06, 'chunk number': 1650, 'reduction time (s)': 1.4726452827453613, 'chunks processed': 15, 'storage read (B)': 29733505, 'selection 2 time (s)': 1.473569631576538}
Thread times [0.08043885231018066, 0.06659317016601562, 0.06143593788146973, 0.0768284797668457, 0.08465862274169922, 0.08447957038879395, 0.13732004165649414, 0.09469866752624512, 0.22515034675598145, 0.07497668266296387, 0.0780172348022461, 0.06621837615966797, 0.07101011276245117, 0.08588242530822754, 0.08184361457824707]
{'args': ((17, 0, slice(0, 960, None), slice(None, None, None)),), 'dataset shape': (40, 11, 1921, 2560), 'dataset chunks': (7, 1, 385, 512), 'indexing time (s)': 1.1920928955078125e-06, 'chunk number': 1650, 'reduction time (s)': 1.370830774307251, 'chunks processed': 15, 'storage read (B)': 29733505, 'selection 2 time (s)': 1.3717992305755615}
Thread times [0.12127327919006348, 0.06715154647827148, 0.0599827766418457, 0.07294678688049316, 0.0719752311706543, 0.12381863594055176, 0.10401082038879395, 0.11167597770690918, 0.2379612922668457, 0.07940196990966797, 0.09673237800598145, 0.16888642311096191, 0.10792970657348633, 0.09499645233154297, 0.08787131309509277]
{'args': ((18, 0, slice(0, 960, None), slice(None, None, None)),), 'dataset shape': (40, 11, 1921, 2560), 'dataset chunks': (7, 1, 385, 512), 'indexing time (s)': 1.430511474609375e-06, 'chunk number': 1650, 'reduction time (s)': 1.6076948642730713, 'chunks processed': 15, 'storage read (B)': 29733505, 'selection 2 time (s)': 1.6085264682769775}
Thread times [0.11507058143615723, 0.19676947593688965, 0.07581853866577148, 0.11422371864318848, 0.07527494430541992, 0.08064389228820801, 0.08965945243835449, 0.09818530082702637, 0.25002241134643555, 0.08847928047180176, 0.09438133239746094, 0.19155049324035645, 0.1212608814239502, 0.1047506332397461, 0.0832364559173584]
{'args': ((19, 0, slice(0, 960, None), slice(None, None, None)),), 'dataset shape': (40, 11, 1921, 2560), 'dataset chunks': (7, 1, 385, 512), 'indexing time (s)': 1.1920928955078125e-06, 'chunk number': 1650, 'reduction time (s)': 1.7805161476135254, 'chunks processed': 15, 'storage read (B)': 29733505, 'selection 2 time (s)': 1.7813208103179932}
Thread times [0.08489346504211426, 0.11133074760437012, 0.06781768798828125, 0.1302955150604248, 0.08549046516418457, 0.07966494560241699, 0.3486192226409912, 0.08459806442260742, 0.31967759132385254, 0.11745071411132812, 0.1221625804901123, 0.08305621147155762, 0.08356547355651855, 0.20422029495239258, 0.10565733909606934]
{'args': ((20, 0, slice(0, 960, None), slice(None, None, None)),), 'dataset shape': (40, 11, 1921, 2560), 'dataset chunks': (7, 1, 385, 512), 'indexing time (s)': 1.6689300537109375e-06, 'chunk number': 1650, 'reduction time (s)': 2.029538869857788, 'chunks processed': 15, 'storage read (B)': 29733505, 'selection 2 time (s)': 2.0304524898529053}
Thread times [0.09560728073120117, 0.08746767044067383, 0.07068324089050293, 0.09810709953308105, 0.1311483383178711, 0.08478307723999023, 0.08677196502685547, 0.07297992706298828, 0.08260107040405273, 0.07715988159179688, 0.08212685585021973, 0.0851430892944336, 0.24592161178588867, 0.24259567260742188, 0.12558913230895996]
{'args': ((21, 0, slice(0, 960, None), slice(None, None, None)),), 'dataset shape': (40, 11, 1921, 2560), 'dataset chunks': (7, 1, 385, 512), 'indexing time (s)': 1.430511474609375e-06, 'chunk number': 1650, 'reduction time (s)': 1.6700241565704346, 'chunks processed': 15, 'storage read (B)': 29686785, 'selection 2 time (s)': 1.6708648204803467}
Thread times [0.07822179794311523, 0.06316709518432617, 0.0840311050415039, 0.07664966583251953, 0.07956385612487793, 0.1050717830657959, 0.0817115306854248, 0.08345460891723633, 0.08815622329711914, 0.08661651611328125, 0.11299896240234375, 0.11012911796569824, 0.2290656566619873, 0.21813273429870605, 0.0702059268951416]
{'args': ((22, 0, slice(0, 960, None), slice(None, None, None)),), 'dataset shape': (40, 11, 1921, 2560), 'dataset chunks': (7, 1, 385, 512), 'indexing time (s)': 1.1920928955078125e-06, 'chunk number': 1650, 'reduction time (s)': 1.5680761337280273, 'chunks processed': 15, 'storage read (B)': 29686785, 'selection 2 time (s)': 1.5688834190368652}
Thread times [0.11130428314208984, 0.06963825225830078, 0.08658146858215332, 0.08526110649108887, 0.061974525451660156, 0.07829523086547852, 0.20210671424865723, 0.0778207778930664, 0.09067654609680176, 0.07709956169128418, 0.06746530532836914, 0.08563733100891113, 0.22690081596374512, 0.18413543701171875, 0.07615303993225098]
{'args': ((23, 0, slice(0, 960, None), slice(None, None, None)),), 'dataset shape': (40, 11, 1921, 2560), 'dataset chunks': (7, 1, 385, 512), 'indexing time (s)': 9.5367431640625e-07, 'chunk number': 1650, 'reduction time (s)': 1.582515001296997, 'chunks processed': 15, 'storage read (B)': 29686785, 'selection 2 time (s)': 1.5844759941101074}
Thread times [0.08698821067810059, 0.0582582950592041, 0.09924650192260742, 0.08178305625915527, 0.06305050849914551, 0.10094022750854492, 0.14330244064331055, 0.13650798797607422, 0.10532450675964355, 0.1169586181640625, 0.14359617233276367, 0.07538652420043945, 0.25742340087890625, 0.2248392105102539, 0.08678054809570312]
{'args': ((24, 0, slice(0, 960, None), slice(None, None, None)),), 'dataset shape': (40, 11, 1921, 2560), 'dataset chunks': (7, 1, 385, 512), 'indexing time (s)': 2.86102294921875e-06, 'chunk number': 1650, 'reduction time (s)': 1.7815122604370117, 'chunks processed': 15, 'storage read (B)': 29686785, 'selection 2 time (s)': 1.7826440334320068}
Thread times [0.07465124130249023, 0.07308793067932129, 0.08329939842224121, 0.13888072967529297, 0.08532071113586426, 0.07762479782104492, 0.18530488014221191, 0.09264159202575684, 0.09519243240356445, 0.09174418449401855, 0.08099579811096191, 0.08703351020812988, 0.25919222831726074, 0.21155595779418945, 0.11649560928344727]
{'args': ((25, 0, slice(0, 960, None), slice(None, None, None)),), 'dataset shape': (40, 11, 1921, 2560), 'dataset chunks': (7, 1, 385, 512), 'indexing time (s)': 1.430511474609375e-06, 'chunk number': 1650, 'reduction time (s)': 1.753830909729004, 'chunks processed': 15, 'storage read (B)': 29686785, 'selection 2 time (s)': 1.7548153400421143}
Thread times [0.07131409645080566, 0.07754945755004883, 0.07637524604797363, 0.07747626304626465, 0.06334328651428223, 0.0777139663696289, 0.0837087631225586, 0.08367466926574707, 0.10203433036804199, 0.08525490760803223, 0.08137369155883789, 0.08168506622314453, 0.33888745307922363, 0.2874166965484619, 0.0895683765411377]
{'args': ((26, 0, slice(0, 960, None), slice(None, None, None)),), 'dataset shape': (40, 11, 1921, 2560), 'dataset chunks': (7, 1, 385, 512), 'indexing time (s)': 1.1920928955078125e-06, 'chunk number': 1650, 'reduction time (s)': 1.6784298419952393, 'chunks processed': 15, 'storage read (B)': 29686785, 'selection 2 time (s)': 1.6792385578155518}
Thread times [0.06981587409973145, 0.049224853515625, 0.09470176696777344, 0.09889554977416992, 0.06378293037414551, 0.07920098304748535, 0.08543896675109863, 0.16269826889038086, 0.0778348445892334, 0.08046483993530273, 0.07789397239685059, 0.10351347923278809, 0.23373866081237793, 0.26389098167419434, 0.0983734130859375]
{'args': ((27, 0, slice(0, 960, None), slice(None, None, None)),), 'dataset shape': (40, 11, 1921, 2560), 'dataset chunks': (7, 1, 385, 512), 'indexing time (s)': 9.5367431640625e-07, 'chunk number': 1650, 'reduction time (s)': 1.6405539512634277, 'chunks processed': 15, 'storage read (B)': 29686785, 'selection 2 time (s)': 1.6413373947143555}
Thread times [0.07775402069091797, 1.0588304996490479, 0.1136314868927002, 0.092620849609375, 0.16155171394348145, 0.15859055519104004, 0.13680052757263184, 0.11290550231933594, 0.11062264442443848, 0.08127450942993164, 0.07874298095703125, 0.22989821434020996, 0.07159304618835449, 0.0803077220916748, 0.08873653411865234]
{'args': ((28, 0, slice(0, 960, None), slice(None, None, None)),), 'dataset shape': (40, 11, 1921, 2560), 'dataset chunks': (7, 1, 385, 512), 'indexing time (s)': 1.1920928955078125e-06, 'chunk number': 1650, 'reduction time (s)': 2.654627561569214, 'chunks processed': 15, 'storage read (B)': 29670387, 'selection 2 time (s)': 2.6554336547851562}
Thread times [0.09594249725341797, 0.06066012382507324, 0.06774401664733887, 0.10837769508361816, 0.14733195304870605, 0.09088277816772461, 0.0818488597869873, 0.08886003494262695, 0.08461165428161621, 0.13343477249145508, 0.07963895797729492, 0.23569416999816895, 0.09734630584716797, 0.07448077201843262, 0.15243148803710938]
{'args': ((29, 0, slice(0, 960, None), slice(None, None, None)),), 'dataset shape': (40, 11, 1921, 2560), 'dataset chunks': (7, 1, 385, 512), 'indexing time (s)': 1.1920928955078125e-06, 'chunk number': 1650, 'reduction time (s)': 1.600027084350586, 'chunks processed': 15, 'storage read (B)': 29670387, 'selection 2 time (s)': 1.6008446216583252}
Thread times [0.0931239128112793, 0.05523538589477539, 0.07965445518493652, 0.07005190849304199, 0.07662844657897949, 0.11346673965454102, 0.08626222610473633, 0.08688545227050781, 0.11501860618591309, 0.08029603958129883, 0.07646512985229492, 0.26222705841064453, 0.1864786148071289, 0.09235715866088867, 0.0899348258972168]
{'args': ((30, 0, slice(0, 960, None), slice(None, None, None)),), 'dataset shape': (40, 11, 1921, 2560), 'dataset chunks': (7, 1, 385, 512), 'indexing time (s)': 1.430511474609375e-06, 'chunk number': 1650, 'reduction time (s)': 1.564927339553833, 'chunks processed': 15, 'storage read (B)': 29670387, 'selection 2 time (s)': 1.5658671855926514}
Thread times [0.07671093940734863, 0.0573420524597168, 0.08411407470703125, 0.0850362777709961, 0.09855222702026367, 0.09323692321777344, 0.1023705005645752, 0.1590585708618164, 0.08700203895568848, 0.08551287651062012, 0.09653234481811523, 0.20649099349975586, 0.07735204696655273, 0.08556056022644043, 0.08646798133850098]
{'args': ((31, 0, slice(0, 960, None), slice(None, None, None)),), 'dataset shape': (40, 11, 1921, 2560), 'dataset chunks': (7, 1, 385, 512), 'indexing time (s)': 1.1920928955078125e-06, 'chunk number': 1650, 'reduction time (s)': 1.4821231365203857, 'chunks processed': 15, 'storage read (B)': 29670387, 'selection 2 time (s)': 1.4829497337341309}
Thread times [0.06659698486328125, 0.06860637664794922, 0.07298398017883301, 0.07107281684875488, 0.06597137451171875, 0.11426186561584473, 0.10671567916870117, 0.08296895027160645, 0.07475423812866211, 0.11089801788330078, 0.08948922157287598, 0.2296147346496582, 0.0749657154083252, 0.08135247230529785, 0.07895445823669434]
{'args': ((32, 0, slice(0, 960, None), slice(None, None, None)),), 'dataset shape': (40, 11, 1921, 2560), 'dataset chunks': (7, 1, 385, 512), 'indexing time (s)': 9.5367431640625e-07, 'chunk number': 1650, 'reduction time (s)': 1.3900861740112305, 'chunks processed': 15, 'storage read (B)': 29670387, 'selection 2 time (s)': 1.3910572528839111}
Thread times [0.1333456039428711, 0.052054643630981445, 0.10734701156616211, 0.07395386695861816, 0.07832694053649902, 0.08933258056640625, 0.08892822265625, 0.11539268493652344, 0.08090496063232422, 0.11632466316223145, 0.08331608772277832, 0.2226254940032959, 0.06513810157775879, 0.08733725547790527, 0.08867740631103516]
{'args': ((33, 0, slice(0, 960, None), slice(None, None, None)),), 'dataset shape': (40, 11, 1921, 2560), 'dataset chunks': (7, 1, 385, 512), 'indexing time (s)': 1.430511474609375e-06, 'chunk number': 1650, 'reduction time (s)': 1.4837772846221924, 'chunks processed': 15, 'storage read (B)': 29670387, 'selection 2 time (s)': 1.4845952987670898}
Thread times [0.07550477981567383, 0.05524921417236328, 0.07714009284973145, 0.08385920524597168, 0.07566165924072266, 0.10593128204345703, 0.08263826370239258, 0.08289313316345215, 0.11652231216430664, 0.11747622489929199, 0.08236145973205566, 0.2829439640045166, 0.10861396789550781, 0.07893991470336914, 0.1286308765411377]
{'args': ((34, 0, slice(0, 960, None), slice(None, None, None)),), 'dataset shape': (40, 11, 1921, 2560), 'dataset chunks': (7, 1, 385, 512), 'indexing time (s)': 1.1920928955078125e-06, 'chunk number': 1650, 'reduction time (s)': 1.5551772117614746, 'chunks processed': 15, 'storage read (B)': 29670387, 'selection 2 time (s)': 1.556140422821045}
Thread times [0.0802602767944336, 0.08151960372924805, 0.05624222755432129, 0.07735228538513184, 0.056160926818847656, 0.07482481002807617, 0.09113311767578125, 0.06041765213012695, 0.0655205249786377, 0.1337132453918457, 0.09569978713989258, 0.11761999130249023, 0.08658123016357422, 0.07415151596069336, 0.07108926773071289]
{'args': ((35, 0, slice(0, 960, None), slice(None, None, None)),), 'dataset shape': (40, 11, 1921, 2560), 'dataset chunks': (7, 1, 385, 512), 'indexing time (s)': 1.430511474609375e-06, 'chunk number': 1650, 'reduction time (s)': 1.266667127609253, 'chunks processed': 15, 'storage read (B)': 21287473, 'selection 2 time (s)': 1.267439603805542}
Thread times [0.10860586166381836, 0.0479428768157959, 0.05686497688293457, 0.0628812313079834, 0.05521368980407715, 0.07144355773925781, 0.06980514526367188, 0.0647268295288086, 0.07466650009155273, 0.07315540313720703, 0.07480430603027344, 0.07742786407470703, 0.07896947860717773, 0.07201147079467773, 0.14284801483154297]
{'args': ((36, 0, slice(0, 960, None), slice(None, None, None)),), 'dataset shape': (40, 11, 1921, 2560), 'dataset chunks': (7, 1, 385, 512), 'indexing time (s)': 9.5367431640625e-07, 'chunk number': 1650, 'reduction time (s)': 1.132277250289917, 'chunks processed': 15, 'storage read (B)': 21287473, 'selection 2 time (s)': 1.1331448554992676}
Thread times [0.08919382095336914, 0.07102704048156738, 0.0660257339477539, 0.0624239444732666, 0.054869890213012695, 0.06957435607910156, 0.07178759574890137, 0.06144571304321289, 0.09241294860839844, 0.08158636093139648, 0.07744312286376953, 0.10198616981506348, 0.07041573524475098, 0.07038736343383789, 0.0732569694519043]
{'args': ((37, 0, slice(0, 960, None), slice(None, None, None)),), 'dataset shape': (40, 11, 1921, 2560), 'dataset chunks': (7, 1, 385, 512), 'indexing time (s)': 1.430511474609375e-06, 'chunk number': 1650, 'reduction time (s)': 1.1147150993347168, 'chunks processed': 15, 'storage read (B)': 21287473, 'selection 2 time (s)': 1.1156675815582275}
Thread times [0.13950896263122559, 0.04830312728881836, 0.05928802490234375, 0.08175849914550781, 0.05572056770324707, 0.07839298248291016, 0.21602845191955566, 0.056717634201049805, 0.07707047462463379, 0.08114361763000488, 0.08821439743041992, 0.08813738822937012, 0.10699295997619629, 0.07121157646179199, 0.08076596260070801]
{'args': ((38, 0, slice(0, 960, None), slice(None, None, None)),), 'dataset shape': (40, 11, 1921, 2560), 'dataset chunks': (7, 1, 385, 512), 'indexing time (s)': 1.430511474609375e-06, 'chunk number': 1650, 'reduction time (s)': 1.3301453590393066, 'chunks processed': 15, 'storage read (B)': 21287473, 'selection 2 time (s)': 1.3310515880584717}
Thread times [0.08696985244750977, 0.049959421157836914, 0.056520938873291016, 0.11427712440490723, 0.05666494369506836, 0.0748288631439209, 0.08079171180725098, 0.0712575912475586, 0.07995080947875977, 0.07037019729614258, 0.07113432884216309, 0.07773375511169434, 0.17020225524902344, 0.15141630172729492, 0.12143921852111816]
{'args': ((39, 0, slice(0, 960, None), slice(None, None, None)),), 'dataset shape': (40, 11, 1921, 2560), 'dataset chunks': (7, 1, 385, 512), 'indexing time (s)': 1.1920928955078125e-06, 'chunk number': 1650, 'reduction time (s)': 1.334456443786621, 'chunks processed': 15, 'storage read (B)': 21287473, 'selection 2 time (s)': 1.3356497287750244}
[[226.07820312]
 [226.0646875 ]
 [225.93776042]
 [225.90820312]
 [225.91739583]
 [225.88460937]
 [225.82080729]
 [225.85434896]
 [225.9834375 ]
 [226.03822917]
 [226.01317708]
 [226.02333333]
 [226.03765625]
 [226.00486979]
 [225.91778646]
 [225.9403125 ]
 [225.98729167]
 [225.91450521]
 [225.81239583]
 [225.81890625]
 [225.8453125 ]
 [225.785     ]
 [225.63648438]
 [225.5565625 ]
 [225.45744792]
 [225.32382813]
 [225.16335937]
 [225.07786458]
 [225.07846354]
 [225.10669271]
 [225.17606771]
 [225.36867187]
 [225.57927083]
 [225.69083333]
 [225.7221875 ]
 [225.82367188]
 [225.93640625]
 [225.96760417]
 [225.91875   ]
 [225.92236979]]
Summary:  sci4-op-r1:Active (T1,BS5): 0.948s,64.88s,70.02s
