Dataset loaded from S3 with s3fs and Pyfive: bnl/ch330a.pc19790301-def.nc (2.5,0.54)
Thread times [0.07530808448791504, 0.061733245849609375, 0.07454609870910645, 0.06855440139770508, 0.08525800704956055, 0.07869696617126465, 0.08895325660705566, 0.07894515991210938, 0.22270774841308594, 0.12455606460571289, 0.08879923820495605, 0.22084879875183105, 0.06665754318237305, 0.0731048583984375, 0.08121275901794434]
{'load nc time': 3.14235782623291, 'args': ((0, 0, slice(0, 960, None), slice(None, None, None)),), 'dataset shape': (40, 11, 1921, 2560), 'dataset chunks': (7, 1, 385, 512), 'indexing time (s)': 3.741205930709839, 'chunk number': 1650, 'reduction time (s)': 1.4911823272705078, 'chunks processed': 15, 'storage read (B)': 29685482, 'selection 2 time (s)': 5.233325481414795}
Thread times [0.12176871299743652, 0.06649041175842285, 0.06012296676635742, 0.07627725601196289, 0.0760350227355957, 0.08413577079772949, 0.07802414894104004, 0.08111333847045898, 1.207573652267456, 0.09711790084838867, 0.10972094535827637, 0.21658873558044434, 0.06927013397216797, 0.1428680419921875, 0.08675813674926758]
{'args': ((1, 0, slice(0, 960, None), slice(None, None, None)),), 'dataset shape': (40, 11, 1921, 2560), 'dataset chunks': (7, 1, 385, 512), 'indexing time (s)': 1.430511474609375e-06, 'chunk number': 1650, 'reduction time (s)': 2.579815626144409, 'chunks processed': 15, 'storage read (B)': 29685482, 'selection 2 time (s)': 2.5807695388793945}
Thread times [0.36612749099731445, 0.04755520820617676, 0.061879634857177734, 0.06071186065673828, 0.07727265357971191, 0.10523676872253418, 0.09435319900512695, 0.10871338844299316, 0.21948528289794922, 0.06489849090576172, 0.06827163696289062, 0.20450448989868164, 0.05915021896362305, 0.06246638298034668, 0.06848382949829102]
{'args': ((2, 0, slice(0, 960, None), slice(None, None, None)),), 'dataset shape': (40, 11, 1921, 2560), 'dataset chunks': (7, 1, 385, 512), 'indexing time (s)': 1.6689300537109375e-06, 'chunk number': 1650, 'reduction time (s)': 1.6701407432556152, 'chunks processed': 15, 'storage read (B)': 29685482, 'selection 2 time (s)': 1.6710195541381836}
Thread times [0.08107972145080566, 0.0529325008392334, 0.06486320495605469, 0.08785653114318848, 0.07157278060913086, 0.0779411792755127, 0.08973884582519531, 0.09636759757995605, 0.2258133888244629, 0.08731794357299805, 0.07567000389099121, 0.2378368377685547, 0.07299423217773438, 0.06817221641540527, 0.07578325271606445]
{'args': ((3, 0, slice(0, 960, None), slice(None, None, None)),), 'dataset shape': (40, 11, 1921, 2560), 'dataset chunks': (7, 1, 385, 512), 'indexing time (s)': 9.5367431640625e-07, 'chunk number': 1650, 'reduction time (s)': 1.4668307304382324, 'chunks processed': 15, 'storage read (B)': 29685482, 'selection 2 time (s)': 1.4676895141601562}
Thread times [0.09917902946472168, 0.06558084487915039, 0.06508135795593262, 0.11273479461669922, 0.08887052536010742, 0.08751606941223145, 0.18761372566223145, 0.09050750732421875, 0.2710995674133301, 0.07143378257751465, 0.07738995552062988, 0.20696091651916504, 0.09818863868713379, 0.09558868408203125, 0.07205438613891602]
{'args': ((4, 0, slice(0, 960, None), slice(None, None, None)),), 'dataset shape': (40, 11, 1921, 2560), 'dataset chunks': (7, 1, 385, 512), 'indexing time (s)': 1.1920928955078125e-06, 'chunk number': 1650, 'reduction time (s)': 1.6906824111938477, 'chunks processed': 15, 'storage read (B)': 29685482, 'selection 2 time (s)': 1.6915218830108643}
Thread times [0.1663968563079834, 0.04599428176879883, 0.10292458534240723, 0.060468435287475586, 0.09001636505126953, 0.07222461700439453, 0.08937883377075195, 0.07697415351867676, 0.22683095932006836, 0.11123418807983398, 0.27883291244506836, 0.23840594291687012, 0.06532406806945801, 0.07592320442199707, 0.07638955116271973]
{'args': ((5, 0, slice(0, 960, None), slice(None, None, None)),), 'dataset shape': (40, 11, 1921, 2560), 'dataset chunks': (7, 1, 385, 512), 'indexing time (s)': 1.1920928955078125e-06, 'chunk number': 1650, 'reduction time (s)': 1.781707763671875, 'chunks processed': 15, 'storage read (B)': 29685482, 'selection 2 time (s)': 1.782597541809082}
Thread times [0.06615281105041504, 0.05314159393310547, 0.05941915512084961, 0.05033135414123535, 0.08317446708679199, 0.07443499565124512, 0.08291387557983398, 0.08995246887207031, 0.24245929718017578, 0.06872868537902832, 0.062087297439575195, 0.19265174865722656, 0.09456729888916016, 0.1194453239440918, 0.07867002487182617]
{'args': ((6, 0, slice(0, 960, None), slice(None, None, None)),), 'dataset shape': (40, 11, 1921, 2560), 'dataset chunks': (7, 1, 385, 512), 'indexing time (s)': 9.5367431640625e-07, 'chunk number': 1650, 'reduction time (s)': 1.4190001487731934, 'chunks processed': 15, 'storage read (B)': 29685482, 'selection 2 time (s)': 1.4198594093322754}
Thread times [0.08019185066223145, 0.057045698165893555, 0.07124996185302734, 0.06545352935791016, 0.0697927474975586, 0.12176990509033203, 0.07889842987060547, 0.09546160697937012, 0.2183094024658203, 0.06753945350646973, 0.06849408149719238, 0.08750557899475098, 0.09833312034606934, 0.07761693000793457, 0.11386656761169434]
{'args': ((7, 0, slice(0, 960, None), slice(None, None, None)),), 'dataset shape': (40, 11, 1921, 2560), 'dataset chunks': (7, 1, 385, 512), 'indexing time (s)': 1.1920928955078125e-06, 'chunk number': 1650, 'reduction time (s)': 1.3724050521850586, 'chunks processed': 15, 'storage read (B)': 29701892, 'selection 2 time (s)': 1.373279333114624}
Thread times [0.09661006927490234, 0.06847858428955078, 0.07975888252258301, 0.09564542770385742, 0.08263564109802246, 0.1170663833618164, 0.07633781433105469, 0.08291053771972656, 0.23204588890075684, 0.11853384971618652, 0.07528948783874512, 0.09549283981323242, 0.0739603042602539, 0.0988621711730957, 0.08815121650695801]
{'args': ((8, 0, slice(0, 960, None), slice(None, None, None)),), 'dataset shape': (40, 11, 1921, 2560), 'dataset chunks': (7, 1, 385, 512), 'indexing time (s)': 1.430511474609375e-06, 'chunk number': 1650, 'reduction time (s)': 1.4859566688537598, 'chunks processed': 15, 'storage read (B)': 29701892, 'selection 2 time (s)': 1.4869930744171143}
Thread times [0.07806181907653809, 0.051587820053100586, 0.07058119773864746, 0.07369780540466309, 0.10804033279418945, 0.08310651779174805, 0.07903814315795898, 0.08176302909851074, 0.24614381790161133, 0.11200070381164551, 0.1127324104309082, 0.07977867126464844, 0.09218645095825195, 0.0811009407043457, 0.09864377975463867]
{'args': ((9, 0, slice(0, 960, None), slice(None, None, None)),), 'dataset shape': (40, 11, 1921, 2560), 'dataset chunks': (7, 1, 385, 512), 'indexing time (s)': 9.5367431640625e-07, 'chunk number': 1650, 'reduction time (s)': 1.44935941696167, 'chunks processed': 15, 'storage read (B)': 29701892, 'selection 2 time (s)': 1.450343370437622}
Thread times [0.0834798812866211, 0.05605936050415039, 0.07236194610595703, 0.07956814765930176, 0.06693172454833984, 0.0786445140838623, 0.13157916069030762, 0.08832383155822754, 0.3037567138671875, 0.10494709014892578, 0.08476877212524414, 0.0930013656616211, 0.08737945556640625, 0.10840296745300293, 0.08811068534851074]
{'args': ((10, 0, slice(0, 960, None), slice(None, None, None)),), 'dataset shape': (40, 11, 1921, 2560), 'dataset chunks': (7, 1, 385, 512), 'indexing time (s)': 1.430511474609375e-06, 'chunk number': 1650, 'reduction time (s)': 1.528228759765625, 'chunks processed': 15, 'storage read (B)': 29701892, 'selection 2 time (s)': 1.5291311740875244}
Thread times [0.10249519348144531, 0.04894256591796875, 0.07381200790405273, 0.08287525177001953, 0.08304762840270996, 0.08438968658447266, 0.08371853828430176, 0.08290314674377441, 0.24108028411865234, 0.15547513961791992, 0.08098697662353516, 0.09069681167602539, 0.07982611656188965, 0.08643579483032227, 0.09880185127258301]
{'args': ((11, 0, slice(0, 960, None), slice(None, None, None)),), 'dataset shape': (40, 11, 1921, 2560), 'dataset chunks': (7, 1, 385, 512), 'indexing time (s)': 1.6689300537109375e-06, 'chunk number': 1650, 'reduction time (s)': 1.4765095710754395, 'chunks processed': 15, 'storage read (B)': 29701892, 'selection 2 time (s)': 1.4774091243743896}
Thread times [0.06552457809448242, 0.09187769889831543, 0.09187555313110352, 0.06791162490844727, 0.2440657615661621, 0.13327860832214355, 0.08597660064697266, 0.09205341339111328, 0.24218249320983887, 0.10789656639099121, 0.10584568977355957, 0.09862089157104492, 0.08545088768005371, 0.0871884822845459, 0.08488202095031738]
{'args': ((12, 0, slice(0, 960, None), slice(None, None, None)),), 'dataset shape': (40, 11, 1921, 2560), 'dataset chunks': (7, 1, 385, 512), 'indexing time (s)': 1.1920928955078125e-06, 'chunk number': 1650, 'reduction time (s)': 1.6854798793792725, 'chunks processed': 15, 'storage read (B)': 29701892, 'selection 2 time (s)': 1.6863958835601807}
Thread times [0.06619763374328613, 0.0501856803894043, 0.06611323356628418, 0.1020803451538086, 0.06983232498168945, 0.07085704803466797, 0.09898638725280762, 0.09088349342346191, 0.22413372993469238, 0.06815743446350098, 0.29382777214050293, 0.17697763442993164, 0.07334232330322266, 0.07652163505554199, 0.07814717292785645]
{'args': ((13, 0, slice(0, 960, None), slice(None, None, None)),), 'dataset shape': (40, 11, 1921, 2560), 'dataset chunks': (7, 1, 385, 512), 'indexing time (s)': 1.430511474609375e-06, 'chunk number': 1650, 'reduction time (s)': 1.6069965362548828, 'chunks processed': 15, 'storage read (B)': 29701892, 'selection 2 time (s)': 1.60782790184021}
Thread times [0.06330537796020508, 0.06733965873718262, 0.07352566719055176, 0.07176876068115234, 0.08930635452270508, 0.0782322883605957, 0.08865547180175781, 0.09119009971618652, 0.22609639167785645, 0.08418583869934082, 0.07972478866577148, 0.0883183479309082, 0.1124274730682373, 0.09728884696960449, 0.10577106475830078]
{'args': ((14, 0, slice(0, 960, None), slice(None, None, None)),), 'dataset shape': (40, 11, 1921, 2560), 'dataset chunks': (7, 1, 385, 512), 'indexing time (s)': 1.1920928955078125e-06, 'chunk number': 1650, 'reduction time (s)': 1.4180166721343994, 'chunks processed': 15, 'storage read (B)': 29733505, 'selection 2 time (s)': 1.4189224243164062}
Thread times [0.06515359878540039, 0.08073163032531738, 0.06835365295410156, 0.07962703704833984, 0.1729726791381836, 0.08046460151672363, 0.10542678833007812, 0.1007380485534668, 0.2376549243927002, 0.16289496421813965, 0.07911324501037598, 0.47304272651672363, 0.08830571174621582, 0.07727193832397461, 0.07383894920349121]
{'args': ((15, 0, slice(0, 960, None), slice(None, None, None)),), 'dataset shape': (40, 11, 1921, 2560), 'dataset chunks': (7, 1, 385, 512), 'indexing time (s)': 1.1920928955078125e-06, 'chunk number': 1650, 'reduction time (s)': 1.9464318752288818, 'chunks processed': 15, 'storage read (B)': 29733505, 'selection 2 time (s)': 1.9472856521606445}
Thread times [0.09467244148254395, 0.3158681392669678, 0.06806635856628418, 0.11101436614990234, 0.10513114929199219, 0.07807421684265137, 0.09497857093811035, 0.36115169525146484, 0.2731771469116211, 0.1264643669128418, 0.3421509265899658, 0.0969991683959961, 0.11952543258666992, 0.08694624900817871, 0.07880353927612305]
{'args': ((16, 0, slice(0, 960, None), slice(None, None, None)),), 'dataset shape': (40, 11, 1921, 2560), 'dataset chunks': (7, 1, 385, 512), 'indexing time (s)': 1.1920928955078125e-06, 'chunk number': 1650, 'reduction time (s)': 2.353879690170288, 'chunks processed': 15, 'storage read (B)': 29733505, 'selection 2 time (s)': 2.3546788692474365}
Thread times [0.06383204460144043, 0.08414959907531738, 0.09993433952331543, 0.08863306045532227, 0.06795692443847656, 0.1327652931213379, 0.0921630859375, 0.08938050270080566, 0.21895337104797363, 0.11678624153137207, 0.07967710494995117, 0.07684159278869629, 0.0762026309967041, 0.11334514617919922, 0.08508014678955078]
{'args': ((17, 0, slice(0, 960, None), slice(None, None, None)),), 'dataset shape': (40, 11, 1921, 2560), 'dataset chunks': (7, 1, 385, 512), 'indexing time (s)': 1.1920928955078125e-06, 'chunk number': 1650, 'reduction time (s)': 1.4865896701812744, 'chunks processed': 15, 'storage read (B)': 29733505, 'selection 2 time (s)': 1.4873671531677246}
Thread times [0.07706999778747559, 0.10289955139160156, 0.07131528854370117, 0.07012748718261719, 0.08587288856506348, 0.11917662620544434, 0.128464937210083, 0.09949064254760742, 0.2290956974029541, 0.07662796974182129, 0.10161781311035156, 0.0867619514465332, 0.0960850715637207, 0.12639856338500977, 0.07977914810180664]
{'args': ((18, 0, slice(0, 960, None), slice(None, None, None)),), 'dataset shape': (40, 11, 1921, 2560), 'dataset chunks': (7, 1, 385, 512), 'indexing time (s)': 1.1920928955078125e-06, 'chunk number': 1650, 'reduction time (s)': 1.5518078804016113, 'chunks processed': 15, 'storage read (B)': 29733505, 'selection 2 time (s)': 1.5526890754699707}
Thread times [0.07330822944641113, 0.06585907936096191, 0.07497954368591309, 0.08488631248474121, 0.16323447227478027, 0.08315873146057129, 0.0879964828491211, 0.09100508689880371, 0.21993470191955566, 0.11815500259399414, 0.1183781623840332, 0.07093191146850586, 0.0746009349822998, 0.08074784278869629, 0.08091592788696289]
{'args': ((19, 0, slice(0, 960, None), slice(None, None, None)),), 'dataset shape': (40, 11, 1921, 2560), 'dataset chunks': (7, 1, 385, 512), 'indexing time (s)': 9.5367431640625e-07, 'chunk number': 1650, 'reduction time (s)': 1.4888668060302734, 'chunks processed': 15, 'storage read (B)': 29733505, 'selection 2 time (s)': 1.4897196292877197}
Thread times [0.0803077220916748, 0.06642818450927734, 0.08303451538085938, 0.06932830810546875, 0.07956910133361816, 0.07310914993286133, 0.0885319709777832, 0.09174251556396484, 0.21144509315490723, 0.0948173999786377, 0.07897496223449707, 0.08615422248840332, 0.07511043548583984, 0.09893226623535156, 0.0992586612701416]
{'args': ((20, 0, slice(0, 960, None), slice(None, None, None)),), 'dataset shape': (40, 11, 1921, 2560), 'dataset chunks': (7, 1, 385, 512), 'indexing time (s)': 9.5367431640625e-07, 'chunk number': 1650, 'reduction time (s)': 1.3774597644805908, 'chunks processed': 15, 'storage read (B)': 29733505, 'selection 2 time (s)': 1.3782601356506348}
Thread times [0.07754874229431152, 0.05409359931945801, 0.09772658348083496, 0.09410452842712402, 0.07772397994995117, 0.08395719528198242, 0.08827614784240723, 0.11705231666564941, 0.09972572326660156, 0.07614374160766602, 0.07095670700073242, 0.07589268684387207, 0.2351369857788086, 0.21561384201049805, 0.06418800354003906]
{'args': ((21, 0, slice(0, 960, None), slice(None, None, None)),), 'dataset shape': (40, 11, 1921, 2560), 'dataset chunks': (7, 1, 385, 512), 'indexing time (s)': 9.5367431640625e-07, 'chunk number': 1650, 'reduction time (s)': 1.5289857387542725, 'chunks processed': 15, 'storage read (B)': 29686785, 'selection 2 time (s)': 1.529818058013916}
Thread times [0.06703758239746094, 0.04850578308105469, 0.07183098793029785, 0.1292879581451416, 0.061530113220214844, 0.07861924171447754, 0.0772855281829834, 0.08082413673400879, 0.09395909309387207, 0.08016157150268555, 0.09678196907043457, 0.07194733619689941, 0.2059943675994873, 0.17679071426391602, 0.07460999488830566]
{'args': ((22, 0, slice(0, 960, None), slice(None, None, None)),), 'dataset shape': (40, 11, 1921, 2560), 'dataset chunks': (7, 1, 385, 512), 'indexing time (s)': 1.1920928955078125e-06, 'chunk number': 1650, 'reduction time (s)': 1.4159457683563232, 'chunks processed': 15, 'storage read (B)': 29686785, 'selection 2 time (s)': 1.4167845249176025}
Thread times [0.06266951560974121, 0.04773116111755371, 0.11563539505004883, 0.09069371223449707, 0.07258772850036621, 0.07937860488891602, 0.13465213775634766, 0.11069774627685547, 0.09605884552001953, 0.09053993225097656, 0.12096643447875977, 0.09998440742492676, 0.2327566146850586, 0.22864437103271484, 0.06876802444458008]
{'args': ((23, 0, slice(0, 960, None), slice(None, None, None)),), 'dataset shape': (40, 11, 1921, 2560), 'dataset chunks': (7, 1, 385, 512), 'indexing time (s)': 9.5367431640625e-07, 'chunk number': 1650, 'reduction time (s)': 1.6526896953582764, 'chunks processed': 15, 'storage read (B)': 29686785, 'selection 2 time (s)': 1.6534979343414307}
Thread times [0.1000971794128418, 0.0502474308013916, 0.07195353507995605, 0.10504889488220215, 0.06183743476867676, 0.201124906539917, 0.07894325256347656, 0.0854027271270752, 0.10034894943237305, 0.08143162727355957, 0.3130943775177002, 0.07487082481384277, 0.3236098289489746, 0.182173490524292, 0.06416511535644531]
{'args': ((24, 0, slice(0, 960, None), slice(None, None, None)),), 'dataset shape': (40, 11, 1921, 2560), 'dataset chunks': (7, 1, 385, 512), 'indexing time (s)': 1.1920928955078125e-06, 'chunk number': 1650, 'reduction time (s)': 1.8953216075897217, 'chunks processed': 15, 'storage read (B)': 29686785, 'selection 2 time (s)': 1.8960862159729004}
Thread times [0.06106829643249512, 0.04944443702697754, 0.07882881164550781, 0.07468748092651367, 0.06011009216308594, 0.08393454551696777, 0.08055734634399414, 0.08241748809814453, 0.08530449867248535, 0.08073067665100098, 0.07648515701293945, 0.08348393440246582, 0.24179458618164062, 0.17489337921142578, 0.07211709022521973]
{'args': ((25, 0, slice(0, 960, None), slice(None, None, None)),), 'dataset shape': (40, 11, 1921, 2560), 'dataset chunks': (7, 1, 385, 512), 'indexing time (s)': 1.430511474609375e-06, 'chunk number': 1650, 'reduction time (s)': 1.3865966796875, 'chunks processed': 15, 'storage read (B)': 29686785, 'selection 2 time (s)': 1.3873698711395264}
Thread times [0.07196378707885742, 0.05786585807800293, 0.07136654853820801, 0.07372593879699707, 0.06379437446594238, 0.0901634693145752, 0.07848954200744629, 0.16327977180480957, 0.08916425704956055, 0.09426283836364746, 0.08370852470397949, 0.10532641410827637, 0.22262835502624512, 0.21983051300048828, 0.08779335021972656]
{'args': ((26, 0, slice(0, 960, None), slice(None, None, None)),), 'dataset shape': (40, 11, 1921, 2560), 'dataset chunks': (7, 1, 385, 512), 'indexing time (s)': 1.6689300537109375e-06, 'chunk number': 1650, 'reduction time (s)': 1.5741121768951416, 'chunks processed': 15, 'storage read (B)': 29686785, 'selection 2 time (s)': 1.5750758647918701}
Thread times [0.06730413436889648, 0.051291704177856445, 0.07183670997619629, 0.0830690860748291, 0.11254358291625977, 0.09911608695983887, 0.08842349052429199, 0.08740973472595215, 0.09591984748840332, 0.07731080055236816, 0.08948111534118652, 0.08985424041748047, 0.29575610160827637, 0.18295860290527344, 0.06849431991577148]
{'args': ((27, 0, slice(0, 960, None), slice(None, None, None)),), 'dataset shape': (40, 11, 1921, 2560), 'dataset chunks': (7, 1, 385, 512), 'indexing time (s)': 9.5367431640625e-07, 'chunk number': 1650, 'reduction time (s)': 1.5616202354431152, 'chunks processed': 15, 'storage read (B)': 29686785, 'selection 2 time (s)': 1.5624887943267822}
Thread times [0.07338404655456543, 0.04918408393859863, 0.07403564453125, 0.08513855934143066, 0.07954025268554688, 0.18092751502990723, 0.09621000289916992, 0.11818122863769531, 0.08803629875183105, 0.08316826820373535, 0.09512519836425781, 0.22692155838012695, 0.06941509246826172, 0.07776379585266113, 0.07738566398620605]
{'args': ((28, 0, slice(0, 960, None), slice(None, None, None)),), 'dataset shape': (40, 11, 1921, 2560), 'dataset chunks': (7, 1, 385, 512), 'indexing time (s)': 1.430511474609375e-06, 'chunk number': 1650, 'reduction time (s)': 1.4752304553985596, 'chunks processed': 15, 'storage read (B)': 29670387, 'selection 2 time (s)': 1.4760940074920654}
Thread times [0.06606483459472656, 0.04527544975280762, 0.09570717811584473, 0.07180547714233398, 0.09741401672363281, 0.10417413711547852, 0.10267949104309082, 0.09022998809814453, 0.12767386436462402, 0.08516931533813477, 0.09707403182983398, 0.2496483325958252, 0.06664085388183594, 0.10512304306030273, 0.10989785194396973]
{'args': ((29, 0, slice(0, 960, None), slice(None, None, None)),), 'dataset shape': (40, 11, 1921, 2560), 'dataset chunks': (7, 1, 385, 512), 'indexing time (s)': 1.6689300537109375e-06, 'chunk number': 1650, 'reduction time (s)': 1.5153584480285645, 'chunks processed': 15, 'storage read (B)': 29670387, 'selection 2 time (s)': 1.5161645412445068}
Thread times [0.06288480758666992, 0.054428815841674805, 0.08119726181030273, 0.08396267890930176, 0.1347520351409912, 0.18941378593444824, 0.27311277389526367, 0.08210182189941406, 0.14685726165771484, 0.08181023597717285, 0.18004798889160156, 0.23686528205871582, 0.08185791969299316, 0.0828866958618164, 0.08538603782653809]
{'args': ((30, 0, slice(0, 960, None), slice(None, None, None)),), 'dataset shape': (40, 11, 1921, 2560), 'dataset chunks': (7, 1, 385, 512), 'indexing time (s)': 9.5367431640625e-07, 'chunk number': 1650, 'reduction time (s)': 1.8583853244781494, 'chunks processed': 15, 'storage read (B)': 29670387, 'selection 2 time (s)': 1.8592102527618408}
Thread times [0.08659029006958008, 0.05256080627441406, 0.0736842155456543, 0.08699965476989746, 0.08266425132751465, 0.1272573471069336, 0.08845281600952148, 0.08423995971679688, 0.07550430297851562, 0.13297605514526367, 0.08480048179626465, 0.23503875732421875, 0.08772540092468262, 0.08130121231079102, 0.08117079734802246]
{'args': ((31, 0, slice(0, 960, None), slice(None, None, None)),), 'dataset shape': (40, 11, 1921, 2560), 'dataset chunks': (7, 1, 385, 512), 'indexing time (s)': 9.5367431640625e-07, 'chunk number': 1650, 'reduction time (s)': 1.4631729125976562, 'chunks processed': 15, 'storage read (B)': 29670387, 'selection 2 time (s)': 1.463975429534912}
Thread times [0.07752847671508789, 0.052346229553222656, 0.0773780345916748, 0.06848311424255371, 0.07822132110595703, 0.09092974662780762, 0.139756441116333, 0.08236074447631836, 0.09234476089477539, 0.07812309265136719, 0.09911227226257324, 0.21680045127868652, 0.07210874557495117, 0.14655733108520508, 0.0722966194152832]
{'args': ((32, 0, slice(0, 960, None), slice(None, None, None)),), 'dataset shape': (40, 11, 1921, 2560), 'dataset chunks': (7, 1, 385, 512), 'indexing time (s)': 1.430511474609375e-06, 'chunk number': 1650, 'reduction time (s)': 1.445188045501709, 'chunks processed': 15, 'storage read (B)': 29670387, 'selection 2 time (s)': 1.4460525512695312}
Thread times [0.06879162788391113, 0.05660200119018555, 0.07066822052001953, 0.08158421516418457, 0.07400965690612793, 0.21027636528015137, 0.0848538875579834, 0.11577892303466797, 0.09660840034484863, 0.09089446067810059, 0.10390734672546387, 0.23830842971801758, 0.06752300262451172, 0.14628291130065918, 0.09525370597839355]
{'args': ((33, 0, slice(0, 960, None), slice(None, None, None)),), 'dataset shape': (40, 11, 1921, 2560), 'dataset chunks': (7, 1, 385, 512), 'indexing time (s)': 1.430511474609375e-06, 'chunk number': 1650, 'reduction time (s)': 1.6021385192871094, 'chunks processed': 15, 'storage read (B)': 29670387, 'selection 2 time (s)': 1.6029746532440186}
Thread times [0.06651711463928223, 0.05698871612548828, 0.07491135597229004, 0.2835705280303955, 0.08086371421813965, 0.08281183242797852, 0.07750368118286133, 0.07634449005126953, 0.07712340354919434, 0.07444548606872559, 0.09576129913330078, 0.2140514850616455, 0.08012890815734863, 0.0949714183807373, 0.08127856254577637]
{'args': ((34, 0, slice(0, 960, None), slice(None, None, None)),), 'dataset shape': (40, 11, 1921, 2560), 'dataset chunks': (7, 1, 385, 512), 'indexing time (s)': 1.1920928955078125e-06, 'chunk number': 1650, 'reduction time (s)': 1.5180211067199707, 'chunks processed': 15, 'storage read (B)': 29670387, 'selection 2 time (s)': 1.5188369750976562}
Thread times [0.08153319358825684, 0.047209739685058594, 0.05999016761779785, 0.08063125610351562, 0.054473876953125, 0.07494711875915527, 0.08790254592895508, 0.062256574630737305, 0.07378864288330078, 0.08369612693786621, 0.07834815979003906, 0.07599782943725586, 0.06960344314575195, 0.07443404197692871, 0.07666182518005371]
{'args': ((35, 0, slice(0, 960, None), slice(None, None, None)),), 'dataset shape': (40, 11, 1921, 2560), 'dataset chunks': (7, 1, 385, 512), 'indexing time (s)': 2.1457672119140625e-06, 'chunk number': 1650, 'reduction time (s)': 1.082251787185669, 'chunks processed': 15, 'storage read (B)': 21287473, 'selection 2 time (s)': 1.083094835281372}
Thread times [0.08624529838562012, 0.04926443099975586, 0.06298542022705078, 0.08736228942871094, 0.06495189666748047, 0.07806706428527832, 0.11348724365234375, 0.05638623237609863, 0.06892061233520508, 0.06351804733276367, 0.07318902015686035, 0.16679716110229492, 0.06523799896240234, 0.08081650733947754, 0.08117461204528809]
{'args': ((36, 0, slice(0, 960, None), slice(None, None, None)),), 'dataset shape': (40, 11, 1921, 2560), 'dataset chunks': (7, 1, 385, 512), 'indexing time (s)': 1.1920928955078125e-06, 'chunk number': 1650, 'reduction time (s)': 1.1992907524108887, 'chunks processed': 15, 'storage read (B)': 21287473, 'selection 2 time (s)': 1.200073480606079}
Thread times [0.12603330612182617, 0.04898691177368164, 0.0504457950592041, 0.0911111831665039, 0.056650400161743164, 0.10551190376281738, 0.0899662971496582, 0.061974287033081055, 0.07634806632995605, 0.1438288688659668, 0.08608269691467285, 0.09526944160461426, 0.06345772743225098, 0.08954310417175293, 0.07989835739135742]
{'args': ((37, 0, slice(0, 960, None), slice(None, None, None)),), 'dataset shape': (40, 11, 1921, 2560), 'dataset chunks': (7, 1, 385, 512), 'indexing time (s)': 1.1920928955078125e-06, 'chunk number': 1650, 'reduction time (s)': 1.265937328338623, 'chunks processed': 15, 'storage read (B)': 21287473, 'selection 2 time (s)': 1.2667646408081055}
Thread times [0.10340261459350586, 0.05000185966491699, 0.05544400215148926, 0.10095500946044922, 0.0563046932220459, 0.0706026554107666, 0.07155060768127441, 0.07849788665771484, 0.07849264144897461, 0.07996940612792969, 0.07741951942443848, 0.07876014709472656, 0.06188845634460449, 0.07980513572692871, 0.07709431648254395]
{'args': ((38, 0, slice(0, 960, None), slice(None, None, None)),), 'dataset shape': (40, 11, 1921, 2560), 'dataset chunks': (7, 1, 385, 512), 'indexing time (s)': 9.5367431640625e-07, 'chunk number': 1650, 'reduction time (s)': 1.1210298538208008, 'chunks processed': 15, 'storage read (B)': 21287473, 'selection 2 time (s)': 1.1218526363372803}
Thread times [0.10414385795593262, 0.04195451736450195, 0.06500005722045898, 0.06725144386291504, 0.05674433708190918, 0.07641053199768066, 0.07120084762573242, 0.0660858154296875, 0.06915521621704102, 0.11423063278198242, 0.07099223136901855, 0.06942319869995117, 0.07108736038208008, 0.11736607551574707, 0.06827163696289062]
{'args': ((39, 0, slice(0, 960, None), slice(None, None, None)),), 'dataset shape': (40, 11, 1921, 2560), 'dataset chunks': (7, 1, 385, 512), 'indexing time (s)': 1.430511474609375e-06, 'chunk number': 1650, 'reduction time (s)': 1.1300342082977295, 'chunks processed': 15, 'storage read (B)': 21287473, 'selection 2 time (s)': 1.1308441162109375}
[[226.07820312]
 [226.0646875 ]
 [225.93776042]
 [225.90820312]
 [225.91739583]
 [225.88460937]
 [225.82080729]
 [225.85434896]
 [225.9834375 ]
 [226.03822917]
 [226.01317708]
 [226.02333333]
 [226.03765625]
 [226.00486979]
 [225.91778646]
 [225.9403125 ]
 [225.98729167]
 [225.91450521]
 [225.81239583]
 [225.81890625]
 [225.8453125 ]
 [225.785     ]
 [225.63648438]
 [225.5565625 ]
 [225.45744792]
 [225.32382813]
 [225.16335937]
 [225.07786458]
 [225.07846354]
 [225.10669271]
 [225.17606771]
 [225.36867187]
 [225.57927083]
 [225.69083333]
 [225.7221875 ]
 [225.82367188]
 [225.93640625]
 [225.96760417]
 [225.91875   ]
 [225.92236979]]
Summary:  sci4-op-r1:Active (T1,BS5): 3.14s,62.02s,68.94s
