Dataset loaded from S3 with s3fs and Pyfive: bnl/ch330a.pc19790301-def.nc (0.03,0.33)
Thread times [0.05651736259460449, 0.04798316955566406, 0.06212735176086426, 0.05793261528015137, 0.07183527946472168, 0.08414053916931152, 0.14249444007873535, 0.08511018753051758, 0.24678635597229004, 0.06562995910644531, 0.07302355766296387, 0.22568655014038086, 0.07239580154418945, 0.0916740894317627, 0.07972836494445801]
{'load nc time': 0.4325284957885742, 'args': ((0, 0, slice(0, 960, None), slice(None, None, None)),), 'dataset shape': (40, 11, 1921, 2560), 'dataset chunks': (7, 1, 385, 512), 'indexing time (s)': 2.338442325592041, 'chunk number': 1650, 'reduction time (s)': 1.4640040397644043, 'chunks processed': 15, 'storage read (B)': 29685482, 'selection 2 time (s)': 3.8034169673919678}
Thread times [0.06969285011291504, 0.0519709587097168, 0.061173200607299805, 0.07047820091247559, 0.07954168319702148, 0.08623790740966797, 0.07590651512145996, 0.0751945972442627, 0.2103273868560791, 0.13372492790222168, 0.1392216682434082, 0.22961163520812988, 0.06775617599487305, 0.07814908027648926, 0.12053847312927246]
{'args': ((1, 0, slice(0, 960, None), slice(None, None, None)),), 'dataset shape': (40, 11, 1921, 2560), 'dataset chunks': (7, 1, 385, 512), 'indexing time (s)': 1.6689300537109375e-06, 'chunk number': 1650, 'reduction time (s)': 1.5512819290161133, 'chunks processed': 15, 'storage read (B)': 29685482, 'selection 2 time (s)': 1.552295207977295}
Thread times [0.06766629219055176, 0.04565119743347168, 0.09471607208251953, 0.06610965728759766, 0.09217000007629395, 0.2924354076385498, 0.08192634582519531, 0.09111833572387695, 0.21861934661865234, 0.09641814231872559, 0.0754096508026123, 0.25322461128234863, 0.3294098377227783, 0.253598690032959, 0.26702189445495605]
{'args': ((2, 0, slice(0, 960, None), slice(None, None, None)),), 'dataset shape': (40, 11, 1921, 2560), 'dataset chunks': (7, 1, 385, 512), 'indexing time (s)': 1.1920928955078125e-06, 'chunk number': 1650, 'reduction time (s)': 2.326366424560547, 'chunks processed': 15, 'storage read (B)': 29685482, 'selection 2 time (s)': 2.327207565307617}
Thread times [0.07857131958007812, 0.04978656768798828, 0.062444448471069336, 0.05801844596862793, 0.07183051109313965, 0.08914065361022949, 0.07708120346069336, 0.08667802810668945, 0.2039318084716797, 0.1264026165008545, 0.07274985313415527, 0.24441027641296387, 0.17372608184814453, 0.09868288040161133, 0.07633018493652344]
{'args': ((3, 0, slice(0, 960, None), slice(None, None, None)),), 'dataset shape': (40, 11, 1921, 2560), 'dataset chunks': (7, 1, 385, 512), 'indexing time (s)': 1.430511474609375e-06, 'chunk number': 1650, 'reduction time (s)': 1.570793867111206, 'chunks processed': 15, 'storage read (B)': 29685482, 'selection 2 time (s)': 1.5717358589172363}
Thread times [0.06469321250915527, 0.05149960517883301, 0.0621943473815918, 0.09495878219604492, 0.0813908576965332, 0.08594250679016113, 0.07831454277038574, 0.08511567115783691, 0.21471643447875977, 0.07880687713623047, 0.07375144958496094, 0.23696088790893555, 0.14320135116577148, 0.07856035232543945, 0.08800649642944336]
{'args': ((4, 0, slice(0, 960, None), slice(None, None, None)),), 'dataset shape': (40, 11, 1921, 2560), 'dataset chunks': (7, 1, 385, 512), 'indexing time (s)': 1.430511474609375e-06, 'chunk number': 1650, 'reduction time (s)': 1.5193474292755127, 'chunks processed': 15, 'storage read (B)': 29685482, 'selection 2 time (s)': 1.520289659500122}
Thread times [0.10787057876586914, 0.050429582595825195, 0.1072378158569336, 0.06566691398620605, 0.07634091377258301, 0.07724976539611816, 0.09375715255737305, 0.07215189933776855, 0.21707844734191895, 0.07324695587158203, 0.09930872917175293, 0.21900677680969238, 0.06236720085144043, 0.07527017593383789, 0.08168196678161621]
{'args': ((5, 0, slice(0, 960, None), slice(None, None, None)),), 'dataset shape': (40, 11, 1921, 2560), 'dataset chunks': (7, 1, 385, 512), 'indexing time (s)': 1.6689300537109375e-06, 'chunk number': 1650, 'reduction time (s)': 1.4803223609924316, 'chunks processed': 15, 'storage read (B)': 29685482, 'selection 2 time (s)': 1.4824151992797852}
Thread times [0.06655693054199219, 0.05436348915100098, 0.06238126754760742, 0.06581377983093262, 0.0717315673828125, 0.08258771896362305, 0.08853483200073242, 0.09049177169799805, 0.2533855438232422, 0.07463932037353516, 0.08707737922668457, 0.31041669845581055, 0.08960676193237305, 0.12459111213684082, 0.09748578071594238]
{'args': ((6, 0, slice(0, 960, None), slice(None, None, None)),), 'dataset shape': (40, 11, 1921, 2560), 'dataset chunks': (7, 1, 385, 512), 'indexing time (s)': 1.1920928955078125e-06, 'chunk number': 1650, 'reduction time (s)': 1.6206514835357666, 'chunks processed': 15, 'storage read (B)': 29685482, 'selection 2 time (s)': 1.621565580368042}
Thread times [0.0876760482788086, 0.09772682189941406, 0.09290909767150879, 0.07485032081604004, 0.0718374252319336, 0.07433509826660156, 0.07871890068054199, 0.07939577102661133, 0.23564529418945312, 0.15247845649719238, 0.07881736755371094, 0.07094407081604004, 0.11065125465393066, 0.10687541961669922, 0.17998957633972168]
{'args': ((7, 0, slice(0, 960, None), slice(None, None, None)),), 'dataset shape': (40, 11, 1921, 2560), 'dataset chunks': (7, 1, 385, 512), 'indexing time (s)': 1.1920928955078125e-06, 'chunk number': 1650, 'reduction time (s)': 1.5937824249267578, 'chunks processed': 15, 'storage read (B)': 29701892, 'selection 2 time (s)': 1.5946197509765625}
Thread times [0.09655380249023438, 0.054651498794555664, 0.10345816612243652, 0.0658414363861084, 0.07721734046936035, 0.0946812629699707, 0.08167624473571777, 0.08135247230529785, 0.21440982818603516, 0.08330202102661133, 0.0744619369506836, 0.09584522247314453, 0.07991695404052734, 0.08681464195251465, 0.10405111312866211]
{'args': ((8, 0, slice(0, 960, None), slice(None, None, None)),), 'dataset shape': (40, 11, 1921, 2560), 'dataset chunks': (7, 1, 385, 512), 'indexing time (s)': 1.1920928955078125e-06, 'chunk number': 1650, 'reduction time (s)': 1.3954613208770752, 'chunks processed': 15, 'storage read (B)': 29701892, 'selection 2 time (s)': 1.3962466716766357}
Thread times [0.09216904640197754, 0.06967973709106445, 0.07527971267700195, 0.08726692199707031, 0.07219672203063965, 0.07138752937316895, 0.08376455307006836, 0.07680583000183105, 0.21468663215637207, 0.09583687782287598, 0.07465648651123047, 0.09502625465393066, 0.08066749572753906, 0.08436799049377441, 0.09533214569091797]
{'args': ((9, 0, slice(0, 960, None), slice(None, None, None)),), 'dataset shape': (40, 11, 1921, 2560), 'dataset chunks': (7, 1, 385, 512), 'indexing time (s)': 1.430511474609375e-06, 'chunk number': 1650, 'reduction time (s)': 1.3703932762145996, 'chunks processed': 15, 'storage read (B)': 29701892, 'selection 2 time (s)': 1.3713290691375732}
Thread times [0.11761593818664551, 0.05578279495239258, 0.07252693176269531, 0.1035773754119873, 0.07815313339233398, 0.08056306838989258, 0.09402084350585938, 0.08126425743103027, 0.22893166542053223, 0.0864107608795166, 0.07944178581237793, 0.08622336387634277, 0.09043407440185547, 0.08504033088684082, 0.0757131576538086]
{'args': ((10, 0, slice(0, 960, None), slice(None, None, None)),), 'dataset shape': (40, 11, 1921, 2560), 'dataset chunks': (7, 1, 385, 512), 'indexing time (s)': 1.1920928955078125e-06, 'chunk number': 1650, 'reduction time (s)': 1.4169390201568604, 'chunks processed': 15, 'storage read (B)': 29701892, 'selection 2 time (s)': 1.4179420471191406}
Thread times [0.09485816955566406, 0.05280447006225586, 0.13099002838134766, 0.0962226390838623, 0.12812542915344238, 0.07498502731323242, 0.07383275032043457, 0.08708977699279785, 0.25478267669677734, 0.09196925163269043, 0.14868474006652832, 0.0779571533203125, 0.08359551429748535, 0.10410499572753906, 0.11518192291259766]
{'args': ((11, 0, slice(0, 960, None), slice(None, None, None)),), 'dataset shape': (40, 11, 1921, 2560), 'dataset chunks': (7, 1, 385, 512), 'indexing time (s)': 1.430511474609375e-06, 'chunk number': 1650, 'reduction time (s)': 1.6161384582519531, 'chunks processed': 15, 'storage read (B)': 29701892, 'selection 2 time (s)': 1.6169586181640625}
Thread times [0.10232973098754883, 0.05031013488769531, 0.07716488838195801, 0.14827394485473633, 0.06731843948364258, 0.1153261661529541, 0.08920860290527344, 0.08542323112487793, 0.2441251277923584, 0.09969925880432129, 0.07565855979919434, 0.08003473281860352, 0.0801849365234375, 0.09711790084838867, 0.09517717361450195]
{'args': ((12, 0, slice(0, 960, None), slice(None, None, None)),), 'dataset shape': (40, 11, 1921, 2560), 'dataset chunks': (7, 1, 385, 512), 'indexing time (s)': 1.6689300537109375e-06, 'chunk number': 1650, 'reduction time (s)': 1.508263349533081, 'chunks processed': 15, 'storage read (B)': 29701892, 'selection 2 time (s)': 1.5092031955718994}
Thread times [0.09662723541259766, 0.06811952590942383, 0.07077550888061523, 0.0721883773803711, 0.07101106643676758, 0.08736371994018555, 0.13126611709594727, 0.07286262512207031, 0.27549290657043457, 0.09892511367797852, 0.07351088523864746, 0.07479119300842285, 0.09108662605285645, 0.07217288017272949, 0.09252524375915527]
{'args': ((13, 0, slice(0, 960, None), slice(None, None, None)),), 'dataset shape': (40, 11, 1921, 2560), 'dataset chunks': (7, 1, 385, 512), 'indexing time (s)': 9.5367431640625e-07, 'chunk number': 1650, 'reduction time (s)': 1.4497082233428955, 'chunks processed': 15, 'storage read (B)': 29701892, 'selection 2 time (s)': 1.450512409210205}
Thread times [0.07910776138305664, 0.06675291061401367, 0.10189509391784668, 0.07197070121765137, 0.11456036567687988, 0.08699440956115723, 0.08324384689331055, 0.08992743492126465, 0.23022842407226562, 0.07470059394836426, 0.06940484046936035, 0.13045167922973633, 0.10628056526184082, 0.08414173126220703, 0.08654427528381348]
{'args': ((14, 0, slice(0, 960, None), slice(None, None, None)),), 'dataset shape': (40, 11, 1921, 2560), 'dataset chunks': (7, 1, 385, 512), 'indexing time (s)': 1.6689300537109375e-06, 'chunk number': 1650, 'reduction time (s)': 1.4772393703460693, 'chunks processed': 15, 'storage read (B)': 29733505, 'selection 2 time (s)': 1.4782567024230957}
Thread times [0.08286786079406738, 0.06678009033203125, 0.07188534736633301, 0.07932615280151367, 0.09909558296203613, 0.07671618461608887, 0.10184955596923828, 0.08677554130554199, 0.20499181747436523, 0.0730295181274414, 0.07461690902709961, 0.08561086654663086, 0.0808708667755127, 0.07779431343078613, 0.15881800651550293]
{'args': ((15, 0, slice(0, 960, None), slice(None, None, None)),), 'dataset shape': (40, 11, 1921, 2560), 'dataset chunks': (7, 1, 385, 512), 'indexing time (s)': 1.6689300537109375e-06, 'chunk number': 1650, 'reduction time (s)': 1.4221117496490479, 'chunks processed': 15, 'storage read (B)': 29733505, 'selection 2 time (s)': 1.4230124950408936}
Thread times [0.09255266189575195, 0.08346414566040039, 0.07199978828430176, 0.07578587532043457, 0.0734250545501709, 0.08752012252807617, 0.12514162063598633, 0.0887916088104248, 0.2368791103363037, 0.08756208419799805, 1.0926008224487305, 0.08396077156066895, 0.07538676261901855, 0.0925290584564209, 0.0959019660949707]
{'args': ((16, 0, slice(0, 960, None), slice(None, None, None)),), 'dataset shape': (40, 11, 1921, 2560), 'dataset chunks': (7, 1, 385, 512), 'indexing time (s)': 1.1920928955078125e-06, 'chunk number': 1650, 'reduction time (s)': 2.464543342590332, 'chunks processed': 15, 'storage read (B)': 29733505, 'selection 2 time (s)': 2.465480327606201}
Thread times [0.12157154083251953, 0.05235886573791504, 0.0880587100982666, 0.06816315650939941, 0.10634779930114746, 0.07700824737548828, 0.11748313903808594, 0.16227340698242188, 0.2236628532409668, 0.08369684219360352, 0.10046601295471191, 0.0755002498626709, 0.07622599601745605, 0.07299494743347168, 0.07340145111083984]
{'args': ((17, 0, slice(0, 960, None), slice(None, None, None)),), 'dataset shape': (40, 11, 1921, 2560), 'dataset chunks': (7, 1, 385, 512), 'indexing time (s)': 9.5367431640625e-07, 'chunk number': 1650, 'reduction time (s)': 1.500175952911377, 'chunks processed': 15, 'storage read (B)': 29733505, 'selection 2 time (s)': 1.5010058879852295}
Thread times [0.0679924488067627, 0.06082582473754883, 0.06534004211425781, 0.06554436683654785, 0.06569957733154297, 0.08569169044494629, 0.07893109321594238, 0.08826041221618652, 0.1859133243560791, 0.11042499542236328, 0.1210014820098877, 0.07441067695617676, 0.17670321464538574, 0.08100008964538574, 0.08321070671081543]
{'args': ((18, 0, slice(0, 960, None), slice(None, None, None)),), 'dataset shape': (40, 11, 1921, 2560), 'dataset chunks': (7, 1, 385, 512), 'indexing time (s)': 9.5367431640625e-07, 'chunk number': 1650, 'reduction time (s)': 1.4121732711791992, 'chunks processed': 15, 'storage read (B)': 29733505, 'selection 2 time (s)': 1.4130666255950928}
Thread times [0.1623976230621338, 0.06900358200073242, 0.06685376167297363, 0.07109665870666504, 0.11411190032958984, 0.0775001049041748, 0.08143234252929688, 0.08696794509887695, 0.21596741676330566, 0.07628083229064941, 0.07914924621582031, 0.06738591194152832, 0.07001113891601562, 0.08127617835998535, 0.07732105255126953]
{'args': ((19, 0, slice(0, 960, None), slice(None, None, None)),), 'dataset shape': (40, 11, 1921, 2560), 'dataset chunks': (7, 1, 385, 512), 'indexing time (s)': 1.1920928955078125e-06, 'chunk number': 1650, 'reduction time (s)': 1.3976714611053467, 'chunks processed': 15, 'storage read (B)': 29733505, 'selection 2 time (s)': 1.398486614227295}
Thread times [0.10138368606567383, 0.14101457595825195, 0.06839537620544434, 0.07342004776000977, 0.09653043746948242, 0.07827162742614746, 0.09201359748840332, 0.0828697681427002, 0.19948077201843262, 0.11352348327636719, 0.12066245079040527, 0.08220863342285156, 0.0767357349395752, 0.07436060905456543, 0.09552264213562012]
{'args': ((20, 0, slice(0, 960, None), slice(None, None, None)),), 'dataset shape': (40, 11, 1921, 2560), 'dataset chunks': (7, 1, 385, 512), 'indexing time (s)': 1.430511474609375e-06, 'chunk number': 1650, 'reduction time (s)': 1.4975252151489258, 'chunks processed': 15, 'storage read (B)': 29733505, 'selection 2 time (s)': 1.4984171390533447}
Thread times [0.1304912567138672, 0.06147003173828125, 0.08490872383117676, 0.0915372371673584, 0.06114935874938965, 0.08001875877380371, 0.08379721641540527, 0.08696150779724121, 0.14177703857421875, 0.0768740177154541, 0.09032464027404785, 0.12415313720703125, 0.23175477981567383, 0.19765210151672363, 0.08018970489501953]
{'args': ((21, 0, slice(0, 960, None), slice(None, None, None)),), 'dataset shape': (40, 11, 1921, 2560), 'dataset chunks': (7, 1, 385, 512), 'indexing time (s)': 9.5367431640625e-07, 'chunk number': 1650, 'reduction time (s)': 1.6238842010498047, 'chunks processed': 15, 'storage read (B)': 29686785, 'selection 2 time (s)': 1.6246612071990967}
Thread times [0.07401156425476074, 0.05694723129272461, 0.0728006362915039, 0.10725593566894531, 0.07590556144714355, 0.09338617324829102, 0.1241295337677002, 0.07999038696289062, 0.08663344383239746, 0.08185553550720215, 0.08694195747375488, 0.0872349739074707, 0.2244095802307129, 0.21889686584472656, 0.07128262519836426]
{'args': ((22, 0, slice(0, 960, None), slice(None, None, None)),), 'dataset shape': (40, 11, 1921, 2560), 'dataset chunks': (7, 1, 385, 512), 'indexing time (s)': 9.5367431640625e-07, 'chunk number': 1650, 'reduction time (s)': 1.542452096939087, 'chunks processed': 15, 'storage read (B)': 29686785, 'selection 2 time (s)': 1.5432512760162354}
Thread times [0.0652155876159668, 0.05033230781555176, 0.06870293617248535, 0.08032703399658203, 0.06506919860839844, 0.0735480785369873, 0.0790870189666748, 0.09528541564941406, 0.08471322059631348, 0.10158038139343262, 0.07741045951843262, 0.11402130126953125, 0.2315824031829834, 0.18995308876037598, 0.0887155532836914]
{'args': ((23, 0, slice(0, 960, None), slice(None, None, None)),), 'dataset shape': (40, 11, 1921, 2560), 'dataset chunks': (7, 1, 385, 512), 'indexing time (s)': 1.430511474609375e-06, 'chunk number': 1650, 'reduction time (s)': 1.4663598537445068, 'chunks processed': 15, 'storage read (B)': 29686785, 'selection 2 time (s)': 1.467148780822754}
Thread times [0.06913375854492188, 0.05591177940368652, 0.07330083847045898, 0.08229517936706543, 0.05644631385803223, 0.08757662773132324, 0.08961749076843262, 0.07706546783447266, 0.09079432487487793, 0.09321022033691406, 0.08546638488769531, 0.11702489852905273, 0.21942138671875, 0.20412015914916992, 0.06772065162658691]
{'args': ((24, 0, slice(0, 960, None), slice(None, None, None)),), 'dataset shape': (40, 11, 1921, 2560), 'dataset chunks': (7, 1, 385, 512), 'indexing time (s)': 1.430511474609375e-06, 'chunk number': 1650, 'reduction time (s)': 1.4698233604431152, 'chunks processed': 15, 'storage read (B)': 29686785, 'selection 2 time (s)': 1.47060227394104}
Thread times [0.08880424499511719, 0.06003284454345703, 0.07599425315856934, 0.07901620864868164, 0.06001710891723633, 0.08118534088134766, 0.09820127487182617, 0.16778326034545898, 0.08109116554260254, 0.09860897064208984, 0.09829115867614746, 0.1234128475189209, 0.24834465980529785, 0.214066743850708, 0.07857203483581543]
{'args': ((25, 0, slice(0, 960, None), slice(None, None, None)),), 'dataset shape': (40, 11, 1921, 2560), 'dataset chunks': (7, 1, 385, 512), 'indexing time (s)': 9.5367431640625e-07, 'chunk number': 1650, 'reduction time (s)': 1.6541626453399658, 'chunks processed': 15, 'storage read (B)': 29686785, 'selection 2 time (s)': 1.654937505722046}
Thread times [0.07769060134887695, 0.10406208038330078, 0.07153987884521484, 0.08241605758666992, 0.06838822364807129, 0.1127462387084961, 0.09870004653930664, 0.12784719467163086, 0.09290790557861328, 0.09401226043701172, 0.09788799285888672, 0.08534431457519531, 0.22713327407836914, 0.21555376052856445, 0.06740474700927734]
{'args': ((26, 0, slice(0, 960, None), slice(None, None, None)),), 'dataset shape': (40, 11, 1921, 2560), 'dataset chunks': (7, 1, 385, 512), 'indexing time (s)': 1.430511474609375e-06, 'chunk number': 1650, 'reduction time (s)': 1.6244921684265137, 'chunks processed': 15, 'storage read (B)': 29686785, 'selection 2 time (s)': 1.6253788471221924}
Thread times [0.0663003921508789, 0.1038968563079834, 0.12297940254211426, 0.07728195190429688, 0.06520628929138184, 0.0844571590423584, 0.0760352611541748, 0.07922625541687012, 0.10771727561950684, 0.10419178009033203, 0.0923302173614502, 0.08195805549621582, 0.23021602630615234, 0.2661318778991699, 0.0843973159790039]
{'args': ((27, 0, slice(0, 960, None), slice(None, None, None)),), 'dataset shape': (40, 11, 1921, 2560), 'dataset chunks': (7, 1, 385, 512), 'indexing time (s)': 1.1920928955078125e-06, 'chunk number': 1650, 'reduction time (s)': 1.643127202987671, 'chunks processed': 15, 'storage read (B)': 29686785, 'selection 2 time (s)': 1.6439433097839355}
Thread times [0.07945585250854492, 0.058028459548950195, 0.07984709739685059, 0.07188796997070312, 0.07681560516357422, 0.08718180656433105, 0.07555437088012695, 0.07349443435668945, 0.0879056453704834, 0.07167339324951172, 0.07280421257019043, 0.1994311809539795, 0.07435417175292969, 0.0789787769317627, 0.09790563583374023]
{'args': ((28, 0, slice(0, 960, None), slice(None, None, None)),), 'dataset shape': (40, 11, 1921, 2560), 'dataset chunks': (7, 1, 385, 512), 'indexing time (s)': 9.5367431640625e-07, 'chunk number': 1650, 'reduction time (s)': 1.286163330078125, 'chunks processed': 15, 'storage read (B)': 29670387, 'selection 2 time (s)': 1.2869341373443604}
Thread times [0.07646536827087402, 0.05445981025695801, 0.07180070877075195, 0.07642102241516113, 0.11288857460021973, 0.09497284889221191, 0.07921719551086426, 0.08376383781433105, 0.08793067932128906, 0.0784604549407959, 0.0798330307006836, 0.22009062767028809, 0.07309365272521973, 0.07764720916748047, 0.08904480934143066]
{'args': ((29, 0, slice(0, 960, None), slice(None, None, None)),), 'dataset shape': (40, 11, 1921, 2560), 'dataset chunks': (7, 1, 385, 512), 'indexing time (s)': 1.9073486328125e-06, 'chunk number': 1650, 'reduction time (s)': 1.3569607734680176, 'chunks processed': 15, 'storage read (B)': 29670387, 'selection 2 time (s)': 1.3578715324401855}
Thread times [0.06628680229187012, 0.05315279960632324, 0.07855510711669922, 0.07465291023254395, 0.08134055137634277, 0.09583830833435059, 0.08952689170837402, 0.10607576370239258, 0.09747552871704102, 0.07732653617858887, 0.2916879653930664, 0.22298979759216309, 0.10036730766296387, 0.07836651802062988, 0.07811641693115234]
{'args': ((30, 0, slice(0, 960, None), slice(None, None, None)),), 'dataset shape': (40, 11, 1921, 2560), 'dataset chunks': (7, 1, 385, 512), 'indexing time (s)': 9.5367431640625e-07, 'chunk number': 1650, 'reduction time (s)': 1.5926463603973389, 'chunks processed': 15, 'storage read (B)': 29670387, 'selection 2 time (s)': 1.5935771465301514}
Thread times [0.07207679748535156, 0.061777591705322266, 0.0732414722442627, 0.1076211929321289, 0.08341550827026367, 0.08577585220336914, 0.07668662071228027, 0.11490654945373535, 0.10687017440795898, 0.09160470962524414, 0.0765526294708252, 0.24305057525634766, 0.0676262378692627, 0.06567621231079102, 0.08804130554199219]
{'args': ((31, 0, slice(0, 960, None), slice(None, None, None)),), 'dataset shape': (40, 11, 1921, 2560), 'dataset chunks': (7, 1, 385, 512), 'indexing time (s)': 1.1920928955078125e-06, 'chunk number': 1650, 'reduction time (s)': 1.4156842231750488, 'chunks processed': 15, 'storage read (B)': 29670387, 'selection 2 time (s)': 1.4164972305297852}
Thread times [0.11663460731506348, 0.05087637901306152, 0.07180070877075195, 0.09020233154296875, 0.06585311889648438, 0.07991290092468262, 0.09381771087646484, 0.08931088447570801, 0.07300686836242676, 0.07587337493896484, 0.10841655731201172, 0.2283461093902588, 0.06798243522644043, 0.06880307197570801, 0.06977105140686035]
{'args': ((32, 0, slice(0, 960, None), slice(None, None, None)),), 'dataset shape': (40, 11, 1921, 2560), 'dataset chunks': (7, 1, 385, 512), 'indexing time (s)': 1.430511474609375e-06, 'chunk number': 1650, 'reduction time (s)': 1.3594715595245361, 'chunks processed': 15, 'storage read (B)': 29670387, 'selection 2 time (s)': 1.3603382110595703}
Thread times [0.07738232612609863, 0.06409025192260742, 0.13478302955627441, 0.0779867172241211, 0.08127832412719727, 0.07593536376953125, 0.09317231178283691, 0.08042693138122559, 0.13509869575500488, 0.08543944358825684, 0.07908225059509277, 0.23022675514221191, 0.07917666435241699, 0.10288286209106445, 0.08646106719970703]
{'args': ((33, 0, slice(0, 960, None), slice(None, None, None)),), 'dataset shape': (40, 11, 1921, 2560), 'dataset chunks': (7, 1, 385, 512), 'indexing time (s)': 1.1920928955078125e-06, 'chunk number': 1650, 'reduction time (s)': 1.5289628505706787, 'chunks processed': 15, 'storage read (B)': 29670387, 'selection 2 time (s)': 1.529836654663086}
Thread times [0.07309460639953613, 0.06229233741760254, 0.08076596260070801, 0.07593035697937012, 0.07558846473693848, 0.17885684967041016, 0.07149744033813477, 0.11671161651611328, 0.08112978935241699, 0.08111095428466797, 0.08481287956237793, 0.2216169834136963, 0.0716257095336914, 0.08481359481811523, 0.07896876335144043]
{'args': ((34, 0, slice(0, 960, None), slice(None, None, None)),), 'dataset shape': (40, 11, 1921, 2560), 'dataset chunks': (7, 1, 385, 512), 'indexing time (s)': 9.5367431640625e-07, 'chunk number': 1650, 'reduction time (s)': 1.4396471977233887, 'chunks processed': 15, 'storage read (B)': 29670387, 'selection 2 time (s)': 1.440446138381958}
Thread times [0.08520841598510742, 0.05308032035827637, 0.07943010330200195, 0.058305978775024414, 0.060384511947631836, 0.10850405693054199, 0.07531523704528809, 0.06141853332519531, 0.07323837280273438, 0.07940292358398438, 0.09685063362121582, 0.12603259086608887, 0.10757088661193848, 0.0999917984008789, 0.07144713401794434]
{'args': ((35, 0, slice(0, 960, None), slice(None, None, None)),), 'dataset shape': (40, 11, 1921, 2560), 'dataset chunks': (7, 1, 385, 512), 'indexing time (s)': 1.430511474609375e-06, 'chunk number': 1650, 'reduction time (s)': 1.237034559249878, 'chunks processed': 15, 'storage read (B)': 21287473, 'selection 2 time (s)': 1.2379934787750244}
Thread times [0.09079694747924805, 0.04801368713378906, 0.2678413391113281, 0.09821724891662598, 0.05832529067993164, 0.06909322738647461, 0.08508181571960449, 0.06196022033691406, 0.10003542900085449, 0.07627725601196289, 0.07071733474731445, 0.11254549026489258, 0.07567882537841797, 0.1011509895324707, 0.0885775089263916]
{'args': ((36, 0, slice(0, 960, None), slice(None, None, None)),), 'dataset shape': (40, 11, 1921, 2560), 'dataset chunks': (7, 1, 385, 512), 'indexing time (s)': 1.1920928955078125e-06, 'chunk number': 1650, 'reduction time (s)': 1.4051105976104736, 'chunks processed': 15, 'storage read (B)': 21287473, 'selection 2 time (s)': 1.4059748649597168}
Thread times [0.08308792114257812, 0.04755091667175293, 0.05134892463684082, 0.08118081092834473, 0.05900454521179199, 0.0779564380645752, 0.09318137168884277, 0.06611061096191406, 0.07043671607971191, 0.1231689453125, 0.10881805419921875, 0.0819540023803711, 0.08984827995300293, 0.12405943870544434, 0.08962178230285645]
{'args': ((37, 0, slice(0, 960, None), slice(None, None, None)),), 'dataset shape': (40, 11, 1921, 2560), 'dataset chunks': (7, 1, 385, 512), 'indexing time (s)': 1.430511474609375e-06, 'chunk number': 1650, 'reduction time (s)': 1.248070240020752, 'chunks processed': 15, 'storage read (B)': 21287473, 'selection 2 time (s)': 1.2489657402038574}
Thread times [0.13003969192504883, 0.07395482063293457, 0.05766797065734863, 0.07724428176879883, 0.07291507720947266, 0.10984134674072266, 0.10120701789855957, 0.0655524730682373, 0.0959177017211914, 0.07686400413513184, 0.0794517993927002, 0.08666872978210449, 0.1601109504699707, 0.07280945777893066, 0.08441019058227539]
{'args': ((38, 0, slice(0, 960, None), slice(None, None, None)),), 'dataset shape': (40, 11, 1921, 2560), 'dataset chunks': (7, 1, 385, 512), 'indexing time (s)': 1.6689300537109375e-06, 'chunk number': 1650, 'reduction time (s)': 1.3595597743988037, 'chunks processed': 15, 'storage read (B)': 21287473, 'selection 2 time (s)': 1.3604297637939453}
Thread times [0.09242558479309082, 0.05396771430969238, 0.05552387237548828, 0.06708884239196777, 0.05916142463684082, 0.07972931861877441, 0.08317852020263672, 0.0606379508972168, 0.0762777328491211, 0.09152889251708984, 0.07865357398986816, 0.07494640350341797, 0.08292436599731445, 0.11483335494995117, 0.07308292388916016]
{'args': ((39, 0, slice(0, 960, None), slice(None, None, None)),), 'dataset shape': (40, 11, 1921, 2560), 'dataset chunks': (7, 1, 385, 512), 'indexing time (s)': 1.6689300537109375e-06, 'chunk number': 1650, 'reduction time (s)': 1.1448659896850586, 'chunks processed': 15, 'storage read (B)': 21287473, 'selection 2 time (s)': 1.1456797122955322}
[[226.07820312]
 [226.0646875 ]
 [225.93776042]
 [225.90820312]
 [225.91739583]
 [225.88460937]
 [225.82080729]
 [225.85434896]
 [225.9834375 ]
 [226.03822917]
 [226.01317708]
 [226.02333333]
 [226.03765625]
 [226.00486979]
 [225.91778646]
 [225.9403125 ]
 [225.98729167]
 [225.91450521]
 [225.81239583]
 [225.81890625]
 [225.8453125 ]
 [225.785     ]
 [225.63648438]
 [225.5565625 ]
 [225.45744792]
 [225.32382813]
 [225.16335937]
 [225.07786458]
 [225.07846354]
 [225.10669271]
 [225.17606771]
 [225.36867187]
 [225.57927083]
 [225.69083333]
 [225.7221875 ]
 [225.82367188]
 [225.93640625]
 [225.96760417]
 [225.91875   ]
 [225.92236979]]
Summary:  sci4-op-r1:Active (T1,BS1): 0.433s,60.45s,63.26s
