Dataset loaded from S3 with s3fs and Pyfive: bnl/ch330a.pc19790301-def.nc (0.032,0.39)
Thread times [0.11440300941467285, 0.05136251449584961, 0.06433463096618652, 0.08682632446289062, 0.0773165225982666, 0.12316083908081055, 0.08860564231872559, 0.14314866065979004, 0.24650812149047852, 0.08563756942749023, 0.0786290168762207, 0.2224106788635254, 0.205366849899292, 0.08275485038757324, 0.08066320419311523]
{'load nc time': 0.4658803939819336, 'args': ((0, 0, slice(0, 960, None), slice(None, None, None)),), 'dataset shape': (40, 11, 1921, 2560), 'dataset chunks': (7, 1, 385, 512), 'indexing time (s)': 2.254589557647705, 'chunk number': 1650, 'reduction time (s)': 1.752427101135254, 'chunks processed': 15, 'storage read (B)': 29685482, 'selection 2 time (s)': 4.007943868637085}
Thread times [0.10628652572631836, 0.054050445556640625, 0.06412959098815918, 1.0654242038726807, 0.12797236442565918, 0.07494187355041504, 0.143035888671875, 0.09491825103759766, 0.2370913028717041, 0.11686134338378906, 0.07797861099243164, 0.23201227188110352, 0.07399678230285645, 0.08096122741699219, 0.07899117469787598]
{'args': ((1, 0, slice(0, 960, None), slice(None, None, None)),), 'dataset shape': (40, 11, 1921, 2560), 'dataset chunks': (7, 1, 385, 512), 'indexing time (s)': 1.430511474609375e-06, 'chunk number': 1650, 'reduction time (s)': 2.629521369934082, 'chunks processed': 15, 'storage read (B)': 29685482, 'selection 2 time (s)': 2.6304519176483154}
Thread times [0.12510919570922852, 0.052993059158325195, 0.06279230117797852, 0.0842893123626709, 0.08117175102233887, 0.10157203674316406, 0.07549118995666504, 0.12756037712097168, 0.21521711349487305, 0.08287644386291504, 0.07864642143249512, 0.2407526969909668, 0.08936333656311035, 0.11775779724121094, 0.10312843322753906]
{'args': ((2, 0, slice(0, 960, None), slice(None, None, None)),), 'dataset shape': (40, 11, 1921, 2560), 'dataset chunks': (7, 1, 385, 512), 'indexing time (s)': 1.1920928955078125e-06, 'chunk number': 1650, 'reduction time (s)': 1.6395955085754395, 'chunks processed': 15, 'storage read (B)': 29685482, 'selection 2 time (s)': 1.640465497970581}
Thread times [0.0636758804321289, 0.05903053283691406, 0.05980968475341797, 0.05565500259399414, 0.14898324012756348, 0.07243180274963379, 0.08262991905212402, 0.13181042671203613, 0.2172696590423584, 0.09378981590270996, 0.07387208938598633, 0.22413229942321777, 0.07601571083068848, 0.1181938648223877, 0.0897068977355957]
{'args': ((3, 0, slice(0, 960, None), slice(None, None, None)),), 'dataset shape': (40, 11, 1921, 2560), 'dataset chunks': (7, 1, 385, 512), 'indexing time (s)': 1.6689300537109375e-06, 'chunk number': 1650, 'reduction time (s)': 1.567854881286621, 'chunks processed': 15, 'storage read (B)': 29685482, 'selection 2 time (s)': 1.5686724185943604}
Thread times [0.06868100166320801, 0.05630636215209961, 0.06464219093322754, 0.05822396278381348, 0.1428060531616211, 0.11362814903259277, 0.0898282527923584, 0.08124136924743652, 0.22150802612304688, 0.06527090072631836, 0.06643462181091309, 0.20879864692687988, 0.07515716552734375, 0.07347559928894043, 0.08118128776550293]
{'args': ((4, 0, slice(0, 960, None), slice(None, None, None)),), 'dataset shape': (40, 11, 1921, 2560), 'dataset chunks': (7, 1, 385, 512), 'indexing time (s)': 1.6689300537109375e-06, 'chunk number': 1650, 'reduction time (s)': 1.4679937362670898, 'chunks processed': 15, 'storage read (B)': 29685482, 'selection 2 time (s)': 1.4688239097595215}
Thread times [0.2821474075317383, 0.07596945762634277, 0.08739924430847168, 0.06865715980529785, 0.07218265533447266, 0.08655047416687012, 0.10815858840942383, 0.09212493896484375, 0.21924543380737305, 0.07074904441833496, 0.09856748580932617, 0.25028038024902344, 0.06754398345947266, 0.08909225463867188, 0.0799252986907959]
{'args': ((5, 0, slice(0, 960, None), slice(None, None, None)),), 'dataset shape': (40, 11, 1921, 2560), 'dataset chunks': (7, 1, 385, 512), 'indexing time (s)': 1.430511474609375e-06, 'chunk number': 1650, 'reduction time (s)': 1.749509572982788, 'chunks processed': 15, 'storage read (B)': 29685482, 'selection 2 time (s)': 1.7503886222839355}
Thread times [0.07061386108398438, 0.05409598350524902, 0.29805850982666016, 0.060953617095947266, 0.06795835494995117, 0.09694957733154297, 0.09308218955993652, 0.28588366508483887, 0.21004867553710938, 0.1472320556640625, 0.12540555000305176, 0.23084187507629395, 0.09361481666564941, 0.10262274742126465, 0.08549284934997559]
{'args': ((6, 0, slice(0, 960, None), slice(None, None, None)),), 'dataset shape': (40, 11, 1921, 2560), 'dataset chunks': (7, 1, 385, 512), 'indexing time (s)': 1.1920928955078125e-06, 'chunk number': 1650, 'reduction time (s)': 2.0238535404205322, 'chunks processed': 15, 'storage read (B)': 29685482, 'selection 2 time (s)': 2.024728775024414}
Thread times [0.07226753234863281, 0.049340248107910156, 0.07978439331054688, 0.07090902328491211, 0.07855582237243652, 0.07345461845397949, 0.07713603973388672, 0.07820987701416016, 0.22536969184875488, 0.0766899585723877, 0.05890679359436035, 0.06665301322937012, 0.08365821838378906, 0.08803462982177734, 0.08663249015808105]
{'args': ((7, 0, slice(0, 960, None), slice(None, None, None)),), 'dataset shape': (40, 11, 1921, 2560), 'dataset chunks': (7, 1, 385, 512), 'indexing time (s)': 1.430511474609375e-06, 'chunk number': 1650, 'reduction time (s)': 1.2663774490356445, 'chunks processed': 15, 'storage read (B)': 29701892, 'selection 2 time (s)': 1.2672069072723389}
Thread times [0.11084198951721191, 0.05253934860229492, 0.10648059844970703, 0.1306161880493164, 0.1299903392791748, 0.07464194297790527, 0.07783794403076172, 0.1018517017364502, 0.23172855377197266, 0.07055044174194336, 0.08055591583251953, 0.07424640655517578, 0.07303881645202637, 0.08845877647399902, 0.1174001693725586]
{'args': ((8, 0, slice(0, 960, None), slice(None, None, None)),), 'dataset shape': (40, 11, 1921, 2560), 'dataset chunks': (7, 1, 385, 512), 'indexing time (s)': 1.1920928955078125e-06, 'chunk number': 1650, 'reduction time (s)': 1.521580696105957, 'chunks processed': 15, 'storage read (B)': 29701892, 'selection 2 time (s)': 1.5224134922027588}
Thread times [0.0699167251586914, 0.10076904296875, 0.07238411903381348, 0.08577823638916016, 0.07592272758483887, 0.07588911056518555, 0.12683367729187012, 0.08093094825744629, 0.23234081268310547, 0.06830954551696777, 0.07117772102355957, 0.10799622535705566, 0.09802460670471191, 0.08043479919433594, 1.0809581279754639]
{'args': ((9, 0, slice(0, 960, None), slice(None, None, None)),), 'dataset shape': (40, 11, 1921, 2560), 'dataset chunks': (7, 1, 385, 512), 'indexing time (s)': 1.430511474609375e-06, 'chunk number': 1650, 'reduction time (s)': 2.4284825325012207, 'chunks processed': 15, 'storage read (B)': 29701892, 'selection 2 time (s)': 2.42930006980896}
Thread times [0.10113930702209473, 0.053493499755859375, 0.13994431495666504, 0.10975360870361328, 0.07474279403686523, 0.0763692855834961, 0.07741570472717285, 0.07797479629516602, 0.24033880233764648, 0.06782078742980957, 0.07415056228637695, 0.07259726524353027, 0.07316780090332031, 0.0748598575592041, 0.07881331443786621]
{'args': ((10, 0, slice(0, 960, None), slice(None, None, None)),), 'dataset shape': (40, 11, 1921, 2560), 'dataset chunks': (7, 1, 385, 512), 'indexing time (s)': 1.6689300537109375e-06, 'chunk number': 1650, 'reduction time (s)': 1.393326759338379, 'chunks processed': 15, 'storage read (B)': 29701892, 'selection 2 time (s)': 1.3942146301269531}
Thread times [0.07330131530761719, 0.08892059326171875, 0.06903696060180664, 0.08566856384277344, 0.08248782157897949, 0.08720541000366211, 0.07916855812072754, 0.09275484085083008, 0.24190855026245117, 0.13107633590698242, 0.11599302291870117, 0.09800457954406738, 0.08408474922180176, 0.09506964683532715, 0.08379817008972168]
{'args': ((11, 0, slice(0, 960, None), slice(None, None, None)),), 'dataset shape': (40, 11, 1921, 2560), 'dataset chunks': (7, 1, 385, 512), 'indexing time (s)': 1.430511474609375e-06, 'chunk number': 1650, 'reduction time (s)': 1.5093121528625488, 'chunks processed': 15, 'storage read (B)': 29701892, 'selection 2 time (s)': 1.5101656913757324}
Thread times [0.06503677368164062, 0.052283287048339844, 0.07102441787719727, 0.13262534141540527, 0.07413649559020996, 0.1978442668914795, 0.09410762786865234, 0.07571125030517578, 0.24137282371520996, 0.09138298034667969, 0.07031011581420898, 0.09163951873779297, 0.07597541809082031, 0.07626056671142578, 0.08162546157836914]
{'args': ((12, 0, slice(0, 960, None), slice(None, None, None)),), 'dataset shape': (40, 11, 1921, 2560), 'dataset chunks': (7, 1, 385, 512), 'indexing time (s)': 1.6689300537109375e-06, 'chunk number': 1650, 'reduction time (s)': 1.5007777214050293, 'chunks processed': 15, 'storage read (B)': 29701892, 'selection 2 time (s)': 1.5016589164733887}
Thread times [0.06947970390319824, 0.05477118492126465, 0.07918596267700195, 0.06726861000061035, 0.07425904273986816, 0.1575920581817627, 0.13662123680114746, 0.14559435844421387, 0.2256946563720703, 0.06780505180358887, 0.06554388999938965, 0.07608652114868164, 0.08572006225585938, 0.07872939109802246, 0.0890798568725586]
{'args': ((13, 0, slice(0, 960, None), slice(None, None, None)),), 'dataset shape': (40, 11, 1921, 2560), 'dataset chunks': (7, 1, 385, 512), 'indexing time (s)': 1.430511474609375e-06, 'chunk number': 1650, 'reduction time (s)': 1.4745116233825684, 'chunks processed': 15, 'storage read (B)': 29701892, 'selection 2 time (s)': 1.4753952026367188}
Thread times [0.06888198852539062, 0.07132983207702637, 0.2784993648529053, 0.07269620895385742, 0.07228755950927734, 0.07259058952331543, 0.10192728042602539, 0.08687877655029297, 0.22230052947998047, 0.07472920417785645, 0.07622408866882324, 0.0911097526550293, 0.10774636268615723, 0.08408260345458984, 0.08427119255065918]
{'args': ((14, 0, slice(0, 960, None), slice(None, None, None)),), 'dataset shape': (40, 11, 1921, 2560), 'dataset chunks': (7, 1, 385, 512), 'indexing time (s)': 1.1920928955078125e-06, 'chunk number': 1650, 'reduction time (s)': 1.5664725303649902, 'chunks processed': 15, 'storage read (B)': 29733505, 'selection 2 time (s)': 1.5676610469818115}
Thread times [0.11682820320129395, 0.0719451904296875, 0.0840003490447998, 0.17964410781860352, 0.07037138938903809, 0.08718347549438477, 0.09761524200439453, 0.12091755867004395, 0.23417115211486816, 0.09125781059265137, 0.1285533905029297, 0.10442042350769043, 0.08136153221130371, 0.08353209495544434, 0.07830643653869629]
{'args': ((15, 0, slice(0, 960, None), slice(None, None, None)),), 'dataset shape': (40, 11, 1921, 2560), 'dataset chunks': (7, 1, 385, 512), 'indexing time (s)': 1.430511474609375e-06, 'chunk number': 1650, 'reduction time (s)': 1.6309831142425537, 'chunks processed': 15, 'storage read (B)': 29733505, 'selection 2 time (s)': 1.6319794654846191}
Thread times [0.07019448280334473, 0.09168624877929688, 0.061838388442993164, 0.08301162719726562, 0.08211255073547363, 0.12766051292419434, 0.08507394790649414, 0.08929610252380371, 0.21496915817260742, 0.07577872276306152, 0.06899094581604004, 0.08863520622253418, 0.08072757720947266, 0.09840059280395508, 0.08437561988830566]
{'args': ((16, 0, slice(0, 960, None), slice(None, None, None)),), 'dataset shape': (40, 11, 1921, 2560), 'dataset chunks': (7, 1, 385, 512), 'indexing time (s)': 1.1920928955078125e-06, 'chunk number': 1650, 'reduction time (s)': 1.4034926891326904, 'chunks processed': 15, 'storage read (B)': 29733505, 'selection 2 time (s)': 1.4043450355529785}
Thread times [0.0795283317565918, 0.06452560424804688, 0.06624579429626465, 0.1093435287475586, 0.07668066024780273, 0.14704322814941406, 0.10144758224487305, 0.08430314064025879, 0.23106050491333008, 0.08380007743835449, 0.08401274681091309, 0.09481287002563477, 0.12030029296875, 0.1167154312133789, 0.07971310615539551]
{'args': ((17, 0, slice(0, 960, None), slice(None, None, None)),), 'dataset shape': (40, 11, 1921, 2560), 'dataset chunks': (7, 1, 385, 512), 'indexing time (s)': 1.430511474609375e-06, 'chunk number': 1650, 'reduction time (s)': 1.540388584136963, 'chunks processed': 15, 'storage read (B)': 29733505, 'selection 2 time (s)': 1.5412201881408691}
Thread times [0.09315633773803711, 0.0797119140625, 0.0734109878540039, 0.07143855094909668, 0.12443375587463379, 0.1109926700592041, 0.15463519096374512, 0.09402298927307129, 0.22422456741333008, 0.12784457206726074, 0.09471654891967773, 0.06874752044677734, 0.06320643424987793, 0.09541583061218262, 0.11834573745727539]
{'args': ((18, 0, slice(0, 960, None), slice(None, None, None)),), 'dataset shape': (40, 11, 1921, 2560), 'dataset chunks': (7, 1, 385, 512), 'indexing time (s)': 9.5367431640625e-07, 'chunk number': 1650, 'reduction time (s)': 1.5950610637664795, 'chunks processed': 15, 'storage read (B)': 29733505, 'selection 2 time (s)': 1.5959043502807617}
Thread times [0.07370901107788086, 0.07616996765136719, 0.0590670108795166, 0.07297968864440918, 0.07231998443603516, 1.0986764430999756, 0.09591937065124512, 0.09221744537353516, 0.23384928703308105, 0.11366438865661621, 0.12775087356567383, 0.09996294975280762, 0.09729242324829102, 0.14128899574279785, 0.07618045806884766]
{'args': ((19, 0, slice(0, 960, None), slice(None, None, None)),), 'dataset shape': (40, 11, 1921, 2560), 'dataset chunks': (7, 1, 385, 512), 'indexing time (s)': 1.1920928955078125e-06, 'chunk number': 1650, 'reduction time (s)': 2.5318825244903564, 'chunks processed': 15, 'storage read (B)': 29733505, 'selection 2 time (s)': 2.5328431129455566}
Thread times [0.1346149444580078, 0.06885433197021484, 0.07301998138427734, 0.07290911674499512, 0.0808563232421875, 0.126603364944458, 0.12444877624511719, 0.09438014030456543, 0.27744436264038086, 0.09436202049255371, 0.07291769981384277, 0.09163451194763184, 0.07882285118103027, 0.09289741516113281, 0.10324454307556152]
{'args': ((20, 0, slice(0, 960, None), slice(None, None, None)),), 'dataset shape': (40, 11, 1921, 2560), 'dataset chunks': (7, 1, 385, 512), 'indexing time (s)': 1.6689300537109375e-06, 'chunk number': 1650, 'reduction time (s)': 1.5878372192382812, 'chunks processed': 15, 'storage read (B)': 29733505, 'selection 2 time (s)': 1.5886712074279785}
Thread times [0.09049272537231445, 0.05610966682434082, 0.07810831069946289, 0.08475041389465332, 0.07617592811584473, 0.08392858505249023, 0.1014852523803711, 0.07943964004516602, 0.09693694114685059, 0.08720564842224121, 0.09137248992919922, 0.12191534042358398, 0.21143484115600586, 0.20012879371643066, 0.09876680374145508]
{'args': ((21, 0, slice(0, 960, None), slice(None, None, None)),), 'dataset shape': (40, 11, 1921, 2560), 'dataset chunks': (7, 1, 385, 512), 'indexing time (s)': 1.1920928955078125e-06, 'chunk number': 1650, 'reduction time (s)': 1.5590863227844238, 'chunks processed': 15, 'storage read (B)': 29686785, 'selection 2 time (s)': 1.5599138736724854}
Thread times [0.07392239570617676, 0.05610060691833496, 0.07561445236206055, 0.07144832611083984, 0.0706326961517334, 0.08783936500549316, 0.0894629955291748, 0.07550644874572754, 0.08609962463378906, 0.1009056568145752, 0.08478641510009766, 0.0782918930053711, 0.22983503341674805, 0.17586469650268555, 0.08886194229125977]
{'args': ((22, 0, slice(0, 960, None), slice(None, None, None)),), 'dataset shape': (40, 11, 1921, 2560), 'dataset chunks': (7, 1, 385, 512), 'indexing time (s)': 1.1920928955078125e-06, 'chunk number': 1650, 'reduction time (s)': 1.4460268020629883, 'chunks processed': 15, 'storage read (B)': 29686785, 'selection 2 time (s)': 1.446908950805664}
Thread times [0.1132972240447998, 0.0733346939086914, 0.08611249923706055, 0.09865427017211914, 0.061774492263793945, 0.0879049301147461, 0.08367562294006348, 0.09710311889648438, 0.09640049934387207, 0.08568406105041504, 0.07734942436218262, 0.07677721977233887, 0.2787752151489258, 0.221205472946167, 0.14341115951538086]
{'args': ((23, 0, slice(0, 960, None), slice(None, None, None)),), 'dataset shape': (40, 11, 1921, 2560), 'dataset chunks': (7, 1, 385, 512), 'indexing time (s)': 1.430511474609375e-06, 'chunk number': 1650, 'reduction time (s)': 1.682267189025879, 'chunks processed': 15, 'storage read (B)': 29686785, 'selection 2 time (s)': 1.6830685138702393}
Thread times [0.1059257984161377, 0.05831289291381836, 0.06668329238891602, 0.07343029975891113, 0.07147216796875, 0.08126091957092285, 0.07764577865600586, 0.08514642715454102, 0.09066081047058105, 0.1355292797088623, 0.0791940689086914, 0.08720898628234863, 0.23499321937561035, 0.1857008934020996, 0.07313108444213867]
{'args': ((24, 0, slice(0, 960, None), slice(None, None, None)),), 'dataset shape': (40, 11, 1921, 2560), 'dataset chunks': (7, 1, 385, 512), 'indexing time (s)': 9.5367431640625e-07, 'chunk number': 1650, 'reduction time (s)': 1.507077932357788, 'chunks processed': 15, 'storage read (B)': 29686785, 'selection 2 time (s)': 1.5079240798950195}
Thread times [0.10124802589416504, 0.062468528747558594, 0.08015942573547363, 0.08014249801635742, 0.06465554237365723, 0.09001445770263672, 0.080810546875, 0.0859975814819336, 0.08826661109924316, 0.1242060661315918, 0.09394645690917969, 0.08354043960571289, 0.23166942596435547, 0.23199844360351562, 0.05661177635192871]
{'args': ((25, 0, slice(0, 960, None), slice(None, None, None)),), 'dataset shape': (40, 11, 1921, 2560), 'dataset chunks': (7, 1, 385, 512), 'indexing time (s)': 1.430511474609375e-06, 'chunk number': 1650, 'reduction time (s)': 1.5564970970153809, 'chunks processed': 15, 'storage read (B)': 29686785, 'selection 2 time (s)': 1.5573506355285645}
Thread times [0.09735584259033203, 0.05866408348083496, 0.12863564491271973, 0.08213210105895996, 0.0713815689086914, 0.11924481391906738, 0.10970520973205566, 0.07630372047424316, 0.12871026992797852, 0.08799242973327637, 0.08693861961364746, 0.09934830665588379, 0.2198038101196289, 0.18988251686096191, 0.07996940612792969]
{'args': ((26, 0, slice(0, 960, None), slice(None, None, None)),), 'dataset shape': (40, 11, 1921, 2560), 'dataset chunks': (7, 1, 385, 512), 'indexing time (s)': 9.5367431640625e-07, 'chunk number': 1650, 'reduction time (s)': 1.6369431018829346, 'chunks processed': 15, 'storage read (B)': 29686785, 'selection 2 time (s)': 1.6377646923065186}
Thread times [0.07543325424194336, 0.05512547492980957, 0.09761548042297363, 0.08159542083740234, 0.0718538761138916, 0.08593440055847168, 0.08965778350830078, 0.10435771942138672, 0.18210554122924805, 0.09602570533752441, 0.10282254219055176, 0.08440279960632324, 0.21037673950195312, 0.23358678817749023, 0.07254862785339355]
{'args': ((27, 0, slice(0, 960, None), slice(None, None, None)),), 'dataset shape': (40, 11, 1921, 2560), 'dataset chunks': (7, 1, 385, 512), 'indexing time (s)': 1.430511474609375e-06, 'chunk number': 1650, 'reduction time (s)': 1.6443076133728027, 'chunks processed': 15, 'storage read (B)': 29686785, 'selection 2 time (s)': 1.6453123092651367}
Thread times [0.06762504577636719, 0.0636441707611084, 0.09293651580810547, 0.07433366775512695, 0.08236098289489746, 0.06835103034973145, 0.07863855361938477, 0.20562124252319336, 0.13313794136047363, 0.12212204933166504, 0.092559814453125, 0.26704835891723633, 0.05872201919555664, 0.06365656852722168, 0.10679173469543457]
{'args': ((28, 0, slice(0, 960, None), slice(None, None, None)),), 'dataset shape': (40, 11, 1921, 2560), 'dataset chunks': (7, 1, 385, 512), 'indexing time (s)': 1.430511474609375e-06, 'chunk number': 1650, 'reduction time (s)': 1.5784423351287842, 'chunks processed': 15, 'storage read (B)': 29670387, 'selection 2 time (s)': 1.5793139934539795}
Thread times [0.10721540451049805, 0.06496262550354004, 0.10105681419372559, 0.09377598762512207, 0.07272148132324219, 0.0928959846496582, 0.07627344131469727, 0.0849311351776123, 0.12053871154785156, 0.07968688011169434, 0.07403755187988281, 0.2611713409423828, 0.07932281494140625, 0.11345028877258301, 0.09926509857177734]
{'args': ((29, 0, slice(0, 960, None), slice(None, None, None)),), 'dataset shape': (40, 11, 1921, 2560), 'dataset chunks': (7, 1, 385, 512), 'indexing time (s)': 1.430511474609375e-06, 'chunk number': 1650, 'reduction time (s)': 1.5221383571624756, 'chunks processed': 15, 'storage read (B)': 29670387, 'selection 2 time (s)': 1.5231001377105713}
Thread times [0.08459830284118652, 0.04522824287414551, 0.09076523780822754, 0.07813310623168945, 0.18483686447143555, 0.09738802909851074, 0.10218930244445801, 0.10985374450683594, 0.12173295021057129, 0.0797274112701416, 0.09663581848144531, 0.26316213607788086, 0.11805176734924316, 0.08474040031433105, 0.14068961143493652]
{'args': ((30, 0, slice(0, 960, None), slice(None, None, None)),), 'dataset shape': (40, 11, 1921, 2560), 'dataset chunks': (7, 1, 385, 512), 'indexing time (s)': 1.430511474609375e-06, 'chunk number': 1650, 'reduction time (s)': 1.6986908912658691, 'chunks processed': 15, 'storage read (B)': 29670387, 'selection 2 time (s)': 1.6997079849243164}
Thread times [0.06473875045776367, 0.06426072120666504, 0.1119222640991211, 0.11506772041320801, 0.08320188522338867, 0.10797476768493652, 0.06884932518005371, 0.13523483276367188, 0.09178018569946289, 0.08500456809997559, 0.08579373359680176, 0.23169946670532227, 0.08438706398010254, 0.12733030319213867, 0.08002400398254395]
{'args': ((31, 0, slice(0, 960, None), slice(None, None, None)),), 'dataset shape': (40, 11, 1921, 2560), 'dataset chunks': (7, 1, 385, 512), 'indexing time (s)': 1.1920928955078125e-06, 'chunk number': 1650, 'reduction time (s)': 1.5381290912628174, 'chunks processed': 15, 'storage read (B)': 29670387, 'selection 2 time (s)': 1.5390548706054688}
Thread times [0.06115984916687012, 0.09323382377624512, 0.1403813362121582, 0.09629058837890625, 0.0762181282043457, 0.09473252296447754, 0.08095192909240723, 0.08655238151550293, 0.0803682804107666, 0.10332536697387695, 0.07951498031616211, 0.2120378017425537, 0.08144998550415039, 0.07457256317138672, 0.0839686393737793]
{'args': ((32, 0, slice(0, 960, None), slice(None, None, None)),), 'dataset shape': (40, 11, 1921, 2560), 'dataset chunks': (7, 1, 385, 512), 'indexing time (s)': 9.5367431640625e-07, 'chunk number': 1650, 'reduction time (s)': 1.445556640625, 'chunks processed': 15, 'storage read (B)': 29670387, 'selection 2 time (s)': 1.4463400840759277}
Thread times [0.07085013389587402, 0.05925130844116211, 0.07049107551574707, 0.07153487205505371, 0.11974000930786133, 0.11462163925170898, 0.10595107078552246, 0.11504054069519043, 0.1327965259552002, 0.08740854263305664, 0.12192964553833008, 0.2340395450592041, 0.08571243286132812, 0.09139084815979004, 0.07501983642578125]
{'args': ((33, 0, slice(0, 960, None), slice(None, None, None)),), 'dataset shape': (40, 11, 1921, 2560), 'dataset chunks': (7, 1, 385, 512), 'indexing time (s)': 1.430511474609375e-06, 'chunk number': 1650, 'reduction time (s)': 1.5566155910491943, 'chunks processed': 15, 'storage read (B)': 29670387, 'selection 2 time (s)': 1.5574910640716553}
Thread times [0.06816911697387695, 0.05434775352478027, 0.0708322525024414, 0.07052040100097656, 0.07403731346130371, 0.11267971992492676, 0.07338976860046387, 0.17225980758666992, 0.10271835327148438, 0.0751955509185791, 0.0861806869506836, 0.2145695686340332, 0.1210474967956543, 0.07921624183654785, 0.11151957511901855]
{'args': ((34, 0, slice(0, 960, None), slice(None, None, None)),), 'dataset shape': (40, 11, 1921, 2560), 'dataset chunks': (7, 1, 385, 512), 'indexing time (s)': 1.430511474609375e-06, 'chunk number': 1650, 'reduction time (s)': 1.4875423908233643, 'chunks processed': 15, 'storage read (B)': 29670387, 'selection 2 time (s)': 1.4885437488555908}
Thread times [0.08931422233581543, 0.05119967460632324, 0.058804988861083984, 0.10738658905029297, 0.05663490295410156, 0.08750724792480469, 0.07952570915222168, 0.06011700630187988, 0.07160592079162598, 0.11652731895446777, 0.06822323799133301, 0.0775139331817627, 0.09834003448486328, 0.0732877254486084, 0.07142305374145508]
{'args': ((35, 0, slice(0, 960, None), slice(None, None, None)),), 'dataset shape': (40, 11, 1921, 2560), 'dataset chunks': (7, 1, 385, 512), 'indexing time (s)': 9.5367431640625e-07, 'chunk number': 1650, 'reduction time (s)': 1.168217420578003, 'chunks processed': 15, 'storage read (B)': 21287473, 'selection 2 time (s)': 1.1690270900726318}
Thread times [0.0721583366394043, 0.051856040954589844, 0.05617833137512207, 0.07097578048706055, 0.056823015213012695, 0.0977480411529541, 0.08129763603210449, 0.07678103446960449, 0.07131648063659668, 0.08179593086242676, 0.08090591430664062, 0.0732123851776123, 0.16209697723388672, 0.07292413711547852, 0.07401037216186523]
{'args': ((36, 0, slice(0, 960, None), slice(None, None, None)),), 'dataset shape': (40, 11, 1921, 2560), 'dataset chunks': (7, 1, 385, 512), 'indexing time (s)': 9.5367431640625e-07, 'chunk number': 1650, 'reduction time (s)': 1.1807971000671387, 'chunks processed': 15, 'storage read (B)': 21287473, 'selection 2 time (s)': 1.1816647052764893}
Thread times [0.08713626861572266, 0.07047462463378906, 0.114776611328125, 0.07774949073791504, 0.06015491485595703, 0.0719153881072998, 0.1771860122680664, 0.09237074851989746, 0.07472467422485352, 0.10978245735168457, 0.07394838333129883, 0.08172941207885742, 0.07642745971679688, 0.07549238204956055, 0.07308745384216309]
{'args': ((37, 0, slice(0, 960, None), slice(None, None, None)),), 'dataset shape': (40, 11, 1921, 2560), 'dataset chunks': (7, 1, 385, 512), 'indexing time (s)': 1.1920928955078125e-06, 'chunk number': 1650, 'reduction time (s)': 1.317852258682251, 'chunks processed': 15, 'storage read (B)': 21287473, 'selection 2 time (s)': 1.3187851905822754}
Thread times [0.08985781669616699, 0.05616641044616699, 0.0979771614074707, 0.1126096248626709, 0.05367755889892578, 0.06915831565856934, 0.10543346405029297, 0.06384778022766113, 0.07000160217285156, 0.1325991153717041, 0.07155489921569824, 0.07332515716552734, 0.08149909973144531, 0.08341050148010254, 0.11688399314880371]
{'args': ((38, 0, slice(0, 960, None), slice(None, None, None)),), 'dataset shape': (40, 11, 1921, 2560), 'dataset chunks': (7, 1, 385, 512), 'indexing time (s)': 1.1920928955078125e-06, 'chunk number': 1650, 'reduction time (s)': 1.278843879699707, 'chunks processed': 15, 'storage read (B)': 21287473, 'selection 2 time (s)': 1.2797234058380127}
Thread times [0.09429717063903809, 0.04607367515563965, 0.06143951416015625, 0.0769963264465332, 0.04793190956115723, 0.06572580337524414, 0.07300305366516113, 0.08895707130432129, 0.0665292739868164, 0.06435251235961914, 0.06699037551879883, 0.08891177177429199, 0.07449030876159668, 0.09674334526062012, 0.06581234931945801]
{'args': ((39, 0, slice(0, 960, None), slice(None, None, None)),), 'dataset shape': (40, 11, 1921, 2560), 'dataset chunks': (7, 1, 385, 512), 'indexing time (s)': 1.430511474609375e-06, 'chunk number': 1650, 'reduction time (s)': 1.0791728496551514, 'chunks processed': 15, 'storage read (B)': 21287473, 'selection 2 time (s)': 1.0800094604492188}
[[226.07820312]
 [226.0646875 ]
 [225.93776042]
 [225.90820312]
 [225.91739583]
 [225.88460937]
 [225.82080729]
 [225.85434896]
 [225.9834375 ]
 [226.03822917]
 [226.01317708]
 [226.02333333]
 [226.03765625]
 [226.00486979]
 [225.91778646]
 [225.9403125 ]
 [225.98729167]
 [225.91450521]
 [225.81239583]
 [225.81890625]
 [225.8453125 ]
 [225.785     ]
 [225.63648438]
 [225.5565625 ]
 [225.45744792]
 [225.32382813]
 [225.16335937]
 [225.07786458]
 [225.07846354]
 [225.10669271]
 [225.17606771]
 [225.36867187]
 [225.57927083]
 [225.69083333]
 [225.7221875 ]
 [225.82367188]
 [225.93640625]
 [225.96760417]
 [225.91875   ]
 [225.92236979]]
Summary:  sci4-op-r1:Active (T1,BS1): 0.466s,63.67s,66.42s
