Dataset loaded from S3 with s3fs and Pyfive: bnl/ch330a.pc19790301-def.nc (2.1,0.6)
Thread times [0.13459467887878418, 0.24505090713500977, 0.25298213958740234, 0.10884761810302734, 0.15639781951904297, 0.24241995811462402, 0.12341666221618652, 0.23604345321655273, 0.24076390266418457, 0.12470889091491699, 0.14268112182617188, 0.2508571147918701, 0.2700014114379883, 0.10634899139404297, 0.10923290252685547]
{'load nc time': 2.780893564224243, 'args': ((0, 0, slice(0, 960, None), slice(None, None, None)),), 'dataset shape': (40, 11, 1921, 2560), 'dataset chunks': (7, 1, 385, 512), 'indexing time (s)': 3.9620816707611084, 'chunk number': 1650, 'reduction time (s)': 2.7456507682800293, 'chunks processed': 15, 'storage read (B)': 29685482, 'selection 1 time (s)': 6.707902908325195}
Thread times [0.1140902042388916, 0.1125328540802002, 0.24945974349975586, 0.1130666732788086, 0.12717914581298828, 0.25055694580078125, 0.1410527229309082, 0.26056885719299316, 0.20378804206848145, 0.17315363883972168, 0.16315102577209473, 0.25354433059692383, 0.22979068756103516, 0.10173487663269043, 0.10283303260803223]
{'args': ((1, 0, slice(0, 960, None), slice(None, None, None)),), 'dataset shape': (40, 11, 1921, 2560), 'dataset chunks': (7, 1, 385, 512), 'indexing time (s)': 1.430511474609375e-06, 'chunk number': 1650, 'reduction time (s)': 2.597780227661133, 'chunks processed': 15, 'storage read (B)': 29685482, 'selection 1 time (s)': 2.5979647636413574}
Thread times [0.1136929988861084, 0.11241602897644043, 0.2324659824371338, 0.09578347206115723, 0.12814593315124512, 0.2417137622833252, 0.12649798393249512, 0.2737593650817871, 0.19871997833251953, 0.09905672073364258, 0.2082359790802002, 0.29875802993774414, 0.21886229515075684, 0.18964171409606934, 0.14844441413879395]
{'args': ((2, 0, slice(0, 960, None), slice(None, None, None)),), 'dataset shape': (40, 11, 1921, 2560), 'dataset chunks': (7, 1, 385, 512), 'indexing time (s)': 9.5367431640625e-07, 'chunk number': 1650, 'reduction time (s)': 2.687389373779297, 'chunks processed': 15, 'storage read (B)': 29685482, 'selection 1 time (s)': 2.6875572204589844}
Thread times [0.11233091354370117, 0.12981104850769043, 0.24490761756896973, 0.0944979190826416, 0.0964813232421875, 0.2393636703491211, 0.1349174976348877, 0.40062928199768066, 0.2640879154205322, 0.12613558769226074, 0.19724106788635254, 0.22916746139526367, 0.2366313934326172, 0.16821646690368652, 0.14890646934509277]
{'args': ((3, 0, slice(0, 960, None), slice(None, None, None)),), 'dataset shape': (40, 11, 1921, 2560), 'dataset chunks': (7, 1, 385, 512), 'indexing time (s)': 1.430511474609375e-06, 'chunk number': 1650, 'reduction time (s)': 2.8246309757232666, 'chunks processed': 15, 'storage read (B)': 29685482, 'selection 1 time (s)': 2.8247745037078857}
Thread times [0.11368417739868164, 0.11928200721740723, 0.22326993942260742, 0.11028313636779785, 0.10801172256469727, 0.2244400978088379, 0.11267495155334473, 0.23236680030822754, 0.22937464714050293, 0.1097252368927002, 0.15500330924987793, 0.2375321388244629, 0.25156569480895996, 0.1250770092010498, 0.13669109344482422]
{'args': ((4, 0, slice(0, 960, None), slice(None, None, None)),), 'dataset shape': (40, 11, 1921, 2560), 'dataset chunks': (7, 1, 385, 512), 'indexing time (s)': 1.1920928955078125e-06, 'chunk number': 1650, 'reduction time (s)': 2.5392534732818604, 'chunks processed': 15, 'storage read (B)': 29685482, 'selection 1 time (s)': 2.5393974781036377}
Thread times [0.1560053825378418, 0.12290453910827637, 0.24818921089172363, 0.1033165454864502, 0.11230754852294922, 0.23366665840148926, 0.23473572731018066, 0.24947595596313477, 0.2092275619506836, 0.12675952911376953, 0.17085695266723633, 0.22437763214111328, 0.2001032829284668, 0.11639285087585449, 0.1563091278076172]
{'args': ((5, 0, slice(0, 960, None), slice(None, None, None)),), 'dataset shape': (40, 11, 1921, 2560), 'dataset chunks': (7, 1, 385, 512), 'indexing time (s)': 9.5367431640625e-07, 'chunk number': 1650, 'reduction time (s)': 2.665820360183716, 'chunks processed': 15, 'storage read (B)': 29685482, 'selection 1 time (s)': 2.665980577468872}
Thread times [0.11840105056762695, 0.12403106689453125, 0.27838635444641113, 0.09542012214660645, 0.11449623107910156, 0.23489069938659668, 0.1050262451171875, 0.21193647384643555, 0.20827960968017578, 0.11150431632995605, 0.19684672355651855, 0.24785137176513672, 0.23708677291870117, 0.12740373611450195, 0.11776280403137207]
{'args': ((6, 0, slice(0, 960, None), slice(None, None, None)),), 'dataset shape': (40, 11, 1921, 2560), 'dataset chunks': (7, 1, 385, 512), 'indexing time (s)': 1.430511474609375e-06, 'chunk number': 1650, 'reduction time (s)': 2.5306053161621094, 'chunks processed': 15, 'storage read (B)': 29685482, 'selection 1 time (s)': 2.5308094024658203}
Thread times [0.11142086982727051, 0.14777898788452148, 0.15602898597717285, 0.21899151802062988, 0.19565129280090332, 0.13301396369934082, 0.11472034454345703, 0.25543689727783203, 0.020890235900878906, 0.020310163497924805, 0.17918944358825684, 0.13091754913330078, 0.24914240837097168, 0.14160919189453125, 0.11597514152526855]
{'args': ((7, 0, slice(0, 960, None), slice(None, None, None)),), 'dataset shape': (40, 11, 1921, 2560), 'dataset chunks': (7, 1, 385, 512), 'indexing time (s)': 1.430511474609375e-06, 'chunk number': 1650, 'reduction time (s)': 2.192253828048706, 'chunks processed': 15, 'storage read (B)': 29701892, 'selection 1 time (s)': 2.1924238204956055}
Thread times [0.13054919242858887, 0.15422892570495605, 0.31438374519348145, 0.23706269264221191, 0.20327138900756836, 0.09584498405456543, 0.12869882583618164, 0.2438356876373291, 0.02346181869506836, 0.02093052864074707, 0.1301262378692627, 0.13889646530151367, 0.2328014373779297, 0.14473366737365723, 0.13697457313537598]
{'args': ((8, 0, slice(0, 960, None), slice(None, None, None)),), 'dataset shape': (40, 11, 1921, 2560), 'dataset chunks': (7, 1, 385, 512), 'indexing time (s)': 1.1920928955078125e-06, 'chunk number': 1650, 'reduction time (s)': 2.337040424346924, 'chunks processed': 15, 'storage read (B)': 29701892, 'selection 1 time (s)': 2.3372128009796143}
Thread times [0.11194276809692383, 0.1145029067993164, 0.11614012718200684, 0.1990501880645752, 0.19251108169555664, 0.13743972778320312, 0.15650606155395508, 0.23813366889953613, 0.02094244956970215, 0.0207672119140625, 0.15486621856689453, 0.14675426483154297, 0.24082636833190918, 0.14552688598632812, 0.1616992950439453]
{'args': ((9, 0, slice(0, 960, None), slice(None, None, None)),), 'dataset shape': (40, 11, 1921, 2560), 'dataset chunks': (7, 1, 385, 512), 'indexing time (s)': 9.5367431640625e-07, 'chunk number': 1650, 'reduction time (s)': 2.158789873123169, 'chunks processed': 15, 'storage read (B)': 29701892, 'selection 1 time (s)': 2.1589486598968506}
Thread times [0.11785650253295898, 0.12040376663208008, 0.13390016555786133, 0.25635528564453125, 0.20867133140563965, 0.13593101501464844, 0.1263890266418457, 0.25580644607543945, 0.022727012634277344, 0.02141284942626953, 0.12323832511901855, 0.13234233856201172, 0.29917097091674805, 0.12822651863098145, 0.1161503791809082]
{'args': ((10, 0, slice(0, 960, None), slice(None, None, None)),), 'dataset shape': (40, 11, 1921, 2560), 'dataset chunks': (7, 1, 385, 512), 'indexing time (s)': 9.5367431640625e-07, 'chunk number': 1650, 'reduction time (s)': 2.1996726989746094, 'chunks processed': 15, 'storage read (B)': 29701892, 'selection 1 time (s)': 2.1998372077941895}
Thread times [0.1078803539276123, 0.10679244995117188, 0.11875677108764648, 0.19262099266052246, 0.2145383358001709, 0.1400156021118164, 0.14953017234802246, 0.232039213180542, 0.021803855895996094, 0.021544694900512695, 0.13486242294311523, 0.12163662910461426, 0.2287578582763672, 0.22516441345214844, 0.1457836627960205]
{'args': ((11, 0, slice(0, 960, None), slice(None, None, None)),), 'dataset shape': (40, 11, 1921, 2560), 'dataset chunks': (7, 1, 385, 512), 'indexing time (s)': 9.5367431640625e-07, 'chunk number': 1650, 'reduction time (s)': 2.1627557277679443, 'chunks processed': 15, 'storage read (B)': 29701892, 'selection 1 time (s)': 2.1629109382629395}
Thread times [0.17830109596252441, 0.10819101333618164, 0.13188409805297852, 0.1826179027557373, 0.17783784866333008, 0.09482979774475098, 0.09775900840759277, 0.20924115180969238, 0.02065443992614746, 0.020191431045532227, 0.09261703491210938, 0.11405253410339355, 0.2566559314727783, 0.14862918853759766, 0.12217950820922852]
{'args': ((12, 0, slice(0, 960, None), slice(None, None, None)),), 'dataset shape': (40, 11, 1921, 2560), 'dataset chunks': (7, 1, 385, 512), 'indexing time (s)': 9.5367431640625e-07, 'chunk number': 1650, 'reduction time (s)': 1.9612772464752197, 'chunks processed': 15, 'storage read (B)': 29701892, 'selection 1 time (s)': 1.9614298343658447}
Thread times [0.10459208488464355, 0.18311333656311035, 0.1046750545501709, 0.1758885383605957, 0.17052292823791504, 0.1064918041229248, 0.10458612442016602, 0.23908543586730957, 0.021213531494140625, 0.02192854881286621, 0.18945717811584473, 0.1416330337524414, 0.23994684219360352, 0.18426847457885742, 0.11046624183654785]
{'args': ((13, 0, slice(0, 960, None), slice(None, None, None)),), 'dataset shape': (40, 11, 1921, 2560), 'dataset chunks': (7, 1, 385, 512), 'indexing time (s)': 2.86102294921875e-06, 'chunk number': 1650, 'reduction time (s)': 2.0992543697357178, 'chunks processed': 15, 'storage read (B)': 29701892, 'selection 1 time (s)': 2.0994584560394287}
Thread times [0.11087846755981445, 0.22082829475402832, 0.11872720718383789, 0.13740944862365723, 0.11888003349304199, 0.2508692741394043, 0.2675600051879883, 0.2021784782409668, 0.02306818962097168, 0.11097478866577148, 0.12893247604370117, 0.235884428024292, 0.12268471717834473, 0.11729049682617188, 0.24485421180725098]
{'args': ((14, 0, slice(0, 960, None), slice(None, None, None)),), 'dataset shape': (40, 11, 1921, 2560), 'dataset chunks': (7, 1, 385, 512), 'indexing time (s)': 1.430511474609375e-06, 'chunk number': 1650, 'reduction time (s)': 2.4122238159179688, 'chunks processed': 15, 'storage read (B)': 29733505, 'selection 1 time (s)': 2.412425994873047}
Thread times [0.09704279899597168, 0.24541783332824707, 0.1447455883026123, 0.12546491622924805, 0.12344932556152344, 0.2754232883453369, 0.3757767677307129, 0.31476736068725586, 0.022367238998413086, 0.13722538948059082, 0.12726616859436035, 0.26755762100219727, 0.18114948272705078, 0.13193893432617188, 0.2731754779815674]
{'args': ((15, 0, slice(0, 960, None), slice(None, None, None)),), 'dataset shape': (40, 11, 1921, 2560), 'dataset chunks': (7, 1, 385, 512), 'indexing time (s)': 9.5367431640625e-07, 'chunk number': 1650, 'reduction time (s)': 2.8441638946533203, 'chunks processed': 15, 'storage read (B)': 29733505, 'selection 1 time (s)': 2.8443243503570557}
Thread times [0.13131165504455566, 0.25090694427490234, 0.13101434707641602, 0.18805623054504395, 0.11605262756347656, 0.22102093696594238, 0.18904590606689453, 0.21970343589782715, 0.020896196365356445, 0.11632347106933594, 0.11511993408203125, 0.22697138786315918, 0.21066904067993164, 0.1400156021118164, 0.24439144134521484]
{'args': ((16, 0, slice(0, 960, None), slice(None, None, None)),), 'dataset shape': (40, 11, 1921, 2560), 'dataset chunks': (7, 1, 385, 512), 'indexing time (s)': 1.9073486328125e-06, 'chunk number': 1650, 'reduction time (s)': 2.5226659774780273, 'chunks processed': 15, 'storage read (B)': 29733505, 'selection 1 time (s)': 2.5228490829467773}
Thread times [0.16264605522155762, 0.24396133422851562, 0.1043698787689209, 0.17838835716247559, 0.15166711807250977, 0.2453923225402832, 0.23757123947143555, 0.24655556678771973, 0.021264076232910156, 0.18232345581054688, 0.11443686485290527, 0.24062275886535645, 0.1457829475402832, 0.13277578353881836, 0.27166247367858887]
{'args': ((17, 0, slice(0, 960, None), slice(None, None, None)),), 'dataset shape': (40, 11, 1921, 2560), 'dataset chunks': (7, 1, 385, 512), 'indexing time (s)': 1.6689300537109375e-06, 'chunk number': 1650, 'reduction time (s)': 2.680574417114258, 'chunks processed': 15, 'storage read (B)': 29733505, 'selection 1 time (s)': 2.680725336074829}
Thread times [0.12499594688415527, 0.3061339855194092, 0.16293072700500488, 0.20716333389282227, 0.14302611351013184, 0.2503044605255127, 0.26790499687194824, 0.2673773765563965, 0.0224456787109375, 0.12653136253356934, 0.12379980087280273, 0.20213079452514648, 0.1394805908203125, 0.1359543800354004, 0.2972574234008789]
{'args': ((18, 0, slice(0, 960, None), slice(None, None, None)),), 'dataset shape': (40, 11, 1921, 2560), 'dataset chunks': (7, 1, 385, 512), 'indexing time (s)': 9.5367431640625e-07, 'chunk number': 1650, 'reduction time (s)': 2.7826945781707764, 'chunks processed': 15, 'storage read (B)': 29733505, 'selection 1 time (s)': 2.7828433513641357}
Thread times [0.09137511253356934, 0.2008500099182129, 0.14680933952331543, 0.1260221004486084, 0.12692546844482422, 0.24820518493652344, 0.20739221572875977, 0.2227034568786621, 0.021485567092895508, 0.22327423095703125, 0.16002202033996582, 0.23292994499206543, 0.10627460479736328, 0.14367270469665527, 0.23600029945373535]
{'args': ((19, 0, slice(0, 960, None), slice(None, None, None)),), 'dataset shape': (40, 11, 1921, 2560), 'dataset chunks': (7, 1, 385, 512), 'indexing time (s)': 9.5367431640625e-07, 'chunk number': 1650, 'reduction time (s)': 2.4950766563415527, 'chunks processed': 15, 'storage read (B)': 29733505, 'selection 1 time (s)': 2.4952189922332764}
Thread times [0.09941315650939941, 0.2267594337463379, 0.11310720443725586, 0.27162909507751465, 0.09392309188842773, 0.31213927268981934, 0.24925827980041504, 0.2837247848510742, 0.0207364559173584, 0.13728117942810059, 0.12672996520996094, 0.23571372032165527, 0.10577106475830078, 0.11230969429016113, 0.276151180267334]
{'args': ((20, 0, slice(0, 960, None), slice(None, None, None)),), 'dataset shape': (40, 11, 1921, 2560), 'dataset chunks': (7, 1, 385, 512), 'indexing time (s)': 1.1920928955078125e-06, 'chunk number': 1650, 'reduction time (s)': 2.6659090518951416, 'chunks processed': 15, 'storage read (B)': 29733505, 'selection 1 time (s)': 2.6660590171813965}
Thread times [0.09469819068908691, 0.11220479011535645, 0.13602733612060547, 0.019069671630859375, 0.02031254768371582, 0.21581053733825684, 0.11907124519348145, 0.3329734802246094, 0.15360713005065918, 0.23453021049499512, 0.1363391876220703, 0.13201355934143066, 0.25000452995300293, 0.2444756031036377, 0.021554231643676758]
{'args': ((21, 0, slice(0, 960, None), slice(None, None, None)),), 'dataset shape': (40, 11, 1921, 2560), 'dataset chunks': (7, 1, 385, 512), 'indexing time (s)': 1.1920928955078125e-06, 'chunk number': 1650, 'reduction time (s)': 2.223853349685669, 'chunks processed': 15, 'storage read (B)': 29686785, 'selection 1 time (s)': 2.2240185737609863}
Thread times [0.11595559120178223, 0.11015582084655762, 0.29535412788391113, 0.020476579666137695, 0.019186735153198242, 0.2351207733154297, 0.12724542617797852, 0.22951459884643555, 0.174363374710083, 0.2381737232208252, 0.12759828567504883, 0.15171456336975098, 0.2628200054168701, 0.2294771671295166, 0.021004438400268555]
{'args': ((22, 0, slice(0, 960, None), slice(None, None, None)),), 'dataset shape': (40, 11, 1921, 2560), 'dataset chunks': (7, 1, 385, 512), 'indexing time (s)': 9.5367431640625e-07, 'chunk number': 1650, 'reduction time (s)': 2.359344720840454, 'chunks processed': 15, 'storage read (B)': 29686785, 'selection 1 time (s)': 2.3594970703125}
Thread times [0.11914467811584473, 0.1009361743927002, 0.17524456977844238, 0.018737077713012695, 0.01967906951904297, 0.23238921165466309, 0.16117000579833984, 0.2577788829803467, 0.1399688720703125, 0.23141860961914062, 0.13489174842834473, 0.11229181289672852, 0.26362013816833496, 0.27657437324523926, 0.022074222564697266]
{'args': ((23, 0, slice(0, 960, None), slice(None, None, None)),), 'dataset shape': (40, 11, 1921, 2560), 'dataset chunks': (7, 1, 385, 512), 'indexing time (s)': 9.5367431640625e-07, 'chunk number': 1650, 'reduction time (s)': 2.2670929431915283, 'chunks processed': 15, 'storage read (B)': 29686785, 'selection 1 time (s)': 2.2672483921051025}
Thread times [0.09982156753540039, 0.12128853797912598, 0.1580362319946289, 0.018834590911865234, 0.018349170684814453, 0.2673323154449463, 0.10482573509216309, 0.2604789733886719, 0.12921547889709473, 0.2461230754852295, 0.1261122226715088, 0.20421218872070312, 0.2377917766571045, 0.24831128120422363, 0.020682096481323242]
{'args': ((24, 0, slice(0, 960, None), slice(None, None, None)),), 'dataset shape': (40, 11, 1921, 2560), 'dataset chunks': (7, 1, 385, 512), 'indexing time (s)': 1.1920928955078125e-06, 'chunk number': 1650, 'reduction time (s)': 2.26263689994812, 'chunks processed': 15, 'storage read (B)': 29686785, 'selection 1 time (s)': 2.2627973556518555}
Thread times [0.11603260040283203, 0.1085660457611084, 0.14261627197265625, 0.017775297164916992, 0.01828742027282715, 0.2622511386871338, 0.1202383041381836, 0.2335224151611328, 0.19523978233337402, 0.22485709190368652, 0.1600642204284668, 0.09954714775085449, 0.2482619285583496, 0.2441084384918213, 0.02228069305419922]
{'args': ((25, 0, slice(0, 960, None), slice(None, None, None)),), 'dataset shape': (40, 11, 1921, 2560), 'dataset chunks': (7, 1, 385, 512), 'indexing time (s)': 9.5367431640625e-07, 'chunk number': 1650, 'reduction time (s)': 2.214956283569336, 'chunks processed': 15, 'storage read (B)': 29686785, 'selection 1 time (s)': 2.2151031494140625}
Thread times [0.12254595756530762, 0.16743874549865723, 0.3443272113800049, 0.017307758331298828, 0.01770639419555664, 0.31891393661499023, 0.12877702713012695, 0.22932672500610352, 0.10923647880554199, 0.2532694339752197, 0.14284181594848633, 0.13298988342285156, 0.24648594856262207, 0.24736785888671875, 0.02144145965576172]
{'args': ((26, 0, slice(0, 960, None), slice(None, None, None)),), 'dataset shape': (40, 11, 1921, 2560), 'dataset chunks': (7, 1, 385, 512), 'indexing time (s)': 1.430511474609375e-06, 'chunk number': 1650, 'reduction time (s)': 2.501085042953491, 'chunks processed': 15, 'storage read (B)': 29686785, 'selection 1 time (s)': 2.501243829727173}
Thread times [0.10929155349731445, 0.33982133865356445, 0.1284935474395752, 0.018221378326416016, 0.018309831619262695, 0.26659202575683594, 0.11260771751403809, 0.2456209659576416, 0.1466970443725586, 0.23733234405517578, 0.16724467277526855, 0.12064552307128906, 0.30223751068115234, 0.2161104679107666, 0.022940635681152344]
{'args': ((27, 0, slice(0, 960, None), slice(None, None, None)),), 'dataset shape': (40, 11, 1921, 2560), 'dataset chunks': (7, 1, 385, 512), 'indexing time (s)': 1.1920928955078125e-06, 'chunk number': 1650, 'reduction time (s)': 2.453293800354004, 'chunks processed': 15, 'storage read (B)': 29686785, 'selection 1 time (s)': 2.4534456729888916}
Thread times [0.11028790473937988, 0.19710659980773926, 0.16465187072753906, 0.12536191940307617, 0.21121525764465332, 0.152418851852417, 0.02171778678894043, 0.11774492263793945, 0.02169036865234375, 0.1261003017425537, 0.13147187232971191, 0.2735168933868408, 0.15990757942199707, 0.11553812026977539, 0.2317960262298584]
{'args': ((28, 0, slice(0, 960, None), slice(None, None, None)),), 'dataset shape': (40, 11, 1921, 2560), 'dataset chunks': (7, 1, 385, 512), 'indexing time (s)': 1.9073486328125e-06, 'chunk number': 1650, 'reduction time (s)': 2.1616814136505127, 'chunks processed': 15, 'storage read (B)': 29670387, 'selection 1 time (s)': 2.161839246749878}
Thread times [0.11801266670227051, 0.10759925842285156, 0.15289568901062012, 0.30461549758911133, 0.09354805946350098, 0.12290787696838379, 0.0226595401763916, 0.15009760856628418, 0.022202014923095703, 0.1271982192993164, 0.15755724906921387, 0.23814034461975098, 0.12189483642578125, 0.13729357719421387, 0.24528169631958008]
{'args': ((29, 0, slice(0, 960, None), slice(None, None, None)),), 'dataset shape': (40, 11, 1921, 2560), 'dataset chunks': (7, 1, 385, 512), 'indexing time (s)': 1.430511474609375e-06, 'chunk number': 1650, 'reduction time (s)': 2.1275291442871094, 'chunks processed': 15, 'storage read (B)': 29670387, 'selection 1 time (s)': 2.1276743412017822}
Thread times [0.14673209190368652, 0.11099839210510254, 0.12241220474243164, 0.16581273078918457, 0.352231502532959, 0.1370246410369873, 0.02339005470275879, 0.1318066120147705, 0.021672964096069336, 0.1480097770690918, 0.15256643295288086, 0.24576902389526367, 0.12426590919494629, 0.23971772193908691, 0.21469736099243164]
{'args': ((30, 0, slice(0, 960, None), slice(None, None, None)),), 'dataset shape': (40, 11, 1921, 2560), 'dataset chunks': (7, 1, 385, 512), 'indexing time (s)': 9.5367431640625e-07, 'chunk number': 1650, 'reduction time (s)': 2.338285446166992, 'chunks processed': 15, 'storage read (B)': 29670387, 'selection 1 time (s)': 2.3384530544281006}
Thread times [0.09549069404602051, 0.1154177188873291, 0.17099213600158691, 0.12424278259277344, 0.11090993881225586, 0.12826085090637207, 0.021730661392211914, 0.18608784675598145, 0.0218353271484375, 0.14396357536315918, 0.15354490280151367, 0.23398971557617188, 0.1371903419494629, 0.13147687911987305, 0.3172931671142578]
{'args': ((31, 0, slice(0, 960, None), slice(None, None, None)),), 'dataset shape': (40, 11, 1921, 2560), 'dataset chunks': (7, 1, 385, 512), 'indexing time (s)': 1.1920928955078125e-06, 'chunk number': 1650, 'reduction time (s)': 2.093881130218506, 'chunks processed': 15, 'storage read (B)': 29670387, 'selection 1 time (s)': 2.0940287113189697}
Thread times [0.09696602821350098, 0.10700702667236328, 0.12675690650939941, 0.11534857749938965, 0.1713411808013916, 0.2245640754699707, 0.02194380760192871, 0.12893986701965332, 0.022495746612548828, 0.12193846702575684, 0.11658096313476562, 0.19698786735534668, 0.09922361373901367, 0.1475987434387207, 0.24061179161071777]
{'args': ((32, 0, slice(0, 960, None), slice(None, None, None)),), 'dataset shape': (40, 11, 1921, 2560), 'dataset chunks': (7, 1, 385, 512), 'indexing time (s)': 9.5367431640625e-07, 'chunk number': 1650, 'reduction time (s)': 1.9396986961364746, 'chunks processed': 15, 'storage read (B)': 29670387, 'selection 1 time (s)': 1.9398486614227295}
Thread times [0.09616756439208984, 0.11561250686645508, 0.12891769409179688, 0.12204861640930176, 0.11029338836669922, 0.1930239200592041, 0.02190399169921875, 0.17536711692810059, 0.022325754165649414, 0.12652301788330078, 0.18679118156433105, 0.25405025482177734, 0.13668394088745117, 0.12843799591064453, 0.25852346420288086]
{'args': ((33, 0, slice(0, 960, None), slice(None, None, None)),), 'dataset shape': (40, 11, 1921, 2560), 'dataset chunks': (7, 1, 385, 512), 'indexing time (s)': 9.5367431640625e-07, 'chunk number': 1650, 'reduction time (s)': 2.078001022338867, 'chunks processed': 15, 'storage read (B)': 29670387, 'selection 1 time (s)': 2.078190326690674}
Thread times [1.132871150970459, 0.1150965690612793, 0.12459945678710938, 0.1141054630279541, 0.11806893348693848, 0.16112351417541504, 0.022983789443969727, 0.14227986335754395, 0.02225470542907715, 0.12065458297729492, 0.138092041015625, 0.24738717079162598, 0.21189570426940918, 0.1506636142730713, 0.2801957130432129]
{'args': ((34, 0, slice(0, 960, None), slice(None, None, None)),), 'dataset shape': (40, 11, 1921, 2560), 'dataset chunks': (7, 1, 385, 512), 'indexing time (s)': 1.1920928955078125e-06, 'chunk number': 1650, 'reduction time (s)': 3.103463888168335, 'chunks processed': 15, 'storage read (B)': 29670387, 'selection 1 time (s)': 3.1036248207092285}
Thread times [0.2280416488647461, 0.17461466789245605, 0.12149763107299805, 0.13006973266601562, 0.24676752090454102, 0.12053942680358887, 0.1003730297088623, 0.19721150398254395, 0.12215900421142578, 0.2513279914855957, 0.10228848457336426, 0.1541132926940918, 0.2546238899230957, 0.10235857963562012, 0.1265883445739746]
{'args': ((35, 0, slice(0, 960, None), slice(None, None, None)),), 'dataset shape': (40, 11, 1921, 2560), 'dataset chunks': (7, 1, 385, 512), 'indexing time (s)': 1.1920928955078125e-06, 'chunk number': 1650, 'reduction time (s)': 2.4337501525878906, 'chunks processed': 15, 'storage read (B)': 21287473, 'selection 1 time (s)': 2.4339091777801514}
Thread times [0.10768318176269531, 0.20815372467041016, 0.12834835052490234, 0.11194944381713867, 0.25287485122680664, 0.1333322525024414, 0.11617088317871094, 0.1231842041015625, 0.13273310661315918, 0.23726606369018555, 0.2462632656097412, 0.10541892051696777, 0.263505220413208, 0.09594178199768066, 0.1645352840423584]
{'args': ((36, 0, slice(0, 960, None), slice(None, None, None)),), 'dataset shape': (40, 11, 1921, 2560), 'dataset chunks': (7, 1, 385, 512), 'indexing time (s)': 1.430511474609375e-06, 'chunk number': 1650, 'reduction time (s)': 2.4287002086639404, 'chunks processed': 15, 'storage read (B)': 21287473, 'selection 1 time (s)': 2.4288816452026367}
Thread times [0.09459257125854492, 0.10523605346679688, 0.17229580879211426, 0.10987019538879395, 0.27328062057495117, 0.19612956047058105, 0.1227262020111084, 0.14806699752807617, 0.13307690620422363, 0.22673749923706055, 0.10354804992675781, 0.09313154220581055, 0.23395562171936035, 0.1198878288269043, 0.17856359481811523]
{'args': ((37, 0, slice(0, 960, None), slice(None, None, None)),), 'dataset shape': (40, 11, 1921, 2560), 'dataset chunks': (7, 1, 385, 512), 'indexing time (s)': 1.6689300537109375e-06, 'chunk number': 1650, 'reduction time (s)': 2.31242036819458, 'chunks processed': 15, 'storage read (B)': 21287473, 'selection 1 time (s)': 2.312595844268799}
Thread times [0.1067054271697998, 0.12700271606445312, 0.14236903190612793, 0.11214017868041992, 0.231825590133667, 0.1645951271057129, 0.12068510055541992, 0.12453556060791016, 0.13451027870178223, 0.21249747276306152, 0.14235877990722656, 0.13252019882202148, 0.2347428798675537, 0.12156367301940918, 0.12029862403869629]
{'args': ((38, 0, slice(0, 960, None), slice(None, None, None)),), 'dataset shape': (40, 11, 1921, 2560), 'dataset chunks': (7, 1, 385, 512), 'indexing time (s)': 1.1920928955078125e-06, 'chunk number': 1650, 'reduction time (s)': 2.231137275695801, 'chunks processed': 15, 'storage read (B)': 21287473, 'selection 1 time (s)': 2.2312896251678467}
Thread times [0.10137748718261719, 0.16750645637512207, 0.25804567337036133, 0.09008383750915527, 0.20961451530456543, 0.11675381660461426, 0.11758780479431152, 0.10880684852600098, 0.1120293140411377, 0.2170877456665039, 0.11229467391967773, 0.11915993690490723, 0.23565149307250977, 0.10109996795654297, 0.10669946670532227]
{'args': ((39, 0, slice(0, 960, None), slice(None, None, None)),), 'dataset shape': (40, 11, 1921, 2560), 'dataset chunks': (7, 1, 385, 512), 'indexing time (s)': 1.1920928955078125e-06, 'chunk number': 1650, 'reduction time (s)': 2.1767191886901855, 'chunks processed': 15, 'storage read (B)': 21287473, 'selection 1 time (s)': 2.1768712997436523}
[[226.07817708]
 [226.06473958]
 [225.93765625]
 [225.90807292]
 [225.91734375]
 [225.88453125]
 [225.82075521]
 [225.85440104]
 [225.98328125]
 [226.03804687]
 [226.01315104]
 [226.02330729]
 [226.03770833]
 [226.00476563]
 [225.91765625]
 [225.94036458]
 [225.98721354]
 [225.9146875 ]
 [225.81242188]
 [225.81869792]
 [225.84526042]
 [225.78497396]
 [225.63651042]
 [225.55651042]
 [225.45734375]
 [225.32369792]
 [225.16325521]
 [225.07794271]
 [225.07846354]
 [225.10664063]
 [225.17609375]
 [225.36880208]
 [225.57911458]
 [225.69080729]
 [225.72229167]
 [225.82367188]
 [225.93658854]
 [225.96765625]
 [225.91861979]
 [225.9225    ]]
Summary:  sci4-op-r1:Local (T1,BS5): 2.78s,95.81s,102.6s
