Dataset loaded from S3 with s3fs and Pyfive: bnl/ch330a.pc19790301-def.nc (0.046,0.85)
Thread times [0.13363099098205566, 0.14400339126586914, 0.15943169593811035, 0.1621851921081543, 0.17348575592041016, 0.4909985065460205, 0.5072174072265625, 0.5220777988433838, 0.5386812686920166, 0.5360605716705322, 0.5678761005401611, 0.5676653385162354, 0.5749287605285645, 0.5905168056488037, 0.6036152839660645]
{'load nc time': 1.0087366104125977, 'args': ((0, 0, slice(0, 960, None), slice(None, None, None)),), 'dataset shape': (40, 11, 1921, 2560), 'dataset chunks': (7, 1, 385, 512), 'indexing time (s)': 3.2646615505218506, 'chunk number': 1650, 'reduction time (s)': 0.6153717041015625, 'chunks processed': 15, 'storage read (B)': 29685482, 'selection 2 time (s)': 3.886115074157715}
Thread times [0.1481485366821289, 0.19132637977600098, 0.21655774116516113, 0.21327662467956543, 0.26831793785095215, 0.31671762466430664, 0.43160414695739746, 0.562762975692749, 0.6041152477264404, 0.6198503971099854, 0.6272156238555908, 0.6430244445800781, 0.6552340984344482, 0.6836204528808594, 0.6741034984588623]
{'args': ((1, 0, slice(0, 960, None), slice(None, None, None)),), 'dataset shape': (40, 11, 1921, 2560), 'dataset chunks': (7, 1, 385, 512), 'indexing time (s)': 1.430511474609375e-06, 'chunk number': 1650, 'reduction time (s)': 0.6934351921081543, 'chunks processed': 15, 'storage read (B)': 29685482, 'selection 2 time (s)': 0.6994836330413818}
Thread times [0.20824670791625977, 0.3307678699493408, 0.40403151512145996, 0.4118838310241699, 0.41137099266052246, 0.48728466033935547, 0.48847126960754395, 0.49893999099731445, 0.5088670253753662, 0.5115044116973877, 0.5155293941497803, 0.5285310745239258, 0.5266759395599365, 0.5412476062774658, 0.5511791706085205]
{'args': ((2, 0, slice(0, 960, None), slice(None, None, None)),), 'dataset shape': (40, 11, 1921, 2560), 'dataset chunks': (7, 1, 385, 512), 'indexing time (s)': 1.1920928955078125e-06, 'chunk number': 1650, 'reduction time (s)': 0.5584137439727783, 'chunks processed': 15, 'storage read (B)': 29685482, 'selection 2 time (s)': 0.5646200180053711}
Thread times [0.1375129222869873, 0.18104958534240723, 0.185211181640625, 0.1853933334350586, 0.19660568237304688, 0.18759560585021973, 0.20961260795593262, 0.24431800842285156, 0.24141287803649902, 0.26945924758911133, 0.2612569332122803, 0.2702968120574951, 0.3127286434173584, 0.34601640701293945, 0.35315966606140137]
{'args': ((3, 0, slice(0, 960, None), slice(None, None, None)),), 'dataset shape': (40, 11, 1921, 2560), 'dataset chunks': (7, 1, 385, 512), 'indexing time (s)': 1.430511474609375e-06, 'chunk number': 1650, 'reduction time (s)': 0.3637089729309082, 'chunks processed': 15, 'storage read (B)': 29685482, 'selection 2 time (s)': 0.37023448944091797}
Thread times [0.13003039360046387, 0.16798710823059082, 0.2835354804992676, 0.2613039016723633, 0.290496826171875, 0.3003056049346924, 0.3231010437011719, 0.41205310821533203, 0.43739843368530273, 0.4559140205383301, 0.4613640308380127, 0.4685502052307129, 0.4731569290161133, 0.46215033531188965, 0.49748969078063965]
{'args': ((4, 0, slice(0, 960, None), slice(None, None, None)),), 'dataset shape': (40, 11, 1921, 2560), 'dataset chunks': (7, 1, 385, 512), 'indexing time (s)': 1.9073486328125e-06, 'chunk number': 1650, 'reduction time (s)': 0.518460750579834, 'chunks processed': 15, 'storage read (B)': 29685482, 'selection 2 time (s)': 0.5252132415771484}
Thread times [0.16717743873596191, 0.19006562232971191, 0.39574432373046875, 0.4518558979034424, 0.49241042137145996, 0.5112197399139404, 0.546222448348999, 0.5566275119781494, 0.5586986541748047, 0.5656085014343262, 0.5783872604370117, 0.5741095542907715, 0.582200288772583, 0.6006596088409424, 0.6048204898834229]
{'args': ((5, 0, slice(0, 960, None), slice(None, None, None)),), 'dataset shape': (40, 11, 1921, 2560), 'dataset chunks': (7, 1, 385, 512), 'indexing time (s)': 1.6689300537109375e-06, 'chunk number': 1650, 'reduction time (s)': 0.6184239387512207, 'chunks processed': 15, 'storage read (B)': 29685482, 'selection 2 time (s)': 0.627694845199585}
Thread times [0.20597553253173828, 0.2996947765350342, 0.35280489921569824, 0.5380854606628418, 0.5558667182922363, 0.5595746040344238, 0.5755031108856201, 0.6008055210113525, 0.5983548164367676, 0.5947151184082031, 0.610537052154541, 0.6085412502288818, 0.6133878231048584, 0.6314775943756104, 0.6278238296508789]
{'args': ((6, 0, slice(0, 960, None), slice(None, None, None)),), 'dataset shape': (40, 11, 1921, 2560), 'dataset chunks': (7, 1, 385, 512), 'indexing time (s)': 1.9073486328125e-06, 'chunk number': 1650, 'reduction time (s)': 0.6403367519378662, 'chunks processed': 15, 'storage read (B)': 29685482, 'selection 2 time (s)': 0.6471822261810303}
Thread times [0.28389501571655273, 0.36667370796203613, 0.4017612934112549, 0.41350889205932617, 0.45854878425598145, 0.4646928310394287, 0.4627683162689209, 0.4705500602722168, 0.47440171241760254, 0.4725017547607422, 0.4893374443054199, 0.48737025260925293, 0.49809908866882324, 0.5089242458343506, 0.5122010707855225]
{'args': ((7, 0, slice(0, 960, None), slice(None, None, None)),), 'dataset shape': (40, 11, 1921, 2560), 'dataset chunks': (7, 1, 385, 512), 'indexing time (s)': 1.6689300537109375e-06, 'chunk number': 1650, 'reduction time (s)': 0.5199732780456543, 'chunks processed': 15, 'storage read (B)': 29701892, 'selection 2 time (s)': 0.5274825096130371}
Thread times [0.15188169479370117, 0.1714937686920166, 0.1745924949645996, 0.17531490325927734, 0.18464875221252441, 0.19362545013427734, 0.34572434425354004, 0.3533291816711426, 0.3634059429168701, 0.35394835472106934, 0.3704235553741455, 0.3715782165527344, 0.3855113983154297, 0.4039947986602783, 0.4113161563873291]
{'args': ((8, 0, slice(0, 960, None), slice(None, None, None)),), 'dataset shape': (40, 11, 1921, 2560), 'dataset chunks': (7, 1, 385, 512), 'indexing time (s)': 2.1457672119140625e-06, 'chunk number': 1650, 'reduction time (s)': 0.41893982887268066, 'chunks processed': 15, 'storage read (B)': 29701892, 'selection 2 time (s)': 0.4251124858856201}
Thread times [0.20426630973815918, 0.2568542957305908, 0.2619454860687256, 0.2580699920654297, 0.28496623039245605, 0.30147695541381836, 0.30329275131225586, 0.2765841484069824, 0.32474732398986816, 0.35938477516174316, 0.3612377643585205, 0.34300994873046875, 0.38399696350097656, 0.3638911247253418, 0.38788318634033203]
{'args': ((9, 0, slice(0, 960, None), slice(None, None, None)),), 'dataset shape': (40, 11, 1921, 2560), 'dataset chunks': (7, 1, 385, 512), 'indexing time (s)': 1.6689300537109375e-06, 'chunk number': 1650, 'reduction time (s)': 0.4012000560760498, 'chunks processed': 15, 'storage read (B)': 29701892, 'selection 2 time (s)': 0.4080843925476074}
Thread times [0.19938063621520996, 0.281156063079834, 0.28026485443115234, 0.2852203845977783, 0.36748409271240234, 0.38588690757751465, 0.40824317932128906, 0.40684962272644043, 0.4064819812774658, 0.41284990310668945, 0.42908406257629395, 0.42723584175109863, 0.4318058490753174, 0.44266772270202637, 0.4451732635498047]
{'args': ((10, 0, slice(0, 960, None), slice(None, None, None)),), 'dataset shape': (40, 11, 1921, 2560), 'dataset chunks': (7, 1, 385, 512), 'indexing time (s)': 1.6689300537109375e-06, 'chunk number': 1650, 'reduction time (s)': 0.45477747917175293, 'chunks processed': 15, 'storage read (B)': 29701892, 'selection 2 time (s)': 0.4606161117553711}
Thread times [0.3164069652557373, 0.3903167247772217, 0.5199556350708008, 0.5187292098999023, 0.5253312587738037, 0.5285346508026123, 0.5293409824371338, 0.5428378582000732, 0.5520668029785156, 0.5562987327575684, 0.5641880035400391, 0.5690176486968994, 0.5652308464050293, 0.5790200233459473, 0.581845760345459]
{'args': ((11, 0, slice(0, 960, None), slice(None, None, None)),), 'dataset shape': (40, 11, 1921, 2560), 'dataset chunks': (7, 1, 385, 512), 'indexing time (s)': 1.430511474609375e-06, 'chunk number': 1650, 'reduction time (s)': 0.5891385078430176, 'chunks processed': 15, 'storage read (B)': 29701892, 'selection 2 time (s)': 0.5953953266143799}
Thread times [0.2458493709564209, 0.2681910991668701, 0.4711129665374756, 0.4781618118286133, 0.4872293472290039, 0.49040842056274414, 0.4959883689880371, 0.4932239055633545, 0.49442267417907715, 0.50563645362854, 0.5131850242614746, 0.5212759971618652, 0.5203673839569092, 0.5288825035095215, 0.5353968143463135]
{'args': ((12, 0, slice(0, 960, None), slice(None, None, None)),), 'dataset shape': (40, 11, 1921, 2560), 'dataset chunks': (7, 1, 385, 512), 'indexing time (s)': 1.9073486328125e-06, 'chunk number': 1650, 'reduction time (s)': 0.5438203811645508, 'chunks processed': 15, 'storage read (B)': 29701892, 'selection 2 time (s)': 0.5505537986755371}
Thread times [0.170166015625, 0.17131328582763672, 0.18469548225402832, 0.19569849967956543, 0.20420289039611816, 0.19541501998901367, 0.21042180061340332, 0.20455169677734375, 0.20865440368652344, 0.22525525093078613, 0.2388448715209961, 0.2351839542388916, 0.24069929122924805, 0.32080721855163574, 0.35106396675109863]
{'args': ((13, 0, slice(0, 960, None), slice(None, None, None)),), 'dataset shape': (40, 11, 1921, 2560), 'dataset chunks': (7, 1, 385, 512), 'indexing time (s)': 1.1920928955078125e-06, 'chunk number': 1650, 'reduction time (s)': 0.36472272872924805, 'chunks processed': 15, 'storage read (B)': 29701892, 'selection 2 time (s)': 0.37100934982299805}
Thread times [0.22784018516540527, 0.2326362133026123, 0.2068924903869629, 0.24856209754943848, 0.23431706428527832, 0.2653355598449707, 0.4362156391143799, 0.4391942024230957, 0.43567585945129395, 0.44901466369628906, 0.45296192169189453, 0.45481085777282715, 0.4620845317840576, 0.4610249996185303, 0.47389888763427734]
{'args': ((14, 0, slice(0, 960, None), slice(None, None, None)),), 'dataset shape': (40, 11, 1921, 2560), 'dataset chunks': (7, 1, 385, 512), 'indexing time (s)': 1.1920928955078125e-06, 'chunk number': 1650, 'reduction time (s)': 0.4823935031890869, 'chunks processed': 15, 'storage read (B)': 29733505, 'selection 2 time (s)': 0.4889976978302002}
Thread times [0.13816046714782715, 0.16767668724060059, 0.17058539390563965, 0.18613576889038086, 0.19722914695739746, 0.20031142234802246, 0.19882941246032715, 0.48731350898742676, 0.507390022277832, 0.5141160488128662, 0.513214111328125, 0.5131199359893799, 0.5321617126464844, 0.5263543128967285, 0.553314208984375]
{'args': ((15, 0, slice(0, 960, None), slice(None, None, None)),), 'dataset shape': (40, 11, 1921, 2560), 'dataset chunks': (7, 1, 385, 512), 'indexing time (s)': 1.430511474609375e-06, 'chunk number': 1650, 'reduction time (s)': 0.5636477470397949, 'chunks processed': 15, 'storage read (B)': 29733505, 'selection 2 time (s)': 0.5714516639709473}
Thread times [0.35044264793395996, 0.43861818313598633, 0.44229769706726074, 0.45014500617980957, 0.45874619483947754, 0.46029233932495117, 0.46464109420776367, 0.45761752128601074, 0.4675483703613281, 0.46673107147216797, 0.47776150703430176, 0.4860074520111084, 0.48055362701416016, 0.5034303665161133, 0.49716877937316895]
{'args': ((16, 0, slice(0, 960, None), slice(None, None, None)),), 'dataset shape': (40, 11, 1921, 2560), 'dataset chunks': (7, 1, 385, 512), 'indexing time (s)': 1.430511474609375e-06, 'chunk number': 1650, 'reduction time (s)': 0.5723810195922852, 'chunks processed': 15, 'storage read (B)': 29733505, 'selection 2 time (s)': 0.5785458087921143}
Thread times [0.1840670108795166, 0.3511807918548584, 0.3807034492492676, 0.3897702693939209, 0.394381046295166, 0.40496087074279785, 0.4072244167327881, 0.41559767723083496, 0.42244982719421387, 0.41023826599121094, 0.42896103858947754, 0.44385290145874023, 1.1843771934509277, 1.1823468208312988, 1.1989035606384277]
{'args': ((17, 0, slice(0, 960, None), slice(None, None, None)),), 'dataset shape': (40, 11, 1921, 2560), 'dataset chunks': (7, 1, 385, 512), 'indexing time (s)': 9.5367431640625e-07, 'chunk number': 1650, 'reduction time (s)': 1.2034361362457275, 'chunks processed': 15, 'storage read (B)': 29733505, 'selection 2 time (s)': 1.210097312927246}
Thread times [0.24061107635498047, 0.2440190315246582, 0.2488863468170166, 0.2781853675842285, 0.30156588554382324, 0.4654057025909424, 0.47495460510253906, 0.5062263011932373, 0.518244743347168, 0.5299012660980225, 0.5350914001464844, 0.5186893939971924, 0.5561912059783936, 0.553466796875, 0.5685563087463379]
{'args': ((18, 0, slice(0, 960, None), slice(None, None, None)),), 'dataset shape': (40, 11, 1921, 2560), 'dataset chunks': (7, 1, 385, 512), 'indexing time (s)': 1.430511474609375e-06, 'chunk number': 1650, 'reduction time (s)': 0.578648567199707, 'chunks processed': 15, 'storage read (B)': 29733505, 'selection 2 time (s)': 0.5855801105499268}
Thread times [0.4111652374267578, 0.46623706817626953, 0.5379440784454346, 0.5629897117614746, 0.5777058601379395, 0.5817310810089111, 0.5855555534362793, 0.5942213535308838, 0.6022655963897705, 0.609987735748291, 0.6066532135009766, 0.6132698059082031, 0.6194839477539062, 0.6241858005523682, 0.6358885765075684]
{'args': ((19, 0, slice(0, 960, None), slice(None, None, None)),), 'dataset shape': (40, 11, 1921, 2560), 'dataset chunks': (7, 1, 385, 512), 'indexing time (s)': 1.430511474609375e-06, 'chunk number': 1650, 'reduction time (s)': 0.6440830230712891, 'chunks processed': 15, 'storage read (B)': 29733505, 'selection 2 time (s)': 0.6500849723815918}
Thread times [0.08440089225769043, 0.16710567474365234, 0.23316335678100586, 0.24075603485107422, 0.25069618225097656, 0.23833322525024414, 0.25472259521484375, 0.36205244064331055, 0.3647117614746094, 0.36104440689086914, 0.37841200828552246, 0.36930012702941895, 0.38890814781188965, 0.3943753242492676, 0.40467023849487305]
{'args': ((20, 0, slice(0, 960, None), slice(None, None, None)),), 'dataset shape': (40, 11, 1921, 2560), 'dataset chunks': (7, 1, 385, 512), 'indexing time (s)': 1.430511474609375e-06, 'chunk number': 1650, 'reduction time (s)': 0.41228532791137695, 'chunks processed': 15, 'storage read (B)': 29733505, 'selection 2 time (s)': 0.4192698001861572}
Thread times [0.15778088569641113, 0.15548968315124512, 0.15511727333068848, 0.2156987190246582, 0.20653009414672852, 0.3237190246582031, 0.3400847911834717, 0.382735013961792, 0.44426417350769043, 0.4612083435058594, 0.4891507625579834, 0.4791297912597656, 0.48433732986450195, 0.5036389827728271, 0.4979434013366699]
{'args': ((21, 0, slice(0, 960, None), slice(None, None, None)),), 'dataset shape': (40, 11, 1921, 2560), 'dataset chunks': (7, 1, 385, 512), 'indexing time (s)': 1.1920928955078125e-06, 'chunk number': 1650, 'reduction time (s)': 0.512803316116333, 'chunks processed': 15, 'storage read (B)': 29686785, 'selection 2 time (s)': 0.518855094909668}
Thread times [0.14092540740966797, 0.31551527976989746, 0.33360981941223145, 0.5434319972991943, 0.5548577308654785, 0.5494687557220459, 0.5623495578765869, 0.5793893337249756, 0.5854995250701904, 0.5874426364898682, 0.5990691184997559, 0.5971665382385254, 0.5955255031585693, 0.6194052696228027, 0.6261568069458008]
{'args': ((22, 0, slice(0, 960, None), slice(None, None, None)),), 'dataset shape': (40, 11, 1921, 2560), 'dataset chunks': (7, 1, 385, 512), 'indexing time (s)': 9.5367431640625e-07, 'chunk number': 1650, 'reduction time (s)': 0.6384484767913818, 'chunks processed': 15, 'storage read (B)': 29686785, 'selection 2 time (s)': 0.644434928894043}
Thread times [0.30851101875305176, 0.33843398094177246, 0.5187866687774658, 0.5534980297088623, 0.564626932144165, 0.598625659942627, 0.6040844917297363, 0.6174726486206055, 0.6039669513702393, 0.6203744411468506, 0.624687910079956, 0.6338403224945068, 0.6396756172180176, 0.6469261646270752, 0.6511209011077881]
{'args': ((23, 0, slice(0, 960, None), slice(None, None, None)),), 'dataset shape': (40, 11, 1921, 2560), 'dataset chunks': (7, 1, 385, 512), 'indexing time (s)': 1.430511474609375e-06, 'chunk number': 1650, 'reduction time (s)': 0.6674513816833496, 'chunks processed': 15, 'storage read (B)': 29686785, 'selection 2 time (s)': 0.6747415065765381}
Thread times [0.35322093963623047, 0.3860037326812744, 0.488727331161499, 0.5266594886779785, 0.5761773586273193, 0.5888421535491943, 0.5886924266815186, 0.5988979339599609, 0.6042575836181641, 0.5933065414428711, 0.623176097869873, 0.6264245510101318, 0.6383180618286133, 0.6337361335754395, 0.6435842514038086]
{'args': ((24, 0, slice(0, 960, None), slice(None, None, None)),), 'dataset shape': (40, 11, 1921, 2560), 'dataset chunks': (7, 1, 385, 512), 'indexing time (s)': 1.430511474609375e-06, 'chunk number': 1650, 'reduction time (s)': 0.6556024551391602, 'chunks processed': 15, 'storage read (B)': 29686785, 'selection 2 time (s)': 0.661778450012207}
Thread times [0.13329577445983887, 0.1458277702331543, 0.17261838912963867, 0.2174527645111084, 0.23587775230407715, 0.4857141971588135, 0.5596284866333008, 0.5657486915588379, 0.5811722278594971, 0.5884361267089844, 0.5837934017181396, 0.5910017490386963, 0.6083993911743164, 0.6185886859893799, 0.6330101490020752]
{'args': ((25, 0, slice(0, 960, None), slice(None, None, None)),), 'dataset shape': (40, 11, 1921, 2560), 'dataset chunks': (7, 1, 385, 512), 'indexing time (s)': 1.1920928955078125e-06, 'chunk number': 1650, 'reduction time (s)': 0.6477892398834229, 'chunks processed': 15, 'storage read (B)': 29686785, 'selection 2 time (s)': 0.653939962387085}
Thread times [0.26713109016418457, 0.4308738708496094, 0.46354079246520996, 0.46550893783569336, 0.6225731372833252, 0.6325442790985107, 0.6266078948974609, 0.6555342674255371, 0.6372702121734619, 0.6646811962127686, 0.6751697063446045, 0.6855664253234863, 0.6952342987060547, 0.702120304107666, 0.708491325378418]
{'args': ((26, 0, slice(0, 960, None), slice(None, None, None)),), 'dataset shape': (40, 11, 1921, 2560), 'dataset chunks': (7, 1, 385, 512), 'indexing time (s)': 1.1920928955078125e-06, 'chunk number': 1650, 'reduction time (s)': 0.7571203708648682, 'chunks processed': 15, 'storage read (B)': 29686785, 'selection 2 time (s)': 0.7631525993347168}
Thread times [0.41716504096984863, 0.44403815269470215, 0.5198280811309814, 0.5695993900299072, 0.5722231864929199, 0.6037802696228027, 0.6214888095855713, 0.6453158855438232, 0.6435019969940186, 0.6414051055908203, 0.6639354228973389, 0.6663835048675537, 0.6726021766662598, 0.6883885860443115, 1.1362128257751465]
{'args': ((27, 0, slice(0, 960, None), slice(None, None, None)),), 'dataset shape': (40, 11, 1921, 2560), 'dataset chunks': (7, 1, 385, 512), 'indexing time (s)': 1.6689300537109375e-06, 'chunk number': 1650, 'reduction time (s)': 1.1453604698181152, 'chunks processed': 15, 'storage read (B)': 29686785, 'selection 2 time (s)': 1.1514537334442139}
Thread times [0.15505695343017578, 0.16045832633972168, 0.16965723037719727, 0.33990001678466797, 0.3661341667175293, 0.4488189220428467, 0.4422488212585449, 0.4537239074707031, 0.46845221519470215, 0.4779794216156006, 0.47805118560791016, 0.4817178249359131, 0.48445677757263184, 0.4867103099822998, 0.4939699172973633]
{'args': ((28, 0, slice(0, 960, None), slice(None, None, None)),), 'dataset shape': (40, 11, 1921, 2560), 'dataset chunks': (7, 1, 385, 512), 'indexing time (s)': 1.1920928955078125e-06, 'chunk number': 1650, 'reduction time (s)': 0.5044822692871094, 'chunks processed': 15, 'storage read (B)': 29670387, 'selection 2 time (s)': 0.5106327533721924}
Thread times [0.16605639457702637, 0.14659953117370605, 0.17479825019836426, 0.18033719062805176, 0.18299221992492676, 0.23550057411193848, 0.2238457202911377, 0.23537230491638184, 0.23228979110717773, 0.23886394500732422, 0.2562532424926758, 0.28971076011657715, 0.3070492744445801, 0.30864524841308594, 0.33431243896484375]
{'args': ((29, 0, slice(0, 960, None), slice(None, None, None)),), 'dataset shape': (40, 11, 1921, 2560), 'dataset chunks': (7, 1, 385, 512), 'indexing time (s)': 1.430511474609375e-06, 'chunk number': 1650, 'reduction time (s)': 0.352522611618042, 'chunks processed': 15, 'storage read (B)': 29670387, 'selection 2 time (s)': 0.3590250015258789}
Thread times [0.16976499557495117, 0.1764822006225586, 0.1905512809753418, 0.18597936630249023, 0.1941235065460205, 0.20523285865783691, 0.22842121124267578, 0.23522257804870605, 0.33821702003479004, 0.3456456661224365, 0.35881805419921875, 0.3508448600769043, 0.3596920967102051, 0.3878958225250244, 0.4033832550048828]
{'args': ((30, 0, slice(0, 960, None), slice(None, None, None)),), 'dataset shape': (40, 11, 1921, 2560), 'dataset chunks': (7, 1, 385, 512), 'indexing time (s)': 1.1920928955078125e-06, 'chunk number': 1650, 'reduction time (s)': 0.41141390800476074, 'chunks processed': 15, 'storage read (B)': 29670387, 'selection 2 time (s)': 0.4178037643432617}
Thread times [0.37181925773620605, 0.40468573570251465, 0.5547873973846436, 0.5618722438812256, 0.5780112743377686, 0.579174280166626, 0.5864303112030029, 0.592993974685669, 0.5858407020568848, 0.6075270175933838, 0.60764479637146, 0.5999279022216797, 0.6121819019317627, 0.6234939098358154, 0.624812126159668]
{'args': ((31, 0, slice(0, 960, None), slice(None, None, None)),), 'dataset shape': (40, 11, 1921, 2560), 'dataset chunks': (7, 1, 385, 512), 'indexing time (s)': 1.7404556274414062e-05, 'chunk number': 1650, 'reduction time (s)': 0.634554386138916, 'chunks processed': 15, 'storage read (B)': 29670387, 'selection 2 time (s)': 0.6406025886535645}
Thread times [0.34506845474243164, 0.42292141914367676, 0.46541595458984375, 0.47342848777770996, 0.49190330505371094, 0.5030584335327148, 0.5051567554473877, 0.5055959224700928, 0.5181500911712646, 0.502777099609375, 0.5086407661437988, 0.5198993682861328, 0.5272724628448486, 0.5244960784912109, 0.5362119674682617]
{'args': ((32, 0, slice(0, 960, None), slice(None, None, None)),), 'dataset shape': (40, 11, 1921, 2560), 'dataset chunks': (7, 1, 385, 512), 'indexing time (s)': 1.1920928955078125e-06, 'chunk number': 1650, 'reduction time (s)': 0.5583305358886719, 'chunks processed': 15, 'storage read (B)': 29670387, 'selection 2 time (s)': 0.5646231174468994}
Thread times [0.16006088256835938, 0.29138851165771484, 0.30570435523986816, 0.38889431953430176, 0.4027526378631592, 0.4275038242340088, 0.4478003978729248, 0.4442770481109619, 0.4512145519256592, 0.45621347427368164, 0.46303415298461914, 0.47301244735717773, 0.4800527095794678, 0.48210835456848145, 0.488964319229126]
{'args': ((33, 0, slice(0, 960, None), slice(None, None, None)),), 'dataset shape': (40, 11, 1921, 2560), 'dataset chunks': (7, 1, 385, 512), 'indexing time (s)': 1.430511474609375e-06, 'chunk number': 1650, 'reduction time (s)': 0.5067164897918701, 'chunks processed': 15, 'storage read (B)': 29670387, 'selection 2 time (s)': 0.5128874778747559}
Thread times [0.313887357711792, 0.31342124938964844, 0.4528629779815674, 0.4576234817504883, 0.4528379440307617, 0.473909854888916, 0.4739384651184082, 0.4852132797241211, 0.4881613254547119, 0.48680925369262695, 0.49717020988464355, 0.50185227394104, 0.4942915439605713, 0.5026836395263672, 0.5182981491088867]
{'args': ((34, 0, slice(0, 960, None), slice(None, None, None)),), 'dataset shape': (40, 11, 1921, 2560), 'dataset chunks': (7, 1, 385, 512), 'indexing time (s)': 1.1920928955078125e-06, 'chunk number': 1650, 'reduction time (s)': 0.5289578437805176, 'chunks processed': 15, 'storage read (B)': 29670387, 'selection 2 time (s)': 0.5360300540924072}
Thread times [0.10416173934936523, 0.11316323280334473, 0.12565875053405762, 0.12685871124267578, 0.13091778755187988, 0.2068462371826172, 0.21240496635437012, 0.19350433349609375, 0.21387934684753418, 0.22626042366027832, 0.20610904693603516, 0.24666285514831543, 0.25583982467651367, 0.25578951835632324, 0.26068639755249023]
{'args': ((35, 0, slice(0, 960, None), slice(None, None, None)),), 'dataset shape': (40, 11, 1921, 2560), 'dataset chunks': (7, 1, 385, 512), 'indexing time (s)': 1.1920928955078125e-06, 'chunk number': 1650, 'reduction time (s)': 0.26430773735046387, 'chunks processed': 15, 'storage read (B)': 21287473, 'selection 2 time (s)': 0.2701692581176758}
Thread times [0.08184671401977539, 0.15262055397033691, 0.16197681427001953, 0.12029457092285156, 0.1733088493347168, 0.17227935791015625, 0.1324748992919922, 0.1504981517791748, 0.20949411392211914, 0.20757699012756348, 0.22203683853149414, 0.24522900581359863, 0.22493362426757812, 0.23201227188110352, 0.22783231735229492]
{'args': ((36, 0, slice(0, 960, None), slice(None, None, None)),), 'dataset shape': (40, 11, 1921, 2560), 'dataset chunks': (7, 1, 385, 512), 'indexing time (s)': 9.5367431640625e-07, 'chunk number': 1650, 'reduction time (s)': 0.2644045352935791, 'chunks processed': 15, 'storage read (B)': 21287473, 'selection 2 time (s)': 0.27074098587036133}
Thread times [0.10651540756225586, 0.19861435890197754, 0.2908601760864258, 0.30754637718200684, 0.3135676383972168, 0.31945204734802246, 0.32081127166748047, 0.3270294666290283, 0.335679292678833, 0.33985209465026855, 0.3386881351470947, 0.3475160598754883, 0.3518795967102051, 0.342332124710083, 0.35376572608947754]
{'args': ((37, 0, slice(0, 960, None), slice(None, None, None)),), 'dataset shape': (40, 11, 1921, 2560), 'dataset chunks': (7, 1, 385, 512), 'indexing time (s)': 2.1457672119140625e-06, 'chunk number': 1650, 'reduction time (s)': 0.36972808837890625, 'chunks processed': 15, 'storage read (B)': 21287473, 'selection 2 time (s)': 0.3759651184082031}
Thread times [0.08291983604431152, 0.10711193084716797, 0.23582124710083008, 0.2982492446899414, 0.3052339553833008, 0.3152635097503662, 0.313551664352417, 0.32298946380615234, 0.324413537979126, 0.33339476585388184, 0.34209442138671875, 0.3358891010284424, 0.34440135955810547, 0.3538496494293213, 0.3531508445739746]
{'args': ((38, 0, slice(0, 960, None), slice(None, None, None)),), 'dataset shape': (40, 11, 1921, 2560), 'dataset chunks': (7, 1, 385, 512), 'indexing time (s)': 1.1920928955078125e-06, 'chunk number': 1650, 'reduction time (s)': 0.36202359199523926, 'chunks processed': 15, 'storage read (B)': 21287473, 'selection 2 time (s)': 0.368380069732666}
Thread times [0.09919619560241699, 0.10518622398376465, 0.11606550216674805, 0.12959599494934082, 0.13125157356262207, 0.12630152702331543, 0.16283154487609863, 0.15030384063720703, 0.1611793041229248, 0.17565584182739258, 0.18724465370178223, 0.1893634796142578, 0.18656301498413086, 0.19275712966918945, 0.19803690910339355]
{'args': ((39, 0, slice(0, 960, None), slice(None, None, None)),), 'dataset shape': (40, 11, 1921, 2560), 'dataset chunks': (7, 1, 385, 512), 'indexing time (s)': 1.1920928955078125e-06, 'chunk number': 1650, 'reduction time (s)': 0.20759105682373047, 'chunks processed': 15, 'storage read (B)': 21287473, 'selection 2 time (s)': 0.21402454376220703}
[[226.07820312]
 [226.0646875 ]
 [225.93773437]
 [225.90822917]
 [225.91739583]
 [225.88460937]
 [225.82083333]
 [225.85434896]
 [225.98346354]
 [226.03822917]
 [226.01317708]
 [226.02335938]
 [226.03768229]
 [226.00489583]
 [225.91776042]
 [225.94033854]
 [225.98729167]
 [225.91453125]
 [225.81236979]
 [225.81888021]
 [225.8453125 ]
 [225.785     ]
 [225.63648438]
 [225.5565625 ]
 [225.45744792]
 [225.32382813]
 [225.16338542]
 [225.07789063]
 [225.07848958]
 [225.10666667]
 [225.17609375]
 [225.36867187]
 [225.57927083]
 [225.69085938]
 [225.72221354]
 [225.82367188]
 [225.93643229]
 [225.96760417]
 [225.91872396]
 [225.92236979]]
Summary:  sci4-op-r1:Active (T100,BS5): 1.01s,21.75s,26.29s
