Dataset loaded from S3 with s3fs and Pyfive: bnl/ch330a.pc19790301-def.nc (0.028,0.45)
Thread times [0.0819547176361084, 0.08202075958251953, 0.08887767791748047, 0.07860589027404785, 0.09277749061584473, 0.2084028720855713, 0.08270835876464844, 0.10639643669128418, 0.2628030776977539, 0.1159968376159668, 0.10392308235168457, 0.2526681423187256, 0.10868430137634277, 0.09588789939880371, 0.11374640464782715]
{'load nc time': 0.5347883701324463, 'args': ((0, 0, slice(0, 960, None), slice(None, None, None)),), 'dataset shape': (40, 11, 1921, 2560), 'dataset chunks': (7, 1, 385, 512), 'indexing time (s)': 2.554509162902832, 'chunk number': 1650, 'reduction time (s)': 1.8768024444580078, 'chunks processed': 15, 'storage read (B)': 29685482, 'selection 1 time (s)': 4.431454658508301}
Thread times [0.180863618850708, 0.12685394287109375, 0.271315336227417, 0.1303112506866455, 0.09609127044677734, 0.25684332847595215, 0.0845489501953125, 0.09221410751342773, 0.3294522762298584, 0.10878729820251465, 0.10582780838012695, 0.23341703414916992, 0.14320874214172363, 0.18600988388061523, 0.17760300636291504]
{'args': ((1, 0, slice(0, 960, None), slice(None, None, None)),), 'dataset shape': (40, 11, 1921, 2560), 'dataset chunks': (7, 1, 385, 512), 'indexing time (s)': 2.1457672119140625e-06, 'chunk number': 1650, 'reduction time (s)': 2.5249228477478027, 'chunks processed': 15, 'storage read (B)': 29685482, 'selection 1 time (s)': 2.5251662731170654}
Thread times [0.1307358741760254, 0.12056946754455566, 0.10962438583374023, 0.10163593292236328, 0.11160826683044434, 0.25465846061706543, 0.08599591255187988, 0.12148380279541016, 0.25318264961242676, 0.09105682373046875, 0.10904741287231445, 0.24476408958435059, 0.08869552612304688, 0.09515929222106934, 0.08530640602111816]
{'args': ((2, 0, slice(0, 960, None), slice(None, None, None)),), 'dataset shape': (40, 11, 1921, 2560), 'dataset chunks': (7, 1, 385, 512), 'indexing time (s)': 3.337860107421875e-06, 'chunk number': 1650, 'reduction time (s)': 2.0051140785217285, 'chunks processed': 15, 'storage read (B)': 29685482, 'selection 1 time (s)': 2.00545334815979}
Thread times [0.08949971199035645, 0.0867919921875, 0.09672665596008301, 0.11700439453125, 0.09031820297241211, 0.2786252498626709, 0.0887916088104248, 0.13026642799377441, 0.26235318183898926, 0.10509037971496582, 0.13533854484558105, 0.2534911632537842, 0.13494277000427246, 0.1401965618133545, 0.10631966590881348]
{'args': ((3, 0, slice(0, 960, None), slice(None, None, None)),), 'dataset shape': (40, 11, 1921, 2560), 'dataset chunks': (7, 1, 385, 512), 'indexing time (s)': 1.1920928955078125e-06, 'chunk number': 1650, 'reduction time (s)': 2.116899251937866, 'chunks processed': 15, 'storage read (B)': 29685482, 'selection 1 time (s)': 2.1170544624328613}
Thread times [0.08679604530334473, 0.08034563064575195, 0.0895836353302002, 0.09695243835449219, 0.08895158767700195, 0.22072601318359375, 0.07998061180114746, 0.1134023666381836, 0.2523519992828369, 0.14793825149536133, 0.1497049331665039, 0.2534146308898926, 0.13846564292907715, 0.0980534553527832, 0.11718916893005371]
{'args': ((4, 0, slice(0, 960, None), slice(None, None, None)),), 'dataset shape': (40, 11, 1921, 2560), 'dataset chunks': (7, 1, 385, 512), 'indexing time (s)': 1.1920928955078125e-06, 'chunk number': 1650, 'reduction time (s)': 2.014904260635376, 'chunks processed': 15, 'storage read (B)': 29685482, 'selection 1 time (s)': 2.0150558948516846}
Thread times [0.10439753532409668, 0.07713127136230469, 0.08576703071594238, 0.08561563491821289, 0.16368412971496582, 0.22481250762939453, 0.1192781925201416, 0.10698246955871582, 0.24666047096252441, 0.09808802604675293, 0.09841489791870117, 0.3143937587738037, 0.10930228233337402, 0.09560585021972656, 0.11283373832702637]
{'args': ((5, 0, slice(0, 960, None), slice(None, None, None)),), 'dataset shape': (40, 11, 1921, 2560), 'dataset chunks': (7, 1, 385, 512), 'indexing time (s)': 9.5367431640625e-07, 'chunk number': 1650, 'reduction time (s)': 2.044034719467163, 'chunks processed': 15, 'storage read (B)': 29685482, 'selection 1 time (s)': 2.044182777404785}
Thread times [0.09652376174926758, 0.09566688537597656, 0.15042614936828613, 0.0886693000793457, 0.2058703899383545, 0.2500112056732178, 0.09471726417541504, 0.1161191463470459, 0.27334117889404297, 0.1169898509979248, 0.17984294891357422, 0.23350048065185547, 0.11799240112304688, 0.12062358856201172, 0.09855365753173828]
{'args': ((6, 0, slice(0, 960, None), slice(None, None, None)),), 'dataset shape': (40, 11, 1921, 2560), 'dataset chunks': (7, 1, 385, 512), 'indexing time (s)': 9.5367431640625e-07, 'chunk number': 1650, 'reduction time (s)': 2.2399368286132812, 'chunks processed': 15, 'storage read (B)': 29685482, 'selection 1 time (s)': 2.2400858402252197}
Thread times [0.10921669006347656, 0.15137982368469238, 0.09961915016174316, 0.11468887329101562, 0.16031169891357422, 0.10360383987426758, 0.1000518798828125, 0.21666717529296875, 0.15191054344177246, 0.11526846885681152, 0.08810257911682129, 0.11366915702819824, 0.2266087532043457, 0.11334896087646484, 0.09424257278442383]
{'args': ((7, 0, slice(0, 960, None), slice(None, None, None)),), 'dataset shape': (40, 11, 1921, 2560), 'dataset chunks': (7, 1, 385, 512), 'indexing time (s)': 9.5367431640625e-07, 'chunk number': 1650, 'reduction time (s)': 1.9597687721252441, 'chunks processed': 15, 'storage read (B)': 29701892, 'selection 1 time (s)': 1.9599218368530273}
Thread times [0.12584853172302246, 0.1120307445526123, 0.0941309928894043, 0.11433076858520508, 0.16074705123901367, 0.1362617015838623, 0.12615013122558594, 0.2448558807373047, 0.10611581802368164, 0.11845636367797852, 0.09490060806274414, 0.11191058158874512, 0.2503507137298584, 0.14073848724365234, 0.22592711448669434]
{'args': ((8, 0, slice(0, 960, None), slice(None, None, None)),), 'dataset shape': (40, 11, 1921, 2560), 'dataset chunks': (7, 1, 385, 512), 'indexing time (s)': 9.5367431640625e-07, 'chunk number': 1650, 'reduction time (s)': 2.163914680480957, 'chunks processed': 15, 'storage read (B)': 29701892, 'selection 1 time (s)': 2.164064884185791}
Thread times [0.11238861083984375, 0.09862422943115234, 0.09203910827636719, 0.1170036792755127, 0.09558677673339844, 0.0986933708190918, 0.10731172561645508, 0.25286197662353516, 0.0906832218170166, 0.10150909423828125, 0.09900236129760742, 0.1089482307434082, 0.2839927673339844, 0.07986092567443848, 0.09837174415588379]
{'args': ((9, 0, slice(0, 960, None), slice(None, None, None)),), 'dataset shape': (40, 11, 1921, 2560), 'dataset chunks': (7, 1, 385, 512), 'indexing time (s)': 9.5367431640625e-07, 'chunk number': 1650, 'reduction time (s)': 1.8383145332336426, 'chunks processed': 15, 'storage read (B)': 29701892, 'selection 1 time (s)': 1.8384521007537842}
Thread times [0.08430290222167969, 0.0993492603302002, 0.09319067001342773, 0.10923886299133301, 0.09369444847106934, 0.09696531295776367, 0.09572720527648926, 0.23788785934448242, 0.10199213027954102, 1.0986027717590332, 0.0989370346069336, 0.11269950866699219, 0.23329830169677734, 0.12720656394958496, 0.09553718566894531]
{'args': ((10, 0, slice(0, 960, None), slice(None, None, None)),), 'dataset shape': (40, 11, 1921, 2560), 'dataset chunks': (7, 1, 385, 512), 'indexing time (s)': 7.152557373046875e-07, 'chunk number': 1650, 'reduction time (s)': 2.7800729274749756, 'chunks processed': 15, 'storage read (B)': 29701892, 'selection 1 time (s)': 2.780250072479248}
Thread times [0.09276199340820312, 0.09514284133911133, 0.09862112998962402, 0.09740114212036133, 0.14053630828857422, 0.1154317855834961, 0.10571789741516113, 0.2579472064971924, 0.11027073860168457, 0.09965896606445312, 0.09396171569824219, 0.19302701950073242, 0.2589385509490967, 0.14892363548278809, 0.10914826393127441]
{'args': ((11, 0, slice(0, 960, None), slice(None, None, None)),), 'dataset shape': (40, 11, 1921, 2560), 'dataset chunks': (7, 1, 385, 512), 'indexing time (s)': 2.6226043701171875e-06, 'chunk number': 1650, 'reduction time (s)': 2.0189526081085205, 'chunks processed': 15, 'storage read (B)': 29701892, 'selection 1 time (s)': 2.019272804260254}
Thread times [0.0943450927734375, 0.10733819007873535, 0.08959364891052246, 0.09650874137878418, 0.09857845306396484, 0.1363663673400879, 0.10072135925292969, 0.25447940826416016, 0.10620903968811035, 0.09406423568725586, 0.09524130821228027, 0.12162327766418457, 0.22527122497558594, 0.09707403182983398, 0.10152769088745117]
{'args': ((12, 0, slice(0, 960, None), slice(None, None, None)),), 'dataset shape': (40, 11, 1921, 2560), 'dataset chunks': (7, 1, 385, 512), 'indexing time (s)': 9.5367431640625e-07, 'chunk number': 1650, 'reduction time (s)': 1.8205342292785645, 'chunks processed': 15, 'storage read (B)': 29701892, 'selection 1 time (s)': 1.8207170963287354}
Thread times [0.12973523139953613, 0.09335565567016602, 0.09108376502990723, 0.14560937881469727, 0.10586667060852051, 0.11499285697937012, 0.09941983222961426, 0.23502612113952637, 0.10625863075256348, 0.09203839302062988, 0.09866142272949219, 0.1097104549407959, 0.24708938598632812, 0.09285855293273926, 0.08716654777526855]
{'args': ((13, 0, slice(0, 960, None), slice(None, None, None)),), 'dataset shape': (40, 11, 1921, 2560), 'dataset chunks': (7, 1, 385, 512), 'indexing time (s)': 2.384185791015625e-06, 'chunk number': 1650, 'reduction time (s)': 1.85029935836792, 'chunks processed': 15, 'storage read (B)': 29701892, 'selection 1 time (s)': 1.8506484031677246}
Thread times [0.09058165550231934, 0.1105802059173584, 0.10882568359375, 0.10499024391174316, 0.18586421012878418, 0.12498307228088379, 0.10882019996643066, 0.10276079177856445, 0.26775240898132324, 0.10898041725158691, 0.10945391654968262, 0.10643982887268066, 0.11105036735534668, 0.09516119956970215, 0.09745597839355469]
{'args': ((14, 0, slice(0, 960, None), slice(None, None, None)),), 'dataset shape': (40, 11, 1921, 2560), 'dataset chunks': (7, 1, 385, 512), 'indexing time (s)': 9.5367431640625e-07, 'chunk number': 1650, 'reduction time (s)': 1.8349881172180176, 'chunks processed': 15, 'storage read (B)': 29733505, 'selection 1 time (s)': 1.8351352214813232}
Thread times [0.10028672218322754, 0.10271430015563965, 0.10994338989257812, 0.1162269115447998, 0.09955310821533203, 0.10413527488708496, 0.09777259826660156, 0.10164403915405273, 0.21839284896850586, 0.10687756538391113, 0.0995323657989502, 0.1046912670135498, 0.10851049423217773, 0.10805106163024902, 0.09477043151855469]
{'args': ((15, 0, slice(0, 960, None), slice(None, None, None)),), 'dataset shape': (40, 11, 1921, 2560), 'dataset chunks': (7, 1, 385, 512), 'indexing time (s)': 1.1920928955078125e-06, 'chunk number': 1650, 'reduction time (s)': 1.6741740703582764, 'chunks processed': 15, 'storage read (B)': 29733505, 'selection 1 time (s)': 1.6743347644805908}
Thread times [0.09283256530761719, 0.1881999969482422, 0.07650399208068848, 0.0877223014831543, 0.08593964576721191, 0.10788798332214355, 0.10351014137268066, 0.11818408966064453, 0.2860100269317627, 0.1450655460357666, 0.09057831764221191, 0.11884188652038574, 0.11545181274414062, 0.110198974609375, 0.09200525283813477]
{'args': ((16, 0, slice(0, 960, None), slice(None, None, None)),), 'dataset shape': (40, 11, 1921, 2560), 'dataset chunks': (7, 1, 385, 512), 'indexing time (s)': 9.5367431640625e-07, 'chunk number': 1650, 'reduction time (s)': 1.8203234672546387, 'chunks processed': 15, 'storage read (B)': 29733505, 'selection 1 time (s)': 1.8204643726348877}
Thread times [0.10997939109802246, 0.09257888793945312, 0.09061908721923828, 0.11758828163146973, 0.08818387985229492, 0.10594773292541504, 0.12215352058410645, 0.11027407646179199, 0.2986290454864502, 0.1041414737701416, 0.11225128173828125, 0.11352276802062988, 0.11969685554504395, 0.1148381233215332, 0.10325241088867188]
{'args': ((17, 0, slice(0, 960, None), slice(None, None, None)),), 'dataset shape': (40, 11, 1921, 2560), 'dataset chunks': (7, 1, 385, 512), 'indexing time (s)': 1.430511474609375e-06, 'chunk number': 1650, 'reduction time (s)': 1.8048779964447021, 'chunks processed': 15, 'storage read (B)': 29733505, 'selection 1 time (s)': 1.8050925731658936}
Thread times [0.08986377716064453, 0.08380007743835449, 0.10672521591186523, 0.1377418041229248, 0.0890812873840332, 0.10385799407958984, 0.12784123420715332, 0.11235189437866211, 0.24940872192382812, 0.10864806175231934, 0.09954619407653809, 0.1031646728515625, 0.11522865295410156, 0.1178884506225586, 0.09099769592285156]
{'args': ((18, 0, slice(0, 960, None), slice(None, None, None)),), 'dataset shape': (40, 11, 1921, 2560), 'dataset chunks': (7, 1, 385, 512), 'indexing time (s)': 1.1920928955078125e-06, 'chunk number': 1650, 'reduction time (s)': 1.7373225688934326, 'chunks processed': 15, 'storage read (B)': 29733505, 'selection 1 time (s)': 1.7374632358551025}
Thread times [0.09813451766967773, 0.08486127853393555, 0.11798214912414551, 0.10851883888244629, 0.10241460800170898, 0.10488295555114746, 0.11054325103759766, 0.1329808235168457, 0.23385143280029297, 0.10345673561096191, 0.12347936630249023, 0.1310253143310547, 0.11772942543029785, 0.09242939949035645, 0.10523843765258789]
{'args': ((19, 0, slice(0, 960, None), slice(None, None, None)),), 'dataset shape': (40, 11, 1921, 2560), 'dataset chunks': (7, 1, 385, 512), 'indexing time (s)': 9.5367431640625e-07, 'chunk number': 1650, 'reduction time (s)': 1.7688679695129395, 'chunks processed': 15, 'storage read (B)': 29733505, 'selection 1 time (s)': 1.7690327167510986}
Thread times [0.09119248390197754, 0.09005403518676758, 0.09733223915100098, 0.09780311584472656, 0.09151411056518555, 0.11852669715881348, 0.13810038566589355, 0.10412979125976562, 0.24124598503112793, 0.10319280624389648, 0.10073471069335938, 0.11891889572143555, 0.12631440162658691, 0.09445929527282715, 0.09172201156616211]
{'args': ((20, 0, slice(0, 960, None), slice(None, None, None)),), 'dataset shape': (40, 11, 1921, 2560), 'dataset chunks': (7, 1, 385, 512), 'indexing time (s)': 1.430511474609375e-06, 'chunk number': 1650, 'reduction time (s)': 1.7066869735717773, 'chunks processed': 15, 'storage read (B)': 29733505, 'selection 1 time (s)': 1.706852674484253}
Thread times [0.08459901809692383, 0.08647441864013672, 0.12914299964904785, 0.06965231895446777, 0.08894610404968262, 0.24089312553405762, 0.08998298645019531, 0.15408611297607422, 0.1083683967590332, 0.11305856704711914, 0.13740944862365723, 0.13315558433532715, 0.2350749969482422, 0.22972965240478516, 0.0829305648803711]
{'args': ((21, 0, slice(0, 960, None), slice(None, None, None)),), 'dataset shape': (40, 11, 1921, 2560), 'dataset chunks': (7, 1, 385, 512), 'indexing time (s)': 1.430511474609375e-06, 'chunk number': 1650, 'reduction time (s)': 1.9849445819854736, 'chunks processed': 15, 'storage read (B)': 29686785, 'selection 1 time (s)': 1.9851980209350586}
Thread times [0.08339381217956543, 0.2962470054626465, 0.13081145286560059, 0.08776116371154785, 0.09114480018615723, 0.24961614608764648, 0.11912345886230469, 0.21881341934204102, 0.11441588401794434, 0.18077421188354492, 0.12160491943359375, 0.11217427253723145, 0.3426699638366699, 0.35690975189208984, 0.09602022171020508]
{'args': ((22, 0, slice(0, 960, None), slice(None, None, None)),), 'dataset shape': (40, 11, 1921, 2560), 'dataset chunks': (7, 1, 385, 512), 'indexing time (s)': 1.430511474609375e-06, 'chunk number': 1650, 'reduction time (s)': 2.6027591228485107, 'chunks processed': 15, 'storage read (B)': 29686785, 'selection 1 time (s)': 2.602916955947876}
Thread times [0.09227395057678223, 0.10342693328857422, 0.1008005142211914, 0.08610987663269043, 0.09917926788330078, 0.23830294609069824, 0.09574651718139648, 0.12280988693237305, 0.1432788372039795, 0.1047966480255127, 0.11672830581665039, 0.09673690795898438, 0.23810029029846191, 0.20913124084472656, 0.09392452239990234]
{'args': ((23, 0, slice(0, 960, None), slice(None, None, None)),), 'dataset shape': (40, 11, 1921, 2560), 'dataset chunks': (7, 1, 385, 512), 'indexing time (s)': 9.5367431640625e-07, 'chunk number': 1650, 'reduction time (s)': 1.9425690174102783, 'chunks processed': 15, 'storage read (B)': 29686785, 'selection 1 time (s)': 1.9427211284637451}
Thread times [0.08326578140258789, 0.09161567687988281, 0.09894871711730957, 0.08863329887390137, 0.09098482131958008, 0.24126029014587402, 0.12432408332824707, 0.12263274192810059, 0.12977361679077148, 0.1078484058380127, 0.14269423484802246, 0.10443878173828125, 0.24641823768615723, 0.2201387882232666, 0.10203838348388672]
{'args': ((24, 0, slice(0, 960, None), slice(None, None, None)),), 'dataset shape': (40, 11, 1921, 2560), 'dataset chunks': (7, 1, 385, 512), 'indexing time (s)': 9.5367431640625e-07, 'chunk number': 1650, 'reduction time (s)': 1.9962046146392822, 'chunks processed': 15, 'storage read (B)': 29686785, 'selection 1 time (s)': 1.996345043182373}
Thread times [0.08173775672912598, 0.08533620834350586, 0.11421036720275879, 0.08121180534362793, 0.13349676132202148, 0.23386311531066895, 0.0954434871673584, 0.09340667724609375, 0.10327267646789551, 0.11909842491149902, 0.1538078784942627, 0.09642624855041504, 0.3972511291503906, 0.32150983810424805, 0.14714860916137695]
{'args': ((25, 0, slice(0, 960, None), slice(None, None, None)),), 'dataset shape': (40, 11, 1921, 2560), 'dataset chunks': (7, 1, 385, 512), 'indexing time (s)': 9.5367431640625e-07, 'chunk number': 1650, 'reduction time (s)': 2.2584116458892822, 'chunks processed': 15, 'storage read (B)': 29686785, 'selection 1 time (s)': 2.258549451828003}
Thread times [0.11282682418823242, 0.09735417366027832, 0.10213446617126465, 0.07817935943603516, 0.15622258186340332, 0.2545161247253418, 0.09260869026184082, 0.0899507999420166, 0.1474454402923584, 0.10083484649658203, 0.14587759971618652, 0.0947885513305664, 0.2388288974761963, 0.25763916969299316, 0.0904545783996582]
{'args': ((26, 0, slice(0, 960, None), slice(None, None, None)),), 'dataset shape': (40, 11, 1921, 2560), 'dataset chunks': (7, 1, 385, 512), 'indexing time (s)': 1.1920928955078125e-06, 'chunk number': 1650, 'reduction time (s)': 2.061039686203003, 'chunks processed': 15, 'storage read (B)': 29686785, 'selection 1 time (s)': 2.0611937046051025}
Thread times [0.1055142879486084, 0.07995748519897461, 0.10250520706176758, 0.08260226249694824, 0.08062124252319336, 0.24389910697937012, 0.09839510917663574, 0.10318970680236816, 0.10941839218139648, 0.10897326469421387, 0.12462329864501953, 0.09779071807861328, 0.21821236610412598, 0.2083747386932373, 0.12933087348937988]
{'args': ((27, 0, slice(0, 960, None), slice(None, None, None)),), 'dataset shape': (40, 11, 1921, 2560), 'dataset chunks': (7, 1, 385, 512), 'indexing time (s)': 1.430511474609375e-06, 'chunk number': 1650, 'reduction time (s)': 1.8945355415344238, 'chunks processed': 15, 'storage read (B)': 29686785, 'selection 1 time (s)': 1.8946733474731445}
Thread times [0.07530951499938965, 0.12582015991210938, 0.161698579788208, 0.16521263122558594, 0.0874176025390625, 0.09380316734313965, 0.09467864036560059, 0.09071516990661621, 0.12659025192260742, 0.11148810386657715, 0.10910606384277344, 0.2185966968536377, 0.11535263061523438, 0.09924101829528809, 0.0950474739074707]
{'args': ((28, 0, slice(0, 960, None), slice(None, None, None)),), 'dataset shape': (40, 11, 1921, 2560), 'dataset chunks': (7, 1, 385, 512), 'indexing time (s)': 1.1920928955078125e-06, 'chunk number': 1650, 'reduction time (s)': 1.771195411682129, 'chunks processed': 15, 'storage read (B)': 29670387, 'selection 1 time (s)': 1.771392822265625}
Thread times [0.08324313163757324, 0.09334874153137207, 0.1048896312713623, 0.08962750434875488, 0.13851618766784668, 0.10406231880187988, 0.09708213806152344, 0.09268617630004883, 0.09350252151489258, 0.10763072967529297, 0.1087338924407959, 0.2486894130706787, 0.0922555923461914, 0.10087227821350098, 0.1167445182800293]
{'args': ((29, 0, slice(0, 960, None), slice(None, None, None)),), 'dataset shape': (40, 11, 1921, 2560), 'dataset chunks': (7, 1, 385, 512), 'indexing time (s)': 1.1920928955078125e-06, 'chunk number': 1650, 'reduction time (s)': 1.673218011856079, 'chunks processed': 15, 'storage read (B)': 29670387, 'selection 1 time (s)': 1.6733710765838623}
Thread times [0.07934331893920898, 0.10637307167053223, 0.1185600757598877, 0.09612011909484863, 0.09312152862548828, 0.104827880859375, 0.1042320728302002, 0.09865069389343262, 0.1121673583984375, 0.12323713302612305, 0.10779595375061035, 0.261242151260376, 0.1297142505645752, 0.13274502754211426, 0.09827923774719238]
{'args': ((30, 0, slice(0, 960, None), slice(None, None, None)),), 'dataset shape': (40, 11, 1921, 2560), 'dataset chunks': (7, 1, 385, 512), 'indexing time (s)': 1.1920928955078125e-06, 'chunk number': 1650, 'reduction time (s)': 1.7676670551300049, 'chunks processed': 15, 'storage read (B)': 29670387, 'selection 1 time (s)': 1.7678158283233643}
Thread times [0.07859539985656738, 0.08938813209533691, 0.1019141674041748, 0.10007047653198242, 0.09613490104675293, 0.10557055473327637, 0.09113812446594238, 0.09314084053039551, 0.12262558937072754, 0.11149144172668457, 0.09488749504089355, 0.23511219024658203, 0.09481620788574219, 0.11117744445800781, 0.19769525527954102]
{'args': ((31, 0, slice(0, 960, None), slice(None, None, None)),), 'dataset shape': (40, 11, 1921, 2560), 'dataset chunks': (7, 1, 385, 512), 'indexing time (s)': 1.1920928955078125e-06, 'chunk number': 1650, 'reduction time (s)': 1.724924087524414, 'chunks processed': 15, 'storage read (B)': 29670387, 'selection 1 time (s)': 1.7250697612762451}
Thread times [0.07611322402954102, 0.08197593688964844, 0.09795904159545898, 0.1341557502746582, 0.128875732421875, 0.0940859317779541, 0.08639717102050781, 0.15157461166381836, 0.08744311332702637, 0.10271573066711426, 0.09596490859985352, 0.2959437370300293, 0.09464788436889648, 0.12938547134399414, 0.1123807430267334]
{'args': ((32, 0, slice(0, 960, None), slice(None, None, None)),), 'dataset shape': (40, 11, 1921, 2560), 'dataset chunks': (7, 1, 385, 512), 'indexing time (s)': 1.1920928955078125e-06, 'chunk number': 1650, 'reduction time (s)': 1.7708303928375244, 'chunks processed': 15, 'storage read (B)': 29670387, 'selection 1 time (s)': 1.7709851264953613}
Thread times [0.14854955673217773, 0.13964009284973145, 0.11733889579772949, 0.08042550086975098, 0.10085344314575195, 0.10833525657653809, 0.11665940284729004, 0.09036517143249512, 0.15828704833984375, 0.13817620277404785, 0.1064302921295166, 0.2632579803466797, 1.1258652210235596, 0.1115264892578125, 0.09172248840332031]
{'args': ((33, 0, slice(0, 960, None), slice(None, None, None)),), 'dataset shape': (40, 11, 1921, 2560), 'dataset chunks': (7, 1, 385, 512), 'indexing time (s)': 1.1920928955078125e-06, 'chunk number': 1650, 'reduction time (s)': 2.899095296859741, 'chunks processed': 15, 'storage read (B)': 29670387, 'selection 1 time (s)': 2.8992669582366943}
Thread times [0.08565950393676758, 0.08337092399597168, 0.09899687767028809, 0.09322595596313477, 0.09348678588867188, 0.10686111450195312, 0.10319900512695312, 0.0937492847442627, 0.10097146034240723, 0.10500192642211914, 0.10600042343139648, 0.2625000476837158, 0.10310626029968262, 0.11009383201599121, 0.1059565544128418]
{'args': ((34, 0, slice(0, 960, None), slice(None, None, None)),), 'dataset shape': (40, 11, 1921, 2560), 'dataset chunks': (7, 1, 385, 512), 'indexing time (s)': 9.5367431640625e-07, 'chunk number': 1650, 'reduction time (s)': 1.653555154800415, 'chunks processed': 15, 'storage read (B)': 29670387, 'selection 1 time (s)': 1.653745174407959}
Thread times [0.09664750099182129, 0.08760690689086914, 0.13256025314331055, 0.08465194702148438, 0.08871674537658691, 0.09272146224975586, 0.08785533905029297, 0.10024547576904297, 0.10055804252624512, 0.08804607391357422, 0.08245635032653809, 0.0824437141418457, 0.09820294380187988, 0.08127427101135254, 0.10052967071533203]
{'args': ((35, 0, slice(0, 960, None), slice(None, None, None)),), 'dataset shape': (40, 11, 1921, 2560), 'dataset chunks': (7, 1, 385, 512), 'indexing time (s)': 1.1920928955078125e-06, 'chunk number': 1650, 'reduction time (s)': 1.405705451965332, 'chunks processed': 15, 'storage read (B)': 21287473, 'selection 1 time (s)': 1.4058558940887451}
Thread times [0.09423303604125977, 0.09696412086486816, 0.08847856521606445, 0.09857034683227539, 0.09978890419006348, 0.1321277618408203, 0.0901639461517334, 0.11993217468261719, 0.10142803192138672, 0.09690093994140625, 0.09916472434997559, 0.09101533889770508, 0.09074711799621582, 0.10200142860412598, 0.09129548072814941]
{'args': ((36, 0, slice(0, 960, None), slice(None, None, None)),), 'dataset shape': (40, 11, 1921, 2560), 'dataset chunks': (7, 1, 385, 512), 'indexing time (s)': 9.5367431640625e-07, 'chunk number': 1650, 'reduction time (s)': 1.4986231327056885, 'chunks processed': 15, 'storage read (B)': 21287473, 'selection 1 time (s)': 1.4987659454345703}
Thread times [0.08888721466064453, 0.09018135070800781, 0.09109020233154297, 0.08648061752319336, 0.09577417373657227, 0.11255502700805664, 0.08923077583312988, 0.10503482818603516, 0.14418697357177734, 0.08988356590270996, 0.11686825752258301, 0.10219788551330566, 0.09526801109313965, 0.09310150146484375, 0.10314345359802246]
{'args': ((37, 0, slice(0, 960, None), slice(None, None, None)),), 'dataset shape': (40, 11, 1921, 2560), 'dataset chunks': (7, 1, 385, 512), 'indexing time (s)': 9.5367431640625e-07, 'chunk number': 1650, 'reduction time (s)': 1.5086965560913086, 'chunks processed': 15, 'storage read (B)': 21287473, 'selection 1 time (s)': 1.50889253616333}
Thread times [0.09121108055114746, 0.09566259384155273, 0.09107232093811035, 0.13194489479064941, 0.14609837532043457, 0.1324293613433838, 0.10990524291992188, 0.18947505950927734, 0.09851670265197754, 0.0924522876739502, 0.1102292537689209, 0.09204888343811035, 0.09305214881896973, 0.09164786338806152, 0.09375905990600586]
{'args': ((38, 0, slice(0, 960, None), slice(None, None, None)),), 'dataset shape': (40, 11, 1921, 2560), 'dataset chunks': (7, 1, 385, 512), 'indexing time (s)': 1.1920928955078125e-06, 'chunk number': 1650, 'reduction time (s)': 1.6608021259307861, 'chunks processed': 15, 'storage read (B)': 21287473, 'selection 1 time (s)': 1.6609430313110352}
Thread times [0.08301353454589844, 0.10291790962219238, 0.09420466423034668, 0.09104752540588379, 0.09468460083007812, 0.10526609420776367, 0.0948493480682373, 0.0961918830871582, 0.10880327224731445, 0.08561158180236816, 0.12747573852539062, 0.1155242919921875, 0.11892080307006836, 0.0900108814239502, 0.10361146926879883]
{'args': ((39, 0, slice(0, 960, None), slice(None, None, None)),), 'dataset shape': (40, 11, 1921, 2560), 'dataset chunks': (7, 1, 385, 512), 'indexing time (s)': 1.430511474609375e-06, 'chunk number': 1650, 'reduction time (s)': 1.513383388519287, 'chunks processed': 15, 'storage read (B)': 21287473, 'selection 1 time (s)': 1.5135457515716553}
[[226.07817708]
 [226.06473958]
 [225.93765625]
 [225.90807292]
 [225.91734375]
 [225.88453125]
 [225.82075521]
 [225.85440104]
 [225.98328125]
 [226.03804687]
 [226.01315104]
 [226.02330729]
 [226.03770833]
 [226.00476563]
 [225.91765625]
 [225.94036458]
 [225.98721354]
 [225.9146875 ]
 [225.81242188]
 [225.81869792]
 [225.84526042]
 [225.78497396]
 [225.63651042]
 [225.55651042]
 [225.45734375]
 [225.32369792]
 [225.16325521]
 [225.07794271]
 [225.07846354]
 [225.10664063]
 [225.17609375]
 [225.36880208]
 [225.57911458]
 [225.69080729]
 [225.72229167]
 [225.82367188]
 [225.93658854]
 [225.96765625]
 [225.91861979]
 [225.9225    ]]
Summary:  sci4-op-r1:Local (T1,BS1): 0.535s,77.19s,80.29s
