Dataset loaded from S3 with s3fs and Pyfive: bnl/ch330a.pc19790301-def.nc (0.047,0.45)
Thread times [0.22246789932250977, 0.2303299903869629, 0.26136088371276855, 0.30087947845458984, 0.2987210750579834, 0.29449009895324707, 0.31325340270996094, 0.311115026473999, 0.30196118354797363, 0.3314216136932373, 0.3163015842437744, 0.3245396614074707, 0.34756898880004883, 0.342724084854126, 0.347454309463501]
{'load nc time': 0.5521328449249268, 'args': ((0, 0, slice(0, 960, None), slice(None, None, None)),), 'dataset shape': (40, 11, 1921, 2560), 'dataset chunks': (7, 1, 385, 512), 'indexing time (s)': 2.472321033477783, 'chunk number': 1650, 'reduction time (s)': 0.3641345500946045, 'chunks processed': 15, 'storage read (B)': 29685482, 'selection 2 time (s)': 2.842646598815918}
Thread times [0.1685032844543457, 0.17908287048339844, 0.19385480880737305, 0.20079350471496582, 0.20546579360961914, 0.17896676063537598, 0.21340680122375488, 0.22425174713134766, 0.41871094703674316, 0.4646010398864746, 0.46007537841796875, 0.466127872467041, 0.47751331329345703, 0.49743056297302246, 0.49648237228393555]
{'args': ((1, 0, slice(0, 960, None), slice(None, None, None)),), 'dataset shape': (40, 11, 1921, 2560), 'dataset chunks': (7, 1, 385, 512), 'indexing time (s)': 1.430511474609375e-06, 'chunk number': 1650, 'reduction time (s)': 0.5497329235076904, 'chunks processed': 15, 'storage read (B)': 29685482, 'selection 2 time (s)': 0.5562379360198975}
Thread times [0.08946871757507324, 0.10568094253540039, 0.21265697479248047, 0.2397465705871582, 0.24934172630310059, 0.29755306243896484, 0.301300048828125, 0.34770631790161133, 0.3540658950805664, 0.35138869285583496, 0.37096452713012695, 0.37139034271240234, 0.3753950595855713, 0.3943488597869873, 0.3897697925567627]
{'args': ((2, 0, slice(0, 960, None), slice(None, None, None)),), 'dataset shape': (40, 11, 1921, 2560), 'dataset chunks': (7, 1, 385, 512), 'indexing time (s)': 9.5367431640625e-07, 'chunk number': 1650, 'reduction time (s)': 0.40366315841674805, 'chunks processed': 15, 'storage read (B)': 29685482, 'selection 2 time (s)': 0.4118196964263916}
Thread times [0.13556551933288574, 0.15282106399536133, 0.28537654876708984, 0.32024645805358887, 0.3648192882537842, 0.3670816421508789, 0.42101335525512695, 0.4701051712036133, 0.46911191940307617, 0.47943878173828125, 0.4907724857330322, 0.46918272972106934, 0.4917912483215332, 0.5024304389953613, 0.5070934295654297]
{'args': ((3, 0, slice(0, 960, None), slice(None, None, None)),), 'dataset shape': (40, 11, 1921, 2560), 'dataset chunks': (7, 1, 385, 512), 'indexing time (s)': 1.430511474609375e-06, 'chunk number': 1650, 'reduction time (s)': 0.5340301990509033, 'chunks processed': 15, 'storage read (B)': 29685482, 'selection 2 time (s)': 0.5405106544494629}
Thread times [0.2388904094696045, 0.2514326572418213, 0.3565983772277832, 0.3697052001953125, 0.3871116638183594, 0.39530205726623535, 0.3889777660369873, 0.407245397567749, 0.401397705078125, 0.342240571975708, 0.4205641746520996, 0.43007516860961914, 0.4357137680053711, 0.5025985240936279, 0.5066792964935303]
{'args': ((4, 0, slice(0, 960, None), slice(None, None, None)),), 'dataset shape': (40, 11, 1921, 2560), 'dataset chunks': (7, 1, 385, 512), 'indexing time (s)': 1.1920928955078125e-06, 'chunk number': 1650, 'reduction time (s)': 0.5177090167999268, 'chunks processed': 15, 'storage read (B)': 29685482, 'selection 2 time (s)': 0.5238358974456787}
Thread times [0.1851494312286377, 0.27666473388671875, 0.29597973823547363, 0.2932727336883545, 0.36875319480895996, 0.38858962059020996, 0.3904144763946533, 0.3976094722747803, 0.40004730224609375, 0.40242600440979004, 0.41374659538269043, 0.41498303413391113, 0.41498255729675293, 0.42203855514526367, 0.4351181983947754]
{'args': ((5, 0, slice(0, 960, None), slice(None, None, None)),), 'dataset shape': (40, 11, 1921, 2560), 'dataset chunks': (7, 1, 385, 512), 'indexing time (s)': 9.5367431640625e-07, 'chunk number': 1650, 'reduction time (s)': 0.4456768035888672, 'chunks processed': 15, 'storage read (B)': 29685482, 'selection 2 time (s)': 0.451657772064209}
Thread times [0.17432188987731934, 0.24393534660339355, 0.2754795551300049, 0.29045844078063965, 0.4084324836730957, 0.40990614891052246, 0.41475963592529297, 0.41784095764160156, 0.42517614364624023, 0.4382445812225342, 0.44192051887512207, 0.4414980411529541, 0.44688892364501953, 0.46399354934692383, 0.4663710594177246]
{'args': ((6, 0, slice(0, 960, None), slice(None, None, None)),), 'dataset shape': (40, 11, 1921, 2560), 'dataset chunks': (7, 1, 385, 512), 'indexing time (s)': 1.1920928955078125e-06, 'chunk number': 1650, 'reduction time (s)': 0.4772956371307373, 'chunks processed': 15, 'storage read (B)': 29685482, 'selection 2 time (s)': 0.4836006164550781}
Thread times [0.18065381050109863, 0.18470096588134766, 0.21515345573425293, 0.21651768684387207, 0.24149823188781738, 0.25039029121398926, 0.2473752498626709, 0.24549412727355957, 0.2693328857421875, 0.26151561737060547, 0.2799689769744873, 0.27714014053344727, 0.2797985076904297, 0.27936601638793945, 0.29946160316467285]
{'args': ((7, 0, slice(0, 960, None), slice(None, None, None)),), 'dataset shape': (40, 11, 1921, 2560), 'dataset chunks': (7, 1, 385, 512), 'indexing time (s)': 1.1920928955078125e-06, 'chunk number': 1650, 'reduction time (s)': 0.3211667537689209, 'chunks processed': 15, 'storage read (B)': 29701892, 'selection 2 time (s)': 0.3271219730377197}
Thread times [0.14998817443847656, 0.20018506050109863, 0.23671197891235352, 0.24495506286621094, 0.3554801940917969, 0.37902092933654785, 0.4439527988433838, 0.4446134567260742, 0.4555058479309082, 0.4542670249938965, 0.46303367614746094, 0.4709935188293457, 0.48155784606933594, 0.4746358394622803, 0.49453067779541016]
{'args': ((8, 0, slice(0, 960, None), slice(None, None, None)),), 'dataset shape': (40, 11, 1921, 2560), 'dataset chunks': (7, 1, 385, 512), 'indexing time (s)': 1.430511474609375e-06, 'chunk number': 1650, 'reduction time (s)': 0.5019581317901611, 'chunks processed': 15, 'storage read (B)': 29701892, 'selection 2 time (s)': 0.507896900177002}
Thread times [0.23066353797912598, 0.2418808937072754, 0.4260988235473633, 0.4302704334259033, 0.44037747383117676, 0.43897271156311035, 0.44240880012512207, 0.4594082832336426, 0.46596837043762207, 0.4685652256011963, 0.4795076847076416, 0.47982239723205566, 0.4901773929595947, 0.48866987228393555, 0.5148358345031738]
{'args': ((9, 0, slice(0, 960, None), slice(None, None, None)),), 'dataset shape': (40, 11, 1921, 2560), 'dataset chunks': (7, 1, 385, 512), 'indexing time (s)': 1.1920928955078125e-06, 'chunk number': 1650, 'reduction time (s)': 0.5223898887634277, 'chunks processed': 15, 'storage read (B)': 29701892, 'selection 2 time (s)': 0.5286304950714111}
Thread times [0.3205873966217041, 0.3484163284301758, 0.3504936695098877, 0.41736888885498047, 0.446544885635376, 0.45325756072998047, 0.4288182258605957, 0.4562840461730957, 0.4675455093383789, 0.4414515495300293, 0.44772911071777344, 0.4514198303222656, 0.4639394283294678, 0.4672713279724121, 0.49152636528015137]
{'args': ((10, 0, slice(0, 960, None), slice(None, None, None)),), 'dataset shape': (40, 11, 1921, 2560), 'dataset chunks': (7, 1, 385, 512), 'indexing time (s)': 1.430511474609375e-06, 'chunk number': 1650, 'reduction time (s)': 0.5057699680328369, 'chunks processed': 15, 'storage read (B)': 29701892, 'selection 2 time (s)': 0.5120065212249756}
Thread times [0.08836245536804199, 0.15754461288452148, 0.15285968780517578, 0.16263508796691895, 0.2667982578277588, 0.3772881031036377, 0.38306117057800293, 0.38901448249816895, 0.39525413513183594, 0.3988773822784424, 0.38483452796936035, 0.4105219841003418, 0.39744138717651367, 0.4017198085784912, 0.44569849967956543]
{'args': ((11, 0, slice(0, 960, None), slice(None, None, None)),), 'dataset shape': (40, 11, 1921, 2560), 'dataset chunks': (7, 1, 385, 512), 'indexing time (s)': 1.1920928955078125e-06, 'chunk number': 1650, 'reduction time (s)': 0.45257115364074707, 'chunks processed': 15, 'storage read (B)': 29701892, 'selection 2 time (s)': 0.4593353271484375}
Thread times [0.29471445083618164, 0.3579528331756592, 0.4614572525024414, 0.462385892868042, 0.4622375965118408, 0.4766719341278076, 0.4644958972930908, 0.4798421859741211, 0.4899888038635254, 0.4815514087677002, 0.49128150939941406, 0.5050981044769287, 0.5065617561340332, 0.49719738960266113, 0.5234136581420898]
{'args': ((12, 0, slice(0, 960, None), slice(None, None, None)),), 'dataset shape': (40, 11, 1921, 2560), 'dataset chunks': (7, 1, 385, 512), 'indexing time (s)': 1.430511474609375e-06, 'chunk number': 1650, 'reduction time (s)': 0.5306642055511475, 'chunks processed': 15, 'storage read (B)': 29701892, 'selection 2 time (s)': 0.5367200374603271}
Thread times [0.2239549160003662, 0.23141741752624512, 0.2311389446258545, 0.23471713066101074, 0.2370593547821045, 0.4110071659088135, 0.43587470054626465, 0.4392848014831543, 0.44979262351989746, 0.4468507766723633, 0.5499160289764404, 0.5573742389678955, 0.6192913055419922, 0.6177978515625, 0.6234447956085205]
{'args': ((13, 0, slice(0, 960, None), slice(None, None, None)),), 'dataset shape': (40, 11, 1921, 2560), 'dataset chunks': (7, 1, 385, 512), 'indexing time (s)': 1.1920928955078125e-06, 'chunk number': 1650, 'reduction time (s)': 0.6318533420562744, 'chunks processed': 15, 'storage read (B)': 29701892, 'selection 2 time (s)': 0.6382176876068115}
Thread times [0.16003632545471191, 0.1952199935913086, 0.19496822357177734, 0.18722200393676758, 0.2087874412536621, 0.19654560089111328, 0.27047109603881836, 0.4075510501861572, 0.41228485107421875, 0.4285585880279541, 0.4335167407989502, 0.427379846572876, 0.4326765537261963, 0.4373776912689209, 0.451796293258667]
{'args': ((14, 0, slice(0, 960, None), slice(None, None, None)),), 'dataset shape': (40, 11, 1921, 2560), 'dataset chunks': (7, 1, 385, 512), 'indexing time (s)': 9.5367431640625e-07, 'chunk number': 1650, 'reduction time (s)': 0.4679269790649414, 'chunks processed': 15, 'storage read (B)': 29733505, 'selection 2 time (s)': 0.4758598804473877}
Thread times [0.16038155555725098, 0.39421844482421875, 0.4257364273071289, 0.43880200386047363, 0.4504671096801758, 0.4586827754974365, 0.4635286331176758, 0.4610474109649658, 0.4662051200866699, 0.47096800804138184, 0.47806859016418457, 0.48944616317749023, 0.4955589771270752, 0.49771809577941895, 0.502223014831543]
{'args': ((15, 0, slice(0, 960, None), slice(None, None, None)),), 'dataset shape': (40, 11, 1921, 2560), 'dataset chunks': (7, 1, 385, 512), 'indexing time (s)': 1.6689300537109375e-06, 'chunk number': 1650, 'reduction time (s)': 0.5116307735443115, 'chunks processed': 15, 'storage read (B)': 29733505, 'selection 2 time (s)': 0.5177104473114014}
Thread times [0.1087961196899414, 0.38821983337402344, 0.4613304138183594, 0.4628486633300781, 0.49420666694641113, 0.5017397403717041, 0.48728275299072266, 0.4980742931365967, 0.5016252994537354, 0.5164604187011719, 0.5268313884735107, 0.5349409580230713, 0.5258376598358154, 0.5466969013214111, 0.549799919128418]
{'args': ((16, 0, slice(0, 960, None), slice(None, None, None)),), 'dataset shape': (40, 11, 1921, 2560), 'dataset chunks': (7, 1, 385, 512), 'indexing time (s)': 1.9073486328125e-06, 'chunk number': 1650, 'reduction time (s)': 0.5564794540405273, 'chunks processed': 15, 'storage read (B)': 29733505, 'selection 2 time (s)': 0.562483549118042}
Thread times [0.2779557704925537, 0.3952674865722656, 0.42763590812683105, 0.4683682918548584, 0.4809451103210449, 0.47711873054504395, 0.4860217571258545, 0.49011898040771484, 0.4992942810058594, 0.4986729621887207, 0.5091769695281982, 0.5102927684783936, 0.5104858875274658, 0.5257599353790283, 0.5307402610778809]
{'args': ((17, 0, slice(0, 960, None), slice(None, None, None)),), 'dataset shape': (40, 11, 1921, 2560), 'dataset chunks': (7, 1, 385, 512), 'indexing time (s)': 1.1920928955078125e-06, 'chunk number': 1650, 'reduction time (s)': 0.5381608009338379, 'chunks processed': 15, 'storage read (B)': 29733505, 'selection 2 time (s)': 0.5443487167358398}
Thread times [0.2507622241973877, 0.3630187511444092, 0.39580631256103516, 0.4173760414123535, 0.4420173168182373, 0.4420170783996582, 0.4426236152648926, 0.44445133209228516, 0.452739953994751, 0.4584071636199951, 0.45864415168762207, 0.47255730628967285, 0.46219587326049805, 0.4891345500946045, 0.47881269454956055]
{'args': ((18, 0, slice(0, 960, None), slice(None, None, None)),), 'dataset shape': (40, 11, 1921, 2560), 'dataset chunks': (7, 1, 385, 512), 'indexing time (s)': 1.1920928955078125e-06, 'chunk number': 1650, 'reduction time (s)': 0.49723029136657715, 'chunks processed': 15, 'storage read (B)': 29733505, 'selection 2 time (s)': 0.5036728382110596}
Thread times [0.25800108909606934, 0.35642027854919434, 0.3596813678741455, 0.4723851680755615, 0.4733555316925049, 0.4757537841796875, 0.4835546016693115, 0.4872465133666992, 0.49823546409606934, 0.4978928565979004, 0.5091719627380371, 0.5132625102996826, 0.5176208019256592, 0.5190610885620117, 0.5303308963775635]
{'args': ((19, 0, slice(0, 960, None), slice(None, None, None)),), 'dataset shape': (40, 11, 1921, 2560), 'dataset chunks': (7, 1, 385, 512), 'indexing time (s)': 1.430511474609375e-06, 'chunk number': 1650, 'reduction time (s)': 0.538163423538208, 'chunks processed': 15, 'storage read (B)': 29733505, 'selection 2 time (s)': 0.5445876121520996}
Thread times [0.09912395477294922, 0.13005924224853516, 0.17240071296691895, 0.17333126068115234, 0.17447829246520996, 0.1856856346130371, 0.16980862617492676, 0.18725228309631348, 0.2919948101043701, 0.31578660011291504, 0.3091700077056885, 0.30558109283447266, 0.31888294219970703, 0.3225677013397217, 0.3384733200073242]
{'args': ((20, 0, slice(0, 960, None), slice(None, None, None)),), 'dataset shape': (40, 11, 1921, 2560), 'dataset chunks': (7, 1, 385, 512), 'indexing time (s)': 1.430511474609375e-06, 'chunk number': 1650, 'reduction time (s)': 0.3496277332305908, 'chunks processed': 15, 'storage read (B)': 29733505, 'selection 2 time (s)': 0.35657382011413574}
Thread times [0.09655880928039551, 0.12079405784606934, 0.20541834831237793, 0.2393474578857422, 0.25338149070739746, 0.23944497108459473, 0.2814316749572754, 0.333082914352417, 0.384899377822876, 0.4190840721130371, 0.42454075813293457, 0.42174601554870605, 0.4434976577758789, 0.44162559509277344, 0.4525034427642822]
{'args': ((21, 0, slice(0, 960, None), slice(None, None, None)),), 'dataset shape': (40, 11, 1921, 2560), 'dataset chunks': (7, 1, 385, 512), 'indexing time (s)': 1.430511474609375e-06, 'chunk number': 1650, 'reduction time (s)': 0.4633016586303711, 'chunks processed': 15, 'storage read (B)': 29686785, 'selection 2 time (s)': 0.46939659118652344}
Thread times [0.23833632469177246, 0.2469015121459961, 0.31336498260498047, 0.3816556930541992, 0.39743804931640625, 0.4027822017669678, 0.4065396785736084, 0.40360260009765625, 0.42163753509521484, 0.41934657096862793, 0.43564629554748535, 0.43712663650512695, 0.42978549003601074, 0.4387984275817871, 0.4552478790283203]
{'args': ((22, 0, slice(0, 960, None), slice(None, None, None)),), 'dataset shape': (40, 11, 1921, 2560), 'dataset chunks': (7, 1, 385, 512), 'indexing time (s)': 1.430511474609375e-06, 'chunk number': 1650, 'reduction time (s)': 0.46146202087402344, 'chunks processed': 15, 'storage read (B)': 29686785, 'selection 2 time (s)': 0.46770310401916504}
Thread times [0.3164210319519043, 0.3822212219238281, 0.47086191177368164, 0.4977245330810547, 0.5228397846221924, 0.531714677810669, 0.5410592555999756, 0.543766975402832, 0.5524051189422607, 0.558372974395752, 0.5626876354217529, 0.5665132999420166, 0.5531609058380127, 0.5557873249053955, 0.5652897357940674]
{'args': ((23, 0, slice(0, 960, None), slice(None, None, None)),), 'dataset shape': (40, 11, 1921, 2560), 'dataset chunks': (7, 1, 385, 512), 'indexing time (s)': 1.1920928955078125e-06, 'chunk number': 1650, 'reduction time (s)': 0.5936870574951172, 'chunks processed': 15, 'storage read (B)': 29686785, 'selection 2 time (s)': 0.5998251438140869}
Thread times [0.09534692764282227, 0.3215456008911133, 0.3524923324584961, 0.48621416091918945, 0.5507309436798096, 0.5550296306610107, 0.5501754283905029, 0.5657832622528076, 0.565854549407959, 0.569979190826416, 0.5775785446166992, 0.5871670246124268, 0.5829563140869141, 0.6052727699279785, 0.6071155071258545]
{'args': ((24, 0, slice(0, 960, None), slice(None, None, None)),), 'dataset shape': (40, 11, 1921, 2560), 'dataset chunks': (7, 1, 385, 512), 'indexing time (s)': 1.1920928955078125e-06, 'chunk number': 1650, 'reduction time (s)': 0.6182739734649658, 'chunks processed': 15, 'storage read (B)': 29686785, 'selection 2 time (s)': 0.6244981288909912}
Thread times [0.16501212120056152, 0.17566704750061035, 0.17500042915344238, 0.17655205726623535, 0.1876225471496582, 0.19057917594909668, 0.18604040145874023, 0.20085954666137695, 0.33371567726135254, 0.389237642288208, 0.40409302711486816, 0.43810176849365234, 0.44716954231262207, 0.4726731777191162, 0.48106956481933594]
{'args': ((25, 0, slice(0, 960, None), slice(None, None, None)),), 'dataset shape': (40, 11, 1921, 2560), 'dataset chunks': (7, 1, 385, 512), 'indexing time (s)': 1.1920928955078125e-06, 'chunk number': 1650, 'reduction time (s)': 0.49321746826171875, 'chunks processed': 15, 'storage read (B)': 29686785, 'selection 2 time (s)': 0.49916720390319824}
Thread times [0.13405370712280273, 0.1460127830505371, 0.18996334075927734, 0.20064997673034668, 0.1991868019104004, 0.24147772789001465, 0.2771415710449219, 0.3720545768737793, 0.3574061393737793, 0.37218260765075684, 0.3893880844116211, 0.3807406425476074, 0.3944540023803711, 0.3953981399536133, 0.39386892318725586]
{'args': ((26, 0, slice(0, 960, None), slice(None, None, None)),), 'dataset shape': (40, 11, 1921, 2560), 'dataset chunks': (7, 1, 385, 512), 'indexing time (s)': 1.430511474609375e-06, 'chunk number': 1650, 'reduction time (s)': 0.4140639305114746, 'chunks processed': 15, 'storage read (B)': 29686785, 'selection 2 time (s)': 0.42676854133605957}
Thread times [0.15859436988830566, 0.16969704627990723, 0.17921042442321777, 0.17963409423828125, 0.15993952751159668, 0.19290876388549805, 0.28713417053222656, 0.3684394359588623, 0.4010658264160156, 0.39621806144714355, 0.40133213996887207, 0.41834521293640137, 0.43863439559936523, 0.47874021530151367, 0.49190688133239746]
{'args': ((27, 0, slice(0, 960, None), slice(None, None, None)),), 'dataset shape': (40, 11, 1921, 2560), 'dataset chunks': (7, 1, 385, 512), 'indexing time (s)': 1.1920928955078125e-06, 'chunk number': 1650, 'reduction time (s)': 0.5144565105438232, 'chunks processed': 15, 'storage read (B)': 29686785, 'selection 2 time (s)': 0.5206644535064697}
Thread times [0.2618403434753418, 0.4487268924713135, 0.47527194023132324, 0.5166993141174316, 0.5370187759399414, 0.5255475044250488, 0.5280230045318604, 0.5417461395263672, 0.6771035194396973, 0.6797726154327393, 0.6855185031890869, 0.6853656768798828, 0.6976962089538574, 0.7054400444030762, 0.7073438167572021]
{'args': ((28, 0, slice(0, 960, None), slice(None, None, None)),), 'dataset shape': (40, 11, 1921, 2560), 'dataset chunks': (7, 1, 385, 512), 'indexing time (s)': 9.5367431640625e-07, 'chunk number': 1650, 'reduction time (s)': 0.7230260372161865, 'chunks processed': 15, 'storage read (B)': 29670387, 'selection 2 time (s)': 0.7291610240936279}
Thread times [0.14605927467346191, 0.14124417304992676, 0.17253375053405762, 0.18235158920288086, 0.18301653861999512, 0.18780088424682617, 0.23438572883605957, 0.39392685890197754, 0.39525771141052246, 0.40662693977355957, 0.408519983291626, 0.42019104957580566, 0.420382022857666, 0.44635534286499023, 1.142061471939087]
{'args': ((29, 0, slice(0, 960, None), slice(None, None, None)),), 'dataset shape': (40, 11, 1921, 2560), 'dataset chunks': (7, 1, 385, 512), 'indexing time (s)': 1.6689300537109375e-06, 'chunk number': 1650, 'reduction time (s)': 1.1604924201965332, 'chunks processed': 15, 'storage read (B)': 29670387, 'selection 2 time (s)': 1.1664905548095703}
Thread times [0.15428900718688965, 0.153794527053833, 0.1688392162322998, 0.18456077575683594, 0.2786412239074707, 0.34015321731567383, 0.36685800552368164, 0.3745870590209961, 0.39914560317993164, 0.39973950386047363, 0.410503625869751, 0.4118993282318115, 0.4130594730377197, 0.41301560401916504, 0.43080806732177734]
{'args': ((30, 0, slice(0, 960, None), slice(None, None, None)),), 'dataset shape': (40, 11, 1921, 2560), 'dataset chunks': (7, 1, 385, 512), 'indexing time (s)': 1.6689300537109375e-06, 'chunk number': 1650, 'reduction time (s)': 0.44788599014282227, 'chunks processed': 15, 'storage read (B)': 29670387, 'selection 2 time (s)': 0.45403599739074707}
Thread times [0.15219879150390625, 0.15601396560668945, 0.20549297332763672, 0.21499109268188477, 0.20368552207946777, 0.21909022331237793, 0.20882964134216309, 0.21889400482177734, 0.31009411811828613, 0.33469295501708984, 0.3420298099517822, 0.3474006652832031, 0.3491063117980957, 0.34944987297058105, 0.367600679397583]
{'args': ((31, 0, slice(0, 960, None), slice(None, None, None)),), 'dataset shape': (40, 11, 1921, 2560), 'dataset chunks': (7, 1, 385, 512), 'indexing time (s)': 1.2636184692382812e-05, 'chunk number': 1650, 'reduction time (s)': 0.3900594711303711, 'chunks processed': 15, 'storage read (B)': 29670387, 'selection 2 time (s)': 0.3982818126678467}
Thread times [0.12066650390625, 0.23804450035095215, 0.32611775398254395, 0.40804553031921387, 0.4183769226074219, 0.435640811920166, 0.4425806999206543, 0.4431450366973877, 0.4499199390411377, 0.44606781005859375, 0.4573383331298828, 0.4637115001678467, 0.4626426696777344, 0.4688379764556885, 0.47606849670410156]
{'args': ((32, 0, slice(0, 960, None), slice(None, None, None)),), 'dataset shape': (40, 11, 1921, 2560), 'dataset chunks': (7, 1, 385, 512), 'indexing time (s)': 1.1920928955078125e-06, 'chunk number': 1650, 'reduction time (s)': 0.49144411087036133, 'chunks processed': 15, 'storage read (B)': 29670387, 'selection 2 time (s)': 0.4982151985168457}
Thread times [0.1428844928741455, 0.15770220756530762, 0.18096613883972168, 0.18663692474365234, 0.19475126266479492, 0.20048832893371582, 0.1931319236755371, 0.20923781394958496, 0.19267773628234863, 0.22299408912658691, 0.29262733459472656, 0.30120134353637695, 0.3066525459289551, 0.3175830841064453, 0.3382384777069092]
{'args': ((33, 0, slice(0, 960, None), slice(None, None, None)),), 'dataset shape': (40, 11, 1921, 2560), 'dataset chunks': (7, 1, 385, 512), 'indexing time (s)': 1.6689300537109375e-06, 'chunk number': 1650, 'reduction time (s)': 0.35117626190185547, 'chunks processed': 15, 'storage read (B)': 29670387, 'selection 2 time (s)': 0.35741186141967773}
Thread times [0.11491537094116211, 0.12175273895263672, 0.16234111785888672, 0.17105817794799805, 0.2209634780883789, 0.21915388107299805, 0.2407972812652588, 0.22911572456359863, 0.25156283378601074, 0.2630584239959717, 0.31661248207092285, 0.3102738857269287, 0.3126046657562256, 0.3247396945953369, 0.33402514457702637]
{'args': ((34, 0, slice(0, 960, None), slice(None, None, None)),), 'dataset shape': (40, 11, 1921, 2560), 'dataset chunks': (7, 1, 385, 512), 'indexing time (s)': 1.1920928955078125e-06, 'chunk number': 1650, 'reduction time (s)': 0.3512077331542969, 'chunks processed': 15, 'storage read (B)': 29670387, 'selection 2 time (s)': 0.35759639739990234}
Thread times [0.19457101821899414, 0.19716930389404297, 0.20586037635803223, 0.20838475227355957, 0.21605658531188965, 0.24138545989990234, 0.2591099739074707, 0.2891559600830078, 0.2935359477996826, 0.2974369525909424, 0.3111894130706787, 0.31412482261657715, 0.3211228847503662, 0.3153362274169922, 0.3272058963775635]
{'args': ((35, 0, slice(0, 960, None), slice(None, None, None)),), 'dataset shape': (40, 11, 1921, 2560), 'dataset chunks': (7, 1, 385, 512), 'indexing time (s)': 1.6689300537109375e-06, 'chunk number': 1650, 'reduction time (s)': 0.3330247402191162, 'chunks processed': 15, 'storage read (B)': 21287473, 'selection 2 time (s)': 0.3399384021759033}
Thread times [0.09846162796020508, 0.11554980278015137, 0.13180041313171387, 0.17472004890441895, 0.19165754318237305, 0.19635581970214844, 0.2010059356689453, 0.2178208827972412, 0.23417973518371582, 0.22727727890014648, 0.23984622955322266, 0.248945951461792, 0.23000168800354004, 0.2477412223815918, 0.24610471725463867]
{'args': ((36, 0, slice(0, 960, None), slice(None, None, None)),), 'dataset shape': (40, 11, 1921, 2560), 'dataset chunks': (7, 1, 385, 512), 'indexing time (s)': 1.1920928955078125e-06, 'chunk number': 1650, 'reduction time (s)': 0.2668604850769043, 'chunks processed': 15, 'storage read (B)': 21287473, 'selection 2 time (s)': 0.27341461181640625}
Thread times [0.1418323516845703, 0.15054655075073242, 0.15806341171264648, 0.1674213409423828, 0.1814584732055664, 0.20267796516418457, 0.22342562675476074, 0.24151325225830078, 0.23347997665405273, 0.24605321884155273, 0.23611235618591309, 0.2602503299713135, 0.24785518646240234, 0.26926589012145996, 0.27738475799560547]
{'args': ((37, 0, slice(0, 960, None), slice(None, None, None)),), 'dataset shape': (40, 11, 1921, 2560), 'dataset chunks': (7, 1, 385, 512), 'indexing time (s)': 1.6689300537109375e-06, 'chunk number': 1650, 'reduction time (s)': 0.2817525863647461, 'chunks processed': 15, 'storage read (B)': 21287473, 'selection 2 time (s)': 0.2889885902404785}
Thread times [0.08096742630004883, 0.11996316909790039, 0.19043231010437012, 0.18987774848937988, 0.18593311309814453, 0.27318429946899414, 0.2742443084716797, 0.28246402740478516, 0.28452324867248535, 0.28545284271240234, 0.2873387336730957, 0.2864973545074463, 0.3050379753112793, 0.30736351013183594, 0.3065614700317383]
{'args': ((38, 0, slice(0, 960, None), slice(None, None, None)),), 'dataset shape': (40, 11, 1921, 2560), 'dataset chunks': (7, 1, 385, 512), 'indexing time (s)': 1.6689300537109375e-06, 'chunk number': 1650, 'reduction time (s)': 0.31676244735717773, 'chunks processed': 15, 'storage read (B)': 21287473, 'selection 2 time (s)': 0.3231949806213379}
Thread times [0.22909760475158691, 0.2171037197113037, 0.24821686744689941, 0.2628006935119629, 0.3051338195800781, 0.30787086486816406, 0.3209512233734131, 0.3150155544281006, 0.3073878288269043, 0.31302523612976074, 0.33035850524902344, 0.3236367702484131, 0.3514573574066162, 0.3400685787200928, 0.3496849536895752]
{'args': ((39, 0, slice(0, 960, None), slice(None, None, None)),), 'dataset shape': (40, 11, 1921, 2560), 'dataset chunks': (7, 1, 385, 512), 'indexing time (s)': 1.1920928955078125e-06, 'chunk number': 1650, 'reduction time (s)': 0.3584463596343994, 'chunks processed': 15, 'storage read (B)': 21287473, 'selection 2 time (s)': 0.36516547203063965}
[[226.07822917]
 [226.0646875 ]
 [225.93776042]
 [225.90820312]
 [225.91739583]
 [225.88460937]
 [225.82080729]
 [225.85434896]
 [225.98346354]
 [226.03822917]
 [226.01320312]
 [226.02335938]
 [226.03765625]
 [226.00486979]
 [225.91776042]
 [225.94033854]
 [225.98726562]
 [225.91453125]
 [225.81239583]
 [225.81890625]
 [225.8453125 ]
 [225.785     ]
 [225.63648438]
 [225.5565625 ]
 [225.45744792]
 [225.32385417]
 [225.16335937]
 [225.07789063]
 [225.07846354]
 [225.10666667]
 [225.17609375]
 [225.36869792]
 [225.57927083]
 [225.69085938]
 [225.72221354]
 [225.82369792]
 [225.93640625]
 [225.96763021]
 [225.91872396]
 [225.92234375]]
Summary:  sci4-op-r1:Active (T100,BS1): 0.552s,19.25s,22.54s
