Dataset loaded from S3 with s3fs and Pyfive: bnl/ch330a.pc19790301-def.nc (0.24,0.56)
Thread times [0.07999563217163086, 0.050020694732666016, 0.07833290100097656, 0.0643770694732666, 0.07343363761901855, 0.07793760299682617, 0.11747574806213379, 0.08586978912353516, 0.20501136779785156, 0.09313631057739258, 0.09998488426208496, 0.22535967826843262, 0.0836634635925293, 0.12273263931274414, 0.07541465759277344]
{'load nc time': 0.9403343200683594, 'args': ((0, 0, slice(0, 960, None), slice(None, None, None)),), 'dataset shape': (40, 11, 1921, 2560), 'dataset chunks': (7, 1, 385, 512), 'indexing time (s)': 3.568735361099243, 'chunk number': 1650, 'reduction time (s)': 1.5336482524871826, 'chunks processed': 15, 'storage read (B)': 29685482, 'selection 2 time (s)': 5.103156805038452}
Thread times [0.08912348747253418, 0.04987144470214844, 0.06346297264099121, 0.05275106430053711, 0.07023763656616211, 0.09097766876220703, 0.10199570655822754, 0.08408856391906738, 0.19942069053649902, 0.06507229804992676, 0.08598804473876953, 0.20940017700195312, 0.10777544975280762, 0.07433748245239258, 0.07011604309082031]
{'args': ((1, 0, slice(0, 960, None), slice(None, None, None)),), 'dataset shape': (40, 11, 1921, 2560), 'dataset chunks': (7, 1, 385, 512), 'indexing time (s)': 1.1920928955078125e-06, 'chunk number': 1650, 'reduction time (s)': 1.415510654449463, 'chunks processed': 15, 'storage read (B)': 29685482, 'selection 2 time (s)': 1.4164230823516846}
Thread times [0.07009029388427734, 0.05059194564819336, 0.05961894989013672, 0.06701803207397461, 0.07536697387695312, 0.08132553100585938, 0.2868030071258545, 0.06625080108642578, 0.2934708595275879, 0.06933856010437012, 0.10136651992797852, 0.23269104957580566, 0.061681509017944336, 0.05663633346557617, 0.07709026336669922]
{'args': ((2, 0, slice(0, 960, None), slice(None, None, None)),), 'dataset shape': (40, 11, 1921, 2560), 'dataset chunks': (7, 1, 385, 512), 'indexing time (s)': 1.1920928955078125e-06, 'chunk number': 1650, 'reduction time (s)': 1.6502301692962646, 'chunks processed': 15, 'storage read (B)': 29685482, 'selection 2 time (s)': 1.6510977745056152}
Thread times [0.06889915466308594, 0.049553632736206055, 0.05489826202392578, 0.0661003589630127, 0.07375240325927734, 0.07555913925170898, 0.07836079597473145, 0.07853412628173828, 0.28766918182373047, 0.07452917098999023, 0.07642078399658203, 0.24528002738952637, 0.06964302062988281, 0.07798600196838379, 0.07559084892272949]
{'args': ((3, 0, slice(0, 960, None), slice(None, None, None)),), 'dataset shape': (40, 11, 1921, 2560), 'dataset chunks': (7, 1, 385, 512), 'indexing time (s)': 1.430511474609375e-06, 'chunk number': 1650, 'reduction time (s)': 1.4537804126739502, 'chunks processed': 15, 'storage read (B)': 29685482, 'selection 2 time (s)': 1.454660177230835}
Thread times [0.09793877601623535, 0.047183990478515625, 0.061264753341674805, 0.06650447845458984, 0.07208967208862305, 0.08001446723937988, 0.09449577331542969, 0.07890534400939941, 0.2431807518005371, 0.06748056411743164, 0.07531499862670898, 0.21965718269348145, 0.07852506637573242, 0.11415338516235352, 0.08263778686523438]
{'args': ((4, 0, slice(0, 960, None), slice(None, None, None)),), 'dataset shape': (40, 11, 1921, 2560), 'dataset chunks': (7, 1, 385, 512), 'indexing time (s)': 9.5367431640625e-07, 'chunk number': 1650, 'reduction time (s)': 1.480398178100586, 'chunks processed': 15, 'storage read (B)': 29685482, 'selection 2 time (s)': 1.4816436767578125}
Thread times [0.07437586784362793, 0.05799388885498047, 0.17220783233642578, 0.06648659706115723, 0.10224008560180664, 0.09760618209838867, 0.10259723663330078, 0.07976770401000977, 0.2275846004486084, 0.07602095603942871, 0.08564591407775879, 0.2443981170654297, 0.09871363639831543, 0.08104491233825684, 0.09443855285644531]
{'args': ((5, 0, slice(0, 960, None), slice(None, None, None)),), 'dataset shape': (40, 11, 1921, 2560), 'dataset chunks': (7, 1, 385, 512), 'indexing time (s)': 1.430511474609375e-06, 'chunk number': 1650, 'reduction time (s)': 1.6620008945465088, 'chunks processed': 15, 'storage read (B)': 29685482, 'selection 2 time (s)': 1.6628868579864502}
Thread times [0.0768733024597168, 0.050201416015625, 0.06864356994628906, 0.05649828910827637, 0.07335948944091797, 0.10121011734008789, 0.08532309532165527, 0.08785462379455566, 0.22516608238220215, 0.12514066696166992, 0.0829312801361084, 0.2290327548980713, 0.0708620548248291, 0.11710214614868164, 0.07942461967468262]
{'args': ((6, 0, slice(0, 960, None), slice(None, None, None)),), 'dataset shape': (40, 11, 1921, 2560), 'dataset chunks': (7, 1, 385, 512), 'indexing time (s)': 1.1920928955078125e-06, 'chunk number': 1650, 'reduction time (s)': 1.5304975509643555, 'chunks processed': 15, 'storage read (B)': 29685482, 'selection 2 time (s)': 1.5313189029693604}
Thread times [0.13642358779907227, 0.05769848823547363, 0.07796430587768555, 0.10187840461730957, 0.09150838851928711, 0.08639407157897949, 0.08725357055664062, 0.07114911079406738, 0.24448275566101074, 0.14589810371398926, 0.0980832576751709, 0.08818650245666504, 0.08325719833374023, 0.07068324089050293, 0.12105059623718262]
{'args': ((7, 0, slice(0, 960, None), slice(None, None, None)),), 'dataset shape': (40, 11, 1921, 2560), 'dataset chunks': (7, 1, 385, 512), 'indexing time (s)': 1.430511474609375e-06, 'chunk number': 1650, 'reduction time (s)': 1.5628178119659424, 'chunks processed': 15, 'storage read (B)': 29701892, 'selection 2 time (s)': 1.5636069774627686}
Thread times [0.07613182067871094, 0.05607247352600098, 0.07596492767333984, 0.0830845832824707, 0.08196854591369629, 0.09633564949035645, 0.08961963653564453, 0.08848118782043457, 0.246628999710083, 0.0871274471282959, 0.09700250625610352, 0.11159253120422363, 0.0914011001586914, 0.10649490356445312, 0.08972454071044922]
{'args': ((8, 0, slice(0, 960, None), slice(None, None, None)),), 'dataset shape': (40, 11, 1921, 2560), 'dataset chunks': (7, 1, 385, 512), 'indexing time (s)': 7.152557373046875e-07, 'chunk number': 1650, 'reduction time (s)': 1.478374719619751, 'chunks processed': 15, 'storage read (B)': 29701892, 'selection 2 time (s)': 1.4791522026062012}
Thread times [0.0748291015625, 0.06055331230163574, 0.07422590255737305, 0.08195185661315918, 0.0780034065246582, 0.08126330375671387, 0.10736966133117676, 0.1084451675415039, 0.22182559967041016, 0.08380436897277832, 0.11620354652404785, 0.08096623420715332, 0.10700297355651855, 0.09017086029052734, 0.11214280128479004]
{'args': ((9, 0, slice(0, 960, None), slice(None, None, None)),), 'dataset shape': (40, 11, 1921, 2560), 'dataset chunks': (7, 1, 385, 512), 'indexing time (s)': 1.1920928955078125e-06, 'chunk number': 1650, 'reduction time (s)': 1.4795448780059814, 'chunks processed': 15, 'storage read (B)': 29701892, 'selection 2 time (s)': 1.4804139137268066}
Thread times [0.07587909698486328, 0.05281257629394531, 0.07209634780883789, 0.11126041412353516, 0.0921022891998291, 0.08443951606750488, 0.09897351264953613, 0.16929960250854492, 0.2220451831817627, 0.09078264236450195, 0.18549585342407227, 0.07941365242004395, 0.08829832077026367, 0.11600637435913086, 0.08466625213623047]
{'args': ((10, 0, slice(0, 960, None), slice(None, None, None)),), 'dataset shape': (40, 11, 1921, 2560), 'dataset chunks': (7, 1, 385, 512), 'indexing time (s)': 1.6689300537109375e-06, 'chunk number': 1650, 'reduction time (s)': 1.62432861328125, 'chunks processed': 15, 'storage read (B)': 29701892, 'selection 2 time (s)': 1.6251635551452637}
Thread times [0.07273173332214355, 0.05311942100524902, 0.0730738639831543, 0.08035945892333984, 0.07799673080444336, 0.08432960510253906, 0.09424138069152832, 0.08710741996765137, 0.23570680618286133, 0.08292794227600098, 0.06894493103027344, 0.0893697738647461, 0.10750699043273926, 0.10483026504516602, 0.07851648330688477]
{'args': ((11, 0, slice(0, 960, None), slice(None, None, None)),), 'dataset shape': (40, 11, 1921, 2560), 'dataset chunks': (7, 1, 385, 512), 'indexing time (s)': 9.5367431640625e-07, 'chunk number': 1650, 'reduction time (s)': 1.3915131092071533, 'chunks processed': 15, 'storage read (B)': 29701892, 'selection 2 time (s)': 1.3924109935760498}
Thread times [0.10233068466186523, 0.05044102668762207, 0.10879707336425781, 0.0662376880645752, 0.06947827339172363, 0.06931781768798828, 0.08281660079956055, 0.08560681343078613, 0.20715808868408203, 0.09389829635620117, 0.07467913627624512, 0.07625269889831543, 0.10913825035095215, 0.11667847633361816, 0.10023665428161621]
{'args': ((12, 0, slice(0, 960, None), slice(None, None, None)),), 'dataset shape': (40, 11, 1921, 2560), 'dataset chunks': (7, 1, 385, 512), 'indexing time (s)': 1.1920928955078125e-06, 'chunk number': 1650, 'reduction time (s)': 1.414001703262329, 'chunks processed': 15, 'storage read (B)': 29701892, 'selection 2 time (s)': 1.4148809909820557}
Thread times [0.1542818546295166, 0.04950094223022461, 0.09061861038208008, 0.07748842239379883, 0.13500452041625977, 0.08053851127624512, 0.11983251571655273, 0.09933209419250488, 0.22408723831176758, 0.07193398475646973, 0.07113075256347656, 0.08765816688537598, 0.08771777153015137, 0.08535957336425781, 0.23052239418029785]
{'args': ((13, 0, slice(0, 960, None), slice(None, None, None)),), 'dataset shape': (40, 11, 1921, 2560), 'dataset chunks': (7, 1, 385, 512), 'indexing time (s)': 9.5367431640625e-07, 'chunk number': 1650, 'reduction time (s)': 1.6657581329345703, 'chunks processed': 15, 'storage read (B)': 29701892, 'selection 2 time (s)': 1.6665310859680176}
Thread times [0.08298778533935547, 0.06456732749938965, 0.07232904434204102, 0.09264612197875977, 0.08535146713256836, 0.09270572662353516, 0.09489107131958008, 0.10643649101257324, 0.2458324432373047, 0.13075590133666992, 0.08889436721801758, 0.08511233329772949, 0.12733221054077148, 0.09296298027038574, 0.0819234848022461]
{'args': ((14, 0, slice(0, 960, None), slice(None, None, None)),), 'dataset shape': (40, 11, 1921, 2560), 'dataset chunks': (7, 1, 385, 512), 'indexing time (s)': 9.5367431640625e-07, 'chunk number': 1650, 'reduction time (s)': 1.5454480648040771, 'chunks processed': 15, 'storage read (B)': 29733505, 'selection 2 time (s)': 1.5462589263916016}
Thread times [0.0893096923828125, 0.08028221130371094, 0.08484101295471191, 0.09922671318054199, 0.07715892791748047, 0.08351922035217285, 0.08790731430053711, 0.11479043960571289, 0.26079726219177246, 0.07559800148010254, 0.08114790916442871, 0.09125947952270508, 0.09168505668640137, 0.10993814468383789, 0.09414410591125488]
{'args': ((15, 0, slice(0, 960, None), slice(None, None, None)),), 'dataset shape': (40, 11, 1921, 2560), 'dataset chunks': (7, 1, 385, 512), 'indexing time (s)': 1.1920928955078125e-06, 'chunk number': 1650, 'reduction time (s)': 1.5223867893218994, 'chunks processed': 15, 'storage read (B)': 29733505, 'selection 2 time (s)': 1.5231804847717285}
Thread times [0.06190776824951172, 0.06704020500183105, 0.07748007774353027, 0.08524394035339355, 0.07961153984069824, 0.0978693962097168, 0.09797310829162598, 0.08933091163635254, 0.23966407775878906, 0.08643078804016113, 0.07757568359375, 0.08430838584899902, 0.09885239601135254, 0.11010360717773438, 0.07793760299682617]
{'args': ((16, 0, slice(0, 960, None), slice(None, None, None)),), 'dataset shape': (40, 11, 1921, 2560), 'dataset chunks': (7, 1, 385, 512), 'indexing time (s)': 1.1920928955078125e-06, 'chunk number': 1650, 'reduction time (s)': 1.4320628643035889, 'chunks processed': 15, 'storage read (B)': 29733505, 'selection 2 time (s)': 1.432851791381836}
Thread times [0.10906338691711426, 0.07564020156860352, 0.07373690605163574, 0.08039474487304688, 0.10473513603210449, 0.09278464317321777, 0.0880734920501709, 0.09272646903991699, 0.23749184608459473, 0.08960652351379395, 0.0667879581451416, 0.1215367317199707, 0.14319396018981934, 0.08866524696350098, 0.07569432258605957]
{'args': ((17, 0, slice(0, 960, None), slice(None, None, None)),), 'dataset shape': (40, 11, 1921, 2560), 'dataset chunks': (7, 1, 385, 512), 'indexing time (s)': 1.1920928955078125e-06, 'chunk number': 1650, 'reduction time (s)': 1.5409624576568604, 'chunks processed': 15, 'storage read (B)': 29733505, 'selection 2 time (s)': 1.5418128967285156}
Thread times [0.06354522705078125, 0.06594538688659668, 0.06436705589294434, 0.11151742935180664, 0.12176704406738281, 0.10508108139038086, 0.09691596031188965, 0.08796930313110352, 0.2299208641052246, 0.10036420822143555, 0.09490489959716797, 0.08726215362548828, 0.08768486976623535, 0.08773088455200195, 0.11611223220825195]
{'args': ((18, 0, slice(0, 960, None), slice(None, None, None)),), 'dataset shape': (40, 11, 1921, 2560), 'dataset chunks': (7, 1, 385, 512), 'indexing time (s)': 1.1920928955078125e-06, 'chunk number': 1650, 'reduction time (s)': 1.5219428539276123, 'chunks processed': 15, 'storage read (B)': 29733505, 'selection 2 time (s)': 1.5227577686309814}
Thread times [0.06692790985107422, 0.06949257850646973, 0.11163735389709473, 0.08243441581726074, 0.12424755096435547, 0.16561269760131836, 0.10254430770874023, 0.08873891830444336, 0.22986364364624023, 0.07713937759399414, 0.08487248420715332, 0.09088969230651855, 0.09424185752868652, 0.12943530082702637, 0.08237648010253906]
{'args': ((19, 0, slice(0, 960, None), slice(None, None, None)),), 'dataset shape': (40, 11, 1921, 2560), 'dataset chunks': (7, 1, 385, 512), 'indexing time (s)': 9.5367431640625e-07, 'chunk number': 1650, 'reduction time (s)': 1.6012203693389893, 'chunks processed': 15, 'storage read (B)': 29733505, 'selection 2 time (s)': 1.6020145416259766}
Thread times [0.06849431991577148, 0.06448721885681152, 0.06166434288024902, 0.08020496368408203, 0.09609675407409668, 0.08726119995117188, 0.09862232208251953, 0.0816650390625, 0.243851900100708, 0.0744161605834961, 0.10344362258911133, 0.09837770462036133, 0.07874441146850586, 0.08017420768737793, 0.07524514198303223]
{'args': ((20, 0, slice(0, 960, None), slice(None, None, None)),), 'dataset shape': (40, 11, 1921, 2560), 'dataset chunks': (7, 1, 385, 512), 'indexing time (s)': 1.1920928955078125e-06, 'chunk number': 1650, 'reduction time (s)': 1.3935377597808838, 'chunks processed': 15, 'storage read (B)': 29733505, 'selection 2 time (s)': 1.3943336009979248}
Thread times [0.06852030754089355, 0.057555198669433594, 0.09295082092285156, 0.08768248558044434, 0.07970333099365234, 0.08274531364440918, 0.07780289649963379, 0.10799264907836914, 0.11487674713134766, 0.0821380615234375, 0.07834672927856445, 0.11014461517333984, 0.21714425086975098, 0.21078944206237793, 0.07378911972045898]
{'args': ((21, 0, slice(0, 960, None), slice(None, None, None)),), 'dataset shape': (40, 11, 1921, 2560), 'dataset chunks': (7, 1, 385, 512), 'indexing time (s)': 9.5367431640625e-07, 'chunk number': 1650, 'reduction time (s)': 1.542957067489624, 'chunks processed': 15, 'storage read (B)': 29686785, 'selection 2 time (s)': 1.5437567234039307}
Thread times [0.19255590438842773, 0.05603647232055664, 0.07417869567871094, 1.0794785022735596, 0.06113767623901367, 0.07419943809509277, 0.11502265930175781, 0.13599514961242676, 0.12037277221679688, 0.08102726936340332, 0.07743716239929199, 0.09679508209228516, 0.2338862419128418, 0.17568349838256836, 0.06849479675292969]
{'args': ((22, 0, slice(0, 960, None), slice(None, None, None)),), 'dataset shape': (40, 11, 1921, 2560), 'dataset chunks': (7, 1, 385, 512), 'indexing time (s)': 1.6689300537109375e-06, 'chunk number': 1650, 'reduction time (s)': 2.643228769302368, 'chunks processed': 15, 'storage read (B)': 29686785, 'selection 2 time (s)': 2.6441292762756348}
Thread times [0.07887101173400879, 0.0472562313079834, 0.07252049446105957, 0.07856535911560059, 0.1237497329711914, 0.07096481323242188, 0.0839681625366211, 0.0969853401184082, 0.0880126953125, 0.07659411430358887, 0.15093398094177246, 0.08487653732299805, 0.23752069473266602, 0.3261744976043701, 0.0822761058807373]
{'args': ((23, 0, slice(0, 960, None), slice(None, None, None)),), 'dataset shape': (40, 11, 1921, 2560), 'dataset chunks': (7, 1, 385, 512), 'indexing time (s)': 9.5367431640625e-07, 'chunk number': 1650, 'reduction time (s)': 1.7000937461853027, 'chunks processed': 15, 'storage read (B)': 29686785, 'selection 2 time (s)': 1.7009384632110596}
Thread times [0.06984734535217285, 0.05705904960632324, 0.07743287086486816, 0.08797073364257812, 0.06692218780517578, 0.09540319442749023, 0.09217143058776855, 0.09104776382446289, 0.0916898250579834, 0.07471847534179688, 0.0952751636505127, 0.07979488372802734, 0.2240896224975586, 0.1933598518371582, 0.07544517517089844]
{'args': ((24, 0, slice(0, 960, None), slice(None, None, None)),), 'dataset shape': (40, 11, 1921, 2560), 'dataset chunks': (7, 1, 385, 512), 'indexing time (s)': 1.1920928955078125e-06, 'chunk number': 1650, 'reduction time (s)': 1.47300124168396, 'chunks processed': 15, 'storage read (B)': 29686785, 'selection 2 time (s)': 1.4737818241119385}
Thread times [0.07147574424743652, 0.054414987564086914, 0.09473156929016113, 0.06822443008422852, 0.0672757625579834, 0.08329105377197266, 0.07992744445800781, 0.1011667251586914, 0.1027519702911377, 0.08034491539001465, 0.10001063346862793, 0.10775208473205566, 0.2618274688720703, 0.22050237655639648, 0.07980751991271973]
{'args': ((25, 0, slice(0, 960, None), slice(None, None, None)),), 'dataset shape': (40, 11, 1921, 2560), 'dataset chunks': (7, 1, 385, 512), 'indexing time (s)': 1.430511474609375e-06, 'chunk number': 1650, 'reduction time (s)': 1.5742716789245605, 'chunks processed': 15, 'storage read (B)': 29686785, 'selection 2 time (s)': 1.5750555992126465}
Thread times [0.06972050666809082, 0.07389187812805176, 0.12815499305725098, 0.08445262908935547, 0.06676578521728516, 0.18111038208007812, 0.11377549171447754, 0.11164116859436035, 0.10007762908935547, 0.08716559410095215, 0.16791868209838867, 0.13399076461791992, 0.22679734230041504, 0.31208252906799316, 0.0993194580078125]
{'args': ((26, 0, slice(0, 960, None), slice(None, None, None)),), 'dataset shape': (40, 11, 1921, 2560), 'dataset chunks': (7, 1, 385, 512), 'indexing time (s)': 1.430511474609375e-06, 'chunk number': 1650, 'reduction time (s)': 1.9577863216400146, 'chunks processed': 15, 'storage read (B)': 29686785, 'selection 2 time (s)': 1.9586503505706787}
Thread times [0.07534480094909668, 0.0569310188293457, 0.07755136489868164, 0.14029860496520996, 0.07177400588989258, 0.09745216369628906, 0.13794994354248047, 0.08115172386169434, 0.08826065063476562, 0.08485269546508789, 0.08826208114624023, 0.09576272964477539, 0.2265160083770752, 0.19031476974487305, 0.10911798477172852]
{'args': ((27, 0, slice(0, 960, None), slice(None, None, None)),), 'dataset shape': (40, 11, 1921, 2560), 'dataset chunks': (7, 1, 385, 512), 'indexing time (s)': 1.6689300537109375e-06, 'chunk number': 1650, 'reduction time (s)': 1.6225533485412598, 'chunks processed': 15, 'storage read (B)': 29686785, 'selection 2 time (s)': 1.6234393119812012}
Thread times [0.09174156188964844, 0.0692603588104248, 0.0756068229675293, 0.07071685791015625, 0.07841801643371582, 0.0856926441192627, 0.08079099655151367, 0.07998967170715332, 0.08245992660522461, 0.1089017391204834, 0.0907745361328125, 0.20871973037719727, 0.1186223030090332, 0.09653306007385254, 0.08020806312561035]
{'args': ((28, 0, slice(0, 960, None), slice(None, None, None)),), 'dataset shape': (40, 11, 1921, 2560), 'dataset chunks': (7, 1, 385, 512), 'indexing time (s)': 9.5367431640625e-07, 'chunk number': 1650, 'reduction time (s)': 1.4192328453063965, 'chunks processed': 15, 'storage read (B)': 29670387, 'selection 2 time (s)': 1.420100450515747}
Thread times [0.07250404357910156, 0.05391979217529297, 0.07106685638427734, 0.14649462699890137, 0.09356570243835449, 0.1362295150756836, 0.11055850982666016, 0.11930274963378906, 0.11047697067260742, 0.08490610122680664, 0.10452699661254883, 0.21315836906433105, 0.08806061744689941, 0.09416890144348145, 0.10346198081970215]
{'args': ((29, 0, slice(0, 960, None), slice(None, None, None)),), 'dataset shape': (40, 11, 1921, 2560), 'dataset chunks': (7, 1, 385, 512), 'indexing time (s)': 1.1920928955078125e-06, 'chunk number': 1650, 'reduction time (s)': 1.6031882762908936, 'chunks processed': 15, 'storage read (B)': 29670387, 'selection 2 time (s)': 1.6040730476379395}
Thread times [0.0685124397277832, 0.05994105339050293, 0.08631324768066406, 0.09110879898071289, 0.08569884300231934, 0.0941617488861084, 0.07764196395874023, 0.09005475044250488, 0.11687493324279785, 0.0894622802734375, 0.08549356460571289, 1.2761118412017822, 0.17866110801696777, 0.08584332466125488, 0.12094926834106445]
{'args': ((30, 0, slice(0, 960, None), slice(None, None, None)),), 'dataset shape': (40, 11, 1921, 2560), 'dataset chunks': (7, 1, 385, 512), 'indexing time (s)': 1.1920928955078125e-06, 'chunk number': 1650, 'reduction time (s)': 2.607736825942993, 'chunks processed': 15, 'storage read (B)': 29670387, 'selection 2 time (s)': 2.608553409576416}
Thread times [0.06842398643493652, 0.04984617233276367, 0.09355854988098145, 0.07446527481079102, 0.13834381103515625, 0.10240840911865234, 0.11912202835083008, 0.07817602157592773, 0.08963131904602051, 0.10102152824401855, 0.08471059799194336, 0.22199511528015137, 0.07010912895202637, 0.1763460636138916, 0.10734438896179199]
{'args': ((31, 0, slice(0, 960, None), slice(None, None, None)),), 'dataset shape': (40, 11, 1921, 2560), 'dataset chunks': (7, 1, 385, 512), 'indexing time (s)': 1.1920928955078125e-06, 'chunk number': 1650, 'reduction time (s)': 1.5762214660644531, 'chunks processed': 15, 'storage read (B)': 29670387, 'selection 2 time (s)': 1.5770196914672852}
Thread times [0.06973671913146973, 0.05264902114868164, 0.09330248832702637, 0.07989501953125, 0.08881020545959473, 0.09951376914978027, 0.07521224021911621, 0.11801314353942871, 0.13630247116088867, 0.11792492866516113, 0.09385204315185547, 0.24041152000427246, 0.09473896026611328, 0.0930640697479248, 0.09274029731750488]
{'args': ((32, 0, slice(0, 960, None), slice(None, None, None)),), 'dataset shape': (40, 11, 1921, 2560), 'dataset chunks': (7, 1, 385, 512), 'indexing time (s)': 9.5367431640625e-07, 'chunk number': 1650, 'reduction time (s)': 1.5469629764556885, 'chunks processed': 15, 'storage read (B)': 29670387, 'selection 2 time (s)': 1.5477497577667236}
Thread times [0.06782913208007812, 0.08529210090637207, 0.08072185516357422, 0.07219600677490234, 0.0804140567779541, 0.08997011184692383, 0.11007213592529297, 0.10257863998413086, 0.07736515998840332, 0.08606863021850586, 0.14484786987304688, 0.2523221969604492, 0.06839203834533691, 0.0761575698852539, 0.08050251007080078]
{'args': ((33, 0, slice(0, 960, None), slice(None, None, None)),), 'dataset shape': (40, 11, 1921, 2560), 'dataset chunks': (7, 1, 385, 512), 'indexing time (s)': 1.430511474609375e-06, 'chunk number': 1650, 'reduction time (s)': 1.4755001068115234, 'chunks processed': 15, 'storage read (B)': 29670387, 'selection 2 time (s)': 1.4764068126678467}
Thread times [0.0775899887084961, 0.0562281608581543, 0.09396791458129883, 0.09115386009216309, 0.08056092262268066, 0.08302736282348633, 0.09924101829528809, 0.0956869125366211, 0.08229303359985352, 0.08002042770385742, 1.1313035488128662, 0.23650765419006348, 0.06893587112426758, 0.08167910575866699, 0.06825089454650879]
{'args': ((34, 0, slice(0, 960, None), slice(None, None, None)),), 'dataset shape': (40, 11, 1921, 2560), 'dataset chunks': (7, 1, 385, 512), 'indexing time (s)': 9.5367431640625e-07, 'chunk number': 1650, 'reduction time (s)': 2.427250862121582, 'chunks processed': 15, 'storage read (B)': 29670387, 'selection 2 time (s)': 2.4280991554260254}
Thread times [0.08623170852661133, 0.046521902084350586, 0.05998110771179199, 0.07331323623657227, 0.06595969200134277, 0.09835171699523926, 0.08205747604370117, 0.06992840766906738, 0.0905771255493164, 0.08025789260864258, 0.08066487312316895, 0.08236575126647949, 0.07686567306518555, 0.0720975399017334, 0.07182478904724121]
{'args': ((35, 0, slice(0, 960, None), slice(None, None, None)),), 'dataset shape': (40, 11, 1921, 2560), 'dataset chunks': (7, 1, 385, 512), 'indexing time (s)': 1.6689300537109375e-06, 'chunk number': 1650, 'reduction time (s)': 1.1377155780792236, 'chunks processed': 15, 'storage read (B)': 21287473, 'selection 2 time (s)': 1.1384930610656738}
Thread times [0.0708012580871582, 0.04283571243286133, 0.0675508975982666, 0.0807027816772461, 0.05688023567199707, 0.07755541801452637, 0.15062665939331055, 0.10488486289978027, 0.07483148574829102, 0.07980895042419434, 0.1269516944885254, 0.1271369457244873, 0.07744240760803223, 0.07534170150756836, 0.07713103294372559]
{'args': ((36, 0, slice(0, 960, None), slice(None, None, None)),), 'dataset shape': (40, 11, 1921, 2560), 'dataset chunks': (7, 1, 385, 512), 'indexing time (s)': 9.5367431640625e-07, 'chunk number': 1650, 'reduction time (s)': 1.291250467300415, 'chunks processed': 15, 'storage read (B)': 21287473, 'selection 2 time (s)': 1.2921812534332275}
Thread times [0.07810330390930176, 0.04600787162780762, 0.056253910064697266, 0.0708153247833252, 0.0718073844909668, 0.07404375076293945, 0.07205700874328613, 0.07117462158203125, 0.07365179061889648, 0.10434842109680176, 0.09752678871154785, 0.07588505744934082, 0.08456182479858398, 0.07087278366088867, 0.07822060585021973]
{'args': ((37, 0, slice(0, 960, None), slice(None, None, None)),), 'dataset shape': (40, 11, 1921, 2560), 'dataset chunks': (7, 1, 385, 512), 'indexing time (s)': 3.0994415283203125e-06, 'chunk number': 1650, 'reduction time (s)': 1.1263508796691895, 'chunks processed': 15, 'storage read (B)': 21287473, 'selection 2 time (s)': 1.1274466514587402}
Thread times [0.08073830604553223, 0.0493464469909668, 0.05466628074645996, 0.06868171691894531, 0.06100058555603027, 0.06643486022949219, 0.0865943431854248, 0.1418600082397461, 0.13788914680480957, 0.07552170753479004, 0.07790374755859375, 0.07888507843017578, 0.09228658676147461, 0.07426738739013672, 0.07488584518432617]
{'args': ((38, 0, slice(0, 960, None), slice(None, None, None)),), 'dataset shape': (40, 11, 1921, 2560), 'dataset chunks': (7, 1, 385, 512), 'indexing time (s)': 1.1920928955078125e-06, 'chunk number': 1650, 'reduction time (s)': 1.2217950820922852, 'chunks processed': 15, 'storage read (B)': 21287473, 'selection 2 time (s)': 1.2226150035858154}
Thread times [0.09865832328796387, 0.06519770622253418, 0.07360339164733887, 0.10012197494506836, 0.053763628005981445, 0.09394621849060059, 0.11868166923522949, 0.07471704483032227, 0.09018969535827637, 0.07874441146850586, 0.07259035110473633, 0.10862255096435547, 0.23774290084838867, 0.0888218879699707, 0.13165950775146484]
{'args': ((39, 0, slice(0, 960, None), slice(None, None, None)),), 'dataset shape': (40, 11, 1921, 2560), 'dataset chunks': (7, 1, 385, 512), 'indexing time (s)': 7.152557373046875e-07, 'chunk number': 1650, 'reduction time (s)': 1.4879498481750488, 'chunks processed': 15, 'storage read (B)': 21287473, 'selection 2 time (s)': 1.48880934715271}
[[226.07820312]
 [226.0646875 ]
 [225.93776042]
 [225.90820312]
 [225.91739583]
 [225.88460937]
 [225.82080729]
 [225.85434896]
 [225.9834375 ]
 [226.03822917]
 [226.01317708]
 [226.02333333]
 [226.03765625]
 [226.00486979]
 [225.91778646]
 [225.9403125 ]
 [225.98729167]
 [225.91450521]
 [225.81239583]
 [225.81890625]
 [225.8453125 ]
 [225.785     ]
 [225.63648438]
 [225.5565625 ]
 [225.45744792]
 [225.32382813]
 [225.16335937]
 [225.07786458]
 [225.07846354]
 [225.10669271]
 [225.17606771]
 [225.36867187]
 [225.57927083]
 [225.69083333]
 [225.7221875 ]
 [225.82367188]
 [225.93640625]
 [225.96760417]
 [225.91875   ]
 [225.92236979]]
Summary:  sci4-op-r1:Active (T1,BS5): 0.94s,63.34s,67.88s
