Dataset loaded from S3 with s3fs and Pyfive: bnl/ch330a.pc19790301-def.nc (0.026,0.41)
Thread times [0.28476667404174805, 0.2862203121185303, 0.29207348823547363, 0.3306915760040283, 0.3320648670196533, 0.33438920974731445, 0.34714174270629883, 0.3477308750152588, 0.3793017864227295, 0.3816564083099365, 0.4489903450012207, 0.4689042568206787, 0.4690818786621094, 0.6172564029693604, 0.6337170600891113]
{'load nc time': 0.4759647846221924, 'args': ((0, 0, slice(0, 960, None), slice(None, None, None)),), 'dataset shape': (40, 11, 1921, 2560), 'dataset chunks': (7, 1, 385, 512), 'indexing time (s)': 2.3392417430877686, 'chunk number': 1650, 'reduction time (s)': 0.644416093826294, 'chunks processed': 15, 'storage read (B)': 29685482, 'selection 1 time (s)': 2.9838292598724365}
Thread times [0.029721975326538086, 0.4870882034301758, 0.49517130851745605, 0.5556764602661133, 0.5641813278198242, 0.5687422752380371, 0.5936582088470459, 0.6030604839324951, 0.6284291744232178, 0.6328351497650146, 0.6359536647796631, 0.6393909454345703, 0.6384003162384033, 0.7419998645782471, 0.743394136428833]
{'args': ((1, 0, slice(0, 960, None), slice(None, None, None)),), 'dataset shape': (40, 11, 1921, 2560), 'dataset chunks': (7, 1, 385, 512), 'indexing time (s)': 9.5367431640625e-07, 'chunk number': 1650, 'reduction time (s)': 0.7515785694122314, 'chunks processed': 15, 'storage read (B)': 29685482, 'selection 1 time (s)': 0.7517540454864502}
Thread times [0.029326677322387695, 0.1929612159729004, 0.29418110847473145, 0.4879322052001953, 0.5216922760009766, 0.5562810897827148, 0.5540249347686768, 0.5869021415710449, 0.6011507511138916, 0.6052744388580322, 0.608799934387207, 0.6295979022979736, 0.6311733722686768, 0.6487345695495605, 0.6506092548370361]
{'args': ((2, 0, slice(0, 960, None), slice(None, None, None)),), 'dataset shape': (40, 11, 1921, 2560), 'dataset chunks': (7, 1, 385, 512), 'indexing time (s)': 1.430511474609375e-06, 'chunk number': 1650, 'reduction time (s)': 0.6540632247924805, 'chunks processed': 15, 'storage read (B)': 29685482, 'selection 1 time (s)': 0.6542408466339111}
Thread times [0.02952742576599121, 0.4500002861022949, 0.4927940368652344, 0.4941282272338867, 0.5292911529541016, 0.5624592304229736, 0.5646874904632568, 0.5670924186706543, 0.5845794677734375, 0.6255617141723633, 0.6262319087982178, 0.6281740665435791, 0.6267614364624023, 0.7131965160369873, 0.7139878273010254]
{'args': ((3, 0, slice(0, 960, None), slice(None, None, None)),), 'dataset shape': (40, 11, 1921, 2560), 'dataset chunks': (7, 1, 385, 512), 'indexing time (s)': 1.1920928955078125e-06, 'chunk number': 1650, 'reduction time (s)': 0.7207016944885254, 'chunks processed': 15, 'storage read (B)': 29685482, 'selection 1 time (s)': 0.7208845615386963}
Thread times [0.026609182357788086, 0.19009709358215332, 0.19677519798278809, 0.19790315628051758, 0.23120832443237305, 0.28759121894836426, 0.4053304195404053, 0.4182400703430176, 0.46128416061401367, 0.48236083984375, 0.48278164863586426, 0.4854590892791748, 0.5211052894592285, 0.5224366188049316, 0.5230965614318848]
{'args': ((4, 0, slice(0, 960, None), slice(None, None, None)),), 'dataset shape': (40, 11, 1921, 2560), 'dataset chunks': (7, 1, 385, 512), 'indexing time (s)': 1.1920928955078125e-06, 'chunk number': 1650, 'reduction time (s)': 0.5253448486328125, 'chunks processed': 15, 'storage read (B)': 29685482, 'selection 1 time (s)': 0.5255365371704102}
Thread times [0.032103538513183594, 0.40759992599487305, 0.4148533344268799, 0.4334902763366699, 0.44977760314941406, 0.45093703269958496, 0.4524071216583252, 0.4590263366699219, 0.4701404571533203, 0.4980766773223877, 0.5022313594818115, 0.6827785968780518, 0.6904511451721191, 0.6915194988250732, 0.6954677104949951]
{'args': ((5, 0, slice(0, 960, None), slice(None, None, None)),), 'dataset shape': (40, 11, 1921, 2560), 'dataset chunks': (7, 1, 385, 512), 'indexing time (s)': 1.430511474609375e-06, 'chunk number': 1650, 'reduction time (s)': 0.7044787406921387, 'chunks processed': 15, 'storage read (B)': 29685482, 'selection 1 time (s)': 0.7046635150909424}
Thread times [0.028506755828857422, 0.4413602352142334, 0.45830750465393066, 0.4807000160217285, 0.4926173686981201, 0.5008957386016846, 0.5288844108581543, 0.55881667137146, 0.5631263256072998, 0.563748836517334, 0.5642416477203369, 0.5672950744628906, 0.5884525775909424, 0.5946896076202393, 0.6063523292541504]
{'args': ((6, 0, slice(0, 960, None), slice(None, None, None)),), 'dataset shape': (40, 11, 1921, 2560), 'dataset chunks': (7, 1, 385, 512), 'indexing time (s)': 9.5367431640625e-07, 'chunk number': 1650, 'reduction time (s)': 0.6152052879333496, 'chunks processed': 15, 'storage read (B)': 29685482, 'selection 1 time (s)': 0.6153988838195801}
Thread times [0.11629581451416016, 0.5079817771911621, 0.5459845066070557, 0.5498383045196533, 0.5512654781341553, 0.553966760635376, 0.5943994522094727, 0.6014478206634521, 0.6042623519897461, 0.607210636138916, 0.6333944797515869, 0.7545256614685059, 0.7967510223388672, 0.8016548156738281, 0.8023276329040527]
{'args': ((7, 0, slice(0, 960, None), slice(None, None, None)),), 'dataset shape': (40, 11, 1921, 2560), 'dataset chunks': (7, 1, 385, 512), 'indexing time (s)': 1.1920928955078125e-06, 'chunk number': 1650, 'reduction time (s)': 0.8091428279876709, 'chunks processed': 15, 'storage read (B)': 29701892, 'selection 1 time (s)': 0.8093266487121582}
Thread times [0.029237747192382812, 0.38747310638427734, 0.39240002632141113, 0.43962574005126953, 0.44596099853515625, 0.45003604888916016, 0.47757983207702637, 0.4881572723388672, 0.4975893497467041, 0.499072790145874, 0.5023210048675537, 0.5374646186828613, 0.5401875972747803, 0.6256537437438965, 0.6285784244537354]
{'args': ((8, 0, slice(0, 960, None), slice(None, None, None)),), 'dataset shape': (40, 11, 1921, 2560), 'dataset chunks': (7, 1, 385, 512), 'indexing time (s)': 7.152557373046875e-07, 'chunk number': 1650, 'reduction time (s)': 0.6343879699707031, 'chunks processed': 15, 'storage read (B)': 29701892, 'selection 1 time (s)': 0.6345736980438232}
Thread times [0.03127574920654297, 0.4269695281982422, 0.42772531509399414, 0.46059560775756836, 0.49486470222473145, 0.4997100830078125, 0.5010833740234375, 0.5017790794372559, 0.5500881671905518, 0.5513625144958496, 0.5573129653930664, 0.5630669593811035, 0.5666115283966064, 0.5706868171691895, 0.6042301654815674]
{'args': ((9, 0, slice(0, 960, None), slice(None, None, None)),), 'dataset shape': (40, 11, 1921, 2560), 'dataset chunks': (7, 1, 385, 512), 'indexing time (s)': 9.5367431640625e-07, 'chunk number': 1650, 'reduction time (s)': 0.6114084720611572, 'chunks processed': 15, 'storage read (B)': 29701892, 'selection 1 time (s)': 0.6115803718566895}
Thread times [0.03117084503173828, 0.5023107528686523, 0.5063111782073975, 0.5340564250946045, 0.5466451644897461, 0.5745563507080078, 0.5752127170562744, 0.6078934669494629, 0.6065845489501953, 0.6104047298431396, 0.6189591884613037, 0.64786696434021, 0.7089951038360596, 0.7151479721069336, 0.7753009796142578]
{'args': ((10, 0, slice(0, 960, None), slice(None, None, None)),), 'dataset shape': (40, 11, 1921, 2560), 'dataset chunks': (7, 1, 385, 512), 'indexing time (s)': 9.5367431640625e-07, 'chunk number': 1650, 'reduction time (s)': 0.7825369834899902, 'chunks processed': 15, 'storage read (B)': 29701892, 'selection 1 time (s)': 0.7827298641204834}
Thread times [0.02921915054321289, 0.22424745559692383, 0.22447443008422852, 0.24034714698791504, 0.2439122200012207, 0.24567127227783203, 0.24984431266784668, 0.2803335189819336, 0.458132266998291, 0.5332231521606445, 0.5442860126495361, 0.5481147766113281, 0.5566215515136719, 0.5638918876647949, 0.588672399520874]
{'args': ((11, 0, slice(0, 960, None), slice(None, None, None)),), 'dataset shape': (40, 11, 1921, 2560), 'dataset chunks': (7, 1, 385, 512), 'indexing time (s)': 9.5367431640625e-07, 'chunk number': 1650, 'reduction time (s)': 0.5954711437225342, 'chunks processed': 15, 'storage read (B)': 29701892, 'selection 1 time (s)': 0.5956766605377197}
Thread times [0.03146481513977051, 0.13701820373535156, 0.18169546127319336, 0.33061838150024414, 0.43845033645629883, 0.5149786472320557, 0.521949291229248, 0.5603728294372559, 0.5680301189422607, 0.5714998245239258, 0.5658156871795654, 0.6190614700317383, 0.6229572296142578, 0.6240932941436768, 0.6252307891845703]
{'args': ((12, 0, slice(0, 960, None), slice(None, None, None)),), 'dataset shape': (40, 11, 1921, 2560), 'dataset chunks': (7, 1, 385, 512), 'indexing time (s)': 1.1920928955078125e-06, 'chunk number': 1650, 'reduction time (s)': 0.6277263164520264, 'chunks processed': 15, 'storage read (B)': 29701892, 'selection 1 time (s)': 0.6279034614562988}
Thread times [0.03081798553466797, 0.13929080963134766, 0.15036749839782715, 0.1503760814666748, 0.15539145469665527, 0.21735906600952148, 0.22538065910339355, 0.2614731788635254, 0.2626819610595703, 0.31119775772094727, 0.31894850730895996, 0.35507702827453613, 0.379056453704834, 0.38245439529418945, 0.43291521072387695]
{'args': ((13, 0, slice(0, 960, None), slice(None, None, None)),), 'dataset shape': (40, 11, 1921, 2560), 'dataset chunks': (7, 1, 385, 512), 'indexing time (s)': 9.5367431640625e-07, 'chunk number': 1650, 'reduction time (s)': 0.44081711769104004, 'chunks processed': 15, 'storage read (B)': 29701892, 'selection 1 time (s)': 0.4409942626953125}
Thread times [0.24407386779785156, 0.2645866870880127, 0.31702208518981934, 0.32450175285339355, 0.42289280891418457, 0.4277024269104004, 0.43672823905944824, 0.4389641284942627, 0.4577198028564453, 0.46036195755004883, 0.46198248863220215, 0.5251617431640625, 0.5275125503540039, 0.5285718441009521, 0.5289642810821533]
{'args': ((14, 0, slice(0, 960, None), slice(None, None, None)),), 'dataset shape': (40, 11, 1921, 2560), 'dataset chunks': (7, 1, 385, 512), 'indexing time (s)': 9.5367431640625e-07, 'chunk number': 1650, 'reduction time (s)': 0.5335562229156494, 'chunks processed': 15, 'storage read (B)': 29733505, 'selection 1 time (s)': 0.5337328910827637}
Thread times [0.03153538703918457, 0.400923490524292, 0.4121880531311035, 0.45198798179626465, 0.45581912994384766, 0.45706820487976074, 0.47661304473876953, 0.47736334800720215, 0.47894835472106934, 0.47978854179382324, 0.5122852325439453, 0.5173327922821045, 0.5478019714355469, 0.5596697330474854, 0.566680908203125]
{'args': ((15, 0, slice(0, 960, None), slice(None, None, None)),), 'dataset shape': (40, 11, 1921, 2560), 'dataset chunks': (7, 1, 385, 512), 'indexing time (s)': 1.1920928955078125e-06, 'chunk number': 1650, 'reduction time (s)': 0.5740938186645508, 'chunks processed': 15, 'storage read (B)': 29733505, 'selection 1 time (s)': 0.574272871017456}
Thread times [0.031775712966918945, 0.37755537033081055, 0.4008767604827881, 0.4388000965118408, 0.44235706329345703, 0.45931077003479004, 0.4719557762145996, 0.47536802291870117, 0.4832746982574463, 0.4978981018066406, 0.498563289642334, 0.5424504280090332, 0.5455749034881592, 0.5501368045806885, 0.5535719394683838]
{'args': ((16, 0, slice(0, 960, None), slice(None, None, None)),), 'dataset shape': (40, 11, 1921, 2560), 'dataset chunks': (7, 1, 385, 512), 'indexing time (s)': 9.5367431640625e-07, 'chunk number': 1650, 'reduction time (s)': 0.6057565212249756, 'chunks processed': 15, 'storage read (B)': 29733505, 'selection 1 time (s)': 0.6059465408325195}
Thread times [0.032032012939453125, 0.4504055976867676, 0.45139241218566895, 0.48342227935791016, 0.4957542419433594, 0.49736452102661133, 0.5418341159820557, 0.5469710826873779, 0.5484979152679443, 0.5489475727081299, 0.5661466121673584, 0.5743265151977539, 0.5848124027252197, 0.5960946083068848, 0.608635425567627]
{'args': ((17, 0, slice(0, 960, None), slice(None, None, None)),), 'dataset shape': (40, 11, 1921, 2560), 'dataset chunks': (7, 1, 385, 512), 'indexing time (s)': 1.1920928955078125e-06, 'chunk number': 1650, 'reduction time (s)': 0.6180832386016846, 'chunks processed': 15, 'storage read (B)': 29733505, 'selection 1 time (s)': 0.6182594299316406}
Thread times [0.03162074089050293, 0.37557291984558105, 0.3844172954559326, 0.4069859981536865, 0.4227166175842285, 0.42373108863830566, 0.4423553943634033, 0.4538841247558594, 0.46851110458374023, 0.47043871879577637, 0.4738011360168457, 0.5412235260009766, 0.5503592491149902, 0.5570328235626221, 0.5659685134887695]
{'args': ((18, 0, slice(0, 960, None), slice(None, None, None)),), 'dataset shape': (40, 11, 1921, 2560), 'dataset chunks': (7, 1, 385, 512), 'indexing time (s)': 1.1920928955078125e-06, 'chunk number': 1650, 'reduction time (s)': 0.5706503391265869, 'chunks processed': 15, 'storage read (B)': 29733505, 'selection 1 time (s)': 0.5708744525909424}
Thread times [0.028869152069091797, 0.2782325744628906, 0.330735445022583, 0.34801721572875977, 0.405972957611084, 0.45516180992126465, 0.4579780101776123, 0.48197054862976074, 0.4832751750946045, 0.4834749698638916, 0.4871528148651123, 0.48789000511169434, 0.5160887241363525, 0.5246422290802002, 0.5256035327911377]
{'args': ((19, 0, slice(0, 960, None), slice(None, None, None)),), 'dataset shape': (40, 11, 1921, 2560), 'dataset chunks': (7, 1, 385, 512), 'indexing time (s)': 1.1920928955078125e-06, 'chunk number': 1650, 'reduction time (s)': 0.5346221923828125, 'chunks processed': 15, 'storage read (B)': 29733505, 'selection 1 time (s)': 0.5348131656646729}
Thread times [0.028098583221435547, 0.14831757545471191, 0.15518403053283691, 0.15558862686157227, 0.16890192031860352, 0.218703031539917, 0.2573869228363037, 0.26337552070617676, 0.2692136764526367, 0.3321096897125244, 0.3865668773651123, 0.40559959411621094, 0.40677857398986816, 0.4082646369934082, 0.4093446731567383]
{'args': ((20, 0, slice(0, 960, None), slice(None, None, None)),), 'dataset shape': (40, 11, 1921, 2560), 'dataset chunks': (7, 1, 385, 512), 'indexing time (s)': 9.5367431640625e-07, 'chunk number': 1650, 'reduction time (s)': 0.4126291275024414, 'chunks processed': 15, 'storage read (B)': 29733505, 'selection 1 time (s)': 0.41279101371765137}
Thread times [0.14514946937561035, 0.23508572578430176, 0.34189319610595703, 0.4490928649902344, 0.45310258865356445, 0.458939790725708, 0.4739089012145996, 0.49051690101623535, 0.5073649883270264, 0.50830078125, 0.5146458148956299, 0.5201973915100098, 0.5547301769256592, 0.6235320568084717, 0.6461427211761475]
{'args': ((21, 0, slice(0, 960, None), slice(None, None, None)),), 'dataset shape': (40, 11, 1921, 2560), 'dataset chunks': (7, 1, 385, 512), 'indexing time (s)': 9.5367431640625e-07, 'chunk number': 1650, 'reduction time (s)': 0.6533677577972412, 'chunks processed': 15, 'storage read (B)': 29686785, 'selection 1 time (s)': 0.6535420417785645}
Thread times [0.02797698974609375, 0.17183160781860352, 0.21112728118896484, 0.21326088905334473, 0.2157447338104248, 0.21853923797607422, 0.26923036575317383, 0.2706737518310547, 0.2960629463195801, 0.3267793655395508, 0.3289365768432617, 0.33017611503601074, 0.3311920166015625, 0.3635079860687256, 0.37555480003356934]
{'args': ((22, 0, slice(0, 960, None), slice(None, None, None)),), 'dataset shape': (40, 11, 1921, 2560), 'dataset chunks': (7, 1, 385, 512), 'indexing time (s)': 9.5367431640625e-07, 'chunk number': 1650, 'reduction time (s)': 0.38040757179260254, 'chunks processed': 15, 'storage read (B)': 29686785, 'selection 1 time (s)': 0.3805716037750244}
Thread times [0.030142545700073242, 0.14107823371887207, 0.25675010681152344, 0.3174886703491211, 0.3765683174133301, 0.4090747833251953, 0.4191615581512451, 0.4348597526550293, 0.4360220432281494, 0.4435727596282959, 0.447948694229126, 0.47754597663879395, 0.479964017868042, 0.48734474182128906, 0.5676736831665039]
{'args': ((23, 0, slice(0, 960, None), slice(None, None, None)),), 'dataset shape': (40, 11, 1921, 2560), 'dataset chunks': (7, 1, 385, 512), 'indexing time (s)': 9.5367431640625e-07, 'chunk number': 1650, 'reduction time (s)': 0.5739161968231201, 'chunks processed': 15, 'storage read (B)': 29686785, 'selection 1 time (s)': 0.574094295501709}
Thread times [0.03221535682678223, 0.2303307056427002, 0.23830246925354004, 0.2457139492034912, 0.25666022300720215, 0.30432891845703125, 0.3307318687438965, 0.33033204078674316, 0.3423347473144531, 0.37185192108154297, 0.38892388343811035, 0.3921034336090088, 0.39252567291259766, 0.39763855934143066, 0.4326925277709961]
{'args': ((24, 0, slice(0, 960, None), slice(None, None, None)),), 'dataset shape': (40, 11, 1921, 2560), 'dataset chunks': (7, 1, 385, 512), 'indexing time (s)': 1.1920928955078125e-06, 'chunk number': 1650, 'reduction time (s)': 0.43622493743896484, 'chunks processed': 15, 'storage read (B)': 29686785, 'selection 1 time (s)': 0.4364004135131836}
Thread times [0.03895711898803711, 0.4533534049987793, 0.4945030212402344, 0.49591612815856934, 0.4961702823638916, 0.5471274852752686, 0.5478966236114502, 0.5505828857421875, 0.5492987632751465, 0.6844513416290283, 0.6926453113555908, 0.9366085529327393, 1.0224900245666504, 1.519829511642456, 1.5796871185302734]
{'args': ((25, 0, slice(0, 960, None), slice(None, None, None)),), 'dataset shape': (40, 11, 1921, 2560), 'dataset chunks': (7, 1, 385, 512), 'indexing time (s)': 9.5367431640625e-07, 'chunk number': 1650, 'reduction time (s)': 1.585953712463379, 'chunks processed': 15, 'storage read (B)': 29686785, 'selection 1 time (s)': 1.5861339569091797}
Thread times [0.031106233596801758, 0.18277597427368164, 0.18627166748046875, 0.19359707832336426, 0.20236539840698242, 0.22881197929382324, 0.2678079605102539, 0.29181671142578125, 0.2960782051086426, 0.30773138999938965, 0.34145236015319824, 0.34136176109313965, 0.5647671222686768, 0.5686590671539307, 0.5699496269226074]
{'args': ((26, 0, slice(0, 960, None), slice(None, None, None)),), 'dataset shape': (40, 11, 1921, 2560), 'dataset chunks': (7, 1, 385, 512), 'indexing time (s)': 1.1920928955078125e-06, 'chunk number': 1650, 'reduction time (s)': 0.6076164245605469, 'chunks processed': 15, 'storage read (B)': 29686785, 'selection 1 time (s)': 0.607795000076294}
Thread times [0.029507160186767578, 0.16407132148742676, 0.16259980201721191, 0.1665668487548828, 0.21966290473937988, 0.27942395210266113, 0.3385050296783447, 0.3616797924041748, 0.3634624481201172, 0.3949427604675293, 0.39499688148498535, 0.48669981956481934, 0.4940013885498047, 0.49838685989379883, 0.5044412612915039]
{'args': ((27, 0, slice(0, 960, None), slice(None, None, None)),), 'dataset shape': (40, 11, 1921, 2560), 'dataset chunks': (7, 1, 385, 512), 'indexing time (s)': 1.1920928955078125e-06, 'chunk number': 1650, 'reduction time (s)': 0.5108213424682617, 'chunks processed': 15, 'storage read (B)': 29686785, 'selection 1 time (s)': 0.5109908580780029}
Thread times [0.2931249141693115, 0.2938969135284424, 0.2939591407775879, 0.29659557342529297, 0.3102705478668213, 0.32283496856689453, 0.33430027961730957, 0.3327198028564453, 0.3416106700897217, 0.35199975967407227, 0.5371589660644531, 0.5735082626342773, 0.5831320285797119, 0.5848243236541748, 0.5843687057495117]
{'args': ((28, 0, slice(0, 960, None), slice(None, None, None)),), 'dataset shape': (40, 11, 1921, 2560), 'dataset chunks': (7, 1, 385, 512), 'indexing time (s)': 1.1920928955078125e-06, 'chunk number': 1650, 'reduction time (s)': 0.5902845859527588, 'chunks processed': 15, 'storage read (B)': 29670387, 'selection 1 time (s)': 0.5904552936553955}
Thread times [0.028169870376586914, 0.13759708404541016, 0.1413557529449463, 0.15268945693969727, 0.18774032592773438, 0.19774913787841797, 0.19583940505981445, 0.21910691261291504, 0.2500159740447998, 0.2533855438232422, 0.2718324661254883, 0.2712583541870117, 0.2848517894744873, 0.3059358596801758, 0.5110056400299072]
{'args': ((29, 0, slice(0, 960, None), slice(None, None, None)),), 'dataset shape': (40, 11, 1921, 2560), 'dataset chunks': (7, 1, 385, 512), 'indexing time (s)': 1.1920928955078125e-06, 'chunk number': 1650, 'reduction time (s)': 0.5213992595672607, 'chunks processed': 15, 'storage read (B)': 29670387, 'selection 1 time (s)': 0.5215790271759033}
Thread times [0.031160593032836914, 0.13383746147155762, 0.13451290130615234, 0.19348740577697754, 0.26926541328430176, 0.27631139755249023, 0.28004980087280273, 0.2965092658996582, 0.3019251823425293, 0.30425500869750977, 0.33329200744628906, 0.3454763889312744, 0.3445122241973877, 0.3592953681945801, 0.4776885509490967]
{'args': ((30, 0, slice(0, 960, None), slice(None, None, None)),), 'dataset shape': (40, 11, 1921, 2560), 'dataset chunks': (7, 1, 385, 512), 'indexing time (s)': 1.1920928955078125e-06, 'chunk number': 1650, 'reduction time (s)': 0.485032320022583, 'chunks processed': 15, 'storage read (B)': 29670387, 'selection 1 time (s)': 0.4852116107940674}
Thread times [0.03207278251647949, 0.18978071212768555, 0.19458723068237305, 0.20269083976745605, 0.20432376861572266, 0.25486326217651367, 0.25913572311401367, 0.2657749652862549, 0.2677319049835205, 0.2803230285644531, 0.27994871139526367, 0.3181421756744385, 0.32769250869750977, 0.3303074836730957, 0.43998098373413086]
{'args': ((31, 0, slice(0, 960, None), slice(None, None, None)),), 'dataset shape': (40, 11, 1921, 2560), 'dataset chunks': (7, 1, 385, 512), 'indexing time (s)': 9.5367431640625e-07, 'chunk number': 1650, 'reduction time (s)': 0.44539332389831543, 'chunks processed': 15, 'storage read (B)': 29670387, 'selection 1 time (s)': 0.445573091506958}
Thread times [0.03094482421875, 0.3482983112335205, 0.3551321029663086, 0.3763763904571533, 0.38382983207702637, 0.39115071296691895, 0.4015998840332031, 0.4094352722167969, 0.4095950126647949, 0.4212181568145752, 0.4360949993133545, 0.5126795768737793, 0.5164451599121094, 0.5241038799285889, 0.5318756103515625]
{'args': ((32, 0, slice(0, 960, None), slice(None, None, None)),), 'dataset shape': (40, 11, 1921, 2560), 'dataset chunks': (7, 1, 385, 512), 'indexing time (s)': 9.5367431640625e-07, 'chunk number': 1650, 'reduction time (s)': 0.538013219833374, 'chunks processed': 15, 'storage read (B)': 29670387, 'selection 1 time (s)': 0.538193941116333}
Thread times [0.03037858009338379, 0.22692370414733887, 0.23153281211853027, 0.2747523784637451, 0.2918741703033447, 0.2958335876464844, 0.30085182189941406, 0.30678844451904297, 0.34271907806396484, 0.3441731929779053, 0.3459656238555908, 0.4347500801086426, 0.44954705238342285, 0.5160789489746094, 0.5533831119537354]
{'args': ((33, 0, slice(0, 960, None), slice(None, None, None)),), 'dataset shape': (40, 11, 1921, 2560), 'dataset chunks': (7, 1, 385, 512), 'indexing time (s)': 1.1920928955078125e-06, 'chunk number': 1650, 'reduction time (s)': 0.5578029155731201, 'chunks processed': 15, 'storage read (B)': 29670387, 'selection 1 time (s)': 0.5579872131347656}
Thread times [0.028394222259521484, 0.1999514102935791, 0.2109241485595703, 0.2116382122039795, 0.21997690200805664, 0.23883724212646484, 0.253739595413208, 0.2547423839569092, 0.25783395767211914, 0.3304860591888428, 0.3325459957122803, 0.3516526222229004, 0.36070799827575684, 0.3647937774658203, 0.38738489151000977]
{'args': ((34, 0, slice(0, 960, None), slice(None, None, None)),), 'dataset shape': (40, 11, 1921, 2560), 'dataset chunks': (7, 1, 385, 512), 'indexing time (s)': 1.1920928955078125e-06, 'chunk number': 1650, 'reduction time (s)': 0.39013123512268066, 'chunks processed': 15, 'storage read (B)': 29670387, 'selection 1 time (s)': 0.39031410217285156}
Thread times [0.16579508781433105, 0.22859764099121094, 0.23648667335510254, 0.24431276321411133, 0.2565035820007324, 0.26044273376464844, 0.29412126541137695, 0.3005402088165283, 0.30112457275390625, 0.3570859432220459, 0.3586549758911133, 0.3601510524749756, 0.4967520236968994, 0.5093088150024414, 0.5228185653686523]
{'args': ((35, 0, slice(0, 960, None), slice(None, None, None)),), 'dataset shape': (40, 11, 1921, 2560), 'dataset chunks': (7, 1, 385, 512), 'indexing time (s)': 1.430511474609375e-06, 'chunk number': 1650, 'reduction time (s)': 0.527700662612915, 'chunks processed': 15, 'storage read (B)': 21287473, 'selection 1 time (s)': 0.5278980731964111}
Thread times [0.02818584442138672, 0.1452314853668213, 0.1462395191192627, 0.2158527374267578, 0.27565932273864746, 0.2910025119781494, 0.2920248508453369, 0.31021881103515625, 0.3248441219329834, 0.3309593200683594, 0.3277435302734375, 0.35936927795410156, 0.3713834285736084, 0.37734103202819824, 0.37501955032348633]
{'args': ((36, 0, slice(0, 960, None), slice(None, None, None)),), 'dataset shape': (40, 11, 1921, 2560), 'dataset chunks': (7, 1, 385, 512), 'indexing time (s)': 1.1920928955078125e-06, 'chunk number': 1650, 'reduction time (s)': 0.38126564025878906, 'chunks processed': 15, 'storage read (B)': 21287473, 'selection 1 time (s)': 0.38147401809692383}
Thread times [0.03084874153137207, 0.2828960418701172, 0.2874274253845215, 0.2879068851470947, 0.2895331382751465, 0.30287671089172363, 0.3404250144958496, 0.35399651527404785, 0.36327028274536133, 0.36646413803100586, 0.36730027198791504, 0.4208216667175293, 0.4286186695098877, 0.4310882091522217, 0.43331027030944824]
{'args': ((37, 0, slice(0, 960, None), slice(None, None, None)),), 'dataset shape': (40, 11, 1921, 2560), 'dataset chunks': (7, 1, 385, 512), 'indexing time (s)': 9.5367431640625e-07, 'chunk number': 1650, 'reduction time (s)': 0.44172048568725586, 'chunks processed': 15, 'storage read (B)': 21287473, 'selection 1 time (s)': 0.44190025329589844}
Thread times [0.02883148193359375, 0.2492835521697998, 0.29169130325317383, 0.29280543327331543, 0.2951700687408447, 0.3004744052886963, 0.3049900531768799, 0.30480360984802246, 0.3319108486175537, 0.33272361755371094, 0.33608388900756836, 0.3645198345184326, 0.4079248905181885, 0.42214083671569824, 0.4260537624359131]
{'args': ((38, 0, slice(0, 960, None), slice(None, None, None)),), 'dataset shape': (40, 11, 1921, 2560), 'dataset chunks': (7, 1, 385, 512), 'indexing time (s)': 9.5367431640625e-07, 'chunk number': 1650, 'reduction time (s)': 0.43012285232543945, 'chunks processed': 15, 'storage read (B)': 21287473, 'selection 1 time (s)': 0.43030428886413574}
Thread times [0.028851747512817383, 0.25441646575927734, 0.2662515640258789, 0.274982213973999, 0.29532599449157715, 0.31496286392211914, 0.3169596195220947, 0.32053112983703613, 0.33377623558044434, 0.3461644649505615, 0.3567790985107422, 0.382993221282959, 0.40592360496520996, 0.40739011764526367, 0.40897154808044434]
{'args': ((39, 0, slice(0, 960, None), slice(None, None, None)),), 'dataset shape': (40, 11, 1921, 2560), 'dataset chunks': (7, 1, 385, 512), 'indexing time (s)': 1.430511474609375e-06, 'chunk number': 1650, 'reduction time (s)': 0.4138946533203125, 'chunks processed': 15, 'storage read (B)': 21287473, 'selection 1 time (s)': 0.41409873962402344}
[[226.07815104]
 [226.06473958]
 [225.93765625]
 [225.90807292]
 [225.91736979]
 [225.88455729]
 [225.82075521]
 [225.85440104]
 [225.98328125]
 [226.03807292]
 [226.01315104]
 [226.02330729]
 [226.03768229]
 [226.00479167]
 [225.91765625]
 [225.94033854]
 [225.98721354]
 [225.9146875 ]
 [225.81242188]
 [225.81869792]
 [225.84526042]
 [225.78497396]
 [225.63648438]
 [225.55653646]
 [225.45736979]
 [225.32369792]
 [225.16325521]
 [225.07794271]
 [225.0784375 ]
 [225.10664063]
 [225.17609375]
 [225.36877604]
 [225.57911458]
 [225.69080729]
 [225.72229167]
 [225.82369792]
 [225.93658854]
 [225.96763021]
 [225.91864583]
 [225.92252604]]
Summary:  sci4-op-r1:Local (T100,BS1): 0.476s,23.44s,26.26s
