Dataset loaded from S3 with s3fs and Pyfive: bnl/ch330a.pc19790301-def.nc (0.052,0.63)
Thread times [0.2982006072998047, 0.32861924171447754, 0.5694952011108398, 0.6106982231140137, 0.6864326000213623, 0.8359479904174805, 0.8214564323425293, 0.8570232391357422, 0.8644258975982666, 0.8740706443786621, 0.8836269378662109, 0.8913850784301758, 0.9283227920532227, 0.9518876075744629, 1.7913413047790527]
{'load nc time': 0.7911031246185303, 'args': ((0, 0, slice(0, 960, None), slice(None, None, None)),), 'dataset shape': (40, 11, 1921, 2560), 'dataset chunks': (7, 1, 385, 512), 'indexing time (s)': 3.7933945655822754, 'chunk number': 1650, 'reduction time (s)': 1.8098256587982178, 'chunks processed': 15, 'storage read (B)': 29685482, 'selection 1 time (s)': 5.603403091430664}
Thread times [0.0264894962310791, 0.10854482650756836, 0.31676602363586426, 0.3215353488922119, 0.5241401195526123, 0.5410802364349365, 0.6077175140380859, 0.7663373947143555, 0.7761616706848145, 0.7906532287597656, 0.8151395320892334, 0.812615156173706, 0.8201358318328857, 0.8456189632415771, 0.8554859161376953]
{'args': ((1, 0, slice(0, 960, None), slice(None, None, None)),), 'dataset shape': (40, 11, 1921, 2560), 'dataset chunks': (7, 1, 385, 512), 'indexing time (s)': 1.1920928955078125e-06, 'chunk number': 1650, 'reduction time (s)': 0.860579252243042, 'chunks processed': 15, 'storage read (B)': 29685482, 'selection 1 time (s)': 0.8607664108276367}
Thread times [0.02886056900024414, 0.0324556827545166, 0.22158145904541016, 0.2568385601043701, 0.48963356018066406, 0.5073747634887695, 0.5415863990783691, 0.5426473617553711, 0.5551748275756836, 0.5645041465759277, 0.5733537673950195, 0.5887446403503418, 0.5985321998596191, 0.6004371643066406, 0.6674563884735107]
{'args': ((2, 0, slice(0, 960, None), slice(None, None, None)),), 'dataset shape': (40, 11, 1921, 2560), 'dataset chunks': (7, 1, 385, 512), 'indexing time (s)': 9.5367431640625e-07, 'chunk number': 1650, 'reduction time (s)': 0.6757564544677734, 'chunks processed': 15, 'storage read (B)': 29685482, 'selection 1 time (s)': 0.6759669780731201}
Thread times [0.026486635208129883, 0.277479887008667, 0.43893885612487793, 0.6816189289093018, 0.8156609535217285, 0.8366620540618896, 0.850618839263916, 0.8726317882537842, 0.8787529468536377, 0.8861446380615234, 0.8950011730194092, 0.8972015380859375, 0.9067392349243164, 1.0073325634002686, 1.0214273929595947]
{'args': ((3, 0, slice(0, 960, None), slice(None, None, None)),), 'dataset shape': (40, 11, 1921, 2560), 'dataset chunks': (7, 1, 385, 512), 'indexing time (s)': 9.5367431640625e-07, 'chunk number': 1650, 'reduction time (s)': 1.029599666595459, 'chunks processed': 15, 'storage read (B)': 29685482, 'selection 1 time (s)': 1.0297975540161133}
Thread times [0.0265195369720459, 0.2303156852722168, 0.35877466201782227, 0.6095089912414551, 0.8342461585998535, 0.8667292594909668, 0.8684306144714355, 0.8886942863464355, 0.9133780002593994, 0.9157090187072754, 0.9178683757781982, 0.9186861515045166, 0.9187681674957275, 0.932243824005127, 0.9594535827636719]
{'args': ((4, 0, slice(0, 960, None), slice(None, None, None)),), 'dataset shape': (40, 11, 1921, 2560), 'dataset chunks': (7, 1, 385, 512), 'indexing time (s)': 7.152557373046875e-07, 'chunk number': 1650, 'reduction time (s)': 0.9660718441009521, 'chunks processed': 15, 'storage read (B)': 29685482, 'selection 1 time (s)': 0.966245174407959}
Thread times [0.02534627914428711, 0.23215961456298828, 0.30659937858581543, 0.3138597011566162, 0.47670674324035645, 0.49265408515930176, 0.5855574607849121, 0.6044094562530518, 0.7420663833618164, 0.7450389862060547, 0.7549154758453369, 0.7767782211303711, 0.781916618347168, 0.7857012748718262, 0.7928409576416016]
{'args': ((5, 0, slice(0, 960, None), slice(None, None, None)),), 'dataset shape': (40, 11, 1921, 2560), 'dataset chunks': (7, 1, 385, 512), 'indexing time (s)': 1.1920928955078125e-06, 'chunk number': 1650, 'reduction time (s)': 0.7968971729278564, 'chunks processed': 15, 'storage read (B)': 29685482, 'selection 1 time (s)': 0.797069787979126}
Thread times [0.030671119689941406, 0.026549100875854492, 0.21110749244689941, 0.38087916374206543, 0.414766788482666, 0.413532018661499, 0.4664771556854248, 0.47900962829589844, 0.48590087890625, 0.49570631980895996, 0.5044887065887451, 0.5168066024780273, 0.5158538818359375, 0.5691218376159668, 0.6084311008453369]
{'args': ((6, 0, slice(0, 960, None), slice(None, None, None)),), 'dataset shape': (40, 11, 1921, 2560), 'dataset chunks': (7, 1, 385, 512), 'indexing time (s)': 1.430511474609375e-06, 'chunk number': 1650, 'reduction time (s)': 0.616297721862793, 'chunks processed': 15, 'storage read (B)': 29685482, 'selection 1 time (s)': 0.6164791584014893}
Thread times [0.779106855392456, 0.7932608127593994, 0.8186485767364502, 0.8234882354736328, 0.8362259864807129, 0.8532962799072266, 0.856820821762085, 0.863182783126831, 0.8730318546295166, 0.8793182373046875, 1.2181596755981445, 1.2225761413574219, 1.2302582263946533, 1.2381925582885742, 1.4401538372039795]
{'args': ((7, 0, slice(0, 960, None), slice(None, None, None)),), 'dataset shape': (40, 11, 1921, 2560), 'dataset chunks': (7, 1, 385, 512), 'indexing time (s)': 9.5367431640625e-07, 'chunk number': 1650, 'reduction time (s)': 1.4483871459960938, 'chunks processed': 15, 'storage read (B)': 29701892, 'selection 1 time (s)': 1.4485774040222168}
Thread times [0.04206252098083496, 0.2857813835144043, 0.3922734260559082, 0.5127758979797363, 0.6442418098449707, 0.7316300868988037, 0.738072395324707, 0.743664026260376, 0.7551019191741943, 0.7702741622924805, 0.7778522968292236, 0.79642653465271, 0.8059051036834717, 0.8093199729919434, 0.8146610260009766]
{'args': ((8, 0, slice(0, 960, None), slice(None, None, None)),), 'dataset shape': (40, 11, 1921, 2560), 'dataset chunks': (7, 1, 385, 512), 'indexing time (s)': 1.430511474609375e-06, 'chunk number': 1650, 'reduction time (s)': 0.8213739395141602, 'chunks processed': 15, 'storage read (B)': 29701892, 'selection 1 time (s)': 0.8215699195861816}
Thread times [0.02485346794128418, 0.2929246425628662, 0.41258692741394043, 0.5369329452514648, 0.804394006729126, 0.8115072250366211, 0.8177111148834229, 0.815004825592041, 0.8240575790405273, 0.8470478057861328, 0.8644664287567139, 0.8635401725769043, 0.8714356422424316, 0.8943386077880859, 0.9623627662658691]
{'args': ((9, 0, slice(0, 960, None), slice(None, None, None)),), 'dataset shape': (40, 11, 1921, 2560), 'dataset chunks': (7, 1, 385, 512), 'indexing time (s)': 1.430511474609375e-06, 'chunk number': 1650, 'reduction time (s)': 0.9707467555999756, 'chunks processed': 15, 'storage read (B)': 29701892, 'selection 1 time (s)': 0.9709179401397705}
Thread times [0.025478601455688477, 0.11958551406860352, 0.21276497840881348, 0.37824010848999023, 0.5763962268829346, 0.661329984664917, 0.8389251232147217, 0.8419857025146484, 0.8524374961853027, 0.8654346466064453, 0.8702175617218018, 0.8811018466949463, 0.8838417530059814, 0.8882882595062256, 0.9068412780761719]
{'args': ((10, 0, slice(0, 960, None), slice(None, None, None)),), 'dataset shape': (40, 11, 1921, 2560), 'dataset chunks': (7, 1, 385, 512), 'indexing time (s)': 1.430511474609375e-06, 'chunk number': 1650, 'reduction time (s)': 0.9105279445648193, 'chunks processed': 15, 'storage read (B)': 29701892, 'selection 1 time (s)': 0.9106981754302979}
Thread times [0.027782201766967773, 0.028672218322753906, 0.02667069435119629, 0.23505282402038574, 0.26357126235961914, 0.26543140411376953, 0.3412952423095703, 0.35280299186706543, 0.4098031520843506, 0.421588659286499, 0.4252004623413086, 0.44470643997192383, 0.4584958553314209, 0.46951889991760254, 0.499387264251709]
{'args': ((11, 0, slice(0, 960, None), slice(None, None, None)),), 'dataset shape': (40, 11, 1921, 2560), 'dataset chunks': (7, 1, 385, 512), 'indexing time (s)': 7.152557373046875e-07, 'chunk number': 1650, 'reduction time (s)': 0.5074124336242676, 'chunks processed': 15, 'storage read (B)': 29701892, 'selection 1 time (s)': 0.5075838565826416}
Thread times [0.02594280242919922, 0.11868000030517578, 0.24010205268859863, 0.38681602478027344, 0.5079052448272705, 0.6557133197784424, 0.7813937664031982, 0.7846791744232178, 0.7957913875579834, 0.7972142696380615, 0.8196144104003906, 0.8315892219543457, 0.8375599384307861, 0.839137077331543, 0.849665641784668]
{'args': ((12, 0, slice(0, 960, None), slice(None, None, None)),), 'dataset shape': (40, 11, 1921, 2560), 'dataset chunks': (7, 1, 385, 512), 'indexing time (s)': 9.5367431640625e-07, 'chunk number': 1650, 'reduction time (s)': 0.8541076183319092, 'chunks processed': 15, 'storage read (B)': 29701892, 'selection 1 time (s)': 0.8542928695678711}
Thread times [0.03244185447692871, 0.03379106521606445, 0.030886173248291016, 0.13899564743041992, 0.2690129280090332, 0.3470292091369629, 0.737382173538208, 0.7574527263641357, 0.7790749073028564, 0.7903895378112793, 0.7873458862304688, 0.7939233779907227, 0.795166015625, 0.8149628639221191, 0.8110063076019287]
{'args': ((13, 0, slice(0, 960, None), slice(None, None, None)),), 'dataset shape': (40, 11, 1921, 2560), 'dataset chunks': (7, 1, 385, 512), 'indexing time (s)': 9.5367431640625e-07, 'chunk number': 1650, 'reduction time (s)': 0.8209059238433838, 'chunks processed': 15, 'storage read (B)': 29701892, 'selection 1 time (s)': 0.8210792541503906}
Thread times [0.20242524147033691, 0.22465181350708008, 0.2837681770324707, 0.3152921199798584, 0.43306612968444824, 0.45028209686279297, 0.45703911781311035, 0.4579169750213623, 0.658745527267456, 0.8285009860992432, 0.8313398361206055, 0.8358254432678223, 0.8450939655303955, 0.853646993637085, 0.8738782405853271]
{'args': ((14, 0, slice(0, 960, None), slice(None, None, None)),), 'dataset shape': (40, 11, 1921, 2560), 'dataset chunks': (7, 1, 385, 512), 'indexing time (s)': 1.1920928955078125e-06, 'chunk number': 1650, 'reduction time (s)': 0.8796658515930176, 'chunks processed': 15, 'storage read (B)': 29733505, 'selection 1 time (s)': 0.8798456192016602}
Thread times [0.026128530502319336, 0.2668948173522949, 0.2853515148162842, 0.3030586242675781, 0.33860349655151367, 0.36911606788635254, 0.3832285404205322, 0.3976938724517822, 0.4232981204986572, 0.42775535583496094, 0.5396881103515625, 0.6020965576171875, 0.6083626747131348, 0.6088345050811768, 0.617093563079834]
{'args': ((15, 0, slice(0, 960, None), slice(None, None, None)),), 'dataset shape': (40, 11, 1921, 2560), 'dataset chunks': (7, 1, 385, 512), 'indexing time (s)': 1.9073486328125e-06, 'chunk number': 1650, 'reduction time (s)': 0.6214489936828613, 'chunks processed': 15, 'storage read (B)': 29733505, 'selection 1 time (s)': 0.6217014789581299}
Thread times [0.023235797882080078, 0.025644540786743164, 0.2166917324066162, 0.337526798248291, 0.4525446891784668, 0.6954169273376465, 0.7588973045349121, 0.7650530338287354, 0.782027006149292, 0.7939448356628418, 0.8400392532348633, 0.8489029407501221, 0.8636252880096436, 0.8666348457336426, 0.8752188682556152]
{'args': ((16, 0, slice(0, 960, None), slice(None, None, None)),), 'dataset shape': (40, 11, 1921, 2560), 'dataset chunks': (7, 1, 385, 512), 'indexing time (s)': 9.5367431640625e-07, 'chunk number': 1650, 'reduction time (s)': 0.8809094429016113, 'chunks processed': 15, 'storage read (B)': 29733505, 'selection 1 time (s)': 0.8810861110687256}
Thread times [0.028020143508911133, 0.14446020126342773, 0.17470216751098633, 0.296856164932251, 0.30266857147216797, 0.41338324546813965, 0.4197227954864502, 0.733433723449707, 0.7366421222686768, 0.7437422275543213, 0.7545223236083984, 0.7531156539916992, 0.7604646682739258, 0.7789268493652344, 1.512615442276001]
{'args': ((17, 0, slice(0, 960, None), slice(None, None, None)),), 'dataset shape': (40, 11, 1921, 2560), 'dataset chunks': (7, 1, 385, 512), 'indexing time (s)': 9.5367431640625e-07, 'chunk number': 1650, 'reduction time (s)': 1.521225929260254, 'chunks processed': 15, 'storage read (B)': 29733505, 'selection 1 time (s)': 1.5214130878448486}
Thread times [0.024342775344848633, 0.3489871025085449, 0.5645475387573242, 0.5838091373443604, 0.5945394039154053, 0.6069931983947754, 0.6127650737762451, 0.6307077407836914, 0.6509177684783936, 0.6604065895080566, 0.6631247997283936, 0.6631431579589844, 0.8973300457000732, 0.9046375751495361, 0.902543306350708]
{'args': ((18, 0, slice(0, 960, None), slice(None, None, None)),), 'dataset shape': (40, 11, 1921, 2560), 'dataset chunks': (7, 1, 385, 512), 'indexing time (s)': 1.6689300537109375e-06, 'chunk number': 1650, 'reduction time (s)': 0.9125909805297852, 'chunks processed': 15, 'storage read (B)': 29733505, 'selection 1 time (s)': 0.912761926651001}
Thread times [0.032746076583862305, 0.20577478408813477, 0.35085058212280273, 0.5984253883361816, 0.7161264419555664, 0.9550392627716064, 1.0333847999572754, 1.0490355491638184, 1.0527925491333008, 1.0604867935180664, 1.0788512229919434, 1.0787749290466309, 1.0865812301635742, 1.1000816822052002, 1.106680154800415]
{'args': ((19, 0, slice(0, 960, None), slice(None, None, None)),), 'dataset shape': (40, 11, 1921, 2560), 'dataset chunks': (7, 1, 385, 512), 'indexing time (s)': 1.1920928955078125e-06, 'chunk number': 1650, 'reduction time (s)': 1.1109516620635986, 'chunks processed': 15, 'storage read (B)': 29733505, 'selection 1 time (s)': 1.1111185550689697}
Thread times [0.025278329849243164, 0.15502166748046875, 0.23853182792663574, 0.311185359954834, 0.4021275043487549, 0.4422140121459961, 0.45969295501708984, 0.6601054668426514, 0.8246605396270752, 0.8239171504974365, 0.8274791240692139, 0.834200382232666, 0.8398058414459229, 0.8413240909576416, 0.8591525554656982]
{'args': ((20, 0, slice(0, 960, None), slice(None, None, None)),), 'dataset shape': (40, 11, 1921, 2560), 'dataset chunks': (7, 1, 385, 512), 'indexing time (s)': 9.5367431640625e-07, 'chunk number': 1650, 'reduction time (s)': 0.860769510269165, 'chunks processed': 15, 'storage read (B)': 29733505, 'selection 1 time (s)': 0.8609418869018555}
Thread times [0.7912797927856445, 0.8058326244354248, 0.8231704235076904, 0.8474347591400146, 0.852787971496582, 0.8519570827484131, 0.8558979034423828, 0.8582186698913574, 0.8670361042022705, 0.8816618919372559, 1.3087453842163086, 1.321925163269043, 1.3269307613372803, 1.3506553173065186, 1.351942777633667]
{'args': ((21, 0, slice(0, 960, None), slice(None, None, None)),), 'dataset shape': (40, 11, 1921, 2560), 'dataset chunks': (7, 1, 385, 512), 'indexing time (s)': 9.5367431640625e-07, 'chunk number': 1650, 'reduction time (s)': 1.3577942848205566, 'chunks processed': 15, 'storage read (B)': 29686785, 'selection 1 time (s)': 1.3579671382904053}
Thread times [0.02574324607849121, 0.26203417778015137, 0.26536989212036133, 0.2870969772338867, 0.29593658447265625, 0.43012404441833496, 0.43699169158935547, 0.4825782775878906, 0.49561500549316406, 0.49691081047058105, 0.5278828144073486, 0.6095089912414551, 0.6117005348205566, 0.6145904064178467, 0.6161272525787354]
{'args': ((22, 0, slice(0, 960, None), slice(None, None, None)),), 'dataset shape': (40, 11, 1921, 2560), 'dataset chunks': (7, 1, 385, 512), 'indexing time (s)': 1.430511474609375e-06, 'chunk number': 1650, 'reduction time (s)': 0.6253840923309326, 'chunks processed': 15, 'storage read (B)': 29686785, 'selection 1 time (s)': 0.6255669593811035}
Thread times [0.02664470672607422, 0.02824711799621582, 0.8995609283447266, 0.9032464027404785, 0.9203479290008545, 0.9357278347015381, 0.9456439018249512, 0.9580085277557373, 0.9703347682952881, 0.9721977710723877, 0.9761552810668945, 0.9852705001831055, 1.174772024154663, 1.1780686378479004, 1.1859173774719238]
{'args': ((23, 0, slice(0, 960, None), slice(None, None, None)),), 'dataset shape': (40, 11, 1921, 2560), 'dataset chunks': (7, 1, 385, 512), 'indexing time (s)': 1.6689300537109375e-06, 'chunk number': 1650, 'reduction time (s)': 1.1904747486114502, 'chunks processed': 15, 'storage read (B)': 29686785, 'selection 1 time (s)': 1.1906495094299316}
Thread times [0.037091970443725586, 0.27326369285583496, 0.36780595779418945, 0.46440982818603516, 0.6803922653198242, 0.6937918663024902, 0.7090013027191162, 0.7149510383605957, 0.7287757396697998, 0.7356352806091309, 0.7404887676239014, 0.739922046661377, 0.7537930011749268, 0.7803246974945068, 0.7908635139465332]
{'args': ((24, 0, slice(0, 960, None), slice(None, None, None)),), 'dataset shape': (40, 11, 1921, 2560), 'dataset chunks': (7, 1, 385, 512), 'indexing time (s)': 9.5367431640625e-07, 'chunk number': 1650, 'reduction time (s)': 0.803088903427124, 'chunks processed': 15, 'storage read (B)': 29686785, 'selection 1 time (s)': 0.8032660484313965}
Thread times [0.024378299713134766, 0.8273208141326904, 0.8332386016845703, 0.8471024036407471, 0.8579871654510498, 0.8680453300476074, 0.876107931137085, 0.8838872909545898, 0.8927476406097412, 0.9018528461456299, 0.9064147472381592, 1.2752184867858887, 1.2810719013214111, 1.28985595703125, 1.3031039237976074]
{'args': ((25, 0, slice(0, 960, None), slice(None, None, None)),), 'dataset shape': (40, 11, 1921, 2560), 'dataset chunks': (7, 1, 385, 512), 'indexing time (s)': 9.5367431640625e-07, 'chunk number': 1650, 'reduction time (s)': 1.3095893859863281, 'chunks processed': 15, 'storage read (B)': 29686785, 'selection 1 time (s)': 1.3097784519195557}
Thread times [0.025155305862426758, 0.7323629856109619, 0.7476201057434082, 0.7595384120941162, 0.7815241813659668, 0.7876965999603271, 0.7905135154724121, 0.8105459213256836, 0.8124094009399414, 0.8244967460632324, 0.8243050575256348, 0.9917147159576416, 1.0616915225982666, 1.0657265186309814, 1.0706629753112793]
{'args': ((26, 0, slice(0, 960, None), slice(None, None, None)),), 'dataset shape': (40, 11, 1921, 2560), 'dataset chunks': (7, 1, 385, 512), 'indexing time (s)': 1.430511474609375e-06, 'chunk number': 1650, 'reduction time (s)': 1.0744059085845947, 'chunks processed': 15, 'storage read (B)': 29686785, 'selection 1 time (s)': 1.0745654106140137}
Thread times [0.031494855880737305, 0.15525102615356445, 0.23509979248046875, 0.4534320831298828, 0.49204349517822266, 0.4964873790740967, 0.5267741680145264, 0.5332551002502441, 0.5347647666931152, 0.5994167327880859, 0.6132638454437256, 0.6126313209533691, 0.6126246452331543, 0.6235406398773193, 0.6628704071044922]
{'args': ((27, 0, slice(0, 960, None), slice(None, None, None)),), 'dataset shape': (40, 11, 1921, 2560), 'dataset chunks': (7, 1, 385, 512), 'indexing time (s)': 1.1920928955078125e-06, 'chunk number': 1650, 'reduction time (s)': 0.6698050498962402, 'chunks processed': 15, 'storage read (B)': 29686785, 'selection 1 time (s)': 0.6699752807617188}
Thread times [0.16901946067810059, 0.26419830322265625, 0.4744729995727539, 0.5045695304870605, 0.5133464336395264, 0.5298705101013184, 0.5320675373077393, 0.5388433933258057, 0.5513484477996826, 0.562258243560791, 0.572415828704834, 0.5836975574493408, 0.7873055934906006, 0.8903148174285889, 0.8989696502685547]
{'args': ((28, 0, slice(0, 960, None), slice(None, None, None)),), 'dataset shape': (40, 11, 1921, 2560), 'dataset chunks': (7, 1, 385, 512), 'indexing time (s)': 1.430511474609375e-06, 'chunk number': 1650, 'reduction time (s)': 0.9073915481567383, 'chunks processed': 15, 'storage read (B)': 29670387, 'selection 1 time (s)': 0.9075882434844971}
Thread times [0.02423691749572754, 0.18555521965026855, 0.18687987327575684, 0.1925792694091797, 0.3439943790435791, 0.4920010566711426, 0.49601030349731445, 0.5091662406921387, 0.5238626003265381, 0.5287973880767822, 0.5407166481018066, 0.5466766357421875, 0.5483953952789307, 0.5608625411987305, 0.5735311508178711]
{'args': ((29, 0, slice(0, 960, None), slice(None, None, None)),), 'dataset shape': (40, 11, 1921, 2560), 'dataset chunks': (7, 1, 385, 512), 'indexing time (s)': 9.5367431640625e-07, 'chunk number': 1650, 'reduction time (s)': 0.5767192840576172, 'chunks processed': 15, 'storage read (B)': 29670387, 'selection 1 time (s)': 0.5769493579864502}
Thread times [0.03522634506225586, 0.03359627723693848, 0.031067848205566406, 0.15696382522583008, 0.23468327522277832, 0.2597372531890869, 0.34687066078186035, 0.45322561264038086, 0.4770166873931885, 0.4771738052368164, 0.47960734367370605, 0.4875466823577881, 0.5112080574035645, 0.5130581855773926, 0.5214059352874756]
{'args': ((30, 0, slice(0, 960, None), slice(None, None, None)),), 'dataset shape': (40, 11, 1921, 2560), 'dataset chunks': (7, 1, 385, 512), 'indexing time (s)': 9.5367431640625e-07, 'chunk number': 1650, 'reduction time (s)': 0.5289061069488525, 'chunks processed': 15, 'storage read (B)': 29670387, 'selection 1 time (s)': 0.5291321277618408}
Thread times [0.036551475524902344, 0.497936487197876, 0.5033206939697266, 0.5159761905670166, 0.5380289554595947, 0.5592954158782959, 0.5609397888183594, 0.5719802379608154, 0.5765235424041748, 0.5849292278289795, 0.5907695293426514, 0.9486289024353027, 0.9588019847869873, 0.9612874984741211, 0.9622023105621338]
{'args': ((31, 0, slice(0, 960, None), slice(None, None, None)),), 'dataset shape': (40, 11, 1921, 2560), 'dataset chunks': (7, 1, 385, 512), 'indexing time (s)': 1.430511474609375e-06, 'chunk number': 1650, 'reduction time (s)': 0.9709658622741699, 'chunks processed': 15, 'storage read (B)': 29670387, 'selection 1 time (s)': 0.9711766242980957}
Thread times [0.03284573554992676, 0.2792084217071533, 0.3831923007965088, 0.535444974899292, 0.538158655166626, 0.5685057640075684, 0.5713779926300049, 0.5821232795715332, 0.5936613082885742, 0.5991806983947754, 0.6067109107971191, 0.6085951328277588, 0.6540298461914062, 0.6910386085510254, 0.6944320201873779]
{'args': ((32, 0, slice(0, 960, None), slice(None, None, None)),), 'dataset shape': (40, 11, 1921, 2560), 'dataset chunks': (7, 1, 385, 512), 'indexing time (s)': 1.6689300537109375e-06, 'chunk number': 1650, 'reduction time (s)': 0.7250268459320068, 'chunks processed': 15, 'storage read (B)': 29670387, 'selection 1 time (s)': 0.7252326011657715}
Thread times [0.02458047866821289, 0.1565229892730713, 0.24333524703979492, 0.2521052360534668, 0.2913529872894287, 0.2909581661224365, 0.2961575984954834, 0.3116188049316406, 0.31155824661254883, 0.3130803108215332, 0.346860408782959, 0.6794321537017822, 0.6842937469482422, 0.6935913562774658, 1.1401500701904297]
{'args': ((33, 0, slice(0, 960, None), slice(None, None, None)),), 'dataset shape': (40, 11, 1921, 2560), 'dataset chunks': (7, 1, 385, 512), 'indexing time (s)': 9.5367431640625e-07, 'chunk number': 1650, 'reduction time (s)': 1.1424224376678467, 'chunks processed': 15, 'storage read (B)': 29670387, 'selection 1 time (s)': 1.1426045894622803}
Thread times [0.0263364315032959, 0.030698537826538086, 0.03666853904724121, 0.6386709213256836, 0.6431114673614502, 0.6458861827850342, 0.6524460315704346, 0.6573207378387451, 0.6841695308685303, 0.6865942478179932, 0.6960504055023193, 0.7035117149353027, 0.7035312652587891, 0.8654279708862305, 0.8690924644470215]
{'args': ((34, 0, slice(0, 960, None), slice(None, None, None)),), 'dataset shape': (40, 11, 1921, 2560), 'dataset chunks': (7, 1, 385, 512), 'indexing time (s)': 1.430511474609375e-06, 'chunk number': 1650, 'reduction time (s)': 0.8793635368347168, 'chunks processed': 15, 'storage read (B)': 29670387, 'selection 1 time (s)': 0.8795444965362549}
Thread times [0.16840744018554688, 0.23134517669677734, 0.23964810371398926, 0.23868322372436523, 0.2471165657043457, 0.35941648483276367, 0.39092111587524414, 0.4836299419403076, 0.4990372657775879, 0.5019397735595703, 0.5628354549407959, 0.5666365623474121, 0.5833797454833984, 0.5854883193969727, 0.5945873260498047]
{'args': ((35, 0, slice(0, 960, None), slice(None, None, None)),), 'dataset shape': (40, 11, 1921, 2560), 'dataset chunks': (7, 1, 385, 512), 'indexing time (s)': 1.1920928955078125e-06, 'chunk number': 1650, 'reduction time (s)': 0.5998194217681885, 'chunks processed': 15, 'storage read (B)': 21287473, 'selection 1 time (s)': 0.5999865531921387}
Thread times [0.021831750869750977, 0.7360873222351074, 0.744110107421875, 0.7547914981842041, 0.7595803737640381, 0.7645199298858643, 0.7654898166656494, 0.7743232250213623, 0.7929701805114746, 0.8045833110809326, 0.8038253784179688, 1.1040544509887695, 1.1189672946929932, 1.1201660633087158, 1.1267530918121338]
{'args': ((36, 0, slice(0, 960, None), slice(None, None, None)),), 'dataset shape': (40, 11, 1921, 2560), 'dataset chunks': (7, 1, 385, 512), 'indexing time (s)': 1.1920928955078125e-06, 'chunk number': 1650, 'reduction time (s)': 1.1327722072601318, 'chunks processed': 15, 'storage read (B)': 21287473, 'selection 1 time (s)': 1.1329476833343506}
Thread times [0.02245950698852539, 0.7494704723358154, 0.764660120010376, 0.7675855159759521, 0.7800559997558594, 0.7875516414642334, 0.7883079051971436, 0.7951676845550537, 0.8085272312164307, 0.8171274662017822, 0.8254594802856445, 1.0979321002960205, 1.1030001640319824, 1.1101691722869873, 1.1116149425506592]
{'args': ((37, 0, slice(0, 960, None), slice(None, None, None)),), 'dataset shape': (40, 11, 1921, 2560), 'dataset chunks': (7, 1, 385, 512), 'indexing time (s)': 1.6689300537109375e-06, 'chunk number': 1650, 'reduction time (s)': 1.116992473602295, 'chunks processed': 15, 'storage read (B)': 21287473, 'selection 1 time (s)': 1.1171822547912598}
Thread times [0.023699045181274414, 0.6575748920440674, 0.671025276184082, 0.6864888668060303, 0.6923625469207764, 0.6947832107543945, 0.7220184803009033, 0.7293167114257812, 0.7303624153137207, 0.733834981918335, 0.7473709583282471, 0.9901080131530762, 0.9966390132904053, 0.996539831161499, 1.0038721561431885]
{'args': ((38, 0, slice(0, 960, None), slice(None, None, None)),), 'dataset shape': (40, 11, 1921, 2560), 'dataset chunks': (7, 1, 385, 512), 'indexing time (s)': 1.1920928955078125e-06, 'chunk number': 1650, 'reduction time (s)': 1.0096065998077393, 'chunks processed': 15, 'storage read (B)': 21287473, 'selection 1 time (s)': 1.0097863674163818}
Thread times [0.02465200424194336, 0.3436911106109619, 0.39217233657836914, 0.3928849697113037, 0.41440320014953613, 0.4613826274871826, 0.4647345542907715, 0.4820694923400879, 0.5116422176361084, 0.5073471069335938, 0.5117912292480469, 0.5347445011138916, 0.5255100727081299, 0.5363500118255615, 0.5529525279998779]
{'args': ((39, 0, slice(0, 960, None), slice(None, None, None)),), 'dataset shape': (40, 11, 1921, 2560), 'dataset chunks': (7, 1, 385, 512), 'indexing time (s)': 1.1920928955078125e-06, 'chunk number': 1650, 'reduction time (s)': 0.5845277309417725, 'chunks processed': 15, 'storage read (B)': 21287473, 'selection 1 time (s)': 0.5847263336181641}
[[226.07815104]
 [226.06473958]
 [225.93765625]
 [225.90804687]
 [225.91736979]
 [225.88453125]
 [225.82075521]
 [225.85440104]
 [225.98325521]
 [226.03807292]
 [226.013125  ]
 [226.02328125]
 [226.03768229]
 [226.00479167]
 [225.91765625]
 [225.94036458]
 [225.98721354]
 [225.9146875 ]
 [225.81242188]
 [225.81869792]
 [225.84526042]
 [225.78497396]
 [225.63645833]
 [225.55653646]
 [225.45734375]
 [225.32369792]
 [225.16325521]
 [225.07794271]
 [225.0784375 ]
 [225.10664063]
 [225.17606771]
 [225.36880208]
 [225.57911458]
 [225.69083333]
 [225.72231771]
 [225.82367188]
 [225.93658854]
 [225.96765625]
 [225.91861979]
 [225.9225    ]]
Summary:  sci4-op-r1:Local (T100,BS5): 0.791s,37.08s,41.71s
