Dataset loaded from S3 with s3fs and Pyfive: bnl/ch330a.pc19790301-def.nc (0.08,0.42)
Thread times [0.09293508529663086, 0.07041168212890625, 0.09128642082214355, 0.0848839282989502, 0.18739628791809082, 0.23775410652160645, 0.09531188011169434, 0.10308957099914551, 0.23516011238098145, 0.09348058700561523, 0.10917925834655762, 0.24964094161987305, 0.10823488235473633, 0.10118770599365234, 0.0949242115020752]
{'load nc time': 0.5386807918548584, 'args': ((0, 0, slice(0, 960, None), slice(None, None, None)),), 'dataset shape': (40, 11, 1921, 2560), 'dataset chunks': (7, 1, 385, 512), 'indexing time (s)': 2.17073655128479, 'chunk number': 1650, 'reduction time (s)': 1.9561538696289062, 'chunks processed': 15, 'storage read (B)': 29685482, 'selection 1 time (s)': 4.127032279968262}
Thread times [0.10370683670043945, 0.08943819999694824, 0.09536886215209961, 0.1336965560913086, 0.08169984817504883, 0.24405312538146973, 0.08062100410461426, 0.13114666938781738, 0.2329416275024414, 0.08394169807434082, 0.10400104522705078, 0.2430098056793213, 0.09225845336914062, 0.0967555046081543, 0.09435415267944336]
{'args': ((1, 0, slice(0, 960, None), slice(None, None, None)),), 'dataset shape': (40, 11, 1921, 2560), 'dataset chunks': (7, 1, 385, 512), 'indexing time (s)': 1.430511474609375e-06, 'chunk number': 1650, 'reduction time (s)': 1.9081635475158691, 'chunks processed': 15, 'storage read (B)': 29685482, 'selection 1 time (s)': 1.908315896987915}
Thread times [0.09394383430480957, 0.08445453643798828, 0.09364438056945801, 0.09184741973876953, 0.10587692260742188, 0.23813629150390625, 0.12373614311218262, 0.12763285636901855, 0.2680816650390625, 0.08990621566772461, 0.18263459205627441, 0.24285101890563965, 0.09270524978637695, 0.09792518615722656, 0.10275721549987793]
{'args': ((2, 0, slice(0, 960, None), slice(None, None, None)),), 'dataset shape': (40, 11, 1921, 2560), 'dataset chunks': (7, 1, 385, 512), 'indexing time (s)': 9.5367431640625e-07, 'chunk number': 1650, 'reduction time (s)': 2.0374836921691895, 'chunks processed': 15, 'storage read (B)': 29685482, 'selection 1 time (s)': 2.037632703781128}
Thread times [0.09271764755249023, 0.11657857894897461, 0.09926080703735352, 0.08746623992919922, 0.08907914161682129, 0.3199779987335205, 0.09212636947631836, 0.1348254680633545, 0.29485583305358887, 0.09772777557373047, 0.10198593139648438, 0.23236846923828125, 0.0978550910949707, 0.09118866920471191, 0.0969696044921875]
{'args': ((3, 0, slice(0, 960, None), slice(None, None, None)),), 'dataset shape': (40, 11, 1921, 2560), 'dataset chunks': (7, 1, 385, 512), 'indexing time (s)': 9.5367431640625e-07, 'chunk number': 1650, 'reduction time (s)': 2.046212673187256, 'chunks processed': 15, 'storage read (B)': 29685482, 'selection 1 time (s)': 2.0463624000549316}
Thread times [0.08252310752868652, 0.0994870662689209, 0.09483051300048828, 0.09069180488586426, 0.19568705558776855, 0.23760151863098145, 0.332155704498291, 0.11846804618835449, 0.24327826499938965, 0.09440040588378906, 0.10340428352355957, 0.23984599113464355, 0.08806228637695312, 0.0936744213104248, 0.0929098129272461]
{'args': ((4, 0, slice(0, 960, None), slice(None, None, None)),), 'dataset shape': (40, 11, 1921, 2560), 'dataset chunks': (7, 1, 385, 512), 'indexing time (s)': 9.5367431640625e-07, 'chunk number': 1650, 'reduction time (s)': 2.208179473876953, 'chunks processed': 15, 'storage read (B)': 29685482, 'selection 1 time (s)': 2.2083353996276855}
Thread times [0.10054326057434082, 0.08848738670349121, 0.09236717224121094, 0.11120796203613281, 0.0877985954284668, 0.24808979034423828, 0.0805671215057373, 0.09800481796264648, 0.27892327308654785, 0.10818934440612793, 0.10738325119018555, 0.24588274955749512, 0.11883234977722168, 0.12345242500305176, 0.145310640335083]
{'args': ((5, 0, slice(0, 960, None), slice(None, None, None)),), 'dataset shape': (40, 11, 1921, 2560), 'dataset chunks': (7, 1, 385, 512), 'indexing time (s)': 1.1920928955078125e-06, 'chunk number': 1650, 'reduction time (s)': 2.036405086517334, 'chunks processed': 15, 'storage read (B)': 29685482, 'selection 1 time (s)': 2.0365607738494873}
Thread times [0.09050321578979492, 0.10102224349975586, 0.09899520874023438, 0.08756303787231445, 0.08847951889038086, 0.22059345245361328, 0.11161565780639648, 0.09183788299560547, 0.23314833641052246, 0.10905790328979492, 0.10853266716003418, 0.249556303024292, 0.09593319892883301, 0.0845179557800293, 0.09588003158569336]
{'args': ((6, 0, slice(0, 960, None), slice(None, None, None)),), 'dataset shape': (40, 11, 1921, 2560), 'dataset chunks': (7, 1, 385, 512), 'indexing time (s)': 1.1920928955078125e-06, 'chunk number': 1650, 'reduction time (s)': 1.86854887008667, 'chunks processed': 15, 'storage read (B)': 29685482, 'selection 1 time (s)': 1.8687002658843994}
Thread times [0.08838582038879395, 0.0838770866394043, 0.09203290939331055, 0.09902048110961914, 0.10321378707885742, 0.09886288642883301, 0.10143041610717773, 0.2609872817993164, 0.11458683013916016, 0.10553884506225586, 0.1367967128753662, 0.11603307723999023, 0.23149919509887695, 0.16420197486877441, 0.1138010025024414]
{'args': ((7, 0, slice(0, 960, None), slice(None, None, None)),), 'dataset shape': (40, 11, 1921, 2560), 'dataset chunks': (7, 1, 385, 512), 'indexing time (s)': 1.430511474609375e-06, 'chunk number': 1650, 'reduction time (s)': 1.9115958213806152, 'chunks processed': 15, 'storage read (B)': 29701892, 'selection 1 time (s)': 1.9117496013641357}
Thread times [0.12708711624145508, 0.1548471450805664, 0.08122801780700684, 0.15332627296447754, 0.11905288696289062, 0.09363842010498047, 1.0973389148712158, 0.2280135154724121, 0.09524393081665039, 0.08787798881530762, 0.09897446632385254, 0.11702299118041992, 0.23876428604125977, 0.12737274169921875, 0.12050962448120117]
{'args': ((8, 0, slice(0, 960, None), slice(None, None, None)),), 'dataset shape': (40, 11, 1921, 2560), 'dataset chunks': (7, 1, 385, 512), 'indexing time (s)': 9.5367431640625e-07, 'chunk number': 1650, 'reduction time (s)': 2.941606044769287, 'chunks processed': 15, 'storage read (B)': 29701892, 'selection 1 time (s)': 2.941758394241333}
Thread times [0.09954309463500977, 0.08625507354736328, 0.09829282760620117, 0.10202217102050781, 0.1062006950378418, 0.14830780029296875, 0.11086583137512207, 0.29372525215148926, 0.08532953262329102, 0.09842133522033691, 0.09891653060913086, 0.14418721199035645, 0.23837971687316895, 0.09669351577758789, 0.10842370986938477]
{'args': ((9, 0, slice(0, 960, None), slice(None, None, None)),), 'dataset shape': (40, 11, 1921, 2560), 'dataset chunks': (7, 1, 385, 512), 'indexing time (s)': 1.430511474609375e-06, 'chunk number': 1650, 'reduction time (s)': 1.9169516563415527, 'chunks processed': 15, 'storage read (B)': 29701892, 'selection 1 time (s)': 1.9171323776245117}
Thread times [0.11347675323486328, 0.09670686721801758, 0.08986258506774902, 0.10016727447509766, 0.10423398017883301, 0.10131549835205078, 0.11049103736877441, 0.27748870849609375, 0.07903480529785156, 0.10745429992675781, 0.0893697738647461, 0.10372495651245117, 0.25496959686279297, 0.11115646362304688, 0.09926414489746094]
{'args': ((10, 0, slice(0, 960, None), slice(None, None, None)),), 'dataset shape': (40, 11, 1921, 2560), 'dataset chunks': (7, 1, 385, 512), 'indexing time (s)': 2.384185791015625e-06, 'chunk number': 1650, 'reduction time (s)': 1.8403847217559814, 'chunks processed': 15, 'storage read (B)': 29701892, 'selection 1 time (s)': 1.840742588043213}
Thread times [0.08455157279968262, 0.08988308906555176, 0.11385631561279297, 0.1085665225982666, 0.09212851524353027, 0.09428596496582031, 0.13537931442260742, 0.21160125732421875, 0.0868067741394043, 0.12298941612243652, 0.10615277290344238, 1.1113476753234863, 0.2483839988708496, 0.1028587818145752, 0.169358491897583]
{'args': ((11, 0, slice(0, 960, None), slice(None, None, None)),), 'dataset shape': (40, 11, 1921, 2560), 'dataset chunks': (7, 1, 385, 512), 'indexing time (s)': 2.384185791015625e-06, 'chunk number': 1650, 'reduction time (s)': 2.879406452178955, 'chunks processed': 15, 'storage read (B)': 29701892, 'selection 1 time (s)': 2.8797457218170166}
Thread times [0.1294536590576172, 0.29939818382263184, 0.08478426933288574, 0.10601305961608887, 0.15212273597717285, 0.11353921890258789, 0.10512757301330566, 0.300565242767334, 0.11098790168762207, 0.11969828605651855, 0.10712313652038574, 0.11223673820495605, 0.31166863441467285, 0.1840074062347412, 0.10104680061340332]
{'args': ((12, 0, slice(0, 960, None), slice(None, None, None)),), 'dataset shape': (40, 11, 1921, 2560), 'dataset chunks': (7, 1, 385, 512), 'indexing time (s)': 1.1920928955078125e-06, 'chunk number': 1650, 'reduction time (s)': 2.33918833732605, 'chunks processed': 15, 'storage read (B)': 29701892, 'selection 1 time (s)': 2.3393547534942627}
Thread times [0.09030008316040039, 0.08902096748352051, 0.101165771484375, 0.11219501495361328, 0.1325230598449707, 0.0917363166809082, 0.0950474739074707, 0.24565720558166504, 0.09498023986816406, 0.10105729103088379, 0.1356651782989502, 0.10533714294433594, 0.24653196334838867, 0.09149956703186035, 0.09585332870483398]
{'args': ((13, 0, slice(0, 960, None), slice(None, None, None)),), 'dataset shape': (40, 11, 1921, 2560), 'dataset chunks': (7, 1, 385, 512), 'indexing time (s)': 9.5367431640625e-07, 'chunk number': 1650, 'reduction time (s)': 1.8297133445739746, 'chunks processed': 15, 'storage read (B)': 29701892, 'selection 1 time (s)': 1.8298494815826416}
Thread times [0.09928536415100098, 0.09025239944458008, 0.1079709529876709, 0.11664819717407227, 0.09450149536132812, 0.1036214828491211, 0.10503411293029785, 0.10091853141784668, 0.27219700813293457, 0.12186837196350098, 0.09799313545227051, 0.11009931564331055, 0.11066293716430664, 0.14457035064697266, 0.09294795989990234]
{'args': ((14, 0, slice(0, 960, None), slice(None, None, None)),), 'dataset shape': (40, 11, 1921, 2560), 'dataset chunks': (7, 1, 385, 512), 'indexing time (s)': 1.1920928955078125e-06, 'chunk number': 1650, 'reduction time (s)': 1.7697806358337402, 'chunks processed': 15, 'storage read (B)': 29733505, 'selection 1 time (s)': 1.7699429988861084}
Thread times [0.09200143814086914, 0.09221363067626953, 0.09779596328735352, 0.1326904296875, 0.08827733993530273, 0.13355445861816406, 0.13373661041259766, 0.09635591506958008, 0.2538416385650635, 0.1104590892791748, 0.0995028018951416, 0.10622215270996094, 0.09605145454406738, 0.10462641716003418, 0.09603691101074219]
{'args': ((15, 0, slice(0, 960, None), slice(None, None, None)),), 'dataset shape': (40, 11, 1921, 2560), 'dataset chunks': (7, 1, 385, 512), 'indexing time (s)': 1.1920928955078125e-06, 'chunk number': 1650, 'reduction time (s)': 1.734665870666504, 'chunks processed': 15, 'storage read (B)': 29733505, 'selection 1 time (s)': 1.734828233718872}
Thread times [0.09224390983581543, 0.10014700889587402, 0.09708189964294434, 0.09519267082214355, 0.09005236625671387, 0.11097383499145508, 0.12043213844299316, 0.11029291152954102, 0.2295372486114502, 0.08300089836120605, 0.09290003776550293, 0.10269331932067871, 0.11157631874084473, 0.09344887733459473, 0.09317517280578613]
{'args': ((16, 0, slice(0, 960, None), slice(None, None, None)),), 'dataset shape': (40, 11, 1921, 2560), 'dataset chunks': (7, 1, 385, 512), 'indexing time (s)': 1.6689300537109375e-06, 'chunk number': 1650, 'reduction time (s)': 1.6239407062530518, 'chunks processed': 15, 'storage read (B)': 29733505, 'selection 1 time (s)': 1.6241176128387451}
Thread times [0.09815216064453125, 0.09597587585449219, 0.0894474983215332, 0.1330564022064209, 0.11430716514587402, 0.10170769691467285, 0.10814523696899414, 0.10829663276672363, 0.3011922836303711, 0.1433730125427246, 0.10793375968933105, 0.10162210464477539, 0.1114959716796875, 0.08544087409973145, 0.08745288848876953]
{'args': ((17, 0, slice(0, 960, None), slice(None, None, None)),), 'dataset shape': (40, 11, 1921, 2560), 'dataset chunks': (7, 1, 385, 512), 'indexing time (s)': 1.1920928955078125e-06, 'chunk number': 1650, 'reduction time (s)': 1.7887542247772217, 'chunks processed': 15, 'storage read (B)': 29733505, 'selection 1 time (s)': 1.7889351844787598}
Thread times [0.0936582088470459, 0.08251380920410156, 0.09556388854980469, 0.10056304931640625, 0.09258270263671875, 0.11016035079956055, 0.10275053977966309, 0.1060035228729248, 0.2712256908416748, 0.10701894760131836, 0.18495440483093262, 0.09905409812927246, 0.10388731956481934, 0.09487557411193848, 0.0998694896697998]
{'args': ((18, 0, slice(0, 960, None), slice(None, None, None)),), 'dataset shape': (40, 11, 1921, 2560), 'dataset chunks': (7, 1, 385, 512), 'indexing time (s)': 3.337860107421875e-06, 'chunk number': 1650, 'reduction time (s)': 1.746108055114746, 'chunks processed': 15, 'storage read (B)': 29733505, 'selection 1 time (s)': 1.746464490890503}
Thread times [0.0900428295135498, 0.11041116714477539, 0.09245109558105469, 0.10729598999023438, 0.16556978225708008, 0.10198450088500977, 0.10655045509338379, 0.12412858009338379, 0.259415864944458, 0.11106705665588379, 0.1270430088043213, 0.11089777946472168, 0.09985780715942383, 0.10158729553222656, 0.10976958274841309]
{'args': ((19, 0, slice(0, 960, None), slice(None, None, None)),), 'dataset shape': (40, 11, 1921, 2560), 'dataset chunks': (7, 1, 385, 512), 'indexing time (s)': 9.5367431640625e-07, 'chunk number': 1650, 'reduction time (s)': 1.8195412158966064, 'chunks processed': 15, 'storage read (B)': 29733505, 'selection 1 time (s)': 1.8197243213653564}
Thread times [0.08838963508605957, 0.08800387382507324, 0.09934186935424805, 0.10266566276550293, 0.11025547981262207, 0.10991191864013672, 0.10750961303710938, 0.11993646621704102, 0.25728607177734375, 0.12675690650939941, 0.13071990013122559, 0.10552597045898438, 0.10687756538391113, 0.16324234008789062, 0.09813570976257324]
{'args': ((20, 0, slice(0, 960, None), slice(None, None, None)),), 'dataset shape': (40, 11, 1921, 2560), 'dataset chunks': (7, 1, 385, 512), 'indexing time (s)': 2.6226043701171875e-06, 'chunk number': 1650, 'reduction time (s)': 1.8161981105804443, 'chunks processed': 15, 'storage read (B)': 29733505, 'selection 1 time (s)': 1.8165459632873535}
Thread times [0.0869748592376709, 0.09700131416320801, 0.11420559883117676, 0.06431412696838379, 0.08003473281860352, 0.2425389289855957, 0.11903977394104004, 0.10654067993164062, 0.10694074630737305, 0.10019540786743164, 0.10099220275878906, 0.10573744773864746, 0.3035109043121338, 0.2924811840057373, 0.10003113746643066]
{'args': ((21, 0, slice(0, 960, None), slice(None, None, None)),), 'dataset shape': (40, 11, 1921, 2560), 'dataset chunks': (7, 1, 385, 512), 'indexing time (s)': 3.0994415283203125e-06, 'chunk number': 1650, 'reduction time (s)': 2.0220813751220703, 'chunks processed': 15, 'storage read (B)': 29686785, 'selection 1 time (s)': 2.022426128387451}
Thread times [0.169569730758667, 0.12680292129516602, 0.09902167320251465, 0.08779168128967285, 0.15911149978637695, 0.2442762851715088, 0.12167119979858398, 0.11297607421875, 0.10558438301086426, 0.1382770538330078, 0.10225129127502441, 0.09604144096374512, 0.27129435539245605, 0.24342846870422363, 0.08039307594299316]
{'args': ((22, 0, slice(0, 960, None), slice(None, None, None)),), 'dataset shape': (40, 11, 1921, 2560), 'dataset chunks': (7, 1, 385, 512), 'indexing time (s)': 9.5367431640625e-07, 'chunk number': 1650, 'reduction time (s)': 2.1600475311279297, 'chunks processed': 15, 'storage read (B)': 29686785, 'selection 1 time (s)': 2.1602365970611572}
Thread times [0.08751964569091797, 0.10462570190429688, 0.1063697338104248, 0.07103085517883301, 0.09297966957092285, 1.1993768215179443, 0.1341242790222168, 0.09240579605102539, 0.10152792930603027, 0.1059122085571289, 0.10863947868347168, 0.10291552543640137, 0.24854278564453125, 0.2501392364501953, 0.0882258415222168]
{'args': ((23, 0, slice(0, 960, None), slice(None, None, None)),), 'dataset shape': (40, 11, 1921, 2560), 'dataset chunks': (7, 1, 385, 512), 'indexing time (s)': 3.0994415283203125e-06, 'chunk number': 1650, 'reduction time (s)': 2.8960189819335938, 'chunks processed': 15, 'storage read (B)': 29686785, 'selection 1 time (s)': 2.896392822265625}
Thread times [0.09932470321655273, 0.08250999450683594, 0.13840723037719727, 0.07107758522033691, 0.10080337524414062, 0.23034262657165527, 0.12633657455444336, 0.10219502449035645, 0.10484123229980469, 0.11715221405029297, 0.12696456909179688, 0.10008001327514648, 0.25347042083740234, 0.22896289825439453, 0.12879467010498047]
{'args': ((24, 0, slice(0, 960, None), slice(None, None, None)),), 'dataset shape': (40, 11, 1921, 2560), 'dataset chunks': (7, 1, 385, 512), 'indexing time (s)': 2.86102294921875e-06, 'chunk number': 1650, 'reduction time (s)': 2.0128118991851807, 'chunks processed': 15, 'storage read (B)': 29686785, 'selection 1 time (s)': 2.013120174407959}
Thread times [0.08817481994628906, 0.09107136726379395, 0.1276388168334961, 0.07775020599365234, 0.08686423301696777, 0.2236948013305664, 0.1378173828125, 0.10866475105285645, 0.1380608081817627, 0.13763952255249023, 0.10065913200378418, 0.10038137435913086, 0.22997570037841797, 0.2273261547088623, 0.0824422836303711]
{'args': ((25, 0, slice(0, 960, None), slice(None, None, None)),), 'dataset shape': (40, 11, 1921, 2560), 'dataset chunks': (7, 1, 385, 512), 'indexing time (s)': 1.9073486328125e-06, 'chunk number': 1650, 'reduction time (s)': 1.9596574306488037, 'chunks processed': 15, 'storage read (B)': 29686785, 'selection 1 time (s)': 1.959848165512085}
Thread times [0.09327101707458496, 0.08777070045471191, 0.14900755882263184, 0.08329153060913086, 0.08449220657348633, 0.2574148178100586, 0.10087370872497559, 0.09595274925231934, 0.1089015007019043, 0.10684847831726074, 0.1101539134979248, 0.08523964881896973, 0.24881196022033691, 0.27773284912109375, 0.11379146575927734]
{'args': ((26, 0, slice(0, 960, None), slice(None, None, None)),), 'dataset shape': (40, 11, 1921, 2560), 'dataset chunks': (7, 1, 385, 512), 'indexing time (s)': 3.0994415283203125e-06, 'chunk number': 1650, 'reduction time (s)': 2.005157947540283, 'chunks processed': 15, 'storage read (B)': 29686785, 'selection 1 time (s)': 2.0054774284362793}
Thread times [0.09873056411743164, 0.09823870658874512, 0.13403868675231934, 0.08840250968933105, 0.08919763565063477, 0.2836284637451172, 0.1010279655456543, 0.11928343772888184, 0.11926126480102539, 0.12472724914550781, 0.1094217300415039, 0.15257859230041504, 0.2538750171661377, 0.343625545501709, 0.08481478691101074]
{'args': ((27, 0, slice(0, 960, None), slice(None, None, None)),), 'dataset shape': (40, 11, 1921, 2560), 'dataset chunks': (7, 1, 385, 512), 'indexing time (s)': 1.9073486328125e-06, 'chunk number': 1650, 'reduction time (s)': 2.2024340629577637, 'chunks processed': 15, 'storage read (B)': 29686785, 'selection 1 time (s)': 2.202634334564209}
Thread times [0.08002352714538574, 0.08847641944885254, 0.12701940536499023, 0.08661365509033203, 0.0901651382446289, 0.10390639305114746, 0.09048652648925781, 0.11378669738769531, 0.08935856819152832, 0.1008446216583252, 0.09439349174499512, 0.2233874797821045, 0.09305500984191895, 0.09895658493041992, 0.0944221019744873]
{'args': ((28, 0, slice(0, 960, None), slice(None, None, None)),), 'dataset shape': (40, 11, 1921, 2560), 'dataset chunks': (7, 1, 385, 512), 'indexing time (s)': 3.0994415283203125e-06, 'chunk number': 1650, 'reduction time (s)': 1.5763065814971924, 'chunks processed': 15, 'storage read (B)': 29670387, 'selection 1 time (s)': 1.5766198635101318}
Thread times [0.08476924896240234, 0.09443855285644531, 0.10672521591186523, 0.10428404808044434, 0.10197091102600098, 0.10997986793518066, 0.10871529579162598, 0.10761713981628418, 0.10143399238586426, 0.10303378105163574, 0.11953353881835938, 0.251190185546875, 0.08784103393554688, 0.09686875343322754, 0.11014533042907715]
{'args': ((29, 0, slice(0, 960, None), slice(None, None, None)),), 'dataset shape': (40, 11, 1921, 2560), 'dataset chunks': (7, 1, 385, 512), 'indexing time (s)': 1.6689300537109375e-06, 'chunk number': 1650, 'reduction time (s)': 1.689971923828125, 'chunks processed': 15, 'storage read (B)': 29670387, 'selection 1 time (s)': 1.6901805400848389}
Thread times [0.11144685745239258, 0.12706375122070312, 0.10816359519958496, 0.11595535278320312, 0.09636211395263672, 0.11282682418823242, 0.10138535499572754, 0.10062193870544434, 0.0988616943359375, 0.10988283157348633, 0.10802912712097168, 0.2580444812774658, 0.08568382263183594, 1.1117486953735352, 0.09783649444580078]
{'args': ((30, 0, slice(0, 960, None), slice(None, None, None)),), 'dataset shape': (40, 11, 1921, 2560), 'dataset chunks': (7, 1, 385, 512), 'indexing time (s)': 2.6226043701171875e-06, 'chunk number': 1650, 'reduction time (s)': 2.745577335357666, 'chunks processed': 15, 'storage read (B)': 29670387, 'selection 1 time (s)': 2.745919942855835}
Thread times [0.08064460754394531, 0.12808728218078613, 0.10705232620239258, 0.08266472816467285, 0.10071730613708496, 0.09687638282775879, 0.08866381645202637, 0.08995318412780762, 0.10214686393737793, 0.11258459091186523, 0.14886927604675293, 0.25894927978515625, 0.11501598358154297, 0.10721588134765625, 0.10537123680114746]
{'args': ((31, 0, slice(0, 960, None), slice(None, None, None)),), 'dataset shape': (40, 11, 1921, 2560), 'dataset chunks': (7, 1, 385, 512), 'indexing time (s)': 2.1457672119140625e-06, 'chunk number': 1650, 'reduction time (s)': 1.7264432907104492, 'chunks processed': 15, 'storage read (B)': 29670387, 'selection 1 time (s)': 1.7267982959747314}
Thread times [0.07716202735900879, 0.09502530097961426, 0.11557722091674805, 0.08646893501281738, 0.10295939445495605, 0.10166454315185547, 0.11180901527404785, 0.10830307006835938, 0.1465928554534912, 0.11130285263061523, 0.09882712364196777, 0.2524552345275879, 0.09079885482788086, 0.12170648574829102, 0.09744596481323242]
{'args': ((32, 0, slice(0, 960, None), slice(None, None, None)),), 'dataset shape': (40, 11, 1921, 2560), 'dataset chunks': (7, 1, 385, 512), 'indexing time (s)': 9.5367431640625e-07, 'chunk number': 1650, 'reduction time (s)': 1.719766616821289, 'chunks processed': 15, 'storage read (B)': 29670387, 'selection 1 time (s)': 1.7199475765228271}
Thread times [0.09298944473266602, 0.07578325271606445, 0.10841560363769531, 0.0933372974395752, 0.0921177864074707, 0.1045074462890625, 0.17350435256958008, 0.10509657859802246, 0.1349163055419922, 0.09989309310913086, 0.14559650421142578, 0.23621153831481934, 0.09798574447631836, 0.12581229209899902, 0.10283446311950684]
{'args': ((33, 0, slice(0, 960, None), slice(None, None, None)),), 'dataset shape': (40, 11, 1921, 2560), 'dataset chunks': (7, 1, 385, 512), 'indexing time (s)': 2.384185791015625e-06, 'chunk number': 1650, 'reduction time (s)': 1.7905993461608887, 'chunks processed': 15, 'storage read (B)': 29670387, 'selection 1 time (s)': 1.7909071445465088}
Thread times [0.0974280834197998, 0.09836077690124512, 0.12471437454223633, 0.09351682662963867, 0.10512924194335938, 0.1162407398223877, 0.09972429275512695, 0.10120368003845215, 0.10213494300842285, 0.10555362701416016, 0.1198568344116211, 0.22162675857543945, 0.09424448013305664, 0.1290273666381836, 0.09638762474060059]
{'args': ((34, 0, slice(0, 960, None), slice(None, None, None)),), 'dataset shape': (40, 11, 1921, 2560), 'dataset chunks': (7, 1, 385, 512), 'indexing time (s)': 7.152557373046875e-07, 'chunk number': 1650, 'reduction time (s)': 1.706333875656128, 'chunks processed': 15, 'storage read (B)': 29670387, 'selection 1 time (s)': 1.706470251083374}
Thread times [0.08029389381408691, 0.08303189277648926, 0.09117460250854492, 0.09693360328674316, 0.1315784454345703, 0.10491728782653809, 0.1133430004119873, 0.09468722343444824, 0.14276337623596191, 0.2425389289855957, 0.11437344551086426, 0.11365818977355957, 0.11231541633605957, 0.07810425758361816, 0.08473038673400879]
{'args': ((35, 0, slice(0, 960, None), slice(None, None, None)),), 'dataset shape': (40, 11, 1921, 2560), 'dataset chunks': (7, 1, 385, 512), 'indexing time (s)': 7.152557373046875e-07, 'chunk number': 1650, 'reduction time (s)': 1.68587064743042, 'chunks processed': 15, 'storage read (B)': 21287473, 'selection 1 time (s)': 1.6860487461090088}
Thread times [0.08856344223022461, 0.09052324295043945, 0.09326624870300293, 0.0933985710144043, 0.08980488777160645, 0.10868406295776367, 0.09245157241821289, 0.11270904541015625, 0.10437369346618652, 0.09564375877380371, 0.09250044822692871, 0.10763216018676758, 0.0845193862915039, 0.14174485206604004, 0.1019601821899414]
{'args': ((36, 0, slice(0, 960, None), slice(None, None, None)),), 'dataset shape': (40, 11, 1921, 2560), 'dataset chunks': (7, 1, 385, 512), 'indexing time (s)': 3.5762786865234375e-06, 'chunk number': 1650, 'reduction time (s)': 1.499157190322876, 'chunks processed': 15, 'storage read (B)': 21287473, 'selection 1 time (s)': 1.499570608139038}
Thread times [0.07262563705444336, 0.07810330390930176, 0.07505416870117188, 0.10065293312072754, 0.09285688400268555, 0.09597492218017578, 0.0922541618347168, 0.09731435775756836, 0.10593008995056152, 0.09861445426940918, 0.09587931632995605, 0.14050984382629395, 0.08949136734008789, 0.1058199405670166, 0.08288455009460449]
{'args': ((37, 0, slice(0, 960, None), slice(None, None, None)),), 'dataset shape': (40, 11, 1921, 2560), 'dataset chunks': (7, 1, 385, 512), 'indexing time (s)': 1.1920928955078125e-06, 'chunk number': 1650, 'reduction time (s)': 1.4251885414123535, 'chunks processed': 15, 'storage read (B)': 21287473, 'selection 1 time (s)': 1.4253439903259277}
Thread times [0.09479188919067383, 0.0827481746673584, 0.08439397811889648, 0.14992499351501465, 0.09113240242004395, 0.13698935508728027, 0.10692358016967773, 0.09697580337524414, 0.11550784111022949, 0.08652830123901367, 0.09795951843261719, 0.1167001724243164, 0.09520602226257324, 0.09273695945739746, 0.08571314811706543]
{'args': ((38, 0, slice(0, 960, None), slice(None, None, None)),), 'dataset shape': (40, 11, 1921, 2560), 'dataset chunks': (7, 1, 385, 512), 'indexing time (s)': 9.5367431640625e-07, 'chunk number': 1650, 'reduction time (s)': 1.5356528759002686, 'chunks processed': 15, 'storage read (B)': 21287473, 'selection 1 time (s)': 1.5358352661132812}
Thread times [0.08526396751403809, 0.0853431224822998, 0.1408076286315918, 0.09600067138671875, 0.0916297435760498, 0.09702491760253906, 0.09639883041381836, 0.17278552055358887, 0.11032819747924805, 1.0961501598358154, 0.09810209274291992, 0.10370612144470215, 0.07926344871520996, 0.1584479808807373, 0.10845494270324707]
{'args': ((39, 0, slice(0, 960, None), slice(None, None, None)),), 'dataset shape': (40, 11, 1921, 2560), 'dataset chunks': (7, 1, 385, 512), 'indexing time (s)': 2.6226043701171875e-06, 'chunk number': 1650, 'reduction time (s)': 2.6231117248535156, 'chunks processed': 15, 'storage read (B)': 21287473, 'selection 1 time (s)': 2.6234922409057617}
[[226.07817708]
 [226.06473958]
 [225.93765625]
 [225.90807292]
 [225.91734375]
 [225.88453125]
 [225.82075521]
 [225.85440104]
 [225.98328125]
 [226.03804687]
 [226.01315104]
 [226.02330729]
 [226.03770833]
 [226.00476563]
 [225.91765625]
 [225.94036458]
 [225.98721354]
 [225.9146875 ]
 [225.81242188]
 [225.81869792]
 [225.84526042]
 [225.78497396]
 [225.63651042]
 [225.55651042]
 [225.45734375]
 [225.32369792]
 [225.16325521]
 [225.07794271]
 [225.07846354]
 [225.10664063]
 [225.17609375]
 [225.36880208]
 [225.57911458]
 [225.69080729]
 [225.72229167]
 [225.82367188]
 [225.93658854]
 [225.96765625]
 [225.91861979]
 [225.9225    ]]
Summary:  sci4-op-r1:Local (T1,BS1): 0.539s,79.0s,81.72s
