Dataset loaded from S3 with s3fs and Pyfive: bnl/ch330a.pc19790301-def.nc (0.027,0.34)
Thread times [0.08786797523498535, 0.3196253776550293, 0.35343146324157715, 0.35714149475097656, 0.3740534782409668, 0.4453608989715576, 0.44738078117370605, 0.45572447776794434, 0.45590877532958984, 0.45836400985717773, 0.45925402641296387, 0.4986708164215088, 0.4996631145477295, 0.5005588531494141, 0.5416679382324219]
{'load nc time': 0.4216747283935547, 'args': ((0, 0, slice(0, 960, None), slice(None, None, None)),), 'dataset shape': (40, 11, 1921, 2560), 'dataset chunks': (7, 1, 385, 512), 'indexing time (s)': 2.1172430515289307, 'chunk number': 1650, 'reduction time (s)': 0.5517330169677734, 'chunks processed': 15, 'storage read (B)': 29685482, 'selection 1 time (s)': 2.6692819595336914}
Thread times [0.032440185546875, 0.4490475654602051, 0.47600579261779785, 0.4823589324951172, 0.4970219135284424, 0.5076785087585449, 0.5451371669769287, 0.5624649524688721, 0.5647928714752197, 0.5682146549224854, 0.5697860717773438, 0.6292917728424072, 0.6226630210876465, 0.6253392696380615, 0.6256365776062012]
{'args': ((1, 0, slice(0, 960, None), slice(None, None, None)),), 'dataset shape': (40, 11, 1921, 2560), 'dataset chunks': (7, 1, 385, 512), 'indexing time (s)': 2.6226043701171875e-06, 'chunk number': 1650, 'reduction time (s)': 0.7034339904785156, 'chunks processed': 15, 'storage read (B)': 29685482, 'selection 1 time (s)': 0.7038254737854004}
Thread times [0.031159162521362305, 0.5071828365325928, 0.5379576683044434, 0.5495967864990234, 0.5663244724273682, 0.5783004760742188, 0.5906078815460205, 0.6192903518676758, 0.6196334362030029, 0.622769832611084, 0.6276135444641113, 0.666862964630127, 0.6766679286956787, 0.6850550174713135, 0.7990965843200684]
{'args': ((2, 0, slice(0, 960, None), slice(None, None, None)),), 'dataset shape': (40, 11, 1921, 2560), 'dataset chunks': (7, 1, 385, 512), 'indexing time (s)': 1.1920928955078125e-06, 'chunk number': 1650, 'reduction time (s)': 0.8052527904510498, 'chunks processed': 15, 'storage read (B)': 29685482, 'selection 1 time (s)': 0.8054394721984863}
Thread times [0.0279388427734375, 0.43474507331848145, 0.4622509479522705, 0.46651244163513184, 0.4827749729156494, 0.529057502746582, 0.533437967300415, 0.5344328880310059, 0.5361835956573486, 0.5377941131591797, 0.5827217102050781, 0.5997734069824219, 0.6022536754608154, 0.6002368927001953, 0.6045613288879395]
{'args': ((3, 0, slice(0, 960, None), slice(None, None, None)),), 'dataset shape': (40, 11, 1921, 2560), 'dataset chunks': (7, 1, 385, 512), 'indexing time (s)': 1.430511474609375e-06, 'chunk number': 1650, 'reduction time (s)': 0.6150894165039062, 'chunks processed': 15, 'storage read (B)': 29685482, 'selection 1 time (s)': 0.6152722835540771}
Thread times [0.034508466720581055, 0.12180256843566895, 0.20926451683044434, 0.3560826778411865, 0.3961770534515381, 0.42871832847595215, 0.43249964714050293, 0.43321895599365234, 0.44709110260009766, 0.47565627098083496, 0.47673678398132324, 0.4994683265686035, 0.49668407440185547, 0.4961864948272705, 0.521050214767456]
{'args': ((4, 0, slice(0, 960, None), slice(None, None, None)),), 'dataset shape': (40, 11, 1921, 2560), 'dataset chunks': (7, 1, 385, 512), 'indexing time (s)': 1.1920928955078125e-06, 'chunk number': 1650, 'reduction time (s)': 0.5268559455871582, 'chunks processed': 15, 'storage read (B)': 29685482, 'selection 1 time (s)': 0.527033805847168}
Thread times [0.029174089431762695, 0.12805461883544922, 0.31755852699279785, 0.3442673683166504, 0.37781834602355957, 0.378354549407959, 0.38126373291015625, 0.4163699150085449, 0.42366719245910645, 0.43846583366394043, 0.44028759002685547, 0.44153428077697754, 0.46379780769348145, 0.4773867130279541, 0.4786655902862549]
{'args': ((5, 0, slice(0, 960, None), slice(None, None, None)),), 'dataset shape': (40, 11, 1921, 2560), 'dataset chunks': (7, 1, 385, 512), 'indexing time (s)': 1.430511474609375e-06, 'chunk number': 1650, 'reduction time (s)': 0.4866182804107666, 'chunks processed': 15, 'storage read (B)': 29685482, 'selection 1 time (s)': 0.4868018627166748}
Thread times [0.08958816528320312, 0.16762161254882812, 0.17827820777893066, 0.18324613571166992, 0.2409656047821045, 0.2814328670501709, 0.3537108898162842, 0.4089207649230957, 0.42238879203796387, 0.4272429943084717, 0.4269556999206543, 0.4748537540435791, 0.47594690322875977, 0.4825170040130615, 0.4844815731048584]
{'args': ((6, 0, slice(0, 960, None), slice(None, None, None)),), 'dataset shape': (40, 11, 1921, 2560), 'dataset chunks': (7, 1, 385, 512), 'indexing time (s)': 9.5367431640625e-07, 'chunk number': 1650, 'reduction time (s)': 0.48838114738464355, 'chunks processed': 15, 'storage read (B)': 29685482, 'selection 1 time (s)': 0.48856616020202637}
Thread times [0.20671606063842773, 0.282428503036499, 0.28699398040771484, 0.32377099990844727, 0.32593727111816406, 0.40958380699157715, 0.4106736183166504, 0.4874134063720703, 0.4905731678009033, 0.5777683258056641, 0.6456706523895264, 0.6496765613555908, 0.6543467044830322, 0.6559450626373291, 0.7005393505096436]
{'args': ((7, 0, slice(0, 960, None), slice(None, None, None)),), 'dataset shape': (40, 11, 1921, 2560), 'dataset chunks': (7, 1, 385, 512), 'indexing time (s)': 9.5367431640625e-07, 'chunk number': 1650, 'reduction time (s)': 0.704474687576294, 'chunks processed': 15, 'storage read (B)': 29701892, 'selection 1 time (s)': 0.7046613693237305}
Thread times [0.03062605857849121, 0.19859862327575684, 0.22187376022338867, 0.22678565979003906, 0.2275388240814209, 0.2719576358795166, 0.28670787811279297, 0.30794715881347656, 0.30928730964660645, 0.3243865966796875, 0.35341453552246094, 0.35799241065979004, 0.371673583984375, 0.37615132331848145, 0.423659086227417]
{'args': ((8, 0, slice(0, 960, None), slice(None, None, None)),), 'dataset shape': (40, 11, 1921, 2560), 'dataset chunks': (7, 1, 385, 512), 'indexing time (s)': 9.5367431640625e-07, 'chunk number': 1650, 'reduction time (s)': 0.4293861389160156, 'chunks processed': 15, 'storage read (B)': 29701892, 'selection 1 time (s)': 0.42956995964050293}
Thread times [0.03477907180786133, 0.23868274688720703, 0.24330520629882812, 0.2429943084716797, 0.2924377918243408, 0.3027834892272949, 0.30190086364746094, 0.30080723762512207, 0.5647602081298828, 0.5683698654174805, 0.5759809017181396, 0.5899932384490967, 0.5962178707122803, 0.6160604953765869, 0.615837574005127]
{'args': ((9, 0, slice(0, 960, None), slice(None, None, None)),), 'dataset shape': (40, 11, 1921, 2560), 'dataset chunks': (7, 1, 385, 512), 'indexing time (s)': 9.5367431640625e-07, 'chunk number': 1650, 'reduction time (s)': 0.6238045692443848, 'chunks processed': 15, 'storage read (B)': 29701892, 'selection 1 time (s)': 0.6239969730377197}
Thread times [0.03273773193359375, 0.3135256767272949, 0.3567829132080078, 0.3706052303314209, 0.40334415435791016, 0.41532135009765625, 0.41354966163635254, 0.4232211112976074, 0.4433121681213379, 0.4524381160736084, 0.4600522518157959, 0.46970534324645996, 0.48083066940307617, 0.49770331382751465, 0.5595006942749023]
{'args': ((10, 0, slice(0, 960, None), slice(None, None, None)),), 'dataset shape': (40, 11, 1921, 2560), 'dataset chunks': (7, 1, 385, 512), 'indexing time (s)': 1.1920928955078125e-06, 'chunk number': 1650, 'reduction time (s)': 0.566723108291626, 'chunks processed': 15, 'storage read (B)': 29701892, 'selection 1 time (s)': 0.5669257640838623}
Thread times [0.033414363861083984, 0.21677803993225098, 0.290269136428833, 0.35001659393310547, 0.439953088760376, 0.4830169677734375, 0.5126991271972656, 0.5329136848449707, 0.5573427677154541, 0.5703907012939453, 0.5752968788146973, 0.5961349010467529, 0.6039884090423584, 0.6084856986999512, 0.6333756446838379]
{'args': ((11, 0, slice(0, 960, None), slice(None, None, None)),), 'dataset shape': (40, 11, 1921, 2560), 'dataset chunks': (7, 1, 385, 512), 'indexing time (s)': 1.430511474609375e-06, 'chunk number': 1650, 'reduction time (s)': 0.6378598213195801, 'chunks processed': 15, 'storage read (B)': 29701892, 'selection 1 time (s)': 0.6380445957183838}
Thread times [0.0328676700592041, 0.22374582290649414, 0.2573385238647461, 0.25777554512023926, 0.2736186981201172, 0.2741091251373291, 0.29075098037719727, 0.324429988861084, 0.3343992233276367, 0.33013367652893066, 0.33814191818237305, 0.5015108585357666, 0.5362563133239746, 0.5384194850921631, 0.541283369064331]
{'args': ((12, 0, slice(0, 960, None), slice(None, None, None)),), 'dataset shape': (40, 11, 1921, 2560), 'dataset chunks': (7, 1, 385, 512), 'indexing time (s)': 1.1920928955078125e-06, 'chunk number': 1650, 'reduction time (s)': 0.551649808883667, 'chunks processed': 15, 'storage read (B)': 29701892, 'selection 1 time (s)': 0.5518314838409424}
Thread times [0.030882596969604492, 0.42975854873657227, 0.4309256076812744, 0.4694545269012451, 0.46974778175354004, 0.48554444313049316, 0.5042810440063477, 0.5207953453063965, 0.5270633697509766, 0.5380828380584717, 0.5445232391357422, 0.6546306610107422, 0.6710655689239502, 0.6882100105285645, 0.7051069736480713]
{'args': ((13, 0, slice(0, 960, None), slice(None, None, None)),), 'dataset shape': (40, 11, 1921, 2560), 'dataset chunks': (7, 1, 385, 512), 'indexing time (s)': 1.430511474609375e-06, 'chunk number': 1650, 'reduction time (s)': 0.7105271816253662, 'chunks processed': 15, 'storage read (B)': 29701892, 'selection 1 time (s)': 0.7107276916503906}
Thread times [0.33434319496154785, 0.37882471084594727, 0.3871424198150635, 0.39461684226989746, 0.3985025882720947, 0.42934584617614746, 0.4458446502685547, 0.4564075469970703, 0.45894336700439453, 0.46097445487976074, 0.4696977138519287, 0.5366125106811523, 0.5373096466064453, 0.5392320156097412, 0.5384812355041504]
{'args': ((14, 0, slice(0, 960, None), slice(None, None, None)),), 'dataset shape': (40, 11, 1921, 2560), 'dataset chunks': (7, 1, 385, 512), 'indexing time (s)': 1.430511474609375e-06, 'chunk number': 1650, 'reduction time (s)': 0.5452420711517334, 'chunks processed': 15, 'storage read (B)': 29733505, 'selection 1 time (s)': 0.5454273223876953}
Thread times [0.029661178588867188, 0.42563819885253906, 0.44383931159973145, 0.46262478828430176, 0.47232937812805176, 0.4923226833343506, 0.49137258529663086, 0.5060310363769531, 0.5092885494232178, 0.5169382095336914, 0.547170877456665, 0.5758547782897949, 0.5841166973114014, 0.5927836894989014, 0.5942258834838867]
{'args': ((15, 0, slice(0, 960, None), slice(None, None, None)),), 'dataset shape': (40, 11, 1921, 2560), 'dataset chunks': (7, 1, 385, 512), 'indexing time (s)': 9.5367431640625e-07, 'chunk number': 1650, 'reduction time (s)': 0.5985462665557861, 'chunks processed': 15, 'storage read (B)': 29733505, 'selection 1 time (s)': 0.5987231731414795}
Thread times [0.029489755630493164, 0.34526705741882324, 0.3846583366394043, 0.39066600799560547, 0.3961491584777832, 0.39643311500549316, 0.41004109382629395, 0.4508347511291504, 0.4541127681732178, 0.45865321159362793, 0.45843982696533203, 0.47717714309692383, 0.4859812259674072, 0.4910292625427246, 0.5522148609161377]
{'args': ((16, 0, slice(0, 960, None), slice(None, None, None)),), 'dataset shape': (40, 11, 1921, 2560), 'dataset chunks': (7, 1, 385, 512), 'indexing time (s)': 9.5367431640625e-07, 'chunk number': 1650, 'reduction time (s)': 0.5697126388549805, 'chunks processed': 15, 'storage read (B)': 29733505, 'selection 1 time (s)': 0.5698928833007812}
Thread times [0.03115558624267578, 0.37035584449768066, 0.40068674087524414, 0.42787623405456543, 0.43238329887390137, 0.4394989013671875, 0.4541754722595215, 0.4745752811431885, 0.4902458190917969, 0.49279308319091797, 0.4932861328125, 0.5602169036865234, 0.5749754905700684, 0.573512077331543, 0.5760324001312256]
{'args': ((17, 0, slice(0, 960, None), slice(None, None, None)),), 'dataset shape': (40, 11, 1921, 2560), 'dataset chunks': (7, 1, 385, 512), 'indexing time (s)': 9.5367431640625e-07, 'chunk number': 1650, 'reduction time (s)': 0.5817461013793945, 'chunks processed': 15, 'storage read (B)': 29733505, 'selection 1 time (s)': 0.581916093826294}
Thread times [0.0295565128326416, 0.38480353355407715, 0.40997886657714844, 0.41470861434936523, 0.42545151710510254, 0.426302433013916, 0.4519169330596924, 0.4761950969696045, 0.475064754486084, 0.4773409366607666, 0.47710514068603516, 0.5306169986724854, 0.5343809127807617, 0.5348732471466064, 0.538607120513916]
{'args': ((18, 0, slice(0, 960, None), slice(None, None, None)),), 'dataset shape': (40, 11, 1921, 2560), 'dataset chunks': (7, 1, 385, 512), 'indexing time (s)': 1.1920928955078125e-06, 'chunk number': 1650, 'reduction time (s)': 0.5474536418914795, 'chunks processed': 15, 'storage read (B)': 29733505, 'selection 1 time (s)': 0.5476257801055908}
Thread times [0.029188156127929688, 0.15646624565124512, 0.2311103343963623, 0.23354625701904297, 0.2441563606262207, 0.2609262466430664, 0.2684626579284668, 0.28475356101989746, 0.3223590850830078, 0.33562803268432617, 0.34199953079223633, 0.3658592700958252, 0.3845982551574707, 0.3863246440887451, 0.4042994976043701]
{'args': ((19, 0, slice(0, 960, None), slice(None, None, None)),), 'dataset shape': (40, 11, 1921, 2560), 'dataset chunks': (7, 1, 385, 512), 'indexing time (s)': 7.152557373046875e-07, 'chunk number': 1650, 'reduction time (s)': 0.4109058380126953, 'chunks processed': 15, 'storage read (B)': 29733505, 'selection 1 time (s)': 0.41108131408691406}
Thread times [0.030162334442138672, 0.44429540634155273, 0.4592781066894531, 0.4910011291503906, 0.4932847023010254, 0.5057411193847656, 0.5087149143218994, 0.5103869438171387, 0.527489185333252, 0.5483119487762451, 0.5558838844299316, 0.5715305805206299, 0.6135704517364502, 0.616762638092041, 0.6203749179840088]
{'args': ((20, 0, slice(0, 960, None), slice(None, None, None)),), 'dataset shape': (40, 11, 1921, 2560), 'dataset chunks': (7, 1, 385, 512), 'indexing time (s)': 1.430511474609375e-06, 'chunk number': 1650, 'reduction time (s)': 0.6262264251708984, 'chunks processed': 15, 'storage read (B)': 29733505, 'selection 1 time (s)': 0.6265780925750732}
Thread times [0.44838452339172363, 0.452486515045166, 0.5138649940490723, 0.5178425312042236, 0.525836706161499, 0.5299386978149414, 0.5303323268890381, 0.5301055908203125, 0.565453290939331, 0.5690221786499023, 0.5874538421630859, 0.5878040790557861, 0.847395658493042, 0.8609907627105713, 0.8612706661224365]
{'args': ((21, 0, slice(0, 960, None), slice(None, None, None)),), 'dataset shape': (40, 11, 1921, 2560), 'dataset chunks': (7, 1, 385, 512), 'indexing time (s)': 1.6689300537109375e-06, 'chunk number': 1650, 'reduction time (s)': 0.8679544925689697, 'chunks processed': 15, 'storage read (B)': 29686785, 'selection 1 time (s)': 0.8681831359863281}
Thread times [0.03036975860595703, 0.40651965141296387, 0.40427327156066895, 0.40615081787109375, 0.44221973419189453, 0.4475438594818115, 0.4579906463623047, 0.46477293968200684, 0.4751436710357666, 0.4857320785522461, 0.5138688087463379, 0.5979554653167725, 0.6463375091552734, 0.6451094150543213, 0.6488866806030273]
{'args': ((22, 0, slice(0, 960, None), slice(None, None, None)),), 'dataset shape': (40, 11, 1921, 2560), 'dataset chunks': (7, 1, 385, 512), 'indexing time (s)': 1.430511474609375e-06, 'chunk number': 1650, 'reduction time (s)': 0.6589069366455078, 'chunks processed': 15, 'storage read (B)': 29686785, 'selection 1 time (s)': 0.6591312885284424}
Thread times [0.03166627883911133, 0.30971765518188477, 0.311018705368042, 0.34125828742980957, 0.35602569580078125, 0.3576827049255371, 0.368105411529541, 0.4191913604736328, 0.4217078685760498, 0.42404747009277344, 0.4271364212036133, 0.42847275733947754, 0.45653414726257324, 0.5146217346191406, 0.5468759536743164]
{'args': ((23, 0, slice(0, 960, None), slice(None, None, None)),), 'dataset shape': (40, 11, 1921, 2560), 'dataset chunks': (7, 1, 385, 512), 'indexing time (s)': 1.1920928955078125e-06, 'chunk number': 1650, 'reduction time (s)': 0.55617356300354, 'chunks processed': 15, 'storage read (B)': 29686785, 'selection 1 time (s)': 0.5564405918121338}
Thread times [0.031885623931884766, 0.17298150062561035, 0.25435686111450195, 0.32020044326782227, 0.3211171627044678, 0.3375096321105957, 0.35898303985595703, 0.3624701499938965, 0.38048505783081055, 0.4112715721130371, 0.4141368865966797, 0.42345094680786133, 0.42612338066101074, 0.42690300941467285, 0.4703409671783447]
{'args': ((24, 0, slice(0, 960, None), slice(None, None, None)),), 'dataset shape': (40, 11, 1921, 2560), 'dataset chunks': (7, 1, 385, 512), 'indexing time (s)': 1.1920928955078125e-06, 'chunk number': 1650, 'reduction time (s)': 0.48000049591064453, 'chunks processed': 15, 'storage read (B)': 29686785, 'selection 1 time (s)': 0.4802563190460205}
Thread times [0.030632495880126953, 0.38190245628356934, 0.3823261260986328, 0.4204580783843994, 0.4219076633453369, 0.44210243225097656, 0.4486854076385498, 0.4521181583404541, 0.46535634994506836, 0.5014073848724365, 0.5009467601776123, 0.5009729862213135, 0.5181803703308105, 0.5470128059387207, 0.5983786582946777]
{'args': ((25, 0, slice(0, 960, None), slice(None, None, None)),), 'dataset shape': (40, 11, 1921, 2560), 'dataset chunks': (7, 1, 385, 512), 'indexing time (s)': 9.5367431640625e-07, 'chunk number': 1650, 'reduction time (s)': 0.6039345264434814, 'chunks processed': 15, 'storage read (B)': 29686785, 'selection 1 time (s)': 0.6041080951690674}
Thread times [0.025145530700683594, 0.18956232070922852, 0.23805737495422363, 0.2353520393371582, 0.2462620735168457, 0.24998903274536133, 0.2580606937408447, 0.3045470714569092, 0.3267524242401123, 0.3329446315765381, 0.33522510528564453, 0.3363633155822754, 0.37020111083984375, 0.41085267066955566, 0.4341132640838623]
{'args': ((26, 0, slice(0, 960, None), slice(None, None, None)),), 'dataset shape': (40, 11, 1921, 2560), 'dataset chunks': (7, 1, 385, 512), 'indexing time (s)': 1.1920928955078125e-06, 'chunk number': 1650, 'reduction time (s)': 0.4417388439178467, 'chunks processed': 15, 'storage read (B)': 29686785, 'selection 1 time (s)': 0.44196224212646484}
Thread times [0.02996683120727539, 0.13592243194580078, 0.2443087100982666, 0.3096778392791748, 0.3159775733947754, 0.35648560523986816, 0.39368748664855957, 0.4042208194732666, 0.41030144691467285, 0.4135305881500244, 0.4134502410888672, 0.43485069274902344, 0.45654988288879395, 0.4566171169281006, 0.5075662136077881]
{'args': ((27, 0, slice(0, 960, None), slice(None, None, None)),), 'dataset shape': (40, 11, 1921, 2560), 'dataset chunks': (7, 1, 385, 512), 'indexing time (s)': 1.1920928955078125e-06, 'chunk number': 1650, 'reduction time (s)': 0.5147054195404053, 'chunks processed': 15, 'storage read (B)': 29686785, 'selection 1 time (s)': 0.5149004459381104}
Thread times [0.14604997634887695, 0.14798974990844727, 0.3306562900543213, 0.342240571975708, 0.350142240524292, 0.3508908748626709, 0.35500121116638184, 0.37100815773010254, 0.4135251045227051, 0.4150524139404297, 0.45337343215942383, 0.4569423198699951, 0.476733922958374, 0.4986746311187744, 0.5013477802276611]
{'args': ((28, 0, slice(0, 960, None), slice(None, None, None)),), 'dataset shape': (40, 11, 1921, 2560), 'dataset chunks': (7, 1, 385, 512), 'indexing time (s)': 1.1920928955078125e-06, 'chunk number': 1650, 'reduction time (s)': 0.5071232318878174, 'chunks processed': 15, 'storage read (B)': 29670387, 'selection 1 time (s)': 0.5072970390319824}
Thread times [0.03142833709716797, 0.2702329158782959, 0.3066599369049072, 0.3165700435638428, 0.33767199516296387, 0.35289454460144043, 0.3542594909667969, 0.36146092414855957, 0.3712029457092285, 0.39577770233154297, 0.4102010726928711, 0.41237759590148926, 0.6310863494873047, 0.6326298713684082, 0.6345953941345215]
{'args': ((29, 0, slice(0, 960, None), slice(None, None, None)),), 'dataset shape': (40, 11, 1921, 2560), 'dataset chunks': (7, 1, 385, 512), 'indexing time (s)': 1.430511474609375e-06, 'chunk number': 1650, 'reduction time (s)': 0.6394674777984619, 'chunks processed': 15, 'storage read (B)': 29670387, 'selection 1 time (s)': 0.639643669128418}
Thread times [0.02931690216064453, 0.12273764610290527, 0.23531317710876465, 0.2402045726776123, 0.2474837303161621, 0.25235533714294434, 0.2647247314453125, 0.3164365291595459, 0.3215751647949219, 0.32534050941467285, 0.32422900199890137, 0.3257100582122803, 0.37378525733947754, 0.38156747817993164, 0.3855888843536377]
{'args': ((30, 0, slice(0, 960, None), slice(None, None, None)),), 'dataset shape': (40, 11, 1921, 2560), 'dataset chunks': (7, 1, 385, 512), 'indexing time (s)': 9.5367431640625e-07, 'chunk number': 1650, 'reduction time (s)': 0.39745426177978516, 'chunks processed': 15, 'storage read (B)': 29670387, 'selection 1 time (s)': 0.3976469039916992}
Thread times [0.027080297470092773, 0.12059855461120605, 0.23764705657958984, 0.25104403495788574, 0.26741600036621094, 0.2980692386627197, 0.31403660774230957, 0.3184051513671875, 0.3270435333251953, 0.3533298969268799, 0.3527562618255615, 0.36020755767822266, 0.40059685707092285, 0.40169477462768555, 0.49476194381713867]
{'args': ((31, 0, slice(0, 960, None), slice(None, None, None)),), 'dataset shape': (40, 11, 1921, 2560), 'dataset chunks': (7, 1, 385, 512), 'indexing time (s)': 9.5367431640625e-07, 'chunk number': 1650, 'reduction time (s)': 0.502103328704834, 'chunks processed': 15, 'storage read (B)': 29670387, 'selection 1 time (s)': 0.5022773742675781}
Thread times [0.029610395431518555, 0.16344952583312988, 0.17846941947937012, 0.1796855926513672, 0.22638845443725586, 0.263181209564209, 0.28523802757263184, 0.3019275665283203, 0.3083381652832031, 0.3128817081451416, 0.3195216655731201, 0.3388197422027588, 0.3374495506286621, 0.3603384494781494, 0.36258387565612793]
{'args': ((32, 0, slice(0, 960, None), slice(None, None, None)),), 'dataset shape': (40, 11, 1921, 2560), 'dataset chunks': (7, 1, 385, 512), 'indexing time (s)': 9.5367431640625e-07, 'chunk number': 1650, 'reduction time (s)': 0.36997437477111816, 'chunks processed': 15, 'storage read (B)': 29670387, 'selection 1 time (s)': 0.37014341354370117}
Thread times [0.029799938201904297, 0.370527982711792, 0.37358951568603516, 0.39894628524780273, 0.4188194274902344, 0.42238521575927734, 0.4258086681365967, 0.4240095615386963, 0.464339017868042, 0.4634978771209717, 0.4675455093383789, 0.6407866477966309, 0.6877069473266602, 0.7003872394561768, 0.7184064388275146]
{'args': ((33, 0, slice(0, 960, None), slice(None, None, None)),), 'dataset shape': (40, 11, 1921, 2560), 'dataset chunks': (7, 1, 385, 512), 'indexing time (s)': 7.152557373046875e-07, 'chunk number': 1650, 'reduction time (s)': 0.7248601913452148, 'chunks processed': 15, 'storage read (B)': 29670387, 'selection 1 time (s)': 0.7250678539276123}
Thread times [0.029018163681030273, 0.23209190368652344, 0.23986029624938965, 0.283266544342041, 0.2858908176422119, 0.3024768829345703, 0.3046581745147705, 0.3157784938812256, 0.32636141777038574, 0.33013105392456055, 0.3760848045349121, 0.3727080821990967, 0.3761560916900635, 0.39104700088500977, 0.3945119380950928]
{'args': ((34, 0, slice(0, 960, None), slice(None, None, None)),), 'dataset shape': (40, 11, 1921, 2560), 'dataset chunks': (7, 1, 385, 512), 'indexing time (s)': 1.6689300537109375e-06, 'chunk number': 1650, 'reduction time (s)': 0.3994145393371582, 'chunks processed': 15, 'storage read (B)': 29670387, 'selection 1 time (s)': 0.3996272087097168}
Thread times [0.12421417236328125, 0.15133047103881836, 0.1845705509185791, 0.19367074966430664, 0.2041316032409668, 0.26982736587524414, 0.27054476737976074, 0.27309656143188477, 0.2718367576599121, 0.27494287490844727, 0.31032824516296387, 0.3081793785095215, 0.31215715408325195, 0.3210318088531494, 0.34532880783081055]
{'args': ((35, 0, slice(0, 960, None), slice(None, None, None)),), 'dataset shape': (40, 11, 1921, 2560), 'dataset chunks': (7, 1, 385, 512), 'indexing time (s)': 1.430511474609375e-06, 'chunk number': 1650, 'reduction time (s)': 0.3495187759399414, 'chunks processed': 15, 'storage read (B)': 21287473, 'selection 1 time (s)': 0.34970998764038086}
Thread times [0.030187606811523438, 0.2892138957977295, 0.30635976791381836, 0.3154749870300293, 0.32126379013061523, 0.3360714912414551, 0.3347921371459961, 0.36675596237182617, 0.37095046043395996, 0.371915340423584, 0.37374043464660645, 0.4354584217071533, 0.45448970794677734, 0.45841336250305176, 0.45900750160217285]
{'args': ((36, 0, slice(0, 960, None), slice(None, None, None)),), 'dataset shape': (40, 11, 1921, 2560), 'dataset chunks': (7, 1, 385, 512), 'indexing time (s)': 1.430511474609375e-06, 'chunk number': 1650, 'reduction time (s)': 0.46729063987731934, 'chunks processed': 15, 'storage read (B)': 21287473, 'selection 1 time (s)': 0.4675171375274658}
Thread times [0.03479170799255371, 0.18269109725952148, 0.18059825897216797, 0.18500494956970215, 0.18634581565856934, 0.2423093318939209, 0.25142478942871094, 0.2542383670806885, 0.25350499153137207, 0.2875847816467285, 0.30608177185058594, 0.3215343952178955, 0.32293176651000977, 0.32080078125, 0.3215658664703369]
{'args': ((37, 0, slice(0, 960, None), slice(None, None, None)),), 'dataset shape': (40, 11, 1921, 2560), 'dataset chunks': (7, 1, 385, 512), 'indexing time (s)': 1.430511474609375e-06, 'chunk number': 1650, 'reduction time (s)': 0.32857346534729004, 'chunks processed': 15, 'storage read (B)': 21287473, 'selection 1 time (s)': 0.3287503719329834}
Thread times [0.028134584426879883, 0.22766733169555664, 0.26773691177368164, 0.2694060802459717, 0.2799839973449707, 0.3062703609466553, 0.3141319751739502, 0.3264470100402832, 0.37418246269226074, 0.3749556541442871, 0.37793397903442383, 0.38640260696411133, 0.3937060832977295, 0.3956470489501953, 0.42410922050476074]
{'args': ((38, 0, slice(0, 960, None), slice(None, None, None)),), 'dataset shape': (40, 11, 1921, 2560), 'dataset chunks': (7, 1, 385, 512), 'indexing time (s)': 1.1920928955078125e-06, 'chunk number': 1650, 'reduction time (s)': 0.43216490745544434, 'chunks processed': 15, 'storage read (B)': 21287473, 'selection 1 time (s)': 0.4323756694793701}
Thread times [0.0319674015045166, 0.29404115676879883, 0.30454325675964355, 0.31640076637268066, 0.3176565170288086, 0.33983397483825684, 0.34102416038513184, 0.3656041622161865, 0.3656940460205078, 0.3687164783477783, 0.37334728240966797, 0.4325675964355469, 0.4474008083343506, 0.45714473724365234, 0.45792150497436523]
{'args': ((39, 0, slice(0, 960, None), slice(None, None, None)),), 'dataset shape': (40, 11, 1921, 2560), 'dataset chunks': (7, 1, 385, 512), 'indexing time (s)': 9.5367431640625e-07, 'chunk number': 1650, 'reduction time (s)': 0.46216845512390137, 'chunks processed': 15, 'storage read (B)': 21287473, 'selection 1 time (s)': 0.46234560012817383}
[[226.07815104]
 [226.06473958]
 [225.93765625]
 [225.90807292]
 [225.91736979]
 [225.88455729]
 [225.82078125]
 [225.85440104]
 [225.98325521]
 [226.03804687]
 [226.013125  ]
 [226.02330729]
 [226.03770833]
 [226.00479167]
 [225.91765625]
 [225.94036458]
 [225.9871875 ]
 [225.9146875 ]
 [225.81242188]
 [225.81872396]
 [225.84526042]
 [225.78497396]
 [225.63651042]
 [225.55653646]
 [225.45734375]
 [225.32369792]
 [225.16325521]
 [225.07794271]
 [225.0784375 ]
 [225.10664063]
 [225.17609375]
 [225.36877604]
 [225.57911458]
 [225.69080729]
 [225.72231771]
 [225.82369792]
 [225.9365625 ]
 [225.96765625]
 [225.91861979]
 [225.92247396]]
Summary:  sci4-op-r1:Local (T100,BS1): 0.422s,21.99s,24.54s
