Dataset loaded from S3 with s3fs and Pyfive: bnl/ch330a.pc19790301-def.nc (0.034,0.61)
Thread times [0.12036824226379395, 0.14544224739074707, 0.15493559837341309, 0.36662840843200684, 0.3945646286010742, 0.48520946502685547, 0.5351355075836182, 0.583564043045044, 0.5853996276855469, 0.6189723014831543, 0.6209385395050049, 0.6146981716156006, 0.6376895904541016, 0.6451804637908936, 0.6499099731445312]
{'load nc time': 0.7040627002716064, 'args': ((0, 0, slice(0, 960, None), slice(None, None, None)),), 'dataset shape': (40, 11, 1921, 2560), 'dataset chunks': (7, 1, 385, 512), 'indexing time (s)': 3.9749622344970703, 'chunk number': 1650, 'reduction time (s)': 0.6623799800872803, 'chunks processed': 15, 'storage read (B)': 29685482, 'selection 2 time (s)': 4.643809080123901}
Thread times [0.10058450698852539, 0.15184736251831055, 0.2253875732421875, 0.24697661399841309, 0.2925441265106201, 0.3711984157562256, 0.4491610527038574, 0.4501163959503174, 0.4568805694580078, 0.45502281188964844, 0.4638028144836426, 0.4569573402404785, 0.4684743881225586, 0.4757843017578125, 0.4975879192352295]
{'args': ((1, 0, slice(0, 960, None), slice(None, None, None)),), 'dataset shape': (40, 11, 1921, 2560), 'dataset chunks': (7, 1, 385, 512), 'indexing time (s)': 1.1920928955078125e-06, 'chunk number': 1650, 'reduction time (s)': 0.5080163478851318, 'chunks processed': 15, 'storage read (B)': 29685482, 'selection 2 time (s)': 0.5143675804138184}
Thread times [0.12058734893798828, 0.2156381607055664, 0.21262621879577637, 0.3073427677154541, 0.33376121520996094, 0.42320847511291504, 0.46118783950805664, 0.4706709384918213, 0.49227380752563477, 0.4978470802307129, 0.5260529518127441, 0.511279821395874, 0.5036036968231201, 0.5397546291351318, 0.562932014465332]
{'args': ((2, 0, slice(0, 960, None), slice(None, None, None)),), 'dataset shape': (40, 11, 1921, 2560), 'dataset chunks': (7, 1, 385, 512), 'indexing time (s)': 1.430511474609375e-06, 'chunk number': 1650, 'reduction time (s)': 0.5931267738342285, 'chunks processed': 15, 'storage read (B)': 29685482, 'selection 2 time (s)': 0.6001439094543457}
Thread times [0.08614730834960938, 0.13456416130065918, 0.12484622001647949, 0.1745133399963379, 0.2648944854736328, 0.3150975704193115, 0.2854783535003662, 0.2966470718383789, 0.33147406578063965, 0.30443310737609863, 0.33247852325439453, 0.3325512409210205, 0.35355401039123535, 0.33745694160461426, 0.3666834831237793]
{'args': ((3, 0, slice(0, 960, None), slice(None, None, None)),), 'dataset shape': (40, 11, 1921, 2560), 'dataset chunks': (7, 1, 385, 512), 'indexing time (s)': 1.430511474609375e-06, 'chunk number': 1650, 'reduction time (s)': 0.38002705574035645, 'chunks processed': 15, 'storage read (B)': 29685482, 'selection 2 time (s)': 0.38667964935302734}
Thread times [0.1898510456085205, 0.3741915225982666, 0.48205041885375977, 0.55523681640625, 0.5853898525238037, 0.6529326438903809, 0.6545164585113525, 0.6628260612487793, 0.6656045913696289, 0.6671619415283203, 0.6753950119018555, 0.6864466667175293, 0.685636043548584, 0.6997175216674805, 0.6948778629302979]
{'args': ((4, 0, slice(0, 960, None), slice(None, None, None)),), 'dataset shape': (40, 11, 1921, 2560), 'dataset chunks': (7, 1, 385, 512), 'indexing time (s)': 1.9073486328125e-06, 'chunk number': 1650, 'reduction time (s)': 0.7102746963500977, 'chunks processed': 15, 'storage read (B)': 29685482, 'selection 2 time (s)': 0.7171263694763184}
Thread times [0.06585240364074707, 0.2962658405303955, 0.40880489349365234, 0.506460428237915, 0.5368762016296387, 0.5504796504974365, 0.5412044525146484, 0.5560166835784912, 0.55936598777771, 0.5524921417236328, 0.5726211071014404, 0.5683369636535645, 0.5705337524414062, 0.5985879898071289, 0.5994012355804443]
{'args': ((5, 0, slice(0, 960, None), slice(None, None, None)),), 'dataset shape': (40, 11, 1921, 2560), 'dataset chunks': (7, 1, 385, 512), 'indexing time (s)': 1.6689300537109375e-06, 'chunk number': 1650, 'reduction time (s)': 0.6194839477539062, 'chunks processed': 15, 'storage read (B)': 29685482, 'selection 2 time (s)': 0.6258256435394287}
Thread times [0.12442898750305176, 0.1453402042388916, 0.13934588432312012, 0.23668980598449707, 0.3453388214111328, 0.4205617904663086, 0.46395325660705566, 0.4701845645904541, 0.4958362579345703, 0.5053036212921143, 0.4908149242401123, 0.5095512866973877, 0.6963229179382324, 0.697007417678833, 0.7377879619598389]
{'args': ((6, 0, slice(0, 960, None), slice(None, None, None)),), 'dataset shape': (40, 11, 1921, 2560), 'dataset chunks': (7, 1, 385, 512), 'indexing time (s)': 1.430511474609375e-06, 'chunk number': 1650, 'reduction time (s)': 0.7696735858917236, 'chunks processed': 15, 'storage read (B)': 29685482, 'selection 2 time (s)': 0.7762470245361328}
Thread times [0.07089781761169434, 0.11261725425720215, 0.15054821968078613, 0.1728503704071045, 0.31905484199523926, 0.3322005271911621, 0.39185214042663574, 0.3930385112762451, 0.3885984420776367, 0.39827632904052734, 0.4106462001800537, 0.4164919853210449, 0.4351472854614258, 0.43183183670043945, 0.45618534088134766]
{'args': ((7, 0, slice(0, 960, None), slice(None, None, None)),), 'dataset shape': (40, 11, 1921, 2560), 'dataset chunks': (7, 1, 385, 512), 'indexing time (s)': 1.6689300537109375e-06, 'chunk number': 1650, 'reduction time (s)': 0.46348023414611816, 'chunks processed': 15, 'storage read (B)': 29701892, 'selection 2 time (s)': 0.4697299003601074}
Thread times [0.10671114921569824, 0.09987354278564453, 0.1318531036376953, 0.14031291007995605, 0.24863982200622559, 0.276137113571167, 0.3630666732788086, 0.36844491958618164, 0.36217474937438965, 0.3823819160461426, 0.3669147491455078, 0.3880584239959717, 0.38132333755493164, 0.4060211181640625, 0.42063379287719727]
{'args': ((8, 0, slice(0, 960, None), slice(None, None, None)),), 'dataset shape': (40, 11, 1921, 2560), 'dataset chunks': (7, 1, 385, 512), 'indexing time (s)': 1.1920928955078125e-06, 'chunk number': 1650, 'reduction time (s)': 0.42806529998779297, 'chunks processed': 15, 'storage read (B)': 29701892, 'selection 2 time (s)': 0.4340052604675293}
Thread times [0.0983583927154541, 0.1362771987915039, 0.20996737480163574, 0.2336103916168213, 0.2678816318511963, 0.31712794303894043, 0.32124781608581543, 0.32558321952819824, 0.33076906204223633, 0.3363969326019287, 0.3360733985900879, 0.3487508296966553, 0.3453209400177002, 0.354189395904541, 0.35859107971191406]
{'args': ((9, 0, slice(0, 960, None), slice(None, None, None)),), 'dataset shape': (40, 11, 1921, 2560), 'dataset chunks': (7, 1, 385, 512), 'indexing time (s)': 1.430511474609375e-06, 'chunk number': 1650, 'reduction time (s)': 0.3681769371032715, 'chunks processed': 15, 'storage read (B)': 29701892, 'selection 2 time (s)': 0.37471842765808105}
Thread times [0.14815449714660645, 0.2652740478515625, 0.27488136291503906, 0.346066951751709, 0.38460755348205566, 0.39077138900756836, 0.3909893035888672, 0.39324069023132324, 0.392622709274292, 0.39897871017456055, 0.4151773452758789, 0.41851353645324707, 0.42453885078430176, 0.4299137592315674, 0.4325711727142334]
{'args': ((10, 0, slice(0, 960, None), slice(None, None, None)),), 'dataset shape': (40, 11, 1921, 2560), 'dataset chunks': (7, 1, 385, 512), 'indexing time (s)': 9.5367431640625e-07, 'chunk number': 1650, 'reduction time (s)': 0.4452509880065918, 'chunks processed': 15, 'storage read (B)': 29701892, 'selection 2 time (s)': 0.4517345428466797}
Thread times [0.10281109809875488, 0.1473705768585205, 0.15018749237060547, 0.24080276489257812, 0.28491950035095215, 0.3584630489349365, 0.3692598342895508, 0.3829185962677002, 0.3826467990875244, 0.3924832344055176, 0.400468111038208, 0.40813231468200684, 0.40138697624206543, 0.41791701316833496, 0.422499418258667]
{'args': ((11, 0, slice(0, 960, None), slice(None, None, None)),), 'dataset shape': (40, 11, 1921, 2560), 'dataset chunks': (7, 1, 385, 512), 'indexing time (s)': 1.1920928955078125e-06, 'chunk number': 1650, 'reduction time (s)': 0.4310605525970459, 'chunks processed': 15, 'storage read (B)': 29701892, 'selection 2 time (s)': 0.43727636337280273}
Thread times [0.07909464836120605, 0.11429786682128906, 0.15113186836242676, 0.29413270950317383, 0.46308302879333496, 0.46802830696105957, 0.47057533264160156, 0.4782865047454834, 0.47657012939453125, 0.4748666286468506, 0.49063968658447266, 0.49989771842956543, 0.500593900680542, 0.4861786365509033, 0.5143294334411621]
{'args': ((12, 0, slice(0, 960, None), slice(None, None, None)),), 'dataset shape': (40, 11, 1921, 2560), 'dataset chunks': (7, 1, 385, 512), 'indexing time (s)': 1.6689300537109375e-06, 'chunk number': 1650, 'reduction time (s)': 0.5225675106048584, 'chunks processed': 15, 'storage read (B)': 29701892, 'selection 2 time (s)': 0.5317544937133789}
Thread times [0.0902564525604248, 0.40129804611206055, 0.4563331604003906, 0.5188279151916504, 0.5356204509735107, 0.5291948318481445, 0.5448641777038574, 0.55118727684021, 0.5448431968688965, 0.5590114593505859, 0.5314886569976807, 0.5605459213256836, 0.5727050304412842, 0.5836057662963867, 0.5847737789154053]
{'args': ((13, 0, slice(0, 960, None), slice(None, None, None)),), 'dataset shape': (40, 11, 1921, 2560), 'dataset chunks': (7, 1, 385, 512), 'indexing time (s)': 1.6689300537109375e-06, 'chunk number': 1650, 'reduction time (s)': 0.592735767364502, 'chunks processed': 15, 'storage read (B)': 29701892, 'selection 2 time (s)': 0.5988771915435791}
Thread times [0.08124566078186035, 0.1118934154510498, 0.1591639518737793, 0.1603713035583496, 0.17752408981323242, 0.2069258689880371, 0.2290482521057129, 0.2309873104095459, 0.2562856674194336, 0.2654144763946533, 0.2578110694885254, 0.2604551315307617, 0.2679271697998047, 0.32309889793395996, 0.36045384407043457]
{'args': ((14, 0, slice(0, 960, None), slice(None, None, None)),), 'dataset shape': (40, 11, 1921, 2560), 'dataset chunks': (7, 1, 385, 512), 'indexing time (s)': 1.1920928955078125e-06, 'chunk number': 1650, 'reduction time (s)': 0.3620457649230957, 'chunks processed': 15, 'storage read (B)': 29733505, 'selection 2 time (s)': 0.3683927059173584}
Thread times [0.1484360694885254, 0.35108423233032227, 0.3664891719818115, 0.3912832736968994, 0.39348602294921875, 0.4193248748779297, 0.4201350212097168, 0.4250147342681885, 0.4210662841796875, 0.42879652976989746, 0.43457937240600586, 0.44965386390686035, 0.45947813987731934, 0.44878649711608887, 0.47923779487609863]
{'args': ((15, 0, slice(0, 960, None), slice(None, None, None)),), 'dataset shape': (40, 11, 1921, 2560), 'dataset chunks': (7, 1, 385, 512), 'indexing time (s)': 1.6689300537109375e-06, 'chunk number': 1650, 'reduction time (s)': 0.48606300354003906, 'chunks processed': 15, 'storage read (B)': 29733505, 'selection 2 time (s)': 0.4927067756652832}
Thread times [0.10133218765258789, 0.32903432846069336, 0.46436214447021484, 0.47739243507385254, 0.48447751998901367, 0.48964500427246094, 0.49672985076904297, 0.5053291320800781, 0.50616455078125, 0.5150966644287109, 0.5173192024230957, 0.5211899280548096, 0.5276937484741211, 0.5305349826812744, 0.5424115657806396]
{'args': ((16, 0, slice(0, 960, None), slice(None, None, None)),), 'dataset shape': (40, 11, 1921, 2560), 'dataset chunks': (7, 1, 385, 512), 'indexing time (s)': 1.430511474609375e-06, 'chunk number': 1650, 'reduction time (s)': 0.5489614009857178, 'chunks processed': 15, 'storage read (B)': 29733505, 'selection 2 time (s)': 0.5551092624664307}
Thread times [0.1327817440032959, 0.15312790870666504, 0.15603303909301758, 0.16829252243041992, 0.18193459510803223, 0.18750953674316406, 0.18738055229187012, 0.20431780815124512, 0.28804683685302734, 0.3143637180328369, 0.3418152332305908, 0.347125768661499, 0.35855650901794434, 0.37690186500549316, 0.37592196464538574]
{'args': ((17, 0, slice(0, 960, None), slice(None, None, None)),), 'dataset shape': (40, 11, 1921, 2560), 'dataset chunks': (7, 1, 385, 512), 'indexing time (s)': 1.1920928955078125e-06, 'chunk number': 1650, 'reduction time (s)': 0.3816807270050049, 'chunks processed': 15, 'storage read (B)': 29733505, 'selection 2 time (s)': 0.38770318031311035}
Thread times [0.386932373046875, 0.4646124839782715, 0.485363245010376, 0.4853019714355469, 0.4880564212799072, 0.5091104507446289, 0.5109939575195312, 0.5252330303192139, 0.5171496868133545, 0.5175888538360596, 0.5293674468994141, 0.5348646640777588, 0.5421173572540283, 0.5498912334442139, 0.5545940399169922]
{'args': ((18, 0, slice(0, 960, None), slice(None, None, None)),), 'dataset shape': (40, 11, 1921, 2560), 'dataset chunks': (7, 1, 385, 512), 'indexing time (s)': 1.430511474609375e-06, 'chunk number': 1650, 'reduction time (s)': 0.5682427883148193, 'chunks processed': 15, 'storage read (B)': 29733505, 'selection 2 time (s)': 0.577064037322998}
Thread times [0.42209577560424805, 0.5468566417694092, 0.5467560291290283, 0.5593442916870117, 0.5602657794952393, 0.5709571838378906, 0.5875341892242432, 0.581242561340332, 0.5899550914764404, 0.5946371555328369, 0.6091804504394531, 0.6117501258850098, 0.6131467819213867, 0.6224098205566406, 0.621694803237915]
{'args': ((19, 0, slice(0, 960, None), slice(None, None, None)),), 'dataset shape': (40, 11, 1921, 2560), 'dataset chunks': (7, 1, 385, 512), 'indexing time (s)': 1.430511474609375e-06, 'chunk number': 1650, 'reduction time (s)': 0.6390407085418701, 'chunks processed': 15, 'storage read (B)': 29733505, 'selection 2 time (s)': 0.6451833248138428}
Thread times [0.29500532150268555, 0.41335058212280273, 0.4503200054168701, 0.45179176330566406, 0.46365952491760254, 0.4669508934020996, 0.46944451332092285, 0.47474169731140137, 0.482344388961792, 0.4856550693511963, 0.5014655590057373, 0.5031263828277588, 0.5021827220916748, 0.5160994529724121, 0.520169734954834]
{'args': ((20, 0, slice(0, 960, None), slice(None, None, None)),), 'dataset shape': (40, 11, 1921, 2560), 'dataset chunks': (7, 1, 385, 512), 'indexing time (s)': 1.1920928955078125e-06, 'chunk number': 1650, 'reduction time (s)': 0.5275287628173828, 'chunks processed': 15, 'storage read (B)': 29733505, 'selection 2 time (s)': 0.5336706638336182}
Thread times [0.34424686431884766, 0.48119401931762695, 0.5001521110534668, 0.5145964622497559, 0.5146915912628174, 0.5201585292816162, 0.5217435359954834, 0.536370038986206, 0.5354578495025635, 0.5473141670227051, 0.5497679710388184, 0.5530970096588135, 0.566490888595581, 1.0853338241577148, 1.152754545211792]
{'args': ((21, 0, slice(0, 960, None), slice(None, None, None)),), 'dataset shape': (40, 11, 1921, 2560), 'dataset chunks': (7, 1, 385, 512), 'indexing time (s)': 1.1920928955078125e-06, 'chunk number': 1650, 'reduction time (s)': 1.185640573501587, 'chunks processed': 15, 'storage read (B)': 29686785, 'selection 2 time (s)': 1.191985845565796}
Thread times [0.21600675582885742, 0.2934906482696533, 0.30576300621032715, 0.3087434768676758, 0.3234689235687256, 0.32372546195983887, 0.3292064666748047, 0.3840799331665039, 0.3902139663696289, 0.40907812118530273, 0.4049038887023926, 0.41495585441589355, 0.41745686531066895, 0.42449021339416504, 0.4547615051269531]
{'args': ((22, 0, slice(0, 960, None), slice(None, None, None)),), 'dataset shape': (40, 11, 1921, 2560), 'dataset chunks': (7, 1, 385, 512), 'indexing time (s)': 1.6689300537109375e-06, 'chunk number': 1650, 'reduction time (s)': 0.4685690402984619, 'chunks processed': 15, 'storage read (B)': 29686785, 'selection 2 time (s)': 0.47519731521606445}
Thread times [0.12362384796142578, 0.24710464477539062, 0.2780137062072754, 0.32280755043029785, 0.3778951168060303, 0.4428722858428955, 0.4571256637573242, 0.4658637046813965, 0.4682576656341553, 0.48497605323791504, 0.492168664932251, 0.48015260696411133, 0.5005450248718262, 0.5001475811004639, 0.508063554763794]
{'args': ((23, 0, slice(0, 960, None), slice(None, None, None)),), 'dataset shape': (40, 11, 1921, 2560), 'dataset chunks': (7, 1, 385, 512), 'indexing time (s)': 2.384185791015625e-06, 'chunk number': 1650, 'reduction time (s)': 0.5149331092834473, 'chunks processed': 15, 'storage read (B)': 29686785, 'selection 2 time (s)': 0.5214369297027588}
Thread times [0.09661602973937988, 0.14086270332336426, 0.13478517532348633, 0.1390705108642578, 0.15485811233520508, 0.15910005569458008, 0.16193413734436035, 0.16785883903503418, 0.16916847229003906, 0.24801874160766602, 0.2740917205810547, 0.27388548851013184, 0.2917146682739258, 0.2821800708770752, 0.2969050407409668]
{'args': ((24, 0, slice(0, 960, None), slice(None, None, None)),), 'dataset shape': (40, 11, 1921, 2560), 'dataset chunks': (7, 1, 385, 512), 'indexing time (s)': 9.5367431640625e-07, 'chunk number': 1650, 'reduction time (s)': 0.31342482566833496, 'chunks processed': 15, 'storage read (B)': 29686785, 'selection 2 time (s)': 0.3244140148162842}
Thread times [0.1656494140625, 0.16274237632751465, 0.2066648006439209, 0.24985003471374512, 0.263516902923584, 0.27018284797668457, 0.2863035202026367, 0.307786226272583, 0.3193068504333496, 0.31397151947021484, 0.345613956451416, 0.351581335067749, 0.3474912643432617, 0.36032867431640625, 0.3669259548187256]
{'args': ((25, 0, slice(0, 960, None), slice(None, None, None)),), 'dataset shape': (40, 11, 1921, 2560), 'dataset chunks': (7, 1, 385, 512), 'indexing time (s)': 1.6689300537109375e-06, 'chunk number': 1650, 'reduction time (s)': 0.37922096252441406, 'chunks processed': 15, 'storage read (B)': 29686785, 'selection 2 time (s)': 0.38547801971435547}
Thread times [0.30359888076782227, 0.34322524070739746, 0.46867990493774414, 0.47791290283203125, 0.48821163177490234, 0.4933347702026367, 0.4971754550933838, 0.5050809383392334, 0.5208926200866699, 0.5255205631256104, 0.5400328636169434, 0.5379681587219238, 0.5511736869812012, 0.564582109451294, 0.5778989791870117]
{'args': ((26, 0, slice(0, 960, None), slice(None, None, None)),), 'dataset shape': (40, 11, 1921, 2560), 'dataset chunks': (7, 1, 385, 512), 'indexing time (s)': 1.1920928955078125e-06, 'chunk number': 1650, 'reduction time (s)': 0.5902400016784668, 'chunks processed': 15, 'storage read (B)': 29686785, 'selection 2 time (s)': 0.5963714122772217}
Thread times [0.37814855575561523, 0.49924683570861816, 0.5388782024383545, 0.559046745300293, 0.5659353733062744, 0.5682048797607422, 0.5982367992401123, 0.6083385944366455, 0.621241569519043, 0.625119686126709, 0.6264069080352783, 0.6347026824951172, 0.6397747993469238, 0.5179858207702637, 0.6568975448608398]
{'args': ((27, 0, slice(0, 960, None), slice(None, None, None)),), 'dataset shape': (40, 11, 1921, 2560), 'dataset chunks': (7, 1, 385, 512), 'indexing time (s)': 1.430511474609375e-06, 'chunk number': 1650, 'reduction time (s)': 0.6698298454284668, 'chunks processed': 15, 'storage read (B)': 29686785, 'selection 2 time (s)': 0.6758344173431396}
Thread times [0.0797567367553711, 0.09082460403442383, 0.10763120651245117, 0.22275924682617188, 0.2751133441925049, 0.29967617988586426, 0.3193962574005127, 0.3326876163482666, 0.33463549613952637, 0.3671557903289795, 0.3606541156768799, 0.3821678161621094, 0.3818507194519043, 0.380659818649292, 0.3933587074279785]
{'args': ((28, 0, slice(0, 960, None), slice(None, None, None)),), 'dataset shape': (40, 11, 1921, 2560), 'dataset chunks': (7, 1, 385, 512), 'indexing time (s)': 1.1920928955078125e-06, 'chunk number': 1650, 'reduction time (s)': 0.40503501892089844, 'chunks processed': 15, 'storage read (B)': 29670387, 'selection 2 time (s)': 0.41089510917663574}
Thread times [0.11015748977661133, 0.155562162399292, 0.16807818412780762, 0.20594501495361328, 0.3513312339782715, 0.3626830577850342, 0.3813652992248535, 0.37691783905029297, 0.3916640281677246, 0.3979063034057617, 0.3933885097503662, 0.4055013656616211, 0.41356992721557617, 0.41609930992126465, 0.41930174827575684]
{'args': ((29, 0, slice(0, 960, None), slice(None, None, None)),), 'dataset shape': (40, 11, 1921, 2560), 'dataset chunks': (7, 1, 385, 512), 'indexing time (s)': 9.5367431640625e-07, 'chunk number': 1650, 'reduction time (s)': 0.43003344535827637, 'chunks processed': 15, 'storage read (B)': 29670387, 'selection 2 time (s)': 0.4365224838256836}
Thread times [0.34999561309814453, 0.4080207347869873, 0.40785741806030273, 0.4304332733154297, 0.44789576530456543, 0.45185327529907227, 0.4616856575012207, 0.46901369094848633, 0.46600341796875, 0.4687385559082031, 0.48088717460632324, 0.4756135940551758, 0.4988124370574951, 0.4988837242126465, 0.49625277519226074]
{'args': ((30, 0, slice(0, 960, None), slice(None, None, None)),), 'dataset shape': (40, 11, 1921, 2560), 'dataset chunks': (7, 1, 385, 512), 'indexing time (s)': 1.1920928955078125e-06, 'chunk number': 1650, 'reduction time (s)': 0.5064363479614258, 'chunks processed': 15, 'storage read (B)': 29670387, 'selection 2 time (s)': 0.512556791305542}
Thread times [0.25888752937316895, 0.2656519412994385, 0.28613734245300293, 0.2884097099304199, 0.30308055877685547, 0.3217957019805908, 0.31781935691833496, 0.3269221782684326, 0.33526086807250977, 0.3448679447174072, 0.34409475326538086, 0.35010218620300293, 0.36164259910583496, 0.3598029613494873, 0.37009477615356445]
{'args': ((31, 0, slice(0, 960, None), slice(None, None, None)),), 'dataset shape': (40, 11, 1921, 2560), 'dataset chunks': (7, 1, 385, 512), 'indexing time (s)': 9.5367431640625e-07, 'chunk number': 1650, 'reduction time (s)': 0.3754458427429199, 'chunks processed': 15, 'storage read (B)': 29670387, 'selection 2 time (s)': 0.3902707099914551}
Thread times [0.33707332611083984, 0.46720147132873535, 0.45264625549316406, 0.48454880714416504, 0.5154578685760498, 0.5156872272491455, 0.5270962715148926, 0.5438563823699951, 0.5332884788513184, 0.5494625568389893, 0.5667977333068848, 0.5514345169067383, 0.5599460601806641, 0.5716054439544678, 0.5674638748168945]
{'args': ((32, 0, slice(0, 960, None), slice(None, None, None)),), 'dataset shape': (40, 11, 1921, 2560), 'dataset chunks': (7, 1, 385, 512), 'indexing time (s)': 1.6689300537109375e-06, 'chunk number': 1650, 'reduction time (s)': 0.5901334285736084, 'chunks processed': 15, 'storage read (B)': 29670387, 'selection 2 time (s)': 0.6006805896759033}
Thread times [0.11475491523742676, 0.1373436450958252, 0.1391141414642334, 0.1677875518798828, 0.17455410957336426, 0.1768662929534912, 0.3775148391723633, 0.37366580963134766, 0.38382458686828613, 0.3852369785308838, 0.4020092487335205, 0.39179491996765137, 0.4189746379852295, 0.4171781539916992, 0.4177863597869873]
{'args': ((33, 0, slice(0, 960, None), slice(None, None, None)),), 'dataset shape': (40, 11, 1921, 2560), 'dataset chunks': (7, 1, 385, 512), 'indexing time (s)': 1.430511474609375e-06, 'chunk number': 1650, 'reduction time (s)': 0.4321920871734619, 'chunks processed': 15, 'storage read (B)': 29670387, 'selection 2 time (s)': 0.44075512886047363}
Thread times [0.15747666358947754, 0.38612961769104004, 0.4109933376312256, 0.46387624740600586, 0.4919726848602295, 0.5082259178161621, 0.5215227603912354, 0.5256590843200684, 0.5239043235778809, 0.5224723815917969, 0.5287139415740967, 0.5419137477874756, 0.5425841808319092, 0.552335262298584, 0.5522139072418213]
{'args': ((34, 0, slice(0, 960, None), slice(None, None, None)),), 'dataset shape': (40, 11, 1921, 2560), 'dataset chunks': (7, 1, 385, 512), 'indexing time (s)': 1.6689300537109375e-06, 'chunk number': 1650, 'reduction time (s)': 0.5710699558258057, 'chunks processed': 15, 'storage read (B)': 29670387, 'selection 2 time (s)': 0.5794167518615723}
Thread times [0.3103830814361572, 0.313079833984375, 0.325244665145874, 0.3235023021697998, 0.32245588302612305, 0.3424365520477295, 0.3393898010253906, 0.33904528617858887, 0.35056424140930176, 0.36374759674072266, 0.36254143714904785, 0.364804744720459, 0.38051342964172363, 0.3843255043029785, 0.38480639457702637]
{'args': ((35, 0, slice(0, 960, None), slice(None, None, None)),), 'dataset shape': (40, 11, 1921, 2560), 'dataset chunks': (7, 1, 385, 512), 'indexing time (s)': 1.430511474609375e-06, 'chunk number': 1650, 'reduction time (s)': 0.39351415634155273, 'chunks processed': 15, 'storage read (B)': 21287473, 'selection 2 time (s)': 0.4005923271179199}
Thread times [0.31965112686157227, 0.41595959663391113, 0.44246625900268555, 0.45040297508239746, 0.45702075958251953, 0.45993828773498535, 0.46515822410583496, 0.46051025390625, 0.45936036109924316, 0.46452903747558594, 0.4740011692047119, 0.48331451416015625, 0.4888441562652588, 0.4887878894805908, 0.4895639419555664]
{'args': ((36, 0, slice(0, 960, None), slice(None, None, None)),), 'dataset shape': (40, 11, 1921, 2560), 'dataset chunks': (7, 1, 385, 512), 'indexing time (s)': 1.430511474609375e-06, 'chunk number': 1650, 'reduction time (s)': 0.5037193298339844, 'chunks processed': 15, 'storage read (B)': 21287473, 'selection 2 time (s)': 0.5096142292022705}
Thread times [0.2662162780761719, 0.25891780853271484, 0.3342883586883545, 0.33339500427246094, 0.43865442276000977, 0.44147658348083496, 0.4474310874938965, 0.4573178291320801, 0.4541196823120117, 0.4584193229675293, 0.46900033950805664, 0.4664449691772461, 0.4687516689300537, 0.5190732479095459, 0.5245156288146973]
{'args': ((37, 0, slice(0, 960, None), slice(None, None, None)),), 'dataset shape': (40, 11, 1921, 2560), 'dataset chunks': (7, 1, 385, 512), 'indexing time (s)': 1.6689300537109375e-06, 'chunk number': 1650, 'reduction time (s)': 0.530224084854126, 'chunks processed': 15, 'storage read (B)': 21287473, 'selection 2 time (s)': 0.5363469123840332}
Thread times [0.13115835189819336, 0.25673365592956543, 0.25823211669921875, 0.2453460693359375, 0.2698354721069336, 0.271359920501709, 0.25990843772888184, 0.27234530448913574, 0.2759425640106201, 0.279754638671875, 0.2718226909637451, 0.2848470211029053, 0.28887248039245605, 0.2862060070037842, 0.3058481216430664]
{'args': ((38, 0, slice(0, 960, None), slice(None, None, None)),), 'dataset shape': (40, 11, 1921, 2560), 'dataset chunks': (7, 1, 385, 512), 'indexing time (s)': 1.1920928955078125e-06, 'chunk number': 1650, 'reduction time (s)': 0.3198890686035156, 'chunks processed': 15, 'storage read (B)': 21287473, 'selection 2 time (s)': 0.3260016441345215}
Thread times [0.20338201522827148, 0.3859577178955078, 0.3905808925628662, 0.3999176025390625, 0.39913034439086914, 0.4341166019439697, 0.4341318607330322, 0.4516274929046631, 0.45680975914001465, 0.45948314666748047, 0.46288371086120605, 0.4604647159576416, 0.47841811180114746, 0.47150492668151855, 0.48809337615966797]
{'args': ((39, 0, slice(0, 960, None), slice(None, None, None)),), 'dataset shape': (40, 11, 1921, 2560), 'dataset chunks': (7, 1, 385, 512), 'indexing time (s)': 9.5367431640625e-07, 'chunk number': 1650, 'reduction time (s)': 0.493793249130249, 'chunks processed': 15, 'storage read (B)': 21287473, 'selection 2 time (s)': 0.500105619430542}
[[226.07820312]
 [226.0646875 ]
 [225.93776042]
 [225.90822917]
 [225.91739583]
 [225.88460937]
 [225.82080729]
 [225.85434896]
 [225.98346354]
 [226.03822917]
 [226.01317708]
 [226.02335938]
 [226.03765625]
 [226.00486979]
 [225.91776042]
 [225.94033854]
 [225.98726562]
 [225.91450521]
 [225.81239583]
 [225.81890625]
 [225.8453125 ]
 [225.785     ]
 [225.63648438]
 [225.5565625 ]
 [225.45744792]
 [225.32382813]
 [225.16335937]
 [225.07789063]
 [225.07846354]
 [225.10666667]
 [225.17609375]
 [225.36867187]
 [225.57927083]
 [225.69083333]
 [225.7221875 ]
 [225.82369792]
 [225.93640625]
 [225.96763021]
 [225.91875   ]
 [225.92236979]]
Summary:  sci4-op-r1:Active (T100,BS5): 0.704s,20.68s,25.64s
