Dataset loaded from S3 with s3fs and Pyfive: bnl/ch330a.pc19790301-def.nc (0.021,0.43)
Thread times [0.15281224250793457, 0.20762372016906738, 0.20932745933532715, 0.24181604385375977, 0.2871980667114258, 0.2876429557800293, 0.3170928955078125, 0.33435487747192383, 0.3183412551879883, 0.31748127937316895, 0.34675097465515137, 0.3597726821899414, 0.3481597900390625, 0.352184534072876, 0.363889217376709]
{'load nc time': 0.49147701263427734, 'args': ((0, 0, slice(0, 960, None), slice(None, None, None)),), 'dataset shape': (40, 11, 1921, 2560), 'dataset chunks': (7, 1, 385, 512), 'indexing time (s)': 2.1095364093780518, 'chunk number': 1650, 'reduction time (s)': 0.4195101261138916, 'chunks processed': 15, 'storage read (B)': 29685482, 'selection 2 time (s)': 2.53590989112854}
Thread times [0.28804445266723633, 0.3164503574371338, 0.40197300910949707, 0.5073137283325195, 0.5527486801147461, 0.571727991104126, 0.5761497020721436, 0.5780112743377686, 0.5808415412902832, 0.5630137920379639, 0.5850515365600586, 0.5949201583862305, 0.6066787242889404, 0.6147942543029785, 0.6158075332641602]
{'args': ((1, 0, slice(0, 960, None), slice(None, None, None)),), 'dataset shape': (40, 11, 1921, 2560), 'dataset chunks': (7, 1, 385, 512), 'indexing time (s)': 1.1920928955078125e-06, 'chunk number': 1650, 'reduction time (s)': 0.6611552238464355, 'chunks processed': 15, 'storage read (B)': 29685482, 'selection 2 time (s)': 0.6685879230499268}
Thread times [0.17449522018432617, 0.2330777645111084, 0.2598693370819092, 0.4320840835571289, 0.4759340286254883, 0.4955935478210449, 0.5156354904174805, 0.5169222354888916, 0.5220928192138672, 0.5129995346069336, 0.5373685359954834, 0.5411520004272461, 0.5328569412231445, 0.5392162799835205, 0.5450422763824463]
{'args': ((2, 0, slice(0, 960, None), slice(None, None, None)),), 'dataset shape': (40, 11, 1921, 2560), 'dataset chunks': (7, 1, 385, 512), 'indexing time (s)': 1.430511474609375e-06, 'chunk number': 1650, 'reduction time (s)': 0.5647358894348145, 'chunks processed': 15, 'storage read (B)': 29685482, 'selection 2 time (s)': 0.571051836013794}
Thread times [0.2829866409301758, 0.3439819812774658, 0.36522912979125977, 0.4124743938446045, 0.4366645812988281, 0.45410919189453125, 0.4755735397338867, 0.47321128845214844, 0.4731001853942871, 0.4530165195465088, 0.4821512699127197, 0.48549842834472656, 0.4706838130950928, 0.47406673431396484, 0.5003035068511963]
{'args': ((3, 0, slice(0, 960, None), slice(None, None, None)),), 'dataset shape': (40, 11, 1921, 2560), 'dataset chunks': (7, 1, 385, 512), 'indexing time (s)': 1.430511474609375e-06, 'chunk number': 1650, 'reduction time (s)': 0.5204899311065674, 'chunks processed': 15, 'storage read (B)': 29685482, 'selection 2 time (s)': 0.5267951488494873}
Thread times [0.27876901626586914, 0.28128695487976074, 0.3979771137237549, 0.4001028537750244, 0.4546360969543457, 0.4732236862182617, 0.47853517532348633, 0.48112988471984863, 0.48363184928894043, 0.464308500289917, 0.4648439884185791, 0.5100162029266357, 0.5142855644226074, 0.4974944591522217, 0.5295686721801758]
{'args': ((4, 0, slice(0, 960, None), slice(None, None, None)),), 'dataset shape': (40, 11, 1921, 2560), 'dataset chunks': (7, 1, 385, 512), 'indexing time (s)': 1.1920928955078125e-06, 'chunk number': 1650, 'reduction time (s)': 0.5418872833251953, 'chunks processed': 15, 'storage read (B)': 29685482, 'selection 2 time (s)': 0.5482733249664307}
Thread times [0.08478331565856934, 0.08889389038085938, 0.11178803443908691, 0.11553359031677246, 0.3673439025878906, 0.432905912399292, 0.45542001724243164, 0.46378421783447266, 0.46321868896484375, 0.4682648181915283, 0.47417426109313965, 0.48987364768981934, 0.48642587661743164, 0.5026845932006836, 0.4999115467071533]
{'args': ((5, 0, slice(0, 960, None), slice(None, None, None)),), 'dataset shape': (40, 11, 1921, 2560), 'dataset chunks': (7, 1, 385, 512), 'indexing time (s)': 1.430511474609375e-06, 'chunk number': 1650, 'reduction time (s)': 0.5310337543487549, 'chunks processed': 15, 'storage read (B)': 29685482, 'selection 2 time (s)': 0.5386378765106201}
Thread times [0.40898966789245605, 0.4384629726409912, 0.5489804744720459, 0.571049690246582, 0.6183350086212158, 0.6182031631469727, 0.6164395809173584, 0.6303813457489014, 0.6365828514099121, 0.6446845531463623, 0.6578269004821777, 0.6722676753997803, 0.6776444911956787, 0.6794466972351074, 0.6909530162811279]
{'args': ((6, 0, slice(0, 960, None), slice(None, None, None)),), 'dataset shape': (40, 11, 1921, 2560), 'dataset chunks': (7, 1, 385, 512), 'indexing time (s)': 1.1920928955078125e-06, 'chunk number': 1650, 'reduction time (s)': 0.7506601810455322, 'chunks processed': 15, 'storage read (B)': 29685482, 'selection 2 time (s)': 0.7573230266571045}
Thread times [0.11202311515808105, 0.1133275032043457, 0.15949058532714844, 0.16765379905700684, 0.1701517105102539, 0.1593165397644043, 0.19243526458740234, 0.18001747131347656, 0.2788727283477783, 0.28101158142089844, 0.2763848304748535, 0.3027021884918213, 0.2968714237213135, 0.2796928882598877, 0.32806897163391113]
{'args': ((7, 0, slice(0, 960, None), slice(None, None, None)),), 'dataset shape': (40, 11, 1921, 2560), 'dataset chunks': (7, 1, 385, 512), 'indexing time (s)': 1.1920928955078125e-06, 'chunk number': 1650, 'reduction time (s)': 0.3369174003601074, 'chunks processed': 15, 'storage read (B)': 29701892, 'selection 2 time (s)': 0.3434615135192871}
Thread times [0.157853364944458, 0.2853372097015381, 0.33918046951293945, 0.42221975326538086, 0.4351167678833008, 0.43481922149658203, 0.4413595199584961, 0.44721126556396484, 0.45852184295654297, 0.45284414291381836, 0.4633767604827881, 0.47137880325317383, 0.4710984230041504, 0.4546940326690674, 0.496335506439209]
{'args': ((8, 0, slice(0, 960, None), slice(None, None, None)),), 'dataset shape': (40, 11, 1921, 2560), 'dataset chunks': (7, 1, 385, 512), 'indexing time (s)': 1.1920928955078125e-06, 'chunk number': 1650, 'reduction time (s)': 0.5053954124450684, 'chunks processed': 15, 'storage read (B)': 29701892, 'selection 2 time (s)': 0.5115261077880859}
Thread times [0.15567898750305176, 0.16739749908447266, 0.17508530616760254, 0.17775487899780273, 0.17864108085632324, 0.23127198219299316, 0.46524858474731445, 0.47513461112976074, 0.4791712760925293, 0.4919719696044922, 0.486691951751709, 0.4982895851135254, 0.5098416805267334, 0.510319709777832, 0.5162913799285889]
{'args': ((9, 0, slice(0, 960, None), slice(None, None, None)),), 'dataset shape': (40, 11, 1921, 2560), 'dataset chunks': (7, 1, 385, 512), 'indexing time (s)': 1.430511474609375e-06, 'chunk number': 1650, 'reduction time (s)': 0.5238902568817139, 'chunks processed': 15, 'storage read (B)': 29701892, 'selection 2 time (s)': 0.5301539897918701}
Thread times [0.08776473999023438, 0.13368749618530273, 0.13756895065307617, 0.13332319259643555, 0.23377323150634766, 0.3810389041900635, 0.4054880142211914, 0.40469884872436523, 0.40569329261779785, 0.4147205352783203, 0.422879695892334, 0.42871713638305664, 0.42626142501831055, 0.44347453117370605, 0.44928884506225586]
{'args': ((10, 0, slice(0, 960, None), slice(None, None, None)),), 'dataset shape': (40, 11, 1921, 2560), 'dataset chunks': (7, 1, 385, 512), 'indexing time (s)': 1.1920928955078125e-06, 'chunk number': 1650, 'reduction time (s)': 0.46164464950561523, 'chunks processed': 15, 'storage read (B)': 29701892, 'selection 2 time (s)': 0.46767306327819824}
Thread times [0.13911008834838867, 0.15030431747436523, 0.15393424034118652, 0.16160130500793457, 0.15635251998901367, 0.16623854637145996, 0.21368074417114258, 0.32735729217529297, 0.33980226516723633, 0.3437669277191162, 0.34676313400268555, 0.3460993766784668, 0.3616659641265869, 0.3627145290374756, 0.3920576572418213]
{'args': ((11, 0, slice(0, 960, None), slice(None, None, None)),), 'dataset shape': (40, 11, 1921, 2560), 'dataset chunks': (7, 1, 385, 512), 'indexing time (s)': 1.1920928955078125e-06, 'chunk number': 1650, 'reduction time (s)': 0.40664148330688477, 'chunks processed': 15, 'storage read (B)': 29701892, 'selection 2 time (s)': 0.41387486457824707}
Thread times [0.2791922092437744, 0.2790205478668213, 0.4605996608734131, 0.4729344844818115, 0.47535204887390137, 0.4669687747955322, 0.4781358242034912, 0.4924907684326172, 0.48726892471313477, 0.49653077125549316, 0.4984555244445801, 0.5017600059509277, 0.5110287666320801, 0.5218207836151123, 0.5189974308013916]
{'args': ((12, 0, slice(0, 960, None), slice(None, None, None)),), 'dataset shape': (40, 11, 1921, 2560), 'dataset chunks': (7, 1, 385, 512), 'indexing time (s)': 9.5367431640625e-07, 'chunk number': 1650, 'reduction time (s)': 0.5287785530090332, 'chunks processed': 15, 'storage read (B)': 29701892, 'selection 2 time (s)': 0.5351359844207764}
Thread times [0.3175079822540283, 0.3434326648712158, 0.4815075397491455, 0.4877355098724365, 0.49060606956481934, 0.5003752708435059, 0.5247619152069092, 0.6770327091217041, 0.676694393157959, 0.6524662971496582, 0.6953208446502686, 0.7001664638519287, 0.7023293972015381, 0.7132816314697266, 0.7098605632781982]
{'args': ((13, 0, slice(0, 960, None), slice(None, None, None)),), 'dataset shape': (40, 11, 1921, 2560), 'dataset chunks': (7, 1, 385, 512), 'indexing time (s)': 9.5367431640625e-07, 'chunk number': 1650, 'reduction time (s)': 0.721045970916748, 'chunks processed': 15, 'storage read (B)': 29701892, 'selection 2 time (s)': 0.7273612022399902}
Thread times [0.14556527137756348, 0.2626795768737793, 0.2731752395629883, 0.2912142276763916, 0.2993619441986084, 0.28433680534362793, 0.31199026107788086, 0.29510998725891113, 0.3242526054382324, 0.3419532775878906, 0.3469817638397217, 0.3417956829071045, 0.3462560176849365, 0.3460726737976074, 0.3597280979156494]
{'args': ((14, 0, slice(0, 960, None), slice(None, None, None)),), 'dataset shape': (40, 11, 1921, 2560), 'dataset chunks': (7, 1, 385, 512), 'indexing time (s)': 1.1920928955078125e-06, 'chunk number': 1650, 'reduction time (s)': 0.3885958194732666, 'chunks processed': 15, 'storage read (B)': 29733505, 'selection 2 time (s)': 0.3951737880706787}
Thread times [0.19439697265625, 0.43698883056640625, 0.45403194427490234, 0.46201157569885254, 0.47361278533935547, 0.4897923469543457, 0.4647047519683838, 0.4881880283355713, 0.5026748180389404, 0.48241734504699707, 0.4800865650177002, 0.5178852081298828, 0.5244762897491455, 0.5275137424468994, 0.5101354122161865]
{'args': ((15, 0, slice(0, 960, None), slice(None, None, None)),), 'dataset shape': (40, 11, 1921, 2560), 'dataset chunks': (7, 1, 385, 512), 'indexing time (s)': 9.5367431640625e-07, 'chunk number': 1650, 'reduction time (s)': 0.5625312328338623, 'chunks processed': 15, 'storage read (B)': 29733505, 'selection 2 time (s)': 0.5685994625091553}
Thread times [0.16241168975830078, 0.23565220832824707, 0.393848180770874, 0.39693403244018555, 0.4077150821685791, 0.4457132816314697, 0.4625256061553955, 0.46240830421447754, 0.4669961929321289, 0.4454007148742676, 0.4835164546966553, 0.4860355854034424, 0.49584293365478516, 0.4940500259399414, 0.5053224563598633]
{'args': ((16, 0, slice(0, 960, None), slice(None, None, None)),), 'dataset shape': (40, 11, 1921, 2560), 'dataset chunks': (7, 1, 385, 512), 'indexing time (s)': 1.430511474609375e-06, 'chunk number': 1650, 'reduction time (s)': 0.5134825706481934, 'chunks processed': 15, 'storage read (B)': 29733505, 'selection 2 time (s)': 0.519641637802124}
Thread times [0.3703420162200928, 0.46377110481262207, 0.48448801040649414, 0.5021212100982666, 0.5062768459320068, 0.5079250335693359, 0.525202751159668, 0.5250470638275146, 0.5291833877563477, 0.5388131141662598, 0.5329866409301758, 0.5410287380218506, 0.5457704067230225, 0.5537581443786621, 0.5621154308319092]
{'args': ((17, 0, slice(0, 960, None), slice(None, None, None)),), 'dataset shape': (40, 11, 1921, 2560), 'dataset chunks': (7, 1, 385, 512), 'indexing time (s)': 9.5367431640625e-07, 'chunk number': 1650, 'reduction time (s)': 0.5697274208068848, 'chunks processed': 15, 'storage read (B)': 29733505, 'selection 2 time (s)': 0.5759172439575195}
Thread times [0.3885037899017334, 0.41013503074645996, 0.5194289684295654, 0.520183801651001, 0.536553144454956, 0.53873610496521, 0.5406234264373779, 0.5398833751678467, 0.5538978576660156, 0.5549497604370117, 0.5690314769744873, 0.5683681964874268, 0.5753858089447021, 0.5849010944366455, 0.5884618759155273]
{'args': ((18, 0, slice(0, 960, None), slice(None, None, None)),), 'dataset shape': (40, 11, 1921, 2560), 'dataset chunks': (7, 1, 385, 512), 'indexing time (s)': 1.1920928955078125e-06, 'chunk number': 1650, 'reduction time (s)': 0.5942716598510742, 'chunks processed': 15, 'storage read (B)': 29733505, 'selection 2 time (s)': 0.6002850532531738}
Thread times [0.30678319931030273, 0.38904404640197754, 0.49459385871887207, 0.4994187355041504, 0.5177946090698242, 0.5358939170837402, 0.5194697380065918, 0.538740873336792, 0.539351224899292, 0.5543427467346191, 0.5485994815826416, 0.5585808753967285, 0.5556802749633789, 0.5583946704864502, 0.5596897602081299]
{'args': ((19, 0, slice(0, 960, None), slice(None, None, None)),), 'dataset shape': (40, 11, 1921, 2560), 'dataset chunks': (7, 1, 385, 512), 'indexing time (s)': 1.6689300537109375e-06, 'chunk number': 1650, 'reduction time (s)': 0.5905237197875977, 'chunks processed': 15, 'storage read (B)': 29733505, 'selection 2 time (s)': 0.5967540740966797}
Thread times [0.2547335624694824, 0.48531103134155273, 0.4904298782348633, 0.5007007122039795, 0.5034995079040527, 0.5078878402709961, 0.5054802894592285, 0.5168054103851318, 0.5031547546386719, 0.5175526142120361, 0.5165557861328125, 0.5220203399658203, 0.5403344631195068, 0.5537798404693604, 0.5465521812438965]
{'args': ((20, 0, slice(0, 960, None), slice(None, None, None)),), 'dataset shape': (40, 11, 1921, 2560), 'dataset chunks': (7, 1, 385, 512), 'indexing time (s)': 9.5367431640625e-07, 'chunk number': 1650, 'reduction time (s)': 0.5613610744476318, 'chunks processed': 15, 'storage read (B)': 29733505, 'selection 2 time (s)': 0.5673880577087402}
Thread times [0.09900355339050293, 0.11575055122375488, 0.16121554374694824, 0.18358373641967773, 0.2754218578338623, 0.3962669372558594, 0.4742283821105957, 0.504080057144165, 0.5028154850006104, 0.5113563537597656, 0.5154674053192139, 0.514685869216919, 0.5239033699035645, 0.535301923751831, 0.5328481197357178]
{'args': ((21, 0, slice(0, 960, None), slice(None, None, None)),), 'dataset shape': (40, 11, 1921, 2560), 'dataset chunks': (7, 1, 385, 512), 'indexing time (s)': 9.5367431640625e-07, 'chunk number': 1650, 'reduction time (s)': 0.5437865257263184, 'chunks processed': 15, 'storage read (B)': 29686785, 'selection 2 time (s)': 0.5501964092254639}
Thread times [0.1960747241973877, 0.2273426055908203, 0.23911786079406738, 0.23635625839233398, 0.24053359031677246, 0.24509525299072266, 0.2643864154815674, 0.258242130279541, 0.24924325942993164, 0.2936387062072754, 0.2983081340789795, 0.34612298011779785, 0.3961160182952881, 0.4712495803833008, 0.4786803722381592]
{'args': ((22, 0, slice(0, 960, None), slice(None, None, None)),), 'dataset shape': (40, 11, 1921, 2560), 'dataset chunks': (7, 1, 385, 512), 'indexing time (s)': 1.1920928955078125e-06, 'chunk number': 1650, 'reduction time (s)': 0.49792933464050293, 'chunks processed': 15, 'storage read (B)': 29686785, 'selection 2 time (s)': 0.5038557052612305}
Thread times [0.17467331886291504, 0.17649316787719727, 0.21604061126708984, 0.4612088203430176, 0.47161865234375, 0.4879014492034912, 0.4918642044067383, 0.5286340713500977, 0.5238728523254395, 0.5282618999481201, 0.5452737808227539, 0.5544173717498779, 0.5443775653839111, 0.5616393089294434, 0.568591833114624]
{'args': ((23, 0, slice(0, 960, None), slice(None, None, None)),), 'dataset shape': (40, 11, 1921, 2560), 'dataset chunks': (7, 1, 385, 512), 'indexing time (s)': 1.430511474609375e-06, 'chunk number': 1650, 'reduction time (s)': 0.5875990390777588, 'chunks processed': 15, 'storage read (B)': 29686785, 'selection 2 time (s)': 0.5945396423339844}
Thread times [0.18609356880187988, 0.3430953025817871, 0.4704322814941406, 0.563767671585083, 0.5697743892669678, 0.5891890525817871, 0.6091148853302002, 0.6230380535125732, 0.6356263160705566, 0.6380679607391357, 0.6448438167572021, 0.6592531204223633, 0.6556680202484131, 0.6919806003570557, 0.701819658279419]
{'args': ((24, 0, slice(0, 960, None), slice(None, None, None)),), 'dataset shape': (40, 11, 1921, 2560), 'dataset chunks': (7, 1, 385, 512), 'indexing time (s)': 1.430511474609375e-06, 'chunk number': 1650, 'reduction time (s)': 0.7135584354400635, 'chunks processed': 15, 'storage read (B)': 29686785, 'selection 2 time (s)': 0.7200667858123779}
Thread times [0.09385251998901367, 0.1716165542602539, 0.25413012504577637, 0.24366068840026855, 0.24740910530090332, 0.2659568786621094, 0.2763829231262207, 0.31893134117126465, 0.3216226100921631, 0.3239269256591797, 0.33304905891418457, 0.3256263732910156, 0.3463106155395508, 0.33880138397216797, 0.3525505065917969]
{'args': ((25, 0, slice(0, 960, None), slice(None, None, None)),), 'dataset shape': (40, 11, 1921, 2560), 'dataset chunks': (7, 1, 385, 512), 'indexing time (s)': 9.5367431640625e-07, 'chunk number': 1650, 'reduction time (s)': 0.38022375106811523, 'chunks processed': 15, 'storage read (B)': 29686785, 'selection 2 time (s)': 0.3864481449127197}
Thread times [0.0645749568939209, 0.12024712562561035, 0.11146306991577148, 0.15560531616210938, 0.17485547065734863, 0.18549180030822754, 0.3780510425567627, 0.465954065322876, 0.4570131301879883, 0.4721553325653076, 0.49811530113220215, 0.5080459117889404, 0.49948692321777344, 0.5234313011169434, 0.5105721950531006]
{'args': ((26, 0, slice(0, 960, None), slice(None, None, None)),), 'dataset shape': (40, 11, 1921, 2560), 'dataset chunks': (7, 1, 385, 512), 'indexing time (s)': 1.1920928955078125e-06, 'chunk number': 1650, 'reduction time (s)': 0.530097484588623, 'chunks processed': 15, 'storage read (B)': 29686785, 'selection 2 time (s)': 0.5361757278442383}
Thread times [0.34067296981811523, 0.3986508846282959, 0.4877302646636963, 0.5041978359222412, 0.5055370330810547, 0.5501353740692139, 0.5701870918273926, 0.5716657638549805, 0.5878100395202637, 0.5829801559448242, 0.5890669822692871, 0.6076550483703613, 0.6056215763092041, 0.6034450531005859, 0.6185829639434814]
{'args': ((27, 0, slice(0, 960, None), slice(None, None, None)),), 'dataset shape': (40, 11, 1921, 2560), 'dataset chunks': (7, 1, 385, 512), 'indexing time (s)': 9.5367431640625e-07, 'chunk number': 1650, 'reduction time (s)': 0.6303589344024658, 'chunks processed': 15, 'storage read (B)': 29686785, 'selection 2 time (s)': 0.6367437839508057}
Thread times [0.14420390129089355, 0.14929676055908203, 0.14505553245544434, 0.19659829139709473, 0.2025594711303711, 0.17735767364501953, 0.29636573791503906, 0.3954317569732666, 0.4107401371002197, 0.40854763984680176, 0.41994810104370117, 0.4126436710357666, 0.4036374092102051, 0.405576229095459, 0.42793703079223633]
{'args': ((28, 0, slice(0, 960, None), slice(None, None, None)),), 'dataset shape': (40, 11, 1921, 2560), 'dataset chunks': (7, 1, 385, 512), 'indexing time (s)': 1.1920928955078125e-06, 'chunk number': 1650, 'reduction time (s)': 0.49799466133117676, 'chunks processed': 15, 'storage read (B)': 29670387, 'selection 2 time (s)': 0.5042619705200195}
Thread times [0.2473289966583252, 0.3696310520172119, 0.5825223922729492, 0.590080976486206, 0.6298222541809082, 0.6285948753356934, 0.636873722076416, 0.6349000930786133, 0.6498875617980957, 0.6540787220001221, 0.6598975658416748, 0.6700150966644287, 0.6663868427276611, 0.6735842227935791, 0.6808822154998779]
{'args': ((29, 0, slice(0, 960, None), slice(None, None, None)),), 'dataset shape': (40, 11, 1921, 2560), 'dataset chunks': (7, 1, 385, 512), 'indexing time (s)': 9.5367431640625e-07, 'chunk number': 1650, 'reduction time (s)': 0.6918573379516602, 'chunks processed': 15, 'storage read (B)': 29670387, 'selection 2 time (s)': 0.6979584693908691}
Thread times [0.12203049659729004, 0.12520909309387207, 0.1322798728942871, 0.14326763153076172, 0.1685497760772705, 0.17201519012451172, 0.2605869770050049, 0.2738363742828369, 0.28139686584472656, 0.2955937385559082, 0.29840970039367676, 0.3267478942871094, 0.339702844619751, 0.3497602939605713, 0.3641505241394043]
{'args': ((30, 0, slice(0, 960, None), slice(None, None, None)),), 'dataset shape': (40, 11, 1921, 2560), 'dataset chunks': (7, 1, 385, 512), 'indexing time (s)': 1.1920928955078125e-06, 'chunk number': 1650, 'reduction time (s)': 0.3745558261871338, 'chunks processed': 15, 'storage read (B)': 29670387, 'selection 2 time (s)': 0.3807234764099121}
Thread times [0.21718907356262207, 0.2184743881225586, 0.22673916816711426, 0.2554759979248047, 0.2996368408203125, 0.30964064598083496, 0.2930178642272949, 0.31300973892211914, 0.3516359329223633, 0.35703325271606445, 0.35947442054748535, 0.33913469314575195, 0.3726787567138672, 0.37427520751953125, 0.3575005531311035]
{'args': ((31, 0, slice(0, 960, None), slice(None, None, None)),), 'dataset shape': (40, 11, 1921, 2560), 'dataset chunks': (7, 1, 385, 512), 'indexing time (s)': 9.5367431640625e-07, 'chunk number': 1650, 'reduction time (s)': 0.3885629177093506, 'chunks processed': 15, 'storage read (B)': 29670387, 'selection 2 time (s)': 0.3947296142578125}
Thread times [0.1251051425933838, 0.15189051628112793, 0.17841815948486328, 0.15444183349609375, 0.2005012035369873, 0.29810476303100586, 0.3026881217956543, 0.3572101593017578, 0.3762688636779785, 0.39427804946899414, 0.38948774337768555, 0.3925638198852539, 0.40408873558044434, 0.4014444351196289, 0.4198927879333496]
{'args': ((32, 0, slice(0, 960, None), slice(None, None, None)),), 'dataset shape': (40, 11, 1921, 2560), 'dataset chunks': (7, 1, 385, 512), 'indexing time (s)': 1.430511474609375e-06, 'chunk number': 1650, 'reduction time (s)': 0.43419384956359863, 'chunks processed': 15, 'storage read (B)': 29670387, 'selection 2 time (s)': 0.4403190612792969}
Thread times [0.2395322322845459, 0.33434033393859863, 0.30304384231567383, 0.3746187686920166, 0.39055919647216797, 0.39224958419799805, 0.3901705741882324, 0.38307976722717285, 0.3751840591430664, 0.40813231468200684, 0.3910195827484131, 0.394700288772583, 0.42473649978637695, 0.4348275661468506, 0.43804121017456055]
{'args': ((33, 0, slice(0, 960, None), slice(None, None, None)),), 'dataset shape': (40, 11, 1921, 2560), 'dataset chunks': (7, 1, 385, 512), 'indexing time (s)': 1.1920928955078125e-06, 'chunk number': 1650, 'reduction time (s)': 0.4450407028198242, 'chunks processed': 15, 'storage read (B)': 29670387, 'selection 2 time (s)': 0.4516017436981201}
Thread times [0.21209359169006348, 0.26198577880859375, 0.26641058921813965, 0.24413084983825684, 0.2749485969543457, 0.2854349613189697, 0.28650593757629395, 0.31101536750793457, 0.3789215087890625, 0.3840324878692627, 0.3872082233428955, 0.3876347541809082, 0.4121894836425781, 0.4349653720855713, 0.4220285415649414]
{'args': ((34, 0, slice(0, 960, None), slice(None, None, None)),), 'dataset shape': (40, 11, 1921, 2560), 'dataset chunks': (7, 1, 385, 512), 'indexing time (s)': 1.430511474609375e-06, 'chunk number': 1650, 'reduction time (s)': 0.4460132122039795, 'chunks processed': 15, 'storage read (B)': 29670387, 'selection 2 time (s)': 0.45517659187316895}
Thread times [0.17460083961486816, 0.2585320472717285, 0.2736799716949463, 0.2821493148803711, 0.3086879253387451, 0.30731654167175293, 0.31171107292175293, 0.3192329406738281, 0.31412649154663086, 0.3047909736633301, 0.32350707054138184, 0.32497119903564453, 0.3215293884277344, 0.3361246585845947, 0.33849644660949707]
{'args': ((35, 0, slice(0, 960, None), slice(None, None, None)),), 'dataset shape': (40, 11, 1921, 2560), 'dataset chunks': (7, 1, 385, 512), 'indexing time (s)': 1.1920928955078125e-06, 'chunk number': 1650, 'reduction time (s)': 0.3547642230987549, 'chunks processed': 15, 'storage read (B)': 21287473, 'selection 2 time (s)': 0.3621678352355957}
Thread times [0.24160981178283691, 0.25937700271606445, 0.2591280937194824, 0.316575288772583, 0.3235805034637451, 0.33425211906433105, 0.3472154140472412, 0.3457040786743164, 0.3405418395996094, 0.34772562980651855, 0.3399479389190674, 0.34203338623046875, 0.3707883358001709, 0.3501908779144287, 0.35973191261291504]
{'args': ((36, 0, slice(0, 960, None), slice(None, None, None)),), 'dataset shape': (40, 11, 1921, 2560), 'dataset chunks': (7, 1, 385, 512), 'indexing time (s)': 1.430511474609375e-06, 'chunk number': 1650, 'reduction time (s)': 0.3798208236694336, 'chunks processed': 15, 'storage read (B)': 21287473, 'selection 2 time (s)': 0.38619279861450195}
Thread times [0.2642941474914551, 0.3015773296356201, 0.3081533908843994, 0.32784247398376465, 0.3272733688354492, 0.3391571044921875, 0.34630513191223145, 0.3362448215484619, 0.35425877571105957, 0.34485912322998047, 0.35541319847106934, 0.3702852725982666, 0.3620936870574951, 0.37308478355407715, 0.3612377643585205]
{'args': ((37, 0, slice(0, 960, None), slice(None, None, None)),), 'dataset shape': (40, 11, 1921, 2560), 'dataset chunks': (7, 1, 385, 512), 'indexing time (s)': 1.1920928955078125e-06, 'chunk number': 1650, 'reduction time (s)': 0.3889350891113281, 'chunks processed': 15, 'storage read (B)': 21287473, 'selection 2 time (s)': 0.39766716957092285}
Thread times [0.0948483943939209, 0.09776425361633301, 0.1586921215057373, 0.16921353340148926, 0.178208589553833, 0.21304941177368164, 0.18785381317138672, 0.21732091903686523, 0.22287893295288086, 0.23361682891845703, 0.21006131172180176, 0.24533677101135254, 0.27861928939819336, 0.24883008003234863, 0.2915358543395996]
{'args': ((38, 0, slice(0, 960, None), slice(None, None, None)),), 'dataset shape': (40, 11, 1921, 2560), 'dataset chunks': (7, 1, 385, 512), 'indexing time (s)': 1.1920928955078125e-06, 'chunk number': 1650, 'reduction time (s)': 0.302126407623291, 'chunks processed': 15, 'storage read (B)': 21287473, 'selection 2 time (s)': 0.308610200881958}
Thread times [0.18393659591674805, 0.1970961093902588, 0.19851160049438477, 0.19632172584533691, 0.20647692680358887, 0.2079324722290039, 0.217942476272583, 0.22045254707336426, 0.2762274742126465, 0.2852783203125, 0.28192710876464844, 0.2815737724304199, 0.3060340881347656, 0.3124043941497803, 0.31616973876953125]
{'args': ((39, 0, slice(0, 960, None), slice(None, None, None)),), 'dataset shape': (40, 11, 1921, 2560), 'dataset chunks': (7, 1, 385, 512), 'indexing time (s)': 1.1920928955078125e-06, 'chunk number': 1650, 'reduction time (s)': 0.32360386848449707, 'chunks processed': 15, 'storage read (B)': 21287473, 'selection 2 time (s)': 0.32952189445495605}
[[226.07820312]
 [226.06471354]
 [225.93776042]
 [225.90822917]
 [225.91739583]
 [225.88460937]
 [225.82080729]
 [225.854375  ]
 [225.98346354]
 [226.03822917]
 [226.01320312]
 [226.02335938]
 [226.03768229]
 [226.00486979]
 [225.91776042]
 [225.94033854]
 [225.98726562]
 [225.91450521]
 [225.81236979]
 [225.81890625]
 [225.8453125 ]
 [225.785     ]
 [225.63645833]
 [225.5565625 ]
 [225.45744792]
 [225.32382813]
 [225.16338542]
 [225.07789063]
 [225.07846354]
 [225.10666667]
 [225.17606771]
 [225.36869792]
 [225.57927083]
 [225.69083333]
 [225.72223958]
 [225.82369792]
 [225.93640625]
 [225.96760417]
 [225.91872396]
 [225.92236979]]
Summary:  sci4-op-r1:Active (T100,BS1): 0.491s,20.17s,23.03s
