Dataset loaded from S3 with s3fs and Pyfive: bnl/ch330a.pc19790301-def.nc (0.025,0.32)
Thread times [0.2041466236114502, 0.25809431076049805, 0.29535818099975586, 0.3307230472564697, 0.3376197814941406, 0.3374593257904053, 0.3674626350402832, 0.39887046813964844, 0.4023604393005371, 0.40357327461242676, 0.40407490730285645, 0.4571394920349121, 0.45752835273742676, 0.48092222213745117, 0.48867273330688477]
{'load nc time': 0.3912642002105713, 'args': ((0, 0, slice(0, 960, None), slice(None, None, None)),), 'dataset shape': (40, 11, 1921, 2560), 'dataset chunks': (7, 1, 385, 512), 'indexing time (s)': 1.8709001541137695, 'chunk number': 1650, 'reduction time (s)': 0.4936339855194092, 'chunks processed': 15, 'storage read (B)': 29685482, 'selection 1 time (s)': 2.364712715148926}
Thread times [0.0294339656829834, 0.31363749504089355, 0.33002328872680664, 0.3370356559753418, 0.38496947288513184, 0.38794493675231934, 0.3904900550842285, 0.3977944850921631, 0.4035813808441162, 0.40949535369873047, 0.41051697731018066, 0.4674828052520752, 0.47101640701293945, 0.4746968746185303, 0.4780428409576416]
{'args': ((1, 0, slice(0, 960, None), slice(None, None, None)),), 'dataset shape': (40, 11, 1921, 2560), 'dataset chunks': (7, 1, 385, 512), 'indexing time (s)': 9.5367431640625e-07, 'chunk number': 1650, 'reduction time (s)': 0.481839656829834, 'chunks processed': 15, 'storage read (B)': 29685482, 'selection 1 time (s)': 0.48201751708984375}
Thread times [0.02924513816833496, 0.2257699966430664, 0.2423725128173828, 0.24614238739013672, 0.2516744136810303, 0.2600138187408447, 0.28000378608703613, 0.286914587020874, 0.2987501621246338, 0.5750629901885986, 0.5899391174316406, 0.62359619140625, 0.6343693733215332, 0.635418176651001, 0.6395769119262695]
{'args': ((2, 0, slice(0, 960, None), slice(None, None, None)),), 'dataset shape': (40, 11, 1921, 2560), 'dataset chunks': (7, 1, 385, 512), 'indexing time (s)': 1.430511474609375e-06, 'chunk number': 1650, 'reduction time (s)': 0.6453983783721924, 'chunks processed': 15, 'storage read (B)': 29685482, 'selection 1 time (s)': 0.6455848217010498}
Thread times [0.02977299690246582, 0.2523026466369629, 0.2579774856567383, 0.2939765453338623, 0.3330821990966797, 0.33754682540893555, 0.38361263275146484, 0.38731956481933594, 0.3913993835449219, 0.43207454681396484, 0.43639087677001953, 0.449627161026001, 0.45404601097106934, 0.46074819564819336, 0.47010231018066406]
{'args': ((3, 0, slice(0, 960, None), slice(None, None, None)),), 'dataset shape': (40, 11, 1921, 2560), 'dataset chunks': (7, 1, 385, 512), 'indexing time (s)': 1.1920928955078125e-06, 'chunk number': 1650, 'reduction time (s)': 0.4781918525695801, 'chunks processed': 15, 'storage read (B)': 29685482, 'selection 1 time (s)': 0.47847986221313477}
Thread times [0.029424667358398438, 0.1758580207824707, 0.24747467041015625, 0.40435361862182617, 0.4433743953704834, 0.475308895111084, 0.48659825325012207, 0.5160980224609375, 0.5199933052062988, 0.5654654502868652, 0.5708968639373779, 0.5728244781494141, 0.5737590789794922, 0.5819840431213379, 0.5915641784667969]
{'args': ((4, 0, slice(0, 960, None), slice(None, None, None)),), 'dataset shape': (40, 11, 1921, 2560), 'dataset chunks': (7, 1, 385, 512), 'indexing time (s)': 3.337860107421875e-06, 'chunk number': 1650, 'reduction time (s)': 0.5980186462402344, 'chunks processed': 15, 'storage read (B)': 29685482, 'selection 1 time (s)': 0.5983664989471436}
Thread times [0.029950618743896484, 0.2236778736114502, 0.23296260833740234, 0.234633207321167, 0.24996137619018555, 0.2493443489074707, 0.27593159675598145, 0.31135129928588867, 0.36944103240966797, 0.5007929801940918, 0.5190064907073975, 0.5413148403167725, 0.5452001094818115, 0.5833187103271484, 0.585381269454956]
{'args': ((5, 0, slice(0, 960, None), slice(None, None, None)),), 'dataset shape': (40, 11, 1921, 2560), 'dataset chunks': (7, 1, 385, 512), 'indexing time (s)': 1.1920928955078125e-06, 'chunk number': 1650, 'reduction time (s)': 0.590195894241333, 'chunks processed': 15, 'storage read (B)': 29685482, 'selection 1 time (s)': 0.5903925895690918}
Thread times [0.03519463539123535, 0.10988116264343262, 0.13527798652648926, 0.3009622097015381, 0.29770708084106445, 0.37447619438171387, 0.36775755882263184, 0.377777099609375, 0.3967013359069824, 0.4385952949523926, 0.4422428607940674, 0.4432351589202881, 0.4914548397064209, 0.49054908752441406, 0.4926414489746094]
{'args': ((6, 0, slice(0, 960, None), slice(None, None, None)),), 'dataset shape': (40, 11, 1921, 2560), 'dataset chunks': (7, 1, 385, 512), 'indexing time (s)': 1.1920928955078125e-06, 'chunk number': 1650, 'reduction time (s)': 0.4958515167236328, 'chunks processed': 15, 'storage read (B)': 29685482, 'selection 1 time (s)': 0.4960594177246094}
Thread times [0.458324670791626, 0.4589717388153076, 0.5063655376434326, 0.5075039863586426, 0.5404195785522461, 0.54964280128479, 0.5542352199554443, 0.5630402565002441, 0.5639219284057617, 0.5984165668487549, 0.6257045269012451, 0.6909511089324951, 0.717557430267334, 0.7209796905517578, 1.0374033451080322]
{'args': ((7, 0, slice(0, 960, None), slice(None, None, None)),), 'dataset shape': (40, 11, 1921, 2560), 'dataset chunks': (7, 1, 385, 512), 'indexing time (s)': 1.430511474609375e-06, 'chunk number': 1650, 'reduction time (s)': 1.0447449684143066, 'chunks processed': 15, 'storage read (B)': 29701892, 'selection 1 time (s)': 1.0449345111846924}
Thread times [0.03293728828430176, 0.2395777702331543, 0.2447807788848877, 0.2545506954193115, 0.26267409324645996, 0.2823212146759033, 0.29678845405578613, 0.3034703731536865, 0.3165867328643799, 0.46730566024780273, 0.5142738819122314, 0.5313172340393066, 0.5346090793609619, 0.5426082611083984, 0.5602235794067383]
{'args': ((8, 0, slice(0, 960, None), slice(None, None, None)),), 'dataset shape': (40, 11, 1921, 2560), 'dataset chunks': (7, 1, 385, 512), 'indexing time (s)': 9.5367431640625e-07, 'chunk number': 1650, 'reduction time (s)': 0.5666992664337158, 'chunks processed': 15, 'storage read (B)': 29701892, 'selection 1 time (s)': 0.5668892860412598}
Thread times [0.03411436080932617, 0.5315203666687012, 0.5598189830780029, 0.5743575096130371, 0.5938701629638672, 0.594245433807373, 0.6169776916503906, 0.6451363563537598, 0.6466028690338135, 0.6492505073547363, 0.6541590690612793, 0.6670646667480469, 0.8535785675048828, 0.856395959854126, 0.8739275932312012]
{'args': ((9, 0, slice(0, 960, None), slice(None, None, None)),), 'dataset shape': (40, 11, 1921, 2560), 'dataset chunks': (7, 1, 385, 512), 'indexing time (s)': 9.5367431640625e-07, 'chunk number': 1650, 'reduction time (s)': 0.8837225437164307, 'chunks processed': 15, 'storage read (B)': 29701892, 'selection 1 time (s)': 0.8839020729064941}
Thread times [0.03210186958312988, 0.11577033996582031, 0.18028950691223145, 0.19724035263061523, 0.25370311737060547, 0.25844907760620117, 0.3128962516784668, 0.39139652252197266, 0.4013521671295166, 0.4457688331604004, 0.4479351043701172, 0.4868650436401367, 0.4964406490325928, 0.49777746200561523, 0.5009708404541016]
{'args': ((10, 0, slice(0, 960, None), slice(None, None, None)),), 'dataset shape': (40, 11, 1921, 2560), 'dataset chunks': (7, 1, 385, 512), 'indexing time (s)': 7.152557373046875e-07, 'chunk number': 1650, 'reduction time (s)': 0.5063667297363281, 'chunks processed': 15, 'storage read (B)': 29701892, 'selection 1 time (s)': 0.5065467357635498}
Thread times [0.03171682357788086, 0.08470368385314941, 0.1858386993408203, 0.21923327445983887, 0.23510408401489258, 0.23660540580749512, 0.2475900650024414, 0.2495408058166504, 0.2897837162017822, 0.29886674880981445, 0.320711612701416, 0.3283836841583252, 0.4099581241607666, 0.41609716415405273, 0.4190177917480469]
{'args': ((11, 0, slice(0, 960, None), slice(None, None, None)),), 'dataset shape': (40, 11, 1921, 2560), 'dataset chunks': (7, 1, 385, 512), 'indexing time (s)': 1.6689300537109375e-06, 'chunk number': 1650, 'reduction time (s)': 0.42876529693603516, 'chunks processed': 15, 'storage read (B)': 29701892, 'selection 1 time (s)': 0.4289979934692383}
Thread times [0.02910327911376953, 0.45879077911376953, 0.49029111862182617, 0.532113790512085, 0.5328779220581055, 0.5369713306427002, 0.5513730049133301, 0.5668129920959473, 0.5804617404937744, 0.5842299461364746, 0.5923981666564941, 0.6433405876159668, 0.7181398868560791, 0.7538249492645264, 0.759113073348999]
{'args': ((12, 0, slice(0, 960, None), slice(None, None, None)),), 'dataset shape': (40, 11, 1921, 2560), 'dataset chunks': (7, 1, 385, 512), 'indexing time (s)': 1.1920928955078125e-06, 'chunk number': 1650, 'reduction time (s)': 0.7683649063110352, 'chunks processed': 15, 'storage read (B)': 29701892, 'selection 1 time (s)': 0.7685554027557373}
Thread times [0.027718067169189453, 0.4637141227722168, 0.49160170555114746, 0.5057260990142822, 0.5062875747680664, 0.5727684497833252, 0.5864801406860352, 0.5908217430114746, 0.590174674987793, 0.5912120342254639, 0.5959963798522949, 0.6122088432312012, 0.6454982757568359, 0.6571996212005615, 0.6609025001525879]
{'args': ((13, 0, slice(0, 960, None), slice(None, None, None)),), 'dataset shape': (40, 11, 1921, 2560), 'dataset chunks': (7, 1, 385, 512), 'indexing time (s)': 1.1920928955078125e-06, 'chunk number': 1650, 'reduction time (s)': 0.6667275428771973, 'chunks processed': 15, 'storage read (B)': 29701892, 'selection 1 time (s)': 0.6669111251831055}
Thread times [0.1391124725341797, 0.14243769645690918, 0.26740312576293945, 0.26911401748657227, 0.34839892387390137, 0.349245548248291, 0.36225295066833496, 0.3737320899963379, 0.37690186500549316, 0.39562320709228516, 0.4102184772491455, 0.41696834564208984, 0.4331982135772705, 0.43619656562805176, 0.4564394950866699]
{'args': ((14, 0, slice(0, 960, None), slice(None, None, None)),), 'dataset shape': (40, 11, 1921, 2560), 'dataset chunks': (7, 1, 385, 512), 'indexing time (s)': 9.5367431640625e-07, 'chunk number': 1650, 'reduction time (s)': 0.4629020690917969, 'chunks processed': 15, 'storage read (B)': 29733505, 'selection 1 time (s)': 0.4630880355834961}
Thread times [0.030793190002441406, 0.1525566577911377, 0.16434621810913086, 0.16441679000854492, 0.23048019409179688, 0.2511265277862549, 0.2524244785308838, 0.34210801124572754, 0.3689131736755371, 0.41594386100769043, 0.4357588291168213, 0.4348587989807129, 0.44919300079345703, 0.4648411273956299, 0.47631072998046875]
{'args': ((15, 0, slice(0, 960, None), slice(None, None, None)),), 'dataset shape': (40, 11, 1921, 2560), 'dataset chunks': (7, 1, 385, 512), 'indexing time (s)': 2.6226043701171875e-06, 'chunk number': 1650, 'reduction time (s)': 0.48420047760009766, 'chunks processed': 15, 'storage read (B)': 29733505, 'selection 1 time (s)': 0.4845700263977051}
Thread times [0.029770612716674805, 0.10880041122436523, 0.15180563926696777, 0.16983437538146973, 0.191544771194458, 0.19768118858337402, 0.20589208602905273, 0.2353067398071289, 0.3308370113372803, 0.3308277130126953, 0.3417785167694092, 0.3411548137664795, 0.34686279296875, 0.3444218635559082, 0.35178208351135254]
{'args': ((16, 0, slice(0, 960, None), slice(None, None, None)),), 'dataset shape': (40, 11, 1921, 2560), 'dataset chunks': (7, 1, 385, 512), 'indexing time (s)': 1.430511474609375e-06, 'chunk number': 1650, 'reduction time (s)': 0.3571188449859619, 'chunks processed': 15, 'storage read (B)': 29733505, 'selection 1 time (s)': 0.3573174476623535}
Thread times [0.03019428253173828, 0.24649667739868164, 0.26163363456726074, 0.27222681045532227, 0.3157050609588623, 0.3224935531616211, 0.32639050483703613, 0.3288612365722656, 0.36281895637512207, 0.37050700187683105, 0.37035226821899414, 0.385394811630249, 0.40871691703796387, 0.4147660732269287, 0.41912412643432617]
{'args': ((17, 0, slice(0, 960, None), slice(None, None, None)),), 'dataset shape': (40, 11, 1921, 2560), 'dataset chunks': (7, 1, 385, 512), 'indexing time (s)': 9.5367431640625e-07, 'chunk number': 1650, 'reduction time (s)': 0.4265129566192627, 'chunks processed': 15, 'storage read (B)': 29733505, 'selection 1 time (s)': 0.4266927242279053}
Thread times [0.0313267707824707, 0.4027678966522217, 0.40329885482788086, 0.43796634674072266, 0.4529595375061035, 0.4699268341064453, 0.4830770492553711, 0.4864835739135742, 0.48868250846862793, 0.4932267665863037, 0.5250797271728516, 0.538607120513916, 0.5667290687561035, 0.5697629451751709, 0.570990800857544]
{'args': ((18, 0, slice(0, 960, None), slice(None, None, None)),), 'dataset shape': (40, 11, 1921, 2560), 'dataset chunks': (7, 1, 385, 512), 'indexing time (s)': 1.1920928955078125e-06, 'chunk number': 1650, 'reduction time (s)': 0.5751309394836426, 'chunks processed': 15, 'storage read (B)': 29733505, 'selection 1 time (s)': 0.5753097534179688}
Thread times [0.03000044822692871, 0.3591644763946533, 0.41324687004089355, 0.41437816619873047, 0.41819095611572266, 0.42058491706848145, 0.4192342758178711, 0.4403834342956543, 0.4633662700653076, 0.4657914638519287, 0.4694228172302246, 0.4825749397277832, 0.5158650875091553, 0.5224018096923828, 0.5305757522583008]
{'args': ((19, 0, slice(0, 960, None), slice(None, None, None)),), 'dataset shape': (40, 11, 1921, 2560), 'dataset chunks': (7, 1, 385, 512), 'indexing time (s)': 1.1920928955078125e-06, 'chunk number': 1650, 'reduction time (s)': 0.5371723175048828, 'chunks processed': 15, 'storage read (B)': 29733505, 'selection 1 time (s)': 0.5373883247375488}
Thread times [0.030213356018066406, 0.12746143341064453, 0.19571185111999512, 0.27902936935424805, 0.350569486618042, 0.3602104187011719, 0.38367772102355957, 0.39033055305480957, 0.40471601486206055, 0.40868210792541504, 0.4081892967224121, 0.41776227951049805, 0.4450814723968506, 0.45210766792297363, 0.45980000495910645]
{'args': ((20, 0, slice(0, 960, None), slice(None, None, None)),), 'dataset shape': (40, 11, 1921, 2560), 'dataset chunks': (7, 1, 385, 512), 'indexing time (s)': 1.1920928955078125e-06, 'chunk number': 1650, 'reduction time (s)': 0.4651968479156494, 'chunks processed': 15, 'storage read (B)': 29733505, 'selection 1 time (s)': 0.4653782844543457}
Thread times [0.44495058059692383, 0.46139073371887207, 0.5153968334197998, 0.5213637351989746, 0.5251235961914062, 0.5312280654907227, 0.5325334072113037, 0.5356464385986328, 0.5622611045837402, 0.5629217624664307, 0.5901663303375244, 0.5939853191375732, 0.7467296123504639, 0.7478854656219482, 0.7515115737915039]
{'args': ((21, 0, slice(0, 960, None), slice(None, None, None)),), 'dataset shape': (40, 11, 1921, 2560), 'dataset chunks': (7, 1, 385, 512), 'indexing time (s)': 9.5367431640625e-07, 'chunk number': 1650, 'reduction time (s)': 0.7556381225585938, 'chunks processed': 15, 'storage read (B)': 29686785, 'selection 1 time (s)': 0.7558145523071289}
Thread times [0.030816316604614258, 0.20086455345153809, 0.2100203037261963, 0.24628400802612305, 0.26471424102783203, 0.2700159549713135, 0.27275919914245605, 0.2778282165527344, 0.2966616153717041, 0.3233809471130371, 0.3263869285583496, 0.3380753993988037, 0.34867143630981445, 0.4693477153778076, 0.47051191329956055]
{'args': ((22, 0, slice(0, 960, None), slice(None, None, None)),), 'dataset shape': (40, 11, 1921, 2560), 'dataset chunks': (7, 1, 385, 512), 'indexing time (s)': 9.5367431640625e-07, 'chunk number': 1650, 'reduction time (s)': 0.47780299186706543, 'chunks processed': 15, 'storage read (B)': 29686785, 'selection 1 time (s)': 0.477977991104126}
Thread times [0.029253005981445312, 0.12294936180114746, 0.18706655502319336, 0.1903390884399414, 0.20276618003845215, 0.2460017204284668, 0.24355483055114746, 0.2766289710998535, 0.33237767219543457, 0.33295249938964844, 0.3683736324310303, 0.36646127700805664, 0.38770079612731934, 0.38579797744750977, 0.4061126708984375]
{'args': ((23, 0, slice(0, 960, None), slice(None, None, None)),), 'dataset shape': (40, 11, 1921, 2560), 'dataset chunks': (7, 1, 385, 512), 'indexing time (s)': 1.6689300537109375e-06, 'chunk number': 1650, 'reduction time (s)': 0.41201210021972656, 'chunks processed': 15, 'storage read (B)': 29686785, 'selection 1 time (s)': 0.41219019889831543}
Thread times [0.029644012451171875, 0.18247389793395996, 0.27886438369750977, 0.308927059173584, 0.344649076461792, 0.40357398986816406, 0.41614413261413574, 0.41820502281188965, 0.4537489414215088, 0.4768548011779785, 0.4757046699523926, 0.47557783126831055, 0.5126223564147949, 0.5153236389160156, 0.5173726081848145]
{'args': ((24, 0, slice(0, 960, None), slice(None, None, None)),), 'dataset shape': (40, 11, 1921, 2560), 'dataset chunks': (7, 1, 385, 512), 'indexing time (s)': 1.1920928955078125e-06, 'chunk number': 1650, 'reduction time (s)': 0.5220792293548584, 'chunks processed': 15, 'storage read (B)': 29686785, 'selection 1 time (s)': 0.522261381149292}
Thread times [0.030543804168701172, 0.22501397132873535, 0.22741460800170898, 0.23080134391784668, 0.23394441604614258, 0.28342175483703613, 0.2847564220428467, 0.3008911609649658, 0.3125154972076416, 0.3407111167907715, 0.3524353504180908, 0.360903263092041, 0.3591585159301758, 0.39907145500183105, 0.43444108963012695]
{'args': ((25, 0, slice(0, 960, None), slice(None, None, None)),), 'dataset shape': (40, 11, 1921, 2560), 'dataset chunks': (7, 1, 385, 512), 'indexing time (s)': 9.5367431640625e-07, 'chunk number': 1650, 'reduction time (s)': 0.4430809020996094, 'chunks processed': 15, 'storage read (B)': 29686785, 'selection 1 time (s)': 0.4432835578918457}
Thread times [0.02956247329711914, 0.39833950996398926, 0.44142818450927734, 0.4428067207336426, 0.4569683074951172, 0.4603745937347412, 0.4818863868713379, 0.48929452896118164, 0.4928762912750244, 0.5054636001586914, 0.5069513320922852, 0.535820484161377, 0.6398797035217285, 0.6583874225616455, 0.6655914783477783]
{'args': ((26, 0, slice(0, 960, None), slice(None, None, None)),), 'dataset shape': (40, 11, 1921, 2560), 'dataset chunks': (7, 1, 385, 512), 'indexing time (s)': 1.1920928955078125e-06, 'chunk number': 1650, 'reduction time (s)': 0.6723825931549072, 'chunks processed': 15, 'storage read (B)': 29686785, 'selection 1 time (s)': 0.6726584434509277}
Thread times [0.032980918884277344, 0.3808777332305908, 0.38332319259643555, 0.3955192565917969, 0.4264857769012451, 0.42885875701904297, 0.4465293884277344, 0.45628929138183594, 0.46905970573425293, 0.46942782402038574, 0.4731435775756836, 0.5158584117889404, 0.5186669826507568, 0.5913357734680176, 0.5904669761657715]
{'args': ((27, 0, slice(0, 960, None), slice(None, None, None)),), 'dataset shape': (40, 11, 1921, 2560), 'dataset chunks': (7, 1, 385, 512), 'indexing time (s)': 3.0994415283203125e-06, 'chunk number': 1650, 'reduction time (s)': 0.60207200050354, 'chunks processed': 15, 'storage read (B)': 29686785, 'selection 1 time (s)': 0.60247802734375}
Thread times [0.2505154609680176, 0.2518188953399658, 0.27337646484375, 0.28643059730529785, 0.3060615062713623, 0.3070054054260254, 0.3123495578765869, 0.33345484733581543, 0.3473198413848877, 0.3491475582122803, 0.3634021282196045, 0.40138816833496094, 0.42774200439453125, 0.4593803882598877, 0.47529172897338867]
{'args': ((28, 0, slice(0, 960, None), slice(None, None, None)),), 'dataset shape': (40, 11, 1921, 2560), 'dataset chunks': (7, 1, 385, 512), 'indexing time (s)': 9.5367431640625e-07, 'chunk number': 1650, 'reduction time (s)': 0.48108386993408203, 'chunks processed': 15, 'storage read (B)': 29670387, 'selection 1 time (s)': 0.48127055168151855}
Thread times [0.03131675720214844, 0.09877133369445801, 0.18293333053588867, 0.20675921440124512, 0.21125102043151855, 0.24277591705322266, 0.2544517517089844, 0.2908003330230713, 0.2918572425842285, 0.3065531253814697, 0.3054182529449463, 0.3489949703216553, 0.3453066349029541, 0.35204315185546875, 0.3593313694000244]
{'args': ((29, 0, slice(0, 960, None), slice(None, None, None)),), 'dataset shape': (40, 11, 1921, 2560), 'dataset chunks': (7, 1, 385, 512), 'indexing time (s)': 1.1920928955078125e-06, 'chunk number': 1650, 'reduction time (s)': 0.3634340763092041, 'chunks processed': 15, 'storage read (B)': 29670387, 'selection 1 time (s)': 0.36362481117248535}
Thread times [0.034807443618774414, 0.20140719413757324, 0.19863510131835938, 0.2204444408416748, 0.2358558177947998, 0.2667198181152344, 0.2680857181549072, 0.2701079845428467, 0.27591776847839355, 0.2909092903137207, 0.31541872024536133, 0.352308988571167, 0.3677480220794678, 0.3678719997406006, 0.45317554473876953]
{'args': ((30, 0, slice(0, 960, None), slice(None, None, None)),), 'dataset shape': (40, 11, 1921, 2560), 'dataset chunks': (7, 1, 385, 512), 'indexing time (s)': 9.5367431640625e-07, 'chunk number': 1650, 'reduction time (s)': 0.4622678756713867, 'chunks processed': 15, 'storage read (B)': 29670387, 'selection 1 time (s)': 0.46245288848876953}
Thread times [0.030686140060424805, 0.2184886932373047, 0.2219250202178955, 0.3069601058959961, 0.32497382164001465, 0.3484501838684082, 0.357588529586792, 0.36296653747558594, 0.3723738193511963, 0.3814678192138672, 0.42859864234924316, 0.42972636222839355, 0.42755770683288574, 0.430983304977417, 0.44609713554382324]
{'args': ((31, 0, slice(0, 960, None), slice(None, None, None)),), 'dataset shape': (40, 11, 1921, 2560), 'dataset chunks': (7, 1, 385, 512), 'indexing time (s)': 1.1920928955078125e-06, 'chunk number': 1650, 'reduction time (s)': 0.455643892288208, 'chunks processed': 15, 'storage read (B)': 29670387, 'selection 1 time (s)': 0.4558568000793457}
Thread times [0.030277729034423828, 0.15654492378234863, 0.15930509567260742, 0.1699385643005371, 0.2143700122833252, 0.2447197437286377, 0.27463483810424805, 0.27291059494018555, 0.2947375774383545, 0.2959892749786377, 0.29715609550476074, 0.3204658031463623, 0.3371124267578125, 0.36716461181640625, 0.3726036548614502]
{'args': ((32, 0, slice(0, 960, None), slice(None, None, None)),), 'dataset shape': (40, 11, 1921, 2560), 'dataset chunks': (7, 1, 385, 512), 'indexing time (s)': 1.430511474609375e-06, 'chunk number': 1650, 'reduction time (s)': 0.40125155448913574, 'chunks processed': 15, 'storage read (B)': 29670387, 'selection 1 time (s)': 0.4014394283294678}
Thread times [0.029780149459838867, 0.3042416572570801, 0.30504775047302246, 0.30643749237060547, 0.3243238925933838, 0.33687663078308105, 0.34568238258361816, 0.36392807960510254, 0.3640773296356201, 0.3759281635284424, 0.38344740867614746, 0.44044065475463867, 0.45270442962646484, 0.46862196922302246, 0.4663736820220947]
{'args': ((33, 0, slice(0, 960, None), slice(None, None, None)),), 'dataset shape': (40, 11, 1921, 2560), 'dataset chunks': (7, 1, 385, 512), 'indexing time (s)': 1.1920928955078125e-06, 'chunk number': 1650, 'reduction time (s)': 0.4746682643890381, 'chunks processed': 15, 'storage read (B)': 29670387, 'selection 1 time (s)': 0.47488856315612793}
Thread times [0.029636144638061523, 0.15232419967651367, 0.1606440544128418, 0.1753218173980713, 0.1890087127685547, 0.19800519943237305, 0.21690988540649414, 0.2308216094970703, 0.23686575889587402, 0.25632715225219727, 0.2547788619995117, 0.27183008193969727, 0.38044166564941406, 0.38172340393066406, 0.38293004035949707]
{'args': ((34, 0, slice(0, 960, None), slice(None, None, None)),), 'dataset shape': (40, 11, 1921, 2560), 'dataset chunks': (7, 1, 385, 512), 'indexing time (s)': 1.9073486328125e-06, 'chunk number': 1650, 'reduction time (s)': 0.39108991622924805, 'chunks processed': 15, 'storage read (B)': 29670387, 'selection 1 time (s)': 0.3913271427154541}
Thread times [0.13109064102172852, 0.131666898727417, 0.1702253818511963, 0.20213103294372559, 0.2503361701965332, 0.27492547035217285, 0.27510952949523926, 0.27887511253356934, 0.3052027225494385, 0.319225549697876, 0.32019639015197754, 0.3413074016571045, 0.35875678062438965, 0.359419584274292, 0.36024022102355957]
{'args': ((35, 0, slice(0, 960, None), slice(None, None, None)),), 'dataset shape': (40, 11, 1921, 2560), 'dataset chunks': (7, 1, 385, 512), 'indexing time (s)': 1.430511474609375e-06, 'chunk number': 1650, 'reduction time (s)': 0.36623549461364746, 'chunks processed': 15, 'storage read (B)': 21287473, 'selection 1 time (s)': 0.366530179977417}
Thread times [0.027411222457885742, 0.09421420097351074, 0.13076305389404297, 0.13094019889831543, 0.18828511238098145, 0.18919038772583008, 0.2367691993713379, 0.24198698997497559, 0.26302409172058105, 0.2875633239746094, 0.2953922748565674, 0.296903133392334, 0.3004019260406494, 0.30278635025024414, 0.29993104934692383]
{'args': ((36, 0, slice(0, 960, None), slice(None, None, None)),), 'dataset shape': (40, 11, 1921, 2560), 'dataset chunks': (7, 1, 385, 512), 'indexing time (s)': 1.1920928955078125e-06, 'chunk number': 1650, 'reduction time (s)': 0.30628395080566406, 'chunks processed': 15, 'storage read (B)': 21287473, 'selection 1 time (s)': 0.3064732551574707}
Thread times [0.027670621871948242, 0.1900479793548584, 0.2020576000213623, 0.20804476737976074, 0.21425628662109375, 0.3109307289123535, 0.3108196258544922, 0.30964207649230957, 0.3126189708709717, 0.4207882881164551, 1.0962936878204346, 1.1816387176513672, 1.1815149784088135, 1.1837549209594727, 1.1844537258148193]
{'args': ((37, 0, slice(0, 960, None), slice(None, None, None)),), 'dataset shape': (40, 11, 1921, 2560), 'dataset chunks': (7, 1, 385, 512), 'indexing time (s)': 1.1920928955078125e-06, 'chunk number': 1650, 'reduction time (s)': 1.1863527297973633, 'chunks processed': 15, 'storage read (B)': 21287473, 'selection 1 time (s)': 1.1865489482879639}
Thread times [0.03305935859680176, 0.2926754951477051, 0.3178713321685791, 0.33582115173339844, 0.33929944038391113, 0.33577466011047363, 0.3431277275085449, 0.3698852062225342, 0.382763147354126, 0.38254547119140625, 0.38846659660339355, 0.4382176399230957, 0.43929147720336914, 0.44279909133911133, 0.4429664611816406]
{'args': ((38, 0, slice(0, 960, None), slice(None, None, None)),), 'dataset shape': (40, 11, 1921, 2560), 'dataset chunks': (7, 1, 385, 512), 'indexing time (s)': 1.430511474609375e-06, 'chunk number': 1650, 'reduction time (s)': 0.4534890651702881, 'chunks processed': 15, 'storage read (B)': 21287473, 'selection 1 time (s)': 0.4537031650543213}
Thread times [0.028392314910888672, 0.30491042137145996, 0.3244307041168213, 0.3598637580871582, 0.36434507369995117, 0.3711662292480469, 0.37151384353637695, 0.3782460689544678, 0.3796555995941162, 0.412264347076416, 0.40932655334472656, 0.4516265392303467, 0.4649171829223633, 0.47214674949645996, 0.47278809547424316]
{'args': ((39, 0, slice(0, 960, None), slice(None, None, None)),), 'dataset shape': (40, 11, 1921, 2560), 'dataset chunks': (7, 1, 385, 512), 'indexing time (s)': 1.1920928955078125e-06, 'chunk number': 1650, 'reduction time (s)': 0.4786057472229004, 'chunks processed': 15, 'storage read (B)': 21287473, 'selection 1 time (s)': 0.478787899017334}
[[226.07815104]
 [226.06476563]
 [225.93765625]
 [225.90807292]
 [225.91736979]
 [225.88453125]
 [225.82075521]
 [225.85440104]
 [225.98328125]
 [226.03804687]
 [226.013125  ]
 [226.02328125]
 [226.03770833]
 [226.00476563]
 [225.91765625]
 [225.94033854]
 [225.98721354]
 [225.91466146]
 [225.81244792]
 [225.81872396]
 [225.84526042]
 [225.78497396]
 [225.63645833]
 [225.55653646]
 [225.45736979]
 [225.32369792]
 [225.16325521]
 [225.07794271]
 [225.07846354]
 [225.10664063]
 [225.17609375]
 [225.36877604]
 [225.57911458]
 [225.69080729]
 [225.72231771]
 [225.82367188]
 [225.93658854]
 [225.96763021]
 [225.91861979]
 [225.9225    ]]
Summary:  sci4-op-r1:Local (T100,BS1): 0.391s,21.66s,23.94s
