Dataset loaded from S3 with s3fs and Pyfive: bnl/ch330a.pc19790301-def.nc (0.18,4.0)
{'load nc time': 4.836370944976807, 'args': ((0, 0, slice(0, 960, None), slice(None, None, None)),), 'dataset shape': (40, 11, 1921, 2560), 'dataset chunks': (7, 1, 385, 512), 'indexing time (s)': 20.99732279777527, 'chunk number': 1650, 'reduction time (s)': 0.8839080333709717, 'chunks processed': 15, 'storage read (B)': 29685482, 'selection 2 time (s)': 21.904107809066772}
{'args': ((1, 0, slice(0, 960, None), slice(None, None, None)),), 'dataset shape': (40, 11, 1921, 2560), 'dataset chunks': (7, 1, 385, 512), 'indexing time (s)': 9.5367431640625e-07, 'chunk number': 1650, 'reduction time (s)': 2.27266788482666, 'chunks processed': 15, 'storage read (B)': 29685482, 'selection 2 time (s)': 2.2862370014190674}
{'args': ((2, 0, slice(0, 960, None), slice(None, None, None)),), 'dataset shape': (40, 11, 1921, 2560), 'dataset chunks': (7, 1, 385, 512), 'indexing time (s)': 9.5367431640625e-07, 'chunk number': 1650, 'reduction time (s)': 1.8611788749694824, 'chunks processed': 15, 'storage read (B)': 29685482, 'selection 2 time (s)': 1.875173807144165}
{'args': ((3, 0, slice(0, 960, None), slice(None, None, None)),), 'dataset shape': (40, 11, 1921, 2560), 'dataset chunks': (7, 1, 385, 512), 'indexing time (s)': 0.0, 'chunk number': 1650, 'reduction time (s)': 1.2602059841156006, 'chunks processed': 15, 'storage read (B)': 29685482, 'selection 2 time (s)': 1.2734401226043701}
{'args': ((4, 0, slice(0, 960, None), slice(None, None, None)),), 'dataset shape': (40, 11, 1921, 2560), 'dataset chunks': (7, 1, 385, 512), 'indexing time (s)': 9.5367431640625e-07, 'chunk number': 1650, 'reduction time (s)': 1.650118112564087, 'chunks processed': 15, 'storage read (B)': 29685482, 'selection 2 time (s)': 1.6574950218200684}
{'args': ((5, 0, slice(0, 960, None), slice(None, None, None)),), 'dataset shape': (40, 11, 1921, 2560), 'dataset chunks': (7, 1, 385, 512), 'indexing time (s)': 9.5367431640625e-07, 'chunk number': 1650, 'reduction time (s)': 1.4427809715270996, 'chunks processed': 15, 'storage read (B)': 29685482, 'selection 2 time (s)': 1.4603252410888672}
{'args': ((6, 0, slice(0, 960, None), slice(None, None, None)),), 'dataset shape': (40, 11, 1921, 2560), 'dataset chunks': (7, 1, 385, 512), 'indexing time (s)': 2.1457672119140625e-06, 'chunk number': 1650, 'reduction time (s)': 0.9879496097564697, 'chunks processed': 15, 'storage read (B)': 29685482, 'selection 2 time (s)': 1.0036039352416992}
{'args': ((7, 0, slice(0, 960, None), slice(None, None, None)),), 'dataset shape': (40, 11, 1921, 2560), 'dataset chunks': (7, 1, 385, 512), 'indexing time (s)': 0.0, 'chunk number': 1650, 'reduction time (s)': 1.5520319938659668, 'chunks processed': 15, 'storage read (B)': 29701892, 'selection 2 time (s)': 1.564713954925537}
{'args': ((8, 0, slice(0, 960, None), slice(None, None, None)),), 'dataset shape': (40, 11, 1921, 2560), 'dataset chunks': (7, 1, 385, 512), 'indexing time (s)': 9.5367431640625e-07, 'chunk number': 1650, 'reduction time (s)': 1.8319509029388428, 'chunks processed': 15, 'storage read (B)': 29701892, 'selection 2 time (s)': 1.8575091361999512}
{'args': ((9, 0, slice(0, 960, None), slice(None, None, None)),), 'dataset shape': (40, 11, 1921, 2560), 'dataset chunks': (7, 1, 385, 512), 'indexing time (s)': 9.5367431640625e-07, 'chunk number': 1650, 'reduction time (s)': 1.912632703781128, 'chunks processed': 15, 'storage read (B)': 29701892, 'selection 2 time (s)': 1.9325029850006104}
{'args': ((10, 0, slice(0, 960, None), slice(None, None, None)),), 'dataset shape': (40, 11, 1921, 2560), 'dataset chunks': (7, 1, 385, 512), 'indexing time (s)': 9.5367431640625e-07, 'chunk number': 1650, 'reduction time (s)': 1.8742620944976807, 'chunks processed': 15, 'storage read (B)': 29701892, 'selection 2 time (s)': 1.8911120891571045}
{'args': ((11, 0, slice(0, 960, None), slice(None, None, None)),), 'dataset shape': (40, 11, 1921, 2560), 'dataset chunks': (7, 1, 385, 512), 'indexing time (s)': 0.0, 'chunk number': 1650, 'reduction time (s)': 1.3988981246948242, 'chunks processed': 15, 'storage read (B)': 29701892, 'selection 2 time (s)': 1.4159622192382812}
{'args': ((12, 0, slice(0, 960, None), slice(None, None, None)),), 'dataset shape': (40, 11, 1921, 2560), 'dataset chunks': (7, 1, 385, 512), 'indexing time (s)': 1.1920928955078125e-06, 'chunk number': 1650, 'reduction time (s)': 1.5967600345611572, 'chunks processed': 15, 'storage read (B)': 29701892, 'selection 2 time (s)': 1.6145532131195068}
{'args': ((13, 0, slice(0, 960, None), slice(None, None, None)),), 'dataset shape': (40, 11, 1921, 2560), 'dataset chunks': (7, 1, 385, 512), 'indexing time (s)': 0.0, 'chunk number': 1650, 'reduction time (s)': 1.473663091659546, 'chunks processed': 15, 'storage read (B)': 29701892, 'selection 2 time (s)': 1.4943311214447021}
{'args': ((14, 0, slice(0, 960, None), slice(None, None, None)),), 'dataset shape': (40, 11, 1921, 2560), 'dataset chunks': (7, 1, 385, 512), 'indexing time (s)': 7.152557373046875e-07, 'chunk number': 1650, 'reduction time (s)': 2.1975741386413574, 'chunks processed': 15, 'storage read (B)': 29733505, 'selection 2 time (s)': 2.2060909271240234}
{'args': ((15, 0, slice(0, 960, None), slice(None, None, None)),), 'dataset shape': (40, 11, 1921, 2560), 'dataset chunks': (7, 1, 385, 512), 'indexing time (s)': 0.0, 'chunk number': 1650, 'reduction time (s)': 1.8355278968811035, 'chunks processed': 15, 'storage read (B)': 29733505, 'selection 2 time (s)': 1.8584821224212646}
{'args': ((16, 0, slice(0, 960, None), slice(None, None, None)),), 'dataset shape': (40, 11, 1921, 2560), 'dataset chunks': (7, 1, 385, 512), 'indexing time (s)': 2.1457672119140625e-06, 'chunk number': 1650, 'reduction time (s)': 2.1714489459991455, 'chunks processed': 15, 'storage read (B)': 29733505, 'selection 2 time (s)': 2.193432092666626}
{'args': ((17, 0, slice(0, 960, None), slice(None, None, None)),), 'dataset shape': (40, 11, 1921, 2560), 'dataset chunks': (7, 1, 385, 512), 'indexing time (s)': 9.5367431640625e-07, 'chunk number': 1650, 'reduction time (s)': 1.5211517810821533, 'chunks processed': 15, 'storage read (B)': 29733505, 'selection 2 time (s)': 1.5421056747436523}
{'args': ((18, 0, slice(0, 960, None), slice(None, None, None)),), 'dataset shape': (40, 11, 1921, 2560), 'dataset chunks': (7, 1, 385, 512), 'indexing time (s)': 2.1457672119140625e-06, 'chunk number': 1650, 'reduction time (s)': 1.2547268867492676, 'chunks processed': 15, 'storage read (B)': 29733505, 'selection 2 time (s)': 1.2708170413970947}
{'args': ((19, 0, slice(0, 960, None), slice(None, None, None)),), 'dataset shape': (40, 11, 1921, 2560), 'dataset chunks': (7, 1, 385, 512), 'indexing time (s)': 0.0, 'chunk number': 1650, 'reduction time (s)': 2.0961990356445312, 'chunks processed': 15, 'storage read (B)': 29733505, 'selection 2 time (s)': 2.1146240234375}
{'args': ((20, 0, slice(0, 960, None), slice(None, None, None)),), 'dataset shape': (40, 11, 1921, 2560), 'dataset chunks': (7, 1, 385, 512), 'indexing time (s)': 1.1920928955078125e-06, 'chunk number': 1650, 'reduction time (s)': 2.0586228370666504, 'chunks processed': 15, 'storage read (B)': 29733505, 'selection 2 time (s)': 2.0732641220092773}
{'args': ((21, 0, slice(0, 960, None), slice(None, None, None)),), 'dataset shape': (40, 11, 1921, 2560), 'dataset chunks': (7, 1, 385, 512), 'indexing time (s)': 0.0, 'chunk number': 1650, 'reduction time (s)': 1.9099888801574707, 'chunks processed': 15, 'storage read (B)': 29686785, 'selection 2 time (s)': 1.9260179996490479}
{'args': ((22, 0, slice(0, 960, None), slice(None, None, None)),), 'dataset shape': (40, 11, 1921, 2560), 'dataset chunks': (7, 1, 385, 512), 'indexing time (s)': 9.5367431640625e-07, 'chunk number': 1650, 'reduction time (s)': 1.323373794555664, 'chunks processed': 15, 'storage read (B)': 29686785, 'selection 2 time (s)': 1.3446049690246582}
{'args': ((23, 0, slice(0, 960, None), slice(None, None, None)),), 'dataset shape': (40, 11, 1921, 2560), 'dataset chunks': (7, 1, 385, 512), 'indexing time (s)': 1.9073486328125e-06, 'chunk number': 1650, 'reduction time (s)': 1.8301618099212646, 'chunks processed': 15, 'storage read (B)': 29686785, 'selection 2 time (s)': 1.8488812446594238}
{'args': ((24, 0, slice(0, 960, None), slice(None, None, None)),), 'dataset shape': (40, 11, 1921, 2560), 'dataset chunks': (7, 1, 385, 512), 'indexing time (s)': 9.5367431640625e-07, 'chunk number': 1650, 'reduction time (s)': 2.1227500438690186, 'chunks processed': 15, 'storage read (B)': 29686785, 'selection 2 time (s)': 2.1462960243225098}
{'args': ((25, 0, slice(0, 960, None), slice(None, None, None)),), 'dataset shape': (40, 11, 1921, 2560), 'dataset chunks': (7, 1, 385, 512), 'indexing time (s)': 2.1457672119140625e-06, 'chunk number': 1650, 'reduction time (s)': 2.0184319019317627, 'chunks processed': 15, 'storage read (B)': 29686785, 'selection 2 time (s)': 2.0297160148620605}
{'args': ((26, 0, slice(0, 960, None), slice(None, None, None)),), 'dataset shape': (40, 11, 1921, 2560), 'dataset chunks': (7, 1, 385, 512), 'indexing time (s)': 9.5367431640625e-07, 'chunk number': 1650, 'reduction time (s)': 1.5231211185455322, 'chunks processed': 15, 'storage read (B)': 29686785, 'selection 2 time (s)': 1.5368592739105225}
{'args': ((27, 0, slice(0, 960, None), slice(None, None, None)),), 'dataset shape': (40, 11, 1921, 2560), 'dataset chunks': (7, 1, 385, 512), 'indexing time (s)': 0.0, 'chunk number': 1650, 'reduction time (s)': 1.7164018154144287, 'chunks processed': 15, 'storage read (B)': 29686785, 'selection 2 time (s)': 1.7371149063110352}
{'args': ((28, 0, slice(0, 960, None), slice(None, None, None)),), 'dataset shape': (40, 11, 1921, 2560), 'dataset chunks': (7, 1, 385, 512), 'indexing time (s)': 7.152557373046875e-07, 'chunk number': 1650, 'reduction time (s)': 1.4102823734283447, 'chunks processed': 15, 'storage read (B)': 29670387, 'selection 2 time (s)': 1.4305458068847656}
{'args': ((29, 0, slice(0, 960, None), slice(None, None, None)),), 'dataset shape': (40, 11, 1921, 2560), 'dataset chunks': (7, 1, 385, 512), 'indexing time (s)': 9.5367431640625e-07, 'chunk number': 1650, 'reduction time (s)': 1.2714643478393555, 'chunks processed': 15, 'storage read (B)': 29670387, 'selection 2 time (s)': 1.2878971099853516}
{'args': ((30, 0, slice(0, 960, None), slice(None, None, None)),), 'dataset shape': (40, 11, 1921, 2560), 'dataset chunks': (7, 1, 385, 512), 'indexing time (s)': 1.1920928955078125e-06, 'chunk number': 1650, 'reduction time (s)': 1.3055388927459717, 'chunks processed': 15, 'storage read (B)': 29670387, 'selection 2 time (s)': 1.324817180633545}
{'args': ((31, 0, slice(0, 960, None), slice(None, None, None)),), 'dataset shape': (40, 11, 1921, 2560), 'dataset chunks': (7, 1, 385, 512), 'indexing time (s)': 0.0, 'chunk number': 1650, 'reduction time (s)': 2.1057727336883545, 'chunks processed': 15, 'storage read (B)': 29670387, 'selection 2 time (s)': 2.1233701705932617}
{'args': ((32, 0, slice(0, 960, None), slice(None, None, None)),), 'dataset shape': (40, 11, 1921, 2560), 'dataset chunks': (7, 1, 385, 512), 'indexing time (s)': 9.5367431640625e-07, 'chunk number': 1650, 'reduction time (s)': 1.3064308166503906, 'chunks processed': 15, 'storage read (B)': 29670387, 'selection 2 time (s)': 1.3239028453826904}
{'args': ((33, 0, slice(0, 960, None), slice(None, None, None)),), 'dataset shape': (40, 11, 1921, 2560), 'dataset chunks': (7, 1, 385, 512), 'indexing time (s)': 9.5367431640625e-07, 'chunk number': 1650, 'reduction time (s)': 1.643890142440796, 'chunks processed': 15, 'storage read (B)': 29670387, 'selection 2 time (s)': 1.6581730842590332}
{'args': ((34, 0, slice(0, 960, None), slice(None, None, None)),), 'dataset shape': (40, 11, 1921, 2560), 'dataset chunks': (7, 1, 385, 512), 'indexing time (s)': 9.5367431640625e-07, 'chunk number': 1650, 'reduction time (s)': 2.10809588432312, 'chunks processed': 15, 'storage read (B)': 29670387, 'selection 2 time (s)': 2.1367850303649902}
{'args': ((35, 0, slice(0, 960, None), slice(None, None, None)),), 'dataset shape': (40, 11, 1921, 2560), 'dataset chunks': (7, 1, 385, 512), 'indexing time (s)': 2.1457672119140625e-06, 'chunk number': 1650, 'reduction time (s)': 1.853241205215454, 'chunks processed': 15, 'storage read (B)': 21287473, 'selection 2 time (s)': 1.8677661418914795}
{'args': ((36, 0, slice(0, 960, None), slice(None, None, None)),), 'dataset shape': (40, 11, 1921, 2560), 'dataset chunks': (7, 1, 385, 512), 'indexing time (s)': 1.1920928955078125e-06, 'chunk number': 1650, 'reduction time (s)': 0.9619441032409668, 'chunks processed': 15, 'storage read (B)': 21287473, 'selection 2 time (s)': 0.9838190078735352}
{'args': ((37, 0, slice(0, 960, None), slice(None, None, None)),), 'dataset shape': (40, 11, 1921, 2560), 'dataset chunks': (7, 1, 385, 512), 'indexing time (s)': 2.1457672119140625e-06, 'chunk number': 1650, 'reduction time (s)': 1.3809397220611572, 'chunks processed': 15, 'storage read (B)': 21287473, 'selection 2 time (s)': 1.393082857131958}
{'args': ((38, 0, slice(0, 960, None), slice(None, None, None)),), 'dataset shape': (40, 11, 1921, 2560), 'dataset chunks': (7, 1, 385, 512), 'indexing time (s)': 9.5367431640625e-07, 'chunk number': 1650, 'reduction time (s)': 1.550245761871338, 'chunks processed': 15, 'storage read (B)': 21287473, 'selection 2 time (s)': 1.5652837753295898}
{'args': ((39, 0, slice(0, 960, None), slice(None, None, None)),), 'dataset shape': (40, 11, 1921, 2560), 'dataset chunks': (7, 1, 385, 512), 'indexing time (s)': 0.0, 'chunk number': 1650, 'reduction time (s)': 2.084779977798462, 'chunks processed': 15, 'storage read (B)': 21287473, 'selection 2 time (s)': 2.0978779792785645}
[[226.07820312]
 [226.0646875 ]
 [225.93776042]
 [225.90820312]
 [225.91739583]
 [225.88460937]
 [225.82080729]
 [225.85434896]
 [225.9834375 ]
 [226.03820312]
 [226.01320312]
 [226.02333333]
 [226.03765625]
 [226.00484375]
 [225.91776042]
 [225.94033854]
 [225.98729167]
 [225.91453125]
 [225.81239583]
 [225.81890625]
 [225.8453125 ]
 [225.785     ]
 [225.63648438]
 [225.5565625 ]
 [225.45747396]
 [225.32382813]
 [225.16335937]
 [225.07786458]
 [225.07846354]
 [225.10666667]
 [225.17606771]
 [225.36867187]
 [225.57927083]
 [225.69083333]
 [225.72221354]
 [225.82367188]
 [225.93640625]
 [225.96763021]
 [225.91872396]
 [225.92236979]]
Summary:  uni:Active (T100,BS5): 4.84s,66.56s,93.09s
