Dataset loaded from S3 with s3fs and Pyfive: bnl/ch330a.pc19790301-def.nc (0.19,1.8)
{'load nc time': 3.2370681762695312, 'args': ((0, 0, slice(0, 960, None), slice(None, None, None)),), 'dataset shape': (40, 11, 1921, 2560), 'dataset chunks': (7, 1, 385, 512), 'indexing time (s)': 9.864206075668335, 'chunk number': 1650, 'reduction time (s)': 0.8813040256500244, 'chunks processed': 15, 'storage read (B)': 29685482, 'selection 2 time (s)': 10.763230085372925}
{'args': ((1, 0, slice(0, 960, None), slice(None, None, None)),), 'dataset shape': (40, 11, 1921, 2560), 'dataset chunks': (7, 1, 385, 512), 'indexing time (s)': 7.152557373046875e-07, 'chunk number': 1650, 'reduction time (s)': 2.1590521335601807, 'chunks processed': 15, 'storage read (B)': 29685482, 'selection 2 time (s)': 2.1834380626678467}
{'args': ((2, 0, slice(0, 960, None), slice(None, None, None)),), 'dataset shape': (40, 11, 1921, 2560), 'dataset chunks': (7, 1, 385, 512), 'indexing time (s)': 1.1920928955078125e-06, 'chunk number': 1650, 'reduction time (s)': 1.2767469882965088, 'chunks processed': 15, 'storage read (B)': 29685482, 'selection 2 time (s)': 1.2996737957000732}
{'args': ((3, 0, slice(0, 960, None), slice(None, None, None)),), 'dataset shape': (40, 11, 1921, 2560), 'dataset chunks': (7, 1, 385, 512), 'indexing time (s)': 2.1457672119140625e-06, 'chunk number': 1650, 'reduction time (s)': 1.0922789573669434, 'chunks processed': 15, 'storage read (B)': 29685482, 'selection 2 time (s)': 1.1140849590301514}
{'args': ((4, 0, slice(0, 960, None), slice(None, None, None)),), 'dataset shape': (40, 11, 1921, 2560), 'dataset chunks': (7, 1, 385, 512), 'indexing time (s)': 9.5367431640625e-07, 'chunk number': 1650, 'reduction time (s)': 1.9577281475067139, 'chunks processed': 15, 'storage read (B)': 29685482, 'selection 2 time (s)': 1.980107069015503}
{'args': ((5, 0, slice(0, 960, None), slice(None, None, None)),), 'dataset shape': (40, 11, 1921, 2560), 'dataset chunks': (7, 1, 385, 512), 'indexing time (s)': 1.9073486328125e-06, 'chunk number': 1650, 'reduction time (s)': 2.20906400680542, 'chunks processed': 15, 'storage read (B)': 29685482, 'selection 2 time (s)': 2.2218868732452393}
{'args': ((6, 0, slice(0, 960, None), slice(None, None, None)),), 'dataset shape': (40, 11, 1921, 2560), 'dataset chunks': (7, 1, 385, 512), 'indexing time (s)': 0.0, 'chunk number': 1650, 'reduction time (s)': 1.897571086883545, 'chunks processed': 15, 'storage read (B)': 29685482, 'selection 2 time (s)': 1.9157969951629639}
{'args': ((7, 0, slice(0, 960, None), slice(None, None, None)),), 'dataset shape': (40, 11, 1921, 2560), 'dataset chunks': (7, 1, 385, 512), 'indexing time (s)': 9.5367431640625e-07, 'chunk number': 1650, 'reduction time (s)': 1.2840771675109863, 'chunks processed': 15, 'storage read (B)': 29701892, 'selection 2 time (s)': 1.2923510074615479}
{'args': ((8, 0, slice(0, 960, None), slice(None, None, None)),), 'dataset shape': (40, 11, 1921, 2560), 'dataset chunks': (7, 1, 385, 512), 'indexing time (s)': 1.1920928955078125e-06, 'chunk number': 1650, 'reduction time (s)': 1.0338497161865234, 'chunks processed': 15, 'storage read (B)': 29701892, 'selection 2 time (s)': 1.0452990531921387}
{'args': ((9, 0, slice(0, 960, None), slice(None, None, None)),), 'dataset shape': (40, 11, 1921, 2560), 'dataset chunks': (7, 1, 385, 512), 'indexing time (s)': 9.5367431640625e-07, 'chunk number': 1650, 'reduction time (s)': 1.6680481433868408, 'chunks processed': 15, 'storage read (B)': 29701892, 'selection 2 time (s)': 1.6915531158447266}
{'args': ((10, 0, slice(0, 960, None), slice(None, None, None)),), 'dataset shape': (40, 11, 1921, 2560), 'dataset chunks': (7, 1, 385, 512), 'indexing time (s)': 1.1920928955078125e-06, 'chunk number': 1650, 'reduction time (s)': 1.2045550346374512, 'chunks processed': 15, 'storage read (B)': 29701892, 'selection 2 time (s)': 1.2209510803222656}
{'args': ((11, 0, slice(0, 960, None), slice(None, None, None)),), 'dataset shape': (40, 11, 1921, 2560), 'dataset chunks': (7, 1, 385, 512), 'indexing time (s)': 9.5367431640625e-07, 'chunk number': 1650, 'reduction time (s)': 2.721127986907959, 'chunks processed': 15, 'storage read (B)': 29701892, 'selection 2 time (s)': 2.7470240592956543}
{'args': ((12, 0, slice(0, 960, None), slice(None, None, None)),), 'dataset shape': (40, 11, 1921, 2560), 'dataset chunks': (7, 1, 385, 512), 'indexing time (s)': 0.0, 'chunk number': 1650, 'reduction time (s)': 2.1762168407440186, 'chunks processed': 15, 'storage read (B)': 29701892, 'selection 2 time (s)': 2.1955037117004395}
{'args': ((13, 0, slice(0, 960, None), slice(None, None, None)),), 'dataset shape': (40, 11, 1921, 2560), 'dataset chunks': (7, 1, 385, 512), 'indexing time (s)': 0.0, 'chunk number': 1650, 'reduction time (s)': 1.3907220363616943, 'chunks processed': 15, 'storage read (B)': 29701892, 'selection 2 time (s)': 1.4040560722351074}
{'args': ((14, 0, slice(0, 960, None), slice(None, None, None)),), 'dataset shape': (40, 11, 1921, 2560), 'dataset chunks': (7, 1, 385, 512), 'indexing time (s)': 0.0, 'chunk number': 1650, 'reduction time (s)': 2.0050208568573, 'chunks processed': 15, 'storage read (B)': 29733505, 'selection 2 time (s)': 2.0180001258850098}
{'args': ((15, 0, slice(0, 960, None), slice(None, None, None)),), 'dataset shape': (40, 11, 1921, 2560), 'dataset chunks': (7, 1, 385, 512), 'indexing time (s)': 7.152557373046875e-07, 'chunk number': 1650, 'reduction time (s)': 1.3121919631958008, 'chunks processed': 15, 'storage read (B)': 29733505, 'selection 2 time (s)': 1.3311710357666016}
{'args': ((16, 0, slice(0, 960, None), slice(None, None, None)),), 'dataset shape': (40, 11, 1921, 2560), 'dataset chunks': (7, 1, 385, 512), 'indexing time (s)': 9.5367431640625e-07, 'chunk number': 1650, 'reduction time (s)': 2.0918922424316406, 'chunks processed': 15, 'storage read (B)': 29733505, 'selection 2 time (s)': 2.111694812774658}
{'args': ((17, 0, slice(0, 960, None), slice(None, None, None)),), 'dataset shape': (40, 11, 1921, 2560), 'dataset chunks': (7, 1, 385, 512), 'indexing time (s)': 0.0, 'chunk number': 1650, 'reduction time (s)': 1.8162460327148438, 'chunks processed': 15, 'storage read (B)': 29733505, 'selection 2 time (s)': 1.8271338939666748}
{'args': ((18, 0, slice(0, 960, None), slice(None, None, None)),), 'dataset shape': (40, 11, 1921, 2560), 'dataset chunks': (7, 1, 385, 512), 'indexing time (s)': 9.5367431640625e-07, 'chunk number': 1650, 'reduction time (s)': 2.027539014816284, 'chunks processed': 15, 'storage read (B)': 29733505, 'selection 2 time (s)': 2.042210102081299}
{'args': ((19, 0, slice(0, 960, None), slice(None, None, None)),), 'dataset shape': (40, 11, 1921, 2560), 'dataset chunks': (7, 1, 385, 512), 'indexing time (s)': 1.1920928955078125e-06, 'chunk number': 1650, 'reduction time (s)': 1.632443904876709, 'chunks processed': 15, 'storage read (B)': 29733505, 'selection 2 time (s)': 1.6547191143035889}
{'args': ((20, 0, slice(0, 960, None), slice(None, None, None)),), 'dataset shape': (40, 11, 1921, 2560), 'dataset chunks': (7, 1, 385, 512), 'indexing time (s)': 7.152557373046875e-07, 'chunk number': 1650, 'reduction time (s)': 2.2713770866394043, 'chunks processed': 15, 'storage read (B)': 29733505, 'selection 2 time (s)': 2.285705804824829}
{'args': ((21, 0, slice(0, 960, None), slice(None, None, None)),), 'dataset shape': (40, 11, 1921, 2560), 'dataset chunks': (7, 1, 385, 512), 'indexing time (s)': 9.5367431640625e-07, 'chunk number': 1650, 'reduction time (s)': 1.3578510284423828, 'chunks processed': 15, 'storage read (B)': 29686785, 'selection 2 time (s)': 1.3809051513671875}
{'args': ((22, 0, slice(0, 960, None), slice(None, None, None)),), 'dataset shape': (40, 11, 1921, 2560), 'dataset chunks': (7, 1, 385, 512), 'indexing time (s)': 9.5367431640625e-07, 'chunk number': 1650, 'reduction time (s)': 2.339566946029663, 'chunks processed': 15, 'storage read (B)': 29686785, 'selection 2 time (s)': 2.3545522689819336}
{'args': ((23, 0, slice(0, 960, None), slice(None, None, None)),), 'dataset shape': (40, 11, 1921, 2560), 'dataset chunks': (7, 1, 385, 512), 'indexing time (s)': 0.0, 'chunk number': 1650, 'reduction time (s)': 1.5853021144866943, 'chunks processed': 15, 'storage read (B)': 29686785, 'selection 2 time (s)': 1.6023659706115723}
{'args': ((24, 0, slice(0, 960, None), slice(None, None, None)),), 'dataset shape': (40, 11, 1921, 2560), 'dataset chunks': (7, 1, 385, 512), 'indexing time (s)': 9.5367431640625e-07, 'chunk number': 1650, 'reduction time (s)': 1.9164018630981445, 'chunks processed': 15, 'storage read (B)': 29686785, 'selection 2 time (s)': 1.932809829711914}
{'args': ((25, 0, slice(0, 960, None), slice(None, None, None)),), 'dataset shape': (40, 11, 1921, 2560), 'dataset chunks': (7, 1, 385, 512), 'indexing time (s)': 0.0, 'chunk number': 1650, 'reduction time (s)': 1.4934399127960205, 'chunks processed': 15, 'storage read (B)': 29686785, 'selection 2 time (s)': 1.5122318267822266}
{'args': ((26, 0, slice(0, 960, None), slice(None, None, None)),), 'dataset shape': (40, 11, 1921, 2560), 'dataset chunks': (7, 1, 385, 512), 'indexing time (s)': 9.5367431640625e-07, 'chunk number': 1650, 'reduction time (s)': 2.2458741664886475, 'chunks processed': 15, 'storage read (B)': 29686785, 'selection 2 time (s)': 2.265136957168579}
{'args': ((27, 0, slice(0, 960, None), slice(None, None, None)),), 'dataset shape': (40, 11, 1921, 2560), 'dataset chunks': (7, 1, 385, 512), 'indexing time (s)': 0.0, 'chunk number': 1650, 'reduction time (s)': 2.006242036819458, 'chunks processed': 15, 'storage read (B)': 29686785, 'selection 2 time (s)': 2.021803140640259}
{'args': ((28, 0, slice(0, 960, None), slice(None, None, None)),), 'dataset shape': (40, 11, 1921, 2560), 'dataset chunks': (7, 1, 385, 512), 'indexing time (s)': 9.5367431640625e-07, 'chunk number': 1650, 'reduction time (s)': 1.213721752166748, 'chunks processed': 15, 'storage read (B)': 29670387, 'selection 2 time (s)': 1.2389729022979736}
{'args': ((29, 0, slice(0, 960, None), slice(None, None, None)),), 'dataset shape': (40, 11, 1921, 2560), 'dataset chunks': (7, 1, 385, 512), 'indexing time (s)': 9.5367431640625e-07, 'chunk number': 1650, 'reduction time (s)': 1.55161714553833, 'chunks processed': 15, 'storage read (B)': 29670387, 'selection 2 time (s)': 1.5722990036010742}
{'args': ((30, 0, slice(0, 960, None), slice(None, None, None)),), 'dataset shape': (40, 11, 1921, 2560), 'dataset chunks': (7, 1, 385, 512), 'indexing time (s)': 0.0, 'chunk number': 1650, 'reduction time (s)': 0.7293951511383057, 'chunks processed': 15, 'storage read (B)': 29670387, 'selection 2 time (s)': 0.7468781471252441}
{'args': ((31, 0, slice(0, 960, None), slice(None, None, None)),), 'dataset shape': (40, 11, 1921, 2560), 'dataset chunks': (7, 1, 385, 512), 'indexing time (s)': 0.0, 'chunk number': 1650, 'reduction time (s)': 2.031961679458618, 'chunks processed': 15, 'storage read (B)': 29670387, 'selection 2 time (s)': 2.0556280612945557}
{'args': ((32, 0, slice(0, 960, None), slice(None, None, None)),), 'dataset shape': (40, 11, 1921, 2560), 'dataset chunks': (7, 1, 385, 512), 'indexing time (s)': 1.9073486328125e-06, 'chunk number': 1650, 'reduction time (s)': 2.2646210193634033, 'chunks processed': 15, 'storage read (B)': 29670387, 'selection 2 time (s)': 2.272273063659668}
{'args': ((33, 0, slice(0, 960, None), slice(None, None, None)),), 'dataset shape': (40, 11, 1921, 2560), 'dataset chunks': (7, 1, 385, 512), 'indexing time (s)': 0.0, 'chunk number': 1650, 'reduction time (s)': 1.903980016708374, 'chunks processed': 15, 'storage read (B)': 29670387, 'selection 2 time (s)': 1.9195151329040527}
{'args': ((34, 0, slice(0, 960, None), slice(None, None, None)),), 'dataset shape': (40, 11, 1921, 2560), 'dataset chunks': (7, 1, 385, 512), 'indexing time (s)': 0.0, 'chunk number': 1650, 'reduction time (s)': 2.067214012145996, 'chunks processed': 15, 'storage read (B)': 29670387, 'selection 2 time (s)': 2.0924789905548096}
{'args': ((35, 0, slice(0, 960, None), slice(None, None, None)),), 'dataset shape': (40, 11, 1921, 2560), 'dataset chunks': (7, 1, 385, 512), 'indexing time (s)': 1.9073486328125e-06, 'chunk number': 1650, 'reduction time (s)': 1.9056909084320068, 'chunks processed': 15, 'storage read (B)': 21287473, 'selection 2 time (s)': 1.9241032600402832}
{'args': ((36, 0, slice(0, 960, None), slice(None, None, None)),), 'dataset shape': (40, 11, 1921, 2560), 'dataset chunks': (7, 1, 385, 512), 'indexing time (s)': 1.1920928955078125e-06, 'chunk number': 1650, 'reduction time (s)': 1.6914818286895752, 'chunks processed': 15, 'storage read (B)': 21287473, 'selection 2 time (s)': 1.7095363140106201}
{'args': ((37, 0, slice(0, 960, None), slice(None, None, None)),), 'dataset shape': (40, 11, 1921, 2560), 'dataset chunks': (7, 1, 385, 512), 'indexing time (s)': 9.5367431640625e-07, 'chunk number': 1650, 'reduction time (s)': 1.4074890613555908, 'chunks processed': 15, 'storage read (B)': 21287473, 'selection 2 time (s)': 1.4255399703979492}
{'args': ((38, 0, slice(0, 960, None), slice(None, None, None)),), 'dataset shape': (40, 11, 1921, 2560), 'dataset chunks': (7, 1, 385, 512), 'indexing time (s)': 9.5367431640625e-07, 'chunk number': 1650, 'reduction time (s)': 1.6876649856567383, 'chunks processed': 15, 'storage read (B)': 21287473, 'selection 2 time (s)': 1.708069086074829}
{'args': ((39, 0, slice(0, 960, None), slice(None, None, None)),), 'dataset shape': (40, 11, 1921, 2560), 'dataset chunks': (7, 1, 385, 512), 'indexing time (s)': 9.5367431640625e-07, 'chunk number': 1650, 'reduction time (s)': 1.2429089546203613, 'chunks processed': 15, 'storage read (B)': 21287473, 'selection 2 time (s)': 1.263814926147461}
[[226.07820312]
 [226.0646875 ]
 [225.93776042]
 [225.90822917]
 [225.91739583]
 [225.88460937]
 [225.82080729]
 [225.85434896]
 [225.98346354]
 [226.03822917]
 [226.01317708]
 [226.02333333]
 [226.03765625]
 [226.00486979]
 [225.91776042]
 [225.94033854]
 [225.98726562]
 [225.91453125]
 [225.81239583]
 [225.81890625]
 [225.84528646]
 [225.785     ]
 [225.63648438]
 [225.5565625 ]
 [225.45744792]
 [225.32380208]
 [225.16335937]
 [225.07789063]
 [225.07848958]
 [225.10664063]
 [225.17609375]
 [225.36867187]
 [225.57927083]
 [225.69083333]
 [225.72221354]
 [225.82369792]
 [225.93640625]
 [225.96760417]
 [225.91872396]
 [225.92236979]]
Summary:  uni:Active (T100,BS1): 3.24s,68.75s,82.58s
