Dataset loaded from S3 with s3fs and Pyfive: bnl/ch330a.pc19790301-def.nc (1.6,1.8)
{'load nc time': 3.661869764328003, 'args': ((0, 0, slice(0, 960, None), slice(None, None, None)),), 'dataset shape': (40, 11, 1921, 2560), 'dataset chunks': (7, 1, 385, 512), 'indexing time (s)': 9.59351110458374, 'chunk number': 1650, 'reduction time (s)': 4.151578903198242, 'chunks processed': 15, 'storage read (B)': 29685482, 'selection 2 time (s)': 13.747083187103271}
{'args': ((1, 0, slice(0, 960, None), slice(None, None, None)),), 'dataset shape': (40, 11, 1921, 2560), 'dataset chunks': (7, 1, 385, 512), 'indexing time (s)': 2.1457672119140625e-06, 'chunk number': 1650, 'reduction time (s)': 3.1464293003082275, 'chunks processed': 15, 'storage read (B)': 29685482, 'selection 2 time (s)': 3.1505038738250732}
{'args': ((2, 0, slice(0, 960, None), slice(None, None, None)),), 'dataset shape': (40, 11, 1921, 2560), 'dataset chunks': (7, 1, 385, 512), 'indexing time (s)': 1.9073486328125e-06, 'chunk number': 1650, 'reduction time (s)': 2.9887521266937256, 'chunks processed': 15, 'storage read (B)': 29685482, 'selection 2 time (s)': 2.990946054458618}
{'args': ((3, 0, slice(0, 960, None), slice(None, None, None)),), 'dataset shape': (40, 11, 1921, 2560), 'dataset chunks': (7, 1, 385, 512), 'indexing time (s)': 1.9073486328125e-06, 'chunk number': 1650, 'reduction time (s)': 3.185157060623169, 'chunks processed': 15, 'storage read (B)': 29685482, 'selection 2 time (s)': 3.1876540184020996}
{'args': ((4, 0, slice(0, 960, None), slice(None, None, None)),), 'dataset shape': (40, 11, 1921, 2560), 'dataset chunks': (7, 1, 385, 512), 'indexing time (s)': 1.9073486328125e-06, 'chunk number': 1650, 'reduction time (s)': 3.1862781047821045, 'chunks processed': 15, 'storage read (B)': 29685482, 'selection 2 time (s)': 3.1887190341949463}
{'args': ((5, 0, slice(0, 960, None), slice(None, None, None)),), 'dataset shape': (40, 11, 1921, 2560), 'dataset chunks': (7, 1, 385, 512), 'indexing time (s)': 9.5367431640625e-07, 'chunk number': 1650, 'reduction time (s)': 3.407412052154541, 'chunks processed': 15, 'storage read (B)': 29685482, 'selection 2 time (s)': 3.409599781036377}
{'args': ((6, 0, slice(0, 960, None), slice(None, None, None)),), 'dataset shape': (40, 11, 1921, 2560), 'dataset chunks': (7, 1, 385, 512), 'indexing time (s)': 1.9073486328125e-06, 'chunk number': 1650, 'reduction time (s)': 4.391522169113159, 'chunks processed': 15, 'storage read (B)': 29685482, 'selection 2 time (s)': 4.395611047744751}
{'args': ((7, 0, slice(0, 960, None), slice(None, None, None)),), 'dataset shape': (40, 11, 1921, 2560), 'dataset chunks': (7, 1, 385, 512), 'indexing time (s)': 2.1457672119140625e-06, 'chunk number': 1650, 'reduction time (s)': 3.256953716278076, 'chunks processed': 15, 'storage read (B)': 29701892, 'selection 2 time (s)': 3.2590198516845703}
{'args': ((8, 0, slice(0, 960, None), slice(None, None, None)),), 'dataset shape': (40, 11, 1921, 2560), 'dataset chunks': (7, 1, 385, 512), 'indexing time (s)': 1.1920928955078125e-06, 'chunk number': 1650, 'reduction time (s)': 3.2121050357818604, 'chunks processed': 15, 'storage read (B)': 29701892, 'selection 2 time (s)': 3.214087963104248}
{'args': ((9, 0, slice(0, 960, None), slice(None, None, None)),), 'dataset shape': (40, 11, 1921, 2560), 'dataset chunks': (7, 1, 385, 512), 'indexing time (s)': 9.5367431640625e-07, 'chunk number': 1650, 'reduction time (s)': 4.078361988067627, 'chunks processed': 15, 'storage read (B)': 29701892, 'selection 2 time (s)': 4.080742120742798}
{'args': ((10, 0, slice(0, 960, None), slice(None, None, None)),), 'dataset shape': (40, 11, 1921, 2560), 'dataset chunks': (7, 1, 385, 512), 'indexing time (s)': 2.1457672119140625e-06, 'chunk number': 1650, 'reduction time (s)': 3.4277939796447754, 'chunks processed': 15, 'storage read (B)': 29701892, 'selection 2 time (s)': 3.4300670623779297}
{'args': ((11, 0, slice(0, 960, None), slice(None, None, None)),), 'dataset shape': (40, 11, 1921, 2560), 'dataset chunks': (7, 1, 385, 512), 'indexing time (s)': 1.1920928955078125e-06, 'chunk number': 1650, 'reduction time (s)': 3.1112539768218994, 'chunks processed': 15, 'storage read (B)': 29701892, 'selection 2 time (s)': 3.11336612701416}
{'args': ((12, 0, slice(0, 960, None), slice(None, None, None)),), 'dataset shape': (40, 11, 1921, 2560), 'dataset chunks': (7, 1, 385, 512), 'indexing time (s)': 2.1457672119140625e-06, 'chunk number': 1650, 'reduction time (s)': 3.3885560035705566, 'chunks processed': 15, 'storage read (B)': 29701892, 'selection 2 time (s)': 3.3905210494995117}
{'args': ((13, 0, slice(0, 960, None), slice(None, None, None)),), 'dataset shape': (40, 11, 1921, 2560), 'dataset chunks': (7, 1, 385, 512), 'indexing time (s)': 9.5367431640625e-07, 'chunk number': 1650, 'reduction time (s)': 4.2777099609375, 'chunks processed': 15, 'storage read (B)': 29701892, 'selection 2 time (s)': 4.278707981109619}
{'args': ((14, 0, slice(0, 960, None), slice(None, None, None)),), 'dataset shape': (40, 11, 1921, 2560), 'dataset chunks': (7, 1, 385, 512), 'indexing time (s)': 9.5367431640625e-07, 'chunk number': 1650, 'reduction time (s)': 3.227203130722046, 'chunks processed': 15, 'storage read (B)': 29733505, 'selection 2 time (s)': 3.2295901775360107}
{'args': ((15, 0, slice(0, 960, None), slice(None, None, None)),), 'dataset shape': (40, 11, 1921, 2560), 'dataset chunks': (7, 1, 385, 512), 'indexing time (s)': 2.1457672119140625e-06, 'chunk number': 1650, 'reduction time (s)': 3.3071401119232178, 'chunks processed': 15, 'storage read (B)': 29733505, 'selection 2 time (s)': 3.311674118041992}
{'args': ((16, 0, slice(0, 960, None), slice(None, None, None)),), 'dataset shape': (40, 11, 1921, 2560), 'dataset chunks': (7, 1, 385, 512), 'indexing time (s)': 1.6689300537109375e-06, 'chunk number': 1650, 'reduction time (s)': 3.109387159347534, 'chunks processed': 15, 'storage read (B)': 29733505, 'selection 2 time (s)': 3.1126291751861572}
{'args': ((17, 0, slice(0, 960, None), slice(None, None, None)),), 'dataset shape': (40, 11, 1921, 2560), 'dataset chunks': (7, 1, 385, 512), 'indexing time (s)': 1.9073486328125e-06, 'chunk number': 1650, 'reduction time (s)': 3.293195962905884, 'chunks processed': 15, 'storage read (B)': 29733505, 'selection 2 time (s)': 3.295665979385376}
{'args': ((18, 0, slice(0, 960, None), slice(None, None, None)),), 'dataset shape': (40, 11, 1921, 2560), 'dataset chunks': (7, 1, 385, 512), 'indexing time (s)': 9.5367431640625e-07, 'chunk number': 1650, 'reduction time (s)': 3.386413812637329, 'chunks processed': 15, 'storage read (B)': 29733505, 'selection 2 time (s)': 3.388849973678589}
{'args': ((19, 0, slice(0, 960, None), slice(None, None, None)),), 'dataset shape': (40, 11, 1921, 2560), 'dataset chunks': (7, 1, 385, 512), 'indexing time (s)': 1.9073486328125e-06, 'chunk number': 1650, 'reduction time (s)': 3.1033880710601807, 'chunks processed': 15, 'storage read (B)': 29733505, 'selection 2 time (s)': 3.106132984161377}
{'args': ((20, 0, slice(0, 960, None), slice(None, None, None)),), 'dataset shape': (40, 11, 1921, 2560), 'dataset chunks': (7, 1, 385, 512), 'indexing time (s)': 2.1457672119140625e-06, 'chunk number': 1650, 'reduction time (s)': 3.422532796859741, 'chunks processed': 15, 'storage read (B)': 29733505, 'selection 2 time (s)': 3.4253969192504883}
{'args': ((21, 0, slice(0, 960, None), slice(None, None, None)),), 'dataset shape': (40, 11, 1921, 2560), 'dataset chunks': (7, 1, 385, 512), 'indexing time (s)': 1.9073486328125e-06, 'chunk number': 1650, 'reduction time (s)': 3.2983429431915283, 'chunks processed': 15, 'storage read (B)': 29686785, 'selection 2 time (s)': 3.301060199737549}
{'args': ((22, 0, slice(0, 960, None), slice(None, None, None)),), 'dataset shape': (40, 11, 1921, 2560), 'dataset chunks': (7, 1, 385, 512), 'indexing time (s)': 1.1920928955078125e-06, 'chunk number': 1650, 'reduction time (s)': 3.5579819679260254, 'chunks processed': 15, 'storage read (B)': 29686785, 'selection 2 time (s)': 3.5606279373168945}
{'args': ((23, 0, slice(0, 960, None), slice(None, None, None)),), 'dataset shape': (40, 11, 1921, 2560), 'dataset chunks': (7, 1, 385, 512), 'indexing time (s)': 2.1457672119140625e-06, 'chunk number': 1650, 'reduction time (s)': 3.9390439987182617, 'chunks processed': 15, 'storage read (B)': 29686785, 'selection 2 time (s)': 3.941850185394287}
{'args': ((24, 0, slice(0, 960, None), slice(None, None, None)),), 'dataset shape': (40, 11, 1921, 2560), 'dataset chunks': (7, 1, 385, 512), 'indexing time (s)': 9.5367431640625e-07, 'chunk number': 1650, 'reduction time (s)': 3.2272560596466064, 'chunks processed': 15, 'storage read (B)': 29686785, 'selection 2 time (s)': 3.228688955307007}
{'args': ((25, 0, slice(0, 960, None), slice(None, None, None)),), 'dataset shape': (40, 11, 1921, 2560), 'dataset chunks': (7, 1, 385, 512), 'indexing time (s)': 1.1920928955078125e-06, 'chunk number': 1650, 'reduction time (s)': 3.3763809204101562, 'chunks processed': 15, 'storage read (B)': 29686785, 'selection 2 time (s)': 3.3789870738983154}
{'args': ((26, 0, slice(0, 960, None), slice(None, None, None)),), 'dataset shape': (40, 11, 1921, 2560), 'dataset chunks': (7, 1, 385, 512), 'indexing time (s)': 9.5367431640625e-07, 'chunk number': 1650, 'reduction time (s)': 4.377497911453247, 'chunks processed': 15, 'storage read (B)': 29686785, 'selection 2 time (s)': 4.380608081817627}
{'args': ((27, 0, slice(0, 960, None), slice(None, None, None)),), 'dataset shape': (40, 11, 1921, 2560), 'dataset chunks': (7, 1, 385, 512), 'indexing time (s)': 2.1457672119140625e-06, 'chunk number': 1650, 'reduction time (s)': 3.6719632148742676, 'chunks processed': 15, 'storage read (B)': 29686785, 'selection 2 time (s)': 3.674389123916626}
{'args': ((28, 0, slice(0, 960, None), slice(None, None, None)),), 'dataset shape': (40, 11, 1921, 2560), 'dataset chunks': (7, 1, 385, 512), 'indexing time (s)': 9.5367431640625e-07, 'chunk number': 1650, 'reduction time (s)': 3.229365825653076, 'chunks processed': 15, 'storage read (B)': 29670387, 'selection 2 time (s)': 3.2315869331359863}
{'args': ((29, 0, slice(0, 960, None), slice(None, None, None)),), 'dataset shape': (40, 11, 1921, 2560), 'dataset chunks': (7, 1, 385, 512), 'indexing time (s)': 9.5367431640625e-07, 'chunk number': 1650, 'reduction time (s)': 3.0581700801849365, 'chunks processed': 15, 'storage read (B)': 29670387, 'selection 2 time (s)': 3.0604488849639893}
{'args': ((30, 0, slice(0, 960, None), slice(None, None, None)),), 'dataset shape': (40, 11, 1921, 2560), 'dataset chunks': (7, 1, 385, 512), 'indexing time (s)': 7.152557373046875e-07, 'chunk number': 1650, 'reduction time (s)': 3.3682541847229004, 'chunks processed': 15, 'storage read (B)': 29670387, 'selection 2 time (s)': 3.369536876678467}
{'args': ((31, 0, slice(0, 960, None), slice(None, None, None)),), 'dataset shape': (40, 11, 1921, 2560), 'dataset chunks': (7, 1, 385, 512), 'indexing time (s)': 9.5367431640625e-07, 'chunk number': 1650, 'reduction time (s)': 2.9958548545837402, 'chunks processed': 15, 'storage read (B)': 29670387, 'selection 2 time (s)': 2.997814655303955}
{'args': ((32, 0, slice(0, 960, None), slice(None, None, None)),), 'dataset shape': (40, 11, 1921, 2560), 'dataset chunks': (7, 1, 385, 512), 'indexing time (s)': 1.1920928955078125e-06, 'chunk number': 1650, 'reduction time (s)': 3.3358027935028076, 'chunks processed': 15, 'storage read (B)': 29670387, 'selection 2 time (s)': 3.339494228363037}
{'args': ((33, 0, slice(0, 960, None), slice(None, None, None)),), 'dataset shape': (40, 11, 1921, 2560), 'dataset chunks': (7, 1, 385, 512), 'indexing time (s)': 1.9073486328125e-06, 'chunk number': 1650, 'reduction time (s)': 3.5636370182037354, 'chunks processed': 15, 'storage read (B)': 29670387, 'selection 2 time (s)': 3.5657191276550293}
{'args': ((34, 0, slice(0, 960, None), slice(None, None, None)),), 'dataset shape': (40, 11, 1921, 2560), 'dataset chunks': (7, 1, 385, 512), 'indexing time (s)': 1.1920928955078125e-06, 'chunk number': 1650, 'reduction time (s)': 3.113008737564087, 'chunks processed': 15, 'storage read (B)': 29670387, 'selection 2 time (s)': 3.1156868934631348}
{'args': ((35, 0, slice(0, 960, None), slice(None, None, None)),), 'dataset shape': (40, 11, 1921, 2560), 'dataset chunks': (7, 1, 385, 512), 'indexing time (s)': 2.1457672119140625e-06, 'chunk number': 1650, 'reduction time (s)': 3.1885359287261963, 'chunks processed': 15, 'storage read (B)': 21287473, 'selection 2 time (s)': 3.1908481121063232}
{'args': ((36, 0, slice(0, 960, None), slice(None, None, None)),), 'dataset shape': (40, 11, 1921, 2560), 'dataset chunks': (7, 1, 385, 512), 'indexing time (s)': 9.5367431640625e-07, 'chunk number': 1650, 'reduction time (s)': 3.1967551708221436, 'chunks processed': 15, 'storage read (B)': 21287473, 'selection 2 time (s)': 3.198920965194702}
{'args': ((37, 0, slice(0, 960, None), slice(None, None, None)),), 'dataset shape': (40, 11, 1921, 2560), 'dataset chunks': (7, 1, 385, 512), 'indexing time (s)': 9.5367431640625e-07, 'chunk number': 1650, 'reduction time (s)': 4.326853036880493, 'chunks processed': 15, 'storage read (B)': 21287473, 'selection 2 time (s)': 4.329371929168701}
{'args': ((38, 0, slice(0, 960, None), slice(None, None, None)),), 'dataset shape': (40, 11, 1921, 2560), 'dataset chunks': (7, 1, 385, 512), 'indexing time (s)': 1.9073486328125e-06, 'chunk number': 1650, 'reduction time (s)': 3.382528066635132, 'chunks processed': 15, 'storage read (B)': 21287473, 'selection 2 time (s)': 3.3852179050445557}
{'args': ((39, 0, slice(0, 960, None), slice(None, None, None)),), 'dataset shape': (40, 11, 1921, 2560), 'dataset chunks': (7, 1, 385, 512), 'indexing time (s)': 2.1457672119140625e-06, 'chunk number': 1650, 'reduction time (s)': 4.416210889816284, 'chunks processed': 15, 'storage read (B)': 21287473, 'selection 2 time (s)': 4.418657064437866}
[[226.07820312]
 [226.0646875 ]
 [225.93776042]
 [225.90820312]
 [225.91739583]
 [225.88460937]
 [225.82080729]
 [225.85434896]
 [225.9834375 ]
 [226.03822917]
 [226.01317708]
 [226.02333333]
 [226.03765625]
 [226.00486979]
 [225.91778646]
 [225.9403125 ]
 [225.98729167]
 [225.91450521]
 [225.81239583]
 [225.81890625]
 [225.8453125 ]
 [225.785     ]
 [225.63648438]
 [225.5565625 ]
 [225.45744792]
 [225.32382813]
 [225.16335937]
 [225.07786458]
 [225.07846354]
 [225.10669271]
 [225.17606771]
 [225.36867187]
 [225.57927083]
 [225.69083333]
 [225.7221875 ]
 [225.82367188]
 [225.93640625]
 [225.96760417]
 [225.91875   ]
 [225.92236979]]
Summary:  uni:Active (T1,BS1): 3.66s,138.7s,152.0s
